++ basename ./libgcrypt.funpkg .funpkg
+ PN=libgcrypt
+ PR=1
+ . ./config.ffp
++ GNU_HOST=
++ GNU_TARGET=
++ FFP_CFLAGS='-I/ffp/include -O2'
++ FFP_LDFLAGS='-L/ffp/lib -Wl,-rpath,/ffp/lib'
++ '[' '!' -d '' ']'
++ TMPDIR=/tmp
++ export TMPDIR
++ mandir=/ffp/share/man
++ infodir=/ffp/share/info
++ docdir=/ffp/share/doc
++ pwd
+ X=/ffp/home/root/src/libgcrypt
++ mktemp -t -d libgcrypt.XXXXXX
+ W=/tmp/libgcrypt.0A4Uc2
+ D=/tmp/libgcrypt.0A4Uc2/pkg
+ cd /tmp/libgcrypt.0A4Uc2
+ cat /ffp/home/root/src/libgcrypt/SRC_URI
+ xargs wget
--2012-03-14 11:27:53--  ftp://ftp.gnupg.org/gcrypt/libgcrypt/libgcrypt-1.5.0.tar.bz2
           => `libgcrypt-1.5.0.tar.bz2'
Resolving ftp.gnupg.org... 217.69.76.55
Connecting to ftp.gnupg.org|217.69.76.55|:21... connected.
Logging in as anonymous ... Logged in!
==> SYST ... done.    ==> PWD ... done.
==> TYPE I ... done.  ==> CWD (1) /gcrypt/libgcrypt ... done.
==> SIZE libgcrypt-1.5.0.tar.bz2 ... 1433506
==> PASV ... done.    ==> RETR libgcrypt-1.5.0.tar.bz2 ... done.

     0K .......... .......... .......... .......... ..........  272K
    50K .......... .......... .......... .......... ..........  897K
   100K .......... .......... .......... .......... .......... 1.05M
   150K .......... .......... .......... .......... .......... 1.06M
   200K .......... .......... .......... .......... .......... 1.81M
   250K .......... .......... .......... .......... ..........  742K
   300K .......... .......... .......... .......... .......... 18.1M
   350K .......... .......... .......... .......... .......... 1.00M
   400K .......... .......... .......... .......... ..........  971K
   450K .......... .......... .......... .......... .......... 1.69M
   500K .......... .......... .......... .......... .......... 1013K
   550K .......... .......... .......... .......... .......... 1009K
   600K .......... .......... .......... .......... .......... 1006K
   650K .......... .......... .......... .......... ..........  936K
   700K .......... .......... .......... .......... .......... 1.18M
   750K .......... .......... .......... .......... .......... 1.04M
   800K .......... .......... .......... .......... .......... 1.02M
   850K .......... .......... .......... .......... .......... 1.05M
   900K .......... .......... .......... .......... .......... 1.06M
   950K .......... .......... .......... .......... .......... 1.34M
  1000K .......... .......... .......... .......... .......... 1.28M
  1050K .......... .......... .......... .......... .......... 1.09M
  1100K .......... .......... .......... .......... .......... 1.08M
  1150K .......... .......... .......... .......... .......... 1.14M
  1200K .......... .......... .......... .......... .......... 1.46M
  1250K .......... .......... .......... .......... .......... 1.04M
  1300K .......... .......... .......... .......... .......... 1.12M
  1350K .......... .......... .......... .......... .........  1.79M=1.3s

2012-03-14 11:27:55 (1.01 MB/s) - `libgcrypt-1.5.0.tar.bz2' saved [1433506]

++ ls libgcrypt-1.5.0.tar.bz2
++ egrep -o '[0-9][0-9.]*[0-9]'
+ PV=1.5.0
+ tar xf libgcrypt-1.5.0.tar.bz2
+ cd libgcrypt-1.5.0 libgcrypt-1.5.0.tar.bz2
+ LDFLAGS='-L/ffp/lib -Wl,-rpath,/ffp/lib'
+ ./configure --prefix=/ffp --build= --host= --mandir=/ffp/share/man --infodir=/ffp/share/info
checking for a BSD-compatible install... /ffp/bin/install -c
checking whether build environment is sane... yes
checking for a thread-safe mkdir -p... /ffp/bin/mkdir -p
checking for gawk... gawk
checking whether make sets $(MAKE)... yes
checking build system type... armv5tejl-unknown-linux-gnueabi
checking host system type... armv5tejl-unknown-linux-gnueabi
checking whether to enable maintainer-specific portions of Makefiles... no
checking whether make sets $(MAKE)... (cached) yes
checking for gcc... gcc
checking for C compiler default output file name... a.out
checking whether the C compiler works... yes
checking whether we are cross compiling... no
checking for suffix of executables... 
checking for suffix of object files... o
checking whether we are using the GNU C compiler... yes
checking whether gcc accepts -g... yes
checking for gcc option to accept ISO C89... none needed
checking for style of include used by make... GNU
checking dependency style of gcc... gcc3
checking how to run the C preprocessor... gcc -E
checking whether gcc and cc understand -c and -o together... yes
checking dependency style of gcc... gcc3
checking for library containing strerror... none required
checking for gawk... (cached) gawk
checking for grep that handles long lines and -e... /ffp/bin/grep
checking for egrep... /ffp/bin/grep -E
checking for ANSI C header files... yes
checking for sys/types.h... yes
checking for sys/stat.h... yes
checking for stdlib.h... yes
checking for string.h... yes
checking for memory.h... yes
checking for strings.h... yes
checking for inttypes.h... yes
checking for stdint.h... yes
checking for unistd.h... yes
checking minix/config.h usability... no
checking minix/config.h presence... no
checking for minix/config.h... no
checking whether it is safe to define __EXTENSIONS__... yes
checking for a sed that does not truncate output... /ffp/bin/sed
checking for fgrep... /ffp/bin/grep -F
checking for ld used by gcc... /ffp/bin/ld
checking if the linker (/ffp/bin/ld) is GNU ld... yes
checking for BSD- or MS-compatible name lister (nm)... /ffp/bin/nm -B
checking the name lister (/ffp/bin/nm -B) interface... BSD nm
checking whether ln -s works... yes
checking the maximum length of command line arguments... 1572864
checking whether the shell understands some XSI constructs... yes
checking whether the shell understands "+="... yes
checking for /ffp/bin/ld option to reload object files... -r
checking for objdump... objdump
checking how to recognize dependent libraries... pass_all
checking for ar... ar
checking for strip... strip
checking for ranlib... ranlib
checking command to parse /ffp/bin/nm -B output from gcc object... ok
checking for dlfcn.h... yes
checking for objdir... .libs
checking if gcc supports -fno-rtti -fno-exceptions... no
checking for gcc option to produce PIC... -fPIC -DPIC
checking if gcc PIC flag -fPIC -DPIC works... yes
checking if gcc static flag -static works... yes
checking if gcc supports -c -o file.o... yes
checking if gcc supports -c -o file.o... (cached) yes
checking whether the gcc linker (/ffp/bin/ld) supports shared libraries... yes
checking whether -lc should be explicitly linked in... no
checking dynamic linker characteristics... GNU/Linux ld.so
checking how to hardcode library paths into programs... immediate
checking whether stripping libraries is possible... yes
checking if libtool supports shared libraries... yes
checking whether to build shared libraries... yes
checking whether to build static libraries... no
checking for windres... no
checking whether byte ordering is bigendian... no
checking size of unsigned short... 2
checking size of unsigned int... 4
checking size of unsigned long... 4
checking size of unsigned long long... 8
checking for uintptr_t... yes
checking which symmetric ciphers to include... arcfour blowfish cast5 des aes twofish serpent rfc2268 seed camellia
checking which public-key ciphers to include... dsa elgamal rsa ecc
checking which message digests to include... crc md4 md5 rmd160 sha1 sha256 sha512 tiger whirlpool
checking which random module to use... default
checking whether use of /dev/random is requested... yes
checking whether the experimental random daemon is requested... no
checking whether MPI assembler modules are requested... yes
checking whether memory guard is requested... no
checking whether use of capabilities is requested... no
checking whether a HMAC binary check is requested... no
checking whether padlock support is requested... yes
checking whether AESNI support is requested... yes
checking whether a -O flag munging is requested... yes
checking for gpg-error-config... /ffp/bin/gpg-error-config
checking for GPG Error - version >= 1.8... yes (1.10)
checking for library containing setsockopt... none required
checking for library containing setsockopt... (cached) none required
checking for ANSI C header files... (cached) yes
checking for unistd.h... (cached) yes
checking sys/select.h usability... yes
checking sys/select.h presence... yes
checking for sys/select.h... yes
checking sys/msg.h usability... yes
checking sys/msg.h presence... yes
checking for sys/msg.h... yes
checking for an ANSI C-conforming const... yes
checking for inline... inline
checking for size_t... yes
checking return type of signal handlers... void
checking whether sys_siglist is declared... no
checking for pid_t... yes
checking for byte typedef... no
checking for ushort typedef... yes
checking for ulong typedef... yes
checking for u16 typedef... no
checking for u32 typedef... no
checking sys/socket.h usability... yes
checking sys/socket.h presence... yes
checking for sys/socket.h... yes
checking for socklen_t... yes
checking whether the visibility attribute is supported... yes
checking for broken visibility attribute... no
checking for broken alias attribute... no
checking if gcc supports -fvisibility=hidden... yes
checking for vprintf... yes
checking for _doprnt... no
checking for stpcpy... yes
checking for strcasecmp... yes
checking for strtoul... yes
checking for memmove... yes
checking for stricmp... no
checking for atexit... yes
checking for raise... yes
checking for strerror... yes
checking for rand... yes
checking for mmap... yes
checking for getpagesize... yes
checking for sysconf... yes
checking for waitpid... yes
checking for wait4... yes
checking for gettimeofday... yes
checking for getrusage... yes
checking for gethrtime... no
checking for clock_gettime... yes
checking for syslog... yes
checking for fcntl... yes
checking for ftruncate... yes
checking for mlock... yes
checking for sysconf... (cached) yes
checking for getpagesize... (cached) yes
checking whether mlock is broken... no
checking for getpid... yes
checking for clock... yes
checking for random device... yes
checking for _ prefix in compiled symbols... no
checking for mpi assembler functions... done
checking whether non excutable stack support is requested... yes
checking whether assembler supports --noexecstack option... yes
configure: creating ./config.status
config.status: creating Makefile
config.status: creating m4/Makefile
config.status: creating compat/Makefile
config.status: creating mpi/Makefile
config.status: creating cipher/Makefile
config.status: creating random/Makefile
config.status: creating doc/Makefile
config.status: creating src/Makefile
config.status: creating src/gcrypt.h
config.status: creating src/libgcrypt-config
config.status: creating src/versioninfo.rc
config.status: creating tests/Makefile
config.status: creating config.h
config.status: linking mpi/generic/mpih-add1.c to mpi/mpih-add1.c
config.status: linking mpi/generic/mpih-sub1.c to mpi/mpih-sub1.c
config.status: linking mpi/generic/mpih-mul1.c to mpi/mpih-mul1.c
config.status: linking mpi/generic/mpih-mul2.c to mpi/mpih-mul2.c
config.status: linking mpi/generic/mpih-mul3.c to mpi/mpih-mul3.c
config.status: linking mpi/generic/mpih-lshift.c to mpi/mpih-lshift.c
config.status: linking mpi/generic/mpih-rshift.c to mpi/mpih-rshift.c
config.status: linking mpi/generic/mpi-asm-defs.h to mpi/mpi-asm-defs.h
config.status: executing depfiles commands
config.status: executing libtool commands
config.status: executing gcrypt-conf commands

        Libgcrypt v1.5.0 has been configured as follows:

        Platform:                  GNU/Linux (armv5tejl-unknown-linux-gnueabi)
        Enabled cipher algorithms: arcfour blowfish cast5 des aes twofish serpent rfc2268 seed camellia
        Enabled digest algorithms: crc md4 md5 rmd160 sha1 sha256 sha512 tiger whirlpool
        Enabled pubkey algorithms: dsa elgamal rsa ecc
        Random number generator:   default
        Using linux capabilities:  no
        Try using Padlock crypto:  yes
        Try using AES-NI crypto:   yes

+ make
make  all-recursive
make[1]: Entering directory `/tmp/libgcrypt.0A4Uc2/libgcrypt-1.5.0'
Making all in compat
make[2]: Entering directory `/tmp/libgcrypt.0A4Uc2/libgcrypt-1.5.0/compat'
/ffp/bin/sh ../libtool --tag=CC   --mode=compile gcc -DHAVE_CONFIG_H -I. -I..  -I../src -I../src -I/ffp/include   -g -O2 -fvisibility=hidden -Wall -MT compat.lo -MD -MP -MF .deps/compat.Tpo -c -o compat.lo compat.c
libtool: compile:  gcc -DHAVE_CONFIG_H -I. -I.. -I../src -I../src -I/ffp/include -g -O2 -fvisibility=hidden -Wall -MT compat.lo -MD -MP -MF .deps/compat.Tpo -c compat.c  -fPIC -DPIC -o .libs/compat.o
mv -f .deps/compat.Tpo .deps/compat.Plo
/ffp/bin/sh ../libtool --tag=CC   --mode=link gcc  -g -O2 -fvisibility=hidden -Wall  -L/ffp/lib -Wl,-rpath,/ffp/lib -o libcompat.la  compat.lo  
libtool: link: ar cru .libs/libcompat.a .libs/compat.o 
libtool: link: ranlib .libs/libcompat.a
libtool: link: ( cd ".libs" && rm -f "libcompat.la" && ln -s "../libcompat.la" "libcompat.la" )
make[2]: Leaving directory `/tmp/libgcrypt.0A4Uc2/libgcrypt-1.5.0/compat'
Making all in mpi
make[2]: Entering directory `/tmp/libgcrypt.0A4Uc2/libgcrypt-1.5.0/mpi'
/ffp/bin/sh ../libtool --tag=CC   --mode=compile gcc -DHAVE_CONFIG_H -I. -I..  -I../src -I../src  -I/ffp/include -g -O2 -fvisibility=hidden -Wall -MT mpi-add.lo -MD -MP -MF .deps/mpi-add.Tpo -c -o mpi-add.lo mpi-add.c
libtool: compile:  gcc -DHAVE_CONFIG_H -I. -I.. -I../src -I../src -I/ffp/include -g -O2 -fvisibility=hidden -Wall -MT mpi-add.lo -MD -MP -MF .deps/mpi-add.Tpo -c mpi-add.c  -fPIC -DPIC -o .libs/mpi-add.o
mv -f .deps/mpi-add.Tpo .deps/mpi-add.Plo
/ffp/bin/sh ../libtool --tag=CC   --mode=compile gcc -DHAVE_CONFIG_H -I. -I..  -I../src -I../src  -I/ffp/include -g -O2 -fvisibility=hidden -Wall -MT mpi-bit.lo -MD -MP -MF .deps/mpi-bit.Tpo -c -o mpi-bit.lo mpi-bit.c
libtool: compile:  gcc -DHAVE_CONFIG_H -I. -I.. -I../src -I../src -I/ffp/include -g -O2 -fvisibility=hidden -Wall -MT mpi-bit.lo -MD -MP -MF .deps/mpi-bit.Tpo -c mpi-bit.c  -fPIC -DPIC -o .libs/mpi-bit.o
mv -f .deps/mpi-bit.Tpo .deps/mpi-bit.Plo
/ffp/bin/sh ../libtool --tag=CC   --mode=compile gcc -DHAVE_CONFIG_H -I. -I..  -I../src -I../src  -I/ffp/include -g -O2 -fvisibility=hidden -Wall -MT mpi-cmp.lo -MD -MP -MF .deps/mpi-cmp.Tpo -c -o mpi-cmp.lo mpi-cmp.c
libtool: compile:  gcc -DHAVE_CONFIG_H -I. -I.. -I../src -I../src -I/ffp/include -g -O2 -fvisibility=hidden -Wall -MT mpi-cmp.lo -MD -MP -MF .deps/mpi-cmp.Tpo -c mpi-cmp.c  -fPIC -DPIC -o .libs/mpi-cmp.o
mv -f .deps/mpi-cmp.Tpo .deps/mpi-cmp.Plo
/ffp/bin/sh ../libtool --tag=CC   --mode=compile gcc -DHAVE_CONFIG_H -I. -I..  -I../src -I../src  -I/ffp/include -g -O2 -fvisibility=hidden -Wall -MT mpi-div.lo -MD -MP -MF .deps/mpi-div.Tpo -c -o mpi-div.lo mpi-div.c
libtool: compile:  gcc -DHAVE_CONFIG_H -I. -I.. -I../src -I../src -I/ffp/include -g -O2 -fvisibility=hidden -Wall -MT mpi-div.lo -MD -MP -MF .deps/mpi-div.Tpo -c mpi-div.c  -fPIC -DPIC -o .libs/mpi-div.o
mv -f .deps/mpi-div.Tpo .deps/mpi-div.Plo
/ffp/bin/sh ../libtool --tag=CC   --mode=compile gcc -DHAVE_CONFIG_H -I. -I..  -I../src -I../src  -I/ffp/include -g -O2 -fvisibility=hidden -Wall -MT mpi-gcd.lo -MD -MP -MF .deps/mpi-gcd.Tpo -c -o mpi-gcd.lo mpi-gcd.c
libtool: compile:  gcc -DHAVE_CONFIG_H -I. -I.. -I../src -I../src -I/ffp/include -g -O2 -fvisibility=hidden -Wall -MT mpi-gcd.lo -MD -MP -MF .deps/mpi-gcd.Tpo -c mpi-gcd.c  -fPIC -DPIC -o .libs/mpi-gcd.o
mv -f .deps/mpi-gcd.Tpo .deps/mpi-gcd.Plo
/ffp/bin/sh ../libtool --tag=CC   --mode=compile gcc -DHAVE_CONFIG_H -I. -I..  -I../src -I../src  -I/ffp/include -g -O2 -fvisibility=hidden -Wall -MT mpi-inline.lo -MD -MP -MF .deps/mpi-inline.Tpo -c -o mpi-inline.lo mpi-inline.c
libtool: compile:  gcc -DHAVE_CONFIG_H -I. -I.. -I../src -I../src -I/ffp/include -g -O2 -fvisibility=hidden -Wall -MT mpi-inline.lo -MD -MP -MF .deps/mpi-inline.Tpo -c mpi-inline.c  -fPIC -DPIC -o .libs/mpi-inline.o
mv -f .deps/mpi-inline.Tpo .deps/mpi-inline.Plo
/ffp/bin/sh ../libtool --tag=CC   --mode=compile gcc -DHAVE_CONFIG_H -I. -I..  -I../src -I../src  -I/ffp/include -g -O2 -fvisibility=hidden -Wall -MT mpi-inv.lo -MD -MP -MF .deps/mpi-inv.Tpo -c -o mpi-inv.lo mpi-inv.c
libtool: compile:  gcc -DHAVE_CONFIG_H -I. -I.. -I../src -I../src -I/ffp/include -g -O2 -fvisibility=hidden -Wall -MT mpi-inv.lo -MD -MP -MF .deps/mpi-inv.Tpo -c mpi-inv.c  -fPIC -DPIC -o .libs/mpi-inv.o
mv -f .deps/mpi-inv.Tpo .deps/mpi-inv.Plo
/ffp/bin/sh ../libtool --tag=CC   --mode=compile gcc -DHAVE_CONFIG_H -I. -I..  -I../src -I../src  -I/ffp/include -g -O2 -fvisibility=hidden -Wall -MT mpi-mul.lo -MD -MP -MF .deps/mpi-mul.Tpo -c -o mpi-mul.lo mpi-mul.c
libtool: compile:  gcc -DHAVE_CONFIG_H -I. -I.. -I../src -I../src -I/ffp/include -g -O2 -fvisibility=hidden -Wall -MT mpi-mul.lo -MD -MP -MF .deps/mpi-mul.Tpo -c mpi-mul.c  -fPIC -DPIC -o .libs/mpi-mul.o
mv -f .deps/mpi-mul.Tpo .deps/mpi-mul.Plo
/ffp/bin/sh ../libtool --tag=CC   --mode=compile gcc -DHAVE_CONFIG_H -I. -I..  -I../src -I../src  -I/ffp/include -g -O2 -fvisibility=hidden -Wall -MT mpi-mod.lo -MD -MP -MF .deps/mpi-mod.Tpo -c -o mpi-mod.lo mpi-mod.c
libtool: compile:  gcc -DHAVE_CONFIG_H -I. -I.. -I../src -I../src -I/ffp/include -g -O2 -fvisibility=hidden -Wall -MT mpi-mod.lo -MD -MP -MF .deps/mpi-mod.Tpo -c mpi-mod.c  -fPIC -DPIC -o .libs/mpi-mod.o
mv -f .deps/mpi-mod.Tpo .deps/mpi-mod.Plo
/ffp/bin/sh ../libtool --tag=CC   --mode=compile gcc -DHAVE_CONFIG_H -I. -I..  -I../src -I../src  -I/ffp/include -g -O2 -fvisibility=hidden -Wall -MT mpi-pow.lo -MD -MP -MF .deps/mpi-pow.Tpo -c -o mpi-pow.lo mpi-pow.c
libtool: compile:  gcc -DHAVE_CONFIG_H -I. -I.. -I../src -I../src -I/ffp/include -g -O2 -fvisibility=hidden -Wall -MT mpi-pow.lo -MD -MP -MF .deps/mpi-pow.Tpo -c mpi-pow.c  -fPIC -DPIC -o .libs/mpi-pow.o
mv -f .deps/mpi-pow.Tpo .deps/mpi-pow.Plo
/ffp/bin/sh ../libtool --tag=CC   --mode=compile gcc -DHAVE_CONFIG_H -I. -I..  -I../src -I../src  -I/ffp/include -g -O2 -fvisibility=hidden -Wall -MT mpi-mpow.lo -MD -MP -MF .deps/mpi-mpow.Tpo -c -o mpi-mpow.lo mpi-mpow.c
libtool: compile:  gcc -DHAVE_CONFIG_H -I. -I.. -I../src -I../src -I/ffp/include -g -O2 -fvisibility=hidden -Wall -MT mpi-mpow.lo -MD -MP -MF .deps/mpi-mpow.Tpo -c mpi-mpow.c  -fPIC -DPIC -o .libs/mpi-mpow.o
mv -f .deps/mpi-mpow.Tpo .deps/mpi-mpow.Plo
/ffp/bin/sh ../libtool --tag=CC   --mode=compile gcc -DHAVE_CONFIG_H -I. -I..  -I../src -I../src  -I/ffp/include -g -O2 -fvisibility=hidden -Wall -MT mpi-scan.lo -MD -MP -MF .deps/mpi-scan.Tpo -c -o mpi-scan.lo mpi-scan.c
libtool: compile:  gcc -DHAVE_CONFIG_H -I. -I.. -I../src -I../src -I/ffp/include -g -O2 -fvisibility=hidden -Wall -MT mpi-scan.lo -MD -MP -MF .deps/mpi-scan.Tpo -c mpi-scan.c  -fPIC -DPIC -o .libs/mpi-scan.o
mv -f .deps/mpi-scan.Tpo .deps/mpi-scan.Plo
/ffp/bin/sh ../libtool --tag=CC   --mode=compile gcc -DHAVE_CONFIG_H -I. -I..  -I../src -I../src  -I/ffp/include -g -O2 -fvisibility=hidden -Wall -MT mpicoder.lo -MD -MP -MF .deps/mpicoder.Tpo -c -o mpicoder.lo mpicoder.c
libtool: compile:  gcc -DHAVE_CONFIG_H -I. -I.. -I../src -I../src -I/ffp/include -g -O2 -fvisibility=hidden -Wall -MT mpicoder.lo -MD -MP -MF .deps/mpicoder.Tpo -c mpicoder.c  -fPIC -DPIC -o .libs/mpicoder.o
mv -f .deps/mpicoder.Tpo .deps/mpicoder.Plo
/ffp/bin/sh ../libtool --tag=CC   --mode=compile gcc -DHAVE_CONFIG_H -I. -I..  -I../src -I../src  -I/ffp/include -g -O2 -fvisibility=hidden -Wall -MT mpih-div.lo -MD -MP -MF .deps/mpih-div.Tpo -c -o mpih-div.lo mpih-div.c
libtool: compile:  gcc -DHAVE_CONFIG_H -I. -I.. -I../src -I../src -I/ffp/include -g -O2 -fvisibility=hidden -Wall -MT mpih-div.lo -MD -MP -MF .deps/mpih-div.Tpo -c mpih-div.c  -fPIC -DPIC -o .libs/mpih-div.o
mpih-div.c: In function '_gcry_mpih_mod_1':
mpih-div.c:51:9: warning: variable 'dummy' set but not used [-Wunused-but-set-variable]
mpih-div.c: In function '_gcry_mpih_divmod_1':
mpih-div.c:400:9: warning: variable 'dummy' set but not used [-Wunused-but-set-variable]
/tmp/cc6Y9Mfe.s: Assembler messages:
/tmp/cc6Y9Mfe.s:209: rdhi, rdlo and rm must all be different
/tmp/cc6Y9Mfe.s:274: rdhi, rdlo and rm must all be different
/tmp/cc6Y9Mfe.s:664: rdhi, rdlo and rm must all be different
mv -f .deps/mpih-div.Tpo .deps/mpih-div.Plo
/ffp/bin/sh ../libtool --tag=CC   --mode=compile gcc -DHAVE_CONFIG_H -I. -I..  -I../src -I../src  -I/ffp/include -g -O2 -fvisibility=hidden -Wall -MT mpih-mul.lo -MD -MP -MF .deps/mpih-mul.Tpo -c -o mpih-mul.lo mpih-mul.c
libtool: compile:  gcc -DHAVE_CONFIG_H -I. -I.. -I../src -I../src -I/ffp/include -g -O2 -fvisibility=hidden -Wall -MT mpih-mul.lo -MD -MP -MF .deps/mpih-mul.Tpo -c mpih-mul.c  -fPIC -DPIC -o .libs/mpih-mul.o
mv -f .deps/mpih-mul.Tpo .deps/mpih-mul.Plo
/ffp/bin/sh ../libtool --tag=CC   --mode=compile gcc -DHAVE_CONFIG_H -I. -I..  -I../src -I../src  -I/ffp/include -g -O2 -fvisibility=hidden -Wall -MT mpiutil.lo -MD -MP -MF .deps/mpiutil.Tpo -c -o mpiutil.lo mpiutil.c
libtool: compile:  gcc -DHAVE_CONFIG_H -I. -I.. -I../src -I../src -I/ffp/include -g -O2 -fvisibility=hidden -Wall -MT mpiutil.lo -MD -MP -MF .deps/mpiutil.Tpo -c mpiutil.c  -fPIC -DPIC -o .libs/mpiutil.o
mv -f .deps/mpiutil.Tpo .deps/mpiutil.Plo
/ffp/bin/sh ../libtool --tag=CC   --mode=compile gcc -DHAVE_CONFIG_H -I. -I..  -I../src -I../src  -I/ffp/include -g -O2 -fvisibility=hidden -Wall -MT ec.lo -MD -MP -MF .deps/ec.Tpo -c -o ec.lo ec.c
libtool: compile:  gcc -DHAVE_CONFIG_H -I. -I.. -I../src -I../src -I/ffp/include -g -O2 -fvisibility=hidden -Wall -MT ec.lo -MD -MP -MF .deps/ec.Tpo -c ec.c  -fPIC -DPIC -o .libs/ec.o
mv -f .deps/ec.Tpo .deps/ec.Plo
/ffp/bin/sh ../libtool --tag=CC   --mode=compile gcc -DHAVE_CONFIG_H -I. -I..  -I../src -I../src  -I/ffp/include -g -O2 -fvisibility=hidden -Wall -MT mpih-add1.lo -MD -MP -MF .deps/mpih-add1.Tpo -c -o mpih-add1.lo mpih-add1.c
libtool: compile:  gcc -DHAVE_CONFIG_H -I. -I.. -I../src -I../src -I/ffp/include -g -O2 -fvisibility=hidden -Wall -MT mpih-add1.lo -MD -MP -MF .deps/mpih-add1.Tpo -c mpih-add1.c  -fPIC -DPIC -o .libs/mpih-add1.o
mv -f .deps/mpih-add1.Tpo .deps/mpih-add1.Plo
/ffp/bin/sh ../libtool --tag=CC   --mode=compile gcc -DHAVE_CONFIG_H -I. -I..  -I../src -I../src  -I/ffp/include -g -O2 -fvisibility=hidden -Wall -MT mpih-sub1.lo -MD -MP -MF .deps/mpih-sub1.Tpo -c -o mpih-sub1.lo mpih-sub1.c
libtool: compile:  gcc -DHAVE_CONFIG_H -I. -I.. -I../src -I../src -I/ffp/include -g -O2 -fvisibility=hidden -Wall -MT mpih-sub1.lo -MD -MP -MF .deps/mpih-sub1.Tpo -c mpih-sub1.c  -fPIC -DPIC -o .libs/mpih-sub1.o
mv -f .deps/mpih-sub1.Tpo .deps/mpih-sub1.Plo
/ffp/bin/sh ../libtool --tag=CC   --mode=compile gcc -DHAVE_CONFIG_H -I. -I..  -I../src -I../src  -I/ffp/include -g -O2 -fvisibility=hidden -Wall -MT mpih-mul1.lo -MD -MP -MF .deps/mpih-mul1.Tpo -c -o mpih-mul1.lo mpih-mul1.c
libtool: compile:  gcc -DHAVE_CONFIG_H -I. -I.. -I../src -I../src -I/ffp/include -g -O2 -fvisibility=hidden -Wall -MT mpih-mul1.lo -MD -MP -MF .deps/mpih-mul1.Tpo -c mpih-mul1.c  -fPIC -DPIC -o .libs/mpih-mul1.o
/tmp/cc4Fl0Hq.s: Assembler messages:
/tmp/cc4Fl0Hq.s:61: rdhi, rdlo and rm must all be different
mv -f .deps/mpih-mul1.Tpo .deps/mpih-mul1.Plo
/ffp/bin/sh ../libtool --tag=CC   --mode=compile gcc -DHAVE_CONFIG_H -I. -I..  -I../src -I../src  -I/ffp/include -g -O2 -fvisibility=hidden -Wall -MT mpih-mul2.lo -MD -MP -MF .deps/mpih-mul2.Tpo -c -o mpih-mul2.lo mpih-mul2.c
libtool: compile:  gcc -DHAVE_CONFIG_H -I. -I.. -I../src -I../src -I/ffp/include -g -O2 -fvisibility=hidden -Wall -MT mpih-mul2.lo -MD -MP -MF .deps/mpih-mul2.Tpo -c mpih-mul2.c  -fPIC -DPIC -o .libs/mpih-mul2.o
/tmp/ccQH6mJn.s: Assembler messages:
/tmp/ccQH6mJn.s:54: rdhi, rdlo and rm must all be different
mv -f .deps/mpih-mul2.Tpo .deps/mpih-mul2.Plo
/ffp/bin/sh ../libtool --tag=CC   --mode=compile gcc -DHAVE_CONFIG_H -I. -I..  -I../src -I../src  -I/ffp/include -g -O2 -fvisibility=hidden -Wall -MT mpih-mul3.lo -MD -MP -MF .deps/mpih-mul3.Tpo -c -o mpih-mul3.lo mpih-mul3.c
libtool: compile:  gcc -DHAVE_CONFIG_H -I. -I.. -I../src -I../src -I/ffp/include -g -O2 -fvisibility=hidden -Wall -MT mpih-mul3.lo -MD -MP -MF .deps/mpih-mul3.Tpo -c mpih-mul3.c  -fPIC -DPIC -o .libs/mpih-mul3.o
/tmp/ccwK0NVh.s: Assembler messages:
/tmp/ccwK0NVh.s:54: rdhi, rdlo and rm must all be different
mv -f .deps/mpih-mul3.Tpo .deps/mpih-mul3.Plo
/ffp/bin/sh ../libtool --tag=CC   --mode=compile gcc -DHAVE_CONFIG_H -I. -I..  -I../src -I../src  -I/ffp/include -g -O2 -fvisibility=hidden -Wall -MT mpih-lshift.lo -MD -MP -MF .deps/mpih-lshift.Tpo -c -o mpih-lshift.lo mpih-lshift.c
libtool: compile:  gcc -DHAVE_CONFIG_H -I. -I.. -I../src -I../src -I/ffp/include -g -O2 -fvisibility=hidden -Wall -MT mpih-lshift.lo -MD -MP -MF .deps/mpih-lshift.Tpo -c mpih-lshift.c  -fPIC -DPIC -o .libs/mpih-lshift.o
mv -f .deps/mpih-lshift.Tpo .deps/mpih-lshift.Plo
/ffp/bin/sh ../libtool --tag=CC   --mode=compile gcc -DHAVE_CONFIG_H -I. -I..  -I../src -I../src  -I/ffp/include -g -O2 -fvisibility=hidden -Wall -MT mpih-rshift.lo -MD -MP -MF .deps/mpih-rshift.Tpo -c -o mpih-rshift.lo mpih-rshift.c
libtool: compile:  gcc -DHAVE_CONFIG_H -I. -I.. -I../src -I../src -I/ffp/include -g -O2 -fvisibility=hidden -Wall -MT mpih-rshift.lo -MD -MP -MF .deps/mpih-rshift.Tpo -c mpih-rshift.c  -fPIC -DPIC -o .libs/mpih-rshift.o
mv -f .deps/mpih-rshift.Tpo .deps/mpih-rshift.Plo
/ffp/bin/sh ../libtool --tag=CC   --mode=link gcc -I/ffp/include -g -O2 -fvisibility=hidden -Wall  -L/ffp/lib -Wl,-rpath,/ffp/lib -o libmpi.la  mpi-add.lo mpi-bit.lo mpi-cmp.lo mpi-div.lo mpi-gcd.lo mpi-inline.lo mpi-inv.lo mpi-mul.lo mpi-mod.lo mpi-pow.lo mpi-mpow.lo mpi-scan.lo mpicoder.lo mpih-div.lo mpih-mul.lo mpiutil.lo ec.lo mpih-add1.lo mpih-sub1.lo mpih-mul1.lo mpih-mul2.lo mpih-mul3.lo mpih-lshift.lo mpih-rshift.lo    
libtool: link: ar cru .libs/libmpi.a .libs/mpi-add.o .libs/mpi-bit.o .libs/mpi-cmp.o .libs/mpi-div.o .libs/mpi-gcd.o .libs/mpi-inline.o .libs/mpi-inv.o .libs/mpi-mul.o .libs/mpi-mod.o .libs/mpi-pow.o .libs/mpi-mpow.o .libs/mpi-scan.o .libs/mpicoder.o .libs/mpih-div.o .libs/mpih-mul.o .libs/mpiutil.o .libs/ec.o .libs/mpih-add1.o .libs/mpih-sub1.o .libs/mpih-mul1.o .libs/mpih-mul2.o .libs/mpih-mul3.o .libs/mpih-lshift.o .libs/mpih-rshift.o 
libtool: link: ranlib .libs/libmpi.a
libtool: link: ( cd ".libs" && rm -f "libmpi.la" && ln -s "../libmpi.la" "libmpi.la" )
make[2]: Leaving directory `/tmp/libgcrypt.0A4Uc2/libgcrypt-1.5.0/mpi'
Making all in cipher
make[2]: Entering directory `/tmp/libgcrypt.0A4Uc2/libgcrypt-1.5.0/cipher'
/ffp/bin/sh ../libtool --tag=CC   --mode=compile gcc -DHAVE_CONFIG_H -I. -I..  -I../src -I../src  -I/ffp/include -g -O2 -fvisibility=hidden -Wall -MT cipher.lo -MD -MP -MF .deps/cipher.Tpo -c -o cipher.lo cipher.c
libtool: compile:  gcc -DHAVE_CONFIG_H -I. -I.. -I../src -I../src -I/ffp/include -g -O2 -fvisibility=hidden -Wall -MT cipher.lo -MD -MP -MF .deps/cipher.Tpo -c cipher.c  -fPIC -DPIC -o .libs/cipher.o
mv -f .deps/cipher.Tpo .deps/cipher.Plo
/ffp/bin/sh ../libtool --tag=CC   --mode=compile gcc -DHAVE_CONFIG_H -I. -I..  -I../src -I../src  -I/ffp/include -g -O2 -fvisibility=hidden -Wall -MT pubkey.lo -MD -MP -MF .deps/pubkey.Tpo -c -o pubkey.lo pubkey.c
libtool: compile:  gcc -DHAVE_CONFIG_H -I. -I.. -I../src -I../src -I/ffp/include -g -O2 -fvisibility=hidden -Wall -MT pubkey.lo -MD -MP -MF .deps/pubkey.Tpo -c pubkey.c  -fPIC -DPIC -o .libs/pubkey.o
mv -f .deps/pubkey.Tpo .deps/pubkey.Plo
/ffp/bin/sh ../libtool --tag=CC   --mode=compile gcc -DHAVE_CONFIG_H -I. -I..  -I../src -I../src  -I/ffp/include -g -O2 -fvisibility=hidden -Wall -MT ac.lo -MD -MP -MF .deps/ac.Tpo -c -o ac.lo ac.c
libtool: compile:  gcc -DHAVE_CONFIG_H -I. -I.. -I../src -I../src -I/ffp/include -g -O2 -fvisibility=hidden -Wall -MT ac.lo -MD -MP -MF .deps/ac.Tpo -c ac.c  -fPIC -DPIC -o .libs/ac.o
mv -f .deps/ac.Tpo .deps/ac.Plo
/ffp/bin/sh ../libtool --tag=CC   --mode=compile gcc -DHAVE_CONFIG_H -I. -I..  -I../src -I../src  -I/ffp/include -g -O2 -fvisibility=hidden -Wall -MT md.lo -MD -MP -MF .deps/md.Tpo -c -o md.lo md.c
libtool: compile:  gcc -DHAVE_CONFIG_H -I. -I.. -I../src -I../src -I/ffp/include -g -O2 -fvisibility=hidden -Wall -MT md.lo -MD -MP -MF .deps/md.Tpo -c md.c  -fPIC -DPIC -o .libs/md.o
mv -f .deps/md.Tpo .deps/md.Plo
/ffp/bin/sh ../libtool --tag=CC   --mode=compile gcc -DHAVE_CONFIG_H -I. -I..  -I../src -I../src  -I/ffp/include -g -O2 -fvisibility=hidden -Wall -MT kdf.lo -MD -MP -MF .deps/kdf.Tpo -c -o kdf.lo kdf.c
libtool: compile:  gcc -DHAVE_CONFIG_H -I. -I.. -I../src -I../src -I/ffp/include -g -O2 -fvisibility=hidden -Wall -MT kdf.lo -MD -MP -MF .deps/kdf.Tpo -c kdf.c  -fPIC -DPIC -o .libs/kdf.o
mv -f .deps/kdf.Tpo .deps/kdf.Plo
/ffp/bin/sh ../libtool --tag=CC   --mode=compile gcc -DHAVE_CONFIG_H -I. -I..  -I../src -I../src  -I/ffp/include -g -O2 -fvisibility=hidden -Wall -MT hmac-tests.lo -MD -MP -MF .deps/hmac-tests.Tpo -c -o hmac-tests.lo hmac-tests.c
libtool: compile:  gcc -DHAVE_CONFIG_H -I. -I.. -I../src -I../src -I/ffp/include -g -O2 -fvisibility=hidden -Wall -MT hmac-tests.lo -MD -MP -MF .deps/hmac-tests.Tpo -c hmac-tests.c  -fPIC -DPIC -o .libs/hmac-tests.o
mv -f .deps/hmac-tests.Tpo .deps/hmac-tests.Plo
/ffp/bin/sh ../libtool --tag=CC   --mode=compile gcc -DHAVE_CONFIG_H -I. -I..  -I../src -I../src  -I/ffp/include -g -O2 -fvisibility=hidden -Wall -MT primegen.lo -MD -MP -MF .deps/primegen.Tpo -c -o primegen.lo primegen.c
libtool: compile:  gcc -DHAVE_CONFIG_H -I. -I.. -I../src -I../src -I/ffp/include -g -O2 -fvisibility=hidden -Wall -MT primegen.lo -MD -MP -MF .deps/primegen.Tpo -c primegen.c  -fPIC -DPIC -o .libs/primegen.o
mv -f .deps/primegen.Tpo .deps/primegen.Plo
/ffp/bin/sh ../libtool --tag=CC   --mode=compile gcc -DHAVE_CONFIG_H -I. -I..  -I../src -I../src  -I/ffp/include -g -O2 -fvisibility=hidden -Wall -MT hash-common.lo -MD -MP -MF .deps/hash-common.Tpo -c -o hash-common.lo hash-common.c
libtool: compile:  gcc -DHAVE_CONFIG_H -I. -I.. -I../src -I../src -I/ffp/include -g -O2 -fvisibility=hidden -Wall -MT hash-common.lo -MD -MP -MF .deps/hash-common.Tpo -c hash-common.c  -fPIC -DPIC -o .libs/hash-common.o
mv -f .deps/hash-common.Tpo .deps/hash-common.Plo
/ffp/bin/sh ../libtool --tag=CC   --mode=compile gcc -DHAVE_CONFIG_H -I. -I..  -I../src -I../src  -I/ffp/include -g -O2 -fvisibility=hidden -Wall -MT arcfour.lo -MD -MP -MF .deps/arcfour.Tpo -c -o arcfour.lo arcfour.c
libtool: compile:  gcc -DHAVE_CONFIG_H -I. -I.. -I../src -I../src -I/ffp/include -g -O2 -fvisibility=hidden -Wall -MT arcfour.lo -MD -MP -MF .deps/arcfour.Tpo -c arcfour.c  -fPIC -DPIC -o .libs/arcfour.o
mv -f .deps/arcfour.Tpo .deps/arcfour.Plo
/ffp/bin/sh ../libtool --tag=CC   --mode=compile gcc -DHAVE_CONFIG_H -I. -I..  -I../src -I../src  -I/ffp/include -g -O2 -fvisibility=hidden -Wall -MT blowfish.lo -MD -MP -MF .deps/blowfish.Tpo -c -o blowfish.lo blowfish.c
libtool: compile:  gcc -DHAVE_CONFIG_H -I. -I.. -I../src -I../src -I/ffp/include -g -O2 -fvisibility=hidden -Wall -MT blowfish.lo -MD -MP -MF .deps/blowfish.Tpo -c blowfish.c  -fPIC -DPIC -o .libs/blowfish.o
mv -f .deps/blowfish.Tpo .deps/blowfish.Plo
/ffp/bin/sh ../libtool --tag=CC   --mode=compile gcc -DHAVE_CONFIG_H -I. -I..  -I../src -I../src  -I/ffp/include -g -O2 -fvisibility=hidden -Wall -MT cast5.lo -MD -MP -MF .deps/cast5.Tpo -c -o cast5.lo cast5.c
libtool: compile:  gcc -DHAVE_CONFIG_H -I. -I.. -I../src -I../src -I/ffp/include -g -O2 -fvisibility=hidden -Wall -MT cast5.lo -MD -MP -MF .deps/cast5.Tpo -c cast5.c  -fPIC -DPIC -o .libs/cast5.o
mv -f .deps/cast5.Tpo .deps/cast5.Plo
/ffp/bin/sh ../libtool --tag=CC   --mode=compile gcc -DHAVE_CONFIG_H -I. -I..  -I../src -I../src  -I/ffp/include -g -O2 -fvisibility=hidden -Wall -MT des.lo -MD -MP -MF .deps/des.Tpo -c -o des.lo des.c
libtool: compile:  gcc -DHAVE_CONFIG_H -I. -I.. -I../src -I../src -I/ffp/include -g -O2 -fvisibility=hidden -Wall -MT des.lo -MD -MP -MF .deps/des.Tpo -c des.c  -fPIC -DPIC -o .libs/des.o
mv -f .deps/des.Tpo .deps/des.Plo
/ffp/bin/sh ../libtool --tag=CC   --mode=compile gcc -DHAVE_CONFIG_H -I. -I..  -I../src -I../src  -I/ffp/include -g -O2 -fvisibility=hidden -Wall -MT rijndael.lo -MD -MP -MF .deps/rijndael.Tpo -c -o rijndael.lo rijndael.c
libtool: compile:  gcc -DHAVE_CONFIG_H -I. -I.. -I../src -I../src -I/ffp/include -g -O2 -fvisibility=hidden -Wall -MT rijndael.lo -MD -MP -MF .deps/rijndael.Tpo -c rijndael.c  -fPIC -DPIC -o .libs/rijndael.o
mv -f .deps/rijndael.Tpo .deps/rijndael.Plo
/ffp/bin/sh ../libtool --tag=CC   --mode=compile gcc -DHAVE_CONFIG_H -I. -I..  -I../src -I../src  -I/ffp/include -g -O2 -fvisibility=hidden -Wall -MT twofish.lo -MD -MP -MF .deps/twofish.Tpo -c -o twofish.lo twofish.c
libtool: compile:  gcc -DHAVE_CONFIG_H -I. -I.. -I../src -I../src -I/ffp/include -g -O2 -fvisibility=hidden -Wall -MT twofish.lo -MD -MP -MF .deps/twofish.Tpo -c twofish.c  -fPIC -DPIC -o .libs/twofish.o
mv -f .deps/twofish.Tpo .deps/twofish.Plo
/ffp/bin/sh ../libtool --tag=CC   --mode=compile gcc -DHAVE_CONFIG_H -I. -I..  -I../src -I../src  -I/ffp/include -g -O2 -fvisibility=hidden -Wall -MT serpent.lo -MD -MP -MF .deps/serpent.Tpo -c -o serpent.lo serpent.c
libtool: compile:  gcc -DHAVE_CONFIG_H -I. -I.. -I../src -I../src -I/ffp/include -g -O2 -fvisibility=hidden -Wall -MT serpent.lo -MD -MP -MF .deps/serpent.Tpo -c serpent.c  -fPIC -DPIC -o .libs/serpent.o
mv -f .deps/serpent.Tpo .deps/serpent.Plo
/ffp/bin/sh ../libtool --tag=CC   --mode=compile gcc -DHAVE_CONFIG_H -I. -I..  -I../src -I../src  -I/ffp/include -g -O2 -fvisibility=hidden -Wall -MT rfc2268.lo -MD -MP -MF .deps/rfc2268.Tpo -c -o rfc2268.lo rfc2268.c
libtool: compile:  gcc -DHAVE_CONFIG_H -I. -I.. -I../src -I../src -I/ffp/include -g -O2 -fvisibility=hidden -Wall -MT rfc2268.lo -MD -MP -MF .deps/rfc2268.Tpo -c rfc2268.c  -fPIC -DPIC -o .libs/rfc2268.o
mv -f .deps/rfc2268.Tpo .deps/rfc2268.Plo
/ffp/bin/sh ../libtool --tag=CC   --mode=compile gcc -DHAVE_CONFIG_H -I. -I..  -I../src -I../src  -I/ffp/include -g -O2 -fvisibility=hidden -Wall -MT seed.lo -MD -MP -MF .deps/seed.Tpo -c -o seed.lo seed.c
libtool: compile:  gcc -DHAVE_CONFIG_H -I. -I.. -I../src -I../src -I/ffp/include -g -O2 -fvisibility=hidden -Wall -MT seed.lo -MD -MP -MF .deps/seed.Tpo -c seed.c  -fPIC -DPIC -o .libs/seed.o
mv -f .deps/seed.Tpo .deps/seed.Plo
/ffp/bin/sh ../libtool --tag=CC   --mode=compile gcc -DHAVE_CONFIG_H -I. -I..  -I../src -I../src  -I/ffp/include -g -O2 -fvisibility=hidden -Wall -MT camellia.lo -MD -MP -MF .deps/camellia.Tpo -c -o camellia.lo camellia.c
libtool: compile:  gcc -DHAVE_CONFIG_H -I. -I.. -I../src -I../src -I/ffp/include -g -O2 -fvisibility=hidden -Wall -MT camellia.lo -MD -MP -MF .deps/camellia.Tpo -c camellia.c  -fPIC -DPIC -o .libs/camellia.o
mv -f .deps/camellia.Tpo .deps/camellia.Plo
/ffp/bin/sh ../libtool --tag=CC   --mode=compile gcc -DHAVE_CONFIG_H -I. -I..  -I../src -I../src  -I/ffp/include -g -O2 -fvisibility=hidden -Wall -MT camellia-glue.lo -MD -MP -MF .deps/camellia-glue.Tpo -c -o camellia-glue.lo camellia-glue.c
libtool: compile:  gcc -DHAVE_CONFIG_H -I. -I.. -I../src -I../src -I/ffp/include -g -O2 -fvisibility=hidden -Wall -MT camellia-glue.lo -MD -MP -MF .deps/camellia-glue.Tpo -c camellia-glue.c  -fPIC -DPIC -o .libs/camellia-glue.o
mv -f .deps/camellia-glue.Tpo .deps/camellia-glue.Plo
/ffp/bin/sh ../libtool --tag=CC   --mode=compile gcc -DHAVE_CONFIG_H -I. -I..  -I../src -I../src  -I/ffp/include -g -O2 -fvisibility=hidden -Wall -MT dsa.lo -MD -MP -MF .deps/dsa.Tpo -c -o dsa.lo dsa.c
libtool: compile:  gcc -DHAVE_CONFIG_H -I. -I.. -I../src -I../src -I/ffp/include -g -O2 -fvisibility=hidden -Wall -MT dsa.lo -MD -MP -MF .deps/dsa.Tpo -c dsa.c  -fPIC -DPIC -o .libs/dsa.o
mv -f .deps/dsa.Tpo .deps/dsa.Plo
/ffp/bin/sh ../libtool --tag=CC   --mode=compile gcc -DHAVE_CONFIG_H -I. -I..  -I../src -I../src  -I/ffp/include -g -O2 -fvisibility=hidden -Wall -MT rsa.lo -MD -MP -MF .deps/rsa.Tpo -c -o rsa.lo rsa.c
libtool: compile:  gcc -DHAVE_CONFIG_H -I. -I.. -I../src -I../src -I/ffp/include -g -O2 -fvisibility=hidden -Wall -MT rsa.lo -MD -MP -MF .deps/rsa.Tpo -c rsa.c  -fPIC -DPIC -o .libs/rsa.o
mv -f .deps/rsa.Tpo .deps/rsa.Plo
/ffp/bin/sh ../libtool --tag=CC   --mode=compile gcc -DHAVE_CONFIG_H -I. -I..  -I../src -I../src  -I/ffp/include -g -O2 -fvisibility=hidden -Wall -MT elgamal.lo -MD -MP -MF .deps/elgamal.Tpo -c -o elgamal.lo elgamal.c
libtool: compile:  gcc -DHAVE_CONFIG_H -I. -I.. -I../src -I../src -I/ffp/include -g -O2 -fvisibility=hidden -Wall -MT elgamal.lo -MD -MP -MF .deps/elgamal.Tpo -c elgamal.c  -fPIC -DPIC -o .libs/elgamal.o
mv -f .deps/elgamal.Tpo .deps/elgamal.Plo
/ffp/bin/sh ../libtool --tag=CC   --mode=compile gcc -DHAVE_CONFIG_H -I. -I..  -I../src -I../src  -I/ffp/include -g -O2 -fvisibility=hidden -Wall -MT ecc.lo -MD -MP -MF .deps/ecc.Tpo -c -o ecc.lo ecc.c
libtool: compile:  gcc -DHAVE_CONFIG_H -I. -I.. -I../src -I../src -I/ffp/include -g -O2 -fvisibility=hidden -Wall -MT ecc.lo -MD -MP -MF .deps/ecc.Tpo -c ecc.c  -fPIC -DPIC -o .libs/ecc.o
mv -f .deps/ecc.Tpo .deps/ecc.Plo
/ffp/bin/sh ../libtool --tag=CC   --mode=compile gcc -DHAVE_CONFIG_H -I. -I..  -I../src -I../src  -I/ffp/include -g -O2 -fvisibility=hidden -Wall -MT crc.lo -MD -MP -MF .deps/crc.Tpo -c -o crc.lo crc.c
libtool: compile:  gcc -DHAVE_CONFIG_H -I. -I.. -I../src -I../src -I/ffp/include -g -O2 -fvisibility=hidden -Wall -MT crc.lo -MD -MP -MF .deps/crc.Tpo -c crc.c  -fPIC -DPIC -o .libs/crc.o
mv -f .deps/crc.Tpo .deps/crc.Plo
/ffp/bin/sh ../libtool --tag=CC   --mode=compile gcc -DHAVE_CONFIG_H -I. -I..  -I../src -I../src  -I/ffp/include -g -O2 -fvisibility=hidden -Wall -MT md4.lo -MD -MP -MF .deps/md4.Tpo -c -o md4.lo md4.c
libtool: compile:  gcc -DHAVE_CONFIG_H -I. -I.. -I../src -I../src -I/ffp/include -g -O2 -fvisibility=hidden -Wall -MT md4.lo -MD -MP -MF .deps/md4.Tpo -c md4.c  -fPIC -DPIC -o .libs/md4.o
mv -f .deps/md4.Tpo .deps/md4.Plo
/ffp/bin/sh ../libtool --tag=CC   --mode=compile gcc -DHAVE_CONFIG_H -I. -I..  -I../src -I../src  -I/ffp/include -g -O2 -fvisibility=hidden -Wall -MT md5.lo -MD -MP -MF .deps/md5.Tpo -c -o md5.lo md5.c
libtool: compile:  gcc -DHAVE_CONFIG_H -I. -I.. -I../src -I../src -I/ffp/include -g -O2 -fvisibility=hidden -Wall -MT md5.lo -MD -MP -MF .deps/md5.Tpo -c md5.c  -fPIC -DPIC -o .libs/md5.o
mv -f .deps/md5.Tpo .deps/md5.Plo
/ffp/bin/sh ../libtool --tag=CC   --mode=compile gcc -DHAVE_CONFIG_H -I. -I..  -I../src -I../src  -I/ffp/include -g -O2 -fvisibility=hidden -Wall -MT sha256.lo -MD -MP -MF .deps/sha256.Tpo -c -o sha256.lo sha256.c
libtool: compile:  gcc -DHAVE_CONFIG_H -I. -I.. -I../src -I../src -I/ffp/include -g -O2 -fvisibility=hidden -Wall -MT sha256.lo -MD -MP -MF .deps/sha256.Tpo -c sha256.c  -fPIC -DPIC -o .libs/sha256.o
mv -f .deps/sha256.Tpo .deps/sha256.Plo
/ffp/bin/sh ../libtool --tag=CC   --mode=compile gcc -DHAVE_CONFIG_H -I. -I..  -I../src -I../src  -I/ffp/include -g -O2 -fvisibility=hidden -Wall -MT sha512.lo -MD -MP -MF .deps/sha512.Tpo -c -o sha512.lo sha512.c
libtool: compile:  gcc -DHAVE_CONFIG_H -I. -I.. -I../src -I../src -I/ffp/include -g -O2 -fvisibility=hidden -Wall -MT sha512.lo -MD -MP -MF .deps/sha512.Tpo -c sha512.c  -fPIC -DPIC -o .libs/sha512.o
mv -f .deps/sha512.Tpo .deps/sha512.Plo
`echo /ffp/bin/sh ../libtool --tag=CC   --mode=compile gcc -DHAVE_CONFIG_H -I. -I..  -I../src -I../src  -I/ffp/include -g -O2 -fvisibility=hidden -Wall -c ./tiger.c | sed -e 's/-O[2-9s]*/-O1/g' `
libtool: compile:  gcc -DHAVE_CONFIG_H -I. -I.. -I../src -I../src -I/ffp/include -g -O1 -fvisibility=hidden -Wall -c ./tiger.c  -fPIC -DPIC -o .libs/tiger.o
/ffp/bin/sh ../libtool --tag=CC   --mode=compile gcc -DHAVE_CONFIG_H -I. -I..  -I../src -I../src  -I/ffp/include -g -O2 -fvisibility=hidden -Wall -MT whirlpool.lo -MD -MP -MF .deps/whirlpool.Tpo -c -o whirlpool.lo whirlpool.c
libtool: compile:  gcc -DHAVE_CONFIG_H -I. -I.. -I../src -I../src -I/ffp/include -g -O2 -fvisibility=hidden -Wall -MT whirlpool.lo -MD -MP -MF .deps/whirlpool.Tpo -c whirlpool.c  -fPIC -DPIC -o .libs/whirlpool.o
mv -f .deps/whirlpool.Tpo .deps/whirlpool.Plo
/ffp/bin/sh ../libtool --tag=CC   --mode=compile gcc -DHAVE_CONFIG_H -I. -I..  -I../src -I../src  -I/ffp/include -g -O2 -fvisibility=hidden -Wall -MT rmd160.lo -MD -MP -MF .deps/rmd160.Tpo -c -o rmd160.lo rmd160.c
libtool: compile:  gcc -DHAVE_CONFIG_H -I. -I.. -I../src -I../src -I/ffp/include -g -O2 -fvisibility=hidden -Wall -MT rmd160.lo -MD -MP -MF .deps/rmd160.Tpo -c rmd160.c  -fPIC -DPIC -o .libs/rmd160.o
mv -f .deps/rmd160.Tpo .deps/rmd160.Plo
/ffp/bin/sh ../libtool --tag=CC   --mode=compile gcc -DHAVE_CONFIG_H -I. -I..  -I../src -I../src  -I/ffp/include -g -O2 -fvisibility=hidden -Wall -MT sha1.lo -MD -MP -MF .deps/sha1.Tpo -c -o sha1.lo sha1.c
libtool: compile:  gcc -DHAVE_CONFIG_H -I. -I.. -I../src -I../src -I/ffp/include -g -O2 -fvisibility=hidden -Wall -MT sha1.lo -MD -MP -MF .deps/sha1.Tpo -c sha1.c  -fPIC -DPIC -o .libs/sha1.o
mv -f .deps/sha1.Tpo .deps/sha1.Plo
/ffp/bin/sh ../libtool --tag=CC   --mode=link gcc -I/ffp/include -g -O2 -fvisibility=hidden -Wall  -L/ffp/lib -Wl,-rpath,/ffp/lib -o libcipher.la  cipher.lo pubkey.lo ac.lo md.lo kdf.lo hmac-tests.lo primegen.lo hash-common.lo arcfour.lo blowfish.lo cast5.lo des.lo rijndael.lo twofish.lo serpent.lo rfc2268.lo seed.lo camellia.lo camellia-glue.lo  dsa.lo rsa.lo elgamal.lo ecc.lo  crc.lo md4.lo md5.lo sha256.lo sha512.lo tiger.lo whirlpool.lo rmd160.lo sha1.lo 
libtool: link: ar cru .libs/libcipher.a .libs/cipher.o .libs/pubkey.o .libs/ac.o .libs/md.o .libs/kdf.o .libs/hmac-tests.o .libs/primegen.o .libs/hash-common.o .libs/arcfour.o .libs/blowfish.o .libs/cast5.o .libs/des.o .libs/rijndael.o .libs/twofish.o .libs/serpent.o .libs/rfc2268.o .libs/seed.o .libs/camellia.o .libs/camellia-glue.o .libs/dsa.o .libs/rsa.o .libs/elgamal.o .libs/ecc.o .libs/crc.o .libs/md4.o .libs/md5.o .libs/sha256.o .libs/sha512.o .libs/tiger.o .libs/whirlpool.o .libs/rmd160.o .libs/sha1.o 
libtool: link: ranlib .libs/libcipher.a
libtool: link: ( cd ".libs" && rm -f "libcipher.la" && ln -s "../libcipher.la" "libcipher.la" )
make[2]: Leaving directory `/tmp/libgcrypt.0A4Uc2/libgcrypt-1.5.0/cipher'
Making all in random
make[2]: Entering directory `/tmp/libgcrypt.0A4Uc2/libgcrypt-1.5.0/random'
/ffp/bin/sh ../libtool --tag=CC   --mode=compile gcc -DHAVE_CONFIG_H -I. -I..  -I../src -I../src  -I/ffp/include -g -O2 -fvisibility=hidden -Wall -MT random.lo -MD -MP -MF .deps/random.Tpo -c -o random.lo random.c
libtool: compile:  gcc -DHAVE_CONFIG_H -I. -I.. -I../src -I../src -I/ffp/include -g -O2 -fvisibility=hidden -Wall -MT random.lo -MD -MP -MF .deps/random.Tpo -c random.c  -fPIC -DPIC -o .libs/random.o
mv -f .deps/random.Tpo .deps/random.Plo
/ffp/bin/sh ../libtool --tag=CC   --mode=compile gcc -DHAVE_CONFIG_H -I. -I..  -I../src -I../src  -I/ffp/include -g -O2 -fvisibility=hidden -Wall -MT random-csprng.lo -MD -MP -MF .deps/random-csprng.Tpo -c -o random-csprng.lo random-csprng.c
libtool: compile:  gcc -DHAVE_CONFIG_H -I. -I.. -I../src -I../src -I/ffp/include -g -O2 -fvisibility=hidden -Wall -MT random-csprng.lo -MD -MP -MF .deps/random-csprng.Tpo -c random-csprng.c  -fPIC -DPIC -o .libs/random-csprng.o
mv -f .deps/random-csprng.Tpo .deps/random-csprng.Plo
/ffp/bin/sh ../libtool --tag=CC   --mode=compile gcc -DHAVE_CONFIG_H -I. -I..  -I../src -I../src  -I/ffp/include -g -O2 -fvisibility=hidden -Wall -MT random-fips.lo -MD -MP -MF .deps/random-fips.Tpo -c -o random-fips.lo random-fips.c
libtool: compile:  gcc -DHAVE_CONFIG_H -I. -I.. -I../src -I../src -I/ffp/include -g -O2 -fvisibility=hidden -Wall -MT random-fips.lo -MD -MP -MF .deps/random-fips.Tpo -c random-fips.c  -fPIC -DPIC -o .libs/random-fips.o
mv -f .deps/random-fips.Tpo .deps/random-fips.Plo
/ffp/bin/sh ../libtool --tag=CC   --mode=compile gcc -DHAVE_CONFIG_H -I. -I..  -I../src -I../src  -I/ffp/include -g -O2 -fvisibility=hidden -Wall -MT rndhw.lo -MD -MP -MF .deps/rndhw.Tpo -c -o rndhw.lo rndhw.c
libtool: compile:  gcc -DHAVE_CONFIG_H -I. -I.. -I../src -I../src -I/ffp/include -g -O2 -fvisibility=hidden -Wall -MT rndhw.lo -MD -MP -MF .deps/rndhw.Tpo -c rndhw.c  -fPIC -DPIC -o .libs/rndhw.o
mv -f .deps/rndhw.Tpo .deps/rndhw.Plo
/ffp/bin/sh ../libtool --tag=CC   --mode=compile gcc -DHAVE_CONFIG_H -I. -I..  -I../src -I../src  -I/ffp/include -g -O2 -fvisibility=hidden -Wall -MT rndlinux.lo -MD -MP -MF .deps/rndlinux.Tpo -c -o rndlinux.lo rndlinux.c
libtool: compile:  gcc -DHAVE_CONFIG_H -I. -I.. -I../src -I../src -I/ffp/include -g -O2 -fvisibility=hidden -Wall -MT rndlinux.lo -MD -MP -MF .deps/rndlinux.Tpo -c rndlinux.c  -fPIC -DPIC -o .libs/rndlinux.o
mv -f .deps/rndlinux.Tpo .deps/rndlinux.Plo
/ffp/bin/sh ../libtool --tag=CC   --mode=link gcc -I/ffp/include -g -O2 -fvisibility=hidden -Wall  -L/ffp/lib -Wl,-rpath,/ffp/lib -o librandom.la  random.lo random-csprng.lo random-fips.lo rndhw.lo  rndlinux.lo 
libtool: link: ar cru .libs/librandom.a .libs/random.o .libs/random-csprng.o .libs/random-fips.o .libs/rndhw.o .libs/rndlinux.o 
libtool: link: ranlib .libs/librandom.a
libtool: link: ( cd ".libs" && rm -f "librandom.la" && ln -s "../librandom.la" "librandom.la" )
make[2]: Leaving directory `/tmp/libgcrypt.0A4Uc2/libgcrypt-1.5.0/random'
Making all in src
make[2]: Entering directory `/tmp/libgcrypt.0A4Uc2/libgcrypt-1.5.0/src'
/ffp/bin/sh ../libtool  --tag=CC   --mode=compile gcc -DHAVE_CONFIG_H -I. -I..    -I/ffp/include -g -O2 -fvisibility=hidden -Wall -MT libgcrypt_la-visibility.lo -MD -MP -MF .deps/libgcrypt_la-visibility.Tpo -c -o libgcrypt_la-visibility.lo `test -f 'visibility.c' || echo './'`visibility.c
libtool: compile:  gcc -DHAVE_CONFIG_H -I. -I.. -I/ffp/include -g -O2 -fvisibility=hidden -Wall -MT libgcrypt_la-visibility.lo -MD -MP -MF .deps/libgcrypt_la-visibility.Tpo -c visibility.c  -fPIC -DPIC -o .libs/libgcrypt_la-visibility.o
mv -f .deps/libgcrypt_la-visibility.Tpo .deps/libgcrypt_la-visibility.Plo
/ffp/bin/sh ../libtool  --tag=CC   --mode=compile gcc -DHAVE_CONFIG_H -I. -I..    -I/ffp/include -g -O2 -fvisibility=hidden -Wall -MT libgcrypt_la-misc.lo -MD -MP -MF .deps/libgcrypt_la-misc.Tpo -c -o libgcrypt_la-misc.lo `test -f 'misc.c' || echo './'`misc.c
libtool: compile:  gcc -DHAVE_CONFIG_H -I. -I.. -I/ffp/include -g -O2 -fvisibility=hidden -Wall -MT libgcrypt_la-misc.lo -MD -MP -MF .deps/libgcrypt_la-misc.Tpo -c misc.c  -fPIC -DPIC -o .libs/libgcrypt_la-misc.o
mv -f .deps/libgcrypt_la-misc.Tpo .deps/libgcrypt_la-misc.Plo
/ffp/bin/sh ../libtool  --tag=CC   --mode=compile gcc -DHAVE_CONFIG_H -I. -I..    -I/ffp/include -g -O2 -fvisibility=hidden -Wall -MT libgcrypt_la-global.lo -MD -MP -MF .deps/libgcrypt_la-global.Tpo -c -o libgcrypt_la-global.lo `test -f 'global.c' || echo './'`global.c
libtool: compile:  gcc -DHAVE_CONFIG_H -I. -I.. -I/ffp/include -g -O2 -fvisibility=hidden -Wall -MT libgcrypt_la-global.lo -MD -MP -MF .deps/libgcrypt_la-global.Tpo -c global.c  -fPIC -DPIC -o .libs/libgcrypt_la-global.o
mv -f .deps/libgcrypt_la-global.Tpo .deps/libgcrypt_la-global.Plo
/ffp/bin/sh ../libtool  --tag=CC   --mode=compile gcc -DHAVE_CONFIG_H -I. -I..    -I/ffp/include -g -O2 -fvisibility=hidden -Wall -MT libgcrypt_la-sexp.lo -MD -MP -MF .deps/libgcrypt_la-sexp.Tpo -c -o libgcrypt_la-sexp.lo `test -f 'sexp.c' || echo './'`sexp.c
libtool: compile:  gcc -DHAVE_CONFIG_H -I. -I.. -I/ffp/include -g -O2 -fvisibility=hidden -Wall -MT libgcrypt_la-sexp.lo -MD -MP -MF .deps/libgcrypt_la-sexp.Tpo -c sexp.c  -fPIC -DPIC -o .libs/libgcrypt_la-sexp.o
mv -f .deps/libgcrypt_la-sexp.Tpo .deps/libgcrypt_la-sexp.Plo
/ffp/bin/sh ../libtool  --tag=CC   --mode=compile gcc -DHAVE_CONFIG_H -I. -I..    -I/ffp/include -g -O2 -fvisibility=hidden -Wall -MT libgcrypt_la-hwfeatures.lo -MD -MP -MF .deps/libgcrypt_la-hwfeatures.Tpo -c -o libgcrypt_la-hwfeatures.lo `test -f 'hwfeatures.c' || echo './'`hwfeatures.c
libtool: compile:  gcc -DHAVE_CONFIG_H -I. -I.. -I/ffp/include -g -O2 -fvisibility=hidden -Wall -MT libgcrypt_la-hwfeatures.lo -MD -MP -MF .deps/libgcrypt_la-hwfeatures.Tpo -c hwfeatures.c  -fPIC -DPIC -o .libs/libgcrypt_la-hwfeatures.o
mv -f .deps/libgcrypt_la-hwfeatures.Tpo .deps/libgcrypt_la-hwfeatures.Plo
/ffp/bin/sh ../libtool  --tag=CC   --mode=compile gcc -DHAVE_CONFIG_H -I. -I..    -I/ffp/include -g -O2 -fvisibility=hidden -Wall -MT libgcrypt_la-stdmem.lo -MD -MP -MF .deps/libgcrypt_la-stdmem.Tpo -c -o libgcrypt_la-stdmem.lo `test -f 'stdmem.c' || echo './'`stdmem.c
libtool: compile:  gcc -DHAVE_CONFIG_H -I. -I.. -I/ffp/include -g -O2 -fvisibility=hidden -Wall -MT libgcrypt_la-stdmem.lo -MD -MP -MF .deps/libgcrypt_la-stdmem.Tpo -c stdmem.c  -fPIC -DPIC -o .libs/libgcrypt_la-stdmem.o
mv -f .deps/libgcrypt_la-stdmem.Tpo .deps/libgcrypt_la-stdmem.Plo
/ffp/bin/sh ../libtool  --tag=CC   --mode=compile gcc -DHAVE_CONFIG_H -I. -I..    -I/ffp/include -g -O2 -fvisibility=hidden -Wall -MT libgcrypt_la-secmem.lo -MD -MP -MF .deps/libgcrypt_la-secmem.Tpo -c -o libgcrypt_la-secmem.lo `test -f 'secmem.c' || echo './'`secmem.c
libtool: compile:  gcc -DHAVE_CONFIG_H -I. -I.. -I/ffp/include -g -O2 -fvisibility=hidden -Wall -MT libgcrypt_la-secmem.lo -MD -MP -MF .deps/libgcrypt_la-secmem.Tpo -c secmem.c  -fPIC -DPIC -o .libs/libgcrypt_la-secmem.o
mv -f .deps/libgcrypt_la-secmem.Tpo .deps/libgcrypt_la-secmem.Plo
/ffp/bin/sh ../libtool  --tag=CC   --mode=compile gcc -DHAVE_CONFIG_H -I. -I..    -I/ffp/include -g -O2 -fvisibility=hidden -Wall -MT libgcrypt_la-missing-string.lo -MD -MP -MF .deps/libgcrypt_la-missing-string.Tpo -c -o libgcrypt_la-missing-string.lo `test -f 'missing-string.c' || echo './'`missing-string.c
libtool: compile:  gcc -DHAVE_CONFIG_H -I. -I.. -I/ffp/include -g -O2 -fvisibility=hidden -Wall -MT libgcrypt_la-missing-string.lo -MD -MP -MF .deps/libgcrypt_la-missing-string.Tpo -c missing-string.c  -fPIC -DPIC -o .libs/libgcrypt_la-missing-string.o
mv -f .deps/libgcrypt_la-missing-string.Tpo .deps/libgcrypt_la-missing-string.Plo
/ffp/bin/sh ../libtool  --tag=CC   --mode=compile gcc -DHAVE_CONFIG_H -I. -I..    -I/ffp/include -g -O2 -fvisibility=hidden -Wall -MT libgcrypt_la-module.lo -MD -MP -MF .deps/libgcrypt_la-module.Tpo -c -o libgcrypt_la-module.lo `test -f 'module.c' || echo './'`module.c
libtool: compile:  gcc -DHAVE_CONFIG_H -I. -I.. -I/ffp/include -g -O2 -fvisibility=hidden -Wall -MT libgcrypt_la-module.lo -MD -MP -MF .deps/libgcrypt_la-module.Tpo -c module.c  -fPIC -DPIC -o .libs/libgcrypt_la-module.o
mv -f .deps/libgcrypt_la-module.Tpo .deps/libgcrypt_la-module.Plo
/ffp/bin/sh ../libtool  --tag=CC   --mode=compile gcc -DHAVE_CONFIG_H -I. -I..    -I/ffp/include -g -O2 -fvisibility=hidden -Wall -MT libgcrypt_la-fips.lo -MD -MP -MF .deps/libgcrypt_la-fips.Tpo -c -o libgcrypt_la-fips.lo `test -f 'fips.c' || echo './'`fips.c
libtool: compile:  gcc -DHAVE_CONFIG_H -I. -I.. -I/ffp/include -g -O2 -fvisibility=hidden -Wall -MT libgcrypt_la-fips.lo -MD -MP -MF .deps/libgcrypt_la-fips.Tpo -c fips.c  -fPIC -DPIC -o .libs/libgcrypt_la-fips.o
mv -f .deps/libgcrypt_la-fips.Tpo .deps/libgcrypt_la-fips.Plo
/ffp/bin/sh ../libtool  --tag=CC   --mode=compile gcc -DHAVE_CONFIG_H -I. -I..    -I/ffp/include -g -O2 -fvisibility=hidden -Wall -MT libgcrypt_la-hmac256.lo -MD -MP -MF .deps/libgcrypt_la-hmac256.Tpo -c -o libgcrypt_la-hmac256.lo `test -f 'hmac256.c' || echo './'`hmac256.c
libtool: compile:  gcc -DHAVE_CONFIG_H -I. -I.. -I/ffp/include -g -O2 -fvisibility=hidden -Wall -MT libgcrypt_la-hmac256.lo -MD -MP -MF .deps/libgcrypt_la-hmac256.Tpo -c hmac256.c  -fPIC -DPIC -o .libs/libgcrypt_la-hmac256.o
mv -f .deps/libgcrypt_la-hmac256.Tpo .deps/libgcrypt_la-hmac256.Plo
/ffp/bin/sh ../libtool  --tag=CC   --mode=compile gcc -DHAVE_CONFIG_H -I. -I..    -I/ffp/include -g -O2 -fvisibility=hidden -Wall -MT libgcrypt_la-ath.lo -MD -MP -MF .deps/libgcrypt_la-ath.Tpo -c -o libgcrypt_la-ath.lo `test -f 'ath.c' || echo './'`ath.c
libtool: compile:  gcc -DHAVE_CONFIG_H -I. -I.. -I/ffp/include -g -O2 -fvisibility=hidden -Wall -MT libgcrypt_la-ath.lo -MD -MP -MF .deps/libgcrypt_la-ath.Tpo -c ath.c  -fPIC -DPIC -o .libs/libgcrypt_la-ath.o
mv -f .deps/libgcrypt_la-ath.Tpo .deps/libgcrypt_la-ath.Plo
/ffp/bin/sh ../libtool --tag=CC   --mode=link gcc -I/ffp/include -g -O2 -fvisibility=hidden -Wall   -Wl,--version-script=./libgcrypt.vers -version-info 18:0:7 -L/ffp/lib -Wl,-rpath,/ffp/lib -o libgcrypt.la -rpath /ffp/lib libgcrypt_la-visibility.lo libgcrypt_la-misc.lo libgcrypt_la-global.lo libgcrypt_la-sexp.lo libgcrypt_la-hwfeatures.lo libgcrypt_la-stdmem.lo libgcrypt_la-secmem.lo libgcrypt_la-missing-string.lo libgcrypt_la-module.lo libgcrypt_la-fips.lo libgcrypt_la-hmac256.lo libgcrypt_la-ath.lo  ../cipher/libcipher.la ../random/librandom.la ../mpi/libmpi.la ../compat/libcompat.la  -L/ffp/lib -lgpg-error 
libtool: link: gcc -shared  .libs/libgcrypt_la-visibility.o .libs/libgcrypt_la-misc.o .libs/libgcrypt_la-global.o .libs/libgcrypt_la-sexp.o .libs/libgcrypt_la-hwfeatures.o .libs/libgcrypt_la-stdmem.o .libs/libgcrypt_la-secmem.o .libs/libgcrypt_la-missing-string.o .libs/libgcrypt_la-module.o .libs/libgcrypt_la-fips.o .libs/libgcrypt_la-hmac256.o .libs/libgcrypt_la-ath.o  -Wl,--whole-archive ../cipher/.libs/libcipher.a ../random/.libs/librandom.a ../mpi/.libs/libmpi.a ../compat/.libs/libcompat.a -Wl,--no-whole-archive  -Wl,-rpath -Wl,/ffp/lib -Wl,-rpath -Wl,/ffp/lib -L/ffp/lib /ffp/lib/libgpg-error.so  -Wl,--version-script=./libgcrypt.vers -Wl,-rpath -Wl,/ffp/lib   -Wl,-soname -Wl,libgcrypt.so.11 -o .libs/libgcrypt.so.11.7.0
libtool: link: (cd ".libs" && rm -f "libgcrypt.so.11" && ln -s "libgcrypt.so.11.7.0" "libgcrypt.so.11")
libtool: link: (cd ".libs" && rm -f "libgcrypt.so" && ln -s "libgcrypt.so.11.7.0" "libgcrypt.so")
libtool: link: ( cd ".libs" && rm -f "libgcrypt.la" && ln -s "../libgcrypt.la" "libgcrypt.la" )
gcc -DHAVE_CONFIG_H -I. -I..     -g -O2 -fvisibility=hidden -Wall -MT dumpsexp-dumpsexp.o -MD -MP -MF .deps/dumpsexp-dumpsexp.Tpo -c -o dumpsexp-dumpsexp.o `test -f 'dumpsexp.c' || echo './'`dumpsexp.c
mv -f .deps/dumpsexp-dumpsexp.Tpo .deps/dumpsexp-dumpsexp.Po
/ffp/bin/sh ../libtool --tag=CC   --mode=link gcc  -g -O2 -fvisibility=hidden -Wall  -L/ffp/lib -Wl,-rpath,/ffp/lib -o dumpsexp dumpsexp-dumpsexp.o  
libtool: link: gcc -g -O2 -fvisibility=hidden -Wall -Wl,-rpath -Wl,/ffp/lib -o dumpsexp dumpsexp-dumpsexp.o  -L/ffp/lib
gcc -DHAVE_CONFIG_H -I. -I..    -DSTANDALONE  -g -O2 -fvisibility=hidden -Wall -MT hmac256-hmac256.o -MD -MP -MF .deps/hmac256-hmac256.Tpo -c -o hmac256-hmac256.o `test -f 'hmac256.c' || echo './'`hmac256.c
mv -f .deps/hmac256-hmac256.Tpo .deps/hmac256-hmac256.Po
/ffp/bin/sh ../libtool --tag=CC   --mode=link gcc -DSTANDALONE  -g -O2 -fvisibility=hidden -Wall  -L/ffp/lib -Wl,-rpath,/ffp/lib -o hmac256 hmac256-hmac256.o  
libtool: link: gcc -DSTANDALONE -g -O2 -fvisibility=hidden -Wall -Wl,-rpath -Wl,/ffp/lib -o hmac256 hmac256-hmac256.o  -L/ffp/lib
make[2]: Leaving directory `/tmp/libgcrypt.0A4Uc2/libgcrypt-1.5.0/src'
Making all in doc
make[2]: Entering directory `/tmp/libgcrypt.0A4Uc2/libgcrypt-1.5.0/doc'
make  all-am
make[3]: Entering directory `/tmp/libgcrypt.0A4Uc2/libgcrypt-1.5.0/doc'
make[3]: Nothing to be done for `all-am'.
make[3]: Leaving directory `/tmp/libgcrypt.0A4Uc2/libgcrypt-1.5.0/doc'
make[2]: Leaving directory `/tmp/libgcrypt.0A4Uc2/libgcrypt-1.5.0/doc'
Making all in tests
make[2]: Entering directory `/tmp/libgcrypt.0A4Uc2/libgcrypt-1.5.0/tests'
gcc -DHAVE_CONFIG_H -I. -I..  -I../src -I../src  -I/ffp/include -g -O2 -fvisibility=hidden -Wall -MT version.o -MD -MP -MF .deps/version.Tpo -c -o version.o version.c
mv -f .deps/version.Tpo .deps/version.Po
/ffp/bin/sh ../libtool --tag=CC   --mode=link gcc -I/ffp/include -g -O2 -fvisibility=hidden -Wall  -L/ffp/lib -Wl,-rpath,/ffp/lib -o version version.o ../src/libgcrypt.la  ../compat/libcompat.la -L/ffp/lib -lgpg-error 
libtool: link: gcc -I/ffp/include -g -O2 -fvisibility=hidden -Wall -Wl,-rpath -Wl,/ffp/lib -o .libs/version version.o  -L/ffp/lib ../src/.libs/libgcrypt.so ../compat/.libs/libcompat.a /ffp/lib/libgpg-error.so -Wl,-rpath -Wl,/ffp/lib
gcc -DHAVE_CONFIG_H -I. -I..  -I../src -I../src  -I/ffp/include -g -O2 -fvisibility=hidden -Wall -MT t-mpi-bit.o -MD -MP -MF .deps/t-mpi-bit.Tpo -c -o t-mpi-bit.o t-mpi-bit.c
mv -f .deps/t-mpi-bit.Tpo .deps/t-mpi-bit.Po
/ffp/bin/sh ../libtool --tag=CC   --mode=link gcc -I/ffp/include -g -O2 -fvisibility=hidden -Wall  -L/ffp/lib -Wl,-rpath,/ffp/lib -o t-mpi-bit t-mpi-bit.o ../src/libgcrypt.la  ../compat/libcompat.la -L/ffp/lib -lgpg-error 
libtool: link: gcc -I/ffp/include -g -O2 -fvisibility=hidden -Wall -Wl,-rpath -Wl,/ffp/lib -o .libs/t-mpi-bit t-mpi-bit.o  -L/ffp/lib ../src/.libs/libgcrypt.so ../compat/.libs/libcompat.a /ffp/lib/libgpg-error.so -Wl,-rpath -Wl,/ffp/lib
gcc -DHAVE_CONFIG_H -I. -I..  -I../src -I../src  -I/ffp/include -g -O2 -fvisibility=hidden -Wall -MT prime.o -MD -MP -MF .deps/prime.Tpo -c -o prime.o prime.c
mv -f .deps/prime.Tpo .deps/prime.Po
/ffp/bin/sh ../libtool --tag=CC   --mode=link gcc -I/ffp/include -g -O2 -fvisibility=hidden -Wall  -L/ffp/lib -Wl,-rpath,/ffp/lib -o prime prime.o ../src/libgcrypt.la  ../compat/libcompat.la -L/ffp/lib -lgpg-error 
libtool: link: gcc -I/ffp/include -g -O2 -fvisibility=hidden -Wall -Wl,-rpath -Wl,/ffp/lib -o .libs/prime prime.o  -L/ffp/lib ../src/.libs/libgcrypt.so ../compat/.libs/libcompat.a /ffp/lib/libgpg-error.so -Wl,-rpath -Wl,/ffp/lib
gcc -DHAVE_CONFIG_H -I. -I..  -I../src -I../src  -I/ffp/include -g -O2 -fvisibility=hidden -Wall -MT register.o -MD -MP -MF .deps/register.Tpo -c -o register.o register.c
mv -f .deps/register.Tpo .deps/register.Po
/ffp/bin/sh ../libtool --tag=CC   --mode=link gcc -I/ffp/include -g -O2 -fvisibility=hidden -Wall  -L/ffp/lib -Wl,-rpath,/ffp/lib -o register register.o ../src/libgcrypt.la  ../compat/libcompat.la -L/ffp/lib -lgpg-error 
libtool: link: gcc -I/ffp/include -g -O2 -fvisibility=hidden -Wall -Wl,-rpath -Wl,/ffp/lib -o .libs/register register.o  -L/ffp/lib ../src/.libs/libgcrypt.so ../compat/.libs/libcompat.a /ffp/lib/libgpg-error.so -Wl,-rpath -Wl,/ffp/lib
gcc -DHAVE_CONFIG_H -I. -I..  -I../src -I../src  -I/ffp/include -g -O2 -fvisibility=hidden -Wall -MT ac.o -MD -MP -MF .deps/ac.Tpo -c -o ac.o ac.c
mv -f .deps/ac.Tpo .deps/ac.Po
/ffp/bin/sh ../libtool --tag=CC   --mode=link gcc -I/ffp/include -g -O2 -fvisibility=hidden -Wall  -L/ffp/lib -Wl,-rpath,/ffp/lib -o ac ac.o ../src/libgcrypt.la  ../compat/libcompat.la -L/ffp/lib -lgpg-error 
libtool: link: gcc -I/ffp/include -g -O2 -fvisibility=hidden -Wall -Wl,-rpath -Wl,/ffp/lib -o .libs/ac ac.o  -L/ffp/lib ../src/.libs/libgcrypt.so ../compat/.libs/libcompat.a /ffp/lib/libgpg-error.so -Wl,-rpath -Wl,/ffp/lib
gcc -DHAVE_CONFIG_H -I. -I..  -I../src -I../src  -I/ffp/include -g -O2 -fvisibility=hidden -Wall -MT ac-schemes.o -MD -MP -MF .deps/ac-schemes.Tpo -c -o ac-schemes.o ac-schemes.c
mv -f .deps/ac-schemes.Tpo .deps/ac-schemes.Po
/ffp/bin/sh ../libtool --tag=CC   --mode=link gcc -I/ffp/include -g -O2 -fvisibility=hidden -Wall  -L/ffp/lib -Wl,-rpath,/ffp/lib -o ac-schemes ac-schemes.o ../src/libgcrypt.la  ../compat/libcompat.la -L/ffp/lib -lgpg-error 
libtool: link: gcc -I/ffp/include -g -O2 -fvisibility=hidden -Wall -Wl,-rpath -Wl,/ffp/lib -o .libs/ac-schemes ac-schemes.o  -L/ffp/lib ../src/.libs/libgcrypt.so ../compat/.libs/libcompat.a /ffp/lib/libgpg-error.so -Wl,-rpath -Wl,/ffp/lib
gcc -DHAVE_CONFIG_H -I. -I..  -I../src -I../src  -I/ffp/include -g -O2 -fvisibility=hidden -Wall -MT ac-data.o -MD -MP -MF .deps/ac-data.Tpo -c -o ac-data.o ac-data.c
mv -f .deps/ac-data.Tpo .deps/ac-data.Po
/ffp/bin/sh ../libtool --tag=CC   --mode=link gcc -I/ffp/include -g -O2 -fvisibility=hidden -Wall  -L/ffp/lib -Wl,-rpath,/ffp/lib -o ac-data ac-data.o ../src/libgcrypt.la  ../compat/libcompat.la -L/ffp/lib -lgpg-error 
libtool: link: gcc -I/ffp/include -g -O2 -fvisibility=hidden -Wall -Wl,-rpath -Wl,/ffp/lib -o .libs/ac-data ac-data.o  -L/ffp/lib ../src/.libs/libgcrypt.so ../compat/.libs/libcompat.a /ffp/lib/libgpg-error.so -Wl,-rpath -Wl,/ffp/lib
gcc -DHAVE_CONFIG_H -I. -I..  -I../src -I../src  -I/ffp/include -g -O2 -fvisibility=hidden -Wall -MT basic.o -MD -MP -MF .deps/basic.Tpo -c -o basic.o basic.c
mv -f .deps/basic.Tpo .deps/basic.Po
/ffp/bin/sh ../libtool --tag=CC   --mode=link gcc -I/ffp/include -g -O2 -fvisibility=hidden -Wall  -L/ffp/lib -Wl,-rpath,/ffp/lib -o basic basic.o ../src/libgcrypt.la  ../compat/libcompat.la -L/ffp/lib -lgpg-error 
libtool: link: gcc -I/ffp/include -g -O2 -fvisibility=hidden -Wall -Wl,-rpath -Wl,/ffp/lib -o .libs/basic basic.o  -L/ffp/lib ../src/.libs/libgcrypt.so ../compat/.libs/libcompat.a /ffp/lib/libgpg-error.so -Wl,-rpath -Wl,/ffp/lib
gcc -DHAVE_CONFIG_H -I. -I..  -I../src -I../src  -I/ffp/include -g -O2 -fvisibility=hidden -Wall -MT mpitests.o -MD -MP -MF .deps/mpitests.Tpo -c -o mpitests.o mpitests.c
mv -f .deps/mpitests.Tpo .deps/mpitests.Po
/ffp/bin/sh ../libtool --tag=CC   --mode=link gcc -I/ffp/include -g -O2 -fvisibility=hidden -Wall  -L/ffp/lib -Wl,-rpath,/ffp/lib -o mpitests mpitests.o ../src/libgcrypt.la  ../compat/libcompat.la -L/ffp/lib -lgpg-error 
libtool: link: gcc -I/ffp/include -g -O2 -fvisibility=hidden -Wall -Wl,-rpath -Wl,/ffp/lib -o .libs/mpitests mpitests.o  -L/ffp/lib ../src/.libs/libgcrypt.so ../compat/.libs/libcompat.a /ffp/lib/libgpg-error.so -Wl,-rpath -Wl,/ffp/lib
gcc -DHAVE_CONFIG_H -I. -I..  -I../src -I../src  -I/ffp/include -g -O2 -fvisibility=hidden -Wall -MT tsexp.o -MD -MP -MF .deps/tsexp.Tpo -c -o tsexp.o tsexp.c
mv -f .deps/tsexp.Tpo .deps/tsexp.Po
/ffp/bin/sh ../libtool --tag=CC   --mode=link gcc -I/ffp/include -g -O2 -fvisibility=hidden -Wall  -L/ffp/lib -Wl,-rpath,/ffp/lib -o tsexp tsexp.o ../src/libgcrypt.la  ../compat/libcompat.la -L/ffp/lib -lgpg-error 
libtool: link: gcc -I/ffp/include -g -O2 -fvisibility=hidden -Wall -Wl,-rpath -Wl,/ffp/lib -o .libs/tsexp tsexp.o  -L/ffp/lib ../src/.libs/libgcrypt.so ../compat/.libs/libcompat.a /ffp/lib/libgpg-error.so -Wl,-rpath -Wl,/ffp/lib
gcc -DHAVE_CONFIG_H -I. -I..  -I../src -I../src  -I/ffp/include -g -O2 -fvisibility=hidden -Wall -MT keygen.o -MD -MP -MF .deps/keygen.Tpo -c -o keygen.o keygen.c
mv -f .deps/keygen.Tpo .deps/keygen.Po
/ffp/bin/sh ../libtool --tag=CC   --mode=link gcc -I/ffp/include -g -O2 -fvisibility=hidden -Wall  -L/ffp/lib -Wl,-rpath,/ffp/lib -o keygen keygen.o ../src/libgcrypt.la  ../compat/libcompat.la -L/ffp/lib -lgpg-error 
libtool: link: gcc -I/ffp/include -g -O2 -fvisibility=hidden -Wall -Wl,-rpath -Wl,/ffp/lib -o .libs/keygen keygen.o  -L/ffp/lib ../src/.libs/libgcrypt.so ../compat/.libs/libcompat.a /ffp/lib/libgpg-error.so -Wl,-rpath -Wl,/ffp/lib
gcc -DHAVE_CONFIG_H -I. -I..  -I../src -I../src  -I/ffp/include -g -O2 -fvisibility=hidden -Wall -MT pubkey.o -MD -MP -MF .deps/pubkey.Tpo -c -o pubkey.o pubkey.c
mv -f .deps/pubkey.Tpo .deps/pubkey.Po
/ffp/bin/sh ../libtool --tag=CC   --mode=link gcc -I/ffp/include -g -O2 -fvisibility=hidden -Wall  -L/ffp/lib -Wl,-rpath,/ffp/lib -o pubkey pubkey.o ../src/libgcrypt.la  ../compat/libcompat.la -L/ffp/lib -lgpg-error 
libtool: link: gcc -I/ffp/include -g -O2 -fvisibility=hidden -Wall -Wl,-rpath -Wl,/ffp/lib -o .libs/pubkey pubkey.o  -L/ffp/lib ../src/.libs/libgcrypt.so ../compat/.libs/libcompat.a /ffp/lib/libgpg-error.so -Wl,-rpath -Wl,/ffp/lib
gcc -DHAVE_CONFIG_H -I. -I..  -I../src -I../src  -I/ffp/include -g -O2 -fvisibility=hidden -Wall -MT hmac.o -MD -MP -MF .deps/hmac.Tpo -c -o hmac.o hmac.c
mv -f .deps/hmac.Tpo .deps/hmac.Po
/ffp/bin/sh ../libtool --tag=CC   --mode=link gcc -I/ffp/include -g -O2 -fvisibility=hidden -Wall  -L/ffp/lib -Wl,-rpath,/ffp/lib -o hmac hmac.o ../src/libgcrypt.la  ../compat/libcompat.la -L/ffp/lib -lgpg-error 
libtool: link: gcc -I/ffp/include -g -O2 -fvisibility=hidden -Wall -Wl,-rpath -Wl,/ffp/lib -o .libs/hmac hmac.o  -L/ffp/lib ../src/.libs/libgcrypt.so ../compat/.libs/libcompat.a /ffp/lib/libgpg-error.so -Wl,-rpath -Wl,/ffp/lib
gcc -DHAVE_CONFIG_H -I. -I..  -I../src -I../src  -I/ffp/include -g -O2 -fvisibility=hidden -Wall -MT keygrip.o -MD -MP -MF .deps/keygrip.Tpo -c -o keygrip.o keygrip.c
mv -f .deps/keygrip.Tpo .deps/keygrip.Po
/ffp/bin/sh ../libtool --tag=CC   --mode=link gcc -I/ffp/include -g -O2 -fvisibility=hidden -Wall  -L/ffp/lib -Wl,-rpath,/ffp/lib -o keygrip keygrip.o ../src/libgcrypt.la  ../compat/libcompat.la -L/ffp/lib -lgpg-error 
libtool: link: gcc -I/ffp/include -g -O2 -fvisibility=hidden -Wall -Wl,-rpath -Wl,/ffp/lib -o .libs/keygrip keygrip.o  -L/ffp/lib ../src/.libs/libgcrypt.so ../compat/.libs/libcompat.a /ffp/lib/libgpg-error.so -Wl,-rpath -Wl,/ffp/lib
gcc -DHAVE_CONFIG_H -I. -I..  -I../src -I../src  -I/ffp/include -g -O2 -fvisibility=hidden -Wall -MT fips186-dsa.o -MD -MP -MF .deps/fips186-dsa.Tpo -c -o fips186-dsa.o fips186-dsa.c
mv -f .deps/fips186-dsa.Tpo .deps/fips186-dsa.Po
/ffp/bin/sh ../libtool --tag=CC   --mode=link gcc -I/ffp/include -g -O2 -fvisibility=hidden -Wall  -L/ffp/lib -Wl,-rpath,/ffp/lib -o fips186-dsa fips186-dsa.o ../src/libgcrypt.la  ../compat/libcompat.la -L/ffp/lib -lgpg-error 
libtool: link: gcc -I/ffp/include -g -O2 -fvisibility=hidden -Wall -Wl,-rpath -Wl,/ffp/lib -o .libs/fips186-dsa fips186-dsa.o  -L/ffp/lib ../src/.libs/libgcrypt.so ../compat/.libs/libcompat.a /ffp/lib/libgpg-error.so -Wl,-rpath -Wl,/ffp/lib
gcc -DHAVE_CONFIG_H -I. -I..  -I../src -I../src  -I/ffp/include -g -O2 -fvisibility=hidden -Wall -MT aeswrap.o -MD -MP -MF .deps/aeswrap.Tpo -c -o aeswrap.o aeswrap.c
mv -f .deps/aeswrap.Tpo .deps/aeswrap.Po
/ffp/bin/sh ../libtool --tag=CC   --mode=link gcc -I/ffp/include -g -O2 -fvisibility=hidden -Wall  -L/ffp/lib -Wl,-rpath,/ffp/lib -o aeswrap aeswrap.o ../src/libgcrypt.la  ../compat/libcompat.la -L/ffp/lib -lgpg-error 
libtool: link: gcc -I/ffp/include -g -O2 -fvisibility=hidden -Wall -Wl,-rpath -Wl,/ffp/lib -o .libs/aeswrap aeswrap.o  -L/ffp/lib ../src/.libs/libgcrypt.so ../compat/.libs/libcompat.a /ffp/lib/libgpg-error.so -Wl,-rpath -Wl,/ffp/lib
gcc -DHAVE_CONFIG_H -I. -I..  -I../src -I../src  -I/ffp/include -g -O2 -fvisibility=hidden -Wall -MT curves.o -MD -MP -MF .deps/curves.Tpo -c -o curves.o curves.c
mv -f .deps/curves.Tpo .deps/curves.Po
/ffp/bin/sh ../libtool --tag=CC   --mode=link gcc -I/ffp/include -g -O2 -fvisibility=hidden -Wall  -L/ffp/lib -Wl,-rpath,/ffp/lib -o curves curves.o ../src/libgcrypt.la  ../compat/libcompat.la -L/ffp/lib -lgpg-error 
libtool: link: gcc -I/ffp/include -g -O2 -fvisibility=hidden -Wall -Wl,-rpath -Wl,/ffp/lib -o .libs/curves curves.o  -L/ffp/lib ../src/.libs/libgcrypt.so ../compat/.libs/libcompat.a /ffp/lib/libgpg-error.so -Wl,-rpath -Wl,/ffp/lib
gcc -DHAVE_CONFIG_H -I. -I..  -I../src -I../src  -I/ffp/include -g -O2 -fvisibility=hidden -Wall -MT t-kdf.o -MD -MP -MF .deps/t-kdf.Tpo -c -o t-kdf.o t-kdf.c
mv -f .deps/t-kdf.Tpo .deps/t-kdf.Po
/ffp/bin/sh ../libtool --tag=CC   --mode=link gcc -I/ffp/include -g -O2 -fvisibility=hidden -Wall  -L/ffp/lib -Wl,-rpath,/ffp/lib -o t-kdf t-kdf.o ../src/libgcrypt.la  ../compat/libcompat.la -L/ffp/lib -lgpg-error 
libtool: link: gcc -I/ffp/include -g -O2 -fvisibility=hidden -Wall -Wl,-rpath -Wl,/ffp/lib -o .libs/t-kdf t-kdf.o  -L/ffp/lib ../src/.libs/libgcrypt.so ../compat/.libs/libcompat.a /ffp/lib/libgpg-error.so -Wl,-rpath -Wl,/ffp/lib
gcc -DHAVE_CONFIG_H -I. -I..  -I../src -I../src  -I/ffp/include -g -O2 -fvisibility=hidden -Wall -MT pkcs1v2.o -MD -MP -MF .deps/pkcs1v2.Tpo -c -o pkcs1v2.o pkcs1v2.c
mv -f .deps/pkcs1v2.Tpo .deps/pkcs1v2.Po
/ffp/bin/sh ../libtool --tag=CC   --mode=link gcc -I/ffp/include -g -O2 -fvisibility=hidden -Wall  -L/ffp/lib -Wl,-rpath,/ffp/lib -o pkcs1v2 pkcs1v2.o ../src/libgcrypt.la  ../compat/libcompat.la -L/ffp/lib -lgpg-error 
libtool: link: gcc -I/ffp/include -g -O2 -fvisibility=hidden -Wall -Wl,-rpath -Wl,/ffp/lib -o .libs/pkcs1v2 pkcs1v2.o  -L/ffp/lib ../src/.libs/libgcrypt.so ../compat/.libs/libcompat.a /ffp/lib/libgpg-error.so -Wl,-rpath -Wl,/ffp/lib
gcc -DHAVE_CONFIG_H -I. -I..  -I../src -I../src  -I/ffp/include -g -O2 -fvisibility=hidden -Wall -MT random.o -MD -MP -MF .deps/random.Tpo -c -o random.o random.c
mv -f .deps/random.Tpo .deps/random.Po
/ffp/bin/sh ../libtool --tag=CC   --mode=link gcc -I/ffp/include -g -O2 -fvisibility=hidden -Wall  -L/ffp/lib -Wl,-rpath,/ffp/lib -o random random.o ../src/libgcrypt.la  ../compat/libcompat.la -L/ffp/lib -lgpg-error 
libtool: link: gcc -I/ffp/include -g -O2 -fvisibility=hidden -Wall -Wl,-rpath -Wl,/ffp/lib -o .libs/random random.o  -L/ffp/lib ../src/.libs/libgcrypt.so ../compat/.libs/libcompat.a /ffp/lib/libgpg-error.so -Wl,-rpath -Wl,/ffp/lib
gcc -DHAVE_CONFIG_H -I. -I..  -I../src -I../src  -I/ffp/include -g -O2 -fvisibility=hidden -Wall -MT benchmark.o -MD -MP -MF .deps/benchmark.Tpo -c -o benchmark.o benchmark.c
mv -f .deps/benchmark.Tpo .deps/benchmark.Po
/ffp/bin/sh ../libtool --tag=CC   --mode=link gcc -I/ffp/include -g -O2 -fvisibility=hidden -Wall  -L/ffp/lib -Wl,-rpath,/ffp/lib -o benchmark benchmark.o ../src/libgcrypt.la  ../compat/libcompat.la -L/ffp/lib -lgpg-error 
libtool: link: gcc -I/ffp/include -g -O2 -fvisibility=hidden -Wall -Wl,-rpath -Wl,/ffp/lib -o .libs/benchmark benchmark.o  -L/ffp/lib ../src/.libs/libgcrypt.so ../compat/.libs/libcompat.a /ffp/lib/libgpg-error.so -Wl,-rpath -Wl,/ffp/lib
gcc -DHAVE_CONFIG_H -I. -I..  -I../src -I../src  -I/ffp/include -g -O2 -fvisibility=hidden -Wall -MT fipsdrv.o -MD -MP -MF .deps/fipsdrv.Tpo -c -o fipsdrv.o fipsdrv.c
mv -f .deps/fipsdrv.Tpo .deps/fipsdrv.Po
/ffp/bin/sh ../libtool --tag=CC   --mode=link gcc -I/ffp/include -g -O2 -fvisibility=hidden -Wall  -L/ffp/lib -Wl,-rpath,/ffp/lib -o fipsdrv fipsdrv.o ../src/libgcrypt.la  ../compat/libcompat.la -L/ffp/lib -lgpg-error 
libtool: link: gcc -I/ffp/include -g -O2 -fvisibility=hidden -Wall -Wl,-rpath -Wl,/ffp/lib -o .libs/fipsdrv fipsdrv.o  -L/ffp/lib ../src/.libs/libgcrypt.so ../compat/.libs/libcompat.a /ffp/lib/libgpg-error.so -Wl,-rpath -Wl,/ffp/lib
gcc -DHAVE_CONFIG_H -I. -I..  -I../src -I../src  -I/ffp/include -g -O2 -fvisibility=hidden -Wall -MT rsacvt.o -MD -MP -MF .deps/rsacvt.Tpo -c -o rsacvt.o rsacvt.c
mv -f .deps/rsacvt.Tpo .deps/rsacvt.Po
/ffp/bin/sh ../libtool --tag=CC   --mode=link gcc -I/ffp/include -g -O2 -fvisibility=hidden -Wall  -L/ffp/lib -Wl,-rpath,/ffp/lib -o rsacvt rsacvt.o ../src/libgcrypt.la  ../compat/libcompat.la -L/ffp/lib -lgpg-error 
libtool: link: gcc -I/ffp/include -g -O2 -fvisibility=hidden -Wall -Wl,-rpath -Wl,/ffp/lib -o .libs/rsacvt rsacvt.o  -L/ffp/lib ../src/.libs/libgcrypt.so ../compat/.libs/libcompat.a /ffp/lib/libgpg-error.so -Wl,-rpath -Wl,/ffp/lib
make[2]: Leaving directory `/tmp/libgcrypt.0A4Uc2/libgcrypt-1.5.0/tests'
make[2]: Entering directory `/tmp/libgcrypt.0A4Uc2/libgcrypt-1.5.0'
make[2]: Nothing to be done for `all-am'.
make[2]: Leaving directory `/tmp/libgcrypt.0A4Uc2/libgcrypt-1.5.0'
make[1]: Leaving directory `/tmp/libgcrypt.0A4Uc2/libgcrypt-1.5.0'
+ make DESTDIR=/tmp/libgcrypt.0A4Uc2/pkg install
Making install in compat
make[1]: Entering directory `/tmp/libgcrypt.0A4Uc2/libgcrypt-1.5.0/compat'
make[2]: Entering directory `/tmp/libgcrypt.0A4Uc2/libgcrypt-1.5.0/compat'
make[2]: Nothing to be done for `install-exec-am'.
make[2]: Nothing to be done for `install-data-am'.
make[2]: Leaving directory `/tmp/libgcrypt.0A4Uc2/libgcrypt-1.5.0/compat'
make[1]: Leaving directory `/tmp/libgcrypt.0A4Uc2/libgcrypt-1.5.0/compat'
Making install in mpi
make[1]: Entering directory `/tmp/libgcrypt.0A4Uc2/libgcrypt-1.5.0/mpi'
make[2]: Entering directory `/tmp/libgcrypt.0A4Uc2/libgcrypt-1.5.0/mpi'
make[2]: Nothing to be done for `install-exec-am'.
make[2]: Nothing to be done for `install-data-am'.
make[2]: Leaving directory `/tmp/libgcrypt.0A4Uc2/libgcrypt-1.5.0/mpi'
make[1]: Leaving directory `/tmp/libgcrypt.0A4Uc2/libgcrypt-1.5.0/mpi'
Making install in cipher
make[1]: Entering directory `/tmp/libgcrypt.0A4Uc2/libgcrypt-1.5.0/cipher'
make[2]: Entering directory `/tmp/libgcrypt.0A4Uc2/libgcrypt-1.5.0/cipher'
make[2]: Nothing to be done for `install-exec-am'.
make[2]: Nothing to be done for `install-data-am'.
make[2]: Leaving directory `/tmp/libgcrypt.0A4Uc2/libgcrypt-1.5.0/cipher'
make[1]: Leaving directory `/tmp/libgcrypt.0A4Uc2/libgcrypt-1.5.0/cipher'
Making install in random
make[1]: Entering directory `/tmp/libgcrypt.0A4Uc2/libgcrypt-1.5.0/random'
make[2]: Entering directory `/tmp/libgcrypt.0A4Uc2/libgcrypt-1.5.0/random'
make[2]: Nothing to be done for `install-exec-am'.
make[2]: Nothing to be done for `install-data-am'.
make[2]: Leaving directory `/tmp/libgcrypt.0A4Uc2/libgcrypt-1.5.0/random'
make[1]: Leaving directory `/tmp/libgcrypt.0A4Uc2/libgcrypt-1.5.0/random'
Making install in src
make[1]: Entering directory `/tmp/libgcrypt.0A4Uc2/libgcrypt-1.5.0/src'
make[2]: Entering directory `/tmp/libgcrypt.0A4Uc2/libgcrypt-1.5.0/src'
test -z "/ffp/lib" || /ffp/bin/mkdir -p "/tmp/libgcrypt.0A4Uc2/pkg/ffp/lib"
 /ffp/bin/sh ../libtool   --mode=install /ffp/bin/install -c   libgcrypt.la '/tmp/libgcrypt.0A4Uc2/pkg/ffp/lib'
libtool: install: /ffp/bin/install -c .libs/libgcrypt.so.11.7.0 /tmp/libgcrypt.0A4Uc2/pkg/ffp/lib/libgcrypt.so.11.7.0
libtool: install: (cd /tmp/libgcrypt.0A4Uc2/pkg/ffp/lib && { ln -s -f libgcrypt.so.11.7.0 libgcrypt.so.11 || { rm -f libgcrypt.so.11 && ln -s libgcrypt.so.11.7.0 libgcrypt.so.11; }; })
libtool: install: (cd /tmp/libgcrypt.0A4Uc2/pkg/ffp/lib && { ln -s -f libgcrypt.so.11.7.0 libgcrypt.so || { rm -f libgcrypt.so && ln -s libgcrypt.so.11.7.0 libgcrypt.so; }; })
libtool: install: /ffp/bin/install -c .libs/libgcrypt.lai /tmp/libgcrypt.0A4Uc2/pkg/ffp/lib/libgcrypt.la
libtool: install: warning: remember to run `libtool --finish /ffp/lib'
test -z "/ffp/bin" || /ffp/bin/mkdir -p "/tmp/libgcrypt.0A4Uc2/pkg/ffp/bin"
  /ffp/bin/sh ../libtool   --mode=install /ffp/bin/install -c dumpsexp hmac256 '/tmp/libgcrypt.0A4Uc2/pkg/ffp/bin'
libtool: install: /ffp/bin/install -c dumpsexp /tmp/libgcrypt.0A4Uc2/pkg/ffp/bin/dumpsexp
libtool: install: /ffp/bin/install -c hmac256 /tmp/libgcrypt.0A4Uc2/pkg/ffp/bin/hmac256
test -z "/ffp/bin" || /ffp/bin/mkdir -p "/tmp/libgcrypt.0A4Uc2/pkg/ffp/bin"
 /ffp/bin/install -c libgcrypt-config '/tmp/libgcrypt.0A4Uc2/pkg/ffp/bin'
test -z "/ffp/sbin" || /ffp/bin/mkdir -p "/tmp/libgcrypt.0A4Uc2/pkg/ffp/sbin"
test -z "/ffp/include" || /ffp/bin/mkdir -p "/tmp/libgcrypt.0A4Uc2/pkg/ffp/include"
 /ffp/bin/install -c -m 644 gcrypt.h gcrypt-module.h '/tmp/libgcrypt.0A4Uc2/pkg/ffp/include'
test -z "/ffp/share/aclocal" || /ffp/bin/mkdir -p "/tmp/libgcrypt.0A4Uc2/pkg/ffp/share/aclocal"
 /ffp/bin/install -c -m 644 libgcrypt.m4 '/tmp/libgcrypt.0A4Uc2/pkg/ffp/share/aclocal'
make[2]: Leaving directory `/tmp/libgcrypt.0A4Uc2/libgcrypt-1.5.0/src'
make[1]: Leaving directory `/tmp/libgcrypt.0A4Uc2/libgcrypt-1.5.0/src'
Making install in doc
make[1]: Entering directory `/tmp/libgcrypt.0A4Uc2/libgcrypt-1.5.0/doc'
make  install-am
make[2]: Entering directory `/tmp/libgcrypt.0A4Uc2/libgcrypt-1.5.0/doc'
make[3]: Entering directory `/tmp/libgcrypt.0A4Uc2/libgcrypt-1.5.0/doc'
make[3]: Nothing to be done for `install-exec-am'.
test -z "/ffp/share/info" || /ffp/bin/mkdir -p "/tmp/libgcrypt.0A4Uc2/pkg/ffp/share/info"
 /ffp/bin/install -c -m 644 ./gcrypt.info ./gcrypt.info-1 '/tmp/libgcrypt.0A4Uc2/pkg/ffp/share/info'
make[3]: Leaving directory `/tmp/libgcrypt.0A4Uc2/libgcrypt-1.5.0/doc'
make[2]: Leaving directory `/tmp/libgcrypt.0A4Uc2/libgcrypt-1.5.0/doc'
make[1]: Leaving directory `/tmp/libgcrypt.0A4Uc2/libgcrypt-1.5.0/doc'
Making install in tests
make[1]: Entering directory `/tmp/libgcrypt.0A4Uc2/libgcrypt-1.5.0/tests'
make[2]: Entering directory `/tmp/libgcrypt.0A4Uc2/libgcrypt-1.5.0/tests'
make[2]: Nothing to be done for `install-exec-am'.
make[2]: Nothing to be done for `install-data-am'.
make[2]: Leaving directory `/tmp/libgcrypt.0A4Uc2/libgcrypt-1.5.0/tests'
make[1]: Leaving directory `/tmp/libgcrypt.0A4Uc2/libgcrypt-1.5.0/tests'
make[1]: Entering directory `/tmp/libgcrypt.0A4Uc2/libgcrypt-1.5.0'
make[2]: Entering directory `/tmp/libgcrypt.0A4Uc2/libgcrypt-1.5.0'
make[2]: Nothing to be done for `install-exec-am'.
make[2]: Nothing to be done for `install-data-am'.
make[2]: Leaving directory `/tmp/libgcrypt.0A4Uc2/libgcrypt-1.5.0'
make[1]: Leaving directory `/tmp/libgcrypt.0A4Uc2/libgcrypt-1.5.0'
+ mkdir -p /tmp/libgcrypt.0A4Uc2/pkg/install
+ cp /ffp/home/root/src/libgcrypt/DESCR /ffp/home/root/src/libgcrypt/HOMEPAGE /tmp/libgcrypt.0A4Uc2/pkg/install/
+ cd /tmp/libgcrypt.0A4Uc2/pkg
+ makepkg libgcrypt 1.5.0 1
Creating /tmp/libgcrypt-1.5.0-arm-1.tar ...
