++ basename ./pango.funpkg .funpkg
+ PN=pango
+ PR=1
+ . ./config.ffp
++ GNU_HOST=
++ GNU_TARGET=
++ FFP_CFLAGS='-I/ffp/include -O2'
++ FFP_LDFLAGS='-L/ffp/lib -Wl,-rpath,/ffp/lib'
++ '[' '!' -d '' ']'
++ TMPDIR=/tmp
++ export TMPDIR
++ mandir=/ffp/share/man
++ infodir=/ffp/share/info
++ docdir=/ffp/share/doc
++ pwd
+ X=/ffp/home/root/fun_plug/ffp_packages/pango
++ mktemp -t -d pango.XXXXXX
+ W=/tmp/pango.EJo6Yx
+ D=/tmp/pango.EJo6Yx/pkg
+ cd /tmp/pango.EJo6Yx
+ cat /ffp/home/root/fun_plug/ffp_packages/pango/SRC_URI
+ xargs wget
--2012-12-11 12:15:03--  http://ftp.acc.umu.se/pub/GNOME/sources/pango/1.32/pango-1.32.3.tar.xz
Resolving ftp.acc.umu.se... 2001:6b0:e:2018::137, 130.239.18.137, 130.239.18.138
Connecting to ftp.acc.umu.se|2001:6b0:e:2018::137|:80... failed: Address family not supported by protocol.
Connecting to ftp.acc.umu.se|130.239.18.137|:80... connected.
HTTP request sent, awaiting response... 200 OK
Length: 1036360 (1012K) [application/x-tar]
Saving to: `pango-1.32.3.tar.xz'

     0K .......... .......... .......... .......... ..........  4%  223K 4s
    50K .......... .......... .......... .......... ..........  9%  677K 3s
   100K .......... .......... .......... .......... .......... 14% 1.17M 2s
   150K .......... .......... .......... .......... .......... 19%  605K 2s
   200K .......... .......... .......... .......... .......... 24% 1.90M 1s
   250K .......... .......... .......... .......... .......... 29% 1.15M 1s
   300K .......... .......... .......... .......... .......... 34% 1.44M 1s
   350K .......... .......... .......... .......... .......... 39% 1.42M 1s
   400K .......... .......... .......... .......... .......... 44% 1.44M 1s
   450K .......... .......... .......... .......... .......... 49% 1.44M 1s
   500K .......... .......... .......... .......... .......... 54% 1.42M 1s
   550K .......... .......... .......... .......... .......... 59% 1.44M 0s
   600K .......... .......... .......... .......... .......... 64% 1.44M 0s
   650K .......... .......... .......... .......... .......... 69% 1.42M 0s
   700K .......... .......... .......... .......... .......... 74% 1.45M 0s
   750K .......... .......... .......... .......... .......... 79% 1.44M 0s
   800K .......... .......... .......... .......... .......... 83% 1.40M 0s
   850K .......... .......... .......... .......... .......... 88% 1.44M 0s
   900K .......... .......... .......... .......... .......... 93% 1.42M 0s
   950K .......... .......... .......... .......... .......... 98% 1.44M 0s
  1000K .......... ..                                         100% 1.55M=1.0s

2012-12-11 12:15:04 (1.01 MB/s) - `pango-1.32.3.tar.xz' saved [1036360/1036360]

++ ls pango-1.32.3.tar.xz
++ egrep -o '[0-9][0-9.]*[0-9]'
+ PV=1.32.3
+ tar xf pango-1.32.3.tar.xz
+ cd pango-1.32.3 pango-1.32.3.tar.xz
++ ls /ffp/home/root/fun_plug/ffp_packages/pango/patches/001-configure.patch
+ for file in '`ls $X/patches/*.patch`'
+ patch -p0 -i /ffp/home/root/fun_plug/ffp_packages/pango/patches/001-configure.patch
patching file configure
+ LDFLAGS='-L/ffp/lib -Wl,-rpath,/ffp/lib'
+ ./configure --prefix=/ffp --build= --host= --mandir=/ffp/share/man --infodir=/ffp/share/info
checking for a BSD-compatible install... /ffp/bin/install -c
checking whether build environment is sane... yes
checking for a thread-safe mkdir -p... /ffp/bin/mkdir -p
checking for gawk... gawk
checking whether make sets $(MAKE)... yes
checking whether make supports nested variables... yes
checking build system type... armv5tejl-unknown-linux-gnueabi
checking host system type... armv5tejl-unknown-linux-gnueabi
checking for native Win32... no
checking for gcc... gcc
checking whether the C compiler works... yes
checking for C compiler default output file name... a.out
checking for suffix of executables... 
checking whether we are cross compiling... no
checking for suffix of object files... o
checking whether we are using the GNU C compiler... yes
checking whether gcc accepts -g... yes
checking for gcc option to accept ISO C89... none needed
checking for style of include used by make... GNU
checking dependency style of gcc... gcc3
checking for c++... c++
checking whether we are using the GNU C++ compiler... yes
checking whether c++ accepts -g... yes
checking dependency style of c++... gcc3
checking for sysconf... yes
checking for getpagesize... yes
checking how to run the C preprocessor... gcc -E
checking for grep that handles long lines and -e... /ffp/bin/grep
checking for egrep... /ffp/bin/grep -E
checking for ANSI C header files... yes
checking for sys/types.h... yes
checking for sys/stat.h... yes
checking for stdlib.h... yes
checking for string.h... yes
checking for memory.h... yes
checking for strings.h... yes
checking for inttypes.h... yes
checking for stdint.h... yes
checking for unistd.h... yes
checking for unistd.h... (cached) yes
checking sys/mman.h usability... yes
checking sys/mman.h presence... yes
checking for sys/mman.h... yes
checking how to print strings... printf
checking for a sed that does not truncate output... /ffp/bin/sed
checking for fgrep... /ffp/bin/grep -F
checking for ld used by gcc... /ffp/bin/ld
checking if the linker (/ffp/bin/ld) is GNU ld... yes
checking for BSD- or MS-compatible name lister (nm)... /ffp/bin/nm -B
checking the name lister (/ffp/bin/nm -B) interface... BSD nm
checking whether ln -s works... yes
checking the maximum length of command line arguments... 1572864
checking whether the shell understands some XSI constructs... yes
checking whether the shell understands "+="... yes
checking how to convert armv5tejl-unknown-linux-gnueabi file names to armv5tejl-unknown-linux-gnueabi format... func_convert_file_noop
checking how to convert armv5tejl-unknown-linux-gnueabi file names to toolchain format... func_convert_file_noop
checking for /ffp/bin/ld option to reload object files... -r
checking for objdump... objdump
checking how to recognize dependent libraries... pass_all
checking for dlltool... dlltool
checking how to associate runtime and link libraries... printf %s\n
checking for ar... ar
checking for archiver @FILE support... @
checking for strip... strip
checking for ranlib... ranlib
checking command to parse /ffp/bin/nm -B output from gcc object... ok
checking for sysroot... no
checking for mt... no
checking if : is a manifest tool... no
checking for dlfcn.h... yes
checking for objdir... .libs
checking if gcc supports -fno-rtti -fno-exceptions... no
checking for gcc option to produce PIC... -fPIC -DPIC
checking if gcc PIC flag -fPIC -DPIC works... yes
checking if gcc static flag -static works... yes
checking if gcc supports -c -o file.o... yes
checking if gcc supports -c -o file.o... (cached) yes
checking whether the gcc linker (/ffp/bin/ld) supports shared libraries... yes
checking whether -lc should be explicitly linked in... no
checking dynamic linker characteristics... GNU/Linux ld.so
checking how to hardcode library paths into programs... immediate
checking whether stripping libraries is possible... yes
checking if libtool supports shared libraries... yes
checking whether to build shared libraries... yes
checking whether to build static libraries... no
checking how to run the C++ preprocessor... c++ -E
checking for ld used by c++... /ffp/bin/ld
checking if the linker (/ffp/bin/ld) is GNU ld... yes
checking whether the c++ linker (/ffp/bin/ld) supports shared libraries... yes
checking for c++ option to produce PIC... -fPIC -DPIC
checking if c++ PIC flag -fPIC -DPIC works... yes
checking if c++ static flag -static works... yes
checking if c++ supports -c -o file.o... yes
checking if c++ supports -c -o file.o... (cached) yes
checking whether the c++ linker (/ffp/bin/ld) supports shared libraries... yes
checking dynamic linker characteristics... (cached) GNU/Linux ld.so
checking how to hardcode library paths into programs... immediate
configure: creating ./config.lt
config.lt: creating libtool
checking for some Win32 platform... no
checking for pkg-config... /ffp/bin/pkg-config
checking pkg-config is at least version 0.9.0... yes
checking for HARFBUZZ... yes
checking for FONTCONFIG... yes
checking for FREETYPE... yes
checking for XFT... no
checking for CoreText availability... no
checking for CAIRO... yes
checking which cairo font backends could be used... freetype 
checking for GLIB... yes
checking for LIBTHAI... no
checking for gobject-introspection... no
checking modules to link statically... 
checking dynamic modules to build... arabic-lang,basic-fc,basic-win32,basic-coretext,indic-lang, (those built into Pango will be excluded)
checking for flockfile... yes
checking for strtok_r... yes
checking for gtkdoc-check... no
checking for gtkdoc-rebase... no
checking for gtkdoc-mkpdf... no
checking whether to build gtk-doc documentation... no
checking Whether to write dependencies into .pc files... no
checking for dirent.h that defines DIR... yes
checking for library containing opendir... none required
checking for unistd.h... (cached) yes
checking that generated files are newer than configure... done
configure: creating ./config.status
config.status: creating Makefile
config.status: creating pango/Makefile
config.status: creating pango/mini-fribidi/Makefile
config.status: creating pango/pango.rc
config.status: creating pango/pangoft2.rc
config.status: creating pango/pangowin32.rc
config.status: creating pango/pangocairo.rc
config.status: creating pango/pangoxft.rc
config.status: creating pango-view/Makefile
config.status: creating modules/Makefile
config.status: creating modules/arabic/Makefile
config.status: creating modules/basic/Makefile
config.status: creating modules/indic/Makefile
config.status: creating modules/thai/Makefile
config.status: creating examples/Makefile
config.status: creating docs/Makefile
config.status: creating docs/version.xml
config.status: creating tools/Makefile
config.status: creating tests/Makefile
config.status: creating build/Makefile
config.status: creating build/win32/Makefile
config.status: creating build/win32/vs9/Makefile
config.status: creating build/win32/vs10/Makefile
config.status: creating pango.pc
config.status: creating pangowin32.pc
config.status: creating pangoft2.pc
config.status: creating pangoxft.pc
config.status: creating pangocairo.pc
config.status: creating pango-uninstalled.pc
config.status: creating pangowin32-uninstalled.pc
config.status: creating pangoft2-uninstalled.pc
config.status: creating pangoxft-uninstalled.pc
config.status: creating pangocairo-uninstalled.pc
config.status: creating pango-zip.sh
config.status: creating config.h.win32
config.status: creating tests/runtests.sh
config.status: creating config.h
config.status: executing depfiles commands
config.status: executing libtool commands
config.status: executing pango/module-defs.h commands
config.status: executing pango/module-defs-fc.c commands
config.status: executing pango/module-defs-win32.c commands
config.status: executing pango/module-defs-coretext.c commands
config.status: executing pango/module-defs-lang.c commands
config.status: executing pango/pango-features.h commands
config.status: creating pango/pango-features.h
config.status: pango/pango-features.h is unchanged
configuration:
	backends: Cairo FreeType
+ make
make  all-recursive
make[1]: Entering directory `/tmp/pango.EJo6Yx/pango-1.32.3'
Making all in pango
make[2]: Entering directory `/tmp/pango.EJo6Yx/pango-1.32.3/pango'
  GEN      s-enum-types-h
  GEN      s-enum-types-c
make  all-recursive
make[3]: Entering directory `/tmp/pango.EJo6Yx/pango-1.32.3/pango'
Making all in mini-fribidi
make[4]: Entering directory `/tmp/pango.EJo6Yx/pango-1.32.3/pango/mini-fribidi'
  CC       fribidi.lo
  CC       fribidi_char_type.lo
  CC       fribidi_types.lo
  CCLD     libmini-fribidi.la
make[4]: Leaving directory `/tmp/pango.EJo6Yx/pango-1.32.3/pango/mini-fribidi'
make[4]: Entering directory `/tmp/pango.EJo6Yx/pango-1.32.3/pango'
  CC       break.lo
  CC       ellipsize.lo
  CC       fonts.lo
  CC       glyphstring.lo
  CC       modules.lo
modules.c: In function 'init_modules':
modules.c:594:7: warning: 'g_type_init' is deprecated (declared at /ffp/include/glib-2.0/gobject/gtype.h:669)
  CC       pango-attributes.lo
  CC       pango-bidi-type.lo
  CC       pango-color.lo
  CC       pango-context.lo
pango-context.c: In function 'string_from_script':
pango-context.c:1375:3: warning: dereferencing type-punned pointer will break strict-aliasing rules
pango-context.c:1375:3: warning: dereferencing type-punned pointer will break strict-aliasing rules
pango-context.c:1376:5: warning: dereferencing type-punned pointer will break strict-aliasing rules
pango-context.c:1376:5: warning: dereferencing type-punned pointer will break strict-aliasing rules
  CC       pango-coverage.lo
  CC       pango-engine.lo
pango-engine.c: In function 'pango_fallback_engine_class_init':
pango-engine.c:199:23: warning: assignment from incompatible pointer type
pango-engine.c: In function '_pango_get_fallback_shaper':
pango-engine.c:206:3: warning: dereferencing type-punned pointer will break strict-aliasing rules
pango-engine.c:206:3: warning: dereferencing type-punned pointer will break strict-aliasing rules
pango-engine.c:207:5: warning: dereferencing type-punned pointer will break strict-aliasing rules
pango-engine.c:207:5: warning: dereferencing type-punned pointer will break strict-aliasing rules
  CC       pango-fontmap.lo
  CC       pango-fontset.lo
  CC       pango-glyph-item.lo
  CC       pango-gravity.lo
  CC       pango-item.lo
  CC       pango-language.lo
In file included from pango-language.c:506:0:
pango-language-sample-table.h:53:17: warning: extra tokens at end of #ifndef directive
In file included from pango-language.c:516:0:
pango-language-sample-table.h:53:17: warning: extra tokens at end of #ifndef directive
In file included from pango-language.c:521:0:
pango-language-sample-table.h:53:17: warning: extra tokens at end of #ifndef directive
  CC       pango-layout.lo
  CC       pango-markup.lo
  CC       pango-matrix.lo
  CC       pango-renderer.lo
  CC       pango-script.lo
  CC       pango-tabs.lo
  CC       pango-utils.lo
pango-utils.c: In function 'read_config':
pango-utils.c:619:3: warning: dereferencing type-punned pointer will break strict-aliasing rules
pango-utils.c:619:3: warning: dereferencing type-punned pointer will break strict-aliasing rules
pango-utils.c:638:7: warning: dereferencing type-punned pointer will break strict-aliasing rules
pango-utils.c:638:7: warning: dereferencing type-punned pointer will break strict-aliasing rules
pango-utils.c: In function 'pango_get_sysconf_subdirectory':
pango-utils.c:731:3: warning: dereferencing type-punned pointer will break strict-aliasing rules
pango-utils.c:731:3: warning: dereferencing type-punned pointer will break strict-aliasing rules
pango-utils.c:745:7: warning: dereferencing type-punned pointer will break strict-aliasing rules
pango-utils.c:745:7: warning: dereferencing type-punned pointer will break strict-aliasing rules
pango-utils.c: In function 'pango_get_lib_subdirectory':
pango-utils.c:766:3: warning: dereferencing type-punned pointer will break strict-aliasing rules
pango-utils.c:766:3: warning: dereferencing type-punned pointer will break strict-aliasing rules
pango-utils.c:786:7: warning: dereferencing type-punned pointer will break strict-aliasing rules
pango-utils.c:786:7: warning: dereferencing type-punned pointer will break strict-aliasing rules
  CC       reorder-items.lo
  CC       shape.lo
  CC       pango-enum-types.lo
  CC       module-defs-lang.lo
  CCLD     libpango-1.0.la
  CC       pangofc-font.lo
  CC       pangofc-fontmap.lo
pangofc-fontmap.c: In function 'get_gravity_class':
pangofc-fontmap.c:240:3: warning: dereferencing type-punned pointer will break strict-aliasing rules
pangofc-fontmap.c:240:3: warning: dereferencing type-punned pointer will break strict-aliasing rules
pangofc-fontmap.c:241:5: warning: dereferencing type-punned pointer will break strict-aliasing rules
pangofc-fontmap.c:241:5: warning: dereferencing type-punned pointer will break strict-aliasing rules
  CC       pangofc-decoder.lo
  CC       pangoft2.lo
pangoft2.c: In function 'pango_ft2_font_real_lock_face':
pangoft2.c:427:3: warning: 'pango_ft2_font_get_face' is deprecated (declared at pangoft2.c:168): Use 'pango_fc_font_lock_face' instead
pangoft2.c: In function 'pango_ft2_get_unknown_glyph':
pangoft2.c:502:3: warning: 'pango_ft2_font_get_face' is deprecated (declared at pangoft2.c:168): Use 'pango_fc_font_lock_face' instead
  CC       module-defs-fc.lo
  CC       pangoft2-fontmap.lo
pangoft2-fontmap.c: In function 'pango_ft2_font_map_new':
pangoft2-fontmap.c:131:3: warning: 'g_type_init' is deprecated (declared at /ffp/include/glib-2.0/gobject/gtype.h:669)
pangoft2-fontmap.c: In function 'pango_ft2_get_context':
pangoft2-fontmap.c:252:3: warning: 'pango_ft2_font_map_for_display' is deprecated (declared at ../pango/pangoft2.h:101): Use 'pango_ft2_font_map_new' instead
pangoft2-fontmap.c: In function 'pango_ft2_font_map_for_display':
pangoft2-fontmap.c:272:3: warning: dereferencing type-punned pointer will break strict-aliasing rules
pangoft2-fontmap.c:272:3: warning: dereferencing type-punned pointer will break strict-aliasing rules
pangoft2-fontmap.c:273:5: warning: dereferencing type-punned pointer will break strict-aliasing rules
pangoft2-fontmap.c:273:5: warning: dereferencing type-punned pointer will break strict-aliasing rules
  CC       pangoft2-render.lo
pangoft2-render.c: In function 'pango_ft2_font_render_glyph':
pangoft2-render.c:213:3: warning: 'pango_ft2_font_get_face' is deprecated (declared at ../pango/pangoft2.h:112): Use 'pango_fc_font_lock_face' instead
  CC       pango-ot-buffer.lo
  CC       pango-ot-info.lo
  CC       pango-ot-ruleset.lo
  CC       pango-ot-tag.lo
  CCLD     libpangoft2-1.0.la
  CC       pangocairo-context.lo
  CC       pangocairo-font.lo
  CC       pangocairo-fontmap.lo
pangocairo-fontmap.c: In function 'pango_cairo_font_map_new':
pangocairo-fontmap.c:70:3: warning: 'g_type_init' is deprecated (declared at /ffp/include/glib-2.0/gobject/gtype.h:669)
pangocairo-fontmap.c: In function 'pango_cairo_font_map_new_for_font_type':
pangocairo-fontmap.c:106:3: warning: 'g_type_init' is deprecated (declared at /ffp/include/glib-2.0/gobject/gtype.h:669)
pangocairo-fontmap.c: In function 'pango_cairo_font_map_get_default':
pangocairo-fontmap.c:152:3: warning: dereferencing type-punned pointer will break strict-aliasing rules
pangocairo-fontmap.c:152:3: warning: dereferencing type-punned pointer will break strict-aliasing rules
pangocairo-fontmap.c:153:5: warning: dereferencing type-punned pointer will break strict-aliasing rules
pangocairo-fontmap.c:153:5: warning: dereferencing type-punned pointer will break strict-aliasing rules
  CC       pangocairo-render.lo
  CC       pangocairo-fcfont.lo
pangocairo-fcfont.c: In function 'get_gravity_class':
pangocairo-fcfont.c:190:3: warning: dereferencing type-punned pointer will break strict-aliasing rules
pangocairo-fcfont.c:190:3: warning: dereferencing type-punned pointer will break strict-aliasing rules
pangocairo-fcfont.c:191:5: warning: dereferencing type-punned pointer will break strict-aliasing rules
pangocairo-fcfont.c:191:5: warning: dereferencing type-punned pointer will break strict-aliasing rules
  CC       pangocairo-fcfontmap.lo
  CCLD     libpangocairo-1.0.la
  CC       querymodules.o
querymodules.c: In function 'main':
querymodules.c:241:3: warning: 'g_type_init' is deprecated (declared at /ffp/include/glib-2.0/gobject/gtype.h:669)
  CCLD     pango-querymodules
make[4]: Leaving directory `/tmp/pango.EJo6Yx/pango-1.32.3/pango'
make[3]: Leaving directory `/tmp/pango.EJo6Yx/pango-1.32.3/pango'
make[2]: Leaving directory `/tmp/pango.EJo6Yx/pango-1.32.3/pango'
Making all in modules
make[2]: Entering directory `/tmp/pango.EJo6Yx/pango-1.32.3/modules'
Making all in arabic
make[3]: Entering directory `/tmp/pango.EJo6Yx/pango-1.32.3/modules/arabic'
  CC       arabic-lang.lo
  CCLD     pango-arabic-lang.la
make[3]: Leaving directory `/tmp/pango.EJo6Yx/pango-1.32.3/modules/arabic'
Making all in basic
make[3]: Entering directory `/tmp/pango.EJo6Yx/pango-1.32.3/modules/basic'
  CC       basic-fc.lo
  CCLD     pango-basic-fc.la
make[3]: Leaving directory `/tmp/pango.EJo6Yx/pango-1.32.3/modules/basic'
Making all in indic
make[3]: Entering directory `/tmp/pango.EJo6Yx/pango-1.32.3/modules/indic'
  CC       indic-lang.lo
  CCLD     pango-indic-lang.la
make[3]: Leaving directory `/tmp/pango.EJo6Yx/pango-1.32.3/modules/indic'
Making all in thai
make[3]: Entering directory `/tmp/pango.EJo6Yx/pango-1.32.3/modules/thai'
make[3]: Nothing to be done for `all'.
make[3]: Leaving directory `/tmp/pango.EJo6Yx/pango-1.32.3/modules/thai'
make[3]: Entering directory `/tmp/pango.EJo6Yx/pango-1.32.3/modules'
  GEN      pango.modules
Writing a pango.modules file to use with tests/examples.
make[3]: Leaving directory `/tmp/pango.EJo6Yx/pango-1.32.3/modules'
make[2]: Leaving directory `/tmp/pango.EJo6Yx/pango-1.32.3/modules'
Making all in pango-view
make[2]: Entering directory `/tmp/pango.EJo6Yx/pango-1.32.3/pango-view'
cp ./../modules/pangorc pangorc
make  all-am
make[3]: Entering directory `/tmp/pango.EJo6Yx/pango-1.32.3/pango-view'
  CC       viewer-render.o
  CC       viewer-main.o
viewer-main.c: In function 'main':
viewer-main.c:50:3: warning: 'g_type_init' is deprecated (declared at /ffp/include/glib-2.0/gobject/gtype.h:669)
  CC       pango-view.o
  CC       viewer-pangoft2.o
  CC       viewer-cairo.o
  CC       viewer-pangocairo.o
  CCLD     pango-view
  GEN      pango-view.1
make[4]: Entering directory `/tmp/pango.EJo6Yx/pango-1.32.3/pango-view'
make[4]: `pango-view.1.in' is up to date.
make[4]: Leaving directory `/tmp/pango.EJo6Yx/pango-1.32.3/pango-view'
make[3]: Leaving directory `/tmp/pango.EJo6Yx/pango-1.32.3/pango-view'
make[2]: Leaving directory `/tmp/pango.EJo6Yx/pango-1.32.3/pango-view'
Making all in examples
make[2]: Entering directory `/tmp/pango.EJo6Yx/pango-1.32.3/examples'
  CC       cairosimple.o
  CCLD     cairosimple
  CC       cairotwisted.o
cairotwisted.c: In function 'point_on_path':
cairotwisted.c:328:42: warning: 'current_point.point.x' may be used uninitialized in this function
cairotwisted.c:328:42: warning: 'current_point.point.y' may be used uninitialized in this function
cairotwisted.c: In function 'draw_twisted':
cairotwisted.c:221:42: warning: 'current_point$point$x' may be used uninitialized in this function
cairotwisted.c:221:42: note: 'current_point$point$x' was declared here
cairotwisted.c:221:42: warning: 'current_point$point$y' may be used uninitialized in this function
cairotwisted.c:221:42: note: 'current_point$point$y' was declared here
  CCLD     cairotwisted
  CC       cairoshape.o
  CCLD     cairoshape
make[2]: Leaving directory `/tmp/pango.EJo6Yx/pango-1.32.3/examples'
Making all in docs
make[2]: Entering directory `/tmp/pango.EJo6Yx/pango-1.32.3/docs'
make  all-am
make[3]: Entering directory `/tmp/pango.EJo6Yx/pango-1.32.3/docs'
make[3]: Nothing to be done for `all-am'.
make[3]: Leaving directory `/tmp/pango.EJo6Yx/pango-1.32.3/docs'
make[2]: Leaving directory `/tmp/pango.EJo6Yx/pango-1.32.3/docs'
Making all in tools
make[2]: Entering directory `/tmp/pango.EJo6Yx/pango-1.32.3/tools'
make[2]: Nothing to be done for `all'.
make[2]: Leaving directory `/tmp/pango.EJo6Yx/pango-1.32.3/tools'
Making all in tests
make[2]: Entering directory `/tmp/pango.EJo6Yx/pango-1.32.3/tests'
  CC       gen-all-unicode.o
cp ./../modules/pangorc pangorc
  CCLD     gen-all-unicode
  CC       dump-boundaries.o
  CCLD     dump-boundaries
make[2]: Leaving directory `/tmp/pango.EJo6Yx/pango-1.32.3/tests'
Making all in build
make[2]: Entering directory `/tmp/pango.EJo6Yx/pango-1.32.3/build'
Making all in win32
make[3]: Entering directory `/tmp/pango.EJo6Yx/pango-1.32.3/build/win32'
Making all in vs9
make[4]: Entering directory `/tmp/pango.EJo6Yx/pango-1.32.3/build/win32/vs9'
make[4]: Nothing to be done for `all'.
make[4]: Leaving directory `/tmp/pango.EJo6Yx/pango-1.32.3/build/win32/vs9'
Making all in vs10
make[4]: Entering directory `/tmp/pango.EJo6Yx/pango-1.32.3/build/win32/vs10'
make[4]: Nothing to be done for `all'.
make[4]: Leaving directory `/tmp/pango.EJo6Yx/pango-1.32.3/build/win32/vs10'
make[4]: Entering directory `/tmp/pango.EJo6Yx/pango-1.32.3/build/win32'
make[4]: Nothing to be done for `all-am'.
make[4]: Leaving directory `/tmp/pango.EJo6Yx/pango-1.32.3/build/win32'
make[3]: Leaving directory `/tmp/pango.EJo6Yx/pango-1.32.3/build/win32'
make[3]: Entering directory `/tmp/pango.EJo6Yx/pango-1.32.3/build'
make[3]: Nothing to be done for `all-am'.
make[3]: Leaving directory `/tmp/pango.EJo6Yx/pango-1.32.3/build'
make[2]: Leaving directory `/tmp/pango.EJo6Yx/pango-1.32.3/build'
make[2]: Entering directory `/tmp/pango.EJo6Yx/pango-1.32.3'
make[2]: Nothing to be done for `all-am'.
make[2]: Leaving directory `/tmp/pango.EJo6Yx/pango-1.32.3'
make[1]: Leaving directory `/tmp/pango.EJo6Yx/pango-1.32.3'
+ make DESTDIR=/tmp/pango.EJo6Yx/pkg install
Making install in pango
make[1]: Entering directory `/tmp/pango.EJo6Yx/pango-1.32.3/pango'
make  install-recursive
make[2]: Entering directory `/tmp/pango.EJo6Yx/pango-1.32.3/pango'
Making install in mini-fribidi
make[3]: Entering directory `/tmp/pango.EJo6Yx/pango-1.32.3/pango/mini-fribidi'
make[4]: Entering directory `/tmp/pango.EJo6Yx/pango-1.32.3/pango/mini-fribidi'
make[4]: Nothing to be done for `install-exec-am'.
make[4]: Nothing to be done for `install-data-am'.
make[4]: Leaving directory `/tmp/pango.EJo6Yx/pango-1.32.3/pango/mini-fribidi'
make[3]: Leaving directory `/tmp/pango.EJo6Yx/pango-1.32.3/pango/mini-fribidi'
make[3]: Entering directory `/tmp/pango.EJo6Yx/pango-1.32.3/pango'
make[4]: Entering directory `/tmp/pango.EJo6Yx/pango-1.32.3/pango'
 /ffp/bin/mkdir -p '/tmp/pango.EJo6Yx/pkg/ffp/lib'
 /ffp/bin/sh ../libtool   --mode=install /ffp/bin/install -c   libpango-1.0.la libpangoft2-1.0.la libpangocairo-1.0.la '/tmp/pango.EJo6Yx/pkg/ffp/lib'
libtool: install: /ffp/bin/install -c .libs/libpango-1.0.so.0.3200.3 /tmp/pango.EJo6Yx/pkg/ffp/lib/libpango-1.0.so.0.3200.3
libtool: install: (cd /tmp/pango.EJo6Yx/pkg/ffp/lib && { ln -s -f libpango-1.0.so.0.3200.3 libpango-1.0.so.0 || { rm -f libpango-1.0.so.0 && ln -s libpango-1.0.so.0.3200.3 libpango-1.0.so.0; }; })
libtool: install: (cd /tmp/pango.EJo6Yx/pkg/ffp/lib && { ln -s -f libpango-1.0.so.0.3200.3 libpango-1.0.so || { rm -f libpango-1.0.so && ln -s libpango-1.0.so.0.3200.3 libpango-1.0.so; }; })
libtool: install: /ffp/bin/install -c .libs/libpango-1.0.lai /tmp/pango.EJo6Yx/pkg/ffp/lib/libpango-1.0.la
libtool: install: warning: relinking `libpangoft2-1.0.la'
libtool: install: (cd /tmp/pango.EJo6Yx/pango-1.32.3/pango; /ffp/bin/sh /tmp/pango.EJo6Yx/pango-1.32.3/libtool  --silent --tag CC --mode=relink gcc -g -O2 -Wall -version-info 3200:3:3200 -export-symbols-regex "^pango_.*" -L/ffp/lib -Wl,-rpath,/ffp/lib -o libpangoft2-1.0.la -rpath /ffp/lib pangofc-font.lo pangofc-fontmap.lo pangofc-decoder.lo pangoft2.lo module-defs-fc.lo pangoft2-fontmap.lo pangoft2-render.lo pango-ot-buffer.lo pango-ot-info.lo pango-ot-ruleset.lo pango-ot-tag.lo libpango-1.0.la -pthread -L/ffp/lib -lgobject-2.0 -lgmodule-2.0 -lglib-2.0 -lintl -L/ffp/lib -lharfbuzz -L/ffp/lib -lfreetype -L/ffp/lib -lfontconfig -lm -inst-prefix-dir /tmp/pango.EJo6Yx/pkg)
libtool: install: /ffp/bin/install -c .libs/libpangoft2-1.0.so.0.3200.3T /tmp/pango.EJo6Yx/pkg/ffp/lib/libpangoft2-1.0.so.0.3200.3
libtool: install: (cd /tmp/pango.EJo6Yx/pkg/ffp/lib && { ln -s -f libpangoft2-1.0.so.0.3200.3 libpangoft2-1.0.so.0 || { rm -f libpangoft2-1.0.so.0 && ln -s libpangoft2-1.0.so.0.3200.3 libpangoft2-1.0.so.0; }; })
libtool: install: (cd /tmp/pango.EJo6Yx/pkg/ffp/lib && { ln -s -f libpangoft2-1.0.so.0.3200.3 libpangoft2-1.0.so || { rm -f libpangoft2-1.0.so && ln -s libpangoft2-1.0.so.0.3200.3 libpangoft2-1.0.so; }; })
libtool: install: /ffp/bin/install -c .libs/libpangoft2-1.0.lai /tmp/pango.EJo6Yx/pkg/ffp/lib/libpangoft2-1.0.la
libtool: install: warning: relinking `libpangocairo-1.0.la'
libtool: install: (cd /tmp/pango.EJo6Yx/pango-1.32.3/pango; /ffp/bin/sh /tmp/pango.EJo6Yx/pango-1.32.3/libtool  --silent --tag CC --mode=relink gcc -g -O2 -Wall -version-info 3200:3:3200 -export-symbols-regex "^pango_.*" -L/ffp/lib -Wl,-rpath,/ffp/lib -o libpangocairo-1.0.la -rpath /ffp/lib pangocairo-context.lo pangocairo-font.lo pangocairo-fontmap.lo pangocairo-render.lo pangocairo-fcfont.lo pangocairo-fcfontmap.lo libpango-1.0.la -pthread -L/ffp/lib -lgobject-2.0 -lgmodule-2.0 -lglib-2.0 -lintl -L/ffp/lib -lcairo -lm libpangoft2-1.0.la -L/ffp/lib -lfreetype -L/ffp/lib -lfontconfig -inst-prefix-dir /tmp/pango.EJo6Yx/pkg)
libtool: install: /ffp/bin/install -c .libs/libpangocairo-1.0.so.0.3200.3T /tmp/pango.EJo6Yx/pkg/ffp/lib/libpangocairo-1.0.so.0.3200.3
libtool: install: (cd /tmp/pango.EJo6Yx/pkg/ffp/lib && { ln -s -f libpangocairo-1.0.so.0.3200.3 libpangocairo-1.0.so.0 || { rm -f libpangocairo-1.0.so.0 && ln -s libpangocairo-1.0.so.0.3200.3 libpangocairo-1.0.so.0; }; })
libtool: install: (cd /tmp/pango.EJo6Yx/pkg/ffp/lib && { ln -s -f libpangocairo-1.0.so.0.3200.3 libpangocairo-1.0.so || { rm -f libpangocairo-1.0.so && ln -s libpangocairo-1.0.so.0.3200.3 libpangocairo-1.0.so; }; })
libtool: install: /ffp/bin/install -c .libs/libpangocairo-1.0.lai /tmp/pango.EJo6Yx/pkg/ffp/lib/libpangocairo-1.0.la
libtool: install: warning: remember to run `libtool --finish /ffp/lib'
 /ffp/bin/mkdir -p '/tmp/pango.EJo6Yx/pkg/ffp/bin'
  /ffp/bin/sh ../libtool   --mode=install /ffp/bin/install -c pango-querymodules '/tmp/pango.EJo6Yx/pkg/ffp/bin'
libtool: install: warning: `libpangoft2-1.0.la' has not been installed in `/ffp/lib'
libtool: install: warning: `/tmp/pango.EJo6Yx/pango-1.32.3/pango/libpango-1.0.la' has not been installed in `/ffp/lib'
libtool: install: warning: `libpango-1.0.la' has not been installed in `/ffp/lib'
libtool: install: /ffp/bin/install -c .libs/pango-querymodules /tmp/pango.EJo6Yx/pkg/ffp/bin/pango-querymodules
make  install-exec-hook
make[5]: Entering directory `/tmp/pango.EJo6Yx/pango-1.32.3/pango'
for i in libpangoft2-1.0.la libpangoxft-1.0.la libpangowin32-1.0.la; do \
	  test -f /tmp/pango.EJo6Yx/pkg/ffp/lib/$i && /ffp/bin/sh ../sanitize-la.sh /tmp/pango.EJo6Yx/pkg/ffp/lib/$i ; \
	done
make[5]: [install-exec-hook] Error 1 (ignored)
make[5]: Leaving directory `/tmp/pango.EJo6Yx/pango-1.32.3/pango'
 /ffp/bin/mkdir -p '/tmp/pango.EJo6Yx/pkg/ffp/include/pango-1.0/pango'
 /ffp/bin/install -c -m 644 pango.h pango-attributes.h pango-bidi-type.h pango-break.h pango-context.h pango-coverage.h pango-engine.h pango-font.h pango-fontmap.h pango-fontset.h pango-glyph.h pango-glyph-item.h pango-gravity.h pango-item.h pango-language.h pango-layout.h pango-matrix.h pango-modules.h pango-renderer.h pango-script.h pango-tabs.h pango-types.h pango-utils.h pango-features.h pango-enum-types.h pango-ot.h pangofc-font.h pangofc-fontmap.h pangofc-decoder.h pangoft2.h pangocairo.h '/tmp/pango.EJo6Yx/pkg/ffp/include/pango-1.0/pango'
make[4]: Leaving directory `/tmp/pango.EJo6Yx/pango-1.32.3/pango'
make[3]: Leaving directory `/tmp/pango.EJo6Yx/pango-1.32.3/pango'
make[2]: Leaving directory `/tmp/pango.EJo6Yx/pango-1.32.3/pango'
make[1]: Leaving directory `/tmp/pango.EJo6Yx/pango-1.32.3/pango'
Making install in modules
make[1]: Entering directory `/tmp/pango.EJo6Yx/pango-1.32.3/modules'
Making install in arabic
make[2]: Entering directory `/tmp/pango.EJo6Yx/pango-1.32.3/modules/arabic'
make[3]: Entering directory `/tmp/pango.EJo6Yx/pango-1.32.3/modules/arabic'
make[3]: Nothing to be done for `install-exec-am'.
 /ffp/bin/mkdir -p '/tmp/pango.EJo6Yx/pkg/ffp/lib/pango/1.8.0/modules'
 /ffp/bin/sh ../../libtool   --mode=install /ffp/bin/install -c   pango-arabic-lang.la '/tmp/pango.EJo6Yx/pkg/ffp/lib/pango/1.8.0/modules'
libtool: install: warning: relinking `pango-arabic-lang.la'
libtool: install: (cd /tmp/pango.EJo6Yx/pango-1.32.3/modules/arabic; /ffp/bin/sh /tmp/pango.EJo6Yx/pango-1.32.3/libtool  --silent --tag CC --mode=relink gcc -g -O2 -Wall -module -export-dynamic -avoid-version -export-symbols-regex "^script_engine_.*" -L/ffp/lib -Wl,-rpath,/ffp/lib -o pango-arabic-lang.la -rpath /ffp/lib/pango/1.8.0/modules arabic-lang.lo -pthread -L/ffp/lib -lgobject-2.0 -lgmodule-2.0 -lglib-2.0 -lintl ../../pango/libpango-1.0.la -inst-prefix-dir /tmp/pango.EJo6Yx/pkg)
libtool: install: /ffp/bin/install -c .libs/pango-arabic-lang.soT /tmp/pango.EJo6Yx/pkg/ffp/lib/pango/1.8.0/modules/pango-arabic-lang.so
libtool: install: /ffp/bin/install -c .libs/pango-arabic-lang.lai /tmp/pango.EJo6Yx/pkg/ffp/lib/pango/1.8.0/modules/pango-arabic-lang.la
libtool: install: warning: remember to run `libtool --finish /ffp/lib/pango/1.8.0/modules'
make[3]: Leaving directory `/tmp/pango.EJo6Yx/pango-1.32.3/modules/arabic'
make[2]: Leaving directory `/tmp/pango.EJo6Yx/pango-1.32.3/modules/arabic'
Making install in basic
make[2]: Entering directory `/tmp/pango.EJo6Yx/pango-1.32.3/modules/basic'
make[3]: Entering directory `/tmp/pango.EJo6Yx/pango-1.32.3/modules/basic'
make[3]: Nothing to be done for `install-exec-am'.
 /ffp/bin/mkdir -p '/tmp/pango.EJo6Yx/pkg/ffp/lib/pango/1.8.0/modules'
 /ffp/bin/sh ../../libtool   --mode=install /ffp/bin/install -c   pango-basic-fc.la '/tmp/pango.EJo6Yx/pkg/ffp/lib/pango/1.8.0/modules'
libtool: install: warning: relinking `pango-basic-fc.la'
libtool: install: (cd /tmp/pango.EJo6Yx/pango-1.32.3/modules/basic; /ffp/bin/sh /tmp/pango.EJo6Yx/pango-1.32.3/libtool  --silent --tag CC --mode=relink gcc -g -O2 -Wall -module -export-dynamic -avoid-version -export-symbols-regex "^script_engine_.*" -L/ffp/lib -Wl,-rpath,/ffp/lib -o pango-basic-fc.la -rpath /ffp/lib/pango/1.8.0/modules basic-fc.lo -pthread -L/ffp/lib -lgobject-2.0 -lgmodule-2.0 -lglib-2.0 -lintl ../../pango/libpango-1.0.la ../../pango/libpangoft2-1.0.la -L/ffp/lib -lfreetype -L/ffp/lib -lfontconfig -inst-prefix-dir /tmp/pango.EJo6Yx/pkg)
libtool: install: /ffp/bin/install -c .libs/pango-basic-fc.soT /tmp/pango.EJo6Yx/pkg/ffp/lib/pango/1.8.0/modules/pango-basic-fc.so
libtool: install: /ffp/bin/install -c .libs/pango-basic-fc.lai /tmp/pango.EJo6Yx/pkg/ffp/lib/pango/1.8.0/modules/pango-basic-fc.la
libtool: install: warning: remember to run `libtool --finish /ffp/lib/pango/1.8.0/modules'
make[3]: Leaving directory `/tmp/pango.EJo6Yx/pango-1.32.3/modules/basic'
make[2]: Leaving directory `/tmp/pango.EJo6Yx/pango-1.32.3/modules/basic'
Making install in indic
make[2]: Entering directory `/tmp/pango.EJo6Yx/pango-1.32.3/modules/indic'
make[3]: Entering directory `/tmp/pango.EJo6Yx/pango-1.32.3/modules/indic'
make[3]: Nothing to be done for `install-exec-am'.
 /ffp/bin/mkdir -p '/tmp/pango.EJo6Yx/pkg/ffp/lib/pango/1.8.0/modules'
 /ffp/bin/sh ../../libtool   --mode=install /ffp/bin/install -c   pango-indic-lang.la '/tmp/pango.EJo6Yx/pkg/ffp/lib/pango/1.8.0/modules'
libtool: install: warning: relinking `pango-indic-lang.la'
libtool: install: (cd /tmp/pango.EJo6Yx/pango-1.32.3/modules/indic; /ffp/bin/sh /tmp/pango.EJo6Yx/pango-1.32.3/libtool  --silent --tag CC --mode=relink gcc -g -O2 -Wall -module -export-dynamic -avoid-version -export-symbols-regex "^script_engine_.*" -L/ffp/lib -Wl,-rpath,/ffp/lib -o pango-indic-lang.la -rpath /ffp/lib/pango/1.8.0/modules indic-lang.lo -pthread -L/ffp/lib -lgobject-2.0 -lgmodule-2.0 -lglib-2.0 -lintl ../../pango/libpango-1.0.la -inst-prefix-dir /tmp/pango.EJo6Yx/pkg)
libtool: install: /ffp/bin/install -c .libs/pango-indic-lang.soT /tmp/pango.EJo6Yx/pkg/ffp/lib/pango/1.8.0/modules/pango-indic-lang.so
libtool: install: /ffp/bin/install -c .libs/pango-indic-lang.lai /tmp/pango.EJo6Yx/pkg/ffp/lib/pango/1.8.0/modules/pango-indic-lang.la
libtool: install: warning: remember to run `libtool --finish /ffp/lib/pango/1.8.0/modules'
make[3]: Leaving directory `/tmp/pango.EJo6Yx/pango-1.32.3/modules/indic'
make[2]: Leaving directory `/tmp/pango.EJo6Yx/pango-1.32.3/modules/indic'
Making install in thai
make[2]: Entering directory `/tmp/pango.EJo6Yx/pango-1.32.3/modules/thai'
make[3]: Entering directory `/tmp/pango.EJo6Yx/pango-1.32.3/modules/thai'
make[3]: Nothing to be done for `install-exec-am'.
make[3]: Leaving directory `/tmp/pango.EJo6Yx/pango-1.32.3/modules/thai'
make[2]: Leaving directory `/tmp/pango.EJo6Yx/pango-1.32.3/modules/thai'
make[2]: Entering directory `/tmp/pango.EJo6Yx/pango-1.32.3/modules'
make[3]: Entering directory `/tmp/pango.EJo6Yx/pango-1.32.3/modules'
make[3]: Nothing to be done for `install-exec-am'.
***
*** Warning: /ffp/etc/pango/pango.modules
*** not created
*** Generate this file on the target system
*** using pango-querymodules
***
make[3]: Leaving directory `/tmp/pango.EJo6Yx/pango-1.32.3/modules'
make[2]: Leaving directory `/tmp/pango.EJo6Yx/pango-1.32.3/modules'
make[1]: Leaving directory `/tmp/pango.EJo6Yx/pango-1.32.3/modules'
Making install in pango-view
make[1]: Entering directory `/tmp/pango.EJo6Yx/pango-1.32.3/pango-view'
make  install-am
make[2]: Entering directory `/tmp/pango.EJo6Yx/pango-1.32.3/pango-view'
make[3]: Entering directory `/tmp/pango.EJo6Yx/pango-1.32.3/pango-view'
 /ffp/bin/mkdir -p '/tmp/pango.EJo6Yx/pkg/ffp/bin'
  /ffp/bin/sh ../libtool   --mode=install /ffp/bin/install -c pango-view '/tmp/pango.EJo6Yx/pkg/ffp/bin'
libtool: install: warning: `../pango/libpango-1.0.la' has not been installed in `/ffp/lib'
libtool: install: warning: `../pango/libpangoft2-1.0.la' has not been installed in `/ffp/lib'
libtool: install: warning: `../pango/libpangocairo-1.0.la' has not been installed in `/ffp/lib'
libtool: install: warning: `/tmp/pango.EJo6Yx/pango-1.32.3/pango/libpangoft2-1.0.la' has not been installed in `/ffp/lib'
libtool: install: warning: `/tmp/pango.EJo6Yx/pango-1.32.3/pango/libpango-1.0.la' has not been installed in `/ffp/lib'
libtool: install: /ffp/bin/install -c .libs/pango-view /tmp/pango.EJo6Yx/pkg/ffp/bin/pango-view
 /ffp/bin/mkdir -p '/tmp/pango.EJo6Yx/pkg/ffp/share/man/man1'
 /ffp/bin/install -c -m 644 pango-view.1 '/tmp/pango.EJo6Yx/pkg/ffp/share/man/man1'
make[3]: Leaving directory `/tmp/pango.EJo6Yx/pango-1.32.3/pango-view'
make[2]: Leaving directory `/tmp/pango.EJo6Yx/pango-1.32.3/pango-view'
make[1]: Leaving directory `/tmp/pango.EJo6Yx/pango-1.32.3/pango-view'
Making install in examples
make[1]: Entering directory `/tmp/pango.EJo6Yx/pango-1.32.3/examples'
make[2]: Entering directory `/tmp/pango.EJo6Yx/pango-1.32.3/examples'
make[2]: Nothing to be done for `install-exec-am'.
make[2]: Nothing to be done for `install-data-am'.
make[2]: Leaving directory `/tmp/pango.EJo6Yx/pango-1.32.3/examples'
make[1]: Leaving directory `/tmp/pango.EJo6Yx/pango-1.32.3/examples'
Making install in docs
make[1]: Entering directory `/tmp/pango.EJo6Yx/pango-1.32.3/docs'
make  install-am
make[2]: Entering directory `/tmp/pango.EJo6Yx/pango-1.32.3/docs'
make[3]: Entering directory `/tmp/pango.EJo6Yx/pango-1.32.3/docs'
make[3]: Nothing to be done for `install-exec-am'.
 /ffp/bin/install -c -m 644 ./html/PangoEngineLang.html
 /ffp/bin/install -c -m 644 ./html/PangoEngineShape.html
 /ffp/bin/install -c -m 644 ./html/PangoFcDecoder.html
 /ffp/bin/install -c -m 644 ./html/PangoFcFont.html
 /ffp/bin/install -c -m 644 ./html/PangoFcFontMap.html
 /ffp/bin/install -c -m 644 ./html/PangoMarkupFormat.html
 /ffp/bin/install -c -m 644 ./html/annotation-glossary.html
 /ffp/bin/install -c -m 644 ./html/api-index-1-10.html
 /ffp/bin/install -c -m 644 ./html/api-index-1-12.html
 /ffp/bin/install -c -m 644 ./html/api-index-1-14.html
 /ffp/bin/install -c -m 644 ./html/api-index-1-16.html
 /ffp/bin/install -c -m 644 ./html/api-index-1-18.html
 /ffp/bin/install -c -m 644 ./html/api-index-1-2.html
 /ffp/bin/install -c -m 644 ./html/api-index-1-20.html
 /ffp/bin/install -c -m 644 ./html/api-index-1-22.html
 /ffp/bin/install -c -m 644 ./html/api-index-1-24.html
 /ffp/bin/install -c -m 644 ./html/api-index-1-26.html
 /ffp/bin/install -c -m 644 ./html/api-index-1-28.html
 /ffp/bin/install -c -m 644 ./html/api-index-1-30.html
 /ffp/bin/install -c -m 644 ./html/api-index-1-32.html
 /ffp/bin/install -c -m 644 ./html/api-index-1-4.html
 /ffp/bin/install -c -m 644 ./html/api-index-1-6.html
 /ffp/bin/install -c -m 644 ./html/api-index-1-8.html
 /ffp/bin/install -c -m 644 ./html/api-index-deprecated.html
 /ffp/bin/install -c -m 644 ./html/api-index-full.html
 /ffp/bin/install -c -m 644 ./html/home.png
 /ffp/bin/install -c -m 644 ./html/index.html
 /ffp/bin/install -c -m 644 ./html/index.sgml
 /ffp/bin/install -c -m 644 ./html/layout.gif
 /ffp/bin/install -c -m 644 ./html/left.png
 /ffp/bin/install -c -m 644 ./html/lowlevel.html
 /ffp/bin/install -c -m 644 ./html/pango-Bidirectional-Text.html
 /ffp/bin/install -c -m 644 ./html/pango-Cairo-Rendering.html
 /ffp/bin/install -c -m 644 ./html/pango-CoreText-Fonts.html
 /ffp/bin/install -c -m 644 ./html/pango-Coverage-Maps.html
 /ffp/bin/install -c -m 644 ./html/pango-Engines.html
 /ffp/bin/install -c -m 644 ./html/pango-Fonts.html
 /ffp/bin/install -c -m 644 ./html/pango-FreeType-Fonts-and-Rendering.html
 /ffp/bin/install -c -m 644 ./html/pango-Glyph-Storage.html
 /ffp/bin/install -c -m 644 ./html/pango-Layout-Objects.html
 /ffp/bin/install -c -m 644 ./html/pango-Miscellaneous-Utilities.html
 /ffp/bin/install -c -m 644 ./html/pango-Modules.html
 /ffp/bin/install -c -m 644 ./html/pango-OpenType-Font-Handling.html
 /ffp/bin/install -c -m 644 ./html/pango-Scripts-and-Languages.html
 /ffp/bin/install -c -m 644 ./html/pango-Tab-Stops.html
 /ffp/bin/install -c -m 644 ./html/pango-Text-Attributes.html
 /ffp/bin/install -c -m 644 ./html/pango-Text-Processing.html
 /ffp/bin/install -c -m 644 ./html/pango-Version-Checking.html
 /ffp/bin/install -c -m 644 ./html/pango-Vertical-Text.html
 /ffp/bin/install -c -m 644 ./html/pango-Win32-Fonts-and-Rendering.html
 /ffp/bin/install -c -m 644 ./html/pango-Xft-Fonts-and-Rendering.html
 /ffp/bin/install -c -m 644 ./html/pango-hierarchy.html
 /ffp/bin/install -c -m 644 ./html/pango-pango-renderer.html
 /ffp/bin/install -c -m 644 ./html/pango-querymodules.html
 /ffp/bin/install -c -m 644 ./html/pango.devhelp2
 /ffp/bin/install -c -m 644 ./html/pango.html
 /ffp/bin/install -c -m 644 ./html/rendering.html
 /ffp/bin/install -c -m 644 ./html/right.png
 /ffp/bin/install -c -m 644 ./html/rotated-text.png
 /ffp/bin/install -c -m 644 ./html/style.css
 /ffp/bin/install -c -m 644 ./html/tools.html
 /ffp/bin/install -c -m 644 ./html/up.png
 /ffp/bin/mkdir -p '/tmp/pango.EJo6Yx/pkg/ffp/share/man/man1'
 /ffp/bin/install -c -m 644 pango-querymodules.1 '/tmp/pango.EJo6Yx/pkg/ffp/share/man/man1'
make[3]: Leaving directory `/tmp/pango.EJo6Yx/pango-1.32.3/docs'
make[2]: Leaving directory `/tmp/pango.EJo6Yx/pango-1.32.3/docs'
make[1]: Leaving directory `/tmp/pango.EJo6Yx/pango-1.32.3/docs'
Making install in tools
make[1]: Entering directory `/tmp/pango.EJo6Yx/pango-1.32.3/tools'
make[2]: Entering directory `/tmp/pango.EJo6Yx/pango-1.32.3/tools'
make[2]: Nothing to be done for `install-exec-am'.
make[2]: Nothing to be done for `install-data-am'.
make[2]: Leaving directory `/tmp/pango.EJo6Yx/pango-1.32.3/tools'
make[1]: Leaving directory `/tmp/pango.EJo6Yx/pango-1.32.3/tools'
Making install in tests
make[1]: Entering directory `/tmp/pango.EJo6Yx/pango-1.32.3/tests'
make[2]: Entering directory `/tmp/pango.EJo6Yx/pango-1.32.3/tests'
make[2]: Nothing to be done for `install-exec-am'.
make[2]: Nothing to be done for `install-data-am'.
make[2]: Leaving directory `/tmp/pango.EJo6Yx/pango-1.32.3/tests'
make[1]: Leaving directory `/tmp/pango.EJo6Yx/pango-1.32.3/tests'
Making install in build
make[1]: Entering directory `/tmp/pango.EJo6Yx/pango-1.32.3/build'
Making install in win32
make[2]: Entering directory `/tmp/pango.EJo6Yx/pango-1.32.3/build/win32'
Making install in vs9
make[3]: Entering directory `/tmp/pango.EJo6Yx/pango-1.32.3/build/win32/vs9'
make[4]: Entering directory `/tmp/pango.EJo6Yx/pango-1.32.3/build/win32/vs9'
make[4]: Nothing to be done for `install-exec-am'.
make[4]: Nothing to be done for `install-data-am'.
make[4]: Leaving directory `/tmp/pango.EJo6Yx/pango-1.32.3/build/win32/vs9'
make[3]: Leaving directory `/tmp/pango.EJo6Yx/pango-1.32.3/build/win32/vs9'
Making install in vs10
make[3]: Entering directory `/tmp/pango.EJo6Yx/pango-1.32.3/build/win32/vs10'
make[4]: Entering directory `/tmp/pango.EJo6Yx/pango-1.32.3/build/win32/vs10'
make[4]: Nothing to be done for `install-exec-am'.
make[4]: Nothing to be done for `install-data-am'.
make[4]: Leaving directory `/tmp/pango.EJo6Yx/pango-1.32.3/build/win32/vs10'
make[3]: Leaving directory `/tmp/pango.EJo6Yx/pango-1.32.3/build/win32/vs10'
make[3]: Entering directory `/tmp/pango.EJo6Yx/pango-1.32.3/build/win32'
make[4]: Entering directory `/tmp/pango.EJo6Yx/pango-1.32.3/build/win32'
make[4]: Nothing to be done for `install-exec-am'.
make[4]: Nothing to be done for `install-data-am'.
make[4]: Leaving directory `/tmp/pango.EJo6Yx/pango-1.32.3/build/win32'
make[3]: Leaving directory `/tmp/pango.EJo6Yx/pango-1.32.3/build/win32'
make[2]: Leaving directory `/tmp/pango.EJo6Yx/pango-1.32.3/build/win32'
make[2]: Entering directory `/tmp/pango.EJo6Yx/pango-1.32.3/build'
make[3]: Entering directory `/tmp/pango.EJo6Yx/pango-1.32.3/build'
make[3]: Nothing to be done for `install-exec-am'.
make[3]: Nothing to be done for `install-data-am'.
make[3]: Leaving directory `/tmp/pango.EJo6Yx/pango-1.32.3/build'
make[2]: Leaving directory `/tmp/pango.EJo6Yx/pango-1.32.3/build'
make[1]: Leaving directory `/tmp/pango.EJo6Yx/pango-1.32.3/build'
make[1]: Entering directory `/tmp/pango.EJo6Yx/pango-1.32.3'
make[2]: Entering directory `/tmp/pango.EJo6Yx/pango-1.32.3'
make[2]: Nothing to be done for `install-exec-am'.
 /ffp/bin/mkdir -p '/tmp/pango.EJo6Yx/pkg/ffp/lib/pkgconfig'
 /ffp/bin/install -c -m 644 pango.pc pangocairo.pc pangoft2.pc '/tmp/pango.EJo6Yx/pkg/ffp/lib/pkgconfig'
make[2]: Leaving directory `/tmp/pango.EJo6Yx/pango-1.32.3'
make[1]: Leaving directory `/tmp/pango.EJo6Yx/pango-1.32.3'
+ mkdir -p /tmp/pango.EJo6Yx/pkg/install
+ cp /ffp/home/root/fun_plug/ffp_packages/pango/DESCR /ffp/home/root/fun_plug/ffp_packages/pango/HOMEPAGE /tmp/pango.EJo6Yx/pkg/install/
+ cd /tmp/pango.EJo6Yx/pkg
+ makepkg pango 1.32.3 1
Creating /tmp/pango-1.32.3-arm-1.tar ...
