++ basename ./lzo.funpkg .funpkg
+ PN=lzo
+ PR=1
+ . ./config.ffp
++ GNU_HOST=
++ GNU_TARGET=
++ FFP_CFLAGS='-I/ffp/include -O2'
++ FFP_LDFLAGS='-L/ffp/lib -Wl,-rpath,/ffp/lib'
++ '[' '!' -d '' ']'
++ TMPDIR=/tmp
++ export TMPDIR
++ mandir=/ffp/share/man
++ infodir=/ffp/share/info
++ docdir=/ffp/share/doc
++ pwd
+ X=/ffp/home/root/fun_plug/src/lzo
++ mktemp -t -d lzo.XXXXXX
+ W=/tmp/lzo.rIKkUN
+ D=/tmp/lzo.rIKkUN/pkg
+ cd /tmp/lzo.rIKkUN
+ cat /ffp/home/root/fun_plug/src/lzo/SRC_URI
+ xargs wget
--2012-08-31 14:19:19--  http://www.oberhumer.com/opensource/lzo/download/lzo-2.06.tar.gz
Resolving www.oberhumer.com... 193.170.194.40
Connecting to www.oberhumer.com|193.170.194.40|:80... connected.
HTTP request sent, awaiting response... 200 OK
Length: 583045 (569K) [application/x-gzip]
Saving to: `lzo-2.06.tar.gz'

     0K .......... .......... .......... .......... ..........  8%  190K 3s
    50K .......... .......... .......... .......... .......... 17%  679K 2s
   100K .......... .......... .......... .......... .......... 26%  238K 2s
   150K .......... .......... .......... .......... .......... 35% 4.35M 1s
   200K .......... .......... .......... .......... .......... 43%  580K 1s
   250K .......... .......... .......... .......... .......... 52%  558K 1s
   300K .......... .......... .......... .......... .......... 61%  496K 1s
   350K .......... .......... .......... .......... .......... 70% 1.36M 0s
   400K .......... .......... .......... .......... .......... 79%  863K 0s
   450K .......... .......... .......... .......... .......... 87%  709K 0s
   500K .......... .......... .......... .......... .......... 96%  725K 0s
   550K .......... .........                                  100%  355K=1.1s

2012-08-31 14:19:21 (507 KB/s) - `lzo-2.06.tar.gz' saved [583045/583045]

++ ls lzo-2.06.tar.gz
++ egrep -o '[0-9][0-9.]*[0-9]'
+ PV=2.06
+ tar xf lzo-2.06.tar.gz
+ cd lzo-2.06 lzo-2.06.tar.gz
+ LDFLAGS='-L/ffp/lib -Wl,-rpath,/ffp/lib'
+ ./configure --prefix=/ffp --build= --host= --mandir=/ffp/share/man --infodir=/ffp/share/info
configure: Configuring LZO 2.06
checking build system type... armv5tejl-unknown-linux-gnueabi
checking host system type... armv5tejl-unknown-linux-gnueabi
checking target system type... armv5tejl-unknown-linux-gnueabi
checking whether to enable maintainer-specific portions of Makefiles... no
checking for gcc... gcc
checking whether the C compiler works... yes
checking for C compiler default output file name... a.out
checking for suffix of executables... 
checking whether we are cross compiling... no
checking for suffix of object files... o
checking whether we are using the GNU C compiler... yes
checking whether gcc accepts -g... yes
checking for gcc option to accept ISO C89... none needed
checking whether gcc and cc understand -c and -o together... yes
checking for style of include used by make... GNU
checking dependency style of gcc... gcc3
checking how to run the C preprocessor... gcc -E
checking whether the C preprocessor needs special flags... none needed
checking for an ANSI C-conforming const... yes
checking for grep that handles long lines and -e... /ffp/bin/grep
checking for egrep... /ffp/bin/grep -E
checking for ANSI C header files... yes
checking for sys/types.h... yes
checking for sys/stat.h... yes
checking for stdlib.h... yes
checking for string.h... yes
checking for memory.h... yes
checking for strings.h... yes
checking for inttypes.h... yes
checking for stdint.h... yes
checking for unistd.h... yes
checking whether byte ordering is bigendian... no
checking for special C compiler options needed for large files... no
checking for _FILE_OFFSET_BITS value needed for large files... 64
checking for a BSD-compatible install... /ffp/bin/install -c
checking whether build environment is sane... yes
checking for a thread-safe mkdir -p... /ffp/bin/mkdir -p
checking for gawk... gawk
checking whether make sets $(MAKE)... yes
checking dependency style of gcc... gcc3
checking how to print strings... printf
checking for a sed that does not truncate output... /ffp/bin/sed
checking for fgrep... /ffp/bin/grep -F
checking for ld used by gcc... /ffp/bin/ld
checking if the linker (/ffp/bin/ld) is GNU ld... yes
checking for BSD- or MS-compatible name lister (nm)... /ffp/bin/nm -B
checking the name lister (/ffp/bin/nm -B) interface... BSD nm
checking whether ln -s works... yes
checking the maximum length of command line arguments... 1572864
checking whether the shell understands some XSI constructs... yes
checking whether the shell understands "+="... yes
checking for /ffp/bin/ld option to reload object files... -r
checking for objdump... objdump
checking how to recognize dependent libraries... pass_all
checking for ar... ar
checking for strip... strip
checking for ranlib... ranlib
checking command to parse /ffp/bin/nm -B output from gcc object... ok
checking for dlfcn.h... yes
checking for objdir... .libs
checking if gcc supports -fno-rtti -fno-exceptions... no
checking for gcc option to produce PIC... -fPIC -DPIC
checking if gcc PIC flag -fPIC -DPIC works... yes
checking if gcc static flag -static works... yes
checking if gcc supports -c -o file.o... yes
checking if gcc supports -c -o file.o... (cached) yes
checking whether the gcc linker (/ffp/bin/ld) supports shared libraries... yes
checking dynamic linker characteristics... GNU/Linux ld.so
checking how to hardcode library paths into programs... immediate
checking whether stripping libraries is possible... yes
checking if libtool supports shared libraries... yes
checking whether to build shared libraries... no
checking whether to build static libraries... yes
checking whether time.h and sys/time.h may both be included... yes
checking assert.h usability... yes
checking assert.h presence... yes
checking for assert.h... yes
checking ctype.h usability... yes
checking ctype.h presence... yes
checking for ctype.h... yes
checking dirent.h usability... yes
checking dirent.h presence... yes
checking for dirent.h... yes
checking errno.h usability... yes
checking errno.h presence... yes
checking for errno.h... yes
checking fcntl.h usability... yes
checking fcntl.h presence... yes
checking for fcntl.h... yes
checking float.h usability... yes
checking float.h presence... yes
checking for float.h... yes
checking limits.h usability... yes
checking limits.h presence... yes
checking for limits.h... yes
checking malloc.h usability... yes
checking malloc.h presence... yes
checking for malloc.h... yes
checking for memory.h... (cached) yes
checking setjmp.h usability... yes
checking setjmp.h presence... yes
checking for setjmp.h... yes
checking signal.h usability... yes
checking signal.h presence... yes
checking for signal.h... yes
checking stdarg.h usability... yes
checking stdarg.h presence... yes
checking for stdarg.h... yes
checking stddef.h usability... yes
checking stddef.h presence... yes
checking for stddef.h... yes
checking for stdint.h... (cached) yes
checking stdio.h usability... yes
checking stdio.h presence... yes
checking for stdio.h... yes
checking for stdlib.h... (cached) yes
checking for string.h... (cached) yes
checking for strings.h... (cached) yes
checking time.h usability... yes
checking time.h presence... yes
checking for time.h... yes
checking for unistd.h... (cached) yes
checking utime.h usability... yes
checking utime.h presence... yes
checking for utime.h... yes
checking sys/mman.h usability... yes
checking sys/mman.h presence... yes
checking for sys/mman.h... yes
checking sys/resource.h usability... yes
checking sys/resource.h presence... yes
checking for sys/resource.h... yes
checking for sys/stat.h... (cached) yes
checking sys/time.h usability... yes
checking sys/time.h presence... yes
checking for sys/time.h... yes
checking for sys/types.h... (cached) yes
checking sys/wait.h usability... yes
checking sys/wait.h presence... yes
checking for sys/wait.h... yes
checking whether limits.h is sane... yes
checking for off_t... yes
checking for ptrdiff_t... yes
checking for size_t... yes
checking return type of signal handlers... void
checking size of short... 2
checking size of int... 4
checking size of long... 4
checking size of long long... 8
checking size of __int16... 0
checking size of __int32... 0
checking size of __int64... 0
checking size of void *... 4
checking size of size_t... 4
checking size of ptrdiff_t... 4
checking size of __int32... (cached) 0
checking size of intmax_t... 8
checking size of uintmax_t... 8
checking size of intptr_t... 4
checking size of uintptr_t... 4
checking size of float... 4
checking size of double... 8
checking size of long double... 8
checking size of dev_t... 8
checking size of fpos_t... 24
checking size of mode_t... 4
checking size of off_t... 8
checking size of ssize_t... 4
checking size of time_t... 4
checking for access... yes
checking for alloca... no
checking for atexit... yes
checking for atoi... yes
checking for atol... yes
checking for chmod... yes
checking for chown... yes
checking for clock_getcpuclockid... no
checking for clock_getres... yes
checking for clock_gettime... yes
checking for ctime... yes
checking for difftime... yes
checking for fstat... yes
checking for getenv... yes
checking for getpagesize... yes
checking for getrusage... yes
checking for gettimeofday... yes
checking for gmtime... yes
checking for isatty... yes
checking for localtime... yes
checking for longjmp... yes
checking for lstat... yes
checking for memcmp... yes
checking for memcpy... yes
checking for memmove... yes
checking for memset... yes
checking for mkdir... yes
checking for mktime... yes
checking for mmap... yes
checking for mprotect... yes
checking for munmap... yes
checking for qsort... yes
checking for raise... yes
checking for rmdir... yes
checking for setjmp... yes
checking for signal... yes
checking for snprintf... yes
checking for strcasecmp... yes
checking for strchr... yes
checking for strdup... yes
checking for strerror... yes
checking for strftime... yes
checking for stricmp... no
checking for strncasecmp... yes
checking for strnicmp... no
checking for strrchr... yes
checking for strstr... yes
checking for time... yes
checking for umask... yes
checking for utime... yes
checking for vsnprintf... yes
checking whether to build assembly versions... no
checking whether your compiler passes the ACC conformance test... yes
configure: creating ./config.status
config.status: creating Makefile
config.status: creating config.h
config.status: executing depfiles commands
config.status: executing libtool commands

   LZO configuration summary
   -------------------------
   LZO version                : 2.06
   configured for host        : armv5tejl-unknown-linux-gnueabi
   source code location       : .
   compiler                   : gcc
   preprocessor definitions   : -DLZO_HAVE_CONFIG_H=1
   preprocessor flags         : 
   compiler flags             : -g -O2
   build static library       : yes
   build shared library       : no
   enable i386 assembly code  : no


   LZO 2.06 configured.

   Copyright (C) 1996-2011 Markus Franz Xaver Johannes Oberhumer
   All Rights Reserved.

   The LZO library is free software; you can redistribute it and/or
   modify it under the terms of the GNU General Public License as
   published by the Free Software Foundation; either version 2 of
   the License, or (at your option) any later version.

   The LZO library is distributed in the hope that it will be useful,
   but WITHOUT ANY WARRANTY; without even the implied warranty of
   MERCHANTABILITY or FITNESS FOR A PARTICULAR PURPOSE.  See the
   GNU General Public License for more details.

   Markus F.X.J. Oberhumer
   <markus@oberhumer.com>
   http://www.oberhumer.com/opensource/lzo/


Type `make' to build LZO. Type `make install' to install LZO.
After installing LZO, please read the accompanied documentation.

+ make
make  all-am
make[1]: Entering directory `/tmp/lzo.rIKkUN/lzo-2.06'
  CC     src/lzo1.lo
  CC     src/lzo1_99.lo
  CC     src/lzo1a.lo
  CC     src/lzo1a_99.lo
  CC     src/lzo1b_1.lo
  CC     src/lzo1b_2.lo
  CC     src/lzo1b_3.lo
  CC     src/lzo1b_4.lo
  CC     src/lzo1b_5.lo
  CC     src/lzo1b_6.lo
  CC     src/lzo1b_7.lo
  CC     src/lzo1b_8.lo
  CC     src/lzo1b_9.lo
  CC     src/lzo1b_99.lo
  CC     src/lzo1b_9x.lo
  CC     src/lzo1b_cc.lo
  CC     src/lzo1b_d1.lo
  CC     src/lzo1b_d2.lo
  CC     src/lzo1b_rr.lo
  CC     src/lzo1b_xx.lo
  CC     src/lzo1c_1.lo
  CC     src/lzo1c_2.lo
  CC     src/lzo1c_3.lo
  CC     src/lzo1c_4.lo
  CC     src/lzo1c_5.lo
  CC     src/lzo1c_6.lo
  CC     src/lzo1c_7.lo
  CC     src/lzo1c_8.lo
  CC     src/lzo1c_9.lo
  CC     src/lzo1c_99.lo
  CC     src/lzo1c_9x.lo
  CC     src/lzo1c_cc.lo
  CC     src/lzo1c_d1.lo
  CC     src/lzo1c_d2.lo
  CC     src/lzo1c_rr.lo
  CC     src/lzo1c_xx.lo
  CC     src/lzo1f_1.lo
  CC     src/lzo1f_9x.lo
  CC     src/lzo1f_d1.lo
  CC     src/lzo1f_d2.lo
  CC     src/lzo1x_1.lo
  CC     src/lzo1x_1k.lo
  CC     src/lzo1x_1l.lo
  CC     src/lzo1x_1o.lo
  CC     src/lzo1x_9x.lo
  CC     src/lzo1x_d1.lo
  CC     src/lzo1x_d2.lo
  CC     src/lzo1x_d3.lo
  CC     src/lzo1x_o.lo
  CC     src/lzo1y_1.lo
  CC     src/lzo1y_9x.lo
  CC     src/lzo1y_d1.lo
  CC     src/lzo1y_d2.lo
  CC     src/lzo1y_d3.lo
  CC     src/lzo1y_o.lo
  CC     src/lzo1z_9x.lo
  CC     src/lzo1z_d1.lo
  CC     src/lzo1z_d2.lo
  CC     src/lzo1z_d3.lo
  CC     src/lzo2a_9x.lo
  CC     src/lzo2a_d1.lo
  CC     src/lzo2a_d2.lo
  CC     src/lzo_crc.lo
  CC     src/lzo_init.lo
  CC     src/lzo_ptr.lo
  CC     src/lzo_str.lo
  CC     src/lzo_util.lo
  CCLD   src/liblzo2.la
  CC     examples/dict.o
  CCLD   examples/dict
  CC     examples/lzopack.o
  CCLD   examples/lzopack
  CC     examples/overlap.o
  CCLD   examples/overlap
  CC     examples/precomp.o
  CCLD   examples/precomp
  CC     examples/precomp2.o
  CCLD   examples/precomp2
  CC     examples/simple.o
  CCLD   examples/simple
  CC     lzotest/lzotest.o
  CCLD   lzotest/lzotest
  CC     tests/align.o
  CCLD   tests/align
  CC     tests/chksum.o
  CCLD   tests/chksum
  CC     tests/promote.o
  CCLD   tests/promote
  CC     tests/sizes.o
  CCLD   tests/sizes
  CC     minilzo/t-testmini.o
  CC     minilzo/t-minilzo.o
  CCLD   minilzo/testmini
make[1]: Leaving directory `/tmp/lzo.rIKkUN/lzo-2.06'
+ make DESTDIR=/tmp/lzo.rIKkUN/pkg install
make[1]: Entering directory `/tmp/lzo.rIKkUN/lzo-2.06'
test -z "/ffp/lib" || /ffp/bin/mkdir -p "/tmp/lzo.rIKkUN/pkg/ffp/lib"
 /ffp/bin/sh ./libtool   --mode=install /ffp/bin/install -c   src/liblzo2.la '/tmp/lzo.rIKkUN/pkg/ffp/lib'
libtool: install: /ffp/bin/install -c src/.libs/liblzo2.lai /tmp/lzo.rIKkUN/pkg/ffp/lib/liblzo2.la
libtool: install: /ffp/bin/install -c src/.libs/liblzo2.a /tmp/lzo.rIKkUN/pkg/ffp/lib/liblzo2.a
libtool: install: chmod 644 /tmp/lzo.rIKkUN/pkg/ffp/lib/liblzo2.a
libtool: install: ranlib /tmp/lzo.rIKkUN/pkg/ffp/lib/liblzo2.a
libtool: install: warning: remember to run `libtool --finish /ffp/lib'
test -z "/ffp/share/doc/lzo" || /ffp/bin/mkdir -p "/tmp/lzo.rIKkUN/pkg/ffp/share/doc/lzo"
 /ffp/bin/install -c -m 644 AUTHORS COPYING NEWS THANKS doc/LZO.FAQ doc/LZO.TXT doc/LZOAPI.TXT '/tmp/lzo.rIKkUN/pkg/ffp/share/doc/lzo'
test -z "/ffp/include/lzo" || /ffp/bin/mkdir -p "/tmp/lzo.rIKkUN/pkg/ffp/include/lzo"
 /ffp/bin/install -c -m 644 include/lzo/lzo1.h include/lzo/lzo1a.h include/lzo/lzo1b.h include/lzo/lzo1c.h include/lzo/lzo1f.h include/lzo/lzo1x.h include/lzo/lzo1y.h include/lzo/lzo1z.h include/lzo/lzo2a.h include/lzo/lzo_asm.h include/lzo/lzoconf.h include/lzo/lzodefs.h include/lzo/lzoutil.h '/tmp/lzo.rIKkUN/pkg/ffp/include/lzo'
make[1]: Leaving directory `/tmp/lzo.rIKkUN/lzo-2.06'
+ mkdir -p /tmp/lzo.rIKkUN/pkg/install
+ cp /ffp/home/root/fun_plug/src/lzo/DESCR /ffp/home/root/fun_plug/src/lzo/HOMEPAGE /tmp/lzo.rIKkUN/pkg/install/
+ cd /tmp/lzo.rIKkUN/pkg
+ makepkg lzo 2.06 1
Creating /tmp/lzo-2.06-arm-1.tar ...
