++ basename ./libffi.funpkg .funpkg
+ PN=libffi
+ PR=1
+ . ./config.ffp
++ GNU_HOST=
++ GNU_TARGET=
++ FFP_CFLAGS='-I/ffp/include -O2'
++ FFP_LDFLAGS='-L/ffp/lib -Wl,-rpath,/ffp/lib'
++ '[' '!' -d '' ']'
++ TMPDIR=/tmp
++ export TMPDIR
++ mandir=/ffp/share/man
++ infodir=/ffp/share/info
++ docdir=/ffp/share/doc
++ pwd
+ X=/ffp/home/root/fun_plug/ffp_packages/libffi
++ mktemp -t -d libffi.XXXXXX
+ W=/tmp/libffi.AAOSxH
+ D=/tmp/libffi.AAOSxH/pkg
+ cd /tmp/libffi.AAOSxH
+ cat /ffp/home/root/fun_plug/ffp_packages/libffi/SRC_URI
+ xargs wget
--2012-11-28 13:33:25--  ftp://sourceware.org/pub/libffi/libffi-3.0.11.tar.gz
           => `libffi-3.0.11.tar.gz'
Resolving sourceware.org... 209.132.180.131
Connecting to sourceware.org|209.132.180.131|:21... connected.
Logging in as anonymous ... Logged in!
==> SYST ... done.    ==> PWD ... done.
==> TYPE I ... done.  ==> CWD (1) /pub/libffi ... done.
==> SIZE libffi-3.0.11.tar.gz ... 794220
==> PASV ... done.    ==> RETR libffi-3.0.11.tar.gz ... done.
Length: 794220 (776K) (unauthoritative)

     0K .......... .......... .......... .......... ..........  6% 62.8K 12s
    50K .......... .......... .......... .......... .......... 12%  211K 7s
   100K .......... .......... .......... .......... .......... 19%  161K 6s
   150K .......... .......... .......... .......... .......... 25%  299K 4s
   200K .......... .......... .......... .......... .......... 32%  312K 4s
   250K .......... .......... .......... .......... .......... 38%  227K 3s
   300K .......... .......... .......... .......... .......... 45%  319K 2s
   350K .......... .......... .......... .......... .......... 51% 1.18M 2s
   400K .......... .......... .......... .......... .......... 58%  202K 2s
   450K .......... .......... .......... .......... .......... 64%  236K 1s
   500K .......... .......... .......... .......... .......... 70%  192K 1s
   550K .......... .......... .......... .......... .......... 77%  437K 1s
   600K .......... .......... .......... .......... .......... 83%  443K 1s
   650K .......... .......... .......... .......... .......... 90%  276K 0s
   700K .......... .......... .......... .......... .......... 96%  271K 0s
   750K .......... .......... .....                           100% 1.68M=3.4s

2012-11-28 13:33:32 (227 KB/s) - `libffi-3.0.11.tar.gz' saved [794220]

++ ls libffi-3.0.11.tar.gz
++ egrep -o '[0-9][0-9.]*[0-9]'
+ PV=3.0.11
+ tar xf libffi-3.0.11.tar.gz
+ cd libffi-3.0.11 libffi-3.0.11.tar.gz
+ LDFLAGS='-L/ffp/lib -Wl,-rpath,/ffp/lib'
+ ./configure --prefix=/ffp --build= --host= --mandir=/ffp/share/man --infodir=/ffp/share/info
checking build system type... armv5tejl-unknown-linux-gnueabi
checking host system type... armv5tejl-unknown-linux-gnueabi
checking target system type... armv5tejl-unknown-linux-gnueabi
continue configure in default builddir "./armv5tejl-unknown-linux-gnueabi"
....exec /ffp/bin/sh .././configure "--srcdir=.." "--enable-builddir=armv5tejl-unknown-linux-gnueabi" "linux
gnueabi"
checking build system type... armv5tejl-unknown-linux-gnueabi
checking host system type... armv5tejl-unknown-linux-gnueabi
checking target system type... armv5tejl-unknown-linux-gnueabi
checking for gsed... sed
checking for a BSD-compatible install... /ffp/bin/install -c
checking whether build environment is sane... yes
checking for a thread-safe mkdir -p... /ffp/bin/mkdir -p
checking for gawk... gawk
checking whether make sets $(MAKE)... yes
checking for gcc... gcc
checking whether the C compiler works... yes
checking for C compiler default output file name... a.out
checking for suffix of executables... 
checking whether we are cross compiling... no
checking for suffix of object files... o
checking whether we are using the GNU C compiler... yes
checking whether gcc accepts -g... yes
checking for gcc option to accept ISO C89... none needed
checking for style of include used by make... GNU
checking dependency style of gcc... gcc3
checking dependency style of gcc... gcc3
checking whether gcc and cc understand -c and -o together... yes
checking how to print strings... printf
checking for a sed that does not truncate output... /ffp/bin/sed
checking for grep that handles long lines and -e... /ffp/bin/grep
checking for egrep... /ffp/bin/grep -E
checking for fgrep... /ffp/bin/grep -F
checking for ld used by gcc... /ffp/bin/ld
checking if the linker (/ffp/bin/ld) is GNU ld... yes
checking for BSD- or MS-compatible name lister (nm)... /ffp/bin/nm -B
checking the name lister (/ffp/bin/nm -B) interface... BSD nm
checking whether ln -s works... yes
checking the maximum length of command line arguments... 1572864
checking whether the shell understands some XSI constructs... yes
checking whether the shell understands "+="... yes
checking how to convert armv5tejl-unknown-linux-gnueabi file names to armv5tejl-unknown-linux-gnueabi format... func_convert_file_noop
checking how to convert armv5tejl-unknown-linux-gnueabi file names to toolchain format... func_convert_file_noop
checking for /ffp/bin/ld option to reload object files... -r
checking for objdump... objdump
checking how to recognize dependent libraries... pass_all
checking for dlltool... no
checking how to associate runtime and link libraries... printf %s\n
checking for ar... ar
checking for archiver @FILE support... @
checking for strip... strip
checking for ranlib... ranlib
checking command to parse /ffp/bin/nm -B output from gcc object... ok
checking for sysroot... no
checking for mt... no
checking if : is a manifest tool... no
checking how to run the C preprocessor... gcc -E
checking for ANSI C header files... yes
checking for sys/types.h... yes
checking for sys/stat.h... yes
checking for stdlib.h... yes
checking for string.h... yes
checking for memory.h... yes
checking for strings.h... yes
checking for inttypes.h... yes
checking for stdint.h... yes
checking for unistd.h... yes
checking for dlfcn.h... yes
checking for objdir... .libs
checking if gcc supports -fno-rtti -fno-exceptions... no
checking for gcc option to produce PIC... -fPIC -DPIC
checking if gcc PIC flag -fPIC -DPIC works... yes
checking if gcc static flag -static works... yes
checking if gcc supports -c -o file.o... yes
checking if gcc supports -c -o file.o... (cached) yes
checking whether the gcc linker (/ffp/bin/ld) supports shared libraries... yes
checking whether -lc should be explicitly linked in... no
checking dynamic linker characteristics... GNU/Linux ld.so
checking how to hardcode library paths into programs... immediate
checking whether stripping libraries is possible... yes
checking if libtool supports shared libraries... yes
checking whether to build shared libraries... yes
checking whether to build static libraries... yes
checking for C compiler vendor... gnu
checking whether C compiler accepts -malign-double... no
checking whether C compiler accepts -fstrict-aliasing... yes
checking whether C compiler accepts -ffast-math... yes
checking for gcc architecture flag... 
checking for gcc architecture flag... unknown
checking whether C compiler accepts -O3 -fomit-frame-pointer -fstrict-aliasing -ffast-math... yes
checking CFLAGS for maximum warnings... -Wall
checking whether to enable maintainer-specific portions of Makefiles... no
checking sys/mman.h usability... yes
checking sys/mman.h presence... yes
checking for sys/mman.h... yes
checking for mmap... yes
checking for sys/mman.h... (cached) yes
checking for mmap... (cached) yes
checking whether read-only mmap of a plain file works... yes
checking whether mmap from /dev/zero works... yes
checking for MAP_ANON(YMOUS)... yes
checking whether mmap with MAP_ANON(YMOUS) works... yes
checking for ANSI C header files... (cached) yes
checking for memcpy... yes
checking for size_t... yes
checking for working alloca.h... yes
checking for alloca... yes
checking size of double... 8
checking size of long double... 8
checking whether byte ordering is bigendian... no
checking assembler .cfi pseudo-op support... yes
checking whether .eh_frame section should be read-only... no
checking for __attribute__((visibility("hidden")))... yes
configure: creating ./config.status
config.status: creating include/Makefile
config.status: creating include/ffi.h
config.status: creating Makefile
config.status: creating testsuite/Makefile
config.status: creating man/Makefile
config.status: creating libffi.pc
config.status: creating fficonfig.h
config.status: linking ../src/arm/ffitarget.h to include/ffitarget.h
config.status: executing buildir commands
config.status: create top_srcdir/Makefile guessed from local Makefile
config.status: build in armv5tejl-unknown-linux-gnueabi (HOST=)
config.status: executing depfiles commands
config.status: executing libtool commands
config.status: executing include commands
config.status: executing src commands
+ make
MAKE armv5tejl-unknown-linux-gnueabi : 0 * all-all
make[1]: Entering directory `/tmp/libffi.AAOSxH/libffi-3.0.11/armv5tejl-unknown-linux-gnueabi'
make "AR_FLAGS=" "CC_FOR_BUILD=" "CFLAGS=-O3 -fomit-frame-pointer -fstrict-aliasing -ffast-math -Wall -fexceptions" "CXXFLAGS=" "CFLAGS_FOR_BUILD=" "CFLAGS_FOR_TARGET=" "INSTALL=/ffp/bin/install -c" "INSTALL_DATA=/ffp/bin/install -c -m 644" "INSTALL_PROGRAM=/ffp/bin/install -c" "INSTALL_SCRIPT=/ffp/bin/install -c" "JC1FLAGS=" "LDFLAGS=-L/ffp/lib -Wl,-rpath,/ffp/lib" "LIBCFLAGS=" "LIBCFLAGS_FOR_TARGET=" "MAKE=make" "MAKEINFO=/ffp/bin/sh /tmp/libffi.AAOSxH/libffi-3.0.11/missing --run makeinfo " "PICFLAG=" "PICFLAG_FOR_TARGET=" "RUNTESTFLAGS=" "SHELL=/ffp/bin/sh" "exec_prefix=/ffp" "infodir=/ffp/share/info" "libdir=/ffp/lib" "mandir=/ffp/share/man" "prefix=/ffp" "AR=ar" "AS=as" "CC=gcc" "CXX=g++" "LD=/ffp/bin/ld" "NM=/ffp/bin/nm -B" "RANLIB=ranlib" "DESTDIR=" all-recursive
make[2]: Entering directory `/tmp/libffi.AAOSxH/libffi-3.0.11/armv5tejl-unknown-linux-gnueabi'
Making all in include
make[3]: Entering directory `/tmp/libffi.AAOSxH/libffi-3.0.11/armv5tejl-unknown-linux-gnueabi/include'
make[3]: Nothing to be done for `all'.
make[3]: Leaving directory `/tmp/libffi.AAOSxH/libffi-3.0.11/armv5tejl-unknown-linux-gnueabi/include'
Making all in testsuite
make[3]: Entering directory `/tmp/libffi.AAOSxH/libffi-3.0.11/armv5tejl-unknown-linux-gnueabi/testsuite'
make[3]: Nothing to be done for `all'.
make[3]: Leaving directory `/tmp/libffi.AAOSxH/libffi-3.0.11/armv5tejl-unknown-linux-gnueabi/testsuite'
Making all in man
make[3]: Entering directory `/tmp/libffi.AAOSxH/libffi-3.0.11/armv5tejl-unknown-linux-gnueabi/man'
make[3]: Nothing to be done for `all'.
make[3]: Leaving directory `/tmp/libffi.AAOSxH/libffi-3.0.11/armv5tejl-unknown-linux-gnueabi/man'
make[3]: Entering directory `/tmp/libffi.AAOSxH/libffi-3.0.11/armv5tejl-unknown-linux-gnueabi'
depbase=`echo src/prep_cif.lo | sed 's|[^/]*$|.deps/&|;s|\.lo$||'`;\
	/ffp/bin/sh ./libtool --tag=CC   --mode=compile gcc -DHAVE_CONFIG_H -I. -I..  -I. -I../include -Iinclude -I../src -DFFI_BUILDING  -g  -O3 -fomit-frame-pointer -fstrict-aliasing -ffast-math -Wall -fexceptions -MT src/prep_cif.lo -MD -MP -MF $depbase.Tpo -c -o src/prep_cif.lo ../src/prep_cif.c &&\
	mv -f $depbase.Tpo $depbase.Plo
libtool: compile:  gcc -DHAVE_CONFIG_H -I. -I.. -I. -I../include -Iinclude -I../src -DFFI_BUILDING -g -O3 -fomit-frame-pointer -fstrict-aliasing -ffast-math -Wall -fexceptions -MT src/prep_cif.lo -MD -MP -MF src/.deps/prep_cif.Tpo -c ../src/prep_cif.c  -fPIC -DPIC -o src/.libs/prep_cif.o
libtool: compile:  gcc -DHAVE_CONFIG_H -I. -I.. -I. -I../include -Iinclude -I../src -DFFI_BUILDING -g -O3 -fomit-frame-pointer -fstrict-aliasing -ffast-math -Wall -fexceptions -MT src/prep_cif.lo -MD -MP -MF src/.deps/prep_cif.Tpo -c ../src/prep_cif.c -o src/prep_cif.o >/dev/null 2>&1
depbase=`echo src/types.lo | sed 's|[^/]*$|.deps/&|;s|\.lo$||'`;\
	/ffp/bin/sh ./libtool --tag=CC   --mode=compile gcc -DHAVE_CONFIG_H -I. -I..  -I. -I../include -Iinclude -I../src -DFFI_BUILDING  -g  -O3 -fomit-frame-pointer -fstrict-aliasing -ffast-math -Wall -fexceptions -MT src/types.lo -MD -MP -MF $depbase.Tpo -c -o src/types.lo ../src/types.c &&\
	mv -f $depbase.Tpo $depbase.Plo
libtool: compile:  gcc -DHAVE_CONFIG_H -I. -I.. -I. -I../include -Iinclude -I../src -DFFI_BUILDING -g -O3 -fomit-frame-pointer -fstrict-aliasing -ffast-math -Wall -fexceptions -MT src/types.lo -MD -MP -MF src/.deps/types.Tpo -c ../src/types.c  -fPIC -DPIC -o src/.libs/types.o
libtool: compile:  gcc -DHAVE_CONFIG_H -I. -I.. -I. -I../include -Iinclude -I../src -DFFI_BUILDING -g -O3 -fomit-frame-pointer -fstrict-aliasing -ffast-math -Wall -fexceptions -MT src/types.lo -MD -MP -MF src/.deps/types.Tpo -c ../src/types.c -o src/types.o >/dev/null 2>&1
depbase=`echo src/raw_api.lo | sed 's|[^/]*$|.deps/&|;s|\.lo$||'`;\
	/ffp/bin/sh ./libtool --tag=CC   --mode=compile gcc -DHAVE_CONFIG_H -I. -I..  -I. -I../include -Iinclude -I../src -DFFI_BUILDING  -g  -O3 -fomit-frame-pointer -fstrict-aliasing -ffast-math -Wall -fexceptions -MT src/raw_api.lo -MD -MP -MF $depbase.Tpo -c -o src/raw_api.lo ../src/raw_api.c &&\
	mv -f $depbase.Tpo $depbase.Plo
libtool: compile:  gcc -DHAVE_CONFIG_H -I. -I.. -I. -I../include -Iinclude -I../src -DFFI_BUILDING -g -O3 -fomit-frame-pointer -fstrict-aliasing -ffast-math -Wall -fexceptions -MT src/raw_api.lo -MD -MP -MF src/.deps/raw_api.Tpo -c ../src/raw_api.c  -fPIC -DPIC -o src/.libs/raw_api.o
libtool: compile:  gcc -DHAVE_CONFIG_H -I. -I.. -I. -I../include -Iinclude -I../src -DFFI_BUILDING -g -O3 -fomit-frame-pointer -fstrict-aliasing -ffast-math -Wall -fexceptions -MT src/raw_api.lo -MD -MP -MF src/.deps/raw_api.Tpo -c ../src/raw_api.c -o src/raw_api.o >/dev/null 2>&1
depbase=`echo src/java_raw_api.lo | sed 's|[^/]*$|.deps/&|;s|\.lo$||'`;\
	/ffp/bin/sh ./libtool --tag=CC   --mode=compile gcc -DHAVE_CONFIG_H -I. -I..  -I. -I../include -Iinclude -I../src -DFFI_BUILDING  -g  -O3 -fomit-frame-pointer -fstrict-aliasing -ffast-math -Wall -fexceptions -MT src/java_raw_api.lo -MD -MP -MF $depbase.Tpo -c -o src/java_raw_api.lo ../src/java_raw_api.c &&\
	mv -f $depbase.Tpo $depbase.Plo
libtool: compile:  gcc -DHAVE_CONFIG_H -I. -I.. -I. -I../include -Iinclude -I../src -DFFI_BUILDING -g -O3 -fomit-frame-pointer -fstrict-aliasing -ffast-math -Wall -fexceptions -MT src/java_raw_api.lo -MD -MP -MF src/.deps/java_raw_api.Tpo -c ../src/java_raw_api.c  -fPIC -DPIC -o src/.libs/java_raw_api.o
libtool: compile:  gcc -DHAVE_CONFIG_H -I. -I.. -I. -I../include -Iinclude -I../src -DFFI_BUILDING -g -O3 -fomit-frame-pointer -fstrict-aliasing -ffast-math -Wall -fexceptions -MT src/java_raw_api.lo -MD -MP -MF src/.deps/java_raw_api.Tpo -c ../src/java_raw_api.c -o src/java_raw_api.o >/dev/null 2>&1
depbase=`echo src/closures.lo | sed 's|[^/]*$|.deps/&|;s|\.lo$||'`;\
	/ffp/bin/sh ./libtool --tag=CC   --mode=compile gcc -DHAVE_CONFIG_H -I. -I..  -I. -I../include -Iinclude -I../src -DFFI_BUILDING  -g  -O3 -fomit-frame-pointer -fstrict-aliasing -ffast-math -Wall -fexceptions -MT src/closures.lo -MD -MP -MF $depbase.Tpo -c -o src/closures.lo ../src/closures.c &&\
	mv -f $depbase.Tpo $depbase.Plo
libtool: compile:  gcc -DHAVE_CONFIG_H -I. -I.. -I. -I../include -Iinclude -I../src -DFFI_BUILDING -g -O3 -fomit-frame-pointer -fstrict-aliasing -ffast-math -Wall -fexceptions -MT src/closures.lo -MD -MP -MF src/.deps/closures.Tpo -c ../src/closures.c  -fPIC -DPIC -o src/.libs/closures.o
libtool: compile:  gcc -DHAVE_CONFIG_H -I. -I.. -I. -I../include -Iinclude -I../src -DFFI_BUILDING -g -O3 -fomit-frame-pointer -fstrict-aliasing -ffast-math -Wall -fexceptions -MT src/closures.lo -MD -MP -MF src/.deps/closures.Tpo -c ../src/closures.c -o src/closures.o >/dev/null 2>&1
depbase=`echo src/arm/sysv.lo | sed 's|[^/]*$|.deps/&|;s|\.lo$||'`;\
	/ffp/bin/sh ./libtool   --mode=compile gcc -DHAVE_CONFIG_H -I. -I..  -I. -I../include -Iinclude -I../src -DFFI_BUILDING  -I. -I../include -Iinclude -I../src -DFFI_BUILDING -g  -MT src/arm/sysv.lo -MD -MP -MF $depbase.Tpo -c -o src/arm/sysv.lo ../src/arm/sysv.S &&\
	mv -f $depbase.Tpo $depbase.Plo
libtool: compile:  gcc -DHAVE_CONFIG_H -I. -I.. -I. -I../include -Iinclude -I../src -DFFI_BUILDING -I. -I../include -Iinclude -I../src -DFFI_BUILDING -g -MT src/arm/sysv.lo -MD -MP -MF src/arm/.deps/sysv.Tpo -c ../src/arm/sysv.S  -fPIC -DPIC -o src/arm/.libs/sysv.o
libtool: compile:  gcc -DHAVE_CONFIG_H -I. -I.. -I. -I../include -Iinclude -I../src -DFFI_BUILDING -I. -I../include -Iinclude -I../src -DFFI_BUILDING -g -MT src/arm/sysv.lo -MD -MP -MF src/arm/.deps/sysv.Tpo -c ../src/arm/sysv.S -o src/arm/sysv.o >/dev/null 2>&1
depbase=`echo src/arm/ffi.lo | sed 's|[^/]*$|.deps/&|;s|\.lo$||'`;\
	/ffp/bin/sh ./libtool --tag=CC   --mode=compile gcc -DHAVE_CONFIG_H -I. -I..  -I. -I../include -Iinclude -I../src -DFFI_BUILDING  -g  -O3 -fomit-frame-pointer -fstrict-aliasing -ffast-math -Wall -fexceptions -MT src/arm/ffi.lo -MD -MP -MF $depbase.Tpo -c -o src/arm/ffi.lo ../src/arm/ffi.c &&\
	mv -f $depbase.Tpo $depbase.Plo
libtool: compile:  gcc -DHAVE_CONFIG_H -I. -I.. -I. -I../include -Iinclude -I../src -DFFI_BUILDING -g -O3 -fomit-frame-pointer -fstrict-aliasing -ffast-math -Wall -fexceptions -MT src/arm/ffi.lo -MD -MP -MF src/arm/.deps/ffi.Tpo -c ../src/arm/ffi.c  -fPIC -DPIC -o src/arm/.libs/ffi.o
libtool: compile:  gcc -DHAVE_CONFIG_H -I. -I.. -I. -I../include -Iinclude -I../src -DFFI_BUILDING -g -O3 -fomit-frame-pointer -fstrict-aliasing -ffast-math -Wall -fexceptions -MT src/arm/ffi.lo -MD -MP -MF src/arm/.deps/ffi.Tpo -c ../src/arm/ffi.c -o src/arm/ffi.o >/dev/null 2>&1
/ffp/bin/sh ./libtool --tag=CC   --mode=link gcc -g  -O3 -fomit-frame-pointer -fstrict-aliasing -ffast-math -Wall -fexceptions -version-info `grep -v '^#' ../libtool-version`   -L/ffp/lib -Wl,-rpath,/ffp/lib -o libffi.la -rpath /ffp/lib src/prep_cif.lo src/types.lo src/raw_api.lo src/java_raw_api.lo src/closures.lo                 src/arm/sysv.lo src/arm/ffi.lo             
libtool: link: gcc -shared  -fPIC -DPIC  src/.libs/prep_cif.o src/.libs/types.o src/.libs/raw_api.o src/.libs/java_raw_api.o src/.libs/closures.o src/arm/.libs/sysv.o src/arm/.libs/ffi.o   -L/ffp/lib  -O3 -Wl,-rpath -Wl,/ffp/lib   -Wl,-soname -Wl,libffi.so.6 -o .libs/libffi.so.6.0.0
libtool: link: (cd ".libs" && rm -f "libffi.so.6" && ln -s "libffi.so.6.0.0" "libffi.so.6")
libtool: link: (cd ".libs" && rm -f "libffi.so" && ln -s "libffi.so.6.0.0" "libffi.so")
libtool: link: ar cru .libs/libffi.a  src/prep_cif.o src/types.o src/raw_api.o src/java_raw_api.o src/closures.o src/arm/sysv.o src/arm/ffi.o
libtool: link: ranlib .libs/libffi.a
libtool: link: ( cd ".libs" && rm -f "libffi.la" && ln -s "../libffi.la" "libffi.la" )
/ffp/bin/sh ./libtool --tag=CC   --mode=link gcc -g  -O3 -fomit-frame-pointer -fstrict-aliasing -ffast-math -Wall -fexceptions  -L/ffp/lib -Wl,-rpath,/ffp/lib -o libffi_convenience.la  src/prep_cif.lo src/types.lo src/raw_api.lo src/java_raw_api.lo src/closures.lo                 src/arm/sysv.lo src/arm/ffi.lo             
libtool: link: ar cru .libs/libffi_convenience.a src/.libs/prep_cif.o src/.libs/types.o src/.libs/raw_api.o src/.libs/java_raw_api.o src/.libs/closures.o src/arm/.libs/sysv.o src/arm/.libs/ffi.o 
libtool: link: ranlib .libs/libffi_convenience.a
libtool: link: ( cd ".libs" && rm -f "libffi_convenience.la" && ln -s "../libffi_convenience.la" "libffi_convenience.la" )
make[3]: Leaving directory `/tmp/libffi.AAOSxH/libffi-3.0.11/armv5tejl-unknown-linux-gnueabi'
make[2]: Leaving directory `/tmp/libffi.AAOSxH/libffi-3.0.11/armv5tejl-unknown-linux-gnueabi'
make[1]: Leaving directory `/tmp/libffi.AAOSxH/libffi-3.0.11/armv5tejl-unknown-linux-gnueabi'
+ make DESTDIR=/tmp/libffi.AAOSxH/pkg install
MAKE armv5tejl-unknown-linux-gnueabi : 0 * install
make[1]: Entering directory `/tmp/libffi.AAOSxH/libffi-3.0.11/armv5tejl-unknown-linux-gnueabi'
Making install in include
make[2]: Entering directory `/tmp/libffi.AAOSxH/libffi-3.0.11/armv5tejl-unknown-linux-gnueabi/include'
make[3]: Entering directory `/tmp/libffi.AAOSxH/libffi-3.0.11/armv5tejl-unknown-linux-gnueabi/include'
make[3]: Nothing to be done for `install-exec-am'.
test -z "/ffp/lib/libffi-3.0.11/include" || /ffp/bin/mkdir -p "/tmp/libffi.AAOSxH/pkg/ffp/lib/libffi-3.0.11/include"
 /ffp/bin/install -c -m 644 ffi.h ffitarget.h '/tmp/libffi.AAOSxH/pkg/ffp/lib/libffi-3.0.11/include'
make[3]: Leaving directory `/tmp/libffi.AAOSxH/libffi-3.0.11/armv5tejl-unknown-linux-gnueabi/include'
make[2]: Leaving directory `/tmp/libffi.AAOSxH/libffi-3.0.11/armv5tejl-unknown-linux-gnueabi/include'
Making install in testsuite
make[2]: Entering directory `/tmp/libffi.AAOSxH/libffi-3.0.11/armv5tejl-unknown-linux-gnueabi/testsuite'
make[3]: Entering directory `/tmp/libffi.AAOSxH/libffi-3.0.11/armv5tejl-unknown-linux-gnueabi/testsuite'
make[3]: Nothing to be done for `install-exec-am'.
make[3]: Nothing to be done for `install-data-am'.
make[3]: Leaving directory `/tmp/libffi.AAOSxH/libffi-3.0.11/armv5tejl-unknown-linux-gnueabi/testsuite'
make[2]: Leaving directory `/tmp/libffi.AAOSxH/libffi-3.0.11/armv5tejl-unknown-linux-gnueabi/testsuite'
Making install in man
make[2]: Entering directory `/tmp/libffi.AAOSxH/libffi-3.0.11/armv5tejl-unknown-linux-gnueabi/man'
make[3]: Entering directory `/tmp/libffi.AAOSxH/libffi-3.0.11/armv5tejl-unknown-linux-gnueabi/man'
make[3]: Nothing to be done for `install-exec-am'.
test -z "/ffp/share/man/man3" || /ffp/bin/mkdir -p "/tmp/libffi.AAOSxH/pkg/ffp/share/man/man3"
 /ffp/bin/install -c -m 644 ../../man/ffi.3 ../../man/ffi_call.3 ../../man/ffi_prep_cif.3 ../../man/ffi_prep_cif_var.3 '/tmp/libffi.AAOSxH/pkg/ffp/share/man/man3'
make[3]: Leaving directory `/tmp/libffi.AAOSxH/libffi-3.0.11/armv5tejl-unknown-linux-gnueabi/man'
make[2]: Leaving directory `/tmp/libffi.AAOSxH/libffi-3.0.11/armv5tejl-unknown-linux-gnueabi/man'
make[2]: Entering directory `/tmp/libffi.AAOSxH/libffi-3.0.11/armv5tejl-unknown-linux-gnueabi'
make[3]: Entering directory `/tmp/libffi.AAOSxH/libffi-3.0.11/armv5tejl-unknown-linux-gnueabi'
test -z "/ffp/lib" || /ffp/bin/mkdir -p "/tmp/libffi.AAOSxH/pkg/ffp/lib"
 /ffp/bin/sh ./libtool   --mode=install /ffp/bin/install -c   libffi.la '/tmp/libffi.AAOSxH/pkg/ffp/lib'
libtool: install: /ffp/bin/install -c .libs/libffi.so.6.0.0 /tmp/libffi.AAOSxH/pkg/ffp/lib/libffi.so.6.0.0
libtool: install: (cd /tmp/libffi.AAOSxH/pkg/ffp/lib && { ln -s -f libffi.so.6.0.0 libffi.so.6 || { rm -f libffi.so.6 && ln -s libffi.so.6.0.0 libffi.so.6; }; })
libtool: install: (cd /tmp/libffi.AAOSxH/pkg/ffp/lib && { ln -s -f libffi.so.6.0.0 libffi.so || { rm -f libffi.so && ln -s libffi.so.6.0.0 libffi.so; }; })
libtool: install: /ffp/bin/install -c .libs/libffi.lai /tmp/libffi.AAOSxH/pkg/ffp/lib/libffi.la
libtool: install: /ffp/bin/install -c .libs/libffi.a /tmp/libffi.AAOSxH/pkg/ffp/lib/libffi.a
libtool: install: chmod 644 /tmp/libffi.AAOSxH/pkg/ffp/lib/libffi.a
libtool: install: ranlib /tmp/libffi.AAOSxH/pkg/ffp/lib/libffi.a
libtool: install: warning: remember to run `libtool --finish /ffp/lib'
test -z "/ffp/share/info" || /ffp/bin/mkdir -p "/tmp/libffi.AAOSxH/pkg/ffp/share/info"
 /ffp/bin/install -c -m 644 ../doc/libffi.info '/tmp/libffi.AAOSxH/pkg/ffp/share/info'
test -z "/ffp/lib/pkgconfig" || /ffp/bin/mkdir -p "/tmp/libffi.AAOSxH/pkg/ffp/lib/pkgconfig"
 /ffp/bin/install -c -m 644 libffi.pc '/tmp/libffi.AAOSxH/pkg/ffp/lib/pkgconfig'
make[3]: Leaving directory `/tmp/libffi.AAOSxH/libffi-3.0.11/armv5tejl-unknown-linux-gnueabi'
make[2]: Leaving directory `/tmp/libffi.AAOSxH/libffi-3.0.11/armv5tejl-unknown-linux-gnueabi'
make[1]: Leaving directory `/tmp/libffi.AAOSxH/libffi-3.0.11/armv5tejl-unknown-linux-gnueabi'
+ mkdir -p /tmp/libffi.AAOSxH/pkg/install
+ cp /ffp/home/root/fun_plug/ffp_packages/libffi/DESCR /ffp/home/root/fun_plug/ffp_packages/libffi/HOMEPAGE /tmp/libffi.AAOSxH/pkg/install/
+ cd /tmp/libffi.AAOSxH/pkg
+ makepkg libffi 3.0.11 1
Creating /tmp/libffi-3.0.11-arm-1.tar ...
