++ basename ./libsigc++.funpkg .funpkg
+ PN=libsigc++
++ ls libsigc++-2.2.0.tar.gz
++ egrep -o '[0-9][0-9.]*[0-9]'
+ PV=2.2.0
+ PR=1
+ . ./config.ffp
++ GNU_HOST=
++ GNU_TARGET=
++ FFP_CFLAGS='-I/ffp/include -O2'
++ FFP_LDFLAGS='-L/ffp/lib -Wl,-rpath,/ffp/lib'
++ '[' '!' -d '' ']'
++ TMPDIR=/tmp
++ export TMPDIR
++ mandir=/ffp/share/man
++ infodir=/ffp/share/info
++ docdir=/ffp/share/doc
++ pwd
+ X=/ffp/home/root/src/libsigc++
++ mktemp -t -d libsigc++.XXXXXX
+ W=/tmp/libsigc++.WXcF64
+ D=/tmp/libsigc++.WXcF64/pkg
+ cd /tmp/libsigc++.WXcF64
+ tar xf /ffp/home/root/src/libsigc++/libsigc++-2.2.0.tar.gz
+ cd libsigc++-2.2.0
+ LDFLAGS='-L/ffp/lib -Wl,-rpath,/ffp/lib'
+ ./configure --prefix=/ffp --build= --host= --mandir=/ffp/share/man --infodir=/ffp/share/info --disable-nls
checking for a BSD-compatible install... /ffp/bin/install -c
checking whether build environment is sane... yes
checking for a thread-safe mkdir -p... /ffp/bin/mkdir -p
checking for gawk... gawk
checking whether make sets $(MAKE)... yes
checking how to create a ustar tar archive... gnutar
checking build system type... armv5tejl-unknown-linux-gnu
checking host system type... armv5tejl-unknown-linux-gnu
checking for gm4... no
checking for m4... m4
checking for perl... /ffp/bin/perl
checking whether to enable maintainer-specific portions of Makefiles... no
checking for gcc... gcc
checking for C compiler default output file name... a.out
checking whether the C compiler works... yes
checking whether we are cross compiling... no
checking for suffix of executables... 
checking for suffix of object files... o
checking whether we are using the GNU C compiler... yes
checking whether gcc accepts -g... yes
checking for gcc option to accept ISO C89... none needed
checking for style of include used by make... GNU
checking dependency style of gcc... gcc3
checking how to run the C preprocessor... gcc -E
checking for some Win32 platform... no
checking for a sed that does not truncate output... /ffp/bin/sed
checking for grep that handles long lines and -e... /ffp/bin/grep
checking for egrep... /ffp/bin/grep -E
checking for ld used by gcc... /ffp/bin/ld
checking if the linker (/ffp/bin/ld) is GNU ld... yes
checking for /ffp/bin/ld option to reload object files... -r
checking for BSD-compatible nm... /ffp/bin/nm -B
checking whether ln -s works... yes
checking how to recognise dependent libraries... pass_all
checking for ANSI C header files... yes
checking for sys/types.h... yes
checking for sys/stat.h... yes
checking for stdlib.h... yes
checking for string.h... yes
checking for memory.h... yes
checking for strings.h... yes
checking for inttypes.h... yes
checking for stdint.h... yes
checking for unistd.h... yes
checking dlfcn.h usability... yes
checking dlfcn.h presence... yes
checking for dlfcn.h... yes
checking for g++... g++
checking whether we are using the GNU C++ compiler... yes
checking whether g++ accepts -g... yes
checking dependency style of g++... gcc3
checking how to run the C++ preprocessor... g++ -E
checking for g77... no
checking for xlf... no
checking for f77... no
checking for frt... no
checking for pgf77... no
checking for cf77... no
checking for fort77... no
checking for fl32... no
checking for af77... no
checking for xlf90... no
checking for f90... no
checking for pgf90... no
checking for pghpf... no
checking for epcf90... no
checking for gfortran... no
checking for g95... no
checking for xlf95... no
checking for f95... no
checking for fort... no
checking for ifort... no
checking for ifc... no
checking for efc... no
checking for pgf95... no
checking for lf95... no
checking for ftn... no
checking whether we are using the GNU Fortran 77 compiler... no
checking whether  accepts -g... no
checking the maximum length of command line arguments... 32768
checking command to parse /ffp/bin/nm -B output from gcc object... ok
checking for objdir... .libs
checking for ar... ar
checking for ranlib... ranlib
checking for strip... strip
checking if gcc supports -fno-rtti -fno-exceptions... no
checking for gcc option to produce PIC... -fPIC
checking if gcc PIC flag -fPIC works... yes
checking if gcc static flag -static works... yes
checking if gcc supports -c -o file.o... yes
checking whether the gcc linker (/ffp/bin/ld) supports shared libraries... yes
checking whether -lc should be explicitly linked in... no
checking dynamic linker characteristics... GNU/Linux ld.so
checking how to hardcode library paths into programs... immediate
checking whether stripping libraries is possible... yes
checking if libtool supports shared libraries... yes
checking whether to build shared libraries... yes
checking whether to build static libraries... yes
configure: creating libtool
appending configuration tag "CXX" to libtool
checking for ld used by g++... /ffp/bin/ld
checking if the linker (/ffp/bin/ld) is GNU ld... yes
checking whether the g++ linker (/ffp/bin/ld) supports shared libraries... yes
checking for g++ option to produce PIC... -fPIC
checking if g++ PIC flag -fPIC works... yes
checking if g++ static flag -static works... yes
checking if g++ supports -c -o file.o... yes
checking whether the g++ linker (/ffp/bin/ld) supports shared libraries... yes
checking dynamic linker characteristics... GNU/Linux ld.so
checking how to hardcode library paths into programs... immediate
appending configuration tag "F77" to libtool
checking whether we are using the GNU C++ compiler... (cached) yes
checking whether g++ accepts -g... (cached) yes
checking dependency style of g++... (cached) gcc3
checking if C++ compiler supports the use of a particular specialization when calling operator() template methods.... yes
checking if C++ compiler supports the use of a particular specialization when calling operator() template methods omitting the template keyword.... yes
checking if C++ compiler allows usage of member function in initialization of static member field.... yes
checking whether C++ library symbols are declared in namespace std... yes
checking for non-standard Sun libCstd reverse_iterator... no
configure: creating ./config.status
config.status: creating Makefile
config.status: creating sigc++-2.0.pc
config.status: creating sigc++/Makefile
config.status: creating scripts/Makefile
config.status: creating tests/Makefile
config.status: creating examples/Makefile
config.status: creating MSVC_Net2003/Makefile
config.status: creating MSVC_Net2003/sigc-2.0.rc
config.status: creating libsigc++-2.0.spec
config.status: creating docs/Makefile
config.status: creating docs/manual/Makefile
config.status: creating docs/images/Makefile
config.status: creating docs/reference/Makefile
config.status: creating docs/reference/Doxyfile
config.status: creating sigc++config.h
config.status: executing depfiles commands
+ make
make  all-recursive
make[1]: Entering directory `/tmp/libsigc++.WXcF64/libsigc++-2.2.0'
Making all in sigc++
make[2]: Entering directory `/tmp/libsigc++.WXcF64/libsigc++-2.2.0/sigc++'
make  all-am
make[3]: Entering directory `/tmp/libsigc++.WXcF64/libsigc++-2.2.0/sigc++'
/ffp/bin/sh ../libtool --tag=CXX   --mode=compile g++ -DHAVE_CONFIG_H   -I.. -I..   -g -O2 -MT signal.lo -MD -MP -MF .deps/signal.Tpo -c -o signal.lo signal.cc
mkdir .libs
 g++ -DHAVE_CONFIG_H -I.. -I.. -g -O2 -MT signal.lo -MD -MP -MF .deps/signal.Tpo -c signal.cc  -fPIC -DPIC -o .libs/signal.o
In file included from ../sigc++/signal.h:8:0,
                 from signal.cc:20:
../sigc++/signal_base.h:46:11: error: 'size_t' does not name a type
../sigc++/signal_base.h:95:3: error: 'size_type' does not name a type
../sigc++/signal_base.h:239:11: error: 'size_t' does not name a type
../sigc++/signal_base.h:261:3: error: 'size_type' does not name a type
In file included from signal.cc:20:0:
../sigc++/signal.h:33:11: error: 'size_t' does not name a type
../sigc++/signal.h:34:11: error: 'ptrdiff_t' does not name a type
../sigc++/signal.h:99:11: error: 'size_t' does not name a type
../sigc++/signal.h:100:11: error: 'ptrdiff_t' does not name a type
../sigc++/signal.h:276:11: error: 'size_t' does not name a type
../sigc++/signal.h:277:11: error: 'ptrdiff_t' does not name a type
../sigc++/signal.h:359:11: error: 'size_t' does not name a type
../sigc++/signal.h:360:11: error: 'ptrdiff_t' does not name a type
../sigc++/signal.h:430:11: error: 'size_t' does not name a type
../sigc++/signal.h:431:11: error: 'ptrdiff_t' does not name a type
../sigc++/signal.h:515:11: error: 'size_t' does not name a type
../sigc++/signal.h:516:11: error: 'ptrdiff_t' does not name a type
make[3]: *** [signal.lo] Error 1
make[3]: Leaving directory `/tmp/libsigc++.WXcF64/libsigc++-2.2.0/sigc++'
make[2]: *** [all] Error 2
make[2]: Leaving directory `/tmp/libsigc++.WXcF64/libsigc++-2.2.0/sigc++'
make[1]: *** [all-recursive] Error 1
make[1]: Leaving directory `/tmp/libsigc++.WXcF64/libsigc++-2.2.0'
make: *** [all] Error 2
