++ basename ./xvidcore.funpkg .funpkg
+ PN=xvidcore
+ PR=1
+ . ./config.ffp
++ GNU_HOST=
++ GNU_TARGET=
++ FFP_CFLAGS='-I/ffp/include -O2'
++ FFP_LDFLAGS='-L/ffp/lib -Wl,-rpath,/ffp/lib'
++ '[' '!' -d '' ']'
++ TMPDIR=/tmp
++ export TMPDIR
++ mandir=/ffp/share/man
++ infodir=/ffp/share/info
++ docdir=/ffp/share/doc
++ pwd
+ X=/ffp/home/root/fun_plug/src/xvidcore
++ mktemp -t -d xvidcore.XXXXXX
+ W=/tmp/xvidcore.B7XRsO
+ D=/tmp/xvidcore.B7XRsO/pkg
+ cd /tmp/xvidcore.B7XRsO
+ cat /ffp/home/root/fun_plug/src/xvidcore/SRC_URI
+ xargs wget
--2012-10-22 10:36:26--  http://downloads.xvid.org/downloads/xvidcore-1.3.2.tar.bz2
Resolving downloads.xvid.org... 46.4.202.231
Connecting to downloads.xvid.org|46.4.202.231|:80... connected.
HTTP request sent, awaiting response... 200 OK
Length: 697038 (681K) [application/x-bzip2]
Saving to: `xvidcore-1.3.2.tar.bz2'

     0K .......... .......... .......... .......... ..........  7%  219K 3s
    50K .......... .......... .......... .......... .......... 14%  206K 3s
   100K .......... .......... .......... .......... .......... 22%  434K 2s
   150K .......... .......... .......... .......... .......... 29%  470K 2s
   200K .......... .......... .......... .......... .......... 36%  525K 1s
   250K .......... .......... .......... .......... .......... 44%  648K 1s
   300K .......... .......... .......... .......... .......... 51%  558K 1s
   350K .......... .......... .......... .......... .......... 58%  627K 1s
   400K .......... .......... .......... .......... .......... 66%  632K 1s
   450K .......... .......... .......... .......... .......... 73%  525K 0s
   500K .......... .......... .......... .......... .......... 80%  733K 0s
   550K .......... .......... .......... .......... .......... 88%  523K 0s
   600K .......... .......... .......... .......... .......... 95%  735K 0s
   650K .......... .......... ..........                      100%  591K=1.5s

2012-10-22 10:36:28 (456 KB/s) - `xvidcore-1.3.2.tar.bz2' saved [697038/697038]

++ ls xvidcore-1.3.2.tar.bz2
++ egrep -o '[0-9][0-9.]*[0-9]'
+ PV=1.3.2
+ tar xf xvidcore-1.3.2.tar.bz2
+ cd xvidcore/build/generic
+ LDFLAGS='-L/ffp/lib -Wl,-rpath,/ffp/lib'
+ ./configure --prefix=/ffp --build= --host= --mandir=/ffp/share/man --infodir=/ffp/share/info
checking build system type... armv5tejl-unknown-linux-gnueabi
checking host system type... armv5tejl-unknown-linux-gnueabi
checking target system type... armv5tejl-unknown-linux-gnueabi
checking whether to use default CFLAGS... yes
checking for gcc... gcc
checking whether the C compiler works... yes
checking for C compiler default output file name... a.out
checking for suffix of executables... 
checking whether we are cross compiling... no
checking for suffix of object files... o
checking whether we are using the GNU C compiler... yes
checking whether gcc accepts -g... yes
checking for gcc option to accept ISO C89... none needed
checking for a BSD-compatible install... /ffp/bin/install -c
checking for ranlib... ranlib
checking for ar... ar
checking for whether to use assembly code... yes
checking for architecture type... armv5tejl
checking how to run the C preprocessor... gcc -E
checking for grep that handles long lines and -e... /ffp/bin/grep
checking for egrep... /ffp/bin/grep -E
checking for ANSI C header files... yes
checking for sys/types.h... yes
checking for sys/stat.h... yes
checking for stdlib.h... yes
checking for string.h... yes
checking for memory.h... yes
checking for strings.h... yes
checking for inttypes.h... yes
checking for stdint.h... yes
checking for unistd.h... yes
checking size of int *... 4
checking whether byte ordering is bigendian... no
checking for build extensions... .so .a .o
checking for platform specific LDFLAGS/CFLAGS... ok
checking stdio.h usability... yes
checking stdio.h presence... yes
checking for stdio.h... yes
checking signal.h usability... yes
checking signal.h presence... yes
checking for signal.h... yes
checking for stdlib.h... (cached) yes
checking for string.h... (cached) yes
checking assert.h usability... yes
checking assert.h presence... yes
checking for assert.h... yes
checking math.h usability... yes
checking math.h presence... yes
checking for math.h... yes
checking pthread.h usability... yes
checking pthread.h presence... yes
checking for pthread.h... yes
checking for pthread_create in -lpthread... yes
configure: creating ./config.status
config.status: creating platform.inc
+ make

---------------------------------------------------------------
Object files used for this build
---------------------------------------------------------------

decoder.o encoder.o xvid.o bitstream/bitstream.o bitstream/cbp.o bitstream/mbcoding.o dct/fdct.o dct/idct.o dct/simple_idct.o image/colorspace.o image/image.o image/interpolate8x8.o image/font.o image/postprocessing.o image/qpel.o image/reduced.o motion/estimation_bvop.o motion/estimation_common.o motion/estimation_gmc.o motion/estimation_pvop.o motion/estimation_rd_based.o motion/estimation_rd_based_bvop.o motion/gmc.o motion/motion_comp.o motion/vop_type_decision.o motion/sad.o prediction/mbprediction.o plugins/plugin_single.o plugins/plugin_2pass1.o plugins/plugin_2pass2.o plugins/plugin_lumimasking.o plugins/plugin_dump.o plugins/plugin_psnr.o plugins/plugin_ssim.o plugins/plugin_psnrhvsm.o quant/quant_h263.o quant/quant_matrix.o quant/quant_mpeg.o utils/emms.o utils/mbtransquant.o utils/mem_align.o utils/mem_transfer.o utils/timer.o


---------------------------------------------------------------
Using CFLAGS
---------------------------------------------------------------

CFLAGS=-Wall -O2 -fstrength-reduce -finline-functions -ffast-math -fomit-frame-pointer


---------------------------------------------------------------
Target Libraries
---------------------------------------------------------------

Shared library: libxvidcore.so.4.3
Static library: libxvidcore.a


---------------------------------------------------------------
Install Paths
---------------------------------------------------------------

Include Directory: /ffp/include
Library Directory: /ffp/lib

  D: =build
  C: ./decoder.c
  C: ./encoder.c
  C: ./xvid.c
../../src/xvid.c: In function 'xvid_gbl_convert':
../../src/xvid.c:752:6: warning: variable 'width2' set but not used [-Wunused-but-set-variable]
  C: bitstream/bitstream.c
../../src/bitstream/bitstream.c: In function 'BitstreamReadHeaders':
../../src/bitstream/bitstream.c:614:11: warning: variable 'sprite_top_coord' set but not used [-Wunused-but-set-variable]
../../src/bitstream/bitstream.c:613:11: warning: variable 'sprite_left_coord' set but not used [-Wunused-but-set-variable]
../../src/bitstream/bitstream.c:612:11: warning: variable 'sprite_height' set but not used [-Wunused-but-set-variable]
../../src/bitstream/bitstream.c:611:11: warning: variable 'sprite_width' set but not used [-Wunused-but-set-variable]
../../src/bitstream/bitstream.c:607:10: warning: variable 'low_latency_sprite_enable' set but not used [-Wunused-but-set-variable]
  C: bitstream/cbp.c
  C: bitstream/mbcoding.c
  C: dct/fdct.c
  C: dct/idct.c
  C: dct/simple_idct.c
  C: image/colorspace.c
  C: image/image.c
  C: image/interpolate8x8.c
  C: image/font.c
  C: image/postprocessing.c
  C: image/qpel.c
  C: image/reduced.c
  C: motion/estimation_bvop.c
  C: motion/estimation_common.c
  C: motion/estimation_gmc.c
  C: motion/estimation_pvop.c
  C: motion/estimation_rd_based.c
  C: motion/estimation_rd_based_bvop.c
  C: motion/gmc.c
  C: motion/motion_comp.c
  C: motion/vop_type_decision.c
  C: motion/sad.c
  C: prediction/mbprediction.c
  C: plugins/plugin_single.c
  C: plugins/plugin_2pass1.c
  C: plugins/plugin_2pass2.c
  C: plugins/plugin_lumimasking.c
  C: plugins/plugin_dump.c
  C: plugins/plugin_psnr.c
  C: plugins/plugin_ssim.c
  C: plugins/plugin_psnrhvsm.c
  C: quant/quant_h263.c
  C: quant/quant_matrix.c
  C: quant/quant_mpeg.c
  C: utils/emms.c
  C: utils/mbtransquant.c
  C: utils/mem_align.c
  C: utils/mem_transfer.c
  C: utils/timer.c
  L: libxvidcore.a
  L: libxvidcore.so.4.3

---------------------------------------------------------------
 Xvid has been successfully built.

 * Binaries are currently located in the '=build' directory
 * To install them on your system, you can run '# make install'
   as root.
---------------------------------------------------------------

+ make DESTDIR=/tmp/xvidcore.B7XRsO/pkg install
  D: /ffp/lib
  I: /ffp/lib/libxvidcore.so.4.3
  I: /ffp/lib/libxvidcore.a
  D: /ffp/include
  I: /ffp/include/xvid.h
+ mkdir -p /tmp/xvidcore.B7XRsO/pkg/install
+ cp /ffp/home/root/fun_plug/src/xvidcore/DESCR /ffp/home/root/fun_plug/src/xvidcore/HOMEPAGE /tmp/xvidcore.B7XRsO/pkg/install/
+ cd /tmp/xvidcore.B7XRsO/pkg/ffp/lib/
+ ln -s libxvidcore.so.4.3 libxvidcore.so
+ cd /tmp/xvidcore.B7XRsO/pkg
+ makepkg xvidcore 1.3.2 1
Creating /tmp/xvidcore-1.3.2-arm-1.tar ...
