++ basename ./wiimms-iso-tools.funpkg .funpkg
+ PN=wiimms-iso-tools
++ date +%y%m%d
+ PV=120320
+ PR=1
+ . ./config.ffp
++ GNU_HOST=
++ GNU_TARGET=
++ FFP_CFLAGS='-I/ffp/include -O2'
++ FFP_LDFLAGS='-L/ffp/lib -Wl,-rpath,/ffp/lib'
++ '[' '!' -d '' ']'
++ TMPDIR=/tmp
++ export TMPDIR
++ mandir=/ffp/share/man
++ infodir=/ffp/share/info
++ docdir=/ffp/share/doc
++ pwd
+ X=/ffp/home/root/src/wiimms-iso-tools
++ mktemp -t -d wiimms-iso-tools.XXXXXX
+ W=/tmp/wiimms-iso-tools.KGf0Tc
+ D=/tmp/wiimms-iso-tools.KGf0Tc/pkg
+ cd /tmp/wiimms-iso-tools.KGf0Tc
+ cat /ffp/home/root/src/wiimms-iso-tools/SRC_URI
+ xargs svn checkout
A    wiimms-iso-tools/gen-text-file.sh
A    wiimms-iso-tools/text-files
A    wiimms-iso-tools/text-files/ui-head.inc
A    wiimms-iso-tools/text-files/logo.inc
A    wiimms-iso-tools/scripts
A    wiimms-iso-tools/scripts/test-image-size.sh
A    wiimms-iso-tools/scripts/test-ADD+EXTRACT.sh
A    wiimms-iso-tools/scripts/test-fragmentation.sh
A    wiimms-iso-tools/scripts/time-test.sh
A    wiimms-iso-tools/scripts/test-wwt+wit.sh
A    wiimms-iso-tools/scripts/INFO.txt
A    wiimms-iso-tools/src
A    wiimms-iso-tools/src/libwbfs_os.h
A    wiimms-iso-tools/src/lib-std.c
A    wiimms-iso-tools/src/wit-mix.c
A    wiimms-iso-tools/src/none.c
A    wiimms-iso-tools/src/lib-error.h
A    wiimms-iso-tools/src/libbz2
A    wiimms-iso-tools/src/libbz2/crctable.c
A    wiimms-iso-tools/src/libbz2/LICENSE
A    wiimms-iso-tools/src/libbz2/bzlib_private.h
A    wiimms-iso-tools/src/libbz2/blocksort.c
A    wiimms-iso-tools/src/libbz2/bzlib.c
A    wiimms-iso-tools/src/libbz2/decompress.c
A    wiimms-iso-tools/src/libbz2/huffman.c
A    wiimms-iso-tools/src/libbz2/bzlib.h
A    wiimms-iso-tools/src/libbz2/compress.c
A    wiimms-iso-tools/src/libbz2/randtable.c
A    wiimms-iso-tools/src/lib-std.h
A    wiimms-iso-tools/src/wit.c
A    wiimms-iso-tools/src/titles.c
A    wiimms-iso-tools/src/crypt.h
A    wiimms-iso-tools/src/match-pattern.c
A    wiimms-iso-tools/src/lib-lzma.c
A    wiimms-iso-tools/src/titles.h
A    wiimms-iso-tools/src/types.h
A    wiimms-iso-tools/src/match-pattern.h
A    wiimms-iso-tools/src/lib-lzma.h
A    wiimms-iso-tools/src/wdf.c
A    wiimms-iso-tools/src/wwt.c
A    wiimms-iso-tools/src/lzma
A    wiimms-iso-tools/src/lzma/LzHash.h
A    wiimms-iso-tools/src/lzma/LzmaEnc.h
A    wiimms-iso-tools/src/lzma/LzmaDec.c
A    wiimms-iso-tools/src/lzma/Lzma2Enc.h
A    wiimms-iso-tools/src/lzma/Lzma2Dec.c
A    wiimms-iso-tools/src/lzma/LzmaDec.h
A    wiimms-iso-tools/src/lzma/LzFind.c
A    wiimms-iso-tools/src/lzma/Lzma2Dec.h
A    wiimms-iso-tools/src/lzma/LzmaEnc.c
A    wiimms-iso-tools/src/lzma/Types.h
A    wiimms-iso-tools/src/lzma/lzma-info.txt
A    wiimms-iso-tools/src/lzma/LzFind.h
A    wiimms-iso-tools/src/lzma/Lzma2Enc.c
A    wiimms-iso-tools/src/lib-file.c
A    wiimms-iso-tools/src/lib-wia.c
A    wiimms-iso-tools/src/debug.c
A    wiimms-iso-tools/src/wfuse.c
A    wiimms-iso-tools/src/system.h
A    wiimms-iso-tools/src/lib-wia.h
A    wiimms-iso-tools/src/lib-bzip2.c
A    wiimms-iso-tools/src/debug.h
A    wiimms-iso-tools/src/wbfs-interface.c
A    wiimms-iso-tools/src/lib-bzip2.h
A    wiimms-iso-tools/src/crypto
A    wiimms-iso-tools/src/crypto/sha1dgst.c
A    wiimms-iso-tools/src/crypto/ssl-asm.S
A    wiimms-iso-tools/src/crypto/sha1-586-elf.s
A    wiimms-iso-tools/src/crypto/wit-sha.h
A    wiimms-iso-tools/src/crypto/md32_common.h
A    wiimms-iso-tools/src/crypto/ssl-asm.h
A    wiimms-iso-tools/src/crypto/sha1-x86_64.s
A    wiimms-iso-tools/src/crypto/sha_locl.h
A    wiimms-iso-tools/src/crypto/sha1-586-cygwin.s
A    wiimms-iso-tools/src/crypto/sha1_one.c
A    wiimms-iso-tools/src/patch.c
A    wiimms-iso-tools/src/dclib-utf8.c
A    wiimms-iso-tools/src/lib-ciso.c
A    wiimms-iso-tools/src/patch.h
A    wiimms-iso-tools/src/wbfs-interface.h
A    wiimms-iso-tools/src/dclib-utf8.h
A    wiimms-iso-tools/src/lib-ciso.h
A    wiimms-iso-tools/src/wtest.c
A    wiimms-iso-tools/src/libwbfs
A    wiimms-iso-tools/src/libwbfs/libwbfs_os.posix.h
A    wiimms-iso-tools/src/libwbfs/tools.c
A    wiimms-iso-tools/src/libwbfs/wiidisc.h
A    wiimms-iso-tools/src/libwbfs/cert.h
A    wiimms-iso-tools/src/libwbfs/tools.h
A    wiimms-iso-tools/src/libwbfs/.svn-ignore
A    wiimms-iso-tools/src/libwbfs/all.edit-list
A    wiimms-iso-tools/src/libwbfs/libwbfs_defaults.h
A    wiimms-iso-tools/src/libwbfs/file-formats.c
A    wiimms-iso-tools/src/libwbfs/libwbfs.c
A    wiimms-iso-tools/src/libwbfs/rijndael.c
A    wiimms-iso-tools/src/libwbfs/wiidisc.c
A    wiimms-iso-tools/src/libwbfs/cert.c
A    wiimms-iso-tools/src/libwbfs/file-formats.h
A    wiimms-iso-tools/src/libwbfs/libwbfs.h
A    wiimms-iso-tools/src/libwbfs/rijndael.h
A    wiimms-iso-tools/src/lib-sf.c
A    wiimms-iso-tools/src/lib-sf.h
A    wiimms-iso-tools/src/wwt+wit-cmd.c
A    wiimms-iso-tools/src/lib-wdf.c
A    wiimms-iso-tools/src/iso-interface.c
A    wiimms-iso-tools/src/lib-wdf.h
A    wiimms-iso-tools/src/ui
A    wiimms-iso-tools/src/ui/ui-wit.c
A    wiimms-iso-tools/src/ui/ui-wdf.h
A    wiimms-iso-tools/src/ui/tab-ui.c
A    wiimms-iso-tools/src/ui/ui-wwt.h
A    wiimms-iso-tools/src/ui/ui.h
A    wiimms-iso-tools/src/ui/ui-wit.h
A    wiimms-iso-tools/src/ui/gen-ui.c
A    wiimms-iso-tools/src/ui/ui-wfuse.c
A    wiimms-iso-tools/src/ui/ui-wfuse.h
A    wiimms-iso-tools/src/ui/ui.def
A    wiimms-iso-tools/src/ui/ui-wdf.c
A    wiimms-iso-tools/src/ui/ui-wwt.c
A    wiimms-iso-tools/src/ui/ui.c
A    wiimms-iso-tools/src/iso-interface.h
A    wiimms-iso-tools/makefiles-local
A    wiimms-iso-tools/makefiles-local/Makefile.local.x86_64
A    wiimms-iso-tools/makefiles-local/Makefile.local.mac
A    wiimms-iso-tools/makefiles-local/Makefile.local
A    wiimms-iso-tools/makefiles-local/Makefile.local.i386
A    wiimms-iso-tools/gen-template.sh
A    wiimms-iso-tools/info
A    wiimms-iso-tools/info/cygwin.predef
A    wiimms-iso-tools/info/linux-i386.predef
A    wiimms-iso-tools/info/mac-osx.predef
A    wiimms-iso-tools/gpl-2.0.txt
A    wiimms-iso-tools/templates
A    wiimms-iso-tools/templates/wit-source.txt
A    wiimms-iso-tools/templates/HISTORY.txt
A    wiimms-iso-tools/templates/WBFS.txt
A    wiimms-iso-tools/templates/gbatemp-beta.forum
A    wiimms-iso-tools/templates/wit.txt
A    wiimms-iso-tools/templates/FAQ.txt
A    wiimms-iso-tools/templates/forum.edit-list
A    wiimms-iso-tools/templates/module
A    wiimms-iso-tools/templates/module/head.txt
A    wiimms-iso-tools/templates/module/last-history.txt
A    wiimms-iso-tools/templates/module/proc-titles.txt
A    wiimms-iso-tools/templates/module/content.txt
A    wiimms-iso-tools/templates/module/set-title.txt
A    wiimms-iso-tools/templates/module/proc-size.txt
A    wiimms-iso-tools/templates/module/features-de.forum
A    wiimms-iso-tools/templates/module/features.txt
A    wiimms-iso-tools/templates/module/output-filename.txt
A    wiimms-iso-tools/templates/module/proc-id6.txt
A    wiimms-iso-tools/templates/module/features-en.forum
A    wiimms-iso-tools/templates/module/opt-sort.txt
A    wiimms-iso-tools/templates/module/proc-exclude.txt
A    wiimms-iso-tools/templates/module/proc-iso.txt
A    wiimms-iso-tools/templates/module/proc-split.txt
A    wiimms-iso-tools/templates/module/signals.txt
A    wiimms-iso-tools/templates/gbatemp-update.forum
A    wiimms-iso-tools/templates/DOCUMENTATION.txt
A    wiimms-iso-tools/templates/wii-homebrew-announce.forum
A    wiimms-iso-tools/templates/WDF.txt
A    wiimms-iso-tools/templates/wii-homebrew-beta.forum
A    wiimms-iso-tools/templates/wwt.txt
A    wiimms-iso-tools/templates/HISTORY-v0.txt
A    wiimms-iso-tools/templates/HISTORY-v1.txt
A    wiimms-iso-tools/templates/gbatemp-beta-commit.forum
A    wiimms-iso-tools/templates/wii-homebrew-update.forum
A    wiimms-iso-tools/templates/gbatemp-announce.forum
A    wiimms-iso-tools/templates/txt.edit-list
A    wiimms-iso-tools/WDF.txt
A    wiimms-iso-tools/edit-list
A    wiimms-iso-tools/edit-list/lib-wdf.edit-list
A    wiimms-iso-tools/edit-list/+user-interface.edit-list
A    wiimms-iso-tools/edit-list/iso-interface.edit-list
A    wiimms-iso-tools/edit-list/file-formats.edit-list
A    wiimms-iso-tools/edit-list/lib-wbfs-h.edit-list
A    wiimms-iso-tools/edit-list/wiidisc.edit-list
A    wiimms-iso-tools/edit-list/lib-std.edit-list
A    wiimms-iso-tools/edit-list/trace.edit-list
A    wiimms-iso-tools/edit-list/wit.edit-list
A    wiimms-iso-tools/edit-list/titles.edit-list
A    wiimms-iso-tools/edit-list/lib-wbfs.edit-list
A    wiimms-iso-tools/edit-list/match-pattern.edit-list
A    wiimms-iso-tools/edit-list/lib-lzma.edit-list
A    wiimms-iso-tools/edit-list/+templates.edit-list
A    wiimms-iso-tools/edit-list/+makefiles.edit-list
A    wiimms-iso-tools/edit-list/dclib.edit-list
A    wiimms-iso-tools/edit-list/+editlists.edit-list
A    wiimms-iso-tools/edit-list/wdf.edit-list
A    wiimms-iso-tools/edit-list/crypt-only.edit-list
A    wiimms-iso-tools/edit-list/wwt.edit-list
A    wiimms-iso-tools/edit-list/+all.edit-list
A    wiimms-iso-tools/edit-list/lib-wbfs-only.edit-list
A    wiimms-iso-tools/edit-list/lib-wia.edit-list
A    wiimms-iso-tools/edit-list/debug.edit-list
A    wiimms-iso-tools/edit-list/wfuse.edit-list
A    wiimms-iso-tools/edit-list/error.edit-list
A    wiimms-iso-tools/edit-list/lib-bzip2.edit-list
A    wiimms-iso-tools/edit-list/doc-forum.edit-list
A    wiimms-iso-tools/edit-list/cert.edit-list
A    wiimms-iso-tools/edit-list/wbfs-interface.edit-list
A    wiimms-iso-tools/edit-list/+text-files.edit-list
A    wiimms-iso-tools/edit-list/patch.edit-list
A    wiimms-iso-tools/edit-list/lib-ciso.edit-list
A    wiimms-iso-tools/edit-list/+scripts.edit-list
A    wiimms-iso-tools/edit-list/test-libwbfs.edit-list
A    wiimms-iso-tools/edit-list/wtest.edit-list
A    wiimms-iso-tools/edit-list/+all-header.edit-list
A    wiimms-iso-tools/edit-list/lib-sf.edit-list
A    wiimms-iso-tools/edit-list/+doc.edit-list
A    wiimms-iso-tools/edit-list/+all-source.edit-list
A    wiimms-iso-tools/print-disc-blocks.sh
A    wiimms-iso-tools/setup
A    wiimms-iso-tools/setup/install.sh
A    wiimms-iso-tools/setup/wit.def
A    wiimms-iso-tools/setup/cygwin-copy.sh
A    wiimms-iso-tools/setup/load-titles.bat
A    wiimms-iso-tools/setup/windows-install.sh
A    wiimms-iso-tools/setup/load-titles.sh
A    wiimms-iso-tools/setup/windows-uninstall.sh
A    wiimms-iso-tools/setup/version.h
A    wiimms-iso-tools/setup/windows-install.exe
A    wiimms-iso-tools/share
A    wiimms-iso-tools/share/titles-zhcn.txt
A    wiimms-iso-tools/share/titles.txt
A    wiimms-iso-tools/share/titles-pt.txt
A    wiimms-iso-tools/share/system-menu.txt
A    wiimms-iso-tools/share/titles-ru.txt
A    wiimms-iso-tools/share/titles-es.txt
A    wiimms-iso-tools/share/titles-fr.txt
A    wiimms-iso-tools/share/titles-de.txt
A    wiimms-iso-tools/share/titles-ko.txt
A    wiimms-iso-tools/share/titles-nl.txt
A    wiimms-iso-tools/share/titles-ja.txt
A    wiimms-iso-tools/share/titles-it.txt
A    wiimms-iso-tools/share/titles-zhtw.txt
A    wiimms-iso-tools/.svn-ignore
A    wiimms-iso-tools/system.c
A    wiimms-iso-tools/test-libwbfs
A    wiimms-iso-tools/test-libwbfs/libwbfs_os.h
A    wiimms-iso-tools/test-libwbfs/test-libwbfs.c
A    wiimms-iso-tools/test-libwbfs/readme.txt
A    wiimms-iso-tools/test-libwbfs/Makefile
A    wiimms-iso-tools/setup.sh
A    wiimms-iso-tools/Makefile
 U   wiimms-iso-tools
Checked out revision 3566.
+ cd wiimms-iso-tools
+ LDFLAGS='-L/ffp/lib -Wl,-rpath,/ffp/lib'
+ make
***  create templates.sed     
***  create version.h         
***    text logo.inc          
***    text ui-head.inc       
***  object gen-ui.o          
***  object LzFind.o          
***  object Lzma2Dec.o        
***  object Lzma2Enc.o        
***  object LzmaDec.o         
***  object LzmaEnc.o         
src/lzma/LzmaEnc.c: In function 'LzmaEnc_Alloc':
src/lzma/LzmaEnc.c:1900:8: warning: variable 'btMode' set but not used [-Wunused-but-set-variable]
***  object cert.o            
***  object dclib-utf8.o      
***  object debug.o           
***  object file-formats.o    
src/libwbfs/file-formats.c: In function 'wd_print_compression':
src/libwbfs/file-formats.c:408:9: warning: variable 'len' set but not used [-Wunused-but-set-variable]
***  object iso-interface.o   
***  object lib-bzip2.o       
***  object lib-ciso.o        
***  object lib-file.o        
***  object lib-lzma.o        
***  object lib-sf.o          
src/lib-sf.c: In function 'DiffFilesSF':
src/lib-sf.c:4665:15: warning: variable 'err' set but not used [-Wunused-but-set-variable]
***  object lib-std.o         
***  object lib-wdf.o         
***  object lib-wia.o         
***  object libwbfs.o         
***  object match-pattern.o   
***  object patch.o           
***  object rijndael.o        
***  object sha1_one.o        
***  object sha1dgst.o        
***  object blocksort.o        [libbz2]
***  object bzlib.o            [libbz2]
***  object compress.o         [libbz2]
***  object crctable.o         [libbz2]
***  object decompress.o       [libbz2]
***  object huffman.o          [libbz2]
***  object randtable.o        [libbz2]
***     asm ssl-asm.o         
***  object titles.o          
***  object tools.o           
***  object ui.o              
***  object wbfs-interface.o  
src/wbfs-interface.c: In function 'CloseWBFSCache':
src/wbfs-interface.c:852:15: warning: variable 'err' set but not used [-Wunused-but-set-variable]
src/wbfs-interface.c: In function 'AW_discs':
src/wbfs-interface.c:2282:30: warning: variable 'first_iso_sect' set but not used [-Wunused-but-set-variable]
***  object wiidisc.o         
***  helper gen-ui            
*** +object wdf.o             
***  object wit-mix.o         
***    tool wdf                 
*** +object wit.o             
***    tool wit                 wit-mix.o
***  object wtest.o           
***    tool wtest               
*** +object wwt.o             
***    tool wwt                 
***    link wdf -> wdf-cat    
***    link wdf -> wdf-dump   
***  create install.sh        
***  create load-titles.sh    
HINT: try 'make help'
+ patch install.sh /ffp/home/root/src/wiimms-iso-tools/install.patch
patching file install.sh
+ patch load-titles.sh /ffp/home/root/src/wiimms-iso-tools/load-titles.patch
patching file load-titles.sh
+ mkdir -p /tmp/wiimms-iso-tools.KGf0Tc/pkg/ffp/bin
+ BASE_PATH=/tmp/wiimms-iso-tools.KGf0Tc/pkg/ffp/
+ ./install.sh
*** install binaries to /tmp/wiimms-iso-tools.KGf0Tc/pkg/ffp//bin
*** create wdf links
*** install share files to /tmp/wiimms-iso-tools.KGf0Tc/pkg/ffp//share/wit
***    load ./share/titles.txt from http://wiitdb.com/titles.txt
./load-titles.sh: line 70: wit: command not found
***    load ./share/titles-de.txt from http://wiitdb.com/titles.txt?LANG=DE
./load-titles.sh: line 70: wit: command not found
***    load ./share/titles-es.txt from http://wiitdb.com/titles.txt?LANG=ES
./load-titles.sh: line 70: wit: command not found
***    load ./share/titles-fr.txt from http://wiitdb.com/titles.txt?LANG=FR
./load-titles.sh: line 70: wit: command not found
***    load ./share/titles-it.txt from http://wiitdb.com/titles.txt?LANG=IT
./load-titles.sh: line 70: wit: command not found
***    load ./share/titles-ja.txt from http://wiitdb.com/titles.txt?LANG=JA
./load-titles.sh: line 70: wit: command not found
***    load ./share/titles-ko.txt from http://wiitdb.com/titles.txt?LANG=KO
./load-titles.sh: line 70: wit: command not found
***    load ./share/titles-nl.txt from http://wiitdb.com/titles.txt?LANG=NL
./load-titles.sh: line 70: wit: command not found
***    load ./share/titles-pt.txt from http://wiitdb.com/titles.txt?LANG=PT
./load-titles.sh: line 70: wit: command not found
***    load ./share/titles-ru.txt from http://wiitdb.com/titles.txt?LANG=RU
./load-titles.sh: line 70: wit: command not found
***    load ./share/titles-zhcn.txt from http://wiitdb.com/titles.txt?LANG=ZHCN
./load-titles.sh: line 70: wit: command not found
***    load ./share/titles-zhtw.txt from http://wiitdb.com/titles.txt?LANG=ZHTW
./load-titles.sh: line 70: wit: command not found
*** install titles to /tmp/wiimms-iso-tools.KGf0Tc/pkg/ffp//share/wit
+ mkdir -p /tmp/wiimms-iso-tools.KGf0Tc/pkg/install
+ cp /ffp/home/root/src/wiimms-iso-tools/DESCR /ffp/home/root/src/wiimms-iso-tools/HOMEPAGE /tmp/wiimms-iso-tools.KGf0Tc/pkg/install/
+ cd /tmp/wiimms-iso-tools.KGf0Tc/pkg
+ makepkg wiimms-iso-tools 120320 1
Creating /tmp/wiimms-iso-tools-120320-arm-1.tar ...
