++ basename ./gpodder.funpkg .funpkg
+ PN=gpodder
+ PR=1
+ . ./config.ffp
++ GNU_HOST=
++ GNU_TARGET=
++ FFP_CFLAGS='-I/ffp/include -O2'
++ FFP_LDFLAGS='-L/ffp/lib -Wl,-rpath,/ffp/lib'
++ '[' '!' -d '' ']'
++ TMPDIR=/tmp
++ export TMPDIR
++ mandir=/ffp/share/man
++ infodir=/ffp/share/info
++ docdir=/ffp/share/doc
++ pwd
+ X=/ffp/home/root/fun_plug/src/gpodder
++ mktemp -t -d gpodder.XXXXXX
+ W=/tmp/gpodder.21HLs4
+ D=/tmp/gpodder.21HLs4/pkg
+ cd /tmp/gpodder.21HLs4
+ cat /ffp/home/root/fun_plug/src/gpodder/SRC_URI
+ xargs wget
--2012-10-15 11:52:38--  http://gpodder.org/src/gpodder-3.3.0.tar.gz
Resolving gpodder.org... 178.77.79.64
Connecting to gpodder.org|178.77.79.64|:80... connected.
HTTP request sent, awaiting response... 200 OK
Length: 2059957 (2.0M) [application/octet-stream]
Saving to: `gpodder-3.3.0.tar.gz'

     0K .......... .......... .......... .......... ..........  2%  236K 8s
    50K .......... .......... .......... .......... ..........  4%  569K 6s
   100K .......... .......... .......... .......... ..........  7%  552K 5s
   150K .......... .......... .......... .......... ..........  9%  569K 4s
   200K .......... .......... .......... .......... .......... 12%  566K 4s
   250K .......... .......... .......... .......... .......... 14%  552K 4s
   300K .......... .......... .......... .......... .......... 17%  143K 5s
   350K .......... .......... .......... .......... .......... 19% 19.8M 4s
   400K .......... .......... .......... .......... .......... 22% 21.8M 4s
   450K .......... .......... .......... .......... .......... 24% 1.03M 3s
   500K .......... .......... .......... .......... .......... 27%  264K 3s
   550K .......... .......... .......... .......... .......... 29%  537K 3s
   600K .......... .......... .......... .......... .......... 32%  567K 3s
   650K .......... .......... .......... .......... .......... 34%  550K 3s
   700K .......... .......... .......... .......... .......... 37%  569K 3s
   750K .......... .......... .......... .......... .......... 39%  568K 3s
   800K .......... .......... .......... .......... .......... 42%  551K 2s
   850K .......... .......... .......... .......... .......... 44%  180K 3s
   900K .......... .......... .......... .......... .......... 47%  999K 2s
   950K .......... .......... .......... .......... .......... 49%  826K 2s
  1000K .......... .......... .......... .......... .......... 52% 21.9M 2s
  1050K .......... .......... .......... .......... .......... 54%  863K 2s
  1100K .......... .......... .......... .......... .......... 57%  566K 2s
  1150K .......... .......... .......... .......... .......... 59%  567K 2s
  1200K .......... .......... .......... .......... .......... 62%  549K 2s
  1250K .......... .......... .......... .......... .......... 64%  569K 1s
  1300K .......... .......... .......... .......... .......... 67%  569K 1s
  1350K .......... .......... .......... .......... .......... 69%  552K 1s
  1400K .......... .......... .......... .......... .......... 72%  566K 1s
  1450K .......... .......... .......... .......... .......... 74%  569K 1s
  1500K .......... .......... .......... .......... .......... 77%  553K 1s
  1550K .......... .......... .......... .......... .......... 79%  569K 1s
  1600K .......... .......... .......... .......... .......... 82%  566K 1s
  1650K .......... .......... .......... .......... .......... 84%  552K 1s
  1700K .......... .......... .......... .......... .......... 86%  571K 1s
  1750K .......... .......... .......... .......... .......... 89%  552K 0s
  1800K .......... .......... .......... .......... .......... 91%  567K 0s
  1850K .......... .......... .......... .......... .......... 94%  568K 0s
  1900K .......... .......... .......... .......... .......... 96%  555K 0s
  1950K .......... .......... .......... .......... .......... 99%  567K 0s
  2000K .......... .                                          100%  595K=3.9s

2012-10-15 11:52:42 (522 KB/s) - `gpodder-3.3.0.tar.gz' saved [2059957/2059957]

++ ls gpodder-3.3.0.tar.gz
++ egrep -o '[0-9][0-9.]*[0-9]'
+ PV=3.3.0
+ tar xf gpodder-3.3.0.tar.gz
+ cd gpodder-3.3.0 gpodder-3.3.0.tar.gz
+ export 'LINGUAS=enf fr de nl'
+ LINGUAS='enf fr de nl'
+ export GPODDER_INSTALL_UIS=cli
+ GPODDER_INSTALL_UIS=cli
+ make install DESTDIR=/tmp/gpodder.21HLs4/pkg PREFIX=/ffp
intltool-extract --quiet --type=gettext/glade share/gpodder/ui/gtk/gpodder.ui
intltool-extract --quiet --type=gettext/glade share/gpodder/ui/gtk/gpodderaddpodcast.ui
intltool-extract --quiet --type=gettext/glade share/gpodder/ui/gtk/gpodderchannel.ui
intltool-extract --quiet --type=gettext/glade share/gpodder/ui/gtk/gpodderconfigeditor.ui
intltool-extract --quiet --type=gettext/glade share/gpodder/ui/gtk/gpodderepisodeselector.ui
intltool-extract --quiet --type=gettext/glade share/gpodder/ui/gtk/gpodderflattrsignin.ui
intltool-extract --quiet --type=gettext/glade share/gpodder/ui/gtk/gpodderpodcastdirectory.ui
intltool-extract --quiet --type=gettext/glade share/gpodder/ui/gtk/gpodderpreferences.ui
intltool-extract --quiet --type=gettext/glade share/gpodder/ui/gtk/gpoddershownotes.ui
intltool-extract --quiet --type=gettext/glade share/gpodder/ui/gtk/gpodderwelcome.ui
intltool-extract --quiet --type=gettext/ini share/applications/gpodder.desktop.in
xgettext -LPython -k_:1 -kN_:1 -kN_:1,2 -kn_:1,2 -o po/messages.pot src/gpodder/__init__.py src/gpodder/api.py src/gpodder/common.py src/gpodder/config.py src/gpodder/core.py src/gpodder/coverart.py src/gpodder/dbsqlite.py src/gpodder/dbusproxy.py src/gpodder/download.py src/gpodder/extensions.py src/gpodder/feedcore.py src/gpodder/feedservice.py src/gpodder/flattr.py src/gpodder/jsonconfig.py src/gpodder/log.py src/gpodder/minidb.py src/gpodder/model.py src/gpodder/my.py src/gpodder/opml.py src/gpodder/player.py src/gpodder/query.py src/gpodder/schema.py src/gpodder/services.py src/gpodder/sync.py src/gpodder/unittests.py src/gpodder/util.py src/gpodder/vimeo.py src/gpodder/youtube.py src/gpodder/gtkui/__init__.py src/gpodder/gtkui/base.py src/gpodder/gtkui/config.py src/gpodder/gtkui/desktopfile.py src/gpodder/gtkui/download.py src/gpodder/gtkui/draw.py src/gpodder/gtkui/flattr.py src/gpodder/gtkui/macosx.py src/gpodder/gtkui/main.py src/gpodder/gtkui/model.py src/gpodder/gtkui/opml.py src/gpodder/gtkui/services.py src/gpodder/gtkui/widgets.py src/gpodder/gtkui/interface/__init__.py src/gpodder/gtkui/interface/addpodcast.py src/gpodder/gtkui/interface/common.py src/gpodder/gtkui/interface/configeditor.py src/gpodder/gtkui/interface/progress.py src/gpodder/gtkui/interface/shownotes.py src/gpodder/gtkui/desktop/__init__.py src/gpodder/gtkui/desktop/channel.py src/gpodder/gtkui/desktop/episodeselector.py src/gpodder/gtkui/desktop/podcastdirectory.py src/gpodder/gtkui/desktop/preferences.py src/gpodder/gtkui/desktop/shownotes.py src/gpodder/gtkui/desktop/sync.py src/gpodder/gtkui/desktop/welcome.py src/gpodder/qmlui/__init__.py src/gpodder/qmlui/helper.py src/gpodder/qmlui/images.py src/gpodder/qmlui/model.py src/gpodder/webui/__init__.py src/gpodder/plugins/__init__.py src/gpodder/plugins/soundcloud.py src/gpodder/plugins/xspf.py share/gpodder/extensions/flv2mp4.py share/gpodder/extensions/gtk_statusicon.py share/gpodder/extensions/m4a_converter.py share/gpodder/extensions/minimize_on_start.py share/gpodder/extensions/normalize_audio.py share/gpodder/extensions/notification.py share/gpodder/extensions/rename_download.py share/gpodder/extensions/rm_ogg_cover.py share/gpodder/extensions/rockbox_convert2mp4.py share/gpodder/extensions/tagging.py share/gpodder/extensions/ted_subtitles.py share/gpodder/extensions/ubuntu_appindicator.py share/gpodder/extensions/ubuntu_unity.py share/gpodder/extensions/woodchuck.py share/gpodder/ui/gtk/gpodder.ui.h share/gpodder/ui/gtk/gpodderaddpodcast.ui.h share/gpodder/ui/gtk/gpodderchannel.ui.h share/gpodder/ui/gtk/gpodderconfigeditor.ui.h share/gpodder/ui/gtk/gpodderepisodeselector.ui.h share/gpodder/ui/gtk/gpodderflattrsignin.ui.h share/gpodder/ui/gtk/gpodderpodcastdirectory.ui.h share/gpodder/ui/gtk/gpodderpreferences.ui.h share/gpodder/ui/gtk/gpoddershownotes.ui.h share/gpodder/ui/gtk/gpodderwelcome.ui.h share/gpodder/ui/qml/ContextMenuArea.qml share/gpodder/ui/qml/EpisodeActionItem.qml share/gpodder/ui/qml/EpisodeActions.qml share/gpodder/ui/qml/EpisodeItem.qml share/gpodder/ui/qml/EpisodeList.qml share/gpodder/ui/qml/FilledIcon.qml share/gpodder/ui/qml/InputField.qml share/gpodder/ui/qml/Main.qml share/gpodder/ui/qml/MediaPlayer.qml share/gpodder/ui/qml/PlaybackBar.qml share/gpodder/ui/qml/PlaybackBarButton.qml share/gpodder/ui/qml/PlaybackBarProgress.qml share/gpodder/ui/qml/PodcastItem.qml share/gpodder/ui/qml/PodcastList.qml share/gpodder/ui/qml/ScaledIcon.qml share/gpodder/ui/qml/SearchResultsListModel.qml share/gpodder/ui/qml/SelectableItem.qml share/gpodder/ui/qml/SettingsHeader.qml share/gpodder/ui/qml/SettingsLabel.qml share/gpodder/ui/qml/SettingsSwitch.qml share/gpodder/ui/qml/ShowNotes.qml share/gpodder/ui/qml/SimpleButton.qml share/gpodder/ui/qml/Subscribe.qml share/gpodder/ui/qml/TitlebarButton.qml share/gpodder/ui/qml/main_default.qml bin/gpo bin/gpodder bin/gpodder-migrate2tres share/applications/gpodder.desktop.in.h
share/gpodder/ui/qml/EpisodeList.qml:15: warning: unterminated string
msgmerge --silent po/ca.po po/messages.pot --output-file=po/ca.po
msgfmt po/ca.po -o share/locale/ca/LC_MESSAGES/gpodder.mo
msgmerge --silent po/cs.po po/messages.pot --output-file=po/cs.po
msgfmt po/cs.po -o share/locale/cs/LC_MESSAGES/gpodder.mo
msgmerge --silent po/cs_CZ.po po/messages.pot --output-file=po/cs_CZ.po
msgfmt po/cs_CZ.po -o share/locale/cs_CZ/LC_MESSAGES/gpodder.mo
msgmerge --silent po/da.po po/messages.pot --output-file=po/da.po
msgfmt po/da.po -o share/locale/da/LC_MESSAGES/gpodder.mo
msgmerge --silent po/de.po po/messages.pot --output-file=po/de.po
msgfmt po/de.po -o share/locale/de/LC_MESSAGES/gpodder.mo
msgmerge --silent po/el.po po/messages.pot --output-file=po/el.po
msgfmt po/el.po -o share/locale/el/LC_MESSAGES/gpodder.mo
msgmerge --silent po/es.po po/messages.pot --output-file=po/es.po
msgfmt po/es.po -o share/locale/es/LC_MESSAGES/gpodder.mo
msgmerge --silent po/es_ES.po po/messages.pot --output-file=po/es_ES.po
msgfmt po/es_ES.po -o share/locale/es_ES/LC_MESSAGES/gpodder.mo
msgmerge --silent po/es_MX.po po/messages.pot --output-file=po/es_MX.po
msgfmt po/es_MX.po -o share/locale/es_MX/LC_MESSAGES/gpodder.mo
msgmerge --silent po/eu.po po/messages.pot --output-file=po/eu.po
msgfmt po/eu.po -o share/locale/eu/LC_MESSAGES/gpodder.mo
msgmerge --silent po/fa_IR.po po/messages.pot --output-file=po/fa_IR.po
msgfmt po/fa_IR.po -o share/locale/fa_IR/LC_MESSAGES/gpodder.mo
msgmerge --silent po/fi.po po/messages.pot --output-file=po/fi.po
msgfmt po/fi.po -o share/locale/fi/LC_MESSAGES/gpodder.mo
msgmerge --silent po/fr.po po/messages.pot --output-file=po/fr.po
msgfmt po/fr.po -o share/locale/fr/LC_MESSAGES/gpodder.mo
msgmerge --silent po/gl.po po/messages.pot --output-file=po/gl.po
msgfmt po/gl.po -o share/locale/gl/LC_MESSAGES/gpodder.mo
msgmerge --silent po/he.po po/messages.pot --output-file=po/he.po
msgfmt po/he.po -o share/locale/he/LC_MESSAGES/gpodder.mo
msgmerge --silent po/id_ID.po po/messages.pot --output-file=po/id_ID.po
msgfmt po/id_ID.po -o share/locale/id_ID/LC_MESSAGES/gpodder.mo
msgmerge --silent po/it.po po/messages.pot --output-file=po/it.po
msgfmt po/it.po -o share/locale/it/LC_MESSAGES/gpodder.mo
msgmerge --silent po/kk.po po/messages.pot --output-file=po/kk.po
msgfmt po/kk.po -o share/locale/kk/LC_MESSAGES/gpodder.mo
msgmerge --silent po/nb.po po/messages.pot --output-file=po/nb.po
msgfmt po/nb.po -o share/locale/nb/LC_MESSAGES/gpodder.mo
msgmerge --silent po/nl.po po/messages.pot --output-file=po/nl.po
msgfmt po/nl.po -o share/locale/nl/LC_MESSAGES/gpodder.mo
msgmerge --silent po/nn.po po/messages.pot --output-file=po/nn.po
msgfmt po/nn.po -o share/locale/nn/LC_MESSAGES/gpodder.mo
msgmerge --silent po/pl.po po/messages.pot --output-file=po/pl.po
msgfmt po/pl.po -o share/locale/pl/LC_MESSAGES/gpodder.mo
msgmerge --silent po/pt.po po/messages.pot --output-file=po/pt.po
msgfmt po/pt.po -o share/locale/pt/LC_MESSAGES/gpodder.mo
msgmerge --silent po/pt_BR.po po/messages.pot --output-file=po/pt_BR.po
msgfmt po/pt_BR.po -o share/locale/pt_BR/LC_MESSAGES/gpodder.mo
msgmerge --silent po/ro.po po/messages.pot --output-file=po/ro.po
msgfmt po/ro.po -o share/locale/ro/LC_MESSAGES/gpodder.mo
msgmerge --silent po/ru.po po/messages.pot --output-file=po/ru.po
msgfmt po/ru.po -o share/locale/ru/LC_MESSAGES/gpodder.mo
msgmerge --silent po/sv.po po/messages.pot --output-file=po/sv.po
msgfmt po/sv.po -o share/locale/sv/LC_MESSAGES/gpodder.mo
msgmerge --silent po/tr.po po/messages.pot --output-file=po/tr.po
msgfmt po/tr.po -o share/locale/tr/LC_MESSAGES/gpodder.mo
msgmerge --silent po/tr_TR.po po/messages.pot --output-file=po/tr_TR.po
msgfmt po/tr_TR.po -o share/locale/tr_TR/LC_MESSAGES/gpodder.mo
msgmerge --silent po/uk.po po/messages.pot --output-file=po/uk.po
msgfmt po/uk.po -o share/locale/uk/LC_MESSAGES/gpodder.mo
msgmerge --silent po/zh_CN.po po/messages.pot --output-file=po/zh_CN.po
msgfmt po/zh_CN.po -o share/locale/zh_CN/LC_MESSAGES/gpodder.mo
sed -e 's#__PREFIX__#/ffp#' share/dbus-1/services/org.gpodder.service.in >share/dbus-1/services/org.gpodder.service
intltool-merge -d -u po share/applications/gpodder.desktop.in share/applications/gpodder.desktop
Merging translations into share/applications/gpodder.desktop.
python setup.py install --root=/tmp/gpodder.21HLs4/pkg --prefix=/ffp
=> Adding Web UI as dependency of CLI 
=> Selected UIs (from $GPODDER_INSTALL_UIS): ['cli', 'web']
=> Skipping package: gpodder.qmlui
=> Skipping package: gpodder.gtkui
=> Skipping package: gpodder.gtkui.interface
=> Skipping package: gpodder.gtkui.desktop
=> Skipping script: gpodder
=> Selected languages (from $LINGUAS): ['enf', 'fr', 'de', 'nl']
=> Skipping freedesktop.org folder: share/applications
=> Skipping freedesktop.org folder: share/icons/hicolor/32x32/apps
=> Skipping freedesktop.org folder: share/icons/hicolor/scalable/apps
=> Skipping freedesktop.org folder: share/icons/hicolor/16x16/apps
=> Skipping freedesktop.org folder: share/icons/hicolor/40x40/apps
=> Skipping freedesktop.org folder: share/icons/hicolor/48x48/apps
=> Skipping freedesktop.org folder: share/icons/hicolor/26x26/apps
=> Skipping freedesktop.org folder: share/icons/hicolor/24x24/apps
=> Skipping freedesktop.org folder: share/icons/hicolor/64x64/apps
=> Skipping freedesktop.org folder: share/icons/hicolor/22x22/apps
=> Skipping translation: fa_IR
=> Skipping translation: cs_CZ
=> Skipping translation: el
=> Skipping translation: zh_CN
=> Skipping translation: uk
=> Skipping translation: es_ES
=> Skipping translation: nb
=> Skipping translation: it
=> Skipping translation: pt_BR
=> Skipping translation: es
=> Skipping translation: fi
=> Skipping translation: es_MX
=> Skipping translation: nn
=> Skipping translation: kk
=> Skipping translation: he
=> Skipping translation: pt
=> Skipping translation: ca
=> Skipping translation: da
=> Skipping translation: cs
=> Skipping translation: ro
=> Skipping translation: id_ID
=> Skipping translation: gl
=> Skipping translation: tr_TR
=> Skipping translation: eu
=> Skipping translation: tr
=> Skipping translation: sv
=> Skipping translation: ru
=> Skipping translation: pl
=> Skipping freedesktop.org folder: share/dbus-1/services
=> Skipping folder: share/gpodder/ui/gtk
=> Skipping folder: share/gpodder/ui/qml
=> Skipping folder: share/gpodder/ui/qml/artwork
=> Skipping manpage without script: gpodder.1
running install
running build
running build_py
creating build
creating build/lib
creating build/lib/gpodder
copying src/gpodder/common.py -> build/lib/gpodder
copying src/gpodder/feedcore.py -> build/lib/gpodder
copying src/gpodder/services.py -> build/lib/gpodder
copying src/gpodder/unittests.py -> build/lib/gpodder
copying src/gpodder/__init__.py -> build/lib/gpodder
copying src/gpodder/opml.py -> build/lib/gpodder
copying src/gpodder/minidb.py -> build/lib/gpodder
copying src/gpodder/config.py -> build/lib/gpodder
copying src/gpodder/download.py -> build/lib/gpodder
copying src/gpodder/dbsqlite.py -> build/lib/gpodder
copying src/gpodder/util.py -> build/lib/gpodder
copying src/gpodder/query.py -> build/lib/gpodder
copying src/gpodder/player.py -> build/lib/gpodder
copying src/gpodder/extensions.py -> build/lib/gpodder
copying src/gpodder/schema.py -> build/lib/gpodder
copying src/gpodder/core.py -> build/lib/gpodder
copying src/gpodder/coverart.py -> build/lib/gpodder
copying src/gpodder/youtube.py -> build/lib/gpodder
copying src/gpodder/feedservice.py -> build/lib/gpodder
copying src/gpodder/jsonconfig.py -> build/lib/gpodder
copying src/gpodder/sync.py -> build/lib/gpodder
copying src/gpodder/api.py -> build/lib/gpodder
copying src/gpodder/dbusproxy.py -> build/lib/gpodder
copying src/gpodder/model.py -> build/lib/gpodder
copying src/gpodder/flattr.py -> build/lib/gpodder
copying src/gpodder/log.py -> build/lib/gpodder
copying src/gpodder/vimeo.py -> build/lib/gpodder
copying src/gpodder/my.py -> build/lib/gpodder
creating build/lib/gpodder/plugins
copying src/gpodder/plugins/__init__.py -> build/lib/gpodder/plugins
copying src/gpodder/plugins/xspf.py -> build/lib/gpodder/plugins
copying src/gpodder/plugins/soundcloud.py -> build/lib/gpodder/plugins
creating build/lib/gpodder/webui
copying src/gpodder/webui/__init__.py -> build/lib/gpodder/webui
running build_scripts
creating build/scripts-2.7
copying and adjusting bin/gpo -> build/scripts-2.7
copying and adjusting bin/gpodder-migrate2tres -> build/scripts-2.7
changing mode of build/scripts-2.7/gpo from 644 to 755
changing mode of build/scripts-2.7/gpodder-migrate2tres from 644 to 755
running install_lib
creating /tmp/gpodder.21HLs4/pkg
creating /tmp/gpodder.21HLs4/pkg/ffp
creating /tmp/gpodder.21HLs4/pkg/ffp/lib
creating /tmp/gpodder.21HLs4/pkg/ffp/lib/python2.7
creating /tmp/gpodder.21HLs4/pkg/ffp/lib/python2.7/site-packages
creating /tmp/gpodder.21HLs4/pkg/ffp/lib/python2.7/site-packages/gpodder
copying build/lib/gpodder/common.py -> /tmp/gpodder.21HLs4/pkg/ffp/lib/python2.7/site-packages/gpodder
copying build/lib/gpodder/feedcore.py -> /tmp/gpodder.21HLs4/pkg/ffp/lib/python2.7/site-packages/gpodder
copying build/lib/gpodder/services.py -> /tmp/gpodder.21HLs4/pkg/ffp/lib/python2.7/site-packages/gpodder
copying build/lib/gpodder/unittests.py -> /tmp/gpodder.21HLs4/pkg/ffp/lib/python2.7/site-packages/gpodder
copying build/lib/gpodder/__init__.py -> /tmp/gpodder.21HLs4/pkg/ffp/lib/python2.7/site-packages/gpodder
copying build/lib/gpodder/opml.py -> /tmp/gpodder.21HLs4/pkg/ffp/lib/python2.7/site-packages/gpodder
copying build/lib/gpodder/minidb.py -> /tmp/gpodder.21HLs4/pkg/ffp/lib/python2.7/site-packages/gpodder
copying build/lib/gpodder/config.py -> /tmp/gpodder.21HLs4/pkg/ffp/lib/python2.7/site-packages/gpodder
copying build/lib/gpodder/download.py -> /tmp/gpodder.21HLs4/pkg/ffp/lib/python2.7/site-packages/gpodder
copying build/lib/gpodder/dbsqlite.py -> /tmp/gpodder.21HLs4/pkg/ffp/lib/python2.7/site-packages/gpodder
copying build/lib/gpodder/util.py -> /tmp/gpodder.21HLs4/pkg/ffp/lib/python2.7/site-packages/gpodder
creating /tmp/gpodder.21HLs4/pkg/ffp/lib/python2.7/site-packages/gpodder/webui
copying build/lib/gpodder/webui/__init__.py -> /tmp/gpodder.21HLs4/pkg/ffp/lib/python2.7/site-packages/gpodder/webui
copying build/lib/gpodder/query.py -> /tmp/gpodder.21HLs4/pkg/ffp/lib/python2.7/site-packages/gpodder
copying build/lib/gpodder/player.py -> /tmp/gpodder.21HLs4/pkg/ffp/lib/python2.7/site-packages/gpodder
copying build/lib/gpodder/extensions.py -> /tmp/gpodder.21HLs4/pkg/ffp/lib/python2.7/site-packages/gpodder
copying build/lib/gpodder/schema.py -> /tmp/gpodder.21HLs4/pkg/ffp/lib/python2.7/site-packages/gpodder
copying build/lib/gpodder/core.py -> /tmp/gpodder.21HLs4/pkg/ffp/lib/python2.7/site-packages/gpodder
creating /tmp/gpodder.21HLs4/pkg/ffp/lib/python2.7/site-packages/gpodder/plugins
copying build/lib/gpodder/plugins/__init__.py -> /tmp/gpodder.21HLs4/pkg/ffp/lib/python2.7/site-packages/gpodder/plugins
copying build/lib/gpodder/plugins/xspf.py -> /tmp/gpodder.21HLs4/pkg/ffp/lib/python2.7/site-packages/gpodder/plugins
copying build/lib/gpodder/plugins/soundcloud.py -> /tmp/gpodder.21HLs4/pkg/ffp/lib/python2.7/site-packages/gpodder/plugins
copying build/lib/gpodder/coverart.py -> /tmp/gpodder.21HLs4/pkg/ffp/lib/python2.7/site-packages/gpodder
copying build/lib/gpodder/youtube.py -> /tmp/gpodder.21HLs4/pkg/ffp/lib/python2.7/site-packages/gpodder
copying build/lib/gpodder/feedservice.py -> /tmp/gpodder.21HLs4/pkg/ffp/lib/python2.7/site-packages/gpodder
copying build/lib/gpodder/jsonconfig.py -> /tmp/gpodder.21HLs4/pkg/ffp/lib/python2.7/site-packages/gpodder
copying build/lib/gpodder/sync.py -> /tmp/gpodder.21HLs4/pkg/ffp/lib/python2.7/site-packages/gpodder
copying build/lib/gpodder/api.py -> /tmp/gpodder.21HLs4/pkg/ffp/lib/python2.7/site-packages/gpodder
copying build/lib/gpodder/dbusproxy.py -> /tmp/gpodder.21HLs4/pkg/ffp/lib/python2.7/site-packages/gpodder
copying build/lib/gpodder/model.py -> /tmp/gpodder.21HLs4/pkg/ffp/lib/python2.7/site-packages/gpodder
copying build/lib/gpodder/flattr.py -> /tmp/gpodder.21HLs4/pkg/ffp/lib/python2.7/site-packages/gpodder
copying build/lib/gpodder/log.py -> /tmp/gpodder.21HLs4/pkg/ffp/lib/python2.7/site-packages/gpodder
copying build/lib/gpodder/vimeo.py -> /tmp/gpodder.21HLs4/pkg/ffp/lib/python2.7/site-packages/gpodder
copying build/lib/gpodder/my.py -> /tmp/gpodder.21HLs4/pkg/ffp/lib/python2.7/site-packages/gpodder
byte-compiling /tmp/gpodder.21HLs4/pkg/ffp/lib/python2.7/site-packages/gpodder/common.py to common.pyc
byte-compiling /tmp/gpodder.21HLs4/pkg/ffp/lib/python2.7/site-packages/gpodder/feedcore.py to feedcore.pyc
byte-compiling /tmp/gpodder.21HLs4/pkg/ffp/lib/python2.7/site-packages/gpodder/services.py to services.pyc
byte-compiling /tmp/gpodder.21HLs4/pkg/ffp/lib/python2.7/site-packages/gpodder/unittests.py to unittests.pyc
byte-compiling /tmp/gpodder.21HLs4/pkg/ffp/lib/python2.7/site-packages/gpodder/__init__.py to __init__.pyc
byte-compiling /tmp/gpodder.21HLs4/pkg/ffp/lib/python2.7/site-packages/gpodder/opml.py to opml.pyc
byte-compiling /tmp/gpodder.21HLs4/pkg/ffp/lib/python2.7/site-packages/gpodder/minidb.py to minidb.pyc
byte-compiling /tmp/gpodder.21HLs4/pkg/ffp/lib/python2.7/site-packages/gpodder/config.py to config.pyc
byte-compiling /tmp/gpodder.21HLs4/pkg/ffp/lib/python2.7/site-packages/gpodder/download.py to download.pyc
byte-compiling /tmp/gpodder.21HLs4/pkg/ffp/lib/python2.7/site-packages/gpodder/dbsqlite.py to dbsqlite.pyc
byte-compiling /tmp/gpodder.21HLs4/pkg/ffp/lib/python2.7/site-packages/gpodder/util.py to util.pyc
byte-compiling /tmp/gpodder.21HLs4/pkg/ffp/lib/python2.7/site-packages/gpodder/webui/__init__.py to __init__.pyc
byte-compiling /tmp/gpodder.21HLs4/pkg/ffp/lib/python2.7/site-packages/gpodder/query.py to query.pyc
byte-compiling /tmp/gpodder.21HLs4/pkg/ffp/lib/python2.7/site-packages/gpodder/player.py to player.pyc
byte-compiling /tmp/gpodder.21HLs4/pkg/ffp/lib/python2.7/site-packages/gpodder/extensions.py to extensions.pyc
byte-compiling /tmp/gpodder.21HLs4/pkg/ffp/lib/python2.7/site-packages/gpodder/schema.py to schema.pyc
byte-compiling /tmp/gpodder.21HLs4/pkg/ffp/lib/python2.7/site-packages/gpodder/core.py to core.pyc
byte-compiling /tmp/gpodder.21HLs4/pkg/ffp/lib/python2.7/site-packages/gpodder/plugins/__init__.py to __init__.pyc
byte-compiling /tmp/gpodder.21HLs4/pkg/ffp/lib/python2.7/site-packages/gpodder/plugins/xspf.py to xspf.pyc
byte-compiling /tmp/gpodder.21HLs4/pkg/ffp/lib/python2.7/site-packages/gpodder/plugins/soundcloud.py to soundcloud.pyc
byte-compiling /tmp/gpodder.21HLs4/pkg/ffp/lib/python2.7/site-packages/gpodder/coverart.py to coverart.pyc
byte-compiling /tmp/gpodder.21HLs4/pkg/ffp/lib/python2.7/site-packages/gpodder/youtube.py to youtube.pyc
byte-compiling /tmp/gpodder.21HLs4/pkg/ffp/lib/python2.7/site-packages/gpodder/feedservice.py to feedservice.pyc
byte-compiling /tmp/gpodder.21HLs4/pkg/ffp/lib/python2.7/site-packages/gpodder/jsonconfig.py to jsonconfig.pyc
byte-compiling /tmp/gpodder.21HLs4/pkg/ffp/lib/python2.7/site-packages/gpodder/sync.py to sync.pyc
byte-compiling /tmp/gpodder.21HLs4/pkg/ffp/lib/python2.7/site-packages/gpodder/api.py to api.pyc
byte-compiling /tmp/gpodder.21HLs4/pkg/ffp/lib/python2.7/site-packages/gpodder/dbusproxy.py to dbusproxy.pyc
byte-compiling /tmp/gpodder.21HLs4/pkg/ffp/lib/python2.7/site-packages/gpodder/model.py to model.pyc
byte-compiling /tmp/gpodder.21HLs4/pkg/ffp/lib/python2.7/site-packages/gpodder/flattr.py to flattr.pyc
byte-compiling /tmp/gpodder.21HLs4/pkg/ffp/lib/python2.7/site-packages/gpodder/log.py to log.pyc
byte-compiling /tmp/gpodder.21HLs4/pkg/ffp/lib/python2.7/site-packages/gpodder/vimeo.py to vimeo.pyc
byte-compiling /tmp/gpodder.21HLs4/pkg/ffp/lib/python2.7/site-packages/gpodder/my.py to my.pyc
running install_scripts
creating /tmp/gpodder.21HLs4/pkg/ffp/bin
copying build/scripts-2.7/gpodder-migrate2tres -> /tmp/gpodder.21HLs4/pkg/ffp/bin
copying build/scripts-2.7/gpo -> /tmp/gpodder.21HLs4/pkg/ffp/bin
changing mode of /tmp/gpodder.21HLs4/pkg/ffp/bin/gpodder-migrate2tres to 755
changing mode of /tmp/gpodder.21HLs4/pkg/ffp/bin/gpo to 755
running install_data
creating /tmp/gpodder.21HLs4/pkg/ffp/share
creating /tmp/gpodder.21HLs4/pkg/ffp/share/gpodder
copying share/gpodder/credits.txt -> /tmp/gpodder.21HLs4/pkg/ffp/share/gpodder
creating /tmp/gpodder.21HLs4/pkg/ffp/share/gpodder/examples
copying share/gpodder/examples/gpodder_mark_played.py -> /tmp/gpodder.21HLs4/pkg/ffp/share/gpodder/examples
copying share/gpodder/examples/hello_world.py -> /tmp/gpodder.21HLs4/pkg/ffp/share/gpodder/examples
creating /tmp/gpodder.21HLs4/pkg/ffp/share/gpodder/extensions
copying share/gpodder/extensions/woodchuck.py -> /tmp/gpodder.21HLs4/pkg/ffp/share/gpodder/extensions
copying share/gpodder/extensions/minimize_on_start.py -> /tmp/gpodder.21HLs4/pkg/ffp/share/gpodder/extensions
copying share/gpodder/extensions/m4a_converter.py -> /tmp/gpodder.21HLs4/pkg/ffp/share/gpodder/extensions
copying share/gpodder/extensions/ubuntu_unity.py -> /tmp/gpodder.21HLs4/pkg/ffp/share/gpodder/extensions
copying share/gpodder/extensions/normalize_audio.py -> /tmp/gpodder.21HLs4/pkg/ffp/share/gpodder/extensions
copying share/gpodder/extensions/notification.py -> /tmp/gpodder.21HLs4/pkg/ffp/share/gpodder/extensions
copying share/gpodder/extensions/flv2mp4.py -> /tmp/gpodder.21HLs4/pkg/ffp/share/gpodder/extensions
copying share/gpodder/extensions/ted_subtitles.py -> /tmp/gpodder.21HLs4/pkg/ffp/share/gpodder/extensions
copying share/gpodder/extensions/gtk_statusicon.py -> /tmp/gpodder.21HLs4/pkg/ffp/share/gpodder/extensions
copying share/gpodder/extensions/rename_download.py -> /tmp/gpodder.21HLs4/pkg/ffp/share/gpodder/extensions
copying share/gpodder/extensions/ubuntu_appindicator.py -> /tmp/gpodder.21HLs4/pkg/ffp/share/gpodder/extensions
copying share/gpodder/extensions/tagging.py -> /tmp/gpodder.21HLs4/pkg/ffp/share/gpodder/extensions
copying share/gpodder/extensions/rockbox_convert2mp4.py -> /tmp/gpodder.21HLs4/pkg/ffp/share/gpodder/extensions
copying share/gpodder/extensions/rm_ogg_cover.py -> /tmp/gpodder.21HLs4/pkg/ffp/share/gpodder/extensions
creating /tmp/gpodder.21HLs4/pkg/ffp/share/gpodder/images
copying share/gpodder/images/button-flattr.png -> /tmp/gpodder.21HLs4/pkg/ffp/share/gpodder/images
copying share/gpodder/images/podcast-1.png -> /tmp/gpodder.21HLs4/pkg/ffp/share/gpodder/images
copying share/gpodder/images/podcast-4.png -> /tmp/gpodder.21HLs4/pkg/ffp/share/gpodder/images
copying share/gpodder/images/button-flattr-grey.png -> /tmp/gpodder.21HLs4/pkg/ffp/share/gpodder/images
copying share/gpodder/images/podcast-3.png -> /tmp/gpodder.21HLs4/pkg/ffp/share/gpodder/images
copying share/gpodder/images/podcast-all.png -> /tmp/gpodder.21HLs4/pkg/ffp/share/gpodder/images
copying share/gpodder/images/button-flattred.png -> /tmp/gpodder.21HLs4/pkg/ffp/share/gpodder/images
copying share/gpodder/images/podcast-2.png -> /tmp/gpodder.21HLs4/pkg/ffp/share/gpodder/images
copying share/gpodder/images/podcast-0.png -> /tmp/gpodder.21HLs4/pkg/ffp/share/gpodder/images
creating /tmp/gpodder.21HLs4/pkg/ffp/share/gpodder/ui
creating /tmp/gpodder.21HLs4/pkg/ffp/share/gpodder/ui/web
copying share/gpodder/ui/web/gpodder.js -> /tmp/gpodder.21HLs4/pkg/ffp/share/gpodder/ui/web
copying share/gpodder/ui/web/index.html -> /tmp/gpodder.21HLs4/pkg/ffp/share/gpodder/ui/web
copying share/gpodder/ui/web/style.css -> /tmp/gpodder.21HLs4/pkg/ffp/share/gpodder/ui/web
creating /tmp/gpodder.21HLs4/pkg/ffp/share/locale
creating /tmp/gpodder.21HLs4/pkg/ffp/share/locale/de
creating /tmp/gpodder.21HLs4/pkg/ffp/share/locale/de/LC_MESSAGES
copying share/locale/de/LC_MESSAGES/gpodder.mo -> /tmp/gpodder.21HLs4/pkg/ffp/share/locale/de/LC_MESSAGES
creating /tmp/gpodder.21HLs4/pkg/ffp/share/locale/fr
creating /tmp/gpodder.21HLs4/pkg/ffp/share/locale/fr/LC_MESSAGES
copying share/locale/fr/LC_MESSAGES/gpodder.mo -> /tmp/gpodder.21HLs4/pkg/ffp/share/locale/fr/LC_MESSAGES
creating /tmp/gpodder.21HLs4/pkg/ffp/share/locale/nl
creating /tmp/gpodder.21HLs4/pkg/ffp/share/locale/nl/LC_MESSAGES
copying share/locale/nl/LC_MESSAGES/gpodder.mo -> /tmp/gpodder.21HLs4/pkg/ffp/share/locale/nl/LC_MESSAGES
creating /tmp/gpodder.21HLs4/pkg/ffp/share/man
creating /tmp/gpodder.21HLs4/pkg/ffp/share/man/man1
copying share/man/man1/gpo.1 -> /tmp/gpodder.21HLs4/pkg/ffp/share/man/man1
running install_egg_info
Writing /tmp/gpodder.21HLs4/pkg/ffp/lib/python2.7/site-packages/gpodder-3.3.0-py2.7.egg-info
+ mkdir -p /tmp/gpodder.21HLs4/pkg/install
+ cp /ffp/home/root/fun_plug/src/gpodder/DESCR /ffp/home/root/fun_plug/src/gpodder/HOMEPAGE /tmp/gpodder.21HLs4/pkg/install/
+ cd /tmp/gpodder.21HLs4/pkg
+ makepkg gpodder 3.3.0 1
Creating /tmp/gpodder-3.3.0-arm-1.tar ...
