++ basename ./setuptools.funpkg .funpkg
+ PN=setuptools
+ PR=1
+ . ./config.ffp
++ GNU_HOST=
++ GNU_TARGET=
++ FFP_CFLAGS='-I/ffp/include -O2'
++ FFP_LDFLAGS='-L/ffp/lib -Wl,-rpath,/ffp/lib'
++ '[' '!' -d '' ']'
++ TMPDIR=/tmp
++ export TMPDIR
++ mandir=/ffp/share/man
++ infodir=/ffp/share/info
++ docdir=/ffp/share/doc
++ pwd
+ X=/ffp/home/root/src/setuptools
++ mktemp -t -d setuptools.XXXXXX
+ W=/tmp/setuptools.HqBuxH
+ D=/tmp/setuptools.HqBuxH/pkg
+ cd /tmp/setuptools.HqBuxH
+ cat /ffp/home/root/src/setuptools/SRC_URI
+ xargs wget
--2012-03-30 15:22:09--  http://pypi.python.org/packages/source/s/setuptools/setuptools-0.6c11.tar.gz
Resolving pypi.python.org... 2001:888:2000:d::a8, 82.94.164.168
Connecting to pypi.python.org|2001:888:2000:d::a8|:80... failed: Address family not supported by protocol.
Connecting to pypi.python.org|82.94.164.168|:80... connected.
HTTP request sent, awaiting response... 200 OK
Length: 256862 (251K) [application/octet-stream]
Saving to: `setuptools-0.6c11.tar.gz'

     0K .......... .......... .......... .......... .......... 19%  284K 1s
    50K .......... .......... .......... .......... .......... 39%  749K 0s
   100K .......... .......... .......... .......... .......... 59%  863K 0s
   150K .......... .......... .......... .......... .......... 79%  978K 0s
   200K .......... .......... .......... .......... .......... 99%  922K 0s
   250K                                                       100%  873K=0.4s

2012-03-30 15:22:09 (616 KB/s) - `setuptools-0.6c11.tar.gz' saved [256862/256862]

++ ls setuptools-0.6c11.tar.gz
++ egrep -o '[0-9][0-9.]*[a-z][0-9]*'
+ PV=0.6c11
+ tar xf setuptools-0.6c11.tar.gz
+ cd setuptools-0.6c11 setuptools-0.6c11.tar.gz
+ LDFLAGS='-L/ffp/lib -Wl,-rpath,/ffp/lib'
+ python setup.py build
running build
running build_py
creating build
creating build/lib
copying pkg_resources.py -> build/lib
copying easy_install.py -> build/lib
copying site.py -> build/lib
creating build/lib/setuptools
copying setuptools/dist.py -> build/lib/setuptools
copying setuptools/depends.py -> build/lib/setuptools
copying setuptools/__init__.py -> build/lib/setuptools
copying setuptools/sandbox.py -> build/lib/setuptools
copying setuptools/extension.py -> build/lib/setuptools
copying setuptools/package_index.py -> build/lib/setuptools
copying setuptools/archive_util.py -> build/lib/setuptools
creating build/lib/setuptools/command
copying setuptools/command/build_py.py -> build/lib/setuptools/command
copying setuptools/command/saveopts.py -> build/lib/setuptools/command
copying setuptools/command/__init__.py -> build/lib/setuptools/command
copying setuptools/command/install_egg_info.py -> build/lib/setuptools/command
copying setuptools/command/build_ext.py -> build/lib/setuptools/command
copying setuptools/command/register.py -> build/lib/setuptools/command
copying setuptools/command/install_lib.py -> build/lib/setuptools/command
copying setuptools/command/setopt.py -> build/lib/setuptools/command
copying setuptools/command/alias.py -> build/lib/setuptools/command
copying setuptools/command/sdist.py -> build/lib/setuptools/command
copying setuptools/command/develop.py -> build/lib/setuptools/command
copying setuptools/command/bdist_wininst.py -> build/lib/setuptools/command
copying setuptools/command/test.py -> build/lib/setuptools/command
copying setuptools/command/easy_install.py -> build/lib/setuptools/command
copying setuptools/command/upload.py -> build/lib/setuptools/command
copying setuptools/command/install_scripts.py -> build/lib/setuptools/command
copying setuptools/command/install.py -> build/lib/setuptools/command
copying setuptools/command/bdist_egg.py -> build/lib/setuptools/command
copying setuptools/command/rotate.py -> build/lib/setuptools/command
copying setuptools/command/egg_info.py -> build/lib/setuptools/command
copying setuptools/command/bdist_rpm.py -> build/lib/setuptools/command
creating build/lib/setuptools/tests
copying setuptools/tests/test_resources.py -> build/lib/setuptools/tests
copying setuptools/tests/doctest.py -> build/lib/setuptools/tests
copying setuptools/tests/__init__.py -> build/lib/setuptools/tests
copying setuptools/tests/test_packageindex.py -> build/lib/setuptools/tests
copying setuptools/gui.exe -> build/lib/setuptools
copying setuptools/cli.exe -> build/lib/setuptools
+ mkdir -p /tmp/setuptools.HqBuxH/pkg/ffp/lib/python2.7/site-packages/
+ python setup.py install --prefix=/tmp/setuptools.HqBuxH/pkg/ffp
running install
Checking .pth file support in /tmp/setuptools.HqBuxH/pkg/ffp/lib/python2.7/site-packages/
/ffp/bin/python -E -c pass
TEST FAILED: /tmp/setuptools.HqBuxH/pkg/ffp/lib/python2.7/site-packages/ does NOT support .pth files
error: bad install directory or PYTHONPATH

You are attempting to install a package to a directory that is not
on PYTHONPATH and which Python does not read ".pth" files from.  The
installation directory you specified (via --install-dir, --prefix, or
the distutils default setting) was:

    /tmp/setuptools.HqBuxH/pkg/ffp/lib/python2.7/site-packages/

and your PYTHONPATH environment variable currently contains:

    ''

Here are some of your options for correcting the problem:

* You can choose a different installation directory, i.e., one that is
  on PYTHONPATH or supports .pth files

* You can add the installation directory to the PYTHONPATH environment
  variable.  (It must then also be on PYTHONPATH whenever you run
  Python and want to use the package(s) you are installing.)

* You can set up the installation directory to support ".pth" files by
  using one of the approaches described here:

  http://peak.telecommunity.com/EasyInstall.html#custom-installation-locations

Please make the appropriate changes for your system and try again.
++ basename ./setuptools.funpkg .funpkg
+ PN=setuptools
+ PR=1
+ . ./config.ffp
++ GNU_HOST=
++ GNU_TARGET=
++ FFP_CFLAGS='-I/ffp/include -O2'
++ FFP_LDFLAGS='-L/ffp/lib -Wl,-rpath,/ffp/lib'
++ '[' '!' -d '' ']'
++ TMPDIR=/tmp
++ export TMPDIR
++ mandir=/ffp/share/man
++ infodir=/ffp/share/info
++ docdir=/ffp/share/doc
++ pwd
+ X=/ffp/home/root/src/setuptools
++ mktemp -t -d setuptools.XXXXXX
+ W=/tmp/setuptools.k8qgJd
+ D=/tmp/setuptools.k8qgJd/pkg
+ cd /tmp/setuptools.k8qgJd
+ xargs wget
+ cat /ffp/home/root/src/setuptools/SRC_URI
--2012-03-30 15:23:54--  http://pypi.python.org/packages/source/s/setuptools/setuptools-0.6c11.tar.gz
Resolving pypi.python.org... 2001:888:2000:d::a8, 82.94.164.168
Connecting to pypi.python.org|2001:888:2000:d::a8|:80... failed: Address family not supported by protocol.
Connecting to pypi.python.org|82.94.164.168|:80... connected.
HTTP request sent, awaiting response... 200 OK
Length: 256862 (251K) [application/octet-stream]
Saving to: `setuptools-0.6c11.tar.gz'

     0K .......... .......... .......... .......... .......... 19%  284K 1s
    50K .......... .......... .......... .......... .......... 39%  712K 0s
   100K .......... .......... .......... .......... .......... 59%  889K 0s
   150K .......... .......... .......... .......... .......... 79%  873K 0s
   200K .......... .......... .......... .......... .......... 99%  920K 0s
   250K                                                       100% 2.27M=0.4s

2012-03-30 15:23:55 (605 KB/s) - `setuptools-0.6c11.tar.gz' saved [256862/256862]

++ ls setuptools-0.6c11.tar.gz
++ egrep -o '[0-9][0-9.]*[a-z][0-9]*'
+ PV=0.6c11
+ tar xf setuptools-0.6c11.tar.gz
+ cd setuptools-0.6c11 setuptools-0.6c11.tar.gz
+ LDFLAGS='-L/ffp/lib -Wl,-rpath,/ffp/lib'
+ python setup.py build
running build
running build_py
creating build
creating build/lib
copying pkg_resources.py -> build/lib
copying easy_install.py -> build/lib
copying site.py -> build/lib
creating build/lib/setuptools
copying setuptools/dist.py -> build/lib/setuptools
copying setuptools/depends.py -> build/lib/setuptools
copying setuptools/__init__.py -> build/lib/setuptools
copying setuptools/sandbox.py -> build/lib/setuptools
copying setuptools/extension.py -> build/lib/setuptools
copying setuptools/package_index.py -> build/lib/setuptools
copying setuptools/archive_util.py -> build/lib/setuptools
creating build/lib/setuptools/command
copying setuptools/command/build_py.py -> build/lib/setuptools/command
copying setuptools/command/saveopts.py -> build/lib/setuptools/command
copying setuptools/command/__init__.py -> build/lib/setuptools/command
copying setuptools/command/install_egg_info.py -> build/lib/setuptools/command
copying setuptools/command/build_ext.py -> build/lib/setuptools/command
copying setuptools/command/register.py -> build/lib/setuptools/command
copying setuptools/command/install_lib.py -> build/lib/setuptools/command
copying setuptools/command/setopt.py -> build/lib/setuptools/command
copying setuptools/command/alias.py -> build/lib/setuptools/command
copying setuptools/command/sdist.py -> build/lib/setuptools/command
copying setuptools/command/develop.py -> build/lib/setuptools/command
copying setuptools/command/bdist_wininst.py -> build/lib/setuptools/command
copying setuptools/command/test.py -> build/lib/setuptools/command
copying setuptools/command/easy_install.py -> build/lib/setuptools/command
copying setuptools/command/upload.py -> build/lib/setuptools/command
copying setuptools/command/install_scripts.py -> build/lib/setuptools/command
copying setuptools/command/install.py -> build/lib/setuptools/command
copying setuptools/command/bdist_egg.py -> build/lib/setuptools/command
copying setuptools/command/rotate.py -> build/lib/setuptools/command
copying setuptools/command/egg_info.py -> build/lib/setuptools/command
copying setuptools/command/bdist_rpm.py -> build/lib/setuptools/command
creating build/lib/setuptools/tests
copying setuptools/tests/test_resources.py -> build/lib/setuptools/tests
copying setuptools/tests/doctest.py -> build/lib/setuptools/tests
copying setuptools/tests/__init__.py -> build/lib/setuptools/tests
copying setuptools/tests/test_packageindex.py -> build/lib/setuptools/tests
copying setuptools/gui.exe -> build/lib/setuptools
copying setuptools/cli.exe -> build/lib/setuptools
+ mkdir -p /tmp/setuptools.k8qgJd/pkg/ffp/lib/python2.7/site-packages/
+ PYTHONPATH=/tmp/setuptools.k8qgJd/pkg/ffp/lib/python2.7/site-packages/
+ ' '
./setuptools.funpkg: line 21:  : command not found
++ basename ./setuptools.funpkg .funpkg
+ PN=setuptools
+ PR=1
+ . ./config.ffp
++ GNU_HOST=
++ GNU_TARGET=
++ FFP_CFLAGS='-I/ffp/include -O2'
++ FFP_LDFLAGS='-L/ffp/lib -Wl,-rpath,/ffp/lib'
++ '[' '!' -d '' ']'
++ TMPDIR=/tmp
++ export TMPDIR
++ mandir=/ffp/share/man
++ infodir=/ffp/share/info
++ docdir=/ffp/share/doc
++ pwd
+ X=/ffp/home/root/src/setuptools
++ mktemp -t -d setuptools.XXXXXX
+ W=/tmp/setuptools.88jniz
+ D=/tmp/setuptools.88jniz/pkg
+ cd /tmp/setuptools.88jniz
+ cat /ffp/home/root/src/setuptools/SRC_URI
+ xargs wget
--2012-03-30 15:24:26--  http://pypi.python.org/packages/source/s/setuptools/setuptools-0.6c11.tar.gz
Resolving pypi.python.org... 2001:888:2000:d::a8, 82.94.164.168
Connecting to pypi.python.org|2001:888:2000:d::a8|:80... failed: Address family not supported by protocol.
Connecting to pypi.python.org|82.94.164.168|:80... connected.
HTTP request sent, awaiting response... 200 OK
Length: 256862 (251K) [application/octet-stream]
Saving to: `setuptools-0.6c11.tar.gz'

     0K .......... .......... .......... .......... .......... 19%  237K 1s
    50K .......... .......... .......... .......... .......... 39%  811K 0s
   100K .......... .......... .......... .......... .......... 59%  751K 0s
   150K .......... .......... .......... .......... .......... 79%  668K 0s
   200K .......... .......... .......... .......... .......... 99%  870K 0s
   250K                                                       100% 1.58M=0.5s

2012-03-30 15:24:27 (532 KB/s) - `setuptools-0.6c11.tar.gz' saved [256862/256862]

++ ls setuptools-0.6c11.tar.gz
++ egrep -o '[0-9][0-9.]*[a-z][0-9]*'
+ PV=0.6c11
+ tar xf setuptools-0.6c11.tar.gz
+ cd setuptools-0.6c11 setuptools-0.6c11.tar.gz
+ LDFLAGS='-L/ffp/lib -Wl,-rpath,/ffp/lib'
+ python setup.py build
running build
running build_py
creating build
creating build/lib
copying pkg_resources.py -> build/lib
copying easy_install.py -> build/lib
copying site.py -> build/lib
creating build/lib/setuptools
copying setuptools/dist.py -> build/lib/setuptools
copying setuptools/depends.py -> build/lib/setuptools
copying setuptools/__init__.py -> build/lib/setuptools
copying setuptools/sandbox.py -> build/lib/setuptools
copying setuptools/extension.py -> build/lib/setuptools
copying setuptools/package_index.py -> build/lib/setuptools
copying setuptools/archive_util.py -> build/lib/setuptools
creating build/lib/setuptools/command
copying setuptools/command/build_py.py -> build/lib/setuptools/command
copying setuptools/command/saveopts.py -> build/lib/setuptools/command
copying setuptools/command/__init__.py -> build/lib/setuptools/command
copying setuptools/command/install_egg_info.py -> build/lib/setuptools/command
copying setuptools/command/build_ext.py -> build/lib/setuptools/command
copying setuptools/command/register.py -> build/lib/setuptools/command
copying setuptools/command/install_lib.py -> build/lib/setuptools/command
copying setuptools/command/setopt.py -> build/lib/setuptools/command
copying setuptools/command/alias.py -> build/lib/setuptools/command
copying setuptools/command/sdist.py -> build/lib/setuptools/command
copying setuptools/command/develop.py -> build/lib/setuptools/command
copying setuptools/command/bdist_wininst.py -> build/lib/setuptools/command
copying setuptools/command/test.py -> build/lib/setuptools/command
copying setuptools/command/easy_install.py -> build/lib/setuptools/command
copying setuptools/command/upload.py -> build/lib/setuptools/command
copying setuptools/command/install_scripts.py -> build/lib/setuptools/command
copying setuptools/command/install.py -> build/lib/setuptools/command
copying setuptools/command/bdist_egg.py -> build/lib/setuptools/command
copying setuptools/command/rotate.py -> build/lib/setuptools/command
copying setuptools/command/egg_info.py -> build/lib/setuptools/command
copying setuptools/command/bdist_rpm.py -> build/lib/setuptools/command
creating build/lib/setuptools/tests
copying setuptools/tests/test_resources.py -> build/lib/setuptools/tests
copying setuptools/tests/doctest.py -> build/lib/setuptools/tests
copying setuptools/tests/__init__.py -> build/lib/setuptools/tests
copying setuptools/tests/test_packageindex.py -> build/lib/setuptools/tests
copying setuptools/gui.exe -> build/lib/setuptools
copying setuptools/cli.exe -> build/lib/setuptools
+ mkdir -p /tmp/setuptools.88jniz/pkg/ffp/lib/python2.7/site-packages/
+ export PYTHONPATH=/tmp/setuptools.88jniz/pkg/ffp/lib/python2.7/site-packages/
+ PYTHONPATH=/tmp/setuptools.88jniz/pkg/ffp/lib/python2.7/site-packages/
+ python setup.py install --prefix=/tmp/setuptools.88jniz/pkg/ffp
running install
running bdist_egg
running egg_info
writing setuptools.egg-info/PKG-INFO
writing top-level names to setuptools.egg-info/top_level.txt
writing dependency_links to setuptools.egg-info/dependency_links.txt
writing entry points to setuptools.egg-info/entry_points.txt
reading manifest file 'setuptools.egg-info/SOURCES.txt'
writing manifest file 'setuptools.egg-info/SOURCES.txt'
installing library code to build/bdist.linux-armv5tejl/egg
running install_lib
running build_py
creating build/bdist.linux-armv5tejl
creating build/bdist.linux-armv5tejl/egg
copying build/lib/pkg_resources.py -> build/bdist.linux-armv5tejl/egg
copying build/lib/easy_install.py -> build/bdist.linux-armv5tejl/egg
creating build/bdist.linux-armv5tejl/egg/setuptools
copying build/lib/setuptools/dist.py -> build/bdist.linux-armv5tejl/egg/setuptools
copying build/lib/setuptools/depends.py -> build/bdist.linux-armv5tejl/egg/setuptools
copying build/lib/setuptools/__init__.py -> build/bdist.linux-armv5tejl/egg/setuptools
copying build/lib/setuptools/sandbox.py -> build/bdist.linux-armv5tejl/egg/setuptools
creating build/bdist.linux-armv5tejl/egg/setuptools/command
copying build/lib/setuptools/command/build_py.py -> build/bdist.linux-armv5tejl/egg/setuptools/command
copying build/lib/setuptools/command/saveopts.py -> build/bdist.linux-armv5tejl/egg/setuptools/command
copying build/lib/setuptools/command/__init__.py -> build/bdist.linux-armv5tejl/egg/setuptools/command
copying build/lib/setuptools/command/install_egg_info.py -> build/bdist.linux-armv5tejl/egg/setuptools/command
copying build/lib/setuptools/command/build_ext.py -> build/bdist.linux-armv5tejl/egg/setuptools/command
copying build/lib/setuptools/command/register.py -> build/bdist.linux-armv5tejl/egg/setuptools/command
copying build/lib/setuptools/command/install_lib.py -> build/bdist.linux-armv5tejl/egg/setuptools/command
copying build/lib/setuptools/command/setopt.py -> build/bdist.linux-armv5tejl/egg/setuptools/command
copying build/lib/setuptools/command/alias.py -> build/bdist.linux-armv5tejl/egg/setuptools/command
copying build/lib/setuptools/command/sdist.py -> build/bdist.linux-armv5tejl/egg/setuptools/command
copying build/lib/setuptools/command/develop.py -> build/bdist.linux-armv5tejl/egg/setuptools/command
copying build/lib/setuptools/command/bdist_wininst.py -> build/bdist.linux-armv5tejl/egg/setuptools/command
copying build/lib/setuptools/command/test.py -> build/bdist.linux-armv5tejl/egg/setuptools/command
copying build/lib/setuptools/command/easy_install.py -> build/bdist.linux-armv5tejl/egg/setuptools/command
copying build/lib/setuptools/command/upload.py -> build/bdist.linux-armv5tejl/egg/setuptools/command
copying build/lib/setuptools/command/install_scripts.py -> build/bdist.linux-armv5tejl/egg/setuptools/command
copying build/lib/setuptools/command/install.py -> build/bdist.linux-armv5tejl/egg/setuptools/command
copying build/lib/setuptools/command/bdist_egg.py -> build/bdist.linux-armv5tejl/egg/setuptools/command
copying build/lib/setuptools/command/rotate.py -> build/bdist.linux-armv5tejl/egg/setuptools/command
copying build/lib/setuptools/command/egg_info.py -> build/bdist.linux-armv5tejl/egg/setuptools/command
copying build/lib/setuptools/command/bdist_rpm.py -> build/bdist.linux-armv5tejl/egg/setuptools/command
copying build/lib/setuptools/gui.exe -> build/bdist.linux-armv5tejl/egg/setuptools
copying build/lib/setuptools/extension.py -> build/bdist.linux-armv5tejl/egg/setuptools
copying build/lib/setuptools/package_index.py -> build/bdist.linux-armv5tejl/egg/setuptools
creating build/bdist.linux-armv5tejl/egg/setuptools/tests
copying build/lib/setuptools/tests/test_resources.py -> build/bdist.linux-armv5tejl/egg/setuptools/tests
copying build/lib/setuptools/tests/doctest.py -> build/bdist.linux-armv5tejl/egg/setuptools/tests
copying build/lib/setuptools/tests/__init__.py -> build/bdist.linux-armv5tejl/egg/setuptools/tests
copying build/lib/setuptools/tests/test_packageindex.py -> build/bdist.linux-armv5tejl/egg/setuptools/tests
copying build/lib/setuptools/cli.exe -> build/bdist.linux-armv5tejl/egg/setuptools
copying build/lib/setuptools/archive_util.py -> build/bdist.linux-armv5tejl/egg/setuptools
copying build/lib/site.py -> build/bdist.linux-armv5tejl/egg
byte-compiling build/bdist.linux-armv5tejl/egg/pkg_resources.py to pkg_resources.pyc
byte-compiling build/bdist.linux-armv5tejl/egg/easy_install.py to easy_install.pyc
byte-compiling build/bdist.linux-armv5tejl/egg/setuptools/dist.py to dist.pyc
byte-compiling build/bdist.linux-armv5tejl/egg/setuptools/depends.py to depends.pyc
byte-compiling build/bdist.linux-armv5tejl/egg/setuptools/__init__.py to __init__.pyc
byte-compiling build/bdist.linux-armv5tejl/egg/setuptools/sandbox.py to sandbox.pyc
byte-compiling build/bdist.linux-armv5tejl/egg/setuptools/command/build_py.py to build_py.pyc
byte-compiling build/bdist.linux-armv5tejl/egg/setuptools/command/saveopts.py to saveopts.pyc
byte-compiling build/bdist.linux-armv5tejl/egg/setuptools/command/__init__.py to __init__.pyc
byte-compiling build/bdist.linux-armv5tejl/egg/setuptools/command/install_egg_info.py to install_egg_info.pyc
byte-compiling build/bdist.linux-armv5tejl/egg/setuptools/command/build_ext.py to build_ext.pyc
byte-compiling build/bdist.linux-armv5tejl/egg/setuptools/command/register.py to register.pyc
byte-compiling build/bdist.linux-armv5tejl/egg/setuptools/command/install_lib.py to install_lib.pyc
byte-compiling build/bdist.linux-armv5tejl/egg/setuptools/command/setopt.py to setopt.pyc
byte-compiling build/bdist.linux-armv5tejl/egg/setuptools/command/alias.py to alias.pyc
byte-compiling build/bdist.linux-armv5tejl/egg/setuptools/command/sdist.py to sdist.pyc
byte-compiling build/bdist.linux-armv5tejl/egg/setuptools/command/develop.py to develop.pyc
byte-compiling build/bdist.linux-armv5tejl/egg/setuptools/command/bdist_wininst.py to bdist_wininst.pyc
byte-compiling build/bdist.linux-armv5tejl/egg/setuptools/command/test.py to test.pyc
byte-compiling build/bdist.linux-armv5tejl/egg/setuptools/command/easy_install.py to easy_install.pyc
byte-compiling build/bdist.linux-armv5tejl/egg/setuptools/command/upload.py to upload.pyc
byte-compiling build/bdist.linux-armv5tejl/egg/setuptools/command/install_scripts.py to install_scripts.pyc
byte-compiling build/bdist.linux-armv5tejl/egg/setuptools/command/install.py to install.pyc
byte-compiling build/bdist.linux-armv5tejl/egg/setuptools/command/bdist_egg.py to bdist_egg.pyc
byte-compiling build/bdist.linux-armv5tejl/egg/setuptools/command/rotate.py to rotate.pyc
byte-compiling build/bdist.linux-armv5tejl/egg/setuptools/command/egg_info.py to egg_info.pyc
byte-compiling build/bdist.linux-armv5tejl/egg/setuptools/command/bdist_rpm.py to bdist_rpm.pyc
byte-compiling build/bdist.linux-armv5tejl/egg/setuptools/extension.py to extension.pyc
byte-compiling build/bdist.linux-armv5tejl/egg/setuptools/package_index.py to package_index.pyc
byte-compiling build/bdist.linux-armv5tejl/egg/setuptools/tests/test_resources.py to test_resources.pyc
byte-compiling build/bdist.linux-armv5tejl/egg/setuptools/tests/doctest.py to doctest.pyc
byte-compiling build/bdist.linux-armv5tejl/egg/setuptools/tests/__init__.py to __init__.pyc
byte-compiling build/bdist.linux-armv5tejl/egg/setuptools/tests/test_packageindex.py to test_packageindex.pyc
byte-compiling build/bdist.linux-armv5tejl/egg/setuptools/archive_util.py to archive_util.pyc
byte-compiling build/bdist.linux-armv5tejl/egg/site.py to site.pyc
creating build/bdist.linux-armv5tejl/egg/EGG-INFO
copying setuptools.egg-info/PKG-INFO -> build/bdist.linux-armv5tejl/egg/EGG-INFO
copying setuptools.egg-info/SOURCES.txt -> build/bdist.linux-armv5tejl/egg/EGG-INFO
copying setuptools.egg-info/dependency_links.txt -> build/bdist.linux-armv5tejl/egg/EGG-INFO
copying setuptools.egg-info/entry_points.txt -> build/bdist.linux-armv5tejl/egg/EGG-INFO
copying setuptools.egg-info/top_level.txt -> build/bdist.linux-armv5tejl/egg/EGG-INFO
copying setuptools.egg-info/zip-safe -> build/bdist.linux-armv5tejl/egg/EGG-INFO
creating dist
creating 'dist/setuptools-0.6c11-py2.7.egg' and adding 'build/bdist.linux-armv5tejl/egg' to it
removing 'build/bdist.linux-armv5tejl/egg' (and everything under it)
Creating /tmp/setuptools.88jniz/pkg/ffp/lib/python2.7/site-packages/site.py
Processing setuptools-0.6c11-py2.7.egg
Copying setuptools-0.6c11-py2.7.egg to /tmp/setuptools.88jniz/pkg/ffp/lib/python2.7/site-packages
Adding setuptools 0.6c11 to easy-install.pth file
Installing easy_install script to /tmp/setuptools.88jniz/pkg/ffp/bin
Installing easy_install-2.7 script to /tmp/setuptools.88jniz/pkg/ffp/bin

Installed /tmp/setuptools.88jniz/pkg/ffp/lib/python2.7/site-packages/setuptools-0.6c11-py2.7.egg
Processing dependencies for setuptools==0.6c11
Finished processing dependencies for setuptools==0.6c11
+ mkdir -p /tmp/setuptools.88jniz/pkg/install
+ cp /ffp/home/root/src/setuptools/DESCR /ffp/home/root/src/setuptools/HOMEPAGE /tmp/setuptools.88jniz/pkg/install/
+ cd /tmp/setuptools.88jniz/pkg
+ makepkg setuptools 0.6c11 1
Creating /tmp/setuptools-0.6c11-arm-1.tar ...
