++ basename ./unrar.funpkg .funpkg
+ PN=unrar
+ PR=1
+ . ./config.ffp
++ GNU_HOST=
++ GNU_TARGET=
++ FFP_CFLAGS='-I/ffp/include -O2'
++ FFP_LDFLAGS='-L/ffp/lib -Wl,-rpath,/ffp/lib'
++ '[' '!' -d '' ']'
++ TMPDIR=/tmp
++ export TMPDIR
++ mandir=/ffp/share/man
++ infodir=/ffp/share/info
++ docdir=/ffp/share/doc
++ pwd
+ X=/ffp/home/root/src/unrar
++ mktemp -t -d unrar.XXXXXX
+ W=/tmp/unrar.BLpDWu
+ D=/tmp/unrar.BLpDWu/pkg
+ cd /tmp/unrar.BLpDWu
+ cat /ffp/home/root/src/unrar/SRC_URI
+ xargs wget
--2012-03-05 11:53:27--  http://www.rarlab.com/rar/unrarsrc-4.1.4.tar.gz
Resolving www.rarlab.com... 217.70.129.242
Connecting to www.rarlab.com|217.70.129.242|:80... connected.
HTTP request sent, awaiting response... 200 OK
Length: 157135 (153K) [application/x-gzip]
Saving to: `unrarsrc-4.1.4.tar.gz'

     0K .......... .......... .......... .......... .......... 32%  211K 0s
    50K .......... .......... .......... .......... .......... 65%  743K 0s
   100K .......... .......... .......... .......... .......... 97%  825K 0s
   150K ...                                                   100% 2.77M=0.4s

2012-03-05 11:53:28 (419 KB/s) - `unrarsrc-4.1.4.tar.gz' saved [157135/157135]

++ ls unrarsrc-4.1.4.tar.gz
++ egrep -o '[0-9][0-9.]*[0-9]'
+ PV=4.1.4
+ tar xf unrarsrc-4.1.4.tar.gz
+ cd unrar
+ mv makefile.unix makefile
+ patch makefile /ffp/home/root/src/unrar/makefile.patch
patching file makefile
+ LDFLAGS='-L/ffp/lib -Wl,-rpath,/ffp/lib'
+ make all
g++  -O2 -D_FILE_OFFSET_BITS=64 -D_LARGEFILE_SOURCE -DUNRAR -c rar.cpp
g++  -O2 -D_FILE_OFFSET_BITS=64 -D_LARGEFILE_SOURCE -DUNRAR -c strlist.cpp
g++  -O2 -D_FILE_OFFSET_BITS=64 -D_LARGEFILE_SOURCE -DUNRAR -c strfn.cpp
g++  -O2 -D_FILE_OFFSET_BITS=64 -D_LARGEFILE_SOURCE -DUNRAR -c pathfn.cpp
g++  -O2 -D_FILE_OFFSET_BITS=64 -D_LARGEFILE_SOURCE -DUNRAR -c savepos.cpp
g++  -O2 -D_FILE_OFFSET_BITS=64 -D_LARGEFILE_SOURCE -DUNRAR -c smallfn.cpp
g++  -O2 -D_FILE_OFFSET_BITS=64 -D_LARGEFILE_SOURCE -DUNRAR -c global.cpp
g++  -O2 -D_FILE_OFFSET_BITS=64 -D_LARGEFILE_SOURCE -DUNRAR -c file.cpp
g++  -O2 -D_FILE_OFFSET_BITS=64 -D_LARGEFILE_SOURCE -DUNRAR -c filefn.cpp
g++  -O2 -D_FILE_OFFSET_BITS=64 -D_LARGEFILE_SOURCE -DUNRAR -c filcreat.cpp
g++  -O2 -D_FILE_OFFSET_BITS=64 -D_LARGEFILE_SOURCE -DUNRAR -c archive.cpp
g++  -O2 -D_FILE_OFFSET_BITS=64 -D_LARGEFILE_SOURCE -DUNRAR -c arcread.cpp
g++  -O2 -D_FILE_OFFSET_BITS=64 -D_LARGEFILE_SOURCE -DUNRAR -c unicode.cpp
g++  -O2 -D_FILE_OFFSET_BITS=64 -D_LARGEFILE_SOURCE -DUNRAR -c system.cpp
g++  -O2 -D_FILE_OFFSET_BITS=64 -D_LARGEFILE_SOURCE -DUNRAR -c isnt.cpp
g++  -O2 -D_FILE_OFFSET_BITS=64 -D_LARGEFILE_SOURCE -DUNRAR -c crypt.cpp
g++  -O2 -D_FILE_OFFSET_BITS=64 -D_LARGEFILE_SOURCE -DUNRAR -c crc.cpp
g++  -O2 -D_FILE_OFFSET_BITS=64 -D_LARGEFILE_SOURCE -DUNRAR -c rawread.cpp
g++  -O2 -D_FILE_OFFSET_BITS=64 -D_LARGEFILE_SOURCE -DUNRAR -c encname.cpp
g++  -O2 -D_FILE_OFFSET_BITS=64 -D_LARGEFILE_SOURCE -DUNRAR -c resource.cpp
g++  -O2 -D_FILE_OFFSET_BITS=64 -D_LARGEFILE_SOURCE -DUNRAR -c match.cpp
g++  -O2 -D_FILE_OFFSET_BITS=64 -D_LARGEFILE_SOURCE -DUNRAR -c timefn.cpp
g++  -O2 -D_FILE_OFFSET_BITS=64 -D_LARGEFILE_SOURCE -DUNRAR -c rdwrfn.cpp
g++  -O2 -D_FILE_OFFSET_BITS=64 -D_LARGEFILE_SOURCE -DUNRAR -c consio.cpp
g++  -O2 -D_FILE_OFFSET_BITS=64 -D_LARGEFILE_SOURCE -DUNRAR -c options.cpp
g++  -O2 -D_FILE_OFFSET_BITS=64 -D_LARGEFILE_SOURCE -DUNRAR -c ulinks.cpp
g++  -O2 -D_FILE_OFFSET_BITS=64 -D_LARGEFILE_SOURCE -DUNRAR -c errhnd.cpp
g++  -O2 -D_FILE_OFFSET_BITS=64 -D_LARGEFILE_SOURCE -DUNRAR -c rarvm.cpp
g++  -O2 -D_FILE_OFFSET_BITS=64 -D_LARGEFILE_SOURCE -DUNRAR -c rijndael.cpp
g++  -O2 -D_FILE_OFFSET_BITS=64 -D_LARGEFILE_SOURCE -DUNRAR -c getbits.cpp
g++  -O2 -D_FILE_OFFSET_BITS=64 -D_LARGEFILE_SOURCE -DUNRAR -c sha1.cpp
sha1.cpp:41:0: warning: "R0" redefined [enabled by default]
/ffp/include/sys/ucontext.h:44:0: note: this is the location of the previous definition
sha1.cpp:42:0: warning: "R1" redefined [enabled by default]
/ffp/include/sys/ucontext.h:46:0: note: this is the location of the previous definition
sha1.cpp:43:0: warning: "R2" redefined [enabled by default]
/ffp/include/sys/ucontext.h:48:0: note: this is the location of the previous definition
sha1.cpp:44:0: warning: "R3" redefined [enabled by default]
/ffp/include/sys/ucontext.h:50:0: note: this is the location of the previous definition
sha1.cpp:45:0: warning: "R4" redefined [enabled by default]
/ffp/include/sys/ucontext.h:52:0: note: this is the location of the previous definition
g++  -O2 -D_FILE_OFFSET_BITS=64 -D_LARGEFILE_SOURCE -DUNRAR -c extinfo.cpp
g++  -O2 -D_FILE_OFFSET_BITS=64 -D_LARGEFILE_SOURCE -DUNRAR -c extract.cpp
g++  -O2 -D_FILE_OFFSET_BITS=64 -D_LARGEFILE_SOURCE -DUNRAR -c volume.cpp
g++  -O2 -D_FILE_OFFSET_BITS=64 -D_LARGEFILE_SOURCE -DUNRAR -c list.cpp
g++  -O2 -D_FILE_OFFSET_BITS=64 -D_LARGEFILE_SOURCE -DUNRAR -c find.cpp
g++  -O2 -D_FILE_OFFSET_BITS=64 -D_LARGEFILE_SOURCE -DUNRAR -c unpack.cpp
g++  -O2 -D_FILE_OFFSET_BITS=64 -D_LARGEFILE_SOURCE -DUNRAR -c cmddata.cpp
g++  -O2 -D_FILE_OFFSET_BITS=64 -D_LARGEFILE_SOURCE -DUNRAR -c filestr.cpp
g++  -O2 -D_FILE_OFFSET_BITS=64 -D_LARGEFILE_SOURCE -DUNRAR -c recvol.cpp
g++  -O2 -D_FILE_OFFSET_BITS=64 -D_LARGEFILE_SOURCE -DUNRAR -c rs.cpp
g++  -O2 -D_FILE_OFFSET_BITS=64 -D_LARGEFILE_SOURCE -DUNRAR -c scantree.cpp
g++ -o unrar -L/ffp/lib -Wl,-rpath,/ffp/lib rar.o strlist.o strfn.o pathfn.o savepos.o smallfn.o global.o file.o filefn.o filcreat.o archive.o arcread.o unicode.o system.o isnt.o crypt.o crc.o rawread.o encname.o resource.o match.o timefn.o rdwrfn.o consio.o options.o ulinks.o errhnd.o rarvm.o rijndael.o getbits.o sha1.o extinfo.o extract.o volume.o list.o find.o unpack.o cmddata.o filestr.o recvol.o rs.o scantree.o 	
strip unrar
+ LDFLAGS='-L/ffp/lib -Wl,-rpath,/ffp/lib'
+ make lib
g++  -O2 -D_FILE_OFFSET_BITS=64 -D_LARGEFILE_SOURCE -DRARDLL -c dll.cpp
g++ -shared -o libunrar.so -L/ffp/lib -Wl,-rpath,/ffp/lib rar.o strlist.o strfn.o pathfn.o savepos.o smallfn.o global.o file.o filefn.o filcreat.o archive.o arcread.o unicode.o system.o isnt.o crypt.o crc.o rawread.o encname.o resource.o match.o timefn.o rdwrfn.o consio.o options.o ulinks.o errhnd.o rarvm.o rijndael.o getbits.o sha1.o extinfo.o extract.o volume.o list.o find.o unpack.o cmddata.o filestr.o scantree.o dll.o
+ mkdir -p /tmp/unrar.BLpDWu/pkg/ffp/bin /tmp/unrar.BLpDWu/pkg/ffp/lib
+ make DESTDIR=/tmp/unrar.BLpDWu/pkg/ffp/ install
install -D unrar /tmp/unrar.BLpDWu/pkg/ffp//bin/unrar
+ make DESTDIR=/tmp/unrar.BLpDWu/pkg/ffp/ install-lib
install libunrar.so /tmp/unrar.BLpDWu/pkg/ffp//lib
+ mkdir -p /tmp/unrar.BLpDWu/pkg/install
+ cp /ffp/home/root/src/unrar/DESCR /ffp/home/root/src/unrar/HOMEPAGE /tmp/unrar.BLpDWu/pkg/install/
+ cd /tmp/unrar.BLpDWu/pkg
+ makepkg unrar 4.1.4 1
Creating /tmp/unrar-4.1.4-arm-1.tar ...
