++ basename ./isync.funpkg .funpkg
+ PN=isync
+ PR=1
+ . ./config.ffp
++ GNU_HOST=
++ GNU_TARGET=
++ FFP_CFLAGS='-I/ffp/include -O2'
++ FFP_LDFLAGS='-L/ffp/lib -Wl,-rpath,/ffp/lib'
++ '[' '!' -d '' ']'
++ TMPDIR=/tmp
++ export TMPDIR
++ mandir=/ffp/share/man
++ infodir=/ffp/share/info
++ docdir=/ffp/share/doc
++ pwd
+ X=/ffp/home/root/src/isync
++ mktemp -t -d isync.XXXXXX
+ W=/tmp/isync.FEm8G1
+ D=/tmp/isync.FEm8G1/pkg
+ cd /tmp/isync.FEm8G1
+ cat /ffp/home/root/src/isync/SRC_URI
+ xargs wget
--2012-03-09 14:24:19--  http://downloads.sourceforge.net/project/isync/isync/1.0.4/isync-1.0.4.tar.gz?r=&ts=1331282403&use_mirror=kent
Resolving downloads.sourceforge.net... 216.34.181.59
Connecting to downloads.sourceforge.net|216.34.181.59|:80... connected.
HTTP request sent, awaiting response... 302 Found
Location: http://kent.dl.sourceforge.net/project/isync/isync/1.0.4/isync-1.0.4.tar.gz [following]
--2012-03-09 14:24:20--  http://kent.dl.sourceforge.net/project/isync/isync/1.0.4/isync-1.0.4.tar.gz
Resolving kent.dl.sourceforge.net... 212.219.56.167
Connecting to kent.dl.sourceforge.net|212.219.56.167|:80... connected.
HTTP request sent, awaiting response... 200 OK
Length: 170264 (166K) [application/x-gzip]
Saving to: `isync-1.0.4.tar.gz'

     0K .......... .......... .......... .......... .......... 30%  386K 0s
    50K .......... .......... .......... .......... .......... 60%  963K 0s
   100K .......... .......... .......... .......... .......... 90% 1.10M 0s
   150K .......... ......                                     100% 1.80M=0.2s

2012-03-09 14:24:20 (709 KB/s) - `isync-1.0.4.tar.gz' saved [170264/170264]

++ ls isync-1.0.4.tar.gz
++ egrep -o '[0-9][0-9.]*[0-9]'
+ PV=1.0.4
+ tar xf isync-1.0.4.tar.gz
+ cd isync-1.0.4
+ LDFLAGS='-L/ffp/lib -Wl,-rpath,/ffp/lib'
+ ./configure --prefix=/ffp --mandir=/ffp/share/man --infodir=/ffp/share/info
checking for a BSD-compatible install... /ffp/bin/install -c
checking whether build environment is sane... yes
checking for gawk... gawk
checking whether make sets $(MAKE)... yes
checking whether to enable maintainer-specific portions of Makefiles... yes
checking for style of include used by make... GNU
checking for gcc... gcc
checking for C compiler default output file name... a.out
checking whether the C compiler works... yes
checking whether we are cross compiling... no
checking for suffix of executables... 
checking for suffix of object files... o
checking whether we are using the GNU C compiler... yes
checking whether gcc accepts -g... yes
checking for gcc option to accept ISO C89... none needed
checking dependency style of gcc... gcc3
checking how to run the C preprocessor... gcc -E
checking for grep that handles long lines and -e... /ffp/bin/grep
checking for egrep... /ffp/bin/grep -E
checking for ANSI C header files... yes
checking for sys/types.h... yes
checking for sys/stat.h... yes
checking for stdlib.h... yes
checking for string.h... yes
checking for memory.h... yes
checking for strings.h... yes
checking for inttypes.h... yes
checking for stdint.h... yes
checking for unistd.h... yes
checking sys/filio.h usability... no
checking sys/filio.h presence... no
checking for sys/filio.h... no
checking for vasprintf... yes
checking for socket in -lsocket... no
checking for inet_ntoa in -lnsl... no
checking for pkg-config... /ffp/bin/pkg-config
checking OpenSSL presence with pkg-config... found
checking openssl/ssl.h usability... yes
checking openssl/ssl.h presence... yes
checking for openssl/ssl.h... yes
checking for Berkley DB 4.2... yes
checking for getopt_long... yes
configure: creating ./config.status
config.status: creating Makefile
config.status: creating src/Makefile
config.status: creating src/compat/Makefile
config.status: creating isync.spec
config.status: creating config.h
config.status: executing depfiles commands

Using SSL

+ make
make  all-recursive
make[1]: Entering directory `/tmp/isync.FEm8G1/isync-1.0.4'
Making all in src
make[2]: Entering directory `/tmp/isync.FEm8G1/isync-1.0.4/src'
Making all in compat
make[3]: Entering directory `/tmp/isync.FEm8G1/isync-1.0.4/src/compat'
if gcc -DHAVE_CONFIG_H -I. -I. -I../..   -I/ffp/include    -g -O2 -pipe -W -Wall -Wshadow -Wstrict-prototypes -MT main.o -MD -MP -MF ".deps/main.Tpo" -c -o main.o main.c; \
	then mv -f ".deps/main.Tpo" ".deps/main.Po"; else rm -f ".deps/main.Tpo"; exit 1; fi
if gcc -DHAVE_CONFIG_H -I. -I. -I../..   -I/ffp/include    -g -O2 -pipe -W -Wall -Wshadow -Wstrict-prototypes -MT config.o -MD -MP -MF ".deps/config.Tpo" -c -o config.o config.c; \
	then mv -f ".deps/config.Tpo" ".deps/config.Po"; else rm -f ".deps/config.Tpo"; exit 1; fi
if gcc -DHAVE_CONFIG_H -I. -I. -I../..   -I/ffp/include    -g -O2 -pipe -W -Wall -Wshadow -Wstrict-prototypes -MT convert.o -MD -MP -MF ".deps/convert.Tpo" -c -o convert.o convert.c; \
	then mv -f ".deps/convert.Tpo" ".deps/convert.Po"; else rm -f ".deps/convert.Tpo"; exit 1; fi
convert.c: In function 'convert':
convert.c:76:34: warning: variable 'bl' set but not used [-Wunused-but-set-variable]
if gcc -DHAVE_CONFIG_H -I. -I. -I../..   -I/ffp/include    -g -O2 -pipe -W -Wall -Wshadow -Wstrict-prototypes -MT util.o -MD -MP -MF ".deps/util.Tpo" -c -o util.o util.c; \
	then mv -f ".deps/util.Tpo" ".deps/util.Po"; else rm -f ".deps/util.Tpo"; exit 1; fi
gcc  -g -O2 -pipe -W -Wall -Wshadow -Wstrict-prototypes  -L/ffp/lib -Wl,-rpath,/ffp/lib -L/ffp/lib   -o isync  main.o config.o convert.o util.o -ldb 
make[3]: Leaving directory `/tmp/isync.FEm8G1/isync-1.0.4/src/compat'
make[3]: Entering directory `/tmp/isync.FEm8G1/isync-1.0.4/src'
if gcc -DHAVE_CONFIG_H -I. -I. -I..   -I/ffp/include    -g -O2 -pipe -W -Wall -Wshadow -Wstrict-prototypes -MT main.o -MD -MP -MF ".deps/main.Tpo" -c -o main.o main.c; \
	then mv -f ".deps/main.Tpo" ".deps/main.Po"; else rm -f ".deps/main.Tpo"; exit 1; fi
if gcc -DHAVE_CONFIG_H -I. -I. -I..   -I/ffp/include    -g -O2 -pipe -W -Wall -Wshadow -Wstrict-prototypes -MT sync.o -MD -MP -MF ".deps/sync.Tpo" -c -o sync.o sync.c; \
	then mv -f ".deps/sync.Tpo" ".deps/sync.Po"; else rm -f ".deps/sync.Tpo"; exit 1; fi
if gcc -DHAVE_CONFIG_H -I. -I. -I..   -I/ffp/include    -g -O2 -pipe -W -Wall -Wshadow -Wstrict-prototypes -MT config.o -MD -MP -MF ".deps/config.Tpo" -c -o config.o config.c; \
	then mv -f ".deps/config.Tpo" ".deps/config.Po"; else rm -f ".deps/config.Tpo"; exit 1; fi
if gcc -DHAVE_CONFIG_H -I. -I. -I..   -I/ffp/include    -g -O2 -pipe -W -Wall -Wshadow -Wstrict-prototypes -MT util.o -MD -MP -MF ".deps/util.Tpo" -c -o util.o util.c; \
	then mv -f ".deps/util.Tpo" ".deps/util.Po"; else rm -f ".deps/util.Tpo"; exit 1; fi
if gcc -DHAVE_CONFIG_H -I. -I. -I..   -I/ffp/include    -g -O2 -pipe -W -Wall -Wshadow -Wstrict-prototypes -MT drv_imap.o -MD -MP -MF ".deps/drv_imap.Tpo" -c -o drv_imap.o drv_imap.c; \
	then mv -f ".deps/drv_imap.Tpo" ".deps/drv_imap.Po"; else rm -f ".deps/drv_imap.Tpo"; exit 1; fi
drv_imap.c: In function 'init_ssl_ctx':
drv_imap.c:249:10: warning: assignment discards 'const' qualifier from pointer target type [enabled by default]
drv_imap.c:251:10: warning: assignment discards 'const' qualifier from pointer target type [enabled by default]
if gcc -DHAVE_CONFIG_H -I. -I. -I..   -I/ffp/include    -g -O2 -pipe -W -Wall -Wshadow -Wstrict-prototypes -MT drv_maildir.o -MD -MP -MF ".deps/drv_maildir.Tpo" -c -o drv_maildir.o drv_maildir.c; \
	then mv -f ".deps/drv_maildir.Tpo" ".deps/drv_maildir.Po"; else rm -f ".deps/drv_maildir.Tpo"; exit 1; fi
gcc  -g -O2 -pipe -W -Wall -Wshadow -Wstrict-prototypes  -L/ffp/lib -Wl,-rpath,/ffp/lib -L/ffp/lib   -o mbsync  main.o sync.o config.o util.o drv_imap.o drv_maildir.o -ldb -lssl -lcrypto -ldl    
if gcc -DHAVE_CONFIG_H -I. -I. -I..   -I/ffp/include    -g -O2 -pipe -W -Wall -Wshadow -Wstrict-prototypes -MT mdconvert.o -MD -MP -MF ".deps/mdconvert.Tpo" -c -o mdconvert.o mdconvert.c; \
	then mv -f ".deps/mdconvert.Tpo" ".deps/mdconvert.Po"; else rm -f ".deps/mdconvert.Tpo"; exit 1; fi
gcc  -g -O2 -pipe -W -Wall -Wshadow -Wstrict-prototypes  -L/ffp/lib -Wl,-rpath,/ffp/lib -L/ffp/lib   -o mdconvert  mdconvert.o -ldb 
make[3]: Leaving directory `/tmp/isync.FEm8G1/isync-1.0.4/src'
make[2]: Leaving directory `/tmp/isync.FEm8G1/isync-1.0.4/src'
make[2]: Entering directory `/tmp/isync.FEm8G1/isync-1.0.4'
make[2]: Nothing to be done for `all-am'.
make[2]: Leaving directory `/tmp/isync.FEm8G1/isync-1.0.4'
make[1]: Leaving directory `/tmp/isync.FEm8G1/isync-1.0.4'
+ make DESTDIR=/tmp/isync.FEm8G1/pkg install
Making install in src
make[1]: Entering directory `/tmp/isync.FEm8G1/isync-1.0.4/src'
Making install in compat
make[2]: Entering directory `/tmp/isync.FEm8G1/isync-1.0.4/src/compat'
make[3]: Entering directory `/tmp/isync.FEm8G1/isync-1.0.4/src/compat'
test -z "/ffp/bin" || mkdir -p -- "/tmp/isync.FEm8G1/pkg/ffp/bin"
  /ffp/bin/install -c 'isync' '/tmp/isync.FEm8G1/pkg/ffp/bin/isync'
test -z "/ffp/share/man/man1" || mkdir -p -- "/tmp/isync.FEm8G1/pkg/ffp/share/man/man1"
 /ffp/bin/install -c -m 644 './isync.1' '/tmp/isync.FEm8G1/pkg/ffp/share/man/man1/isync.1'
make[3]: Leaving directory `/tmp/isync.FEm8G1/isync-1.0.4/src/compat'
make[2]: Leaving directory `/tmp/isync.FEm8G1/isync-1.0.4/src/compat'
make[2]: Entering directory `/tmp/isync.FEm8G1/isync-1.0.4/src'
make[3]: Entering directory `/tmp/isync.FEm8G1/isync-1.0.4/src'
test -z "/ffp/bin" || mkdir -p -- "/tmp/isync.FEm8G1/pkg/ffp/bin"
  /ffp/bin/install -c 'mbsync' '/tmp/isync.FEm8G1/pkg/ffp/bin/mbsync'
  /ffp/bin/install -c 'mdconvert' '/tmp/isync.FEm8G1/pkg/ffp/bin/mdconvert'
test -z "/ffp/share/man/man1" || mkdir -p -- "/tmp/isync.FEm8G1/pkg/ffp/share/man/man1"
 /ffp/bin/install -c -m 644 './mbsync.1' '/tmp/isync.FEm8G1/pkg/ffp/share/man/man1/mbsync.1'
 /ffp/bin/install -c -m 644 './mdconvert.1' '/tmp/isync.FEm8G1/pkg/ffp/share/man/man1/mdconvert.1'
make[3]: Leaving directory `/tmp/isync.FEm8G1/isync-1.0.4/src'
make[2]: Leaving directory `/tmp/isync.FEm8G1/isync-1.0.4/src'
make[1]: Leaving directory `/tmp/isync.FEm8G1/isync-1.0.4/src'
make[1]: Entering directory `/tmp/isync.FEm8G1/isync-1.0.4'
make[2]: Entering directory `/tmp/isync.FEm8G1/isync-1.0.4'
test -z "/ffp/bin" || mkdir -p -- "/tmp/isync.FEm8G1/pkg/ffp/bin"
 /ffp/bin/install -c 'get-cert' '/tmp/isync.FEm8G1/pkg/ffp/bin/get-cert'
test -z "/ffp/share/doc/isync" || mkdir -p -- "/tmp/isync.FEm8G1/pkg/ffp/share/doc/isync"
 /ffp/bin/install -c -m 644 'README' '/tmp/isync.FEm8G1/pkg/ffp/share/doc/isync/README'
 /ffp/bin/install -c -m 644 'TODO' '/tmp/isync.FEm8G1/pkg/ffp/share/doc/isync/TODO'
 /ffp/bin/install -c -m 644 'NEWS' '/tmp/isync.FEm8G1/pkg/ffp/share/doc/isync/NEWS'
 /ffp/bin/install -c -m 644 'ChangeLog' '/tmp/isync.FEm8G1/pkg/ffp/share/doc/isync/ChangeLog'
 /ffp/bin/install -c -m 644 'AUTHORS' '/tmp/isync.FEm8G1/pkg/ffp/share/doc/isync/AUTHORS'
make[2]: Leaving directory `/tmp/isync.FEm8G1/isync-1.0.4'
make[1]: Leaving directory `/tmp/isync.FEm8G1/isync-1.0.4'
+ mkdir -p /tmp/isync.FEm8G1/pkg/install
+ cp /ffp/home/root/src/isync/DESCR /ffp/home/root/src/isync/HOMEPAGE /tmp/isync.FEm8G1/pkg/install/
+ cd /tmp/isync.FEm8G1/pkg
+ makepkg isync 1.0.4 1
Creating /tmp/isync-1.0.4-arm-1.tar ...
