++ basename ./libspectre.funpkg .funpkg
+ PN=libspectre
+ PR=1
+ . ./config.ffp
++ GNU_HOST=
++ GNU_TARGET=
++ FFP_CFLAGS='-I/ffp/include -O2'
++ FFP_LDFLAGS='-L/ffp/lib -Wl,-rpath,/ffp/lib'
++ '[' '!' -d '' ']'
++ TMPDIR=/tmp
++ export TMPDIR
++ mandir=/ffp/share/man
++ infodir=/ffp/share/info
++ docdir=/ffp/share/doc
++ pwd
+ X=/ffp/home/root/fun_plug/ffp_packages/libspectre
++ mktemp -t -d libspectre.XXXXXX
+ W=/tmp/libspectre.londJ1
+ D=/tmp/libspectre.londJ1/pkg
+ cd /tmp/libspectre.londJ1
+ cat /ffp/home/root/fun_plug/ffp_packages/libspectre/SRC_URI
+ xargs wget
--2012-12-03 16:06:18--  http://libspectre.freedesktop.org/releases/libspectre-0.2.7.tar.gz
Resolving libspectre.freedesktop.org... 131.252.210.176
Connecting to libspectre.freedesktop.org|131.252.210.176|:80... connected.
HTTP request sent, awaiting response... 200 OK
Length: 387947 (379K) [application/x-gzip]
Saving to: `libspectre-0.2.7.tar.gz'

     0K .......... .......... .......... .......... .......... 13% 81.8K 4s
    50K .......... .......... .......... .......... .......... 26%  238K 2s
   100K .......... .......... .......... .......... .......... 39%  250K 2s
   150K .......... .......... .......... .......... .......... 52%  264K 1s
   200K .......... .......... .......... .......... .......... 65% 1.53M 1s
   250K .......... .......... .......... .......... .......... 79%  316K 0s
   300K .......... .......... .......... .......... .......... 92% 1.59M 0s
   350K .......... .......... ........                        100% 1.58M=1.4s

2012-12-03 16:06:20 (261 KB/s) - `libspectre-0.2.7.tar.gz' saved [387947/387947]

++ egrep -o '[0-9][0-9.]*[0-9]'
++ ls libspectre-0.2.7.tar.gz
+ PV=0.2.7
+ tar xf libspectre-0.2.7.tar.gz
+ cd libspectre-0.2.7 libspectre-0.2.7.tar.gz
+ LDFLAGS='-L/ffp/lib -Wl,-rpath,/ffp/lib'
+ ./configure --prefix=/ffp --build= --host= --mandir=/ffp/share/man --infodir=/ffp/share/info
checking for a BSD-compatible install... /ffp/bin/install -c
checking whether build environment is sane... yes
checking for a thread-safe mkdir -p... /ffp/bin/mkdir -p
checking for gawk... gawk
checking whether make sets $(MAKE)... yes
checking whether make supports nested variables... yes
checking whether to enable maintainer-specific portions of Makefiles... no
checking build system type... armv5tejl-unknown-linux-gnueabi
checking host system type... armv5tejl-unknown-linux-gnueabi
checking how to print strings... printf
checking for style of include used by make... GNU
checking for gcc... gcc
checking whether the C compiler works... yes
checking for C compiler default output file name... a.out
checking for suffix of executables... 
checking whether we are cross compiling... no
checking for suffix of object files... o
checking whether we are using the GNU C compiler... yes
checking whether gcc accepts -g... yes
checking for gcc option to accept ISO C89... none needed
checking dependency style of gcc... gcc3
checking for a sed that does not truncate output... /ffp/bin/sed
checking for grep that handles long lines and -e... /ffp/bin/grep
checking for egrep... /ffp/bin/grep -E
checking for fgrep... /ffp/bin/grep -F
checking for ld used by gcc... /ffp/bin/ld
checking if the linker (/ffp/bin/ld) is GNU ld... yes
checking for BSD- or MS-compatible name lister (nm)... /ffp/bin/nm -B
checking the name lister (/ffp/bin/nm -B) interface... BSD nm
checking whether ln -s works... yes
checking the maximum length of command line arguments... 1572864
checking whether the shell understands some XSI constructs... yes
checking whether the shell understands "+="... yes
checking how to convert armv5tejl-unknown-linux-gnueabi file names to armv5tejl-unknown-linux-gnueabi format... func_convert_file_noop
checking how to convert armv5tejl-unknown-linux-gnueabi file names to toolchain format... func_convert_file_noop
checking for /ffp/bin/ld option to reload object files... -r
checking for objdump... objdump
checking how to recognize dependent libraries... pass_all
checking for dlltool... no
checking how to associate runtime and link libraries... printf %s\n
checking for ar... ar
checking for archiver @FILE support... @
checking for strip... strip
checking for ranlib... ranlib
checking command to parse /ffp/bin/nm -B output from gcc object... ok
checking for sysroot... no
checking for mt... no
checking if : is a manifest tool... no
checking how to run the C preprocessor... gcc -E
checking for ANSI C header files... yes
checking for sys/types.h... yes
checking for sys/stat.h... yes
checking for stdlib.h... yes
checking for string.h... yes
checking for memory.h... yes
checking for strings.h... yes
checking for inttypes.h... yes
checking for stdint.h... yes
checking for unistd.h... yes
checking for dlfcn.h... yes
checking for objdir... .libs
checking if gcc supports -fno-rtti -fno-exceptions... no
checking for gcc option to produce PIC... -fPIC -DPIC
checking if gcc PIC flag -fPIC -DPIC works... yes
checking if gcc static flag -static works... yes
checking if gcc supports -c -o file.o... yes
checking if gcc supports -c -o file.o... (cached) yes
checking whether the gcc linker (/ffp/bin/ld) supports shared libraries... yes
checking whether -lc should be explicitly linked in... no
checking dynamic linker characteristics... GNU/Linux ld.so
checking how to hardcode library paths into programs... immediate
checking whether stripping libraries is possible... yes
checking if libtool supports shared libraries... yes
checking whether to build shared libraries... yes
checking whether to build static libraries... yes
checking for gcc... (cached) gcc
checking whether we are using the GNU C compiler... (cached) yes
checking whether gcc accepts -g... (cached) yes
checking for gcc option to accept ISO C89... (cached) none needed
checking dependency style of gcc... (cached) gcc3
checking for library containing strerror... none required
checking for gcc option to accept ISO C99... -std=gnu99
checking for gcc -std=gnu99 option to accept ISO Standard C... (cached) -std=gnu99
checking for ANSI C header files... (cached) yes
checking whether byte ordering is bigendian... no
checking for vasprintf... yes
checking for _vscprintf... no
checking for gsapi_new_instance in -lgs... yes
checking for libgs >= 8.62... yes
checking for pkg-config... /ffp/bin/pkg-config
checking pkg-config is at least version 0.9.0... yes
checking for CAIRO... yes
checking for supported warning flags... 
checking whether gcc -std=gnu99 supports -Wall... yes
checking whether gcc -std=gnu99 supports -Wextra... yes
checking whether gcc -std=gnu99 supports -Wsign-compare... yes
checking whether gcc -std=gnu99 supports -Werror-implicit-function-declaration... yes
checking whether gcc -std=gnu99 supports -Wpointer-arith... yes
checking whether gcc -std=gnu99 supports -Wstrict-prototypes... yes
checking whether gcc -std=gnu99 supports -Wmissing-prototypes... yes
checking whether gcc -std=gnu99 supports -Wmissing-declarations... yes
checking whether gcc -std=gnu99 supports -Wnested-externs... yes
checking whether gcc -std=gnu99 supports -Wpacked... yes
checking whether gcc -std=gnu99 supports -Wswitch-enum... yes
checking whether gcc -std=gnu99 supports -Wstrict-aliasing=2... yes
checking whether gcc -std=gnu99 supports -Winit-self... yes
checking whether gcc -std=gnu99 supports -Wunsafe-loop-optimizations... yes
checking whether gcc -std=gnu99 supports -Wdeclaration-after-statement... yes
checking whether gcc -std=gnu99 supports -Wno-missing-field-initializers... yes
checking whether gcc -std=gnu99 supports -Wno-unused-parameter... yes
checking whether gcc -std=gnu99 supports -Wno-attributes... yes
checking whether gcc -std=gnu99 supports -Wno-long-long... yes
checking whether gcc -std=gnu99 supports -Winline... yes
checking which warning flags were supported...  -Wall -Wextra -Wsign-compare -Werror-implicit-function-declaration -Wpointer-arith -Wstrict-prototypes -Wmissing-prototypes -Wmissing-declarations -Wnested-externs -Wpacked -Wswitch-enum -Wstrict-aliasing=2 -Winit-self -Wunsafe-loop-optimizations -Wdeclaration-after-statement -Wno-missing-field-initializers -Wno-unused-parameter -Wno-attributes -Wno-long-long -Winline
checking for an implementation of va_copy()... yes
checking for an implementation of __va_copy()... yes
checking whether va_lists can be copied by value... yes
configure: creating ./config.status
config.status: creating Makefile
config.status: creating Doxyfile
config.status: creating libspectre/Makefile
config.status: creating libspectre/spectre-version.h
config.status: creating test/Makefile
config.status: creating libspectre.pc
config.status: creating config.h
config.status: executing depfiles commands
config.status: executing libtool commands
+ make
make  all-recursive
make[1]: Entering directory `/tmp/libspectre.londJ1/libspectre-0.2.7'
Making all in libspectre
make[2]: Entering directory `/tmp/libspectre.londJ1/libspectre-0.2.7/libspectre'
  CC     libspectre_la-spectre-status.lo
  CC     libspectre_la-spectre-document.lo
  CC     libspectre_la-spectre-gs.lo
  CC     libspectre_la-spectre-render-context.lo
  CC     libspectre_la-spectre-device.lo
  CC     libspectre_la-spectre-page.lo
  CC     libspectre_la-spectre-exporter.lo
  CC     libspectre_la-spectre-exporter-pdf.lo
  CC     libspectre_la-spectre-exporter-ps.lo
  CC     libspectre_la-spectre-utils.lo
  CC     libspectre_la-ps.lo
ps.c: In function 'psscan':
ps.c:1193:22: warning: comparison between signed and unsigned integer expressions
  CCLD   libspectre.la
make[2]: Leaving directory `/tmp/libspectre.londJ1/libspectre-0.2.7/libspectre'
Making all in test
make[2]: Entering directory `/tmp/libspectre.londJ1/libspectre-0.2.7/test'
  CC     spectre_test-spectre-test.o
  CCLD   spectre-test
  CC     parser_test-parser-test.o
  CCLD   parser-test
make[2]: Leaving directory `/tmp/libspectre.londJ1/libspectre-0.2.7/test'
make[2]: Entering directory `/tmp/libspectre.londJ1/libspectre-0.2.7'
make[2]: Nothing to be done for `all-am'.
make[2]: Leaving directory `/tmp/libspectre.londJ1/libspectre-0.2.7'
make[1]: Leaving directory `/tmp/libspectre.londJ1/libspectre-0.2.7'
+ make DESTDIR=/tmp/libspectre.londJ1/pkg install
Making install in libspectre
make[1]: Entering directory `/tmp/libspectre.londJ1/libspectre-0.2.7/libspectre'
make[2]: Entering directory `/tmp/libspectre.londJ1/libspectre-0.2.7/libspectre'
test -z "/ffp/lib" || /ffp/bin/mkdir -p "/tmp/libspectre.londJ1/pkg/ffp/lib"
 /ffp/bin/sh ../libtool   --mode=install /ffp/bin/install -c   libspectre.la '/tmp/libspectre.londJ1/pkg/ffp/lib'
libtool: install: /ffp/bin/install -c .libs/libspectre.so.1.1.7 /tmp/libspectre.londJ1/pkg/ffp/lib/libspectre.so.1.1.7
libtool: install: (cd /tmp/libspectre.londJ1/pkg/ffp/lib && { ln -s -f libspectre.so.1.1.7 libspectre.so.1 || { rm -f libspectre.so.1 && ln -s libspectre.so.1.1.7 libspectre.so.1; }; })
libtool: install: (cd /tmp/libspectre.londJ1/pkg/ffp/lib && { ln -s -f libspectre.so.1.1.7 libspectre.so || { rm -f libspectre.so && ln -s libspectre.so.1.1.7 libspectre.so; }; })
libtool: install: /ffp/bin/install -c .libs/libspectre.lai /tmp/libspectre.londJ1/pkg/ffp/lib/libspectre.la
libtool: install: /ffp/bin/install -c .libs/libspectre.a /tmp/libspectre.londJ1/pkg/ffp/lib/libspectre.a
libtool: install: chmod 644 /tmp/libspectre.londJ1/pkg/ffp/lib/libspectre.a
libtool: install: ranlib /tmp/libspectre.londJ1/pkg/ffp/lib/libspectre.a
libtool: install: warning: remember to run `libtool --finish /ffp/lib'
test -z "/ffp/include/libspectre" || /ffp/bin/mkdir -p "/tmp/libspectre.londJ1/pkg/ffp/include/libspectre"
 /ffp/bin/install -c -m 644 spectre.h spectre-macros.h spectre-status.h spectre-document.h spectre-render-context.h spectre-page.h spectre-exporter.h spectre-version.h '/tmp/libspectre.londJ1/pkg/ffp/include/libspectre'
make[2]: Leaving directory `/tmp/libspectre.londJ1/libspectre-0.2.7/libspectre'
make[1]: Leaving directory `/tmp/libspectre.londJ1/libspectre-0.2.7/libspectre'
Making install in test
make[1]: Entering directory `/tmp/libspectre.londJ1/libspectre-0.2.7/test'
make[2]: Entering directory `/tmp/libspectre.londJ1/libspectre-0.2.7/test'
make[2]: Nothing to be done for `install-exec-am'.
make[2]: Nothing to be done for `install-data-am'.
make[2]: Leaving directory `/tmp/libspectre.londJ1/libspectre-0.2.7/test'
make[1]: Leaving directory `/tmp/libspectre.londJ1/libspectre-0.2.7/test'
make[1]: Entering directory `/tmp/libspectre.londJ1/libspectre-0.2.7'
make[2]: Entering directory `/tmp/libspectre.londJ1/libspectre-0.2.7'
make[2]: Nothing to be done for `install-exec-am'.
test -z "/ffp/lib/pkgconfig" || /ffp/bin/mkdir -p "/tmp/libspectre.londJ1/pkg/ffp/lib/pkgconfig"
 /ffp/bin/install -c -m 644 libspectre.pc '/tmp/libspectre.londJ1/pkg/ffp/lib/pkgconfig'
make[2]: Leaving directory `/tmp/libspectre.londJ1/libspectre-0.2.7'
make[1]: Leaving directory `/tmp/libspectre.londJ1/libspectre-0.2.7'
+ mkdir -p /tmp/libspectre.londJ1/pkg/install
+ cp /ffp/home/root/fun_plug/ffp_packages/libspectre/DESCR /ffp/home/root/fun_plug/ffp_packages/libspectre/HOMEPAGE /tmp/libspectre.londJ1/pkg/install/
+ cd /tmp/libspectre.londJ1/pkg
+ makepkg libspectre 0.2.7 1
Creating /tmp/libspectre-0.2.7-arm-1.tar ...
