++ basename ./gnuplot.funpkg .funpkg
+ PN=gnuplot
+ PR=2
+ . ./config.ffp
++ GNU_HOST=
++ GNU_TARGET=
++ FFP_CFLAGS='-I/ffp/include -O2'
++ FFP_LDFLAGS='-L/ffp/lib -Wl,-rpath,/ffp/lib'
++ '[' '!' -d '' ']'
++ TMPDIR=/tmp
++ export TMPDIR
++ mandir=/ffp/share/man
++ infodir=/ffp/share/info
++ docdir=/ffp/share/doc
++ pwd
+ X=/ffp/home/root/src/gnuplot
++ mktemp -t -d gnuplot.XXXXXX
+ W=/tmp/gnuplot.PtWLbI
+ D=/tmp/gnuplot.PtWLbI/pkg
+ cd /tmp/gnuplot.PtWLbI
+ cat /ffp/home/root/src/gnuplot/SRC_URI
+ xargs wget
--2012-03-08 10:49:46--  http://sourceforge.net/projects/gnuplot/files/latest/download?source=files
Resolving sourceforge.net... 216.34.181.60
Connecting to sourceforge.net|216.34.181.60|:80... connected.
HTTP request sent, awaiting response... 302 Found
Location: http://downloads.sourceforge.net/project/gnuplot/gnuplot/4.4.4/gnuplot-4.4.4.tar.gz?r=&ts=1331200295&use_mirror=freefr [following]
--2012-03-08 10:49:47--  http://downloads.sourceforge.net/project/gnuplot/gnuplot/4.4.4/gnuplot-4.4.4.tar.gz?r=&ts=1331200295&use_mirror=freefr
Resolving downloads.sourceforge.net... 216.34.181.59
Connecting to downloads.sourceforge.net|216.34.181.59|:80... connected.
HTTP request sent, awaiting response... 302 Found
Location: http://freefr.dl.sourceforge.net/project/gnuplot/gnuplot/4.4.4/gnuplot-4.4.4.tar.gz [following]
--2012-03-08 10:49:47--  http://freefr.dl.sourceforge.net/project/gnuplot/gnuplot/4.4.4/gnuplot-4.4.4.tar.gz
Resolving freefr.dl.sourceforge.net... 88.191.250.132
Connecting to freefr.dl.sourceforge.net|88.191.250.132|:80... connected.
HTTP request sent, awaiting response... 200 OK
Length: 3328278 (3.2M) [application/x-gzip]
Saving to: `gnuplot-4.4.4.tar.gz'

     0K .......... .......... .......... .......... ..........  1%  296K 11s
    50K .......... .......... .......... .......... ..........  3% 1.21M 7s
   100K .......... .......... .......... .......... ..........  4% 1.43M 5s
   150K .......... .......... .......... .......... ..........  6% 1.51M 4s
   200K .......... .......... .......... .......... ..........  7% 1.65M 4s
   250K .......... .......... .......... .......... ..........  9% 1.69M 3s
   300K .......... .......... .......... .......... .......... 10% 1.68M 3s
   350K .......... .......... .......... .......... .......... 12%  856K 3s
   400K .......... .......... .......... .......... .......... 13%  796K 3s
   450K .......... .......... .......... .......... .......... 15% 3.21M 3s
   500K .......... .......... .......... .......... .......... 16% 1.52M 3s
   550K .......... .......... .......... .......... .......... 18% 1.09M 3s
   600K .......... .......... .......... .......... .......... 19%  937K 3s
   650K .......... .......... .......... .......... .......... 21% 1.61M 2s
   700K .......... .......... .......... .......... .......... 23% 1.16M 2s
   750K .......... .......... .......... .......... .......... 24% 1.02M 2s
   800K .......... .......... .......... .......... .......... 26% 1.24M 2s
   850K .......... .......... .......... .......... .......... 27% 1.04M 2s
   900K .......... .......... .......... .......... .......... 29% 1.27M 2s
   950K .......... .......... .......... .......... .......... 30% 1.06M 2s
  1000K .......... .......... .......... .......... .......... 32% 1.32M 2s
  1050K .......... .......... .......... .......... .......... 33% 1.31M 2s
  1100K .......... .......... .......... .......... .......... 35% 1.28M 2s
  1150K .......... .......... .......... .......... .......... 36% 1.23M 2s
  1200K .......... .......... .......... .......... .......... 38% 1.27M 2s
  1250K .......... .......... .......... .......... .......... 39% 1.44M 2s
  1300K .......... .......... .......... .......... .......... 41% 1.39M 2s
  1350K .......... .......... .......... .......... .......... 43% 1.45M 2s
  1400K .......... .......... .......... .......... .......... 44% 1.42M 2s
  1450K .......... .......... .......... .......... .......... 46% 1.48M 1s
  1500K .......... .......... .......... .......... .......... 47% 1.49M 1s
  1550K .......... .......... .......... .......... .......... 49% 1.54M 1s
  1600K .......... .......... .......... .......... .......... 50% 1.59M 1s
  1650K .......... .......... .......... .......... .......... 52% 1.63M 1s
  1700K .......... .......... .......... .......... .......... 53% 1.55M 1s
  1750K .......... .......... .......... .......... .......... 55% 1.63M 1s
  1800K .......... .......... .......... .......... .......... 56% 1.63M 1s
  1850K .......... .......... .......... .......... .......... 58% 1.58M 1s
  1900K .......... .......... .......... .......... .......... 59% 1.67M 1s
  1950K .......... .......... .......... .......... .......... 61% 1.70M 1s
  2000K .......... .......... .......... .......... .......... 63% 1.63M 1s
  2050K .......... .......... .......... .......... .......... 64% 1.71M 1s
  2100K .......... .......... .......... .......... .......... 66% 1.68M 1s
  2150K .......... .......... .......... .......... .......... 67% 1.63M 1s
  2200K .......... .......... .......... .......... .......... 69% 1.71M 1s
  2250K .......... .......... .......... .......... .......... 70% 1.67M 1s
  2300K .......... .......... .......... .......... .......... 72% 1.47M 1s
  2350K .......... .......... .......... .......... .......... 73% 1.69M 1s
  2400K .......... .......... .......... .......... .......... 75% 1.67M 1s
  2450K .......... .......... .......... .......... .......... 76% 1.67M 1s
  2500K .......... .......... .......... .......... .......... 78% 1.70M 1s
  2550K .......... .......... .......... .......... .......... 79% 1.66M 0s
  2600K .......... .......... .......... .......... .......... 81% 1.70M 0s
  2650K .......... .......... .......... .......... .......... 83% 1.45M 0s
  2700K .......... .......... .......... .......... .......... 84% 1.68M 0s
  2750K .......... .......... .......... .......... .......... 86% 1.70M 0s
  2800K .......... .......... .......... .......... .......... 87% 1.63M 0s
  2850K .......... .......... .......... .......... .......... 89% 1.73M 0s
  2900K .......... .......... .......... .......... .......... 90% 1.67M 0s
  2950K .......... .......... .......... .......... .......... 92% 1.66M 0s
  3000K .......... .......... .......... .......... .......... 93% 1.72M 0s
  3050K .......... .......... .......... .......... .......... 95% 1.68M 0s
  3100K .......... .......... .......... .......... .......... 96% 1.64M 0s
  3150K .......... .......... .......... .......... .......... 98% 1.70M 0s
  3200K .......... .......... .......... .......... .......... 99% 1.70M 0s
  3250K                                                       100% 54.3K=2.3s

2012-03-08 10:49:50 (1.37 MB/s) - `gnuplot-4.4.4.tar.gz' saved [3328278/3328278]

++ ls gnuplot-4.4.4.tar.gz
++ egrep -o '[0-9][0-9.]*[0-9]'
+ PV=4.4.4
+ tar xf gnuplot-4.4.4.tar.gz
+ cd gnuplot-4.4.4 gnuplot-4.4.4.tar.gz
+ LDFLAGS='-L/ffp/lib -Wl,-rpath,/ffp/lib'
+ ./configure --prefix=/ffp --build= --host= --mandir=/ffp/share/man --infodir=/ffp/share/info
checking for a BSD-compatible install... /ffp/bin/install -c
checking whether build environment is sane... yes
checking for a thread-safe mkdir -p... /ffp/bin/mkdir -p
checking for gawk... gawk
checking whether make sets $(MAKE)... yes
checking for gcc... gcc
checking whether the C compiler works... yes
checking for C compiler default output file name... a.out
checking for suffix of executables... 
checking whether we are cross compiling... no
checking for suffix of object files... o
checking whether we are using the GNU C compiler... yes
checking whether gcc accepts -g... yes
checking for gcc option to accept ISO C89... none needed
checking for style of include used by make... GNU
checking dependency style of gcc... gcc3
checking for function prototypes... yes
checking how to run the C preprocessor... gcc -E
checking for grep that handles long lines and -e... /ffp/bin/grep
checking for egrep... /ffp/bin/grep -E
checking for ANSI C header files... yes
checking for sys/types.h... yes
checking for sys/stat.h... yes
checking for stdlib.h... yes
checking for string.h... yes
checking for memory.h... yes
checking for strings.h... yes
checking for inttypes.h... yes
checking for stdint.h... yes
checking for unistd.h... yes
checking for string.h... (cached) yes
checking how to run the C preprocessor... gcc -E
checking for an ANSI C-conforming const... yes
checking for inline... inline
checking for preprocessor stringizing operator... yes
checking whether ln -s works... yes
checking for emacs... no
checking for xemacs... no
checking for tex... no
checking for latex... no
checking for latex2e... no
checking for pdflatex... no
checking for dvips... no
checking for troff... troff
checking for kpsexpand... no
checking for texhash... no
checking for X... no
checking for MS-DOS/djgpp/libGRX... no
checking for NeXT... no
checking for Apple MacOS X... no
checking for BeOS... no
checking for Alpha/AXP CPU... no
checking for sin... no
checking for sin in -lm... yes
checking for ANSI C header files... (cached) yes
checking dirent.h usability... yes
checking dirent.h presence... yes
checking for dirent.h... yes
checking errno.h usability... yes
checking errno.h presence... yes
checking for errno.h... yes
checking float.h usability... yes
checking float.h presence... yes
checking for float.h... yes
checking limits.h usability... yes
checking limits.h presence... yes
checking for limits.h... yes
checking locale.h usability... yes
checking locale.h presence... yes
checking for locale.h... yes
checking math.h usability... yes
checking math.h presence... yes
checking for math.h... yes
checking for stdlib.h... (cached) yes
checking for string.h... (cached) yes
checking time.h usability... yes
checking time.h presence... yes
checking for time.h... yes
checking sys/time.h usability... yes
checking sys/time.h presence... yes
checking for sys/time.h... yes
checking for sys/types.h... (cached) yes
checking sys/bsdtypes.h usability... no
checking sys/bsdtypes.h presence... no
checking for sys/bsdtypes.h... no
checking sys/ioctl.h usability... yes
checking sys/ioctl.h presence... yes
checking for sys/ioctl.h... yes
checking sys/param.h usability... yes
checking sys/param.h presence... yes
checking for sys/param.h... yes
checking sys/select.h usability... yes
checking sys/select.h presence... yes
checking for sys/select.h... yes
checking sys/socket.h usability... yes
checking sys/socket.h presence... yes
checking for sys/socket.h... yes
checking for sys/stat.h... (cached) yes
checking sys/systeminfo.h usability... no
checking sys/systeminfo.h presence... no
checking for sys/systeminfo.h... no
checking sys/timeb.h usability... yes
checking sys/timeb.h presence... yes
checking for sys/timeb.h... yes
checking sys/utsname.h usability... yes
checking sys/utsname.h presence... yes
checking for sys/utsname.h... yes
checking libc.h usability... no
checking libc.h presence... no
checking for libc.h... no
checking malloc.h usability... yes
checking malloc.h presence... yes
checking for malloc.h... yes
checking poll.h usability... yes
checking poll.h presence... yes
checking for poll.h... yes
checking sgtty.h usability... yes
checking sgtty.h presence... yes
checking for sgtty.h... yes
checking termios.h usability... yes
checking termios.h presence... yes
checking for termios.h... yes
checking values.h usability... yes
checking values.h presence... yes
checking for values.h... yes
checking for stdbool.h that conforms to C99... yes
checking for _Bool... yes
checking for struct exception in math.h... yes
checking whether stat file-mode macros are broken... no
checking for unistd.h... yes
checking if errno variable is declared... yes
checking for size_t... yes
checking for time_t in time.h... yes
checking return type of signal handlers... void
checking for atexit... yes
checking for memcpy... yes
checking for memmove... yes
checking for memset... yes
checking for on_exit... yes
checking for bcopy... yes
checking for bzero... yes
checking for setvbuf... yes
checking for strerror... yes
checking for strchr... yes
checking for strrchr... yes
checking for strstr... yes
checking for index... yes
checking for rindex... yes
checking for isnan... no
checking for erf... yes
checking for erfc... yes
checking for gamma... yes
checking for lgamma... yes
checking for getcwd... yes
checking for poll... yes
checking for pclose... yes
checking for popen... yes
checking for select... yes
checking for sleep... yes
checking for stpcpy... yes
checking for strcspn... yes
checking for strdup... yes
checking for strcasecmp... yes
checking for stricmp... no
checking for strncasecmp... yes
checking for strnicmp... no
checking for sysinfo... yes
checking for tcgetattr... yes
checking for vfprintf... yes
checking for doprnt... no
checking for usleep... yes
checking for snprintf... yes
checking whether signgam is declared... yes
checking for sigsetjmp... yes
checking if malloc(0) returns 0... no
checking for sys/select.h... (cached) yes
checking for sys/socket.h... (cached) yes
checking types of arguments for select... int,fd_set *,struct timeval *
checking for tputs in -lncurses... yes
checking for remove_history in -lreadline... yes
checking for library containing rl_ding... -lreadline
checking for library containing rl_forced_update_display... -lreadline
checking for library containing rl_reset_after_signal... -lreadline
checking for library containing rl_complete_with_tilde_expansion... -lreadline
checking readline/readline.h usability... yes
checking readline/readline.h presence... yes
checking for readline/readline.h... yes
checking readline/history.h usability... yes
checking readline/history.h presence... yes
checking for readline/history.h... yes
checking for deflate in -lz... yes
checking zlib.h usability... yes
checking zlib.h presence... yes
checking for zlib.h... yes
checking for gdlib-config... /ffp/bin/gdlib-config
checking for gdImageCreateTrueColor in -lgd... yes
checking gd.h usability... yes
checking gd.h presence... yes
checking for gd.h... yes
checking for gdImageGif in -lgd... yes
checking for gdImageGifAnimBegin in -lgd... yes
checking for gdImageJpeg in -lgd... yes
checking for gdImageStringFT in -lgd... yes
checking for gdImagePng in -lgd... yes
checking for library containing iconv_open... no
checking for pdflib-config... no
checking for PDF_get_majorversion in -lpdf... no
checking for pkg-config... /ffp/bin/pkg-config
checking pkg-config is at least version 0.9.0... yes
checking for LUA... no
configure: WARNING: Could not find support for lua using pkg-config.
checking for library containing luaL_openlibs... no
checking for multi-byte support in x11... checking for XmbDrawString in -lX11... no
checking for pkg-config... (cached) /ffp/bin/pkg-config
checking pkg-config is at least version 0.9.0... yes
checking for g++... g++
checking whether we are using the GNU C++ compiler... yes
checking whether g++ accepts -g... yes
checking dependency style of g++... gcc3
checking how to run the C++ preprocessor... g++ -E
checking for wx-config... no
configure: WARNING: wxWidgets can't be found. You can try --with-wx-config-path to give the right path to wx-config. The wxWidgets terminal will not be compiled.
checking for CAIROPANGO... configure: WARNING:
Package requirements (cairo >= 0.9.0 pango >= 1.10 pangocairo >= 1.10) were not met:

No package 'cairo' found
No package 'pango' found
No package 'pangocairo' found

Consider adjusting the PKG_CONFIG_PATH environment variable if you
installed software in a non-standard prefix.

Alternatively, you may set the environment variables CAIROPANGO_CFLAGS
and CAIROPANGO_LIBS to avoid the need to call pkg-config.
See the pkg-config man page for more details.

configure: WARNING: The wxWidgets terminal will not be compiled.
checking for PANGO_1_10_2... no
checking for CAIROPDF... configure: WARNING:
Package requirements (       cairo >= 1.2 cairo-pdf >= 1.2 pango >= 1.10 pangocairo >= 1.10 glib-2.0) were not met:

No package 'cairo' found
No package 'cairo-pdf' found
No package 'pango' found
No package 'pangocairo' found

Consider adjusting the PKG_CONFIG_PATH environment variable if you
installed software in a non-standard prefix.

Alternatively, you may set the environment variables CAIROPDF_CFLAGS
and CAIROPDF_LIBS to avoid the need to call pkg-config.
See the pkg-config man page for more details.

configure: WARNING: The cairo terminals will not be compiled.
configure: creating ./config.status
config.status: creating Makefile
config.status: creating config/Makefile
config.status: creating demo/Makefile
config.status: creating docs/Makefile
config.status: creating m4/Makefile
config.status: creating man/Makefile
config.status: creating share/Makefile
config.status: creating share/LaTeX/Makefile
config.status: creating src/Makefile
config.status: creating src/beos/Makefile
config.status: creating src/wxterminal/Makefile
config.status: creating term/Makefile
config.status: creating tutorial/Makefile
config.status: creating config.h
config.status: executing depfiles commands
config.status: executing default commands
=== configuring in lisp (/tmp/gnuplot.PtWLbI/gnuplot-4.4.4/lisp)
configure: running /ffp/bin/sh ./configure --disable-option-checking '--prefix=/ffp'  '--build=' '--host=' '--mandir=/ffp/share/man' '--infodir=/ffp/share/info' 'build_alias=' 'host_alias=' 'LDFLAGS=-L/ffp/lib -Wl,-rpath,/ffp/lib' --cache-file=/dev/null --srcdir=.
checking for a BSD-compatible install... /ffp/bin/install -c
checking whether build environment is sane... yes
checking for a thread-safe mkdir -p... /ffp/bin/mkdir -p
checking for gawk... gawk
checking whether make sets $(MAKE)... yes
checking whether make sets $(MAKE)... (cached) yes
checking for emacs... no
checking for xemacs... no
checking where .elc files should go... ${datadir}/emacs/site-lisp
checking for dvips... no
checking for latex... no
checking for latex2e... no
checking for makeinfo... no
checking for pdflatex... no
checking for emacs version... none found
checking whether info-look.el is needed... using none
configure: creating ./config.status
config.status: creating Makefile

** Configuration summary for gnuplot 4.4.4:

gnuplot will be compiled with the following terminals:

  Standalone terminals: yes (always builtin)
    (canvas, cgm, corel, dumb, dxf, eepic, emf, emtex,
    epslatex, epson_180dpi, epson_60dpi, epson_lx800, fig, gpic, hp2623A,
    hp2648, hp500c, hpdj, hpgl, hpljii, hppj, imagen,
    latex, metafont, metapost, mif, pbm, postscript, pslatex, nec_cp6, okidata,
    pcl5, pstex, pstricks, qms, regis, svg, tandy_60dpi,
    tek40xx, tek410x, texdraw, tgif, tkcanvas, tpic, vttek)
  X Window System terminal: no (requires X libraries)
  jpeg terminal: yes
  gif terminal: yes (with animated gif)
  png terminal: yes
    (jpeg, gif and png terminals can use TTF fonts)
  pdf terminal: no (requires libpdf)
  plot library terminal: no (use --with-plot to enable, requires GNU plotutils
                             or UNIX plot)
  linux terminal (vga console): no (use --with-linux-vga to enable,
                                       requires SVGAlib)
  vgagl terminal ((s)vga console): no (use --with-linux-vga to enable,
                                       requires SVGAlib with vgagl)
  ggi terminal: no (use --with-ggi to enable, requires libggi)
  mgr terminal: no (use --enable-mgr to enable, requires libpixrect)
  rgip/uniplex terminal: no (use --enable-rgip to enable)
  svga terminal (MSDOS/djgpp): no
  be terminal (BeOS): no
  next terminal: no
  aqua terminal (MacOS X): no
  wxt terminal: no (requires C++, wxWidgets>2.6, cairo>0.9, pango>1.10)
  cairo-based terminals: no (requires cairo>1.2, pango>1.10)
  lua/TikZ terminal: no 

  Additional terminals are availaible in platform-specific makefiles:
   amiga (makefile.amg and makefile.ami), apollo/gpr (makefile.unx)
   cgi (makefile.unx), pm (makefile.os2),
   sun (makefile.unx), unixpc (makefile.unx), windows (various Windows
   makefiles)
  Additional terminals are built automatically if possible at compile-time:
   vesa (MSDOS), emxvga (MSDOS, OS/2), ega/vga/svga/ssvga/hercules (Windows with
   Zortec compiler), macintosh

gnuplot will be compiled with the following features:

  Mouse support in interactive terminals: yes
  Zooming or refresh of volatile data: yes
  Typing <space> in plot window raises console
  Command line macros: yes 
  Placement of rectangles and other objects: yes 

gnuplot will be compiled with the following options:

  Readline library: GNU readline library with  -lncurses
  Command-line history file: yes
  Check current directory for .gnuplot file: no (use --with-cwdrc to enable)
  Sort help/subtopic tables by column: no (use --without-row-help to enable)
  Use TeX kpsexpand to search for fonts: no (use --with-kpsexpand to enable)
  Thin plate splines: no (use --enable-thin-spline to enable)
  Hidden3d optimization: quadtree
  Deprecated syntax and terminal options : no (use --enable-backwards-compatibility to enable)

gnuplot will install the following additional materials:

  lasergnu printer script: no (use --with-lasergnu to enable)
  gnuplot-mode for X/Emacs: yes
  LaTeX tutorial: no
  cfg file for epslatex terminal: no
  TeX *.sty for lua/tikz terminal: no
  Help file: yes (always), in ${datarootdir}/gnuplot/4.4/gnuplot.gih
  PostScript prologue files: yes (always)
+ make
make  all-recursive
make[1]: Entering directory `/tmp/gnuplot.PtWLbI/gnuplot-4.4.4'
Making all in config
make[2]: Entering directory `/tmp/gnuplot.PtWLbI/gnuplot-4.4.4/config'
make[2]: Nothing to be done for `all'.
make[2]: Leaving directory `/tmp/gnuplot.PtWLbI/gnuplot-4.4.4/config'
Making all in m4
make[2]: Entering directory `/tmp/gnuplot.PtWLbI/gnuplot-4.4.4/m4'
make[2]: Nothing to be done for `all'.
make[2]: Leaving directory `/tmp/gnuplot.PtWLbI/gnuplot-4.4.4/m4'
Making all in term
make[2]: Entering directory `/tmp/gnuplot.PtWLbI/gnuplot-4.4.4/term'
make[2]: Nothing to be done for `all'.
make[2]: Leaving directory `/tmp/gnuplot.PtWLbI/gnuplot-4.4.4/term'
Making all in src
make[2]: Entering directory `/tmp/gnuplot.PtWLbI/gnuplot-4.4.4/src'
Making all in wxterminal
make[3]: Entering directory `/tmp/gnuplot.PtWLbI/gnuplot-4.4.4/src/wxterminal'
make[3]: Nothing to be done for `all'.
make[3]: Leaving directory `/tmp/gnuplot.PtWLbI/gnuplot-4.4.4/src/wxterminal'
make[3]: Entering directory `/tmp/gnuplot.PtWLbI/gnuplot-4.4.4/src'
gcc -DHAVE_CONFIG_H -I. -I..  -I../term -I../term -DBINDIR=\"/ffp/bin\" -DX11_DRIVER_DIR=\"/ffp/libexec/gnuplot/4.4\" -DGNUPLOT_PS_DIR=\"/ffp/share/gnuplot/4.4/PostScript\" -DGNUPLOT_JS_DIR=\"/ffp/share/gnuplot/4.4/js\" -DGNUPLOT_LUA_DIR=\"/ffp/share/gnuplot/4.4/lua\"  -DCONTACT=\"gnuplot-bugs@lists.sourceforge.net\" -DHELPFILE=\"/ffp/share/gnuplot/4.4/gnuplot.gih\" -DGNUPLOT_X11=\"`echo gnuplot_x11 | sed 's,x,x,'`\" -DXAPPLRESDIR=\"/etc/X11/app-defaults/\" -I/ffp/include  -g -O2 -MT alloc.o -MD -MP -MF .deps/alloc.Tpo -c -o alloc.o alloc.c
mv -f .deps/alloc.Tpo .deps/alloc.Po
gcc -DHAVE_CONFIG_H -I. -I..  -I../term -I../term -DBINDIR=\"/ffp/bin\" -DX11_DRIVER_DIR=\"/ffp/libexec/gnuplot/4.4\" -DGNUPLOT_PS_DIR=\"/ffp/share/gnuplot/4.4/PostScript\" -DGNUPLOT_JS_DIR=\"/ffp/share/gnuplot/4.4/js\" -DGNUPLOT_LUA_DIR=\"/ffp/share/gnuplot/4.4/lua\"  -DCONTACT=\"gnuplot-bugs@lists.sourceforge.net\" -DHELPFILE=\"/ffp/share/gnuplot/4.4/gnuplot.gih\" -DGNUPLOT_X11=\"`echo gnuplot_x11 | sed 's,x,x,'`\" -DXAPPLRESDIR=\"/etc/X11/app-defaults/\" -I/ffp/include  -g -O2 -MT axis.o -MD -MP -MF .deps/axis.Tpo -c -o axis.o axis.c
mv -f .deps/axis.Tpo .deps/axis.Po
gcc -DHAVE_CONFIG_H -I. -I..  -I../term -I../term -DBINDIR=\"/ffp/bin\" -DX11_DRIVER_DIR=\"/ffp/libexec/gnuplot/4.4\" -DGNUPLOT_PS_DIR=\"/ffp/share/gnuplot/4.4/PostScript\" -DGNUPLOT_JS_DIR=\"/ffp/share/gnuplot/4.4/js\" -DGNUPLOT_LUA_DIR=\"/ffp/share/gnuplot/4.4/lua\"  -DCONTACT=\"gnuplot-bugs@lists.sourceforge.net\" -DHELPFILE=\"/ffp/share/gnuplot/4.4/gnuplot.gih\" -DGNUPLOT_X11=\"`echo gnuplot_x11 | sed 's,x,x,'`\" -DXAPPLRESDIR=\"/etc/X11/app-defaults/\" -I/ffp/include  -g -O2 -MT binary.o -MD -MP -MF .deps/binary.Tpo -c -o binary.o binary.c
mv -f .deps/binary.Tpo .deps/binary.Po
gcc -DHAVE_CONFIG_H -I. -I..  -I../term -I../term -DBINDIR=\"/ffp/bin\" -DX11_DRIVER_DIR=\"/ffp/libexec/gnuplot/4.4\" -DGNUPLOT_PS_DIR=\"/ffp/share/gnuplot/4.4/PostScript\" -DGNUPLOT_JS_DIR=\"/ffp/share/gnuplot/4.4/js\" -DGNUPLOT_LUA_DIR=\"/ffp/share/gnuplot/4.4/lua\"  -DCONTACT=\"gnuplot-bugs@lists.sourceforge.net\" -DHELPFILE=\"/ffp/share/gnuplot/4.4/gnuplot.gih\" -DGNUPLOT_X11=\"`echo gnuplot_x11 | sed 's,x,x,'`\" -DXAPPLRESDIR=\"/etc/X11/app-defaults/\" -I/ffp/include  -g -O2 -MT breaders.o -MD -MP -MF .deps/breaders.Tpo -c -o breaders.o breaders.c
mv -f .deps/breaders.Tpo .deps/breaders.Po
gcc -DHAVE_CONFIG_H -I. -I..  -I../term -I../term -DBINDIR=\"/ffp/bin\" -DX11_DRIVER_DIR=\"/ffp/libexec/gnuplot/4.4\" -DGNUPLOT_PS_DIR=\"/ffp/share/gnuplot/4.4/PostScript\" -DGNUPLOT_JS_DIR=\"/ffp/share/gnuplot/4.4/js\" -DGNUPLOT_LUA_DIR=\"/ffp/share/gnuplot/4.4/lua\"  -DCONTACT=\"gnuplot-bugs@lists.sourceforge.net\" -DHELPFILE=\"/ffp/share/gnuplot/4.4/gnuplot.gih\" -DGNUPLOT_X11=\"`echo gnuplot_x11 | sed 's,x,x,'`\" -DXAPPLRESDIR=\"/etc/X11/app-defaults/\" -I/ffp/include  -g -O2 -MT bitmap.o -MD -MP -MF .deps/bitmap.Tpo -c -o bitmap.o bitmap.c
mv -f .deps/bitmap.Tpo .deps/bitmap.Po
gcc -DHAVE_CONFIG_H -I. -I..  -I../term -I../term -DBINDIR=\"/ffp/bin\" -DX11_DRIVER_DIR=\"/ffp/libexec/gnuplot/4.4\" -DGNUPLOT_PS_DIR=\"/ffp/share/gnuplot/4.4/PostScript\" -DGNUPLOT_JS_DIR=\"/ffp/share/gnuplot/4.4/js\" -DGNUPLOT_LUA_DIR=\"/ffp/share/gnuplot/4.4/lua\"  -DCONTACT=\"gnuplot-bugs@lists.sourceforge.net\" -DHELPFILE=\"/ffp/share/gnuplot/4.4/gnuplot.gih\" -DGNUPLOT_X11=\"`echo gnuplot_x11 | sed 's,x,x,'`\" -DXAPPLRESDIR=\"/etc/X11/app-defaults/\" -I/ffp/include  -g -O2 -MT color.o -MD -MP -MF .deps/color.Tpo -c -o color.o color.c
mv -f .deps/color.Tpo .deps/color.Po
gcc -DHAVE_CONFIG_H -I. -I..  -I../term -I../term -DBINDIR=\"/ffp/bin\" -DX11_DRIVER_DIR=\"/ffp/libexec/gnuplot/4.4\" -DGNUPLOT_PS_DIR=\"/ffp/share/gnuplot/4.4/PostScript\" -DGNUPLOT_JS_DIR=\"/ffp/share/gnuplot/4.4/js\" -DGNUPLOT_LUA_DIR=\"/ffp/share/gnuplot/4.4/lua\"  -DCONTACT=\"gnuplot-bugs@lists.sourceforge.net\" -DHELPFILE=\"/ffp/share/gnuplot/4.4/gnuplot.gih\" -DGNUPLOT_X11=\"`echo gnuplot_x11 | sed 's,x,x,'`\" -DXAPPLRESDIR=\"/etc/X11/app-defaults/\" -I/ffp/include  -g -O2 -MT command.o -MD -MP -MF .deps/command.Tpo -c -o command.o command.c
mv -f .deps/command.Tpo .deps/command.Po
gcc -DHAVE_CONFIG_H -I. -I..  -I../term -I../term -DBINDIR=\"/ffp/bin\" -DX11_DRIVER_DIR=\"/ffp/libexec/gnuplot/4.4\" -DGNUPLOT_PS_DIR=\"/ffp/share/gnuplot/4.4/PostScript\" -DGNUPLOT_JS_DIR=\"/ffp/share/gnuplot/4.4/js\" -DGNUPLOT_LUA_DIR=\"/ffp/share/gnuplot/4.4/lua\"  -DCONTACT=\"gnuplot-bugs@lists.sourceforge.net\" -DHELPFILE=\"/ffp/share/gnuplot/4.4/gnuplot.gih\" -DGNUPLOT_X11=\"`echo gnuplot_x11 | sed 's,x,x,'`\" -DXAPPLRESDIR=\"/etc/X11/app-defaults/\" -I/ffp/include  -g -O2 -MT contour.o -MD -MP -MF .deps/contour.Tpo -c -o contour.o contour.c
mv -f .deps/contour.Tpo .deps/contour.Po
gcc -DHAVE_CONFIG_H -I. -I..  -I../term -I../term -DBINDIR=\"/ffp/bin\" -DX11_DRIVER_DIR=\"/ffp/libexec/gnuplot/4.4\" -DGNUPLOT_PS_DIR=\"/ffp/share/gnuplot/4.4/PostScript\" -DGNUPLOT_JS_DIR=\"/ffp/share/gnuplot/4.4/js\" -DGNUPLOT_LUA_DIR=\"/ffp/share/gnuplot/4.4/lua\"  -DCONTACT=\"gnuplot-bugs@lists.sourceforge.net\" -DHELPFILE=\"/ffp/share/gnuplot/4.4/gnuplot.gih\" -DGNUPLOT_X11=\"`echo gnuplot_x11 | sed 's,x,x,'`\" -DXAPPLRESDIR=\"/etc/X11/app-defaults/\" -I/ffp/include  -g -O2 -MT datafile.o -MD -MP -MF .deps/datafile.Tpo -c -o datafile.o datafile.c
mv -f .deps/datafile.Tpo .deps/datafile.Po
gcc -DHAVE_CONFIG_H -I. -I..  -I../term -I../term -DBINDIR=\"/ffp/bin\" -DX11_DRIVER_DIR=\"/ffp/libexec/gnuplot/4.4\" -DGNUPLOT_PS_DIR=\"/ffp/share/gnuplot/4.4/PostScript\" -DGNUPLOT_JS_DIR=\"/ffp/share/gnuplot/4.4/js\" -DGNUPLOT_LUA_DIR=\"/ffp/share/gnuplot/4.4/lua\"  -DCONTACT=\"gnuplot-bugs@lists.sourceforge.net\" -DHELPFILE=\"/ffp/share/gnuplot/4.4/gnuplot.gih\" -DGNUPLOT_X11=\"`echo gnuplot_x11 | sed 's,x,x,'`\" -DXAPPLRESDIR=\"/etc/X11/app-defaults/\" -I/ffp/include  -g -O2 -MT dynarray.o -MD -MP -MF .deps/dynarray.Tpo -c -o dynarray.o dynarray.c
mv -f .deps/dynarray.Tpo .deps/dynarray.Po
gcc -DHAVE_CONFIG_H -I. -I..  -I../term -I../term -DBINDIR=\"/ffp/bin\" -DX11_DRIVER_DIR=\"/ffp/libexec/gnuplot/4.4\" -DGNUPLOT_PS_DIR=\"/ffp/share/gnuplot/4.4/PostScript\" -DGNUPLOT_JS_DIR=\"/ffp/share/gnuplot/4.4/js\" -DGNUPLOT_LUA_DIR=\"/ffp/share/gnuplot/4.4/lua\"  -DCONTACT=\"gnuplot-bugs@lists.sourceforge.net\" -DHELPFILE=\"/ffp/share/gnuplot/4.4/gnuplot.gih\" -DGNUPLOT_X11=\"`echo gnuplot_x11 | sed 's,x,x,'`\" -DXAPPLRESDIR=\"/etc/X11/app-defaults/\" -I/ffp/include  -g -O2 -MT eval.o -MD -MP -MF .deps/eval.Tpo -c -o eval.o eval.c
mv -f .deps/eval.Tpo .deps/eval.Po
gcc -DHAVE_CONFIG_H -I. -I..  -I../term -I../term -DBINDIR=\"/ffp/bin\" -DX11_DRIVER_DIR=\"/ffp/libexec/gnuplot/4.4\" -DGNUPLOT_PS_DIR=\"/ffp/share/gnuplot/4.4/PostScript\" -DGNUPLOT_JS_DIR=\"/ffp/share/gnuplot/4.4/js\" -DGNUPLOT_LUA_DIR=\"/ffp/share/gnuplot/4.4/lua\"  -DCONTACT=\"gnuplot-bugs@lists.sourceforge.net\" -DHELPFILE=\"/ffp/share/gnuplot/4.4/gnuplot.gih\" -DGNUPLOT_X11=\"`echo gnuplot_x11 | sed 's,x,x,'`\" -DXAPPLRESDIR=\"/etc/X11/app-defaults/\" -I/ffp/include  -g -O2 -MT fit.o -MD -MP -MF .deps/fit.Tpo -c -o fit.o fit.c
mv -f .deps/fit.Tpo .deps/fit.Po
gcc -DHAVE_CONFIG_H -I. -I..  -I../term -I../term -DBINDIR=\"/ffp/bin\" -DX11_DRIVER_DIR=\"/ffp/libexec/gnuplot/4.4\" -DGNUPLOT_PS_DIR=\"/ffp/share/gnuplot/4.4/PostScript\" -DGNUPLOT_JS_DIR=\"/ffp/share/gnuplot/4.4/js\" -DGNUPLOT_LUA_DIR=\"/ffp/share/gnuplot/4.4/lua\"  -DCONTACT=\"gnuplot-bugs@lists.sourceforge.net\" -DHELPFILE=\"/ffp/share/gnuplot/4.4/gnuplot.gih\" -DGNUPLOT_X11=\"`echo gnuplot_x11 | sed 's,x,x,'`\" -DXAPPLRESDIR=\"/etc/X11/app-defaults/\" -I/ffp/include  -g -O2 -MT gadgets.o -MD -MP -MF .deps/gadgets.Tpo -c -o gadgets.o gadgets.c
mv -f .deps/gadgets.Tpo .deps/gadgets.Po
gcc -DHAVE_CONFIG_H -I. -I..  -I../term -I../term -DBINDIR=\"/ffp/bin\" -DX11_DRIVER_DIR=\"/ffp/libexec/gnuplot/4.4\" -DGNUPLOT_PS_DIR=\"/ffp/share/gnuplot/4.4/PostScript\" -DGNUPLOT_JS_DIR=\"/ffp/share/gnuplot/4.4/js\" -DGNUPLOT_LUA_DIR=\"/ffp/share/gnuplot/4.4/lua\"  -DCONTACT=\"gnuplot-bugs@lists.sourceforge.net\" -DHELPFILE=\"/ffp/share/gnuplot/4.4/gnuplot.gih\" -DGNUPLOT_X11=\"`echo gnuplot_x11 | sed 's,x,x,'`\" -DXAPPLRESDIR=\"/etc/X11/app-defaults/\" -I/ffp/include  -g -O2 -MT getcolor.o -MD -MP -MF .deps/getcolor.Tpo -c -o getcolor.o getcolor.c
mv -f .deps/getcolor.Tpo .deps/getcolor.Po
gcc -DHAVE_CONFIG_H -I. -I..  -I../term -I../term -DBINDIR=\"/ffp/bin\" -DX11_DRIVER_DIR=\"/ffp/libexec/gnuplot/4.4\" -DGNUPLOT_PS_DIR=\"/ffp/share/gnuplot/4.4/PostScript\" -DGNUPLOT_JS_DIR=\"/ffp/share/gnuplot/4.4/js\" -DGNUPLOT_LUA_DIR=\"/ffp/share/gnuplot/4.4/lua\"  -DCONTACT=\"gnuplot-bugs@lists.sourceforge.net\" -DHELPFILE=\"/ffp/share/gnuplot/4.4/gnuplot.gih\" -DGNUPLOT_X11=\"`echo gnuplot_x11 | sed 's,x,x,'`\" -DXAPPLRESDIR=\"/etc/X11/app-defaults/\" -I/ffp/include  -g -O2 -MT graph3d.o -MD -MP -MF .deps/graph3d.Tpo -c -o graph3d.o graph3d.c
mv -f .deps/graph3d.Tpo .deps/graph3d.Po
gcc -DHAVE_CONFIG_H -I. -I..  -I../term -I../term -DBINDIR=\"/ffp/bin\" -DX11_DRIVER_DIR=\"/ffp/libexec/gnuplot/4.4\" -DGNUPLOT_PS_DIR=\"/ffp/share/gnuplot/4.4/PostScript\" -DGNUPLOT_JS_DIR=\"/ffp/share/gnuplot/4.4/js\" -DGNUPLOT_LUA_DIR=\"/ffp/share/gnuplot/4.4/lua\"  -DCONTACT=\"gnuplot-bugs@lists.sourceforge.net\" -DHELPFILE=\"/ffp/share/gnuplot/4.4/gnuplot.gih\" -DGNUPLOT_X11=\"`echo gnuplot_x11 | sed 's,x,x,'`\" -DXAPPLRESDIR=\"/etc/X11/app-defaults/\" -I/ffp/include  -g -O2 -MT graphics.o -MD -MP -MF .deps/graphics.Tpo -c -o graphics.o graphics.c
mv -f .deps/graphics.Tpo .deps/graphics.Po
gcc -DHAVE_CONFIG_H -I. -I..  -I../term -I../term -DBINDIR=\"/ffp/bin\" -DX11_DRIVER_DIR=\"/ffp/libexec/gnuplot/4.4\" -DGNUPLOT_PS_DIR=\"/ffp/share/gnuplot/4.4/PostScript\" -DGNUPLOT_JS_DIR=\"/ffp/share/gnuplot/4.4/js\" -DGNUPLOT_LUA_DIR=\"/ffp/share/gnuplot/4.4/lua\"  -DCONTACT=\"gnuplot-bugs@lists.sourceforge.net\" -DHELPFILE=\"/ffp/share/gnuplot/4.4/gnuplot.gih\" -DGNUPLOT_X11=\"`echo gnuplot_x11 | sed 's,x,x,'`\" -DXAPPLRESDIR=\"/etc/X11/app-defaults/\" -I/ffp/include  -g -O2 -MT help.o -MD -MP -MF .deps/help.Tpo -c -o help.o help.c
mv -f .deps/help.Tpo .deps/help.Po
gcc -DHAVE_CONFIG_H -I. -I..  -I../term -I../term -DBINDIR=\"/ffp/bin\" -DX11_DRIVER_DIR=\"/ffp/libexec/gnuplot/4.4\" -DGNUPLOT_PS_DIR=\"/ffp/share/gnuplot/4.4/PostScript\" -DGNUPLOT_JS_DIR=\"/ffp/share/gnuplot/4.4/js\" -DGNUPLOT_LUA_DIR=\"/ffp/share/gnuplot/4.4/lua\"  -DCONTACT=\"gnuplot-bugs@lists.sourceforge.net\" -DHELPFILE=\"/ffp/share/gnuplot/4.4/gnuplot.gih\" -DGNUPLOT_X11=\"`echo gnuplot_x11 | sed 's,x,x,'`\" -DXAPPLRESDIR=\"/etc/X11/app-defaults/\" -I/ffp/include  -g -O2 -MT hidden3d.o -MD -MP -MF .deps/hidden3d.Tpo -c -o hidden3d.o hidden3d.c
mv -f .deps/hidden3d.Tpo .deps/hidden3d.Po
gcc -DHAVE_CONFIG_H -I. -I..  -I../term -I../term -DBINDIR=\"/ffp/bin\" -DX11_DRIVER_DIR=\"/ffp/libexec/gnuplot/4.4\" -DGNUPLOT_PS_DIR=\"/ffp/share/gnuplot/4.4/PostScript\" -DGNUPLOT_JS_DIR=\"/ffp/share/gnuplot/4.4/js\" -DGNUPLOT_LUA_DIR=\"/ffp/share/gnuplot/4.4/lua\"  -DCONTACT=\"gnuplot-bugs@lists.sourceforge.net\" -DHELPFILE=\"/ffp/share/gnuplot/4.4/gnuplot.gih\" -DGNUPLOT_X11=\"`echo gnuplot_x11 | sed 's,x,x,'`\" -DXAPPLRESDIR=\"/etc/X11/app-defaults/\" -I/ffp/include  -g -O2 -MT history.o -MD -MP -MF .deps/history.Tpo -c -o history.o history.c
mv -f .deps/history.Tpo .deps/history.Po
gcc -DHAVE_CONFIG_H -I. -I..  -I../term -I../term -DBINDIR=\"/ffp/bin\" -DX11_DRIVER_DIR=\"/ffp/libexec/gnuplot/4.4\" -DGNUPLOT_PS_DIR=\"/ffp/share/gnuplot/4.4/PostScript\" -DGNUPLOT_JS_DIR=\"/ffp/share/gnuplot/4.4/js\" -DGNUPLOT_LUA_DIR=\"/ffp/share/gnuplot/4.4/lua\"  -DCONTACT=\"gnuplot-bugs@lists.sourceforge.net\" -DHELPFILE=\"/ffp/share/gnuplot/4.4/gnuplot.gih\" -DGNUPLOT_X11=\"`echo gnuplot_x11 | sed 's,x,x,'`\" -DXAPPLRESDIR=\"/etc/X11/app-defaults/\" -I/ffp/include  -g -O2 -MT internal.o -MD -MP -MF .deps/internal.Tpo -c -o internal.o internal.c
mv -f .deps/internal.Tpo .deps/internal.Po
gcc -DHAVE_CONFIG_H -I. -I..  -I../term -I../term -DBINDIR=\"/ffp/bin\" -DX11_DRIVER_DIR=\"/ffp/libexec/gnuplot/4.4\" -DGNUPLOT_PS_DIR=\"/ffp/share/gnuplot/4.4/PostScript\" -DGNUPLOT_JS_DIR=\"/ffp/share/gnuplot/4.4/js\" -DGNUPLOT_LUA_DIR=\"/ffp/share/gnuplot/4.4/lua\"  -DCONTACT=\"gnuplot-bugs@lists.sourceforge.net\" -DHELPFILE=\"/ffp/share/gnuplot/4.4/gnuplot.gih\" -DGNUPLOT_X11=\"`echo gnuplot_x11 | sed 's,x,x,'`\" -DXAPPLRESDIR=\"/etc/X11/app-defaults/\" -I/ffp/include  -g -O2 -MT interpol.o -MD -MP -MF .deps/interpol.Tpo -c -o interpol.o interpol.c
mv -f .deps/interpol.Tpo .deps/interpol.Po
gcc -DHAVE_CONFIG_H -I. -I..  -I../term -I../term -DBINDIR=\"/ffp/bin\" -DX11_DRIVER_DIR=\"/ffp/libexec/gnuplot/4.4\" -DGNUPLOT_PS_DIR=\"/ffp/share/gnuplot/4.4/PostScript\" -DGNUPLOT_JS_DIR=\"/ffp/share/gnuplot/4.4/js\" -DGNUPLOT_LUA_DIR=\"/ffp/share/gnuplot/4.4/lua\"  -DCONTACT=\"gnuplot-bugs@lists.sourceforge.net\" -DHELPFILE=\"/ffp/share/gnuplot/4.4/gnuplot.gih\" -DGNUPLOT_X11=\"`echo gnuplot_x11 | sed 's,x,x,'`\" -DXAPPLRESDIR=\"/etc/X11/app-defaults/\" -I/ffp/include  -g -O2 -MT matrix.o -MD -MP -MF .deps/matrix.Tpo -c -o matrix.o matrix.c
mv -f .deps/matrix.Tpo .deps/matrix.Po
gcc -DHAVE_CONFIG_H -I. -I..  -I../term -I../term -DBINDIR=\"/ffp/bin\" -DX11_DRIVER_DIR=\"/ffp/libexec/gnuplot/4.4\" -DGNUPLOT_PS_DIR=\"/ffp/share/gnuplot/4.4/PostScript\" -DGNUPLOT_JS_DIR=\"/ffp/share/gnuplot/4.4/js\" -DGNUPLOT_LUA_DIR=\"/ffp/share/gnuplot/4.4/lua\"  -DCONTACT=\"gnuplot-bugs@lists.sourceforge.net\" -DHELPFILE=\"/ffp/share/gnuplot/4.4/gnuplot.gih\" -DGNUPLOT_X11=\"`echo gnuplot_x11 | sed 's,x,x,'`\" -DXAPPLRESDIR=\"/etc/X11/app-defaults/\" -I/ffp/include  -g -O2 -MT misc.o -MD -MP -MF .deps/misc.Tpo -c -o misc.o misc.c
mv -f .deps/misc.Tpo .deps/misc.Po
gcc -DHAVE_CONFIG_H -I. -I..  -I../term -I../term -DBINDIR=\"/ffp/bin\" -DX11_DRIVER_DIR=\"/ffp/libexec/gnuplot/4.4\" -DGNUPLOT_PS_DIR=\"/ffp/share/gnuplot/4.4/PostScript\" -DGNUPLOT_JS_DIR=\"/ffp/share/gnuplot/4.4/js\" -DGNUPLOT_LUA_DIR=\"/ffp/share/gnuplot/4.4/lua\"  -DCONTACT=\"gnuplot-bugs@lists.sourceforge.net\" -DHELPFILE=\"/ffp/share/gnuplot/4.4/gnuplot.gih\" -DGNUPLOT_X11=\"`echo gnuplot_x11 | sed 's,x,x,'`\" -DXAPPLRESDIR=\"/etc/X11/app-defaults/\" -I/ffp/include  -g -O2 -MT mouse.o -MD -MP -MF .deps/mouse.Tpo -c -o mouse.o mouse.c
mv -f .deps/mouse.Tpo .deps/mouse.Po
gcc -DHAVE_CONFIG_H -I. -I..  -I../term -I../term -DBINDIR=\"/ffp/bin\" -DX11_DRIVER_DIR=\"/ffp/libexec/gnuplot/4.4\" -DGNUPLOT_PS_DIR=\"/ffp/share/gnuplot/4.4/PostScript\" -DGNUPLOT_JS_DIR=\"/ffp/share/gnuplot/4.4/js\" -DGNUPLOT_LUA_DIR=\"/ffp/share/gnuplot/4.4/lua\"  -DCONTACT=\"gnuplot-bugs@lists.sourceforge.net\" -DHELPFILE=\"/ffp/share/gnuplot/4.4/gnuplot.gih\" -DGNUPLOT_X11=\"`echo gnuplot_x11 | sed 's,x,x,'`\" -DXAPPLRESDIR=\"/etc/X11/app-defaults/\" -I/ffp/include  -g -O2 -MT parse.o -MD -MP -MF .deps/parse.Tpo -c -o parse.o parse.c
mv -f .deps/parse.Tpo .deps/parse.Po
gcc -DHAVE_CONFIG_H -I. -I..  -I../term -I../term -DBINDIR=\"/ffp/bin\" -DX11_DRIVER_DIR=\"/ffp/libexec/gnuplot/4.4\" -DGNUPLOT_PS_DIR=\"/ffp/share/gnuplot/4.4/PostScript\" -DGNUPLOT_JS_DIR=\"/ffp/share/gnuplot/4.4/js\" -DGNUPLOT_LUA_DIR=\"/ffp/share/gnuplot/4.4/lua\"  -DCONTACT=\"gnuplot-bugs@lists.sourceforge.net\" -DHELPFILE=\"/ffp/share/gnuplot/4.4/gnuplot.gih\" -DGNUPLOT_X11=\"`echo gnuplot_x11 | sed 's,x,x,'`\" -DXAPPLRESDIR=\"/etc/X11/app-defaults/\" -I/ffp/include  -g -O2 -MT plot.o -MD -MP -MF .deps/plot.Tpo -c -o plot.o plot.c
mv -f .deps/plot.Tpo .deps/plot.Po
gcc -DHAVE_CONFIG_H -I. -I..  -I../term -I../term -DBINDIR=\"/ffp/bin\" -DX11_DRIVER_DIR=\"/ffp/libexec/gnuplot/4.4\" -DGNUPLOT_PS_DIR=\"/ffp/share/gnuplot/4.4/PostScript\" -DGNUPLOT_JS_DIR=\"/ffp/share/gnuplot/4.4/js\" -DGNUPLOT_LUA_DIR=\"/ffp/share/gnuplot/4.4/lua\"  -DCONTACT=\"gnuplot-bugs@lists.sourceforge.net\" -DHELPFILE=\"/ffp/share/gnuplot/4.4/gnuplot.gih\" -DGNUPLOT_X11=\"`echo gnuplot_x11 | sed 's,x,x,'`\" -DXAPPLRESDIR=\"/etc/X11/app-defaults/\" -I/ffp/include  -g -O2 -MT plot2d.o -MD -MP -MF .deps/plot2d.Tpo -c -o plot2d.o plot2d.c
mv -f .deps/plot2d.Tpo .deps/plot2d.Po
gcc -DHAVE_CONFIG_H -I. -I..  -I../term -I../term -DBINDIR=\"/ffp/bin\" -DX11_DRIVER_DIR=\"/ffp/libexec/gnuplot/4.4\" -DGNUPLOT_PS_DIR=\"/ffp/share/gnuplot/4.4/PostScript\" -DGNUPLOT_JS_DIR=\"/ffp/share/gnuplot/4.4/js\" -DGNUPLOT_LUA_DIR=\"/ffp/share/gnuplot/4.4/lua\"  -DCONTACT=\"gnuplot-bugs@lists.sourceforge.net\" -DHELPFILE=\"/ffp/share/gnuplot/4.4/gnuplot.gih\" -DGNUPLOT_X11=\"`echo gnuplot_x11 | sed 's,x,x,'`\" -DXAPPLRESDIR=\"/etc/X11/app-defaults/\" -I/ffp/include  -g -O2 -MT plot3d.o -MD -MP -MF .deps/plot3d.Tpo -c -o plot3d.o plot3d.c
mv -f .deps/plot3d.Tpo .deps/plot3d.Po
gcc -DHAVE_CONFIG_H -I. -I..  -I../term -I../term -DBINDIR=\"/ffp/bin\" -DX11_DRIVER_DIR=\"/ffp/libexec/gnuplot/4.4\" -DGNUPLOT_PS_DIR=\"/ffp/share/gnuplot/4.4/PostScript\" -DGNUPLOT_JS_DIR=\"/ffp/share/gnuplot/4.4/js\" -DGNUPLOT_LUA_DIR=\"/ffp/share/gnuplot/4.4/lua\"  -DCONTACT=\"gnuplot-bugs@lists.sourceforge.net\" -DHELPFILE=\"/ffp/share/gnuplot/4.4/gnuplot.gih\" -DGNUPLOT_X11=\"`echo gnuplot_x11 | sed 's,x,x,'`\" -DXAPPLRESDIR=\"/etc/X11/app-defaults/\" -I/ffp/include  -g -O2 -MT pm3d.o -MD -MP -MF .deps/pm3d.Tpo -c -o pm3d.o pm3d.c
mv -f .deps/pm3d.Tpo .deps/pm3d.Po
gcc -DHAVE_CONFIG_H -I. -I..  -I../term -I../term -DBINDIR=\"/ffp/bin\" -DX11_DRIVER_DIR=\"/ffp/libexec/gnuplot/4.4\" -DGNUPLOT_PS_DIR=\"/ffp/share/gnuplot/4.4/PostScript\" -DGNUPLOT_JS_DIR=\"/ffp/share/gnuplot/4.4/js\" -DGNUPLOT_LUA_DIR=\"/ffp/share/gnuplot/4.4/lua\"  -DCONTACT=\"gnuplot-bugs@lists.sourceforge.net\" -DHELPFILE=\"/ffp/share/gnuplot/4.4/gnuplot.gih\" -DGNUPLOT_X11=\"`echo gnuplot_x11 | sed 's,x,x,'`\" -DXAPPLRESDIR=\"/etc/X11/app-defaults/\" -I/ffp/include  -g -O2 -MT readline.o -MD -MP -MF .deps/readline.Tpo -c -o readline.o readline.c
mv -f .deps/readline.Tpo .deps/readline.Po
gcc -DHAVE_CONFIG_H -I. -I..  -I../term -I../term -DBINDIR=\"/ffp/bin\" -DX11_DRIVER_DIR=\"/ffp/libexec/gnuplot/4.4\" -DGNUPLOT_PS_DIR=\"/ffp/share/gnuplot/4.4/PostScript\" -DGNUPLOT_JS_DIR=\"/ffp/share/gnuplot/4.4/js\" -DGNUPLOT_LUA_DIR=\"/ffp/share/gnuplot/4.4/lua\"  -DCONTACT=\"gnuplot-bugs@lists.sourceforge.net\" -DHELPFILE=\"/ffp/share/gnuplot/4.4/gnuplot.gih\" -DGNUPLOT_X11=\"`echo gnuplot_x11 | sed 's,x,x,'`\" -DXAPPLRESDIR=\"/etc/X11/app-defaults/\" -I/ffp/include  -g -O2 -MT save.o -MD -MP -MF .deps/save.Tpo -c -o save.o save.c
mv -f .deps/save.Tpo .deps/save.Po
gcc -DHAVE_CONFIG_H -I. -I..  -I../term -I../term -DBINDIR=\"/ffp/bin\" -DX11_DRIVER_DIR=\"/ffp/libexec/gnuplot/4.4\" -DGNUPLOT_PS_DIR=\"/ffp/share/gnuplot/4.4/PostScript\" -DGNUPLOT_JS_DIR=\"/ffp/share/gnuplot/4.4/js\" -DGNUPLOT_LUA_DIR=\"/ffp/share/gnuplot/4.4/lua\"  -DCONTACT=\"gnuplot-bugs@lists.sourceforge.net\" -DHELPFILE=\"/ffp/share/gnuplot/4.4/gnuplot.gih\" -DGNUPLOT_X11=\"`echo gnuplot_x11 | sed 's,x,x,'`\" -DXAPPLRESDIR=\"/etc/X11/app-defaults/\" -I/ffp/include  -g -O2 -MT scanner.o -MD -MP -MF .deps/scanner.Tpo -c -o scanner.o scanner.c
mv -f .deps/scanner.Tpo .deps/scanner.Po
gcc -DHAVE_CONFIG_H -I. -I..  -I../term -I../term -DBINDIR=\"/ffp/bin\" -DX11_DRIVER_DIR=\"/ffp/libexec/gnuplot/4.4\" -DGNUPLOT_PS_DIR=\"/ffp/share/gnuplot/4.4/PostScript\" -DGNUPLOT_JS_DIR=\"/ffp/share/gnuplot/4.4/js\" -DGNUPLOT_LUA_DIR=\"/ffp/share/gnuplot/4.4/lua\"  -DCONTACT=\"gnuplot-bugs@lists.sourceforge.net\" -DHELPFILE=\"/ffp/share/gnuplot/4.4/gnuplot.gih\" -DGNUPLOT_X11=\"`echo gnuplot_x11 | sed 's,x,x,'`\" -DXAPPLRESDIR=\"/etc/X11/app-defaults/\" -I/ffp/include  -g -O2 -MT set.o -MD -MP -MF .deps/set.Tpo -c -o set.o set.c
mv -f .deps/set.Tpo .deps/set.Po
gcc -DHAVE_CONFIG_H -I. -I..  -I../term -I../term -DBINDIR=\"/ffp/bin\" -DX11_DRIVER_DIR=\"/ffp/libexec/gnuplot/4.4\" -DGNUPLOT_PS_DIR=\"/ffp/share/gnuplot/4.4/PostScript\" -DGNUPLOT_JS_DIR=\"/ffp/share/gnuplot/4.4/js\" -DGNUPLOT_LUA_DIR=\"/ffp/share/gnuplot/4.4/lua\"  -DCONTACT=\"gnuplot-bugs@lists.sourceforge.net\" -DHELPFILE=\"/ffp/share/gnuplot/4.4/gnuplot.gih\" -DGNUPLOT_X11=\"`echo gnuplot_x11 | sed 's,x,x,'`\" -DXAPPLRESDIR=\"/etc/X11/app-defaults/\" -I/ffp/include  -g -O2 -MT show.o -MD -MP -MF .deps/show.Tpo -c -o show.o show.c
mv -f .deps/show.Tpo .deps/show.Po
gcc -DHAVE_CONFIG_H -I. -I..  -I../term -I../term -DBINDIR=\"/ffp/bin\" -DX11_DRIVER_DIR=\"/ffp/libexec/gnuplot/4.4\" -DGNUPLOT_PS_DIR=\"/ffp/share/gnuplot/4.4/PostScript\" -DGNUPLOT_JS_DIR=\"/ffp/share/gnuplot/4.4/js\" -DGNUPLOT_LUA_DIR=\"/ffp/share/gnuplot/4.4/lua\"  -DCONTACT=\"gnuplot-bugs@lists.sourceforge.net\" -DHELPFILE=\"/ffp/share/gnuplot/4.4/gnuplot.gih\" -DGNUPLOT_X11=\"`echo gnuplot_x11 | sed 's,x,x,'`\" -DXAPPLRESDIR=\"/etc/X11/app-defaults/\" -I/ffp/include  -g -O2 -MT specfun.o -MD -MP -MF .deps/specfun.Tpo -c -o specfun.o specfun.c
mv -f .deps/specfun.Tpo .deps/specfun.Po
gcc -DHAVE_CONFIG_H -I. -I..  -I../term -I../term -DBINDIR=\"/ffp/bin\" -DX11_DRIVER_DIR=\"/ffp/libexec/gnuplot/4.4\" -DGNUPLOT_PS_DIR=\"/ffp/share/gnuplot/4.4/PostScript\" -DGNUPLOT_JS_DIR=\"/ffp/share/gnuplot/4.4/js\" -DGNUPLOT_LUA_DIR=\"/ffp/share/gnuplot/4.4/lua\"  -DCONTACT=\"gnuplot-bugs@lists.sourceforge.net\" -DHELPFILE=\"/ffp/share/gnuplot/4.4/gnuplot.gih\" -DGNUPLOT_X11=\"`echo gnuplot_x11 | sed 's,x,x,'`\" -DXAPPLRESDIR=\"/etc/X11/app-defaults/\" -I/ffp/include  -g -O2 -MT standard.o -MD -MP -MF .deps/standard.Tpo -c -o standard.o standard.c
mv -f .deps/standard.Tpo .deps/standard.Po
gcc -DHAVE_CONFIG_H -I. -I..  -I../term -I../term -DBINDIR=\"/ffp/bin\" -DX11_DRIVER_DIR=\"/ffp/libexec/gnuplot/4.4\" -DGNUPLOT_PS_DIR=\"/ffp/share/gnuplot/4.4/PostScript\" -DGNUPLOT_JS_DIR=\"/ffp/share/gnuplot/4.4/js\" -DGNUPLOT_LUA_DIR=\"/ffp/share/gnuplot/4.4/lua\"  -DCONTACT=\"gnuplot-bugs@lists.sourceforge.net\" -DHELPFILE=\"/ffp/share/gnuplot/4.4/gnuplot.gih\" -DGNUPLOT_X11=\"`echo gnuplot_x11 | sed 's,x,x,'`\" -DXAPPLRESDIR=\"/etc/X11/app-defaults/\" -I/ffp/include  -g -O2 -MT stdfn.o -MD -MP -MF .deps/stdfn.Tpo -c -o stdfn.o stdfn.c
mv -f .deps/stdfn.Tpo .deps/stdfn.Po
gcc -DHAVE_CONFIG_H -I. -I..  -I../term -I../term -DBINDIR=\"/ffp/bin\" -DX11_DRIVER_DIR=\"/ffp/libexec/gnuplot/4.4\" -DGNUPLOT_PS_DIR=\"/ffp/share/gnuplot/4.4/PostScript\" -DGNUPLOT_JS_DIR=\"/ffp/share/gnuplot/4.4/js\" -DGNUPLOT_LUA_DIR=\"/ffp/share/gnuplot/4.4/lua\"  -DCONTACT=\"gnuplot-bugs@lists.sourceforge.net\" -DHELPFILE=\"/ffp/share/gnuplot/4.4/gnuplot.gih\" -DGNUPLOT_X11=\"`echo gnuplot_x11 | sed 's,x,x,'`\" -DXAPPLRESDIR=\"/etc/X11/app-defaults/\" -I/ffp/include  -g -O2 -MT tables.o -MD -MP -MF .deps/tables.Tpo -c -o tables.o tables.c
mv -f .deps/tables.Tpo .deps/tables.Po
gcc -DHAVE_CONFIG_H -I. -I..  -I../term -I../term -DBINDIR=\"/ffp/bin\" -DX11_DRIVER_DIR=\"/ffp/libexec/gnuplot/4.4\" -DGNUPLOT_PS_DIR=\"/ffp/share/gnuplot/4.4/PostScript\" -DGNUPLOT_JS_DIR=\"/ffp/share/gnuplot/4.4/js\" -DGNUPLOT_LUA_DIR=\"/ffp/share/gnuplot/4.4/lua\"  -DCONTACT=\"gnuplot-bugs@lists.sourceforge.net\" -DHELPFILE=\"/ffp/share/gnuplot/4.4/gnuplot.gih\" -DGNUPLOT_X11=\"`echo gnuplot_x11 | sed 's,x,x,'`\" -DXAPPLRESDIR=\"/etc/X11/app-defaults/\" -I/ffp/include  -g -O2 -MT tabulate.o -MD -MP -MF .deps/tabulate.Tpo -c -o tabulate.o tabulate.c
mv -f .deps/tabulate.Tpo .deps/tabulate.Po
gcc -DHAVE_CONFIG_H -I. -I..  -I../term -I../term -DBINDIR=\"/ffp/bin\" -DX11_DRIVER_DIR=\"/ffp/libexec/gnuplot/4.4\" -DGNUPLOT_PS_DIR=\"/ffp/share/gnuplot/4.4/PostScript\" -DGNUPLOT_JS_DIR=\"/ffp/share/gnuplot/4.4/js\" -DGNUPLOT_LUA_DIR=\"/ffp/share/gnuplot/4.4/lua\"  -DCONTACT=\"gnuplot-bugs@lists.sourceforge.net\" -DHELPFILE=\"/ffp/share/gnuplot/4.4/gnuplot.gih\" -DGNUPLOT_X11=\"`echo gnuplot_x11 | sed 's,x,x,'`\" -DXAPPLRESDIR=\"/etc/X11/app-defaults/\" -I/ffp/include  -g -O2 -MT term.o -MD -MP -MF .deps/term.Tpo -c -o term.o term.c
mv -f .deps/term.Tpo .deps/term.Po
gcc -DHAVE_CONFIG_H -I. -I..  -I../term -I../term -DBINDIR=\"/ffp/bin\" -DX11_DRIVER_DIR=\"/ffp/libexec/gnuplot/4.4\" -DGNUPLOT_PS_DIR=\"/ffp/share/gnuplot/4.4/PostScript\" -DGNUPLOT_JS_DIR=\"/ffp/share/gnuplot/4.4/js\" -DGNUPLOT_LUA_DIR=\"/ffp/share/gnuplot/4.4/lua\"  -DCONTACT=\"gnuplot-bugs@lists.sourceforge.net\" -DHELPFILE=\"/ffp/share/gnuplot/4.4/gnuplot.gih\" -DGNUPLOT_X11=\"`echo gnuplot_x11 | sed 's,x,x,'`\" -DXAPPLRESDIR=\"/etc/X11/app-defaults/\" -I/ffp/include  -g -O2 -MT time.o -MD -MP -MF .deps/time.Tpo -c -o time.o time.c
mv -f .deps/time.Tpo .deps/time.Po
gcc -DHAVE_CONFIG_H -I. -I..  -I../term -I../term -DBINDIR=\"/ffp/bin\" -DX11_DRIVER_DIR=\"/ffp/libexec/gnuplot/4.4\" -DGNUPLOT_PS_DIR=\"/ffp/share/gnuplot/4.4/PostScript\" -DGNUPLOT_JS_DIR=\"/ffp/share/gnuplot/4.4/js\" -DGNUPLOT_LUA_DIR=\"/ffp/share/gnuplot/4.4/lua\"  -DCONTACT=\"gnuplot-bugs@lists.sourceforge.net\" -DHELPFILE=\"/ffp/share/gnuplot/4.4/gnuplot.gih\" -DGNUPLOT_X11=\"`echo gnuplot_x11 | sed 's,x,x,'`\" -DXAPPLRESDIR=\"/etc/X11/app-defaults/\" -I/ffp/include  -g -O2 -MT unset.o -MD -MP -MF .deps/unset.Tpo -c -o unset.o unset.c
mv -f .deps/unset.Tpo .deps/unset.Po
gcc -DHAVE_CONFIG_H -I. -I..  -I../term -I../term -DBINDIR=\"/ffp/bin\" -DX11_DRIVER_DIR=\"/ffp/libexec/gnuplot/4.4\" -DGNUPLOT_PS_DIR=\"/ffp/share/gnuplot/4.4/PostScript\" -DGNUPLOT_JS_DIR=\"/ffp/share/gnuplot/4.4/js\" -DGNUPLOT_LUA_DIR=\"/ffp/share/gnuplot/4.4/lua\"  -DCONTACT=\"gnuplot-bugs@lists.sourceforge.net\" -DHELPFILE=\"/ffp/share/gnuplot/4.4/gnuplot.gih\" -DGNUPLOT_X11=\"`echo gnuplot_x11 | sed 's,x,x,'`\" -DXAPPLRESDIR=\"/etc/X11/app-defaults/\" -I/ffp/include  -g -O2 -MT util.o -MD -MP -MF .deps/util.Tpo -c -o util.o util.c
mv -f .deps/util.Tpo .deps/util.Po
gcc -DHAVE_CONFIG_H -I. -I..  -I../term -I../term -DBINDIR=\"/ffp/bin\" -DX11_DRIVER_DIR=\"/ffp/libexec/gnuplot/4.4\" -DGNUPLOT_PS_DIR=\"/ffp/share/gnuplot/4.4/PostScript\" -DGNUPLOT_JS_DIR=\"/ffp/share/gnuplot/4.4/js\" -DGNUPLOT_LUA_DIR=\"/ffp/share/gnuplot/4.4/lua\"  -DCONTACT=\"gnuplot-bugs@lists.sourceforge.net\" -DHELPFILE=\"/ffp/share/gnuplot/4.4/gnuplot.gih\" -DGNUPLOT_X11=\"`echo gnuplot_x11 | sed 's,x,x,'`\" -DXAPPLRESDIR=\"/etc/X11/app-defaults/\" -I/ffp/include  -g -O2 -MT util3d.o -MD -MP -MF .deps/util3d.Tpo -c -o util3d.o util3d.c
mv -f .deps/util3d.Tpo .deps/util3d.Po
gcc -DHAVE_CONFIG_H -I. -I..  -I../term -I../term -DBINDIR=\"/ffp/bin\" -DX11_DRIVER_DIR=\"/ffp/libexec/gnuplot/4.4\" -DGNUPLOT_PS_DIR=\"/ffp/share/gnuplot/4.4/PostScript\" -DGNUPLOT_JS_DIR=\"/ffp/share/gnuplot/4.4/js\" -DGNUPLOT_LUA_DIR=\"/ffp/share/gnuplot/4.4/lua\"  -DCONTACT=\"gnuplot-bugs@lists.sourceforge.net\" -DHELPFILE=\"/ffp/share/gnuplot/4.4/gnuplot.gih\" -DGNUPLOT_X11=\"`echo gnuplot_x11 | sed 's,x,x,'`\" -DXAPPLRESDIR=\"/etc/X11/app-defaults/\" -I/ffp/include  -g -O2 -MT variable.o -MD -MP -MF .deps/variable.Tpo -c -o variable.o variable.c
mv -f .deps/variable.Tpo .deps/variable.Po
gcc -DHAVE_CONFIG_H -I. -I..  -I../term -I../term -DBINDIR=\"/ffp/bin\" -DX11_DRIVER_DIR=\"/ffp/libexec/gnuplot/4.4\" -DGNUPLOT_PS_DIR=\"/ffp/share/gnuplot/4.4/PostScript\" -DGNUPLOT_JS_DIR=\"/ffp/share/gnuplot/4.4/js\" -DGNUPLOT_LUA_DIR=\"/ffp/share/gnuplot/4.4/lua\"  -DCONTACT=\"gnuplot-bugs@lists.sourceforge.net\" -DHELPFILE=\"/ffp/share/gnuplot/4.4/gnuplot.gih\" -DGNUPLOT_X11=\"`echo gnuplot_x11 | sed 's,x,x,'`\" -DXAPPLRESDIR=\"/etc/X11/app-defaults/\" -I/ffp/include  -g -O2 -MT version.o -MD -MP -MF .deps/version.Tpo -c -o version.o version.c
mv -f .deps/version.Tpo .deps/version.Po
g++  -g -O2  -L/ffp/lib -Wl,-rpath,/ffp/lib -L/ffp/lib -L/ffp/lib -L/ffp/lib -Wl,-rpath,/ffp/lib -o gnuplot alloc.o axis.o binary.o breaders.o bitmap.o color.o command.o contour.o datafile.o dynarray.o eval.o fit.o gadgets.o getcolor.o graph3d.o graphics.o help.o hidden3d.o history.o internal.o interpol.o matrix.o misc.o mouse.o parse.o plot.o plot2d.o plot3d.o pm3d.o readline.o save.o scanner.o set.o show.o specfun.o standard.o stdfn.o tables.o tabulate.o term.o time.o unset.o util.o util3d.o variable.o version.o   -lreadline  -lncurses  -lz -lgd -ljpeg -lfontconfig -lfreetype -lpng -lz -lm -liconv -ljpeg -lfreetype -lpng   -lm 
gcc -DHAVE_CONFIG_H -I. -I..  -I../term -I../term -DBINDIR=\"/ffp/bin\" -DX11_DRIVER_DIR=\"/ffp/libexec/gnuplot/4.4\" -DGNUPLOT_PS_DIR=\"/ffp/share/gnuplot/4.4/PostScript\" -DGNUPLOT_JS_DIR=\"/ffp/share/gnuplot/4.4/js\" -DGNUPLOT_LUA_DIR=\"/ffp/share/gnuplot/4.4/lua\"  -DCONTACT=\"gnuplot-bugs@lists.sourceforge.net\" -DHELPFILE=\"/ffp/share/gnuplot/4.4/gnuplot.gih\" -DGNUPLOT_X11=\"`echo gnuplot_x11 | sed 's,x,x,'`\" -DXAPPLRESDIR=\"/etc/X11/app-defaults/\" -I/ffp/include  -g -O2 -MT bf_test.o -MD -MP -MF .deps/bf_test.Tpo -c -o bf_test.o bf_test.c
mv -f .deps/bf_test.Tpo .deps/bf_test.Po
gcc  -g -O2  -L/ffp/lib -Wl,-rpath,/ffp/lib -L/ffp/lib -L/ffp/lib -L/ffp/lib -Wl,-rpath,/ffp/lib -o bf_test bf_test.o binary.o alloc.o  -lm 
make[3]: Leaving directory `/tmp/gnuplot.PtWLbI/gnuplot-4.4.4/src'
make[2]: Leaving directory `/tmp/gnuplot.PtWLbI/gnuplot-4.4.4/src'
Making all in docs
make[2]: Entering directory `/tmp/gnuplot.PtWLbI/gnuplot-4.4.4/docs'
gcc -DHAVE_CONFIG_H -I. -I. -I.. -I.. -I../src -I../term -I/ffp/include -g -O2 -c doc2gih.c
gcc -DHAVE_CONFIG_H -I. -I. -I.. -I.. -I../src -I../term -I/ffp/include -g -O2 -c termdoc.c
gcc -g -O2 -L/ffp/lib -Wl,-rpath,/ffp/lib -L/ffp/lib -L/ffp/lib -L/ffp/lib -Wl,-rpath,/ffp/lib -o doc2gih doc2gih.o termdoc.o -lm 
./doc2gih ./gnuplot.doc gnuplot.gih
make[2]: Leaving directory `/tmp/gnuplot.PtWLbI/gnuplot-4.4.4/docs'
Making all in lisp
make[2]: Entering directory `/tmp/gnuplot.PtWLbI/gnuplot-4.4.4/lisp'
make[2]: Nothing to be done for `all'.
make[2]: Leaving directory `/tmp/gnuplot.PtWLbI/gnuplot-4.4.4/lisp'
Making all in man
make[2]: Entering directory `/tmp/gnuplot.PtWLbI/gnuplot-4.4.4/man'
make[2]: Nothing to be done for `all'.
make[2]: Leaving directory `/tmp/gnuplot.PtWLbI/gnuplot-4.4.4/man'
Making all in demo
make[2]: Entering directory `/tmp/gnuplot.PtWLbI/gnuplot-4.4.4/demo'
Creating binary data files
make[2]: Leaving directory `/tmp/gnuplot.PtWLbI/gnuplot-4.4.4/demo'
Making all in tutorial
make[2]: Entering directory `/tmp/gnuplot.PtWLbI/gnuplot-4.4.4/tutorial'
make[2]: Nothing to be done for `all'.
make[2]: Leaving directory `/tmp/gnuplot.PtWLbI/gnuplot-4.4.4/tutorial'
Making all in share
make[2]: Entering directory `/tmp/gnuplot.PtWLbI/gnuplot-4.4.4/share'
make[3]: Entering directory `/tmp/gnuplot.PtWLbI/gnuplot-4.4.4/share'
make[3]: Nothing to be done for `all-am'.
make[3]: Leaving directory `/tmp/gnuplot.PtWLbI/gnuplot-4.4.4/share'
make[2]: Leaving directory `/tmp/gnuplot.PtWLbI/gnuplot-4.4.4/share'
make[2]: Entering directory `/tmp/gnuplot.PtWLbI/gnuplot-4.4.4'
make[2]: Nothing to be done for `all-am'.
make[2]: Leaving directory `/tmp/gnuplot.PtWLbI/gnuplot-4.4.4'
make[1]: Leaving directory `/tmp/gnuplot.PtWLbI/gnuplot-4.4.4'
+ make DESTDIR=/tmp/gnuplot.PtWLbI/pkg install
Making install in config
make[1]: Entering directory `/tmp/gnuplot.PtWLbI/gnuplot-4.4.4/config'
make[2]: Entering directory `/tmp/gnuplot.PtWLbI/gnuplot-4.4.4/config'
make[2]: Nothing to be done for `install-exec-am'.
make[2]: Nothing to be done for `install-data-am'.
make[2]: Leaving directory `/tmp/gnuplot.PtWLbI/gnuplot-4.4.4/config'
make[1]: Leaving directory `/tmp/gnuplot.PtWLbI/gnuplot-4.4.4/config'
Making install in m4
make[1]: Entering directory `/tmp/gnuplot.PtWLbI/gnuplot-4.4.4/m4'
make[2]: Entering directory `/tmp/gnuplot.PtWLbI/gnuplot-4.4.4/m4'
make[2]: Nothing to be done for `install-exec-am'.
make[2]: Nothing to be done for `install-data-am'.
make[2]: Leaving directory `/tmp/gnuplot.PtWLbI/gnuplot-4.4.4/m4'
make[1]: Leaving directory `/tmp/gnuplot.PtWLbI/gnuplot-4.4.4/m4'
Making install in term
make[1]: Entering directory `/tmp/gnuplot.PtWLbI/gnuplot-4.4.4/term'
make[2]: Entering directory `/tmp/gnuplot.PtWLbI/gnuplot-4.4.4/term'
make[2]: Nothing to be done for `install-exec-am'.
test -z "/ffp/share/gnuplot/4.4/js" || /ffp/bin/mkdir -p "/tmp/gnuplot.PtWLbI/pkg/ffp/share/gnuplot/4.4/js"
 /ffp/bin/install -c -m 644 js/canvasmath.js js/canvastext.js js/gnuplot_common.js js/gnuplot_mouse.js js/grid.png js/help.png js/nextzoom.png js/previouszoom.png js/textzoom.png js/gnuplot_mouse.css js/README '/tmp/gnuplot.PtWLbI/pkg/ffp/share/gnuplot/4.4/js'
test -z "/ffp/share/gnuplot/4.4/lua" || /ffp/bin/mkdir -p "/tmp/gnuplot.PtWLbI/pkg/ffp/share/gnuplot/4.4/lua"
 /ffp/bin/install -c -m 644 lua/gnuplot-tikz.lua '/tmp/gnuplot.PtWLbI/pkg/ffp/share/gnuplot/4.4/lua'
test -z "/ffp/share/gnuplot/4.4/PostScript" || /ffp/bin/mkdir -p "/tmp/gnuplot.PtWLbI/pkg/ffp/share/gnuplot/4.4/PostScript"
 /ffp/bin/install -c -m 644 PostScript/8859-15.ps PostScript/8859-1.ps PostScript/8859-2.ps PostScript/8859-9.ps PostScript/cp1250.ps PostScript/cp1251.ps PostScript/cp437.ps PostScript/cp850.ps PostScript/cp852.ps PostScript/koi8r.ps PostScript/koi8u.ps PostScript/prologue.ps PostScript/utf-8.ps PostScript/aglfn.txt '/tmp/gnuplot.PtWLbI/pkg/ffp/share/gnuplot/4.4/PostScript'
make[2]: Leaving directory `/tmp/gnuplot.PtWLbI/gnuplot-4.4.4/term'
make[1]: Leaving directory `/tmp/gnuplot.PtWLbI/gnuplot-4.4.4/term'
Making install in src
make[1]: Entering directory `/tmp/gnuplot.PtWLbI/gnuplot-4.4.4/src'
Making install in wxterminal
make[2]: Entering directory `/tmp/gnuplot.PtWLbI/gnuplot-4.4.4/src/wxterminal'
make[3]: Entering directory `/tmp/gnuplot.PtWLbI/gnuplot-4.4.4/src/wxterminal'
make[3]: Nothing to be done for `install-exec-am'.
make[3]: Nothing to be done for `install-data-am'.
make[3]: Leaving directory `/tmp/gnuplot.PtWLbI/gnuplot-4.4.4/src/wxterminal'
make[2]: Leaving directory `/tmp/gnuplot.PtWLbI/gnuplot-4.4.4/src/wxterminal'
make[2]: Entering directory `/tmp/gnuplot.PtWLbI/gnuplot-4.4.4/src'
make[3]: Entering directory `/tmp/gnuplot.PtWLbI/gnuplot-4.4.4/src'
test -z "/ffp/bin" || /ffp/bin/mkdir -p "/tmp/gnuplot.PtWLbI/pkg/ffp/bin"
  /ffp/bin/install -c gnuplot '/tmp/gnuplot.PtWLbI/pkg/ffp/bin'
test -z "/ffp/libexec/gnuplot/4.4" || /ffp/bin/mkdir -p "/tmp/gnuplot.PtWLbI/pkg/ffp/libexec/gnuplot/4.4"
make[3]: Nothing to be done for `install-data-am'.
make[3]: Leaving directory `/tmp/gnuplot.PtWLbI/gnuplot-4.4.4/src'
make[2]: Leaving directory `/tmp/gnuplot.PtWLbI/gnuplot-4.4.4/src'
make[1]: Leaving directory `/tmp/gnuplot.PtWLbI/gnuplot-4.4.4/src'
Making install in docs
make[1]: Entering directory `/tmp/gnuplot.PtWLbI/gnuplot-4.4.4/docs'
../mkinstalldirs /tmp/gnuplot.PtWLbI/pkg/ffp/share/gnuplot/4.4
/ffp/bin/install -c -m 644 gnuplot.gih /tmp/gnuplot.PtWLbI/pkg/ffp/share/gnuplot/4.4/gnuplot.gih
Creating texinfo
No emacs found - cannot create texinfo file
/bin/sh /tmp/gnuplot.PtWLbI/gnuplot-4.4.4/missing --run makeinfo -I. ./gnuplot.texi --no-split --output=gnuplot.info
/tmp/gnuplot.PtWLbI/gnuplot-4.4.4/missing: line 103: makeinfo: not found
WARNING: `makeinfo' is missing on your system.  You should only need it if
         you modified a `.texi' or `.texinfo' file, or any other file
         indirectly affecting the aspect of the manual.  The spurious
         call might also be the consequence of using a buggy `make' (AIX,
         DU, IRIX).  You might want to install the `Texinfo' package or
         the `GNU make' package.  Grab either from any GNU archive site.
../mkinstalldirs /tmp/gnuplot.PtWLbI/pkg/ffp/share/info
mkdir -p -- /tmp/gnuplot.PtWLbI/pkg/ffp/share/info
/ffp/bin/install -c -m 644 gnuplot.info /tmp/gnuplot.PtWLbI/pkg/ffp/share/info/gnuplot.info
make[1]: Leaving directory `/tmp/gnuplot.PtWLbI/gnuplot-4.4.4/docs'
Making install in lisp
make[1]: Entering directory `/tmp/gnuplot.PtWLbI/gnuplot-4.4.4/lisp'
make[2]: Entering directory `/tmp/gnuplot.PtWLbI/gnuplot-4.4.4/lisp'
make[2]: Nothing to be done for `install-exec-am'.
make  install-data-hook
make[3]: Entering directory `/tmp/gnuplot.PtWLbI/gnuplot-4.4.4/lisp'
make[3]: Nothing to be done for `install-data-hook'.
make[3]: Leaving directory `/tmp/gnuplot.PtWLbI/gnuplot-4.4.4/lisp'
make[2]: Leaving directory `/tmp/gnuplot.PtWLbI/gnuplot-4.4.4/lisp'
make[1]: Leaving directory `/tmp/gnuplot.PtWLbI/gnuplot-4.4.4/lisp'
Making install in man
make[1]: Entering directory `/tmp/gnuplot.PtWLbI/gnuplot-4.4.4/man'
make[2]: Entering directory `/tmp/gnuplot.PtWLbI/gnuplot-4.4.4/man'
make[2]: Nothing to be done for `install-exec-am'.
test -z "/ffp/share/man/man1" || /ffp/bin/mkdir -p "/tmp/gnuplot.PtWLbI/pkg/ffp/share/man/man1"
 /ffp/bin/install -c -m 644 gnuplot.1 '/tmp/gnuplot.PtWLbI/pkg/ffp/share/man/man1'
make  install-data-hook
make[3]: Entering directory `/tmp/gnuplot.PtWLbI/gnuplot-4.4.4/man'
make[3]: Nothing to be done for `install-data-hook'.
make[3]: Leaving directory `/tmp/gnuplot.PtWLbI/gnuplot-4.4.4/man'
make[2]: Leaving directory `/tmp/gnuplot.PtWLbI/gnuplot-4.4.4/man'
make[1]: Leaving directory `/tmp/gnuplot.PtWLbI/gnuplot-4.4.4/man'
Making install in demo
make[1]: Entering directory `/tmp/gnuplot.PtWLbI/gnuplot-4.4.4/demo'
make[2]: Entering directory `/tmp/gnuplot.PtWLbI/gnuplot-4.4.4/demo'
make[2]: Nothing to be done for `install-exec-am'.
make[2]: Nothing to be done for `install-data-am'.
make[2]: Leaving directory `/tmp/gnuplot.PtWLbI/gnuplot-4.4.4/demo'
make[1]: Leaving directory `/tmp/gnuplot.PtWLbI/gnuplot-4.4.4/demo'
Making install in tutorial
make[1]: Entering directory `/tmp/gnuplot.PtWLbI/gnuplot-4.4.4/tutorial'
make[2]: Entering directory `/tmp/gnuplot.PtWLbI/gnuplot-4.4.4/tutorial'
make[2]: Nothing to be done for `install-exec-am'.
make[2]: Nothing to be done for `install-data-am'.
make[2]: Leaving directory `/tmp/gnuplot.PtWLbI/gnuplot-4.4.4/tutorial'
make[1]: Leaving directory `/tmp/gnuplot.PtWLbI/gnuplot-4.4.4/tutorial'
Making install in share
make[1]: Entering directory `/tmp/gnuplot.PtWLbI/gnuplot-4.4.4/share'
make[2]: Entering directory `/tmp/gnuplot.PtWLbI/gnuplot-4.4.4/share'
make[3]: Entering directory `/tmp/gnuplot.PtWLbI/gnuplot-4.4.4/share'
make[3]: Nothing to be done for `install-exec-am'.
test -z "/ffp/share/gnuplot/4.4/app-defaults" || /ffp/bin/mkdir -p "/tmp/gnuplot.PtWLbI/pkg/ffp/share/gnuplot/4.4/app-defaults"
make[3]: Leaving directory `/tmp/gnuplot.PtWLbI/gnuplot-4.4.4/share'
make[2]: Leaving directory `/tmp/gnuplot.PtWLbI/gnuplot-4.4.4/share'
make[1]: Leaving directory `/tmp/gnuplot.PtWLbI/gnuplot-4.4.4/share'
make[1]: Entering directory `/tmp/gnuplot.PtWLbI/gnuplot-4.4.4'
make[2]: Entering directory `/tmp/gnuplot.PtWLbI/gnuplot-4.4.4'
make[2]: Nothing to be done for `install-exec-am'.
make[2]: Nothing to be done for `install-data-am'.
make[2]: Leaving directory `/tmp/gnuplot.PtWLbI/gnuplot-4.4.4'
make[1]: Leaving directory `/tmp/gnuplot.PtWLbI/gnuplot-4.4.4'
+ mkdir -p /tmp/gnuplot.PtWLbI/pkg/install
+ cp /ffp/home/root/src/gnuplot/DESCR /ffp/home/root/src/gnuplot/HOMEPAGE /tmp/gnuplot.PtWLbI/pkg/install/
+ cd /tmp/gnuplot.PtWLbI/pkg
+ makepkg gnuplot 4.4.4 2
Creating /tmp/gnuplot-4.4.4-arm-2.tar ...
