++ basename ./protobuf.funpkg .funpkg
+ PN=protobuf
++ ls protobuf-2.4.1.tar.bz2
++ egrep -o '[0-9][0-9.]*[0-9]'
+ PV=2.4.1
+ PR=1
+ . ./config.ffp
++ GNU_HOST=
++ GNU_TARGET=
++ FFP_CFLAGS='-I/ffp/include -O2'
++ FFP_LDFLAGS='-L/ffp/lib -Wl,-rpath,/ffp/lib'
++ '[' '!' -d '' ']'
++ TMPDIR=/tmp
++ export TMPDIR
++ mandir=/ffp/share/man
++ infodir=/ffp/share/info
++ docdir=/ffp/share/doc
++ pwd
+ X=/ffp/home/root/fun_plug/src/protobuf
++ mktemp -t -d protobuf.XXXXXX
+ W=/tmp/protobuf.qhxh2N
+ D=/tmp/protobuf.qhxh2N/pkg
+ cd /tmp/protobuf.qhxh2N
+ tar xf /ffp/home/root/fun_plug/src/protobuf/protobuf-2.4.1.tar.bz2
+ cd protobuf-2.4.1
+ LDFLAGS='-L/ffp/lib -Wl,-rpath,/ffp/lib'
+ ./configure --prefix=/ffp --build= --host= --mandir=/ffp/share/man --infodir=/ffp/share/info
checking build system type... armv5tejl-unknown-linux-gnueabi
checking host system type... armv5tejl-unknown-linux-gnueabi
checking target system type... armv5tejl-unknown-linux-gnueabi
checking for a BSD-compatible install... /ffp/bin/install -c
checking whether build environment is sane... yes
checking for a thread-safe mkdir -p... /ffp/bin/mkdir -p
checking for gawk... gawk
checking whether make sets $(MAKE)... yes
checking for gcc... gcc
checking whether the C compiler works... yes
checking for C compiler default output file name... a.out
checking for suffix of executables... 
checking whether we are cross compiling... no
checking for suffix of object files... o
checking whether we are using the GNU C compiler... yes
checking whether gcc accepts -g... yes
checking for gcc option to accept ISO C89... none needed
checking for style of include used by make... GNU
checking dependency style of gcc... gcc3
checking for g++... g++
checking whether we are using the GNU C++ compiler... yes
checking whether g++ accepts -g... yes
checking dependency style of g++... gcc3
checking how to run the C++ preprocessor... g++ -E
checking for grep that handles long lines and -e... /ffp/bin/grep
checking for egrep... /ffp/bin/grep -E
checking for ANSI C header files... yes
checking for sys/types.h... yes
checking for sys/stat.h... yes
checking for stdlib.h... yes
checking for string.h... yes
checking for memory.h... yes
checking for strings.h... yes
checking for inttypes.h... yes
checking for stdint.h... yes
checking for unistd.h... yes
checking minix/config.h usability... no
checking minix/config.h presence... no
checking for minix/config.h... no
checking whether it is safe to define __EXTENSIONS__... yes
checking C++ compiler flags...... use default: -O2  -g -DNDEBUG
checking whether __SUNPRO_CC is declared... no
checking for a sed that does not truncate output... /ffp/bin/sed
checking for fgrep... /ffp/bin/grep -F
checking for ld used by gcc... /ffp/bin/ld
checking if the linker (/ffp/bin/ld) is GNU ld... yes
checking for BSD- or MS-compatible name lister (nm)... /ffp/bin/nm -B
checking the name lister (/ffp/bin/nm -B) interface... BSD nm
checking whether ln -s works... yes
checking the maximum length of command line arguments... 1572864
checking whether the shell understands some XSI constructs... yes
checking whether the shell understands "+="... yes
checking for /ffp/bin/ld option to reload object files... -r
checking for objdump... objdump
checking how to recognize dependent libraries... pass_all
checking for ar... ar
checking for strip... strip
checking for ranlib... ranlib
checking command to parse /ffp/bin/nm -B output from gcc object... ok
checking for dlfcn.h... yes
checking whether we are using the GNU C++ compiler... (cached) yes
checking whether g++ accepts -g... (cached) yes
checking dependency style of g++... (cached) gcc3
checking how to run the C++ preprocessor... g++ -E
checking for objdir... .libs
checking if gcc supports -fno-rtti -fno-exceptions... no
checking for gcc option to produce PIC... -fPIC -DPIC
checking if gcc PIC flag -fPIC -DPIC works... yes
checking if gcc static flag -static works... yes
checking if gcc supports -c -o file.o... yes
checking if gcc supports -c -o file.o... (cached) yes
checking whether the gcc linker (/ffp/bin/ld) supports shared libraries... yes
checking whether -lc should be explicitly linked in... no
checking dynamic linker characteristics... GNU/Linux ld.so
checking how to hardcode library paths into programs... immediate
checking whether stripping libraries is possible... yes
checking if libtool supports shared libraries... yes
checking whether to build shared libraries... yes
checking whether to build static libraries... yes
checking for ld used by g++... /ffp/bin/ld
checking if the linker (/ffp/bin/ld) is GNU ld... yes
checking whether the g++ linker (/ffp/bin/ld) supports shared libraries... yes
checking for g++ option to produce PIC... -fPIC -DPIC
checking if g++ PIC flag -fPIC -DPIC works... yes
checking if g++ static flag -static works... yes
checking if g++ supports -c -o file.o... yes
checking if g++ supports -c -o file.o... (cached) yes
checking whether the g++ linker (/ffp/bin/ld) supports shared libraries... yes
checking dynamic linker characteristics... GNU/Linux ld.so
checking how to hardcode library paths into programs... immediate
checking for ANSI C header files... (cached) yes
checking fcntl.h usability... yes
checking fcntl.h presence... yes
checking for fcntl.h... yes
checking for inttypes.h... (cached) yes
checking limits.h usability... yes
checking limits.h presence... yes
checking for limits.h... yes
checking for stdlib.h... (cached) yes
checking for unistd.h... (cached) yes
checking for working memcmp... yes
checking for working strtod... yes
checking for ftruncate... yes
checking for memset... yes
checking for mkdir... yes
checking for strchr... yes
checking for strerror... yes
checking for strtol... yes
checking zlib version... ok (1.2.0.4 or later)
checking for library containing zlibVersion... -lz
checking for the pthreads library -lpthreads... no
checking whether pthreads work without any flags... no
checking whether pthreads work with -Kthread... no
checking whether pthreads work with -kthread... no
checking for the pthreads library -llthread... no
checking whether pthreads work with -pthread... yes
checking for joinable pthread attribute... PTHREAD_CREATE_JOINABLE
checking if more special flags are required for pthreads... no
checking whether to check for GCC pthread/shared inconsistencies... yes
checking whether -pthread is sufficient with -shared... yes
checking whether what we have so far is sufficient with -nostdlib... no
checking whether -lpthread saves the day... yes
checking the location of hash_map... <tr1/unordered_map>
configure: creating ./config.status
config.status: creating Makefile
config.status: creating src/Makefile
config.status: creating protobuf.pc
config.status: creating protobuf-lite.pc
config.status: creating config.h
config.status: executing depfiles commands
config.status: executing libtool commands
=== configuring in gtest (/tmp/protobuf.qhxh2N/protobuf-2.4.1/gtest)
configure: running /ffp/bin/sh ./configure --disable-option-checking '--prefix=/ffp'  '--build=' '--host=' '--mandir=/ffp/share/man' '--infodir=/ffp/share/info' 'build_alias=' 'host_alias=' 'LDFLAGS=-L/ffp/lib -Wl,-rpath,/ffp/lib' --cache-file=/dev/null --srcdir=.
checking for a BSD-compatible install... /ffp/bin/install -c
checking whether build environment is sane... yes
checking for a thread-safe mkdir -p... /ffp/bin/mkdir -p
checking for gawk... gawk
checking whether make sets $(MAKE)... yes
checking for gcc... gcc
checking whether the C compiler works... yes
checking for C compiler default output file name... a.out
checking for suffix of executables... 
checking whether we are cross compiling... no
checking for suffix of object files... o
checking whether we are using the GNU C compiler... yes
checking whether gcc accepts -g... yes
checking for gcc option to accept ISO C89... none needed
checking for style of include used by make... GNU
checking dependency style of gcc... gcc3
checking for g++... g++
checking whether we are using the GNU C++ compiler... yes
checking whether g++ accepts -g... yes
checking dependency style of g++... gcc3
checking build system type... armv5tejl-unknown-linux-gnueabi
checking host system type... armv5tejl-unknown-linux-gnueabi
checking for a sed that does not truncate output... /ffp/bin/sed
checking for grep that handles long lines and -e... /ffp/bin/grep
checking for egrep... /ffp/bin/grep -E
checking for fgrep... /ffp/bin/grep -F
checking for ld used by gcc... /ffp/bin/ld
checking if the linker (/ffp/bin/ld) is GNU ld... yes
checking for BSD- or MS-compatible name lister (nm)... /ffp/bin/nm -B
checking the name lister (/ffp/bin/nm -B) interface... BSD nm
checking whether ln -s works... yes
checking the maximum length of command line arguments... 1572864
checking whether the shell understands some XSI constructs... yes
checking whether the shell understands "+="... yes
checking for /ffp/bin/ld option to reload object files... -r
checking for objdump... objdump
checking how to recognize dependent libraries... pass_all
checking for ar... ar
checking for strip... strip
checking for ranlib... ranlib
checking command to parse /ffp/bin/nm -B output from gcc object... ok
checking how to run the C preprocessor... gcc -E
checking for ANSI C header files... yes
checking for sys/types.h... yes
checking for sys/stat.h... yes
checking for stdlib.h... yes
checking for string.h... yes
checking for memory.h... yes
checking for strings.h... yes
checking for inttypes.h... yes
checking for stdint.h... yes
checking for unistd.h... yes
checking for dlfcn.h... yes
checking whether we are using the GNU C++ compiler... (cached) yes
checking whether g++ accepts -g... (cached) yes
checking dependency style of g++... (cached) gcc3
checking how to run the C++ preprocessor... g++ -E
checking for objdir... .libs
checking if gcc supports -fno-rtti -fno-exceptions... no
checking for gcc option to produce PIC... -fPIC -DPIC
checking if gcc PIC flag -fPIC -DPIC works... yes
checking if gcc static flag -static works... yes
checking if gcc supports -c -o file.o... yes
checking if gcc supports -c -o file.o... (cached) yes
checking whether the gcc linker (/ffp/bin/ld) supports shared libraries... yes
checking whether -lc should be explicitly linked in... no
checking dynamic linker characteristics... GNU/Linux ld.so
checking how to hardcode library paths into programs... immediate
checking whether stripping libraries is possible... yes
checking if libtool supports shared libraries... yes
checking whether to build shared libraries... yes
checking whether to build static libraries... yes
checking for ld used by g++... /ffp/bin/ld
checking if the linker (/ffp/bin/ld) is GNU ld... yes
checking whether the g++ linker (/ffp/bin/ld) supports shared libraries... yes
checking for g++ option to produce PIC... -fPIC -DPIC
checking if g++ PIC flag -fPIC -DPIC works... yes
checking if g++ static flag -static works... yes
checking if g++ supports -c -o file.o... yes
checking if g++ supports -c -o file.o... (cached) yes
checking whether the g++ linker (/ffp/bin/ld) supports shared libraries... yes
checking dynamic linker characteristics... GNU/Linux ld.so
checking how to hardcode library paths into programs... immediate
checking for python... /ffp/bin/python
checking for the pthreads library -lpthreads... no
checking whether pthreads work without any flags... no
checking whether pthreads work with -Kthread... no
checking whether pthreads work with -kthread... no
checking for the pthreads library -llthread... no
checking whether pthreads work with -pthread... yes
checking for joinable pthread attribute... PTHREAD_CREATE_JOINABLE
checking if more special flags are required for pthreads... no
checking whether to check for GCC pthread/shared inconsistencies... yes
checking whether -pthread is sufficient with -shared... yes
configure: creating ./config.status
config.status: creating Makefile
config.status: creating scripts/gtest-config
config.status: creating build-aux/config.h
config.status: executing depfiles commands
config.status: executing libtool commands
+ make
make  all-recursive
make[1]: Entering directory `/tmp/protobuf.qhxh2N/protobuf-2.4.1'
Making all in .
make[2]: Entering directory `/tmp/protobuf.qhxh2N/protobuf-2.4.1'
make[2]: Nothing to be done for `all-am'.
make[2]: Leaving directory `/tmp/protobuf.qhxh2N/protobuf-2.4.1'
Making all in src
make[2]: Entering directory `/tmp/protobuf.qhxh2N/protobuf-2.4.1/src'
g++ -DHAVE_CONFIG_H -I. -I..    -pthread -Wall -Wwrite-strings -Woverloaded-virtual -Wno-sign-compare -O2 -g -DNDEBUG -MT main.o -MD -MP -MF .deps/main.Tpo -c -o main.o `test -f 'google/protobuf/compiler/main.cc' || echo './'`google/protobuf/compiler/main.cc
mv -f .deps/main.Tpo .deps/main.Po
/ffp/bin/sh ../libtool  --tag=CXX   --mode=compile g++ -DHAVE_CONFIG_H -I. -I..    -pthread -Wall -Wwrite-strings -Woverloaded-virtual -Wno-sign-compare -O2 -g -DNDEBUG -MT common.lo -MD -MP -MF .deps/common.Tpo -c -o common.lo `test -f 'google/protobuf/stubs/common.cc' || echo './'`google/protobuf/stubs/common.cc
libtool: compile:  g++ -DHAVE_CONFIG_H -I. -I.. -pthread -Wall -Wwrite-strings -Woverloaded-virtual -Wno-sign-compare -O2 -g -DNDEBUG -MT common.lo -MD -MP -MF .deps/common.Tpo -c google/protobuf/stubs/common.cc  -fPIC -DPIC -o .libs/common.o
libtool: compile:  g++ -DHAVE_CONFIG_H -I. -I.. -pthread -Wall -Wwrite-strings -Woverloaded-virtual -Wno-sign-compare -O2 -g -DNDEBUG -MT common.lo -MD -MP -MF .deps/common.Tpo -c google/protobuf/stubs/common.cc -o common.o >/dev/null 2>&1
mv -f .deps/common.Tpo .deps/common.Plo
/ffp/bin/sh ../libtool  --tag=CXX   --mode=compile g++ -DHAVE_CONFIG_H -I. -I..    -pthread -Wall -Wwrite-strings -Woverloaded-virtual -Wno-sign-compare -O2 -g -DNDEBUG -MT once.lo -MD -MP -MF .deps/once.Tpo -c -o once.lo `test -f 'google/protobuf/stubs/once.cc' || echo './'`google/protobuf/stubs/once.cc
libtool: compile:  g++ -DHAVE_CONFIG_H -I. -I.. -pthread -Wall -Wwrite-strings -Woverloaded-virtual -Wno-sign-compare -O2 -g -DNDEBUG -MT once.lo -MD -MP -MF .deps/once.Tpo -c google/protobuf/stubs/once.cc  -fPIC -DPIC -o .libs/once.o
libtool: compile:  g++ -DHAVE_CONFIG_H -I. -I.. -pthread -Wall -Wwrite-strings -Woverloaded-virtual -Wno-sign-compare -O2 -g -DNDEBUG -MT once.lo -MD -MP -MF .deps/once.Tpo -c google/protobuf/stubs/once.cc -o once.o >/dev/null 2>&1
mv -f .deps/once.Tpo .deps/once.Plo
/ffp/bin/sh ../libtool  --tag=CXX   --mode=compile g++ -DHAVE_CONFIG_H -I. -I..    -pthread -Wall -Wwrite-strings -Woverloaded-virtual -Wno-sign-compare -O2 -g -DNDEBUG -MT extension_set.lo -MD -MP -MF .deps/extension_set.Tpo -c -o extension_set.lo `test -f 'google/protobuf/extension_set.cc' || echo './'`google/protobuf/extension_set.cc
libtool: compile:  g++ -DHAVE_CONFIG_H -I. -I.. -pthread -Wall -Wwrite-strings -Woverloaded-virtual -Wno-sign-compare -O2 -g -DNDEBUG -MT extension_set.lo -MD -MP -MF .deps/extension_set.Tpo -c google/protobuf/extension_set.cc  -fPIC -DPIC -o .libs/extension_set.o
libtool: compile:  g++ -DHAVE_CONFIG_H -I. -I.. -pthread -Wall -Wwrite-strings -Woverloaded-virtual -Wno-sign-compare -O2 -g -DNDEBUG -MT extension_set.lo -MD -MP -MF .deps/extension_set.Tpo -c google/protobuf/extension_set.cc -o extension_set.o >/dev/null 2>&1
mv -f .deps/extension_set.Tpo .deps/extension_set.Plo
/ffp/bin/sh ../libtool  --tag=CXX   --mode=compile g++ -DHAVE_CONFIG_H -I. -I..    -pthread -Wall -Wwrite-strings -Woverloaded-virtual -Wno-sign-compare -O2 -g -DNDEBUG -MT generated_message_util.lo -MD -MP -MF .deps/generated_message_util.Tpo -c -o generated_message_util.lo `test -f 'google/protobuf/generated_message_util.cc' || echo './'`google/protobuf/generated_message_util.cc
libtool: compile:  g++ -DHAVE_CONFIG_H -I. -I.. -pthread -Wall -Wwrite-strings -Woverloaded-virtual -Wno-sign-compare -O2 -g -DNDEBUG -MT generated_message_util.lo -MD -MP -MF .deps/generated_message_util.Tpo -c google/protobuf/generated_message_util.cc  -fPIC -DPIC -o .libs/generated_message_util.o
libtool: compile:  g++ -DHAVE_CONFIG_H -I. -I.. -pthread -Wall -Wwrite-strings -Woverloaded-virtual -Wno-sign-compare -O2 -g -DNDEBUG -MT generated_message_util.lo -MD -MP -MF .deps/generated_message_util.Tpo -c google/protobuf/generated_message_util.cc -o generated_message_util.o >/dev/null 2>&1
mv -f .deps/generated_message_util.Tpo .deps/generated_message_util.Plo
/ffp/bin/sh ../libtool  --tag=CXX   --mode=compile g++ -DHAVE_CONFIG_H -I. -I..    -pthread -Wall -Wwrite-strings -Woverloaded-virtual -Wno-sign-compare -O2 -g -DNDEBUG -MT message_lite.lo -MD -MP -MF .deps/message_lite.Tpo -c -o message_lite.lo `test -f 'google/protobuf/message_lite.cc' || echo './'`google/protobuf/message_lite.cc
libtool: compile:  g++ -DHAVE_CONFIG_H -I. -I.. -pthread -Wall -Wwrite-strings -Woverloaded-virtual -Wno-sign-compare -O2 -g -DNDEBUG -MT message_lite.lo -MD -MP -MF .deps/message_lite.Tpo -c google/protobuf/message_lite.cc  -fPIC -DPIC -o .libs/message_lite.o
libtool: compile:  g++ -DHAVE_CONFIG_H -I. -I.. -pthread -Wall -Wwrite-strings -Woverloaded-virtual -Wno-sign-compare -O2 -g -DNDEBUG -MT message_lite.lo -MD -MP -MF .deps/message_lite.Tpo -c google/protobuf/message_lite.cc -o message_lite.o >/dev/null 2>&1
mv -f .deps/message_lite.Tpo .deps/message_lite.Plo
/ffp/bin/sh ../libtool  --tag=CXX   --mode=compile g++ -DHAVE_CONFIG_H -I. -I..    -pthread -Wall -Wwrite-strings -Woverloaded-virtual -Wno-sign-compare -O2 -g -DNDEBUG -MT repeated_field.lo -MD -MP -MF .deps/repeated_field.Tpo -c -o repeated_field.lo `test -f 'google/protobuf/repeated_field.cc' || echo './'`google/protobuf/repeated_field.cc
libtool: compile:  g++ -DHAVE_CONFIG_H -I. -I.. -pthread -Wall -Wwrite-strings -Woverloaded-virtual -Wno-sign-compare -O2 -g -DNDEBUG -MT repeated_field.lo -MD -MP -MF .deps/repeated_field.Tpo -c google/protobuf/repeated_field.cc  -fPIC -DPIC -o .libs/repeated_field.o
libtool: compile:  g++ -DHAVE_CONFIG_H -I. -I.. -pthread -Wall -Wwrite-strings -Woverloaded-virtual -Wno-sign-compare -O2 -g -DNDEBUG -MT repeated_field.lo -MD -MP -MF .deps/repeated_field.Tpo -c google/protobuf/repeated_field.cc -o repeated_field.o >/dev/null 2>&1
mv -f .deps/repeated_field.Tpo .deps/repeated_field.Plo
/ffp/bin/sh ../libtool  --tag=CXX   --mode=compile g++ -DHAVE_CONFIG_H -I. -I..    -pthread -Wall -Wwrite-strings -Woverloaded-virtual -Wno-sign-compare -O2 -g -DNDEBUG -MT wire_format_lite.lo -MD -MP -MF .deps/wire_format_lite.Tpo -c -o wire_format_lite.lo `test -f 'google/protobuf/wire_format_lite.cc' || echo './'`google/protobuf/wire_format_lite.cc
libtool: compile:  g++ -DHAVE_CONFIG_H -I. -I.. -pthread -Wall -Wwrite-strings -Woverloaded-virtual -Wno-sign-compare -O2 -g -DNDEBUG -MT wire_format_lite.lo -MD -MP -MF .deps/wire_format_lite.Tpo -c google/protobuf/wire_format_lite.cc  -fPIC -DPIC -o .libs/wire_format_lite.o
libtool: compile:  g++ -DHAVE_CONFIG_H -I. -I.. -pthread -Wall -Wwrite-strings -Woverloaded-virtual -Wno-sign-compare -O2 -g -DNDEBUG -MT wire_format_lite.lo -MD -MP -MF .deps/wire_format_lite.Tpo -c google/protobuf/wire_format_lite.cc -o wire_format_lite.o >/dev/null 2>&1
mv -f .deps/wire_format_lite.Tpo .deps/wire_format_lite.Plo
/ffp/bin/sh ../libtool  --tag=CXX   --mode=compile g++ -DHAVE_CONFIG_H -I. -I..    -pthread -Wall -Wwrite-strings -Woverloaded-virtual -Wno-sign-compare -O2 -g -DNDEBUG -MT coded_stream.lo -MD -MP -MF .deps/coded_stream.Tpo -c -o coded_stream.lo `test -f 'google/protobuf/io/coded_stream.cc' || echo './'`google/protobuf/io/coded_stream.cc
libtool: compile:  g++ -DHAVE_CONFIG_H -I. -I.. -pthread -Wall -Wwrite-strings -Woverloaded-virtual -Wno-sign-compare -O2 -g -DNDEBUG -MT coded_stream.lo -MD -MP -MF .deps/coded_stream.Tpo -c google/protobuf/io/coded_stream.cc  -fPIC -DPIC -o .libs/coded_stream.o
libtool: compile:  g++ -DHAVE_CONFIG_H -I. -I.. -pthread -Wall -Wwrite-strings -Woverloaded-virtual -Wno-sign-compare -O2 -g -DNDEBUG -MT coded_stream.lo -MD -MP -MF .deps/coded_stream.Tpo -c google/protobuf/io/coded_stream.cc -o coded_stream.o >/dev/null 2>&1
mv -f .deps/coded_stream.Tpo .deps/coded_stream.Plo
/ffp/bin/sh ../libtool  --tag=CXX   --mode=compile g++ -DHAVE_CONFIG_H -I. -I..    -pthread -Wall -Wwrite-strings -Woverloaded-virtual -Wno-sign-compare -O2 -g -DNDEBUG -MT zero_copy_stream.lo -MD -MP -MF .deps/zero_copy_stream.Tpo -c -o zero_copy_stream.lo `test -f 'google/protobuf/io/zero_copy_stream.cc' || echo './'`google/protobuf/io/zero_copy_stream.cc
libtool: compile:  g++ -DHAVE_CONFIG_H -I. -I.. -pthread -Wall -Wwrite-strings -Woverloaded-virtual -Wno-sign-compare -O2 -g -DNDEBUG -MT zero_copy_stream.lo -MD -MP -MF .deps/zero_copy_stream.Tpo -c google/protobuf/io/zero_copy_stream.cc  -fPIC -DPIC -o .libs/zero_copy_stream.o
libtool: compile:  g++ -DHAVE_CONFIG_H -I. -I.. -pthread -Wall -Wwrite-strings -Woverloaded-virtual -Wno-sign-compare -O2 -g -DNDEBUG -MT zero_copy_stream.lo -MD -MP -MF .deps/zero_copy_stream.Tpo -c google/protobuf/io/zero_copy_stream.cc -o zero_copy_stream.o >/dev/null 2>&1
mv -f .deps/zero_copy_stream.Tpo .deps/zero_copy_stream.Plo
/ffp/bin/sh ../libtool  --tag=CXX   --mode=compile g++ -DHAVE_CONFIG_H -I. -I..    -pthread -Wall -Wwrite-strings -Woverloaded-virtual -Wno-sign-compare -O2 -g -DNDEBUG -MT zero_copy_stream_impl_lite.lo -MD -MP -MF .deps/zero_copy_stream_impl_lite.Tpo -c -o zero_copy_stream_impl_lite.lo `test -f 'google/protobuf/io/zero_copy_stream_impl_lite.cc' || echo './'`google/protobuf/io/zero_copy_stream_impl_lite.cc
libtool: compile:  g++ -DHAVE_CONFIG_H -I. -I.. -pthread -Wall -Wwrite-strings -Woverloaded-virtual -Wno-sign-compare -O2 -g -DNDEBUG -MT zero_copy_stream_impl_lite.lo -MD -MP -MF .deps/zero_copy_stream_impl_lite.Tpo -c google/protobuf/io/zero_copy_stream_impl_lite.cc  -fPIC -DPIC -o .libs/zero_copy_stream_impl_lite.o
libtool: compile:  g++ -DHAVE_CONFIG_H -I. -I.. -pthread -Wall -Wwrite-strings -Woverloaded-virtual -Wno-sign-compare -O2 -g -DNDEBUG -MT zero_copy_stream_impl_lite.lo -MD -MP -MF .deps/zero_copy_stream_impl_lite.Tpo -c google/protobuf/io/zero_copy_stream_impl_lite.cc -o zero_copy_stream_impl_lite.o >/dev/null 2>&1
mv -f .deps/zero_copy_stream_impl_lite.Tpo .deps/zero_copy_stream_impl_lite.Plo
/ffp/bin/sh ../libtool  --tag=CXX   --mode=compile g++ -DHAVE_CONFIG_H -I. -I..    -pthread -Wall -Wwrite-strings -Woverloaded-virtual -Wno-sign-compare -O2 -g -DNDEBUG -MT strutil.lo -MD -MP -MF .deps/strutil.Tpo -c -o strutil.lo `test -f 'google/protobuf/stubs/strutil.cc' || echo './'`google/protobuf/stubs/strutil.cc
libtool: compile:  g++ -DHAVE_CONFIG_H -I. -I.. -pthread -Wall -Wwrite-strings -Woverloaded-virtual -Wno-sign-compare -O2 -g -DNDEBUG -MT strutil.lo -MD -MP -MF .deps/strutil.Tpo -c google/protobuf/stubs/strutil.cc  -fPIC -DPIC -o .libs/strutil.o
libtool: compile:  g++ -DHAVE_CONFIG_H -I. -I.. -pthread -Wall -Wwrite-strings -Woverloaded-virtual -Wno-sign-compare -O2 -g -DNDEBUG -MT strutil.lo -MD -MP -MF .deps/strutil.Tpo -c google/protobuf/stubs/strutil.cc -o strutil.o >/dev/null 2>&1
mv -f .deps/strutil.Tpo .deps/strutil.Plo
/ffp/bin/sh ../libtool  --tag=CXX   --mode=compile g++ -DHAVE_CONFIG_H -I. -I..    -pthread -Wall -Wwrite-strings -Woverloaded-virtual -Wno-sign-compare -O2 -g -DNDEBUG -MT substitute.lo -MD -MP -MF .deps/substitute.Tpo -c -o substitute.lo `test -f 'google/protobuf/stubs/substitute.cc' || echo './'`google/protobuf/stubs/substitute.cc
libtool: compile:  g++ -DHAVE_CONFIG_H -I. -I.. -pthread -Wall -Wwrite-strings -Woverloaded-virtual -Wno-sign-compare -O2 -g -DNDEBUG -MT substitute.lo -MD -MP -MF .deps/substitute.Tpo -c google/protobuf/stubs/substitute.cc  -fPIC -DPIC -o .libs/substitute.o
libtool: compile:  g++ -DHAVE_CONFIG_H -I. -I.. -pthread -Wall -Wwrite-strings -Woverloaded-virtual -Wno-sign-compare -O2 -g -DNDEBUG -MT substitute.lo -MD -MP -MF .deps/substitute.Tpo -c google/protobuf/stubs/substitute.cc -o substitute.o >/dev/null 2>&1
mv -f .deps/substitute.Tpo .deps/substitute.Plo
/ffp/bin/sh ../libtool  --tag=CXX   --mode=compile g++ -DHAVE_CONFIG_H -I. -I..    -pthread -Wall -Wwrite-strings -Woverloaded-virtual -Wno-sign-compare -O2 -g -DNDEBUG -MT structurally_valid.lo -MD -MP -MF .deps/structurally_valid.Tpo -c -o structurally_valid.lo `test -f 'google/protobuf/stubs/structurally_valid.cc' || echo './'`google/protobuf/stubs/structurally_valid.cc
libtool: compile:  g++ -DHAVE_CONFIG_H -I. -I.. -pthread -Wall -Wwrite-strings -Woverloaded-virtual -Wno-sign-compare -O2 -g -DNDEBUG -MT structurally_valid.lo -MD -MP -MF .deps/structurally_valid.Tpo -c google/protobuf/stubs/structurally_valid.cc  -fPIC -DPIC -o .libs/structurally_valid.o
libtool: compile:  g++ -DHAVE_CONFIG_H -I. -I.. -pthread -Wall -Wwrite-strings -Woverloaded-virtual -Wno-sign-compare -O2 -g -DNDEBUG -MT structurally_valid.lo -MD -MP -MF .deps/structurally_valid.Tpo -c google/protobuf/stubs/structurally_valid.cc -o structurally_valid.o >/dev/null 2>&1
mv -f .deps/structurally_valid.Tpo .deps/structurally_valid.Plo
/ffp/bin/sh ../libtool  --tag=CXX   --mode=compile g++ -DHAVE_CONFIG_H -I. -I..    -pthread -Wall -Wwrite-strings -Woverloaded-virtual -Wno-sign-compare -O2 -g -DNDEBUG -MT descriptor.lo -MD -MP -MF .deps/descriptor.Tpo -c -o descriptor.lo `test -f 'google/protobuf/descriptor.cc' || echo './'`google/protobuf/descriptor.cc
libtool: compile:  g++ -DHAVE_CONFIG_H -I. -I.. -pthread -Wall -Wwrite-strings -Woverloaded-virtual -Wno-sign-compare -O2 -g -DNDEBUG -MT descriptor.lo -MD -MP -MF .deps/descriptor.Tpo -c google/protobuf/descriptor.cc  -fPIC -DPIC -o .libs/descriptor.o
libtool: compile:  g++ -DHAVE_CONFIG_H -I. -I.. -pthread -Wall -Wwrite-strings -Woverloaded-virtual -Wno-sign-compare -O2 -g -DNDEBUG -MT descriptor.lo -MD -MP -MF .deps/descriptor.Tpo -c google/protobuf/descriptor.cc -o descriptor.o >/dev/null 2>&1
mv -f .deps/descriptor.Tpo .deps/descriptor.Plo
/ffp/bin/sh ../libtool  --tag=CXX   --mode=compile g++ -DHAVE_CONFIG_H -I. -I..    -pthread -Wall -Wwrite-strings -Woverloaded-virtual -Wno-sign-compare -O2 -g -DNDEBUG -MT descriptor.pb.lo -MD -MP -MF .deps/descriptor.pb.Tpo -c -o descriptor.pb.lo `test -f 'google/protobuf/descriptor.pb.cc' || echo './'`google/protobuf/descriptor.pb.cc
libtool: compile:  g++ -DHAVE_CONFIG_H -I. -I.. -pthread -Wall -Wwrite-strings -Woverloaded-virtual -Wno-sign-compare -O2 -g -DNDEBUG -MT descriptor.pb.lo -MD -MP -MF .deps/descriptor.pb.Tpo -c google/protobuf/descriptor.pb.cc  -fPIC -DPIC -o .libs/descriptor.pb.o
libtool: compile:  g++ -DHAVE_CONFIG_H -I. -I.. -pthread -Wall -Wwrite-strings -Woverloaded-virtual -Wno-sign-compare -O2 -g -DNDEBUG -MT descriptor.pb.lo -MD -MP -MF .deps/descriptor.pb.Tpo -c google/protobuf/descriptor.pb.cc -o descriptor.pb.o >/dev/null 2>&1
mv -f .deps/descriptor.pb.Tpo .deps/descriptor.pb.Plo
/ffp/bin/sh ../libtool  --tag=CXX   --mode=compile g++ -DHAVE_CONFIG_H -I. -I..    -pthread -Wall -Wwrite-strings -Woverloaded-virtual -Wno-sign-compare -O2 -g -DNDEBUG -MT descriptor_database.lo -MD -MP -MF .deps/descriptor_database.Tpo -c -o descriptor_database.lo `test -f 'google/protobuf/descriptor_database.cc' || echo './'`google/protobuf/descriptor_database.cc
libtool: compile:  g++ -DHAVE_CONFIG_H -I. -I.. -pthread -Wall -Wwrite-strings -Woverloaded-virtual -Wno-sign-compare -O2 -g -DNDEBUG -MT descriptor_database.lo -MD -MP -MF .deps/descriptor_database.Tpo -c google/protobuf/descriptor_database.cc  -fPIC -DPIC -o .libs/descriptor_database.o
libtool: compile:  g++ -DHAVE_CONFIG_H -I. -I.. -pthread -Wall -Wwrite-strings -Woverloaded-virtual -Wno-sign-compare -O2 -g -DNDEBUG -MT descriptor_database.lo -MD -MP -MF .deps/descriptor_database.Tpo -c google/protobuf/descriptor_database.cc -o descriptor_database.o >/dev/null 2>&1
mv -f .deps/descriptor_database.Tpo .deps/descriptor_database.Plo
/ffp/bin/sh ../libtool  --tag=CXX   --mode=compile g++ -DHAVE_CONFIG_H -I. -I..    -pthread -Wall -Wwrite-strings -Woverloaded-virtual -Wno-sign-compare -O2 -g -DNDEBUG -MT dynamic_message.lo -MD -MP -MF .deps/dynamic_message.Tpo -c -o dynamic_message.lo `test -f 'google/protobuf/dynamic_message.cc' || echo './'`google/protobuf/dynamic_message.cc
libtool: compile:  g++ -DHAVE_CONFIG_H -I. -I.. -pthread -Wall -Wwrite-strings -Woverloaded-virtual -Wno-sign-compare -O2 -g -DNDEBUG -MT dynamic_message.lo -MD -MP -MF .deps/dynamic_message.Tpo -c google/protobuf/dynamic_message.cc  -fPIC -DPIC -o .libs/dynamic_message.o
libtool: compile:  g++ -DHAVE_CONFIG_H -I. -I.. -pthread -Wall -Wwrite-strings -Woverloaded-virtual -Wno-sign-compare -O2 -g -DNDEBUG -MT dynamic_message.lo -MD -MP -MF .deps/dynamic_message.Tpo -c google/protobuf/dynamic_message.cc -o dynamic_message.o >/dev/null 2>&1
mv -f .deps/dynamic_message.Tpo .deps/dynamic_message.Plo
/ffp/bin/sh ../libtool  --tag=CXX   --mode=compile g++ -DHAVE_CONFIG_H -I. -I..    -pthread -Wall -Wwrite-strings -Woverloaded-virtual -Wno-sign-compare -O2 -g -DNDEBUG -MT extension_set_heavy.lo -MD -MP -MF .deps/extension_set_heavy.Tpo -c -o extension_set_heavy.lo `test -f 'google/protobuf/extension_set_heavy.cc' || echo './'`google/protobuf/extension_set_heavy.cc
libtool: compile:  g++ -DHAVE_CONFIG_H -I. -I.. -pthread -Wall -Wwrite-strings -Woverloaded-virtual -Wno-sign-compare -O2 -g -DNDEBUG -MT extension_set_heavy.lo -MD -MP -MF .deps/extension_set_heavy.Tpo -c google/protobuf/extension_set_heavy.cc  -fPIC -DPIC -o .libs/extension_set_heavy.o
libtool: compile:  g++ -DHAVE_CONFIG_H -I. -I.. -pthread -Wall -Wwrite-strings -Woverloaded-virtual -Wno-sign-compare -O2 -g -DNDEBUG -MT extension_set_heavy.lo -MD -MP -MF .deps/extension_set_heavy.Tpo -c google/protobuf/extension_set_heavy.cc -o extension_set_heavy.o >/dev/null 2>&1
mv -f .deps/extension_set_heavy.Tpo .deps/extension_set_heavy.Plo
/ffp/bin/sh ../libtool  --tag=CXX   --mode=compile g++ -DHAVE_CONFIG_H -I. -I..    -pthread -Wall -Wwrite-strings -Woverloaded-virtual -Wno-sign-compare -O2 -g -DNDEBUG -MT generated_message_reflection.lo -MD -MP -MF .deps/generated_message_reflection.Tpo -c -o generated_message_reflection.lo `test -f 'google/protobuf/generated_message_reflection.cc' || echo './'`google/protobuf/generated_message_reflection.cc
libtool: compile:  g++ -DHAVE_CONFIG_H -I. -I.. -pthread -Wall -Wwrite-strings -Woverloaded-virtual -Wno-sign-compare -O2 -g -DNDEBUG -MT generated_message_reflection.lo -MD -MP -MF .deps/generated_message_reflection.Tpo -c google/protobuf/generated_message_reflection.cc  -fPIC -DPIC -o .libs/generated_message_reflection.o
libtool: compile:  g++ -DHAVE_CONFIG_H -I. -I.. -pthread -Wall -Wwrite-strings -Woverloaded-virtual -Wno-sign-compare -O2 -g -DNDEBUG -MT generated_message_reflection.lo -MD -MP -MF .deps/generated_message_reflection.Tpo -c google/protobuf/generated_message_reflection.cc -o generated_message_reflection.o >/dev/null 2>&1
mv -f .deps/generated_message_reflection.Tpo .deps/generated_message_reflection.Plo
/ffp/bin/sh ../libtool  --tag=CXX   --mode=compile g++ -DHAVE_CONFIG_H -I. -I..    -pthread -Wall -Wwrite-strings -Woverloaded-virtual -Wno-sign-compare -O2 -g -DNDEBUG -MT message.lo -MD -MP -MF .deps/message.Tpo -c -o message.lo `test -f 'google/protobuf/message.cc' || echo './'`google/protobuf/message.cc
libtool: compile:  g++ -DHAVE_CONFIG_H -I. -I.. -pthread -Wall -Wwrite-strings -Woverloaded-virtual -Wno-sign-compare -O2 -g -DNDEBUG -MT message.lo -MD -MP -MF .deps/message.Tpo -c google/protobuf/message.cc  -fPIC -DPIC -o .libs/message.o
libtool: compile:  g++ -DHAVE_CONFIG_H -I. -I.. -pthread -Wall -Wwrite-strings -Woverloaded-virtual -Wno-sign-compare -O2 -g -DNDEBUG -MT message.lo -MD -MP -MF .deps/message.Tpo -c google/protobuf/message.cc -o message.o >/dev/null 2>&1
mv -f .deps/message.Tpo .deps/message.Plo
/ffp/bin/sh ../libtool  --tag=CXX   --mode=compile g++ -DHAVE_CONFIG_H -I. -I..    -pthread -Wall -Wwrite-strings -Woverloaded-virtual -Wno-sign-compare -O2 -g -DNDEBUG -MT reflection_ops.lo -MD -MP -MF .deps/reflection_ops.Tpo -c -o reflection_ops.lo `test -f 'google/protobuf/reflection_ops.cc' || echo './'`google/protobuf/reflection_ops.cc
libtool: compile:  g++ -DHAVE_CONFIG_H -I. -I.. -pthread -Wall -Wwrite-strings -Woverloaded-virtual -Wno-sign-compare -O2 -g -DNDEBUG -MT reflection_ops.lo -MD -MP -MF .deps/reflection_ops.Tpo -c google/protobuf/reflection_ops.cc  -fPIC -DPIC -o .libs/reflection_ops.o
libtool: compile:  g++ -DHAVE_CONFIG_H -I. -I.. -pthread -Wall -Wwrite-strings -Woverloaded-virtual -Wno-sign-compare -O2 -g -DNDEBUG -MT reflection_ops.lo -MD -MP -MF .deps/reflection_ops.Tpo -c google/protobuf/reflection_ops.cc -o reflection_ops.o >/dev/null 2>&1
mv -f .deps/reflection_ops.Tpo .deps/reflection_ops.Plo
/ffp/bin/sh ../libtool  --tag=CXX   --mode=compile g++ -DHAVE_CONFIG_H -I. -I..    -pthread -Wall -Wwrite-strings -Woverloaded-virtual -Wno-sign-compare -O2 -g -DNDEBUG -MT service.lo -MD -MP -MF .deps/service.Tpo -c -o service.lo `test -f 'google/protobuf/service.cc' || echo './'`google/protobuf/service.cc
libtool: compile:  g++ -DHAVE_CONFIG_H -I. -I.. -pthread -Wall -Wwrite-strings -Woverloaded-virtual -Wno-sign-compare -O2 -g -DNDEBUG -MT service.lo -MD -MP -MF .deps/service.Tpo -c google/protobuf/service.cc  -fPIC -DPIC -o .libs/service.o
libtool: compile:  g++ -DHAVE_CONFIG_H -I. -I.. -pthread -Wall -Wwrite-strings -Woverloaded-virtual -Wno-sign-compare -O2 -g -DNDEBUG -MT service.lo -MD -MP -MF .deps/service.Tpo -c google/protobuf/service.cc -o service.o >/dev/null 2>&1
mv -f .deps/service.Tpo .deps/service.Plo
/ffp/bin/sh ../libtool  --tag=CXX   --mode=compile g++ -DHAVE_CONFIG_H -I. -I..    -pthread -Wall -Wwrite-strings -Woverloaded-virtual -Wno-sign-compare -O2 -g -DNDEBUG -MT text_format.lo -MD -MP -MF .deps/text_format.Tpo -c -o text_format.lo `test -f 'google/protobuf/text_format.cc' || echo './'`google/protobuf/text_format.cc
libtool: compile:  g++ -DHAVE_CONFIG_H -I. -I.. -pthread -Wall -Wwrite-strings -Woverloaded-virtual -Wno-sign-compare -O2 -g -DNDEBUG -MT text_format.lo -MD -MP -MF .deps/text_format.Tpo -c google/protobuf/text_format.cc  -fPIC -DPIC -o .libs/text_format.o
libtool: compile:  g++ -DHAVE_CONFIG_H -I. -I.. -pthread -Wall -Wwrite-strings -Woverloaded-virtual -Wno-sign-compare -O2 -g -DNDEBUG -MT text_format.lo -MD -MP -MF .deps/text_format.Tpo -c google/protobuf/text_format.cc -o text_format.o >/dev/null 2>&1
mv -f .deps/text_format.Tpo .deps/text_format.Plo
/ffp/bin/sh ../libtool  --tag=CXX   --mode=compile g++ -DHAVE_CONFIG_H -I. -I..    -pthread -Wall -Wwrite-strings -Woverloaded-virtual -Wno-sign-compare -O2 -g -DNDEBUG -MT unknown_field_set.lo -MD -MP -MF .deps/unknown_field_set.Tpo -c -o unknown_field_set.lo `test -f 'google/protobuf/unknown_field_set.cc' || echo './'`google/protobuf/unknown_field_set.cc
libtool: compile:  g++ -DHAVE_CONFIG_H -I. -I.. -pthread -Wall -Wwrite-strings -Woverloaded-virtual -Wno-sign-compare -O2 -g -DNDEBUG -MT unknown_field_set.lo -MD -MP -MF .deps/unknown_field_set.Tpo -c google/protobuf/unknown_field_set.cc  -fPIC -DPIC -o .libs/unknown_field_set.o
libtool: compile:  g++ -DHAVE_CONFIG_H -I. -I.. -pthread -Wall -Wwrite-strings -Woverloaded-virtual -Wno-sign-compare -O2 -g -DNDEBUG -MT unknown_field_set.lo -MD -MP -MF .deps/unknown_field_set.Tpo -c google/protobuf/unknown_field_set.cc -o unknown_field_set.o >/dev/null 2>&1
mv -f .deps/unknown_field_set.Tpo .deps/unknown_field_set.Plo
/ffp/bin/sh ../libtool  --tag=CXX   --mode=compile g++ -DHAVE_CONFIG_H -I. -I..    -pthread -Wall -Wwrite-strings -Woverloaded-virtual -Wno-sign-compare -O2 -g -DNDEBUG -MT wire_format.lo -MD -MP -MF .deps/wire_format.Tpo -c -o wire_format.lo `test -f 'google/protobuf/wire_format.cc' || echo './'`google/protobuf/wire_format.cc
libtool: compile:  g++ -DHAVE_CONFIG_H -I. -I.. -pthread -Wall -Wwrite-strings -Woverloaded-virtual -Wno-sign-compare -O2 -g -DNDEBUG -MT wire_format.lo -MD -MP -MF .deps/wire_format.Tpo -c google/protobuf/wire_format.cc  -fPIC -DPIC -o .libs/wire_format.o
libtool: compile:  g++ -DHAVE_CONFIG_H -I. -I.. -pthread -Wall -Wwrite-strings -Woverloaded-virtual -Wno-sign-compare -O2 -g -DNDEBUG -MT wire_format.lo -MD -MP -MF .deps/wire_format.Tpo -c google/protobuf/wire_format.cc -o wire_format.o >/dev/null 2>&1
mv -f .deps/wire_format.Tpo .deps/wire_format.Plo
/ffp/bin/sh ../libtool  --tag=CXX   --mode=compile g++ -DHAVE_CONFIG_H -I. -I..    -pthread -Wall -Wwrite-strings -Woverloaded-virtual -Wno-sign-compare -O2 -g -DNDEBUG -MT gzip_stream.lo -MD -MP -MF .deps/gzip_stream.Tpo -c -o gzip_stream.lo `test -f 'google/protobuf/io/gzip_stream.cc' || echo './'`google/protobuf/io/gzip_stream.cc
libtool: compile:  g++ -DHAVE_CONFIG_H -I. -I.. -pthread -Wall -Wwrite-strings -Woverloaded-virtual -Wno-sign-compare -O2 -g -DNDEBUG -MT gzip_stream.lo -MD -MP -MF .deps/gzip_stream.Tpo -c google/protobuf/io/gzip_stream.cc  -fPIC -DPIC -o .libs/gzip_stream.o
libtool: compile:  g++ -DHAVE_CONFIG_H -I. -I.. -pthread -Wall -Wwrite-strings -Woverloaded-virtual -Wno-sign-compare -O2 -g -DNDEBUG -MT gzip_stream.lo -MD -MP -MF .deps/gzip_stream.Tpo -c google/protobuf/io/gzip_stream.cc -o gzip_stream.o >/dev/null 2>&1
mv -f .deps/gzip_stream.Tpo .deps/gzip_stream.Plo
/ffp/bin/sh ../libtool  --tag=CXX   --mode=compile g++ -DHAVE_CONFIG_H -I. -I..    -pthread -Wall -Wwrite-strings -Woverloaded-virtual -Wno-sign-compare -O2 -g -DNDEBUG -MT printer.lo -MD -MP -MF .deps/printer.Tpo -c -o printer.lo `test -f 'google/protobuf/io/printer.cc' || echo './'`google/protobuf/io/printer.cc
libtool: compile:  g++ -DHAVE_CONFIG_H -I. -I.. -pthread -Wall -Wwrite-strings -Woverloaded-virtual -Wno-sign-compare -O2 -g -DNDEBUG -MT printer.lo -MD -MP -MF .deps/printer.Tpo -c google/protobuf/io/printer.cc  -fPIC -DPIC -o .libs/printer.o
libtool: compile:  g++ -DHAVE_CONFIG_H -I. -I.. -pthread -Wall -Wwrite-strings -Woverloaded-virtual -Wno-sign-compare -O2 -g -DNDEBUG -MT printer.lo -MD -MP -MF .deps/printer.Tpo -c google/protobuf/io/printer.cc -o printer.o >/dev/null 2>&1
mv -f .deps/printer.Tpo .deps/printer.Plo
/ffp/bin/sh ../libtool  --tag=CXX   --mode=compile g++ -DHAVE_CONFIG_H -I. -I..    -pthread -Wall -Wwrite-strings -Woverloaded-virtual -Wno-sign-compare -O2 -g -DNDEBUG -MT tokenizer.lo -MD -MP -MF .deps/tokenizer.Tpo -c -o tokenizer.lo `test -f 'google/protobuf/io/tokenizer.cc' || echo './'`google/protobuf/io/tokenizer.cc
libtool: compile:  g++ -DHAVE_CONFIG_H -I. -I.. -pthread -Wall -Wwrite-strings -Woverloaded-virtual -Wno-sign-compare -O2 -g -DNDEBUG -MT tokenizer.lo -MD -MP -MF .deps/tokenizer.Tpo -c google/protobuf/io/tokenizer.cc  -fPIC -DPIC -o .libs/tokenizer.o
libtool: compile:  g++ -DHAVE_CONFIG_H -I. -I.. -pthread -Wall -Wwrite-strings -Woverloaded-virtual -Wno-sign-compare -O2 -g -DNDEBUG -MT tokenizer.lo -MD -MP -MF .deps/tokenizer.Tpo -c google/protobuf/io/tokenizer.cc -o tokenizer.o >/dev/null 2>&1
mv -f .deps/tokenizer.Tpo .deps/tokenizer.Plo
/ffp/bin/sh ../libtool  --tag=CXX   --mode=compile g++ -DHAVE_CONFIG_H -I. -I..    -pthread -Wall -Wwrite-strings -Woverloaded-virtual -Wno-sign-compare -O2 -g -DNDEBUG -MT zero_copy_stream_impl.lo -MD -MP -MF .deps/zero_copy_stream_impl.Tpo -c -o zero_copy_stream_impl.lo `test -f 'google/protobuf/io/zero_copy_stream_impl.cc' || echo './'`google/protobuf/io/zero_copy_stream_impl.cc
libtool: compile:  g++ -DHAVE_CONFIG_H -I. -I.. -pthread -Wall -Wwrite-strings -Woverloaded-virtual -Wno-sign-compare -O2 -g -DNDEBUG -MT zero_copy_stream_impl.lo -MD -MP -MF .deps/zero_copy_stream_impl.Tpo -c google/protobuf/io/zero_copy_stream_impl.cc  -fPIC -DPIC -o .libs/zero_copy_stream_impl.o
libtool: compile:  g++ -DHAVE_CONFIG_H -I. -I.. -pthread -Wall -Wwrite-strings -Woverloaded-virtual -Wno-sign-compare -O2 -g -DNDEBUG -MT zero_copy_stream_impl.lo -MD -MP -MF .deps/zero_copy_stream_impl.Tpo -c google/protobuf/io/zero_copy_stream_impl.cc -o zero_copy_stream_impl.o >/dev/null 2>&1
mv -f .deps/zero_copy_stream_impl.Tpo .deps/zero_copy_stream_impl.Plo
/ffp/bin/sh ../libtool  --tag=CXX   --mode=compile g++ -DHAVE_CONFIG_H -I. -I..    -pthread -Wall -Wwrite-strings -Woverloaded-virtual -Wno-sign-compare -O2 -g -DNDEBUG -MT importer.lo -MD -MP -MF .deps/importer.Tpo -c -o importer.lo `test -f 'google/protobuf/compiler/importer.cc' || echo './'`google/protobuf/compiler/importer.cc
libtool: compile:  g++ -DHAVE_CONFIG_H -I. -I.. -pthread -Wall -Wwrite-strings -Woverloaded-virtual -Wno-sign-compare -O2 -g -DNDEBUG -MT importer.lo -MD -MP -MF .deps/importer.Tpo -c google/protobuf/compiler/importer.cc  -fPIC -DPIC -o .libs/importer.o
libtool: compile:  g++ -DHAVE_CONFIG_H -I. -I.. -pthread -Wall -Wwrite-strings -Woverloaded-virtual -Wno-sign-compare -O2 -g -DNDEBUG -MT importer.lo -MD -MP -MF .deps/importer.Tpo -c google/protobuf/compiler/importer.cc -o importer.o >/dev/null 2>&1
mv -f .deps/importer.Tpo .deps/importer.Plo
/ffp/bin/sh ../libtool  --tag=CXX   --mode=compile g++ -DHAVE_CONFIG_H -I. -I..    -pthread -Wall -Wwrite-strings -Woverloaded-virtual -Wno-sign-compare -O2 -g -DNDEBUG -MT parser.lo -MD -MP -MF .deps/parser.Tpo -c -o parser.lo `test -f 'google/protobuf/compiler/parser.cc' || echo './'`google/protobuf/compiler/parser.cc
libtool: compile:  g++ -DHAVE_CONFIG_H -I. -I.. -pthread -Wall -Wwrite-strings -Woverloaded-virtual -Wno-sign-compare -O2 -g -DNDEBUG -MT parser.lo -MD -MP -MF .deps/parser.Tpo -c google/protobuf/compiler/parser.cc  -fPIC -DPIC -o .libs/parser.o
libtool: compile:  g++ -DHAVE_CONFIG_H -I. -I.. -pthread -Wall -Wwrite-strings -Woverloaded-virtual -Wno-sign-compare -O2 -g -DNDEBUG -MT parser.lo -MD -MP -MF .deps/parser.Tpo -c google/protobuf/compiler/parser.cc -o parser.o >/dev/null 2>&1
mv -f .deps/parser.Tpo .deps/parser.Plo
/ffp/bin/sh ../libtool --tag=CXX   --mode=link g++ -pthread -Wall -Wwrite-strings -Woverloaded-virtual -Wno-sign-compare -O2 -g -DNDEBUG -version-info 7:0:0 -export-dynamic -no-undefined -L/ffp/lib -Wl,-rpath,/ffp/lib -o libprotobuf.la -rpath /ffp/lib common.lo once.lo extension_set.lo generated_message_util.lo message_lite.lo repeated_field.lo wire_format_lite.lo coded_stream.lo zero_copy_stream.lo zero_copy_stream_impl_lite.lo strutil.lo substitute.lo structurally_valid.lo descriptor.lo descriptor.pb.lo descriptor_database.lo dynamic_message.lo extension_set_heavy.lo generated_message_reflection.lo message.lo reflection_ops.lo service.lo text_format.lo unknown_field_set.lo wire_format.lo gzip_stream.lo printer.lo tokenizer.lo zero_copy_stream_impl.lo importer.lo parser.lo -lpthread -lz 
libtool: link: g++ -shared -nostdlib /mnt/HD/HD_a2/ffp/bin/../lib/gcc/arm-ffp-linux-uclibcgnueabi/4.6.2/../../../crti.o /mnt/HD/HD_a2/ffp/bin/../lib/gcc/arm-ffp-linux-uclibcgnueabi/4.6.2/crtbeginS.o  .libs/common.o .libs/once.o .libs/extension_set.o .libs/generated_message_util.o .libs/message_lite.o .libs/repeated_field.o .libs/wire_format_lite.o .libs/coded_stream.o .libs/zero_copy_stream.o .libs/zero_copy_stream_impl_lite.o .libs/strutil.o .libs/substitute.o .libs/structurally_valid.o .libs/descriptor.o .libs/descriptor.pb.o .libs/descriptor_database.o .libs/dynamic_message.o .libs/extension_set_heavy.o .libs/generated_message_reflection.o .libs/message.o .libs/reflection_ops.o .libs/service.o .libs/text_format.o .libs/unknown_field_set.o .libs/wire_format.o .libs/gzip_stream.o .libs/printer.o .libs/tokenizer.o .libs/zero_copy_stream_impl.o .libs/importer.o .libs/parser.o   -Wl,-rpath -Wl,/ffp/lib -Wl,-rpath -Wl,/ffp/lib -L/ffp/lib -lpthread -lz -L/mnt/HD/HD_a2/ffp/bin/../lib/gcc/arm-ffp-linux-uclibcgnueabi/4.6.2 -L/mnt/HD/HD_a2/ffp/bin/../lib/gcc -L/mnt/HD/HD_a2/ffp/bin/../lib/gcc/arm-ffp-linux-uclibcgnueabi/4.6.2/../../.. /ffp/lib/libstdc++.so -lm -lc -lgcc_s /mnt/HD/HD_a2/ffp/bin/../lib/gcc/arm-ffp-linux-uclibcgnueabi/4.6.2/crtendS.o /mnt/HD/HD_a2/ffp/bin/../lib/gcc/arm-ffp-linux-uclibcgnueabi/4.6.2/../../../crtn.o  -pthread -Wl,-rpath -Wl,/ffp/lib   -pthread -Wl,-soname -Wl,libprotobuf.so.7 -o .libs/libprotobuf.so.7.0.0
libtool: link: (cd ".libs" && rm -f "libprotobuf.so.7" && ln -s "libprotobuf.so.7.0.0" "libprotobuf.so.7")
libtool: link: (cd ".libs" && rm -f "libprotobuf.so" && ln -s "libprotobuf.so.7.0.0" "libprotobuf.so")
libtool: link: ar cru .libs/libprotobuf.a  common.o once.o extension_set.o generated_message_util.o message_lite.o repeated_field.o wire_format_lite.o coded_stream.o zero_copy_stream.o zero_copy_stream_impl_lite.o strutil.o substitute.o structurally_valid.o descriptor.o descriptor.pb.o descriptor_database.o dynamic_message.o extension_set_heavy.o generated_message_reflection.o message.o reflection_ops.o service.o text_format.o unknown_field_set.o wire_format.o gzip_stream.o printer.o tokenizer.o zero_copy_stream_impl.o importer.o parser.o
libtool: link: ranlib .libs/libprotobuf.a
libtool: link: ( cd ".libs" && rm -f "libprotobuf.la" && ln -s "../libprotobuf.la" "libprotobuf.la" )
/ffp/bin/sh ../libtool  --tag=CXX   --mode=compile g++ -DHAVE_CONFIG_H -I. -I..    -pthread -Wall -Wwrite-strings -Woverloaded-virtual -Wno-sign-compare -O2 -g -DNDEBUG -MT code_generator.lo -MD -MP -MF .deps/code_generator.Tpo -c -o code_generator.lo `test -f 'google/protobuf/compiler/code_generator.cc' || echo './'`google/protobuf/compiler/code_generator.cc
libtool: compile:  g++ -DHAVE_CONFIG_H -I. -I.. -pthread -Wall -Wwrite-strings -Woverloaded-virtual -Wno-sign-compare -O2 -g -DNDEBUG -MT code_generator.lo -MD -MP -MF .deps/code_generator.Tpo -c google/protobuf/compiler/code_generator.cc  -fPIC -DPIC -o .libs/code_generator.o
libtool: compile:  g++ -DHAVE_CONFIG_H -I. -I.. -pthread -Wall -Wwrite-strings -Woverloaded-virtual -Wno-sign-compare -O2 -g -DNDEBUG -MT code_generator.lo -MD -MP -MF .deps/code_generator.Tpo -c google/protobuf/compiler/code_generator.cc -o code_generator.o >/dev/null 2>&1
mv -f .deps/code_generator.Tpo .deps/code_generator.Plo
/ffp/bin/sh ../libtool  --tag=CXX   --mode=compile g++ -DHAVE_CONFIG_H -I. -I..    -pthread -Wall -Wwrite-strings -Woverloaded-virtual -Wno-sign-compare -O2 -g -DNDEBUG -MT command_line_interface.lo -MD -MP -MF .deps/command_line_interface.Tpo -c -o command_line_interface.lo `test -f 'google/protobuf/compiler/command_line_interface.cc' || echo './'`google/protobuf/compiler/command_line_interface.cc
libtool: compile:  g++ -DHAVE_CONFIG_H -I. -I.. -pthread -Wall -Wwrite-strings -Woverloaded-virtual -Wno-sign-compare -O2 -g -DNDEBUG -MT command_line_interface.lo -MD -MP -MF .deps/command_line_interface.Tpo -c google/protobuf/compiler/command_line_interface.cc  -fPIC -DPIC -o .libs/command_line_interface.o
libtool: compile:  g++ -DHAVE_CONFIG_H -I. -I.. -pthread -Wall -Wwrite-strings -Woverloaded-virtual -Wno-sign-compare -O2 -g -DNDEBUG -MT command_line_interface.lo -MD -MP -MF .deps/command_line_interface.Tpo -c google/protobuf/compiler/command_line_interface.cc -o command_line_interface.o >/dev/null 2>&1
mv -f .deps/command_line_interface.Tpo .deps/command_line_interface.Plo
/ffp/bin/sh ../libtool  --tag=CXX   --mode=compile g++ -DHAVE_CONFIG_H -I. -I..    -pthread -Wall -Wwrite-strings -Woverloaded-virtual -Wno-sign-compare -O2 -g -DNDEBUG -MT plugin.lo -MD -MP -MF .deps/plugin.Tpo -c -o plugin.lo `test -f 'google/protobuf/compiler/plugin.cc' || echo './'`google/protobuf/compiler/plugin.cc
libtool: compile:  g++ -DHAVE_CONFIG_H -I. -I.. -pthread -Wall -Wwrite-strings -Woverloaded-virtual -Wno-sign-compare -O2 -g -DNDEBUG -MT plugin.lo -MD -MP -MF .deps/plugin.Tpo -c google/protobuf/compiler/plugin.cc  -fPIC -DPIC -o .libs/plugin.o
libtool: compile:  g++ -DHAVE_CONFIG_H -I. -I.. -pthread -Wall -Wwrite-strings -Woverloaded-virtual -Wno-sign-compare -O2 -g -DNDEBUG -MT plugin.lo -MD -MP -MF .deps/plugin.Tpo -c google/protobuf/compiler/plugin.cc -o plugin.o >/dev/null 2>&1
mv -f .deps/plugin.Tpo .deps/plugin.Plo
/ffp/bin/sh ../libtool  --tag=CXX   --mode=compile g++ -DHAVE_CONFIG_H -I. -I..    -pthread -Wall -Wwrite-strings -Woverloaded-virtual -Wno-sign-compare -O2 -g -DNDEBUG -MT plugin.pb.lo -MD -MP -MF .deps/plugin.pb.Tpo -c -o plugin.pb.lo `test -f 'google/protobuf/compiler/plugin.pb.cc' || echo './'`google/protobuf/compiler/plugin.pb.cc
libtool: compile:  g++ -DHAVE_CONFIG_H -I. -I.. -pthread -Wall -Wwrite-strings -Woverloaded-virtual -Wno-sign-compare -O2 -g -DNDEBUG -MT plugin.pb.lo -MD -MP -MF .deps/plugin.pb.Tpo -c google/protobuf/compiler/plugin.pb.cc  -fPIC -DPIC -o .libs/plugin.pb.o
libtool: compile:  g++ -DHAVE_CONFIG_H -I. -I.. -pthread -Wall -Wwrite-strings -Woverloaded-virtual -Wno-sign-compare -O2 -g -DNDEBUG -MT plugin.pb.lo -MD -MP -MF .deps/plugin.pb.Tpo -c google/protobuf/compiler/plugin.pb.cc -o plugin.pb.o >/dev/null 2>&1
mv -f .deps/plugin.pb.Tpo .deps/plugin.pb.Plo
/ffp/bin/sh ../libtool  --tag=CXX   --mode=compile g++ -DHAVE_CONFIG_H -I. -I..    -pthread -Wall -Wwrite-strings -Woverloaded-virtual -Wno-sign-compare -O2 -g -DNDEBUG -MT subprocess.lo -MD -MP -MF .deps/subprocess.Tpo -c -o subprocess.lo `test -f 'google/protobuf/compiler/subprocess.cc' || echo './'`google/protobuf/compiler/subprocess.cc
libtool: compile:  g++ -DHAVE_CONFIG_H -I. -I.. -pthread -Wall -Wwrite-strings -Woverloaded-virtual -Wno-sign-compare -O2 -g -DNDEBUG -MT subprocess.lo -MD -MP -MF .deps/subprocess.Tpo -c google/protobuf/compiler/subprocess.cc  -fPIC -DPIC -o .libs/subprocess.o
libtool: compile:  g++ -DHAVE_CONFIG_H -I. -I.. -pthread -Wall -Wwrite-strings -Woverloaded-virtual -Wno-sign-compare -O2 -g -DNDEBUG -MT subprocess.lo -MD -MP -MF .deps/subprocess.Tpo -c google/protobuf/compiler/subprocess.cc -o subprocess.o >/dev/null 2>&1
mv -f .deps/subprocess.Tpo .deps/subprocess.Plo
/ffp/bin/sh ../libtool  --tag=CXX   --mode=compile g++ -DHAVE_CONFIG_H -I. -I..    -pthread -Wall -Wwrite-strings -Woverloaded-virtual -Wno-sign-compare -O2 -g -DNDEBUG -MT zip_writer.lo -MD -MP -MF .deps/zip_writer.Tpo -c -o zip_writer.lo `test -f 'google/protobuf/compiler/zip_writer.cc' || echo './'`google/protobuf/compiler/zip_writer.cc
libtool: compile:  g++ -DHAVE_CONFIG_H -I. -I.. -pthread -Wall -Wwrite-strings -Woverloaded-virtual -Wno-sign-compare -O2 -g -DNDEBUG -MT zip_writer.lo -MD -MP -MF .deps/zip_writer.Tpo -c google/protobuf/compiler/zip_writer.cc  -fPIC -DPIC -o .libs/zip_writer.o
libtool: compile:  g++ -DHAVE_CONFIG_H -I. -I.. -pthread -Wall -Wwrite-strings -Woverloaded-virtual -Wno-sign-compare -O2 -g -DNDEBUG -MT zip_writer.lo -MD -MP -MF .deps/zip_writer.Tpo -c google/protobuf/compiler/zip_writer.cc -o zip_writer.o >/dev/null 2>&1
mv -f .deps/zip_writer.Tpo .deps/zip_writer.Plo
/ffp/bin/sh ../libtool  --tag=CXX   --mode=compile g++ -DHAVE_CONFIG_H -I. -I..    -pthread -Wall -Wwrite-strings -Woverloaded-virtual -Wno-sign-compare -O2 -g -DNDEBUG -MT cpp_enum.lo -MD -MP -MF .deps/cpp_enum.Tpo -c -o cpp_enum.lo `test -f 'google/protobuf/compiler/cpp/cpp_enum.cc' || echo './'`google/protobuf/compiler/cpp/cpp_enum.cc
libtool: compile:  g++ -DHAVE_CONFIG_H -I. -I.. -pthread -Wall -Wwrite-strings -Woverloaded-virtual -Wno-sign-compare -O2 -g -DNDEBUG -MT cpp_enum.lo -MD -MP -MF .deps/cpp_enum.Tpo -c google/protobuf/compiler/cpp/cpp_enum.cc  -fPIC -DPIC -o .libs/cpp_enum.o
libtool: compile:  g++ -DHAVE_CONFIG_H -I. -I.. -pthread -Wall -Wwrite-strings -Woverloaded-virtual -Wno-sign-compare -O2 -g -DNDEBUG -MT cpp_enum.lo -MD -MP -MF .deps/cpp_enum.Tpo -c google/protobuf/compiler/cpp/cpp_enum.cc -o cpp_enum.o >/dev/null 2>&1
mv -f .deps/cpp_enum.Tpo .deps/cpp_enum.Plo
/ffp/bin/sh ../libtool  --tag=CXX   --mode=compile g++ -DHAVE_CONFIG_H -I. -I..    -pthread -Wall -Wwrite-strings -Woverloaded-virtual -Wno-sign-compare -O2 -g -DNDEBUG -MT cpp_enum_field.lo -MD -MP -MF .deps/cpp_enum_field.Tpo -c -o cpp_enum_field.lo `test -f 'google/protobuf/compiler/cpp/cpp_enum_field.cc' || echo './'`google/protobuf/compiler/cpp/cpp_enum_field.cc
libtool: compile:  g++ -DHAVE_CONFIG_H -I. -I.. -pthread -Wall -Wwrite-strings -Woverloaded-virtual -Wno-sign-compare -O2 -g -DNDEBUG -MT cpp_enum_field.lo -MD -MP -MF .deps/cpp_enum_field.Tpo -c google/protobuf/compiler/cpp/cpp_enum_field.cc  -fPIC -DPIC -o .libs/cpp_enum_field.o
libtool: compile:  g++ -DHAVE_CONFIG_H -I. -I.. -pthread -Wall -Wwrite-strings -Woverloaded-virtual -Wno-sign-compare -O2 -g -DNDEBUG -MT cpp_enum_field.lo -MD -MP -MF .deps/cpp_enum_field.Tpo -c google/protobuf/compiler/cpp/cpp_enum_field.cc -o cpp_enum_field.o >/dev/null 2>&1
mv -f .deps/cpp_enum_field.Tpo .deps/cpp_enum_field.Plo
/ffp/bin/sh ../libtool  --tag=CXX   --mode=compile g++ -DHAVE_CONFIG_H -I. -I..    -pthread -Wall -Wwrite-strings -Woverloaded-virtual -Wno-sign-compare -O2 -g -DNDEBUG -MT cpp_extension.lo -MD -MP -MF .deps/cpp_extension.Tpo -c -o cpp_extension.lo `test -f 'google/protobuf/compiler/cpp/cpp_extension.cc' || echo './'`google/protobuf/compiler/cpp/cpp_extension.cc
libtool: compile:  g++ -DHAVE_CONFIG_H -I. -I.. -pthread -Wall -Wwrite-strings -Woverloaded-virtual -Wno-sign-compare -O2 -g -DNDEBUG -MT cpp_extension.lo -MD -MP -MF .deps/cpp_extension.Tpo -c google/protobuf/compiler/cpp/cpp_extension.cc  -fPIC -DPIC -o .libs/cpp_extension.o
libtool: compile:  g++ -DHAVE_CONFIG_H -I. -I.. -pthread -Wall -Wwrite-strings -Woverloaded-virtual -Wno-sign-compare -O2 -g -DNDEBUG -MT cpp_extension.lo -MD -MP -MF .deps/cpp_extension.Tpo -c google/protobuf/compiler/cpp/cpp_extension.cc -o cpp_extension.o >/dev/null 2>&1
mv -f .deps/cpp_extension.Tpo .deps/cpp_extension.Plo
/ffp/bin/sh ../libtool  --tag=CXX   --mode=compile g++ -DHAVE_CONFIG_H -I. -I..    -pthread -Wall -Wwrite-strings -Woverloaded-virtual -Wno-sign-compare -O2 -g -DNDEBUG -MT cpp_field.lo -MD -MP -MF .deps/cpp_field.Tpo -c -o cpp_field.lo `test -f 'google/protobuf/compiler/cpp/cpp_field.cc' || echo './'`google/protobuf/compiler/cpp/cpp_field.cc
libtool: compile:  g++ -DHAVE_CONFIG_H -I. -I.. -pthread -Wall -Wwrite-strings -Woverloaded-virtual -Wno-sign-compare -O2 -g -DNDEBUG -MT cpp_field.lo -MD -MP -MF .deps/cpp_field.Tpo -c google/protobuf/compiler/cpp/cpp_field.cc  -fPIC -DPIC -o .libs/cpp_field.o
libtool: compile:  g++ -DHAVE_CONFIG_H -I. -I.. -pthread -Wall -Wwrite-strings -Woverloaded-virtual -Wno-sign-compare -O2 -g -DNDEBUG -MT cpp_field.lo -MD -MP -MF .deps/cpp_field.Tpo -c google/protobuf/compiler/cpp/cpp_field.cc -o cpp_field.o >/dev/null 2>&1
mv -f .deps/cpp_field.Tpo .deps/cpp_field.Plo
/ffp/bin/sh ../libtool  --tag=CXX   --mode=compile g++ -DHAVE_CONFIG_H -I. -I..    -pthread -Wall -Wwrite-strings -Woverloaded-virtual -Wno-sign-compare -O2 -g -DNDEBUG -MT cpp_file.lo -MD -MP -MF .deps/cpp_file.Tpo -c -o cpp_file.lo `test -f 'google/protobuf/compiler/cpp/cpp_file.cc' || echo './'`google/protobuf/compiler/cpp/cpp_file.cc
libtool: compile:  g++ -DHAVE_CONFIG_H -I. -I.. -pthread -Wall -Wwrite-strings -Woverloaded-virtual -Wno-sign-compare -O2 -g -DNDEBUG -MT cpp_file.lo -MD -MP -MF .deps/cpp_file.Tpo -c google/protobuf/compiler/cpp/cpp_file.cc  -fPIC -DPIC -o .libs/cpp_file.o
libtool: compile:  g++ -DHAVE_CONFIG_H -I. -I.. -pthread -Wall -Wwrite-strings -Woverloaded-virtual -Wno-sign-compare -O2 -g -DNDEBUG -MT cpp_file.lo -MD -MP -MF .deps/cpp_file.Tpo -c google/protobuf/compiler/cpp/cpp_file.cc -o cpp_file.o >/dev/null 2>&1
mv -f .deps/cpp_file.Tpo .deps/cpp_file.Plo
/ffp/bin/sh ../libtool  --tag=CXX   --mode=compile g++ -DHAVE_CONFIG_H -I. -I..    -pthread -Wall -Wwrite-strings -Woverloaded-virtual -Wno-sign-compare -O2 -g -DNDEBUG -MT cpp_generator.lo -MD -MP -MF .deps/cpp_generator.Tpo -c -o cpp_generator.lo `test -f 'google/protobuf/compiler/cpp/cpp_generator.cc' || echo './'`google/protobuf/compiler/cpp/cpp_generator.cc
libtool: compile:  g++ -DHAVE_CONFIG_H -I. -I.. -pthread -Wall -Wwrite-strings -Woverloaded-virtual -Wno-sign-compare -O2 -g -DNDEBUG -MT cpp_generator.lo -MD -MP -MF .deps/cpp_generator.Tpo -c google/protobuf/compiler/cpp/cpp_generator.cc  -fPIC -DPIC -o .libs/cpp_generator.o
libtool: compile:  g++ -DHAVE_CONFIG_H -I. -I.. -pthread -Wall -Wwrite-strings -Woverloaded-virtual -Wno-sign-compare -O2 -g -DNDEBUG -MT cpp_generator.lo -MD -MP -MF .deps/cpp_generator.Tpo -c google/protobuf/compiler/cpp/cpp_generator.cc -o cpp_generator.o >/dev/null 2>&1
mv -f .deps/cpp_generator.Tpo .deps/cpp_generator.Plo
/ffp/bin/sh ../libtool  --tag=CXX   --mode=compile g++ -DHAVE_CONFIG_H -I. -I..    -pthread -Wall -Wwrite-strings -Woverloaded-virtual -Wno-sign-compare -O2 -g -DNDEBUG -MT cpp_helpers.lo -MD -MP -MF .deps/cpp_helpers.Tpo -c -o cpp_helpers.lo `test -f 'google/protobuf/compiler/cpp/cpp_helpers.cc' || echo './'`google/protobuf/compiler/cpp/cpp_helpers.cc
libtool: compile:  g++ -DHAVE_CONFIG_H -I. -I.. -pthread -Wall -Wwrite-strings -Woverloaded-virtual -Wno-sign-compare -O2 -g -DNDEBUG -MT cpp_helpers.lo -MD -MP -MF .deps/cpp_helpers.Tpo -c google/protobuf/compiler/cpp/cpp_helpers.cc  -fPIC -DPIC -o .libs/cpp_helpers.o
libtool: compile:  g++ -DHAVE_CONFIG_H -I. -I.. -pthread -Wall -Wwrite-strings -Woverloaded-virtual -Wno-sign-compare -O2 -g -DNDEBUG -MT cpp_helpers.lo -MD -MP -MF .deps/cpp_helpers.Tpo -c google/protobuf/compiler/cpp/cpp_helpers.cc -o cpp_helpers.o >/dev/null 2>&1
mv -f .deps/cpp_helpers.Tpo .deps/cpp_helpers.Plo
/ffp/bin/sh ../libtool  --tag=CXX   --mode=compile g++ -DHAVE_CONFIG_H -I. -I..    -pthread -Wall -Wwrite-strings -Woverloaded-virtual -Wno-sign-compare -O2 -g -DNDEBUG -MT cpp_message.lo -MD -MP -MF .deps/cpp_message.Tpo -c -o cpp_message.lo `test -f 'google/protobuf/compiler/cpp/cpp_message.cc' || echo './'`google/protobuf/compiler/cpp/cpp_message.cc
libtool: compile:  g++ -DHAVE_CONFIG_H -I. -I.. -pthread -Wall -Wwrite-strings -Woverloaded-virtual -Wno-sign-compare -O2 -g -DNDEBUG -MT cpp_message.lo -MD -MP -MF .deps/cpp_message.Tpo -c google/protobuf/compiler/cpp/cpp_message.cc  -fPIC -DPIC -o .libs/cpp_message.o
libtool: compile:  g++ -DHAVE_CONFIG_H -I. -I.. -pthread -Wall -Wwrite-strings -Woverloaded-virtual -Wno-sign-compare -O2 -g -DNDEBUG -MT cpp_message.lo -MD -MP -MF .deps/cpp_message.Tpo -c google/protobuf/compiler/cpp/cpp_message.cc -o cpp_message.o >/dev/null 2>&1
mv -f .deps/cpp_message.Tpo .deps/cpp_message.Plo
/ffp/bin/sh ../libtool  --tag=CXX   --mode=compile g++ -DHAVE_CONFIG_H -I. -I..    -pthread -Wall -Wwrite-strings -Woverloaded-virtual -Wno-sign-compare -O2 -g -DNDEBUG -MT cpp_message_field.lo -MD -MP -MF .deps/cpp_message_field.Tpo -c -o cpp_message_field.lo `test -f 'google/protobuf/compiler/cpp/cpp_message_field.cc' || echo './'`google/protobuf/compiler/cpp/cpp_message_field.cc
libtool: compile:  g++ -DHAVE_CONFIG_H -I. -I.. -pthread -Wall -Wwrite-strings -Woverloaded-virtual -Wno-sign-compare -O2 -g -DNDEBUG -MT cpp_message_field.lo -MD -MP -MF .deps/cpp_message_field.Tpo -c google/protobuf/compiler/cpp/cpp_message_field.cc  -fPIC -DPIC -o .libs/cpp_message_field.o
libtool: compile:  g++ -DHAVE_CONFIG_H -I. -I.. -pthread -Wall -Wwrite-strings -Woverloaded-virtual -Wno-sign-compare -O2 -g -DNDEBUG -MT cpp_message_field.lo -MD -MP -MF .deps/cpp_message_field.Tpo -c google/protobuf/compiler/cpp/cpp_message_field.cc -o cpp_message_field.o >/dev/null 2>&1
mv -f .deps/cpp_message_field.Tpo .deps/cpp_message_field.Plo
/ffp/bin/sh ../libtool  --tag=CXX   --mode=compile g++ -DHAVE_CONFIG_H -I. -I..    -pthread -Wall -Wwrite-strings -Woverloaded-virtual -Wno-sign-compare -O2 -g -DNDEBUG -MT cpp_primitive_field.lo -MD -MP -MF .deps/cpp_primitive_field.Tpo -c -o cpp_primitive_field.lo `test -f 'google/protobuf/compiler/cpp/cpp_primitive_field.cc' || echo './'`google/protobuf/compiler/cpp/cpp_primitive_field.cc
libtool: compile:  g++ -DHAVE_CONFIG_H -I. -I.. -pthread -Wall -Wwrite-strings -Woverloaded-virtual -Wno-sign-compare -O2 -g -DNDEBUG -MT cpp_primitive_field.lo -MD -MP -MF .deps/cpp_primitive_field.Tpo -c google/protobuf/compiler/cpp/cpp_primitive_field.cc  -fPIC -DPIC -o .libs/cpp_primitive_field.o
libtool: compile:  g++ -DHAVE_CONFIG_H -I. -I.. -pthread -Wall -Wwrite-strings -Woverloaded-virtual -Wno-sign-compare -O2 -g -DNDEBUG -MT cpp_primitive_field.lo -MD -MP -MF .deps/cpp_primitive_field.Tpo -c google/protobuf/compiler/cpp/cpp_primitive_field.cc -o cpp_primitive_field.o >/dev/null 2>&1
mv -f .deps/cpp_primitive_field.Tpo .deps/cpp_primitive_field.Plo
/ffp/bin/sh ../libtool  --tag=CXX   --mode=compile g++ -DHAVE_CONFIG_H -I. -I..    -pthread -Wall -Wwrite-strings -Woverloaded-virtual -Wno-sign-compare -O2 -g -DNDEBUG -MT cpp_service.lo -MD -MP -MF .deps/cpp_service.Tpo -c -o cpp_service.lo `test -f 'google/protobuf/compiler/cpp/cpp_service.cc' || echo './'`google/protobuf/compiler/cpp/cpp_service.cc
libtool: compile:  g++ -DHAVE_CONFIG_H -I. -I.. -pthread -Wall -Wwrite-strings -Woverloaded-virtual -Wno-sign-compare -O2 -g -DNDEBUG -MT cpp_service.lo -MD -MP -MF .deps/cpp_service.Tpo -c google/protobuf/compiler/cpp/cpp_service.cc  -fPIC -DPIC -o .libs/cpp_service.o
libtool: compile:  g++ -DHAVE_CONFIG_H -I. -I.. -pthread -Wall -Wwrite-strings -Woverloaded-virtual -Wno-sign-compare -O2 -g -DNDEBUG -MT cpp_service.lo -MD -MP -MF .deps/cpp_service.Tpo -c google/protobuf/compiler/cpp/cpp_service.cc -o cpp_service.o >/dev/null 2>&1
mv -f .deps/cpp_service.Tpo .deps/cpp_service.Plo
/ffp/bin/sh ../libtool  --tag=CXX   --mode=compile g++ -DHAVE_CONFIG_H -I. -I..    -pthread -Wall -Wwrite-strings -Woverloaded-virtual -Wno-sign-compare -O2 -g -DNDEBUG -MT cpp_string_field.lo -MD -MP -MF .deps/cpp_string_field.Tpo -c -o cpp_string_field.lo `test -f 'google/protobuf/compiler/cpp/cpp_string_field.cc' || echo './'`google/protobuf/compiler/cpp/cpp_string_field.cc
libtool: compile:  g++ -DHAVE_CONFIG_H -I. -I.. -pthread -Wall -Wwrite-strings -Woverloaded-virtual -Wno-sign-compare -O2 -g -DNDEBUG -MT cpp_string_field.lo -MD -MP -MF .deps/cpp_string_field.Tpo -c google/protobuf/compiler/cpp/cpp_string_field.cc  -fPIC -DPIC -o .libs/cpp_string_field.o
libtool: compile:  g++ -DHAVE_CONFIG_H -I. -I.. -pthread -Wall -Wwrite-strings -Woverloaded-virtual -Wno-sign-compare -O2 -g -DNDEBUG -MT cpp_string_field.lo -MD -MP -MF .deps/cpp_string_field.Tpo -c google/protobuf/compiler/cpp/cpp_string_field.cc -o cpp_string_field.o >/dev/null 2>&1
mv -f .deps/cpp_string_field.Tpo .deps/cpp_string_field.Plo
/ffp/bin/sh ../libtool  --tag=CXX   --mode=compile g++ -DHAVE_CONFIG_H -I. -I..    -pthread -Wall -Wwrite-strings -Woverloaded-virtual -Wno-sign-compare -O2 -g -DNDEBUG -MT java_enum.lo -MD -MP -MF .deps/java_enum.Tpo -c -o java_enum.lo `test -f 'google/protobuf/compiler/java/java_enum.cc' || echo './'`google/protobuf/compiler/java/java_enum.cc
libtool: compile:  g++ -DHAVE_CONFIG_H -I. -I.. -pthread -Wall -Wwrite-strings -Woverloaded-virtual -Wno-sign-compare -O2 -g -DNDEBUG -MT java_enum.lo -MD -MP -MF .deps/java_enum.Tpo -c google/protobuf/compiler/java/java_enum.cc  -fPIC -DPIC -o .libs/java_enum.o
libtool: compile:  g++ -DHAVE_CONFIG_H -I. -I.. -pthread -Wall -Wwrite-strings -Woverloaded-virtual -Wno-sign-compare -O2 -g -DNDEBUG -MT java_enum.lo -MD -MP -MF .deps/java_enum.Tpo -c google/protobuf/compiler/java/java_enum.cc -o java_enum.o >/dev/null 2>&1
mv -f .deps/java_enum.Tpo .deps/java_enum.Plo
/ffp/bin/sh ../libtool  --tag=CXX   --mode=compile g++ -DHAVE_CONFIG_H -I. -I..    -pthread -Wall -Wwrite-strings -Woverloaded-virtual -Wno-sign-compare -O2 -g -DNDEBUG -MT java_enum_field.lo -MD -MP -MF .deps/java_enum_field.Tpo -c -o java_enum_field.lo `test -f 'google/protobuf/compiler/java/java_enum_field.cc' || echo './'`google/protobuf/compiler/java/java_enum_field.cc
libtool: compile:  g++ -DHAVE_CONFIG_H -I. -I.. -pthread -Wall -Wwrite-strings -Woverloaded-virtual -Wno-sign-compare -O2 -g -DNDEBUG -MT java_enum_field.lo -MD -MP -MF .deps/java_enum_field.Tpo -c google/protobuf/compiler/java/java_enum_field.cc  -fPIC -DPIC -o .libs/java_enum_field.o
libtool: compile:  g++ -DHAVE_CONFIG_H -I. -I.. -pthread -Wall -Wwrite-strings -Woverloaded-virtual -Wno-sign-compare -O2 -g -DNDEBUG -MT java_enum_field.lo -MD -MP -MF .deps/java_enum_field.Tpo -c google/protobuf/compiler/java/java_enum_field.cc -o java_enum_field.o >/dev/null 2>&1
mv -f .deps/java_enum_field.Tpo .deps/java_enum_field.Plo
/ffp/bin/sh ../libtool  --tag=CXX   --mode=compile g++ -DHAVE_CONFIG_H -I. -I..    -pthread -Wall -Wwrite-strings -Woverloaded-virtual -Wno-sign-compare -O2 -g -DNDEBUG -MT java_extension.lo -MD -MP -MF .deps/java_extension.Tpo -c -o java_extension.lo `test -f 'google/protobuf/compiler/java/java_extension.cc' || echo './'`google/protobuf/compiler/java/java_extension.cc
libtool: compile:  g++ -DHAVE_CONFIG_H -I. -I.. -pthread -Wall -Wwrite-strings -Woverloaded-virtual -Wno-sign-compare -O2 -g -DNDEBUG -MT java_extension.lo -MD -MP -MF .deps/java_extension.Tpo -c google/protobuf/compiler/java/java_extension.cc  -fPIC -DPIC -o .libs/java_extension.o
libtool: compile:  g++ -DHAVE_CONFIG_H -I. -I.. -pthread -Wall -Wwrite-strings -Woverloaded-virtual -Wno-sign-compare -O2 -g -DNDEBUG -MT java_extension.lo -MD -MP -MF .deps/java_extension.Tpo -c google/protobuf/compiler/java/java_extension.cc -o java_extension.o >/dev/null 2>&1
mv -f .deps/java_extension.Tpo .deps/java_extension.Plo
/ffp/bin/sh ../libtool  --tag=CXX   --mode=compile g++ -DHAVE_CONFIG_H -I. -I..    -pthread -Wall -Wwrite-strings -Woverloaded-virtual -Wno-sign-compare -O2 -g -DNDEBUG -MT java_field.lo -MD -MP -MF .deps/java_field.Tpo -c -o java_field.lo `test -f 'google/protobuf/compiler/java/java_field.cc' || echo './'`google/protobuf/compiler/java/java_field.cc
libtool: compile:  g++ -DHAVE_CONFIG_H -I. -I.. -pthread -Wall -Wwrite-strings -Woverloaded-virtual -Wno-sign-compare -O2 -g -DNDEBUG -MT java_field.lo -MD -MP -MF .deps/java_field.Tpo -c google/protobuf/compiler/java/java_field.cc  -fPIC -DPIC -o .libs/java_field.o
libtool: compile:  g++ -DHAVE_CONFIG_H -I. -I.. -pthread -Wall -Wwrite-strings -Woverloaded-virtual -Wno-sign-compare -O2 -g -DNDEBUG -MT java_field.lo -MD -MP -MF .deps/java_field.Tpo -c google/protobuf/compiler/java/java_field.cc -o java_field.o >/dev/null 2>&1
mv -f .deps/java_field.Tpo .deps/java_field.Plo
/ffp/bin/sh ../libtool  --tag=CXX   --mode=compile g++ -DHAVE_CONFIG_H -I. -I..    -pthread -Wall -Wwrite-strings -Woverloaded-virtual -Wno-sign-compare -O2 -g -DNDEBUG -MT java_file.lo -MD -MP -MF .deps/java_file.Tpo -c -o java_file.lo `test -f 'google/protobuf/compiler/java/java_file.cc' || echo './'`google/protobuf/compiler/java/java_file.cc
libtool: compile:  g++ -DHAVE_CONFIG_H -I. -I.. -pthread -Wall -Wwrite-strings -Woverloaded-virtual -Wno-sign-compare -O2 -g -DNDEBUG -MT java_file.lo -MD -MP -MF .deps/java_file.Tpo -c google/protobuf/compiler/java/java_file.cc  -fPIC -DPIC -o .libs/java_file.o
libtool: compile:  g++ -DHAVE_CONFIG_H -I. -I.. -pthread -Wall -Wwrite-strings -Woverloaded-virtual -Wno-sign-compare -O2 -g -DNDEBUG -MT java_file.lo -MD -MP -MF .deps/java_file.Tpo -c google/protobuf/compiler/java/java_file.cc -o java_file.o >/dev/null 2>&1
mv -f .deps/java_file.Tpo .deps/java_file.Plo
/ffp/bin/sh ../libtool  --tag=CXX   --mode=compile g++ -DHAVE_CONFIG_H -I. -I..    -pthread -Wall -Wwrite-strings -Woverloaded-virtual -Wno-sign-compare -O2 -g -DNDEBUG -MT java_generator.lo -MD -MP -MF .deps/java_generator.Tpo -c -o java_generator.lo `test -f 'google/protobuf/compiler/java/java_generator.cc' || echo './'`google/protobuf/compiler/java/java_generator.cc
libtool: compile:  g++ -DHAVE_CONFIG_H -I. -I.. -pthread -Wall -Wwrite-strings -Woverloaded-virtual -Wno-sign-compare -O2 -g -DNDEBUG -MT java_generator.lo -MD -MP -MF .deps/java_generator.Tpo -c google/protobuf/compiler/java/java_generator.cc  -fPIC -DPIC -o .libs/java_generator.o
libtool: compile:  g++ -DHAVE_CONFIG_H -I. -I.. -pthread -Wall -Wwrite-strings -Woverloaded-virtual -Wno-sign-compare -O2 -g -DNDEBUG -MT java_generator.lo -MD -MP -MF .deps/java_generator.Tpo -c google/protobuf/compiler/java/java_generator.cc -o java_generator.o >/dev/null 2>&1
mv -f .deps/java_generator.Tpo .deps/java_generator.Plo
/ffp/bin/sh ../libtool  --tag=CXX   --mode=compile g++ -DHAVE_CONFIG_H -I. -I..    -pthread -Wall -Wwrite-strings -Woverloaded-virtual -Wno-sign-compare -O2 -g -DNDEBUG -MT java_helpers.lo -MD -MP -MF .deps/java_helpers.Tpo -c -o java_helpers.lo `test -f 'google/protobuf/compiler/java/java_helpers.cc' || echo './'`google/protobuf/compiler/java/java_helpers.cc
libtool: compile:  g++ -DHAVE_CONFIG_H -I. -I.. -pthread -Wall -Wwrite-strings -Woverloaded-virtual -Wno-sign-compare -O2 -g -DNDEBUG -MT java_helpers.lo -MD -MP -MF .deps/java_helpers.Tpo -c google/protobuf/compiler/java/java_helpers.cc  -fPIC -DPIC -o .libs/java_helpers.o
libtool: compile:  g++ -DHAVE_CONFIG_H -I. -I.. -pthread -Wall -Wwrite-strings -Woverloaded-virtual -Wno-sign-compare -O2 -g -DNDEBUG -MT java_helpers.lo -MD -MP -MF .deps/java_helpers.Tpo -c google/protobuf/compiler/java/java_helpers.cc -o java_helpers.o >/dev/null 2>&1
mv -f .deps/java_helpers.Tpo .deps/java_helpers.Plo
/ffp/bin/sh ../libtool  --tag=CXX   --mode=compile g++ -DHAVE_CONFIG_H -I. -I..    -pthread -Wall -Wwrite-strings -Woverloaded-virtual -Wno-sign-compare -O2 -g -DNDEBUG -MT java_message.lo -MD -MP -MF .deps/java_message.Tpo -c -o java_message.lo `test -f 'google/protobuf/compiler/java/java_message.cc' || echo './'`google/protobuf/compiler/java/java_message.cc
libtool: compile:  g++ -DHAVE_CONFIG_H -I. -I.. -pthread -Wall -Wwrite-strings -Woverloaded-virtual -Wno-sign-compare -O2 -g -DNDEBUG -MT java_message.lo -MD -MP -MF .deps/java_message.Tpo -c google/protobuf/compiler/java/java_message.cc  -fPIC -DPIC -o .libs/java_message.o
libtool: compile:  g++ -DHAVE_CONFIG_H -I. -I.. -pthread -Wall -Wwrite-strings -Woverloaded-virtual -Wno-sign-compare -O2 -g -DNDEBUG -MT java_message.lo -MD -MP -MF .deps/java_message.Tpo -c google/protobuf/compiler/java/java_message.cc -o java_message.o >/dev/null 2>&1
mv -f .deps/java_message.Tpo .deps/java_message.Plo
/ffp/bin/sh ../libtool  --tag=CXX   --mode=compile g++ -DHAVE_CONFIG_H -I. -I..    -pthread -Wall -Wwrite-strings -Woverloaded-virtual -Wno-sign-compare -O2 -g -DNDEBUG -MT java_message_field.lo -MD -MP -MF .deps/java_message_field.Tpo -c -o java_message_field.lo `test -f 'google/protobuf/compiler/java/java_message_field.cc' || echo './'`google/protobuf/compiler/java/java_message_field.cc
libtool: compile:  g++ -DHAVE_CONFIG_H -I. -I.. -pthread -Wall -Wwrite-strings -Woverloaded-virtual -Wno-sign-compare -O2 -g -DNDEBUG -MT java_message_field.lo -MD -MP -MF .deps/java_message_field.Tpo -c google/protobuf/compiler/java/java_message_field.cc  -fPIC -DPIC -o .libs/java_message_field.o
libtool: compile:  g++ -DHAVE_CONFIG_H -I. -I.. -pthread -Wall -Wwrite-strings -Woverloaded-virtual -Wno-sign-compare -O2 -g -DNDEBUG -MT java_message_field.lo -MD -MP -MF .deps/java_message_field.Tpo -c google/protobuf/compiler/java/java_message_field.cc -o java_message_field.o >/dev/null 2>&1
mv -f .deps/java_message_field.Tpo .deps/java_message_field.Plo
/ffp/bin/sh ../libtool  --tag=CXX   --mode=compile g++ -DHAVE_CONFIG_H -I. -I..    -pthread -Wall -Wwrite-strings -Woverloaded-virtual -Wno-sign-compare -O2 -g -DNDEBUG -MT java_primitive_field.lo -MD -MP -MF .deps/java_primitive_field.Tpo -c -o java_primitive_field.lo `test -f 'google/protobuf/compiler/java/java_primitive_field.cc' || echo './'`google/protobuf/compiler/java/java_primitive_field.cc
libtool: compile:  g++ -DHAVE_CONFIG_H -I. -I.. -pthread -Wall -Wwrite-strings -Woverloaded-virtual -Wno-sign-compare -O2 -g -DNDEBUG -MT java_primitive_field.lo -MD -MP -MF .deps/java_primitive_field.Tpo -c google/protobuf/compiler/java/java_primitive_field.cc  -fPIC -DPIC -o .libs/java_primitive_field.o
libtool: compile:  g++ -DHAVE_CONFIG_H -I. -I.. -pthread -Wall -Wwrite-strings -Woverloaded-virtual -Wno-sign-compare -O2 -g -DNDEBUG -MT java_primitive_field.lo -MD -MP -MF .deps/java_primitive_field.Tpo -c google/protobuf/compiler/java/java_primitive_field.cc -o java_primitive_field.o >/dev/null 2>&1
mv -f .deps/java_primitive_field.Tpo .deps/java_primitive_field.Plo
/ffp/bin/sh ../libtool  --tag=CXX   --mode=compile g++ -DHAVE_CONFIG_H -I. -I..    -pthread -Wall -Wwrite-strings -Woverloaded-virtual -Wno-sign-compare -O2 -g -DNDEBUG -MT java_service.lo -MD -MP -MF .deps/java_service.Tpo -c -o java_service.lo `test -f 'google/protobuf/compiler/java/java_service.cc' || echo './'`google/protobuf/compiler/java/java_service.cc
libtool: compile:  g++ -DHAVE_CONFIG_H -I. -I.. -pthread -Wall -Wwrite-strings -Woverloaded-virtual -Wno-sign-compare -O2 -g -DNDEBUG -MT java_service.lo -MD -MP -MF .deps/java_service.Tpo -c google/protobuf/compiler/java/java_service.cc  -fPIC -DPIC -o .libs/java_service.o
libtool: compile:  g++ -DHAVE_CONFIG_H -I. -I.. -pthread -Wall -Wwrite-strings -Woverloaded-virtual -Wno-sign-compare -O2 -g -DNDEBUG -MT java_service.lo -MD -MP -MF .deps/java_service.Tpo -c google/protobuf/compiler/java/java_service.cc -o java_service.o >/dev/null 2>&1
mv -f .deps/java_service.Tpo .deps/java_service.Plo
/ffp/bin/sh ../libtool  --tag=CXX   --mode=compile g++ -DHAVE_CONFIG_H -I. -I..    -pthread -Wall -Wwrite-strings -Woverloaded-virtual -Wno-sign-compare -O2 -g -DNDEBUG -MT java_string_field.lo -MD -MP -MF .deps/java_string_field.Tpo -c -o java_string_field.lo `test -f 'google/protobuf/compiler/java/java_string_field.cc' || echo './'`google/protobuf/compiler/java/java_string_field.cc
libtool: compile:  g++ -DHAVE_CONFIG_H -I. -I.. -pthread -Wall -Wwrite-strings -Woverloaded-virtual -Wno-sign-compare -O2 -g -DNDEBUG -MT java_string_field.lo -MD -MP -MF .deps/java_string_field.Tpo -c google/protobuf/compiler/java/java_string_field.cc  -fPIC -DPIC -o .libs/java_string_field.o
libtool: compile:  g++ -DHAVE_CONFIG_H -I. -I.. -pthread -Wall -Wwrite-strings -Woverloaded-virtual -Wno-sign-compare -O2 -g -DNDEBUG -MT java_string_field.lo -MD -MP -MF .deps/java_string_field.Tpo -c google/protobuf/compiler/java/java_string_field.cc -o java_string_field.o >/dev/null 2>&1
mv -f .deps/java_string_field.Tpo .deps/java_string_field.Plo
/ffp/bin/sh ../libtool  --tag=CXX   --mode=compile g++ -DHAVE_CONFIG_H -I. -I..    -pthread -Wall -Wwrite-strings -Woverloaded-virtual -Wno-sign-compare -O2 -g -DNDEBUG -MT python_generator.lo -MD -MP -MF .deps/python_generator.Tpo -c -o python_generator.lo `test -f 'google/protobuf/compiler/python/python_generator.cc' || echo './'`google/protobuf/compiler/python/python_generator.cc
libtool: compile:  g++ -DHAVE_CONFIG_H -I. -I.. -pthread -Wall -Wwrite-strings -Woverloaded-virtual -Wno-sign-compare -O2 -g -DNDEBUG -MT python_generator.lo -MD -MP -MF .deps/python_generator.Tpo -c google/protobuf/compiler/python/python_generator.cc  -fPIC -DPIC -o .libs/python_generator.o
libtool: compile:  g++ -DHAVE_CONFIG_H -I. -I.. -pthread -Wall -Wwrite-strings -Woverloaded-virtual -Wno-sign-compare -O2 -g -DNDEBUG -MT python_generator.lo -MD -MP -MF .deps/python_generator.Tpo -c google/protobuf/compiler/python/python_generator.cc -o python_generator.o >/dev/null 2>&1
mv -f .deps/python_generator.Tpo .deps/python_generator.Plo
/ffp/bin/sh ../libtool --tag=CXX   --mode=link g++ -pthread -Wall -Wwrite-strings -Woverloaded-virtual -Wno-sign-compare -O2 -g -DNDEBUG -version-info 7:0:0 -export-dynamic -no-undefined -L/ffp/lib -Wl,-rpath,/ffp/lib -o libprotoc.la -rpath /ffp/lib code_generator.lo command_line_interface.lo plugin.lo plugin.pb.lo subprocess.lo zip_writer.lo cpp_enum.lo cpp_enum_field.lo cpp_extension.lo cpp_field.lo cpp_file.lo cpp_generator.lo cpp_helpers.lo cpp_message.lo cpp_message_field.lo cpp_primitive_field.lo cpp_service.lo cpp_string_field.lo java_enum.lo java_enum_field.lo java_extension.lo java_field.lo java_file.lo java_generator.lo java_helpers.lo java_message.lo java_message_field.lo java_primitive_field.lo java_service.lo java_string_field.lo python_generator.lo -lpthread libprotobuf.la -lz 
libtool: link: g++ -shared -nostdlib /mnt/HD/HD_a2/ffp/bin/../lib/gcc/arm-ffp-linux-uclibcgnueabi/4.6.2/../../../crti.o /mnt/HD/HD_a2/ffp/bin/../lib/gcc/arm-ffp-linux-uclibcgnueabi/4.6.2/crtbeginS.o  .libs/code_generator.o .libs/command_line_interface.o .libs/plugin.o .libs/plugin.pb.o .libs/subprocess.o .libs/zip_writer.o .libs/cpp_enum.o .libs/cpp_enum_field.o .libs/cpp_extension.o .libs/cpp_field.o .libs/cpp_file.o .libs/cpp_generator.o .libs/cpp_helpers.o .libs/cpp_message.o .libs/cpp_message_field.o .libs/cpp_primitive_field.o .libs/cpp_service.o .libs/cpp_string_field.o .libs/java_enum.o .libs/java_enum_field.o .libs/java_extension.o .libs/java_field.o .libs/java_file.o .libs/java_generator.o .libs/java_helpers.o .libs/java_message.o .libs/java_message_field.o .libs/java_primitive_field.o .libs/java_service.o .libs/java_string_field.o .libs/python_generator.o   -Wl,-rpath -Wl,/tmp/protobuf.qhxh2N/protobuf-2.4.1/src/.libs -Wl,-rpath -Wl,/ffp/lib -Wl,-rpath -Wl,/ffp/lib -L/ffp/lib -lpthread ./.libs/libprotobuf.so -lz -L/mnt/HD/HD_a2/ffp/bin/../lib/gcc/arm-ffp-linux-uclibcgnueabi/4.6.2 -L/mnt/HD/HD_a2/ffp/bin/../lib/gcc -L/mnt/HD/HD_a2/ffp/bin/../lib/gcc/arm-ffp-linux-uclibcgnueabi/4.6.2/../../.. /ffp/lib/libstdc++.so -lm -lc -lgcc_s /mnt/HD/HD_a2/ffp/bin/../lib/gcc/arm-ffp-linux-uclibcgnueabi/4.6.2/crtendS.o /mnt/HD/HD_a2/ffp/bin/../lib/gcc/arm-ffp-linux-uclibcgnueabi/4.6.2/../../../crtn.o  -pthread -Wl,-rpath -Wl,/ffp/lib   -pthread -Wl,-soname -Wl,libprotoc.so.7 -o .libs/libprotoc.so.7.0.0
libtool: link: (cd ".libs" && rm -f "libprotoc.so.7" && ln -s "libprotoc.so.7.0.0" "libprotoc.so.7")
libtool: link: (cd ".libs" && rm -f "libprotoc.so" && ln -s "libprotoc.so.7.0.0" "libprotoc.so")
libtool: link: ar cru .libs/libprotoc.a  code_generator.o command_line_interface.o plugin.o plugin.pb.o subprocess.o zip_writer.o cpp_enum.o cpp_enum_field.o cpp_extension.o cpp_field.o cpp_file.o cpp_generator.o cpp_helpers.o cpp_message.o cpp_message_field.o cpp_primitive_field.o cpp_service.o cpp_string_field.o java_enum.o java_enum_field.o java_extension.o java_field.o java_file.o java_generator.o java_helpers.o java_message.o java_message_field.o java_primitive_field.o java_service.o java_string_field.o python_generator.o
libtool: link: ranlib .libs/libprotoc.a
libtool: link: ( cd ".libs" && rm -f "libprotoc.la" && ln -s "../libprotoc.la" "libprotoc.la" )
/ffp/bin/sh ../libtool --tag=CXX   --mode=link g++ -pthread -Wall -Wwrite-strings -Woverloaded-virtual -Wno-sign-compare -O2 -g -DNDEBUG -pthread -L/ffp/lib -Wl,-rpath,/ffp/lib -o protoc main.o -lpthread libprotobuf.la libprotoc.la -lz 
libtool: link: g++ -pthread -Wall -Wwrite-strings -Woverloaded-virtual -Wno-sign-compare -O2 -g -DNDEBUG -pthread -Wl,-rpath -Wl,/ffp/lib -o .libs/protoc main.o  -L/ffp/lib -lpthread ./.libs/libprotobuf.so ./.libs/libprotoc.so -lz -pthread -Wl,-rpath -Wl,/ffp/lib
oldpwd=`pwd` && ( cd . && $oldpwd/protoc -I. --cpp_out=$oldpwd google/protobuf/unittest.proto google/protobuf/unittest_empty.proto google/protobuf/unittest_import.proto google/protobuf/unittest_mset.proto google/protobuf/unittest_optimize_for.proto google/protobuf/unittest_embed_optimize_for.proto google/protobuf/unittest_custom_options.proto google/protobuf/unittest_lite.proto google/protobuf/unittest_import_lite.proto google/protobuf/unittest_lite_imports_nonlite.proto google/protobuf/unittest_no_generic_services.proto google/protobuf/compiler/cpp/cpp_test_bad_identifiers.proto )
touch unittest_proto_middleman
make  all-am
make[3]: Entering directory `/tmp/protobuf.qhxh2N/protobuf-2.4.1/src'
/ffp/bin/sh ../libtool --tag=CXX   --mode=link g++ -pthread -Wall -Wwrite-strings -Woverloaded-virtual -Wno-sign-compare -O2 -g -DNDEBUG -version-info 7:0:0 -export-dynamic -no-undefined -L/ffp/lib -Wl,-rpath,/ffp/lib -o libprotobuf-lite.la -rpath /ffp/lib common.lo once.lo extension_set.lo generated_message_util.lo message_lite.lo repeated_field.lo wire_format_lite.lo coded_stream.lo zero_copy_stream.lo zero_copy_stream_impl_lite.lo -lpthread -lz 
libtool: link: g++ -shared -nostdlib /mnt/HD/HD_a2/ffp/bin/../lib/gcc/arm-ffp-linux-uclibcgnueabi/4.6.2/../../../crti.o /mnt/HD/HD_a2/ffp/bin/../lib/gcc/arm-ffp-linux-uclibcgnueabi/4.6.2/crtbeginS.o  .libs/common.o .libs/once.o .libs/extension_set.o .libs/generated_message_util.o .libs/message_lite.o .libs/repeated_field.o .libs/wire_format_lite.o .libs/coded_stream.o .libs/zero_copy_stream.o .libs/zero_copy_stream_impl_lite.o   -Wl,-rpath -Wl,/ffp/lib -Wl,-rpath -Wl,/ffp/lib -L/ffp/lib -lpthread -lz -L/mnt/HD/HD_a2/ffp/bin/../lib/gcc/arm-ffp-linux-uclibcgnueabi/4.6.2 -L/mnt/HD/HD_a2/ffp/bin/../lib/gcc -L/mnt/HD/HD_a2/ffp/bin/../lib/gcc/arm-ffp-linux-uclibcgnueabi/4.6.2/../../.. /ffp/lib/libstdc++.so -lm -lc -lgcc_s /mnt/HD/HD_a2/ffp/bin/../lib/gcc/arm-ffp-linux-uclibcgnueabi/4.6.2/crtendS.o /mnt/HD/HD_a2/ffp/bin/../lib/gcc/arm-ffp-linux-uclibcgnueabi/4.6.2/../../../crtn.o  -pthread -Wl,-rpath -Wl,/ffp/lib   -pthread -Wl,-soname -Wl,libprotobuf-lite.so.7 -o .libs/libprotobuf-lite.so.7.0.0
libtool: link: (cd ".libs" && rm -f "libprotobuf-lite.so.7" && ln -s "libprotobuf-lite.so.7.0.0" "libprotobuf-lite.so.7")
libtool: link: (cd ".libs" && rm -f "libprotobuf-lite.so" && ln -s "libprotobuf-lite.so.7.0.0" "libprotobuf-lite.so")
libtool: link: ar cru .libs/libprotobuf-lite.a  common.o once.o extension_set.o generated_message_util.o message_lite.o repeated_field.o wire_format_lite.o coded_stream.o zero_copy_stream.o zero_copy_stream_impl_lite.o
libtool: link: ranlib .libs/libprotobuf-lite.a
libtool: link: ( cd ".libs" && rm -f "libprotobuf-lite.la" && ln -s "../libprotobuf-lite.la" "libprotobuf-lite.la" )
make[3]: Leaving directory `/tmp/protobuf.qhxh2N/protobuf-2.4.1/src'
make[2]: Leaving directory `/tmp/protobuf.qhxh2N/protobuf-2.4.1/src'
make[1]: Leaving directory `/tmp/protobuf.qhxh2N/protobuf-2.4.1'
+ make DESTDIR=/tmp/protobuf.qhxh2N/pkg install
Making install in .
make[1]: Entering directory `/tmp/protobuf.qhxh2N/protobuf-2.4.1'
make[2]: Entering directory `/tmp/protobuf.qhxh2N/protobuf-2.4.1'
make[2]: Nothing to be done for `install-exec-am'.
test -z "/ffp/lib/pkgconfig" || /ffp/bin/mkdir -p "/tmp/protobuf.qhxh2N/pkg/ffp/lib/pkgconfig"
 /ffp/bin/install -c -m 644 protobuf.pc protobuf-lite.pc '/tmp/protobuf.qhxh2N/pkg/ffp/lib/pkgconfig'
make[2]: Leaving directory `/tmp/protobuf.qhxh2N/protobuf-2.4.1'
make[1]: Leaving directory `/tmp/protobuf.qhxh2N/protobuf-2.4.1'
Making install in src
make[1]: Entering directory `/tmp/protobuf.qhxh2N/protobuf-2.4.1/src'
make  install-am
make[2]: Entering directory `/tmp/protobuf.qhxh2N/protobuf-2.4.1/src'
make[3]: Entering directory `/tmp/protobuf.qhxh2N/protobuf-2.4.1/src'
test -z "/ffp/lib" || /ffp/bin/mkdir -p "/tmp/protobuf.qhxh2N/pkg/ffp/lib"
 /ffp/bin/sh ../libtool   --mode=install /ffp/bin/install -c   libprotobuf-lite.la libprotobuf.la libprotoc.la '/tmp/protobuf.qhxh2N/pkg/ffp/lib'
libtool: install: /ffp/bin/install -c .libs/libprotobuf-lite.so.7.0.0 /tmp/protobuf.qhxh2N/pkg/ffp/lib/libprotobuf-lite.so.7.0.0
libtool: install: (cd /tmp/protobuf.qhxh2N/pkg/ffp/lib && { ln -s -f libprotobuf-lite.so.7.0.0 libprotobuf-lite.so.7 || { rm -f libprotobuf-lite.so.7 && ln -s libprotobuf-lite.so.7.0.0 libprotobuf-lite.so.7; }; })
libtool: install: (cd /tmp/protobuf.qhxh2N/pkg/ffp/lib && { ln -s -f libprotobuf-lite.so.7.0.0 libprotobuf-lite.so || { rm -f libprotobuf-lite.so && ln -s libprotobuf-lite.so.7.0.0 libprotobuf-lite.so; }; })
libtool: install: /ffp/bin/install -c .libs/libprotobuf-lite.lai /tmp/protobuf.qhxh2N/pkg/ffp/lib/libprotobuf-lite.la
libtool: install: /ffp/bin/install -c .libs/libprotobuf.so.7.0.0 /tmp/protobuf.qhxh2N/pkg/ffp/lib/libprotobuf.so.7.0.0
libtool: install: (cd /tmp/protobuf.qhxh2N/pkg/ffp/lib && { ln -s -f libprotobuf.so.7.0.0 libprotobuf.so.7 || { rm -f libprotobuf.so.7 && ln -s libprotobuf.so.7.0.0 libprotobuf.so.7; }; })
libtool: install: (cd /tmp/protobuf.qhxh2N/pkg/ffp/lib && { ln -s -f libprotobuf.so.7.0.0 libprotobuf.so || { rm -f libprotobuf.so && ln -s libprotobuf.so.7.0.0 libprotobuf.so; }; })
libtool: install: /ffp/bin/install -c .libs/libprotobuf.lai /tmp/protobuf.qhxh2N/pkg/ffp/lib/libprotobuf.la
libtool: install: warning: relinking `libprotoc.la'
libtool: install: (cd /tmp/protobuf.qhxh2N/protobuf-2.4.1/src; /ffp/bin/sh /tmp/protobuf.qhxh2N/protobuf-2.4.1/libtool  --tag CXX --mode=relink g++ -pthread -Wall -Wwrite-strings -Woverloaded-virtual -Wno-sign-compare -O2 -g -DNDEBUG -version-info 7:0:0 -export-dynamic -no-undefined -L/ffp/lib -Wl,-rpath,/ffp/lib -o libprotoc.la -rpath /ffp/lib code_generator.lo command_line_interface.lo plugin.lo plugin.pb.lo subprocess.lo zip_writer.lo cpp_enum.lo cpp_enum_field.lo cpp_extension.lo cpp_field.lo cpp_file.lo cpp_generator.lo cpp_helpers.lo cpp_message.lo cpp_message_field.lo cpp_primitive_field.lo cpp_service.lo cpp_string_field.lo java_enum.lo java_enum_field.lo java_extension.lo java_field.lo java_file.lo java_generator.lo java_helpers.lo java_message.lo java_message_field.lo java_primitive_field.lo java_service.lo java_string_field.lo python_generator.lo -lpthread libprotobuf.la -lz -inst-prefix-dir /tmp/protobuf.qhxh2N/pkg)
libtool: relink: g++ -shared -nostdlib /mnt/HD/HD_a2/ffp/bin/../lib/gcc/arm-ffp-linux-uclibcgnueabi/4.6.2/../../../crti.o /mnt/HD/HD_a2/ffp/bin/../lib/gcc/arm-ffp-linux-uclibcgnueabi/4.6.2/crtbeginS.o  .libs/code_generator.o .libs/command_line_interface.o .libs/plugin.o .libs/plugin.pb.o .libs/subprocess.o .libs/zip_writer.o .libs/cpp_enum.o .libs/cpp_enum_field.o .libs/cpp_extension.o .libs/cpp_field.o .libs/cpp_file.o .libs/cpp_generator.o .libs/cpp_helpers.o .libs/cpp_message.o .libs/cpp_message_field.o .libs/cpp_primitive_field.o .libs/cpp_service.o .libs/cpp_string_field.o .libs/java_enum.o .libs/java_enum_field.o .libs/java_extension.o .libs/java_field.o .libs/java_file.o .libs/java_generator.o .libs/java_helpers.o .libs/java_message.o .libs/java_message_field.o .libs/java_primitive_field.o .libs/java_service.o .libs/java_string_field.o .libs/python_generator.o   -Wl,-rpath -Wl,/ffp/lib -L/ffp/lib -lpthread -L/tmp/protobuf.qhxh2N/pkg/ffp/lib -lprotobuf -lz -L/mnt/HD/HD_a2/ffp/bin/../lib/gcc/arm-ffp-linux-uclibcgnueabi/4.6.2 -L/mnt/HD/HD_a2/ffp/bin/../lib/gcc -L/mnt/HD/HD_a2/ffp/bin/../lib/gcc/arm-ffp-linux-uclibcgnueabi/4.6.2/../../.. -lstdc++ -lm -lc -lgcc_s /mnt/HD/HD_a2/ffp/bin/../lib/gcc/arm-ffp-linux-uclibcgnueabi/4.6.2/crtendS.o /mnt/HD/HD_a2/ffp/bin/../lib/gcc/arm-ffp-linux-uclibcgnueabi/4.6.2/../../../crtn.o  -pthread -Wl,-rpath -Wl,/ffp/lib   -pthread -Wl,-soname -Wl,libprotoc.so.7 -o .libs/libprotoc.so.7.0.0
libtool: install: /ffp/bin/install -c .libs/libprotoc.so.7.0.0T /tmp/protobuf.qhxh2N/pkg/ffp/lib/libprotoc.so.7.0.0
libtool: install: (cd /tmp/protobuf.qhxh2N/pkg/ffp/lib && { ln -s -f libprotoc.so.7.0.0 libprotoc.so.7 || { rm -f libprotoc.so.7 && ln -s libprotoc.so.7.0.0 libprotoc.so.7; }; })
libtool: install: (cd /tmp/protobuf.qhxh2N/pkg/ffp/lib && { ln -s -f libprotoc.so.7.0.0 libprotoc.so || { rm -f libprotoc.so && ln -s libprotoc.so.7.0.0 libprotoc.so; }; })
libtool: install: /ffp/bin/install -c .libs/libprotoc.lai /tmp/protobuf.qhxh2N/pkg/ffp/lib/libprotoc.la
libtool: install: /ffp/bin/install -c .libs/libprotobuf-lite.a /tmp/protobuf.qhxh2N/pkg/ffp/lib/libprotobuf-lite.a
libtool: install: chmod 644 /tmp/protobuf.qhxh2N/pkg/ffp/lib/libprotobuf-lite.a
libtool: install: ranlib /tmp/protobuf.qhxh2N/pkg/ffp/lib/libprotobuf-lite.a
libtool: install: /ffp/bin/install -c .libs/libprotobuf.a /tmp/protobuf.qhxh2N/pkg/ffp/lib/libprotobuf.a
libtool: install: chmod 644 /tmp/protobuf.qhxh2N/pkg/ffp/lib/libprotobuf.a
libtool: install: ranlib /tmp/protobuf.qhxh2N/pkg/ffp/lib/libprotobuf.a
libtool: install: /ffp/bin/install -c .libs/libprotoc.a /tmp/protobuf.qhxh2N/pkg/ffp/lib/libprotoc.a
libtool: install: chmod 644 /tmp/protobuf.qhxh2N/pkg/ffp/lib/libprotoc.a
libtool: install: ranlib /tmp/protobuf.qhxh2N/pkg/ffp/lib/libprotoc.a
libtool: install: warning: remember to run `libtool --finish /ffp/lib'
test -z "/ffp/bin" || /ffp/bin/mkdir -p "/tmp/protobuf.qhxh2N/pkg/ffp/bin"
  /ffp/bin/sh ../libtool   --mode=install /ffp/bin/install -c protoc '/tmp/protobuf.qhxh2N/pkg/ffp/bin'
libtool: install: /ffp/bin/install -c .libs/protoc /tmp/protobuf.qhxh2N/pkg/ffp/bin/protoc
test -z "/ffp/include" || /ffp/bin/mkdir -p "/tmp/protobuf.qhxh2N/pkg/ffp/include"
/ffp/bin/mkdir -p '/tmp/protobuf.qhxh2N/pkg/ffp/include/google/protobuf'
 /ffp/bin/install -c -m 644  google/protobuf/descriptor.proto '/tmp/protobuf.qhxh2N/pkg/ffp/include/google/protobuf'
/ffp/bin/mkdir -p '/tmp/protobuf.qhxh2N/pkg/ffp/include/google/protobuf/compiler'
 /ffp/bin/install -c -m 644  google/protobuf/compiler/plugin.proto '/tmp/protobuf.qhxh2N/pkg/ffp/include/google/protobuf/compiler'
test -z "/ffp/include" || /ffp/bin/mkdir -p "/tmp/protobuf.qhxh2N/pkg/ffp/include"
/ffp/bin/mkdir -p '/tmp/protobuf.qhxh2N/pkg/ffp/include/google/protobuf/compiler/java'
 /ffp/bin/install -c -m 644  google/protobuf/compiler/java/java_generator.h '/tmp/protobuf.qhxh2N/pkg/ffp/include/google/protobuf/compiler/java'
/ffp/bin/mkdir -p '/tmp/protobuf.qhxh2N/pkg/ffp/include/google/protobuf/compiler/cpp'
 /ffp/bin/install -c -m 644  google/protobuf/compiler/cpp/cpp_generator.h '/tmp/protobuf.qhxh2N/pkg/ffp/include/google/protobuf/compiler/cpp'
/ffp/bin/mkdir -p '/tmp/protobuf.qhxh2N/pkg/ffp/include/google/protobuf/compiler/python'
 /ffp/bin/install -c -m 644  google/protobuf/compiler/python/python_generator.h '/tmp/protobuf.qhxh2N/pkg/ffp/include/google/protobuf/compiler/python'
/ffp/bin/mkdir -p '/tmp/protobuf.qhxh2N/pkg/ffp/include/google/protobuf'
 /ffp/bin/install -c -m 644  google/protobuf/descriptor.h google/protobuf/descriptor.pb.h google/protobuf/descriptor_database.h google/protobuf/dynamic_message.h google/protobuf/extension_set.h google/protobuf/generated_message_util.h google/protobuf/generated_message_reflection.h google/protobuf/message.h google/protobuf/message_lite.h google/protobuf/reflection_ops.h google/protobuf/repeated_field.h google/protobuf/service.h google/protobuf/text_format.h google/protobuf/unknown_field_set.h google/protobuf/wire_format.h google/protobuf/wire_format_lite.h google/protobuf/wire_format_lite_inl.h '/tmp/protobuf.qhxh2N/pkg/ffp/include/google/protobuf'
/ffp/bin/mkdir -p '/tmp/protobuf.qhxh2N/pkg/ffp/include/google/protobuf/stubs'
 /ffp/bin/install -c -m 644  google/protobuf/stubs/common.h google/protobuf/stubs/once.h '/tmp/protobuf.qhxh2N/pkg/ffp/include/google/protobuf/stubs'
/ffp/bin/mkdir -p '/tmp/protobuf.qhxh2N/pkg/ffp/include/google/protobuf/compiler'
 /ffp/bin/install -c -m 644  google/protobuf/compiler/code_generator.h google/protobuf/compiler/command_line_interface.h google/protobuf/compiler/importer.h google/protobuf/compiler/parser.h google/protobuf/compiler/plugin.h google/protobuf/compiler/plugin.pb.h '/tmp/protobuf.qhxh2N/pkg/ffp/include/google/protobuf/compiler'
/ffp/bin/mkdir -p '/tmp/protobuf.qhxh2N/pkg/ffp/include/google/protobuf/io'
 /ffp/bin/install -c -m 644  google/protobuf/io/coded_stream.h google/protobuf/io/gzip_stream.h google/protobuf/io/printer.h google/protobuf/io/tokenizer.h google/protobuf/io/zero_copy_stream.h google/protobuf/io/zero_copy_stream_impl.h google/protobuf/io/zero_copy_stream_impl_lite.h '/tmp/protobuf.qhxh2N/pkg/ffp/include/google/protobuf/io'
make[3]: Leaving directory `/tmp/protobuf.qhxh2N/protobuf-2.4.1/src'
make[2]: Leaving directory `/tmp/protobuf.qhxh2N/protobuf-2.4.1/src'
make[1]: Leaving directory `/tmp/protobuf.qhxh2N/protobuf-2.4.1/src'
+ mkdir -p /tmp/protobuf.qhxh2N/pkg/install
+ cp /ffp/home/root/fun_plug/src/protobuf/DESCR /ffp/home/root/fun_plug/src/protobuf/HOMEPAGE /tmp/protobuf.qhxh2N/pkg/install/
+ cd /tmp/protobuf.qhxh2N/pkg
+ makepkg protobuf 2.4.1 1
Creating /tmp/protobuf-2.4.1-arm-1.tar ...
