++ basename ./tokyocabinet.funpkg .funpkg
+ PN=tokyocabinet
++ ls tokyocabinet-1.4.47.tar.gz
++ egrep -o '[0-9][0-9.]*[0-9]'
+ PV=1.4.47
+ PR=1
+ . ./config.ffp
++ GNU_HOST=
++ GNU_TARGET=
++ FFP_CFLAGS='-I/ffp/include -O2'
++ FFP_LDFLAGS='-L/ffp/lib -Wl,-rpath,/ffp/lib'
++ '[' '!' -d '' ']'
++ TMPDIR=/tmp
++ export TMPDIR
++ mandir=/ffp/share/man
++ infodir=/ffp/share/info
++ docdir=/ffp/share/doc
++ pwd
+ X=/ffp/home/root/src/tokyocabinet
++ mktemp -t -d tokyocabinet.XXXXXX
+ W=/tmp/tokyocabinet.T0tYl1
+ D=/tmp/tokyocabinet.T0tYl1/pkg
+ cd /tmp/tokyocabinet.T0tYl1
+ tar xf /ffp/home/root/src/tokyocabinet/tokyocabinet-1.4.47.tar.gz
+ cd tokyocabinet-1.4.47
+ LDFLAGS='-L/ffp/lib -Wl,-rpath,/ffp/lib'
+ ./configure --prefix=/ffp --build= --host= --mandir=/ffp/share/man --infodir=/ffp/share/info
#================================================================
# Configuring Tokyo Cabinet version 1.4.47.
#================================================================
checking for gcc... gcc
checking whether the C compiler works... yes
checking for C compiler default output file name... a.out
checking for suffix of executables... 
checking whether we are cross compiling... no
checking for suffix of object files... o
checking whether we are using the GNU C compiler... yes
checking whether gcc accepts -g... yes
checking for gcc option to accept ISO C89... none needed
checking how to run the C preprocessor... gcc -E
checking for grep that handles long lines and -e... /ffp/bin/grep
checking for egrep... /ffp/bin/grep -E
checking for ANSI C header files... yes
checking for sys/types.h... yes
checking for sys/stat.h... yes
checking for stdlib.h... yes
checking for string.h... yes
checking for memory.h... yes
checking for strings.h... yes
checking for inttypes.h... yes
checking for stdint.h... yes
checking for unistd.h... yes
checking whether byte ordering is bigendian... no
checking for main in -lc... yes
checking for main in -lm... yes
checking for main in -lpthread... yes
checking for main in -lrt... yes
checking for main in -lz... yes
checking for main in -lbz2... yes
checking for main in -ltokyocabinet... no
checking for stdlib.h... (cached) yes
checking for stdint.h... (cached) yes
checking for unistd.h... (cached) yes
checking dirent.h usability... yes
checking dirent.h presence... yes
checking for dirent.h... yes
checking regex.h usability... yes
checking regex.h presence... yes
checking for regex.h... yes
checking glob.h usability... yes
checking glob.h presence... yes
checking for glob.h... yes
checking pthread.h usability... yes
checking pthread.h presence... yes
checking for pthread.h... yes
checking zlib.h usability... yes
checking zlib.h presence... yes
checking for zlib.h... yes
checking bzlib.h usability... yes
checking bzlib.h presence... yes
checking for bzlib.h... yes
configure: creating ./config.status
config.status: creating Makefile
config.status: creating tokyocabinet.pc
#================================================================
# Ready to make.
#================================================================
+ make
gcc -c -I. -I/ffp/include -I/ffp/home/root//include -I/usr/local/include -DNDEBUG -D_GNU_SOURCE=1 -D_REENTRANT -D__EXTENSIONS__ -D_TC_PREFIX="\"/ffp\"" -D_TC_INCLUDEDIR="\"/ffp/include\"" -D_TC_LIBDIR="\"/ffp/lib\"" -D_TC_BINDIR="\"/ffp/bin\"" -D_TC_LIBEXECDIR="\"/ffp/libexec\"" -D_TC_APPINC="\"-I/ffp/include\"" -D_TC_APPLIBS="\"-L/ffp/lib -ltokyocabinet -lbz2 -lz -lrt -lpthread -lm -lc \"" -g -O2 -std=c99 -Wall -fPIC -fsigned-char -O2 tcutil.c
gcc -c -I. -I/ffp/include -I/ffp/home/root//include -I/usr/local/include -DNDEBUG -D_GNU_SOURCE=1 -D_REENTRANT -D__EXTENSIONS__ -D_TC_PREFIX="\"/ffp\"" -D_TC_INCLUDEDIR="\"/ffp/include\"" -D_TC_LIBDIR="\"/ffp/lib\"" -D_TC_BINDIR="\"/ffp/bin\"" -D_TC_LIBEXECDIR="\"/ffp/libexec\"" -D_TC_APPINC="\"-I/ffp/include\"" -D_TC_APPLIBS="\"-L/ffp/lib -ltokyocabinet -lbz2 -lz -lrt -lpthread -lm -lc \"" -g -O2 -std=c99 -Wall -fPIC -fsigned-char -O2 tchdb.c
gcc -c -I. -I/ffp/include -I/ffp/home/root//include -I/usr/local/include -DNDEBUG -D_GNU_SOURCE=1 -D_REENTRANT -D__EXTENSIONS__ -D_TC_PREFIX="\"/ffp\"" -D_TC_INCLUDEDIR="\"/ffp/include\"" -D_TC_LIBDIR="\"/ffp/lib\"" -D_TC_BINDIR="\"/ffp/bin\"" -D_TC_LIBEXECDIR="\"/ffp/libexec\"" -D_TC_APPINC="\"-I/ffp/include\"" -D_TC_APPLIBS="\"-L/ffp/lib -ltokyocabinet -lbz2 -lz -lrt -lpthread -lm -lc \"" -g -O2 -std=c99 -Wall -fPIC -fsigned-char -O2 tcbdb.c
gcc -c -I. -I/ffp/include -I/ffp/home/root//include -I/usr/local/include -DNDEBUG -D_GNU_SOURCE=1 -D_REENTRANT -D__EXTENSIONS__ -D_TC_PREFIX="\"/ffp\"" -D_TC_INCLUDEDIR="\"/ffp/include\"" -D_TC_LIBDIR="\"/ffp/lib\"" -D_TC_BINDIR="\"/ffp/bin\"" -D_TC_LIBEXECDIR="\"/ffp/libexec\"" -D_TC_APPINC="\"-I/ffp/include\"" -D_TC_APPLIBS="\"-L/ffp/lib -ltokyocabinet -lbz2 -lz -lrt -lpthread -lm -lc \"" -g -O2 -std=c99 -Wall -fPIC -fsigned-char -O2 tcfdb.c
gcc -c -I. -I/ffp/include -I/ffp/home/root//include -I/usr/local/include -DNDEBUG -D_GNU_SOURCE=1 -D_REENTRANT -D__EXTENSIONS__ -D_TC_PREFIX="\"/ffp\"" -D_TC_INCLUDEDIR="\"/ffp/include\"" -D_TC_LIBDIR="\"/ffp/lib\"" -D_TC_BINDIR="\"/ffp/bin\"" -D_TC_LIBEXECDIR="\"/ffp/libexec\"" -D_TC_APPINC="\"-I/ffp/include\"" -D_TC_APPLIBS="\"-L/ffp/lib -ltokyocabinet -lbz2 -lz -lrt -lpthread -lm -lc \"" -g -O2 -std=c99 -Wall -fPIC -fsigned-char -O2 tctdb.c
tctdb.c: In function 'tctdbatof':
tctdb.c:4046:3: warning: implicit declaration of function 'nanl'
tctdb.c:4046:36: warning: incompatible implicit declaration of built-in function 'nanl'
gcc -c -I. -I/ffp/include -I/ffp/home/root//include -I/usr/local/include -DNDEBUG -D_GNU_SOURCE=1 -D_REENTRANT -D__EXTENSIONS__ -D_TC_PREFIX="\"/ffp\"" -D_TC_INCLUDEDIR="\"/ffp/include\"" -D_TC_LIBDIR="\"/ffp/lib\"" -D_TC_BINDIR="\"/ffp/bin\"" -D_TC_LIBEXECDIR="\"/ffp/libexec\"" -D_TC_APPINC="\"-I/ffp/include\"" -D_TC_APPLIBS="\"-L/ffp/lib -ltokyocabinet -lbz2 -lz -lrt -lpthread -lm -lc \"" -g -O2 -std=c99 -Wall -fPIC -fsigned-char -O2 tcadb.c
gcc -c -I. -I/ffp/include -I/ffp/home/root//include -I/usr/local/include -DNDEBUG -D_GNU_SOURCE=1 -D_REENTRANT -D__EXTENSIONS__ -D_TC_PREFIX="\"/ffp\"" -D_TC_INCLUDEDIR="\"/ffp/include\"" -D_TC_LIBDIR="\"/ffp/lib\"" -D_TC_BINDIR="\"/ffp/bin\"" -D_TC_LIBEXECDIR="\"/ffp/libexec\"" -D_TC_APPINC="\"-I/ffp/include\"" -D_TC_APPLIBS="\"-L/ffp/lib -ltokyocabinet -lbz2 -lz -lrt -lpthread -lm -lc \"" -g -O2 -std=c99 -Wall -fPIC -fsigned-char -O2 myconf.c
gcc -c -I. -I/ffp/include -I/ffp/home/root//include -I/usr/local/include -DNDEBUG -D_GNU_SOURCE=1 -D_REENTRANT -D__EXTENSIONS__ -D_TC_PREFIX="\"/ffp\"" -D_TC_INCLUDEDIR="\"/ffp/include\"" -D_TC_LIBDIR="\"/ffp/lib\"" -D_TC_BINDIR="\"/ffp/bin\"" -D_TC_LIBEXECDIR="\"/ffp/libexec\"" -D_TC_APPINC="\"-I/ffp/include\"" -D_TC_APPLIBS="\"-L/ffp/lib -ltokyocabinet -lbz2 -lz -lrt -lpthread -lm -lc \"" -g -O2 -std=c99 -Wall -fPIC -fsigned-char -O2 md5.c
ar rv libtokyocabinet.a tcutil.o tchdb.o tcbdb.o tcfdb.o tctdb.o tcadb.o myconf.o md5.o
ar: creating libtokyocabinet.a
a - tcutil.o
a - tchdb.o
a - tcbdb.o
a - tcfdb.o
a - tctdb.o
a - tcadb.o
a - myconf.o
a - md5.o
if uname -a | egrep -i 'SunOS' > /dev/null ; \
	  then \
	    gcc -g -O2 -std=c99 -Wall -fPIC -fsigned-char -O2 -shared -Wl,-G,-h,libtokyocabinet.so.9 -o libtokyocabinet.so.9.10.0 \
	      tcutil.o tchdb.o tcbdb.o tcfdb.o tctdb.o tcadb.o myconf.o md5.o -L/ffp/lib -Wl,-rpath,/ffp/lib -L. -L/ffp/lib -L/ffp/home/root//lib -L/usr/local/lib -lbz2 -lz -lrt -lpthread -lm -lc  ; \
	  else \
	    gcc -g -O2 -std=c99 -Wall -fPIC -fsigned-char -O2 -shared -Wl,-soname,libtokyocabinet.so.9 -o libtokyocabinet.so.9.10.0 \
	      tcutil.o tchdb.o tcbdb.o tcfdb.o tctdb.o tcadb.o myconf.o md5.o -L/ffp/lib -Wl,-rpath,/ffp/lib -L. -L/ffp/lib -L/ffp/home/root//lib -L/usr/local/lib -lbz2 -lz -lrt -lpthread -lm -lc  ; \
	  fi
ln -f -s libtokyocabinet.so.9.10.0 libtokyocabinet.so.9
ln -f -s libtokyocabinet.so.9.10.0 libtokyocabinet.so
gcc -c -I. -I/ffp/include -I/ffp/home/root//include -I/usr/local/include -DNDEBUG -D_GNU_SOURCE=1 -D_REENTRANT -D__EXTENSIONS__ -D_TC_PREFIX="\"/ffp\"" -D_TC_INCLUDEDIR="\"/ffp/include\"" -D_TC_LIBDIR="\"/ffp/lib\"" -D_TC_BINDIR="\"/ffp/bin\"" -D_TC_LIBEXECDIR="\"/ffp/libexec\"" -D_TC_APPINC="\"-I/ffp/include\"" -D_TC_APPLIBS="\"-L/ffp/lib -ltokyocabinet -lbz2 -lz -lrt -lpthread -lm -lc \"" -g -O2 -std=c99 -Wall -fPIC -fsigned-char -O2 tcutest.c
LD_RUN_PATH=/lib:/usr/lib:/ffp/lib:/ffp/home/root//lib:/usr/local/lib:/ffp/lib:. gcc -g -O2 -std=c99 -Wall -fPIC -fsigned-char -O2 -o tcutest tcutest.o -L/ffp/lib -Wl,-rpath,/ffp/lib -L. -L/ffp/lib -L/ffp/home/root//lib -L/usr/local/lib  -ltokyocabinet -lbz2 -lz -lrt -lpthread -lm -lc 
gcc -c -I. -I/ffp/include -I/ffp/home/root//include -I/usr/local/include -DNDEBUG -D_GNU_SOURCE=1 -D_REENTRANT -D__EXTENSIONS__ -D_TC_PREFIX="\"/ffp\"" -D_TC_INCLUDEDIR="\"/ffp/include\"" -D_TC_LIBDIR="\"/ffp/lib\"" -D_TC_BINDIR="\"/ffp/bin\"" -D_TC_LIBEXECDIR="\"/ffp/libexec\"" -D_TC_APPINC="\"-I/ffp/include\"" -D_TC_APPLIBS="\"-L/ffp/lib -ltokyocabinet -lbz2 -lz -lrt -lpthread -lm -lc \"" -g -O2 -std=c99 -Wall -fPIC -fsigned-char -O2 tcumttest.c
LD_RUN_PATH=/lib:/usr/lib:/ffp/lib:/ffp/home/root//lib:/usr/local/lib:/ffp/lib:. gcc -g -O2 -std=c99 -Wall -fPIC -fsigned-char -O2 -o tcumttest tcumttest.o -L/ffp/lib -Wl,-rpath,/ffp/lib -L. -L/ffp/lib -L/ffp/home/root//lib -L/usr/local/lib  -ltokyocabinet -lbz2 -lz -lrt -lpthread -lm -lc 
gcc -c -I. -I/ffp/include -I/ffp/home/root//include -I/usr/local/include -DNDEBUG -D_GNU_SOURCE=1 -D_REENTRANT -D__EXTENSIONS__ -D_TC_PREFIX="\"/ffp\"" -D_TC_INCLUDEDIR="\"/ffp/include\"" -D_TC_LIBDIR="\"/ffp/lib\"" -D_TC_BINDIR="\"/ffp/bin\"" -D_TC_LIBEXECDIR="\"/ffp/libexec\"" -D_TC_APPINC="\"-I/ffp/include\"" -D_TC_APPLIBS="\"-L/ffp/lib -ltokyocabinet -lbz2 -lz -lrt -lpthread -lm -lc \"" -g -O2 -std=c99 -Wall -fPIC -fsigned-char -O2 tcucodec.c
LD_RUN_PATH=/lib:/usr/lib:/ffp/lib:/ffp/home/root//lib:/usr/local/lib:/ffp/lib:. gcc -g -O2 -std=c99 -Wall -fPIC -fsigned-char -O2 -o tcucodec tcucodec.o -L/ffp/lib -Wl,-rpath,/ffp/lib -L. -L/ffp/lib -L/ffp/home/root//lib -L/usr/local/lib  -ltokyocabinet -lbz2 -lz -lrt -lpthread -lm -lc 
gcc -c -I. -I/ffp/include -I/ffp/home/root//include -I/usr/local/include -DNDEBUG -D_GNU_SOURCE=1 -D_REENTRANT -D__EXTENSIONS__ -D_TC_PREFIX="\"/ffp\"" -D_TC_INCLUDEDIR="\"/ffp/include\"" -D_TC_LIBDIR="\"/ffp/lib\"" -D_TC_BINDIR="\"/ffp/bin\"" -D_TC_LIBEXECDIR="\"/ffp/libexec\"" -D_TC_APPINC="\"-I/ffp/include\"" -D_TC_APPLIBS="\"-L/ffp/lib -ltokyocabinet -lbz2 -lz -lrt -lpthread -lm -lc \"" -g -O2 -std=c99 -Wall -fPIC -fsigned-char -O2 tchtest.c
LD_RUN_PATH=/lib:/usr/lib:/ffp/lib:/ffp/home/root//lib:/usr/local/lib:/ffp/lib:. gcc -g -O2 -std=c99 -Wall -fPIC -fsigned-char -O2 -o tchtest tchtest.o -L/ffp/lib -Wl,-rpath,/ffp/lib -L. -L/ffp/lib -L/ffp/home/root//lib -L/usr/local/lib  -ltokyocabinet -lbz2 -lz -lrt -lpthread -lm -lc 
gcc -c -I. -I/ffp/include -I/ffp/home/root//include -I/usr/local/include -DNDEBUG -D_GNU_SOURCE=1 -D_REENTRANT -D__EXTENSIONS__ -D_TC_PREFIX="\"/ffp\"" -D_TC_INCLUDEDIR="\"/ffp/include\"" -D_TC_LIBDIR="\"/ffp/lib\"" -D_TC_BINDIR="\"/ffp/bin\"" -D_TC_LIBEXECDIR="\"/ffp/libexec\"" -D_TC_APPINC="\"-I/ffp/include\"" -D_TC_APPLIBS="\"-L/ffp/lib -ltokyocabinet -lbz2 -lz -lrt -lpthread -lm -lc \"" -g -O2 -std=c99 -Wall -fPIC -fsigned-char -O2 tchmttest.c
LD_RUN_PATH=/lib:/usr/lib:/ffp/lib:/ffp/home/root//lib:/usr/local/lib:/ffp/lib:. gcc -g -O2 -std=c99 -Wall -fPIC -fsigned-char -O2 -o tchmttest tchmttest.o -L/ffp/lib -Wl,-rpath,/ffp/lib -L. -L/ffp/lib -L/ffp/home/root//lib -L/usr/local/lib  -ltokyocabinet -lbz2 -lz -lrt -lpthread -lm -lc 
gcc -c -I. -I/ffp/include -I/ffp/home/root//include -I/usr/local/include -DNDEBUG -D_GNU_SOURCE=1 -D_REENTRANT -D__EXTENSIONS__ -D_TC_PREFIX="\"/ffp\"" -D_TC_INCLUDEDIR="\"/ffp/include\"" -D_TC_LIBDIR="\"/ffp/lib\"" -D_TC_BINDIR="\"/ffp/bin\"" -D_TC_LIBEXECDIR="\"/ffp/libexec\"" -D_TC_APPINC="\"-I/ffp/include\"" -D_TC_APPLIBS="\"-L/ffp/lib -ltokyocabinet -lbz2 -lz -lrt -lpthread -lm -lc \"" -g -O2 -std=c99 -Wall -fPIC -fsigned-char -O2 tchmgr.c
LD_RUN_PATH=/lib:/usr/lib:/ffp/lib:/ffp/home/root//lib:/usr/local/lib:/ffp/lib:. gcc -g -O2 -std=c99 -Wall -fPIC -fsigned-char -O2 -o tchmgr tchmgr.o -L/ffp/lib -Wl,-rpath,/ffp/lib -L. -L/ffp/lib -L/ffp/home/root//lib -L/usr/local/lib  -ltokyocabinet -lbz2 -lz -lrt -lpthread -lm -lc 
gcc -c -I. -I/ffp/include -I/ffp/home/root//include -I/usr/local/include -DNDEBUG -D_GNU_SOURCE=1 -D_REENTRANT -D__EXTENSIONS__ -D_TC_PREFIX="\"/ffp\"" -D_TC_INCLUDEDIR="\"/ffp/include\"" -D_TC_LIBDIR="\"/ffp/lib\"" -D_TC_BINDIR="\"/ffp/bin\"" -D_TC_LIBEXECDIR="\"/ffp/libexec\"" -D_TC_APPINC="\"-I/ffp/include\"" -D_TC_APPLIBS="\"-L/ffp/lib -ltokyocabinet -lbz2 -lz -lrt -lpthread -lm -lc \"" -g -O2 -std=c99 -Wall -fPIC -fsigned-char -O2 tcbtest.c
LD_RUN_PATH=/lib:/usr/lib:/ffp/lib:/ffp/home/root//lib:/usr/local/lib:/ffp/lib:. gcc -g -O2 -std=c99 -Wall -fPIC -fsigned-char -O2 -o tcbtest tcbtest.o -L/ffp/lib -Wl,-rpath,/ffp/lib -L. -L/ffp/lib -L/ffp/home/root//lib -L/usr/local/lib  -ltokyocabinet -lbz2 -lz -lrt -lpthread -lm -lc 
gcc -c -I. -I/ffp/include -I/ffp/home/root//include -I/usr/local/include -DNDEBUG -D_GNU_SOURCE=1 -D_REENTRANT -D__EXTENSIONS__ -D_TC_PREFIX="\"/ffp\"" -D_TC_INCLUDEDIR="\"/ffp/include\"" -D_TC_LIBDIR="\"/ffp/lib\"" -D_TC_BINDIR="\"/ffp/bin\"" -D_TC_LIBEXECDIR="\"/ffp/libexec\"" -D_TC_APPINC="\"-I/ffp/include\"" -D_TC_APPLIBS="\"-L/ffp/lib -ltokyocabinet -lbz2 -lz -lrt -lpthread -lm -lc \"" -g -O2 -std=c99 -Wall -fPIC -fsigned-char -O2 tcbmttest.c
LD_RUN_PATH=/lib:/usr/lib:/ffp/lib:/ffp/home/root//lib:/usr/local/lib:/ffp/lib:. gcc -g -O2 -std=c99 -Wall -fPIC -fsigned-char -O2 -o tcbmttest tcbmttest.o -L/ffp/lib -Wl,-rpath,/ffp/lib -L. -L/ffp/lib -L/ffp/home/root//lib -L/usr/local/lib  -ltokyocabinet -lbz2 -lz -lrt -lpthread -lm -lc 
gcc -c -I. -I/ffp/include -I/ffp/home/root//include -I/usr/local/include -DNDEBUG -D_GNU_SOURCE=1 -D_REENTRANT -D__EXTENSIONS__ -D_TC_PREFIX="\"/ffp\"" -D_TC_INCLUDEDIR="\"/ffp/include\"" -D_TC_LIBDIR="\"/ffp/lib\"" -D_TC_BINDIR="\"/ffp/bin\"" -D_TC_LIBEXECDIR="\"/ffp/libexec\"" -D_TC_APPINC="\"-I/ffp/include\"" -D_TC_APPLIBS="\"-L/ffp/lib -ltokyocabinet -lbz2 -lz -lrt -lpthread -lm -lc \"" -g -O2 -std=c99 -Wall -fPIC -fsigned-char -O2 tcbmgr.c
LD_RUN_PATH=/lib:/usr/lib:/ffp/lib:/ffp/home/root//lib:/usr/local/lib:/ffp/lib:. gcc -g -O2 -std=c99 -Wall -fPIC -fsigned-char -O2 -o tcbmgr tcbmgr.o -L/ffp/lib -Wl,-rpath,/ffp/lib -L. -L/ffp/lib -L/ffp/home/root//lib -L/usr/local/lib  -ltokyocabinet -lbz2 -lz -lrt -lpthread -lm -lc 
gcc -c -I. -I/ffp/include -I/ffp/home/root//include -I/usr/local/include -DNDEBUG -D_GNU_SOURCE=1 -D_REENTRANT -D__EXTENSIONS__ -D_TC_PREFIX="\"/ffp\"" -D_TC_INCLUDEDIR="\"/ffp/include\"" -D_TC_LIBDIR="\"/ffp/lib\"" -D_TC_BINDIR="\"/ffp/bin\"" -D_TC_LIBEXECDIR="\"/ffp/libexec\"" -D_TC_APPINC="\"-I/ffp/include\"" -D_TC_APPLIBS="\"-L/ffp/lib -ltokyocabinet -lbz2 -lz -lrt -lpthread -lm -lc \"" -g -O2 -std=c99 -Wall -fPIC -fsigned-char -O2 tcftest.c
LD_RUN_PATH=/lib:/usr/lib:/ffp/lib:/ffp/home/root//lib:/usr/local/lib:/ffp/lib:. gcc -g -O2 -std=c99 -Wall -fPIC -fsigned-char -O2 -o tcftest tcftest.o -L/ffp/lib -Wl,-rpath,/ffp/lib -L. -L/ffp/lib -L/ffp/home/root//lib -L/usr/local/lib  -ltokyocabinet -lbz2 -lz -lrt -lpthread -lm -lc 
gcc -c -I. -I/ffp/include -I/ffp/home/root//include -I/usr/local/include -DNDEBUG -D_GNU_SOURCE=1 -D_REENTRANT -D__EXTENSIONS__ -D_TC_PREFIX="\"/ffp\"" -D_TC_INCLUDEDIR="\"/ffp/include\"" -D_TC_LIBDIR="\"/ffp/lib\"" -D_TC_BINDIR="\"/ffp/bin\"" -D_TC_LIBEXECDIR="\"/ffp/libexec\"" -D_TC_APPINC="\"-I/ffp/include\"" -D_TC_APPLIBS="\"-L/ffp/lib -ltokyocabinet -lbz2 -lz -lrt -lpthread -lm -lc \"" -g -O2 -std=c99 -Wall -fPIC -fsigned-char -O2 tcfmttest.c
LD_RUN_PATH=/lib:/usr/lib:/ffp/lib:/ffp/home/root//lib:/usr/local/lib:/ffp/lib:. gcc -g -O2 -std=c99 -Wall -fPIC -fsigned-char -O2 -o tcfmttest tcfmttest.o -L/ffp/lib -Wl,-rpath,/ffp/lib -L. -L/ffp/lib -L/ffp/home/root//lib -L/usr/local/lib  -ltokyocabinet -lbz2 -lz -lrt -lpthread -lm -lc 
gcc -c -I. -I/ffp/include -I/ffp/home/root//include -I/usr/local/include -DNDEBUG -D_GNU_SOURCE=1 -D_REENTRANT -D__EXTENSIONS__ -D_TC_PREFIX="\"/ffp\"" -D_TC_INCLUDEDIR="\"/ffp/include\"" -D_TC_LIBDIR="\"/ffp/lib\"" -D_TC_BINDIR="\"/ffp/bin\"" -D_TC_LIBEXECDIR="\"/ffp/libexec\"" -D_TC_APPINC="\"-I/ffp/include\"" -D_TC_APPLIBS="\"-L/ffp/lib -ltokyocabinet -lbz2 -lz -lrt -lpthread -lm -lc \"" -g -O2 -std=c99 -Wall -fPIC -fsigned-char -O2 tcfmgr.c
LD_RUN_PATH=/lib:/usr/lib:/ffp/lib:/ffp/home/root//lib:/usr/local/lib:/ffp/lib:. gcc -g -O2 -std=c99 -Wall -fPIC -fsigned-char -O2 -o tcfmgr tcfmgr.o -L/ffp/lib -Wl,-rpath,/ffp/lib -L. -L/ffp/lib -L/ffp/home/root//lib -L/usr/local/lib  -ltokyocabinet -lbz2 -lz -lrt -lpthread -lm -lc 
gcc -c -I. -I/ffp/include -I/ffp/home/root//include -I/usr/local/include -DNDEBUG -D_GNU_SOURCE=1 -D_REENTRANT -D__EXTENSIONS__ -D_TC_PREFIX="\"/ffp\"" -D_TC_INCLUDEDIR="\"/ffp/include\"" -D_TC_LIBDIR="\"/ffp/lib\"" -D_TC_BINDIR="\"/ffp/bin\"" -D_TC_LIBEXECDIR="\"/ffp/libexec\"" -D_TC_APPINC="\"-I/ffp/include\"" -D_TC_APPLIBS="\"-L/ffp/lib -ltokyocabinet -lbz2 -lz -lrt -lpthread -lm -lc \"" -g -O2 -std=c99 -Wall -fPIC -fsigned-char -O2 tcttest.c
LD_RUN_PATH=/lib:/usr/lib:/ffp/lib:/ffp/home/root//lib:/usr/local/lib:/ffp/lib:. gcc -g -O2 -std=c99 -Wall -fPIC -fsigned-char -O2 -o tcttest tcttest.o -L/ffp/lib -Wl,-rpath,/ffp/lib -L. -L/ffp/lib -L/ffp/home/root//lib -L/usr/local/lib  -ltokyocabinet -lbz2 -lz -lrt -lpthread -lm -lc 
gcc -c -I. -I/ffp/include -I/ffp/home/root//include -I/usr/local/include -DNDEBUG -D_GNU_SOURCE=1 -D_REENTRANT -D__EXTENSIONS__ -D_TC_PREFIX="\"/ffp\"" -D_TC_INCLUDEDIR="\"/ffp/include\"" -D_TC_LIBDIR="\"/ffp/lib\"" -D_TC_BINDIR="\"/ffp/bin\"" -D_TC_LIBEXECDIR="\"/ffp/libexec\"" -D_TC_APPINC="\"-I/ffp/include\"" -D_TC_APPLIBS="\"-L/ffp/lib -ltokyocabinet -lbz2 -lz -lrt -lpthread -lm -lc \"" -g -O2 -std=c99 -Wall -fPIC -fsigned-char -O2 tctmttest.c
LD_RUN_PATH=/lib:/usr/lib:/ffp/lib:/ffp/home/root//lib:/usr/local/lib:/ffp/lib:. gcc -g -O2 -std=c99 -Wall -fPIC -fsigned-char -O2 -o tctmttest tctmttest.o -L/ffp/lib -Wl,-rpath,/ffp/lib -L. -L/ffp/lib -L/ffp/home/root//lib -L/usr/local/lib  -ltokyocabinet -lbz2 -lz -lrt -lpthread -lm -lc 
gcc -c -I. -I/ffp/include -I/ffp/home/root//include -I/usr/local/include -DNDEBUG -D_GNU_SOURCE=1 -D_REENTRANT -D__EXTENSIONS__ -D_TC_PREFIX="\"/ffp\"" -D_TC_INCLUDEDIR="\"/ffp/include\"" -D_TC_LIBDIR="\"/ffp/lib\"" -D_TC_BINDIR="\"/ffp/bin\"" -D_TC_LIBEXECDIR="\"/ffp/libexec\"" -D_TC_APPINC="\"-I/ffp/include\"" -D_TC_APPLIBS="\"-L/ffp/lib -ltokyocabinet -lbz2 -lz -lrt -lpthread -lm -lc \"" -g -O2 -std=c99 -Wall -fPIC -fsigned-char -O2 tctmgr.c
LD_RUN_PATH=/lib:/usr/lib:/ffp/lib:/ffp/home/root//lib:/usr/local/lib:/ffp/lib:. gcc -g -O2 -std=c99 -Wall -fPIC -fsigned-char -O2 -o tctmgr tctmgr.o -L/ffp/lib -Wl,-rpath,/ffp/lib -L. -L/ffp/lib -L/ffp/home/root//lib -L/usr/local/lib  -ltokyocabinet -lbz2 -lz -lrt -lpthread -lm -lc 
gcc -c -I. -I/ffp/include -I/ffp/home/root//include -I/usr/local/include -DNDEBUG -D_GNU_SOURCE=1 -D_REENTRANT -D__EXTENSIONS__ -D_TC_PREFIX="\"/ffp\"" -D_TC_INCLUDEDIR="\"/ffp/include\"" -D_TC_LIBDIR="\"/ffp/lib\"" -D_TC_BINDIR="\"/ffp/bin\"" -D_TC_LIBEXECDIR="\"/ffp/libexec\"" -D_TC_APPINC="\"-I/ffp/include\"" -D_TC_APPLIBS="\"-L/ffp/lib -ltokyocabinet -lbz2 -lz -lrt -lpthread -lm -lc \"" -g -O2 -std=c99 -Wall -fPIC -fsigned-char -O2 tcatest.c
LD_RUN_PATH=/lib:/usr/lib:/ffp/lib:/ffp/home/root//lib:/usr/local/lib:/ffp/lib:. gcc -g -O2 -std=c99 -Wall -fPIC -fsigned-char -O2 -o tcatest tcatest.o -L/ffp/lib -Wl,-rpath,/ffp/lib -L. -L/ffp/lib -L/ffp/home/root//lib -L/usr/local/lib  -ltokyocabinet -lbz2 -lz -lrt -lpthread -lm -lc 
gcc -c -I. -I/ffp/include -I/ffp/home/root//include -I/usr/local/include -DNDEBUG -D_GNU_SOURCE=1 -D_REENTRANT -D__EXTENSIONS__ -D_TC_PREFIX="\"/ffp\"" -D_TC_INCLUDEDIR="\"/ffp/include\"" -D_TC_LIBDIR="\"/ffp/lib\"" -D_TC_BINDIR="\"/ffp/bin\"" -D_TC_LIBEXECDIR="\"/ffp/libexec\"" -D_TC_APPINC="\"-I/ffp/include\"" -D_TC_APPLIBS="\"-L/ffp/lib -ltokyocabinet -lbz2 -lz -lrt -lpthread -lm -lc \"" -g -O2 -std=c99 -Wall -fPIC -fsigned-char -O2 tcamttest.c
LD_RUN_PATH=/lib:/usr/lib:/ffp/lib:/ffp/home/root//lib:/usr/local/lib:/ffp/lib:. gcc -g -O2 -std=c99 -Wall -fPIC -fsigned-char -O2 -o tcamttest tcamttest.o -L/ffp/lib -Wl,-rpath,/ffp/lib -L. -L/ffp/lib -L/ffp/home/root//lib -L/usr/local/lib  -ltokyocabinet -lbz2 -lz -lrt -lpthread -lm -lc 
gcc -c -I. -I/ffp/include -I/ffp/home/root//include -I/usr/local/include -DNDEBUG -D_GNU_SOURCE=1 -D_REENTRANT -D__EXTENSIONS__ -D_TC_PREFIX="\"/ffp\"" -D_TC_INCLUDEDIR="\"/ffp/include\"" -D_TC_LIBDIR="\"/ffp/lib\"" -D_TC_BINDIR="\"/ffp/bin\"" -D_TC_LIBEXECDIR="\"/ffp/libexec\"" -D_TC_APPINC="\"-I/ffp/include\"" -D_TC_APPLIBS="\"-L/ffp/lib -ltokyocabinet -lbz2 -lz -lrt -lpthread -lm -lc \"" -g -O2 -std=c99 -Wall -fPIC -fsigned-char -O2 tcamgr.c
LD_RUN_PATH=/lib:/usr/lib:/ffp/lib:/ffp/home/root//lib:/usr/local/lib:/ffp/lib:. gcc -g -O2 -std=c99 -Wall -fPIC -fsigned-char -O2 -o tcamgr tcamgr.o -L/ffp/lib -Wl,-rpath,/ffp/lib -L. -L/ffp/lib -L/ffp/home/root//lib -L/usr/local/lib  -ltokyocabinet -lbz2 -lz -lrt -lpthread -lm -lc 
gcc -c -I. -I/ffp/include -I/ffp/home/root//include -I/usr/local/include -DNDEBUG -D_GNU_SOURCE=1 -D_REENTRANT -D__EXTENSIONS__ -D_TC_PREFIX="\"/ffp\"" -D_TC_INCLUDEDIR="\"/ffp/include\"" -D_TC_LIBDIR="\"/ffp/lib\"" -D_TC_BINDIR="\"/ffp/bin\"" -D_TC_LIBEXECDIR="\"/ffp/libexec\"" -D_TC_APPINC="\"-I/ffp/include\"" -D_TC_APPLIBS="\"-L/ffp/lib -ltokyocabinet -lbz2 -lz -lrt -lpthread -lm -lc \"" -g -O2 -std=c99 -Wall -fPIC -fsigned-char -O2 tcawmgr.c
LD_RUN_PATH=/lib:/usr/lib:/ffp/lib:/ffp/home/root//lib:/usr/local/lib:/ffp/lib:. gcc -g -O2 -std=c99 -Wall -fPIC -fsigned-char -O2 -o tcawmgr.cgi tcawmgr.o -L/ffp/lib -Wl,-rpath,/ffp/lib -L. -L/ffp/lib -L/ffp/home/root//lib -L/usr/local/lib  -ltokyocabinet -lbz2 -lz -lrt -lpthread -lm -lc 

#================================================================
# Ready to install.
#================================================================
+ make DESTDIR=/tmp/tokyocabinet.T0tYl1/pkg install
mkdir -p /tmp/tokyocabinet.T0tYl1/pkg/ffp/include
cp -Rf tcutil.h tchdb.h tcbdb.h tcfdb.h tctdb.h tcadb.h /tmp/tokyocabinet.T0tYl1/pkg/ffp/include
mkdir -p /tmp/tokyocabinet.T0tYl1/pkg/ffp/lib
cp -Rf libtokyocabinet.a libtokyocabinet.so.9.10.0 libtokyocabinet.so.9 libtokyocabinet.so /tmp/tokyocabinet.T0tYl1/pkg/ffp/lib
mkdir -p /tmp/tokyocabinet.T0tYl1/pkg/ffp/bin
cp -Rf tcutest tcumttest tcucodec tchtest tchmttest tchmgr tcbtest tcbmttest tcbmgr tcftest tcfmttest tcfmgr tcttest tctmttest tctmgr tcatest tcamttest tcamgr /tmp/tokyocabinet.T0tYl1/pkg/ffp/bin
mkdir -p /tmp/tokyocabinet.T0tYl1/pkg/ffp/libexec
cp -Rf tcawmgr.cgi /tmp/tokyocabinet.T0tYl1/pkg/ffp/libexec
mkdir -p /tmp/tokyocabinet.T0tYl1/pkg/ffp/share/tokyocabinet
cp -Rf COPYING ChangeLog doc tokyocabinet.idl /tmp/tokyocabinet.T0tYl1/pkg/ffp/share/tokyocabinet
mkdir -p /tmp/tokyocabinet.T0tYl1/pkg/ffp/share/man/man1
cd man && cp -Rf tcutest.1 tcumttest.1 tcucodec.1 tchtest.1 tchmttest.1 tchmgr.1 tcbtest.1 tcbmttest.1 tcbmgr.1 tcftest.1 tcfmttest.1 tcfmgr.1 tcttest.1 tctmttest.1 tctmgr.1 tcatest.1 tcamttest.1 tcamgr.1 /tmp/tokyocabinet.T0tYl1/pkg/ffp/share/man/man1
mkdir -p /tmp/tokyocabinet.T0tYl1/pkg/ffp/share/man/man3
cd man && cp -Rf tokyocabinet.3 tcutil.3 tcxstr.3 tclist.3 tcmap.3 tctree.3 tcmdb.3 tcmpool.3 tchdb.3 tcbdb.3 tcfdb.3 tctdb.3 tcadb.3 /tmp/tokyocabinet.T0tYl1/pkg/ffp/share/man/man3
mkdir -p /tmp/tokyocabinet.T0tYl1/pkg/ffp/lib/pkgconfig
cp -Rf tokyocabinet.pc /tmp/tokyocabinet.T0tYl1/pkg/ffp/lib/pkgconfig
[ "$UID" = 0 ] && PATH=/sbin:/usr/sbin:/ffp/sbin:/usr/sbin:/sbin:/ffp/bin:/usr/bin:/bin ldconfig 2>/dev/null || true

#================================================================
# Thanks for using Tokyo Cabinet.
#================================================================
+ mkdir -p /tmp/tokyocabinet.T0tYl1/pkg/install
+ cp /ffp/home/root/src/tokyocabinet/DESCR /ffp/home/root/src/tokyocabinet/HOMEPAGE /tmp/tokyocabinet.T0tYl1/pkg/install/
+ cd /tmp/tokyocabinet.T0tYl1/pkg
+ makepkg tokyocabinet 1.4.47 1
Creating /tmp/tokyocabinet-1.4.47-arm-1.txz ...
