++ basename ./libgd.funpkg .funpkg
+ PN=libgd
+ PV=2.0.33
+ PR=1
+ . ./config.ffp
++ GNU_HOST=
++ GNU_TARGET=
++ FFP_CFLAGS='-I/ffp/include -O2'
++ FFP_LDFLAGS='-L/ffp/lib -Wl,-rpath,/ffp/lib'
++ '[' '!' -d '' ']'
++ TMPDIR=/tmp
++ export TMPDIR
++ mandir=/ffp/share/man
++ infodir=/ffp/share/info
++ docdir=/ffp/share/doc
++ pwd
+ X=/ffp/home/root/src/libgd
++ mktemp -t -d libgd.XXXXXX
+ W=/tmp/libgd.dRpQTW
+ D=/tmp/libgd.dRpQTW/pkg
+ cd /tmp/libgd.dRpQTW
+ cat /ffp/home/root/src/libgd/SRC_URI
+ xargs wget --no-check-certificate
--2012-03-08 10:18:28--  https://bitbucket.org/pierrejoye/gd-libgd/get/72a0bd3e3d73.tar.gz
Resolving bitbucket.org... 207.223.240.181, 207.223.240.182
Connecting to bitbucket.org|207.223.240.181|:443... connected.
WARNING: cannot verify bitbucket.org's certificate, issued by `/C=US/O=DigiCert Inc/OU=www.digicert.com/CN=DigiCert High Assurance EV CA-1':
  Unable to locally verify the issuer's authority.
HTTP request sent, awaiting response... 200 OK
Length: unspecified [application/x-tar-gz]
Saving to: `72a0bd3e3d73.tar.gz'

     0K .......... .......... .......... .......... ..........  119K
    50K .......... .......... .......... .......... ..........  354K
   100K .......... .......... .......... .......... ..........  471K
   150K .......... .......... .......... .......... ..........  707K
   200K .......... .......... .......... .......... ..........  440K
   250K .......... .......... .......... .......... ..........  395K
   300K .......... .......... .......... .......... ..........  356K
   350K .......... .......... .......... .......... ..........  401K
   400K .......... .......... .......... .......... .......... 1021K
   450K .......... .......... .......... .......... ..........  441K
   500K .......... .......... .......... .......... ..........  392K
   550K .......... .......... .......... .......... ..........  391K
   600K .......... .......... .......... .......... .......... 1.02M
   650K .......... .......... .......... .......... ..........  388K
   700K .......... .......... .......... .......... ..........  362K
   750K .......... .......... .......... .......... ..........  440K
   800K .......... .......... .......... .......... ..........  391K
   850K .......... .......... .......... .......... .......... 1020K
   900K .......... .......... .......... .......... ..........  399K
   950K .......... .......... .......... .......... ..........  438K
  1000K .......... .......... .                                 887K=2.5s

2012-03-08 10:18:32 (403 KB/s) - `72a0bd3e3d73.tar.gz' saved [1045874]

+ tar xf 72a0bd3e3d73.tar.gz
+ cd pierrejoye-gd-libgd-72a0bd3e3d73/src
+ LDFLAGS='-L/ffp/lib -Wl,-rpath,/ffp/lib'
+ ./bootstrap.sh --prefix=/ffp --docdir=/share/doc/ --mandir=/share/man --system-libs
Now run configure and make
+ LDFLAGS='-L/ffp/lib -Wl,-rpath,/ffp/lib'
+ autoreconf -fvi
autoreconf: Entering directory `.'
autoreconf: configure.ac: not using Gettext
autoreconf: running: aclocal --force -I config
autoreconf: configure.ac: tracing
autoreconf: running: libtoolize --copy --force
libtoolize: putting auxiliary files in AC_CONFIG_AUX_DIR, `config'.
libtoolize: copying file `config/ltmain.sh'
libtoolize: putting macros in `config'.
libtoolize: copying file `config/libtool.m4'
libtoolize: copying file `config/ltoptions.m4'
libtoolize: copying file `config/ltsugar.m4'
libtoolize: copying file `config/ltversion.m4'
libtoolize: copying file `config/lt~obsolete.m4'
libtoolize: Consider adding `AC_CONFIG_MACRO_DIR([m4])' to configure.ac and
libtoolize: rerunning libtoolize, to keep the correct libtool macros in-tree.
libtoolize: `AC_PROG_RANLIB' is rendered obsolete by `LT_INIT'
autoreconf: running: /ffp/bin/autoconf --force
autoreconf: running: /ffp/bin/autoheader --force
autoreconf: running: automake --add-missing --copy --force-missing
autoreconf: Leaving directory `.'
+ LDFLAGS='-L/ffp/lib -Wl,-rpath,/ffp/lib'
+ ./configure --prefix=/ffp --mandir=/ffp/share/man --infodir=/ffp/share/info
checking for a BSD-compatible install... /ffp/bin/install -c
checking whether build environment is sane... yes
checking for a thread-safe mkdir -p... /ffp/bin/mkdir -p
checking for gawk... gawk
checking whether make sets $(MAKE)... yes
checking for gcc... gcc
checking whether the C compiler works... yes
checking for C compiler default output file name... a.out
checking for suffix of executables... 
checking whether we are cross compiling... no
checking for suffix of object files... o
checking whether we are using the GNU C compiler... yes
checking whether gcc accepts -g... yes
checking for gcc option to accept ISO C89... none needed
checking for style of include used by make... GNU
checking dependency style of gcc... gcc3
checking for gcc... (cached) gcc
checking whether we are using the GNU C compiler... (cached) yes
checking whether gcc accepts -g... (cached) yes
checking for gcc option to accept ISO C89... (cached) none needed
checking dependency style of gcc... (cached) gcc3
checking build system type... armv5tejl-unknown-linux-gnueabi
checking host system type... armv5tejl-unknown-linux-gnueabi
checking how to print strings... printf
checking for a sed that does not truncate output... /ffp/bin/sed
checking for grep that handles long lines and -e... /ffp/bin/grep
checking for egrep... /ffp/bin/grep -E
checking for fgrep... /ffp/bin/grep -F
checking for ld used by gcc... /ffp/bin/ld
checking if the linker (/ffp/bin/ld) is GNU ld... yes
checking for BSD- or MS-compatible name lister (nm)... /ffp/bin/nm -B
checking the name lister (/ffp/bin/nm -B) interface... BSD nm
checking whether ln -s works... yes
checking the maximum length of command line arguments... 1572864
checking whether the shell understands some XSI constructs... yes
checking whether the shell understands "+="... yes
checking how to convert armv5tejl-unknown-linux-gnueabi file names to armv5tejl-unknown-linux-gnueabi format... func_convert_file_noop
checking how to convert armv5tejl-unknown-linux-gnueabi file names to toolchain format... func_convert_file_noop
checking for /ffp/bin/ld option to reload object files... -r
checking for objdump... objdump
checking how to recognize dependent libraries... pass_all
checking for dlltool... no
checking how to associate runtime and link libraries... printf %s\n
checking for ar... ar
checking for archiver @FILE support... @
checking for strip... strip
checking for ranlib... ranlib
checking command to parse /ffp/bin/nm -B output from gcc object... ok
checking for sysroot... no
checking for mt... no
checking if : is a manifest tool... no
checking how to run the C preprocessor... gcc -E
checking for ANSI C header files... yes
checking for sys/types.h... yes
checking for sys/stat.h... yes
checking for stdlib.h... yes
checking for string.h... yes
checking for memory.h... yes
checking for strings.h... yes
checking for inttypes.h... yes
checking for stdint.h... yes
checking for unistd.h... yes
checking for dlfcn.h... yes
checking for objdir... .libs
checking if gcc supports -fno-rtti -fno-exceptions... no
checking for gcc option to produce PIC... -fPIC -DPIC
checking if gcc PIC flag -fPIC -DPIC works... yes
checking if gcc static flag -static works... yes
checking if gcc supports -c -o file.o... yes
checking if gcc supports -c -o file.o... (cached) yes
checking whether the gcc linker (/ffp/bin/ld) supports shared libraries... yes
checking whether -lc should be explicitly linked in... no
checking dynamic linker characteristics... GNU/Linux ld.so
checking how to hardcode library paths into programs... immediate
checking whether stripping libraries is possible... yes
checking if libtool supports shared libraries... yes
checking whether to build shared libraries... yes
checking whether to build static libraries... yes
checking whether ln -s works... yes
checking whether make sets $(MAKE)... (cached) yes
checking for X... no
checking for ANSI C header files... (cached) yes
checking errno.h usability... yes
checking errno.h presence... yes
checking for errno.h... yes
checking limits.h usability... yes
checking limits.h presence... yes
checking for limits.h... yes
checking stddef.h usability... yes
checking stddef.h presence... yes
checking for stddef.h... yes
checking for stdlib.h... (cached) yes
checking for string.h... (cached) yes
checking for unistd.h... (cached) yes
checking for ld used by GCC... /ffp/bin/ld
checking if the linker (/ffp/bin/ld) is GNU ld... yes
checking for shared library run path origin... done
checking for iconv... yes
checking for working iconv... yes
checking how to link with libiconv... -liconv
checking for iconv declaration... 
         extern size_t iconv (iconv_t cd, char * *inbuf, size_t *inbytesleft, char * *outbuf, size_t *outbytesleft);
checking iconv.h usability... yes
checking iconv.h presence... yes
checking for iconv.h... yes
checking whether iconv.h defines iconv_t... yes
checking for sin... no
checking for sin in -lm... yes
checking for deflate in -lz... yes
checking for libpng12-config... no
checking for libpng-config... /ffp/bin/libpng-config
checking png.h usability... yes
checking png.h presence... yes
checking for png.h... yes
checking for png_create_read_struct in -lpng... yes
checking for freetype-config... /ffp/bin/freetype-config
checking for FT_Init_FreeType in -lfreetype... yes
checking ft2build.h usability... yes
checking ft2build.h presence... yes
checking for ft2build.h... yes
checking for FcInit in -lfontconfig... yes
checking for jpeg_set_defaults in -ljpeg... yes
checking for XpmReadFileToXpmImage in -lXpm... no
checking for the pthreads library -lpthreads... no
checking whether pthreads work without any flags... no
checking whether pthreads work with -Kthread... no
checking whether pthreads work with -kthread... no
checking for the pthreads library -llthread... no
checking whether pthreads work with -pthread... yes
checking for joinable pthread attribute... PTHREAD_CREATE_JOINABLE
checking if more special flags are required for pthreads... no

** Configuration summary for gd 2.0.34:

   Support for PNG library:          yes
   Support for JPEG library:         yes
   Support for Freetype 2.x library: yes
   Support for Fontconfig library:   yes
   Support for Xpm library:          no
   Support for pthreads:             yes

configure: creating ./config.status
config.status: creating Makefile
config.status: creating config/Makefile
config.status: creating config/gdlib-config
config.status: creating test/Makefile
config.status: creating config.h
config.status: executing depfiles commands
config.status: executing libtool commands
+ make
make  all-recursive
make[1]: Entering directory `/tmp/libgd.dRpQTW/pierrejoye-gd-libgd-72a0bd3e3d73/src'
Making all in config
make[2]: Entering directory `/tmp/libgd.dRpQTW/pierrejoye-gd-libgd-72a0bd3e3d73/src/config'
make[2]: Nothing to be done for `all'.
make[2]: Leaving directory `/tmp/libgd.dRpQTW/pierrejoye-gd-libgd-72a0bd3e3d73/src/config'
Making all in test
make[2]: Entering directory `/tmp/libgd.dRpQTW/pierrejoye-gd-libgd-72a0bd3e3d73/src/test'
make[2]: Nothing to be done for `all'.
make[2]: Leaving directory `/tmp/libgd.dRpQTW/pierrejoye-gd-libgd-72a0bd3e3d73/src/test'
make[2]: Entering directory `/tmp/libgd.dRpQTW/pierrejoye-gd-libgd-72a0bd3e3d73/src'
/ffp/bin/sh ./libtool --tag=CC   --mode=compile gcc -DHAVE_CONFIG_H -I.   -I/ffp/include/freetype2 -I/ffp/include   -g -O2 -MT gd.lo -MD -MP -MF .deps/gd.Tpo -c -o gd.lo gd.c
libtool: compile:  gcc -DHAVE_CONFIG_H -I. -I/ffp/include/freetype2 -I/ffp/include -g -O2 -MT gd.lo -MD -MP -MF .deps/gd.Tpo -c gd.c  -fPIC -DPIC -o .libs/gd.o
libtool: compile:  gcc -DHAVE_CONFIG_H -I. -I/ffp/include/freetype2 -I/ffp/include -g -O2 -MT gd.lo -MD -MP -MF .deps/gd.Tpo -c gd.c -o gd.o >/dev/null 2>&1
mv -f .deps/gd.Tpo .deps/gd.Plo
/ffp/bin/sh ./libtool --tag=CC   --mode=compile gcc -DHAVE_CONFIG_H -I.   -I/ffp/include/freetype2 -I/ffp/include   -g -O2 -MT gdfx.lo -MD -MP -MF .deps/gdfx.Tpo -c -o gdfx.lo gdfx.c
libtool: compile:  gcc -DHAVE_CONFIG_H -I. -I/ffp/include/freetype2 -I/ffp/include -g -O2 -MT gdfx.lo -MD -MP -MF .deps/gdfx.Tpo -c gdfx.c  -fPIC -DPIC -o .libs/gdfx.o
libtool: compile:  gcc -DHAVE_CONFIG_H -I. -I/ffp/include/freetype2 -I/ffp/include -g -O2 -MT gdfx.lo -MD -MP -MF .deps/gdfx.Tpo -c gdfx.c -o gdfx.o >/dev/null 2>&1
mv -f .deps/gdfx.Tpo .deps/gdfx.Plo
/ffp/bin/sh ./libtool --tag=CC   --mode=compile gcc -DHAVE_CONFIG_H -I.   -I/ffp/include/freetype2 -I/ffp/include   -g -O2 -MT gd_security.lo -MD -MP -MF .deps/gd_security.Tpo -c -o gd_security.lo gd_security.c
libtool: compile:  gcc -DHAVE_CONFIG_H -I. -I/ffp/include/freetype2 -I/ffp/include -g -O2 -MT gd_security.lo -MD -MP -MF .deps/gd_security.Tpo -c gd_security.c  -fPIC -DPIC -o .libs/gd_security.o
libtool: compile:  gcc -DHAVE_CONFIG_H -I. -I/ffp/include/freetype2 -I/ffp/include -g -O2 -MT gd_security.lo -MD -MP -MF .deps/gd_security.Tpo -c gd_security.c -o gd_security.o >/dev/null 2>&1
mv -f .deps/gd_security.Tpo .deps/gd_security.Plo
/ffp/bin/sh ./libtool --tag=CC   --mode=compile gcc -DHAVE_CONFIG_H -I.   -I/ffp/include/freetype2 -I/ffp/include   -g -O2 -MT gd_gd.lo -MD -MP -MF .deps/gd_gd.Tpo -c -o gd_gd.lo gd_gd.c
libtool: compile:  gcc -DHAVE_CONFIG_H -I. -I/ffp/include/freetype2 -I/ffp/include -g -O2 -MT gd_gd.lo -MD -MP -MF .deps/gd_gd.Tpo -c gd_gd.c  -fPIC -DPIC -o .libs/gd_gd.o
libtool: compile:  gcc -DHAVE_CONFIG_H -I. -I/ffp/include/freetype2 -I/ffp/include -g -O2 -MT gd_gd.lo -MD -MP -MF .deps/gd_gd.Tpo -c gd_gd.c -o gd_gd.o >/dev/null 2>&1
mv -f .deps/gd_gd.Tpo .deps/gd_gd.Plo
/ffp/bin/sh ./libtool --tag=CC   --mode=compile gcc -DHAVE_CONFIG_H -I.   -I/ffp/include/freetype2 -I/ffp/include   -g -O2 -MT gd_gd2.lo -MD -MP -MF .deps/gd_gd2.Tpo -c -o gd_gd2.lo gd_gd2.c
libtool: compile:  gcc -DHAVE_CONFIG_H -I. -I/ffp/include/freetype2 -I/ffp/include -g -O2 -MT gd_gd2.lo -MD -MP -MF .deps/gd_gd2.Tpo -c gd_gd2.c  -fPIC -DPIC -o .libs/gd_gd2.o
libtool: compile:  gcc -DHAVE_CONFIG_H -I. -I/ffp/include/freetype2 -I/ffp/include -g -O2 -MT gd_gd2.lo -MD -MP -MF .deps/gd_gd2.Tpo -c gd_gd2.c -o gd_gd2.o >/dev/null 2>&1
mv -f .deps/gd_gd2.Tpo .deps/gd_gd2.Plo
/ffp/bin/sh ./libtool --tag=CC   --mode=compile gcc -DHAVE_CONFIG_H -I.   -I/ffp/include/freetype2 -I/ffp/include   -g -O2 -MT gd_io.lo -MD -MP -MF .deps/gd_io.Tpo -c -o gd_io.lo gd_io.c
libtool: compile:  gcc -DHAVE_CONFIG_H -I. -I/ffp/include/freetype2 -I/ffp/include -g -O2 -MT gd_io.lo -MD -MP -MF .deps/gd_io.Tpo -c gd_io.c  -fPIC -DPIC -o .libs/gd_io.o
libtool: compile:  gcc -DHAVE_CONFIG_H -I. -I/ffp/include/freetype2 -I/ffp/include -g -O2 -MT gd_io.lo -MD -MP -MF .deps/gd_io.Tpo -c gd_io.c -o gd_io.o >/dev/null 2>&1
mv -f .deps/gd_io.Tpo .deps/gd_io.Plo
/ffp/bin/sh ./libtool --tag=CC   --mode=compile gcc -DHAVE_CONFIG_H -I.   -I/ffp/include/freetype2 -I/ffp/include   -g -O2 -MT gd_io_dp.lo -MD -MP -MF .deps/gd_io_dp.Tpo -c -o gd_io_dp.lo gd_io_dp.c
libtool: compile:  gcc -DHAVE_CONFIG_H -I. -I/ffp/include/freetype2 -I/ffp/include -g -O2 -MT gd_io_dp.lo -MD -MP -MF .deps/gd_io_dp.Tpo -c gd_io_dp.c  -fPIC -DPIC -o .libs/gd_io_dp.o
libtool: compile:  gcc -DHAVE_CONFIG_H -I. -I/ffp/include/freetype2 -I/ffp/include -g -O2 -MT gd_io_dp.lo -MD -MP -MF .deps/gd_io_dp.Tpo -c gd_io_dp.c -o gd_io_dp.o >/dev/null 2>&1
mv -f .deps/gd_io_dp.Tpo .deps/gd_io_dp.Plo
/ffp/bin/sh ./libtool --tag=CC   --mode=compile gcc -DHAVE_CONFIG_H -I.   -I/ffp/include/freetype2 -I/ffp/include   -g -O2 -MT gd_gif_in.lo -MD -MP -MF .deps/gd_gif_in.Tpo -c -o gd_gif_in.lo gd_gif_in.c
libtool: compile:  gcc -DHAVE_CONFIG_H -I. -I/ffp/include/freetype2 -I/ffp/include -g -O2 -MT gd_gif_in.lo -MD -MP -MF .deps/gd_gif_in.Tpo -c gd_gif_in.c  -fPIC -DPIC -o .libs/gd_gif_in.o
libtool: compile:  gcc -DHAVE_CONFIG_H -I. -I/ffp/include/freetype2 -I/ffp/include -g -O2 -MT gd_gif_in.lo -MD -MP -MF .deps/gd_gif_in.Tpo -c gd_gif_in.c -o gd_gif_in.o >/dev/null 2>&1
mv -f .deps/gd_gif_in.Tpo .deps/gd_gif_in.Plo
/ffp/bin/sh ./libtool --tag=CC   --mode=compile gcc -DHAVE_CONFIG_H -I.   -I/ffp/include/freetype2 -I/ffp/include   -g -O2 -MT gd_gif_out.lo -MD -MP -MF .deps/gd_gif_out.Tpo -c -o gd_gif_out.lo gd_gif_out.c
libtool: compile:  gcc -DHAVE_CONFIG_H -I. -I/ffp/include/freetype2 -I/ffp/include -g -O2 -MT gd_gif_out.lo -MD -MP -MF .deps/gd_gif_out.Tpo -c gd_gif_out.c  -fPIC -DPIC -o .libs/gd_gif_out.o
libtool: compile:  gcc -DHAVE_CONFIG_H -I. -I/ffp/include/freetype2 -I/ffp/include -g -O2 -MT gd_gif_out.lo -MD -MP -MF .deps/gd_gif_out.Tpo -c gd_gif_out.c -o gd_gif_out.o >/dev/null 2>&1
mv -f .deps/gd_gif_out.Tpo .deps/gd_gif_out.Plo
/ffp/bin/sh ./libtool --tag=CC   --mode=compile gcc -DHAVE_CONFIG_H -I.   -I/ffp/include/freetype2 -I/ffp/include   -g -O2 -MT gd_io_file.lo -MD -MP -MF .deps/gd_io_file.Tpo -c -o gd_io_file.lo gd_io_file.c
libtool: compile:  gcc -DHAVE_CONFIG_H -I. -I/ffp/include/freetype2 -I/ffp/include -g -O2 -MT gd_io_file.lo -MD -MP -MF .deps/gd_io_file.Tpo -c gd_io_file.c  -fPIC -DPIC -o .libs/gd_io_file.o
libtool: compile:  gcc -DHAVE_CONFIG_H -I. -I/ffp/include/freetype2 -I/ffp/include -g -O2 -MT gd_io_file.lo -MD -MP -MF .deps/gd_io_file.Tpo -c gd_io_file.c -o gd_io_file.o >/dev/null 2>&1
mv -f .deps/gd_io_file.Tpo .deps/gd_io_file.Plo
/ffp/bin/sh ./libtool --tag=CC   --mode=compile gcc -DHAVE_CONFIG_H -I.   -I/ffp/include/freetype2 -I/ffp/include   -g -O2 -MT gd_io_ss.lo -MD -MP -MF .deps/gd_io_ss.Tpo -c -o gd_io_ss.lo gd_io_ss.c
libtool: compile:  gcc -DHAVE_CONFIG_H -I. -I/ffp/include/freetype2 -I/ffp/include -g -O2 -MT gd_io_ss.lo -MD -MP -MF .deps/gd_io_ss.Tpo -c gd_io_ss.c  -fPIC -DPIC -o .libs/gd_io_ss.o
libtool: compile:  gcc -DHAVE_CONFIG_H -I. -I/ffp/include/freetype2 -I/ffp/include -g -O2 -MT gd_io_ss.lo -MD -MP -MF .deps/gd_io_ss.Tpo -c gd_io_ss.c -o gd_io_ss.o >/dev/null 2>&1
mv -f .deps/gd_io_ss.Tpo .deps/gd_io_ss.Plo
/ffp/bin/sh ./libtool --tag=CC   --mode=compile gcc -DHAVE_CONFIG_H -I.   -I/ffp/include/freetype2 -I/ffp/include   -g -O2 -MT gd_jpeg.lo -MD -MP -MF .deps/gd_jpeg.Tpo -c -o gd_jpeg.lo gd_jpeg.c
libtool: compile:  gcc -DHAVE_CONFIG_H -I. -I/ffp/include/freetype2 -I/ffp/include -g -O2 -MT gd_jpeg.lo -MD -MP -MF .deps/gd_jpeg.Tpo -c gd_jpeg.c  -fPIC -DPIC -o .libs/gd_jpeg.o
libtool: compile:  gcc -DHAVE_CONFIG_H -I. -I/ffp/include/freetype2 -I/ffp/include -g -O2 -MT gd_jpeg.lo -MD -MP -MF .deps/gd_jpeg.Tpo -c gd_jpeg.c -o gd_jpeg.o >/dev/null 2>&1
mv -f .deps/gd_jpeg.Tpo .deps/gd_jpeg.Plo
/ffp/bin/sh ./libtool --tag=CC   --mode=compile gcc -DHAVE_CONFIG_H -I.   -I/ffp/include/freetype2 -I/ffp/include   -g -O2 -MT gd_png.lo -MD -MP -MF .deps/gd_png.Tpo -c -o gd_png.lo gd_png.c
libtool: compile:  gcc -DHAVE_CONFIG_H -I. -I/ffp/include/freetype2 -I/ffp/include -g -O2 -MT gd_png.lo -MD -MP -MF .deps/gd_png.Tpo -c gd_png.c  -fPIC -DPIC -o .libs/gd_png.o
libtool: compile:  gcc -DHAVE_CONFIG_H -I. -I/ffp/include/freetype2 -I/ffp/include -g -O2 -MT gd_png.lo -MD -MP -MF .deps/gd_png.Tpo -c gd_png.c -o gd_png.o >/dev/null 2>&1
mv -f .deps/gd_png.Tpo .deps/gd_png.Plo
/ffp/bin/sh ./libtool --tag=CC   --mode=compile gcc -DHAVE_CONFIG_H -I.   -I/ffp/include/freetype2 -I/ffp/include   -g -O2 -MT gd_ss.lo -MD -MP -MF .deps/gd_ss.Tpo -c -o gd_ss.lo gd_ss.c
libtool: compile:  gcc -DHAVE_CONFIG_H -I. -I/ffp/include/freetype2 -I/ffp/include -g -O2 -MT gd_ss.lo -MD -MP -MF .deps/gd_ss.Tpo -c gd_ss.c  -fPIC -DPIC -o .libs/gd_ss.o
libtool: compile:  gcc -DHAVE_CONFIG_H -I. -I/ffp/include/freetype2 -I/ffp/include -g -O2 -MT gd_ss.lo -MD -MP -MF .deps/gd_ss.Tpo -c gd_ss.c -o gd_ss.o >/dev/null 2>&1
mv -f .deps/gd_ss.Tpo .deps/gd_ss.Plo
/ffp/bin/sh ./libtool --tag=CC   --mode=compile gcc -DHAVE_CONFIG_H -I.   -I/ffp/include/freetype2 -I/ffp/include   -g -O2 -MT gd_topal.lo -MD -MP -MF .deps/gd_topal.Tpo -c -o gd_topal.lo gd_topal.c
libtool: compile:  gcc -DHAVE_CONFIG_H -I. -I/ffp/include/freetype2 -I/ffp/include -g -O2 -MT gd_topal.lo -MD -MP -MF .deps/gd_topal.Tpo -c gd_topal.c  -fPIC -DPIC -o .libs/gd_topal.o
libtool: compile:  gcc -DHAVE_CONFIG_H -I. -I/ffp/include/freetype2 -I/ffp/include -g -O2 -MT gd_topal.lo -MD -MP -MF .deps/gd_topal.Tpo -c gd_topal.c -o gd_topal.o >/dev/null 2>&1
mv -f .deps/gd_topal.Tpo .deps/gd_topal.Plo
/ffp/bin/sh ./libtool --tag=CC   --mode=compile gcc -DHAVE_CONFIG_H -I.   -I/ffp/include/freetype2 -I/ffp/include   -g -O2 -MT gd_wbmp.lo -MD -MP -MF .deps/gd_wbmp.Tpo -c -o gd_wbmp.lo gd_wbmp.c
libtool: compile:  gcc -DHAVE_CONFIG_H -I. -I/ffp/include/freetype2 -I/ffp/include -g -O2 -MT gd_wbmp.lo -MD -MP -MF .deps/gd_wbmp.Tpo -c gd_wbmp.c  -fPIC -DPIC -o .libs/gd_wbmp.o
libtool: compile:  gcc -DHAVE_CONFIG_H -I. -I/ffp/include/freetype2 -I/ffp/include -g -O2 -MT gd_wbmp.lo -MD -MP -MF .deps/gd_wbmp.Tpo -c gd_wbmp.c -o gd_wbmp.o >/dev/null 2>&1
mv -f .deps/gd_wbmp.Tpo .deps/gd_wbmp.Plo
/ffp/bin/sh ./libtool --tag=CC   --mode=compile gcc -DHAVE_CONFIG_H -I.   -I/ffp/include/freetype2 -I/ffp/include   -g -O2 -MT gdcache.lo -MD -MP -MF .deps/gdcache.Tpo -c -o gdcache.lo gdcache.c
libtool: compile:  gcc -DHAVE_CONFIG_H -I. -I/ffp/include/freetype2 -I/ffp/include -g -O2 -MT gdcache.lo -MD -MP -MF .deps/gdcache.Tpo -c gdcache.c  -fPIC -DPIC -o .libs/gdcache.o
libtool: compile:  gcc -DHAVE_CONFIG_H -I. -I/ffp/include/freetype2 -I/ffp/include -g -O2 -MT gdcache.lo -MD -MP -MF .deps/gdcache.Tpo -c gdcache.c -o gdcache.o >/dev/null 2>&1
mv -f .deps/gdcache.Tpo .deps/gdcache.Plo
/ffp/bin/sh ./libtool --tag=CC   --mode=compile gcc -DHAVE_CONFIG_H -I.   -I/ffp/include/freetype2 -I/ffp/include   -g -O2 -MT gdfontg.lo -MD -MP -MF .deps/gdfontg.Tpo -c -o gdfontg.lo gdfontg.c
libtool: compile:  gcc -DHAVE_CONFIG_H -I. -I/ffp/include/freetype2 -I/ffp/include -g -O2 -MT gdfontg.lo -MD -MP -MF .deps/gdfontg.Tpo -c gdfontg.c  -fPIC -DPIC -o .libs/gdfontg.o
libtool: compile:  gcc -DHAVE_CONFIG_H -I. -I/ffp/include/freetype2 -I/ffp/include -g -O2 -MT gdfontg.lo -MD -MP -MF .deps/gdfontg.Tpo -c gdfontg.c -o gdfontg.o >/dev/null 2>&1
mv -f .deps/gdfontg.Tpo .deps/gdfontg.Plo
/ffp/bin/sh ./libtool --tag=CC   --mode=compile gcc -DHAVE_CONFIG_H -I.   -I/ffp/include/freetype2 -I/ffp/include   -g -O2 -MT gdfontl.lo -MD -MP -MF .deps/gdfontl.Tpo -c -o gdfontl.lo gdfontl.c
libtool: compile:  gcc -DHAVE_CONFIG_H -I. -I/ffp/include/freetype2 -I/ffp/include -g -O2 -MT gdfontl.lo -MD -MP -MF .deps/gdfontl.Tpo -c gdfontl.c  -fPIC -DPIC -o .libs/gdfontl.o
libtool: compile:  gcc -DHAVE_CONFIG_H -I. -I/ffp/include/freetype2 -I/ffp/include -g -O2 -MT gdfontl.lo -MD -MP -MF .deps/gdfontl.Tpo -c gdfontl.c -o gdfontl.o >/dev/null 2>&1
mv -f .deps/gdfontl.Tpo .deps/gdfontl.Plo
/ffp/bin/sh ./libtool --tag=CC   --mode=compile gcc -DHAVE_CONFIG_H -I.   -I/ffp/include/freetype2 -I/ffp/include   -g -O2 -MT gdfontmb.lo -MD -MP -MF .deps/gdfontmb.Tpo -c -o gdfontmb.lo gdfontmb.c
libtool: compile:  gcc -DHAVE_CONFIG_H -I. -I/ffp/include/freetype2 -I/ffp/include -g -O2 -MT gdfontmb.lo -MD -MP -MF .deps/gdfontmb.Tpo -c gdfontmb.c  -fPIC -DPIC -o .libs/gdfontmb.o
libtool: compile:  gcc -DHAVE_CONFIG_H -I. -I/ffp/include/freetype2 -I/ffp/include -g -O2 -MT gdfontmb.lo -MD -MP -MF .deps/gdfontmb.Tpo -c gdfontmb.c -o gdfontmb.o >/dev/null 2>&1
mv -f .deps/gdfontmb.Tpo .deps/gdfontmb.Plo
/ffp/bin/sh ./libtool --tag=CC   --mode=compile gcc -DHAVE_CONFIG_H -I.   -I/ffp/include/freetype2 -I/ffp/include   -g -O2 -MT gdfonts.lo -MD -MP -MF .deps/gdfonts.Tpo -c -o gdfonts.lo gdfonts.c
libtool: compile:  gcc -DHAVE_CONFIG_H -I. -I/ffp/include/freetype2 -I/ffp/include -g -O2 -MT gdfonts.lo -MD -MP -MF .deps/gdfonts.Tpo -c gdfonts.c  -fPIC -DPIC -o .libs/gdfonts.o
libtool: compile:  gcc -DHAVE_CONFIG_H -I. -I/ffp/include/freetype2 -I/ffp/include -g -O2 -MT gdfonts.lo -MD -MP -MF .deps/gdfonts.Tpo -c gdfonts.c -o gdfonts.o >/dev/null 2>&1
mv -f .deps/gdfonts.Tpo .deps/gdfonts.Plo
/ffp/bin/sh ./libtool --tag=CC   --mode=compile gcc -DHAVE_CONFIG_H -I.   -I/ffp/include/freetype2 -I/ffp/include   -g -O2 -MT gdfontt.lo -MD -MP -MF .deps/gdfontt.Tpo -c -o gdfontt.lo gdfontt.c
libtool: compile:  gcc -DHAVE_CONFIG_H -I. -I/ffp/include/freetype2 -I/ffp/include -g -O2 -MT gdfontt.lo -MD -MP -MF .deps/gdfontt.Tpo -c gdfontt.c  -fPIC -DPIC -o .libs/gdfontt.o
libtool: compile:  gcc -DHAVE_CONFIG_H -I. -I/ffp/include/freetype2 -I/ffp/include -g -O2 -MT gdfontt.lo -MD -MP -MF .deps/gdfontt.Tpo -c gdfontt.c -o gdfontt.o >/dev/null 2>&1
mv -f .deps/gdfontt.Tpo .deps/gdfontt.Plo
/ffp/bin/sh ./libtool --tag=CC   --mode=compile gcc -DHAVE_CONFIG_H -I.   -I/ffp/include/freetype2 -I/ffp/include   -g -O2 -MT gdft.lo -MD -MP -MF .deps/gdft.Tpo -c -o gdft.lo gdft.c
libtool: compile:  gcc -DHAVE_CONFIG_H -I. -I/ffp/include/freetype2 -I/ffp/include -g -O2 -MT gdft.lo -MD -MP -MF .deps/gdft.Tpo -c gdft.c  -fPIC -DPIC -o .libs/gdft.o
libtool: compile:  gcc -DHAVE_CONFIG_H -I. -I/ffp/include/freetype2 -I/ffp/include -g -O2 -MT gdft.lo -MD -MP -MF .deps/gdft.Tpo -c gdft.c -o gdft.o >/dev/null 2>&1
mv -f .deps/gdft.Tpo .deps/gdft.Plo
/ffp/bin/sh ./libtool --tag=CC   --mode=compile gcc -DHAVE_CONFIG_H -I.   -I/ffp/include/freetype2 -I/ffp/include   -g -O2 -MT gdhelpers.lo -MD -MP -MF .deps/gdhelpers.Tpo -c -o gdhelpers.lo gdhelpers.c
libtool: compile:  gcc -DHAVE_CONFIG_H -I. -I/ffp/include/freetype2 -I/ffp/include -g -O2 -MT gdhelpers.lo -MD -MP -MF .deps/gdhelpers.Tpo -c gdhelpers.c  -fPIC -DPIC -o .libs/gdhelpers.o
libtool: compile:  gcc -DHAVE_CONFIG_H -I. -I/ffp/include/freetype2 -I/ffp/include -g -O2 -MT gdhelpers.lo -MD -MP -MF .deps/gdhelpers.Tpo -c gdhelpers.c -o gdhelpers.o >/dev/null 2>&1
mv -f .deps/gdhelpers.Tpo .deps/gdhelpers.Plo
/ffp/bin/sh ./libtool --tag=CC   --mode=compile gcc -DHAVE_CONFIG_H -I.   -I/ffp/include/freetype2 -I/ffp/include   -g -O2 -MT gdkanji.lo -MD -MP -MF .deps/gdkanji.Tpo -c -o gdkanji.lo gdkanji.c
libtool: compile:  gcc -DHAVE_CONFIG_H -I. -I/ffp/include/freetype2 -I/ffp/include -g -O2 -MT gdkanji.lo -MD -MP -MF .deps/gdkanji.Tpo -c gdkanji.c  -fPIC -DPIC -o .libs/gdkanji.o
libtool: compile:  gcc -DHAVE_CONFIG_H -I. -I/ffp/include/freetype2 -I/ffp/include -g -O2 -MT gdkanji.lo -MD -MP -MF .deps/gdkanji.Tpo -c gdkanji.c -o gdkanji.o >/dev/null 2>&1
mv -f .deps/gdkanji.Tpo .deps/gdkanji.Plo
/ffp/bin/sh ./libtool --tag=CC   --mode=compile gcc -DHAVE_CONFIG_H -I.   -I/ffp/include/freetype2 -I/ffp/include   -g -O2 -MT gdtables.lo -MD -MP -MF .deps/gdtables.Tpo -c -o gdtables.lo gdtables.c
libtool: compile:  gcc -DHAVE_CONFIG_H -I. -I/ffp/include/freetype2 -I/ffp/include -g -O2 -MT gdtables.lo -MD -MP -MF .deps/gdtables.Tpo -c gdtables.c  -fPIC -DPIC -o .libs/gdtables.o
libtool: compile:  gcc -DHAVE_CONFIG_H -I. -I/ffp/include/freetype2 -I/ffp/include -g -O2 -MT gdtables.lo -MD -MP -MF .deps/gdtables.Tpo -c gdtables.c -o gdtables.o >/dev/null 2>&1
mv -f .deps/gdtables.Tpo .deps/gdtables.Plo
/ffp/bin/sh ./libtool --tag=CC   --mode=compile gcc -DHAVE_CONFIG_H -I.   -I/ffp/include/freetype2 -I/ffp/include   -g -O2 -MT gdxpm.lo -MD -MP -MF .deps/gdxpm.Tpo -c -o gdxpm.lo gdxpm.c
libtool: compile:  gcc -DHAVE_CONFIG_H -I. -I/ffp/include/freetype2 -I/ffp/include -g -O2 -MT gdxpm.lo -MD -MP -MF .deps/gdxpm.Tpo -c gdxpm.c  -fPIC -DPIC -o .libs/gdxpm.o
libtool: compile:  gcc -DHAVE_CONFIG_H -I. -I/ffp/include/freetype2 -I/ffp/include -g -O2 -MT gdxpm.lo -MD -MP -MF .deps/gdxpm.Tpo -c gdxpm.c -o gdxpm.o >/dev/null 2>&1
mv -f .deps/gdxpm.Tpo .deps/gdxpm.Plo
/ffp/bin/sh ./libtool --tag=CC   --mode=compile gcc -DHAVE_CONFIG_H -I.   -I/ffp/include/freetype2 -I/ffp/include   -g -O2 -MT wbmp.lo -MD -MP -MF .deps/wbmp.Tpo -c -o wbmp.lo wbmp.c
libtool: compile:  gcc -DHAVE_CONFIG_H -I. -I/ffp/include/freetype2 -I/ffp/include -g -O2 -MT wbmp.lo -MD -MP -MF .deps/wbmp.Tpo -c wbmp.c  -fPIC -DPIC -o .libs/wbmp.o
libtool: compile:  gcc -DHAVE_CONFIG_H -I. -I/ffp/include/freetype2 -I/ffp/include -g -O2 -MT wbmp.lo -MD -MP -MF .deps/wbmp.Tpo -c wbmp.c -o wbmp.o >/dev/null 2>&1
mv -f .deps/wbmp.Tpo .deps/wbmp.Plo
/ffp/bin/sh ./libtool --tag=CC   --mode=link gcc  -g -O2 -version-info 2:0:0 -L/ffp/lib  -L/ffp/lib -L/ffp/lib -Wl,-rpath,/ffp/lib -o libgd.la -rpath /ffp/lib gd.lo gdfx.lo gd_security.lo gd_gd.lo gd_gd2.lo gd_io.lo gd_io_dp.lo gd_gif_in.lo gd_gif_out.lo gd_io_file.lo gd_io_ss.lo gd_jpeg.lo gd_png.lo gd_ss.lo gd_topal.lo gd_wbmp.lo gdcache.lo gdfontg.lo gdfontl.lo gdfontmb.lo gdfonts.lo gdfontt.lo gdft.lo gdhelpers.lo gdkanji.lo gdtables.lo gdxpm.lo wbmp.lo  -ljpeg -lfontconfig -lfreetype -lpng -lz -lm 
libtool: link: gcc -shared  -fPIC -DPIC  .libs/gd.o .libs/gdfx.o .libs/gd_security.o .libs/gd_gd.o .libs/gd_gd2.o .libs/gd_io.o .libs/gd_io_dp.o .libs/gd_gif_in.o .libs/gd_gif_out.o .libs/gd_io_file.o .libs/gd_io_ss.o .libs/gd_jpeg.o .libs/gd_png.o .libs/gd_ss.o .libs/gd_topal.o .libs/gd_wbmp.o .libs/gdcache.o .libs/gdfontg.o .libs/gdfontl.o .libs/gdfontmb.o .libs/gdfonts.o .libs/gdfontt.o .libs/gdft.o .libs/gdhelpers.o .libs/gdkanji.o .libs/gdtables.o .libs/gdxpm.o .libs/wbmp.o   -Wl,-rpath -Wl,/ffp/lib -Wl,-rpath -Wl,/ffp/lib -L/ffp/lib /ffp/lib/libjpeg.so /ffp/lib/libfontconfig.so /ffp/lib/libiconv.so /ffp/lib/libexpat.so /ffp/lib/libfreetype.so -lbz2 /ffp/lib/libpng14.so -lz -lm  -O2 -Wl,-rpath -Wl,/ffp/lib   -Wl,-soname -Wl,libgd.so.2 -o .libs/libgd.so.2.0.0
libtool: link: (cd ".libs" && rm -f "libgd.so.2" && ln -s "libgd.so.2.0.0" "libgd.so.2")
libtool: link: (cd ".libs" && rm -f "libgd.so" && ln -s "libgd.so.2.0.0" "libgd.so")
libtool: link: ar cru .libs/libgd.a  gd.o gdfx.o gd_security.o gd_gd.o gd_gd2.o gd_io.o gd_io_dp.o gd_gif_in.o gd_gif_out.o gd_io_file.o gd_io_ss.o gd_jpeg.o gd_png.o gd_ss.o gd_topal.o gd_wbmp.o gdcache.o gdfontg.o gdfontl.o gdfontmb.o gdfonts.o gdfontt.o gdft.o gdhelpers.o gdkanji.o gdtables.o gdxpm.o wbmp.o
libtool: link: ranlib .libs/libgd.a
libtool: link: ( cd ".libs" && rm -f "libgd.la" && ln -s "../libgd.la" "libgd.la" )
gcc -DHAVE_CONFIG_H -I.   -I/ffp/include/freetype2 -I/ffp/include   -g -O2 -MT annotate.o -MD -MP -MF .deps/annotate.Tpo -c -o annotate.o annotate.c
mv -f .deps/annotate.Tpo .deps/annotate.Po
/ffp/bin/sh ./libtool --tag=CC   --mode=link gcc  -g -O2  -L/ffp/lib  -L/ffp/lib -L/ffp/lib -Wl,-rpath,/ffp/lib -o annotate annotate.o ./libgd.la -liconv -ljpeg -lfontconfig -lfreetype -lpng -lz -lm 
libtool: link: gcc -g -O2 -Wl,-rpath -Wl,/ffp/lib -o .libs/annotate annotate.o  -L/ffp/lib ./.libs/libgd.so /ffp/lib/libjpeg.so /ffp/lib/libfontconfig.so /ffp/lib/libiconv.so /ffp/lib/libexpat.so /ffp/lib/libfreetype.so -lbz2 /ffp/lib/libpng14.so -lz -lm -Wl,-rpath -Wl,/ffp/lib
gcc -DHAVE_CONFIG_H -I.   -I/ffp/include/freetype2 -I/ffp/include   -g -O2 -MT gdparttopng.o -MD -MP -MF .deps/gdparttopng.Tpo -c -o gdparttopng.o gdparttopng.c
mv -f .deps/gdparttopng.Tpo .deps/gdparttopng.Po
/ffp/bin/sh ./libtool --tag=CC   --mode=link gcc  -g -O2  -L/ffp/lib  -L/ffp/lib -L/ffp/lib -Wl,-rpath,/ffp/lib -o gdparttopng gdparttopng.o ./libgd.la -liconv -ljpeg -lfontconfig -lfreetype -lpng -lz -lm 
libtool: link: gcc -g -O2 -Wl,-rpath -Wl,/ffp/lib -o .libs/gdparttopng gdparttopng.o  -L/ffp/lib ./.libs/libgd.so /ffp/lib/libjpeg.so /ffp/lib/libfontconfig.so /ffp/lib/libiconv.so /ffp/lib/libexpat.so /ffp/lib/libfreetype.so -lbz2 /ffp/lib/libpng14.so -lz -lm -Wl,-rpath -Wl,/ffp/lib
gcc -DHAVE_CONFIG_H -I.   -I/ffp/include/freetype2 -I/ffp/include   -g -O2 -MT gdtopng.o -MD -MP -MF .deps/gdtopng.Tpo -c -o gdtopng.o gdtopng.c
mv -f .deps/gdtopng.Tpo .deps/gdtopng.Po
/ffp/bin/sh ./libtool --tag=CC   --mode=link gcc  -g -O2  -L/ffp/lib  -L/ffp/lib -L/ffp/lib -Wl,-rpath,/ffp/lib -o gdtopng gdtopng.o ./libgd.la -liconv -ljpeg -lfontconfig -lfreetype -lpng -lz -lm 
libtool: link: gcc -g -O2 -Wl,-rpath -Wl,/ffp/lib -o .libs/gdtopng gdtopng.o  -L/ffp/lib ./.libs/libgd.so /ffp/lib/libjpeg.so /ffp/lib/libfontconfig.so /ffp/lib/libiconv.so /ffp/lib/libexpat.so /ffp/lib/libfreetype.so -lbz2 /ffp/lib/libpng14.so -lz -lm -Wl,-rpath -Wl,/ffp/lib
gcc -DHAVE_CONFIG_H -I.   -I/ffp/include/freetype2 -I/ffp/include   -g -O2 -MT gd2copypal.o -MD -MP -MF .deps/gd2copypal.Tpo -c -o gd2copypal.o gd2copypal.c
mv -f .deps/gd2copypal.Tpo .deps/gd2copypal.Po
/ffp/bin/sh ./libtool --tag=CC   --mode=link gcc  -g -O2  -L/ffp/lib  -L/ffp/lib -L/ffp/lib -Wl,-rpath,/ffp/lib -o gd2copypal gd2copypal.o ./libgd.la -liconv -ljpeg -lfontconfig -lfreetype -lpng -lz -lm 
libtool: link: gcc -g -O2 -Wl,-rpath -Wl,/ffp/lib -o .libs/gd2copypal gd2copypal.o  -L/ffp/lib ./.libs/libgd.so /ffp/lib/libjpeg.so /ffp/lib/libfontconfig.so /ffp/lib/libiconv.so /ffp/lib/libexpat.so /ffp/lib/libfreetype.so -lbz2 /ffp/lib/libpng14.so -lz -lm -Wl,-rpath -Wl,/ffp/lib
gcc -DHAVE_CONFIG_H -I.   -I/ffp/include/freetype2 -I/ffp/include   -g -O2 -MT gd2topng.o -MD -MP -MF .deps/gd2topng.Tpo -c -o gd2topng.o gd2topng.c
mv -f .deps/gd2topng.Tpo .deps/gd2topng.Po
/ffp/bin/sh ./libtool --tag=CC   --mode=link gcc  -g -O2  -L/ffp/lib  -L/ffp/lib -L/ffp/lib -Wl,-rpath,/ffp/lib -o gd2topng gd2topng.o ./libgd.la -liconv -ljpeg -lfontconfig -lfreetype -lpng -lz -lm 
libtool: link: gcc -g -O2 -Wl,-rpath -Wl,/ffp/lib -o .libs/gd2topng gd2topng.o  -L/ffp/lib ./.libs/libgd.so /ffp/lib/libjpeg.so /ffp/lib/libfontconfig.so /ffp/lib/libiconv.so /ffp/lib/libexpat.so /ffp/lib/libfreetype.so -lbz2 /ffp/lib/libpng14.so -lz -lm -Wl,-rpath -Wl,/ffp/lib
gcc -DHAVE_CONFIG_H -I.   -I/ffp/include/freetype2 -I/ffp/include   -g -O2 -MT pngtogd.o -MD -MP -MF .deps/pngtogd.Tpo -c -o pngtogd.o pngtogd.c
mv -f .deps/pngtogd.Tpo .deps/pngtogd.Po
/ffp/bin/sh ./libtool --tag=CC   --mode=link gcc  -g -O2  -L/ffp/lib  -L/ffp/lib -L/ffp/lib -Wl,-rpath,/ffp/lib -o pngtogd pngtogd.o ./libgd.la -liconv -ljpeg -lfontconfig -lfreetype -lpng -lz -lm 
libtool: link: gcc -g -O2 -Wl,-rpath -Wl,/ffp/lib -o .libs/pngtogd pngtogd.o  -L/ffp/lib ./.libs/libgd.so /ffp/lib/libjpeg.so /ffp/lib/libfontconfig.so /ffp/lib/libiconv.so /ffp/lib/libexpat.so /ffp/lib/libfreetype.so -lbz2 /ffp/lib/libpng14.so -lz -lm -Wl,-rpath -Wl,/ffp/lib
gcc -DHAVE_CONFIG_H -I.   -I/ffp/include/freetype2 -I/ffp/include   -g -O2 -MT pngtogd2.o -MD -MP -MF .deps/pngtogd2.Tpo -c -o pngtogd2.o pngtogd2.c
mv -f .deps/pngtogd2.Tpo .deps/pngtogd2.Po
/ffp/bin/sh ./libtool --tag=CC   --mode=link gcc  -g -O2  -L/ffp/lib  -L/ffp/lib -L/ffp/lib -Wl,-rpath,/ffp/lib -o pngtogd2 pngtogd2.o ./libgd.la -liconv -ljpeg -lfontconfig -lfreetype -lpng -lz -lm 
libtool: link: gcc -g -O2 -Wl,-rpath -Wl,/ffp/lib -o .libs/pngtogd2 pngtogd2.o  -L/ffp/lib ./.libs/libgd.so /ffp/lib/libjpeg.so /ffp/lib/libfontconfig.so /ffp/lib/libiconv.so /ffp/lib/libexpat.so /ffp/lib/libfreetype.so -lbz2 /ffp/lib/libpng14.so -lz -lm -Wl,-rpath -Wl,/ffp/lib
gcc -DHAVE_CONFIG_H -I.   -I/ffp/include/freetype2 -I/ffp/include   -g -O2 -MT webpng.o -MD -MP -MF .deps/webpng.Tpo -c -o webpng.o webpng.c
mv -f .deps/webpng.Tpo .deps/webpng.Po
/ffp/bin/sh ./libtool --tag=CC   --mode=link gcc  -g -O2  -L/ffp/lib  -L/ffp/lib -L/ffp/lib -Wl,-rpath,/ffp/lib -o webpng webpng.o ./libgd.la -liconv -ljpeg -lfontconfig -lfreetype -lpng -lz -lm 
libtool: link: gcc -g -O2 -Wl,-rpath -Wl,/ffp/lib -o .libs/webpng webpng.o  -L/ffp/lib ./.libs/libgd.so /ffp/lib/libjpeg.so /ffp/lib/libfontconfig.so /ffp/lib/libiconv.so /ffp/lib/libexpat.so /ffp/lib/libfreetype.so -lbz2 /ffp/lib/libpng14.so -lz -lm -Wl,-rpath -Wl,/ffp/lib
gcc -DHAVE_CONFIG_H -I.   -I/ffp/include/freetype2 -I/ffp/include   -g -O2 -MT gd2togif.o -MD -MP -MF .deps/gd2togif.Tpo -c -o gd2togif.o gd2togif.c
mv -f .deps/gd2togif.Tpo .deps/gd2togif.Po
/ffp/bin/sh ./libtool --tag=CC   --mode=link gcc  -g -O2  -L/ffp/lib  -L/ffp/lib -L/ffp/lib -Wl,-rpath,/ffp/lib -o gd2togif gd2togif.o ./libgd.la -liconv -ljpeg -lfontconfig -lfreetype -lpng -lz -lm 
libtool: link: gcc -g -O2 -Wl,-rpath -Wl,/ffp/lib -o .libs/gd2togif gd2togif.o  -L/ffp/lib ./.libs/libgd.so /ffp/lib/libjpeg.so /ffp/lib/libfontconfig.so /ffp/lib/libiconv.so /ffp/lib/libexpat.so /ffp/lib/libfreetype.so -lbz2 /ffp/lib/libpng14.so -lz -lm -Wl,-rpath -Wl,/ffp/lib
gcc -DHAVE_CONFIG_H -I.   -I/ffp/include/freetype2 -I/ffp/include   -g -O2 -MT gdcmpgif.o -MD -MP -MF .deps/gdcmpgif.Tpo -c -o gdcmpgif.o gdcmpgif.c
mv -f .deps/gdcmpgif.Tpo .deps/gdcmpgif.Po
/ffp/bin/sh ./libtool --tag=CC   --mode=link gcc  -g -O2  -L/ffp/lib  -L/ffp/lib -L/ffp/lib -Wl,-rpath,/ffp/lib -o gdcmpgif gdcmpgif.o ./libgd.la -liconv -ljpeg -lfontconfig -lfreetype -lpng -lz -lm 
libtool: link: gcc -g -O2 -Wl,-rpath -Wl,/ffp/lib -o .libs/gdcmpgif gdcmpgif.o  -L/ffp/lib ./.libs/libgd.so /ffp/lib/libjpeg.so /ffp/lib/libfontconfig.so /ffp/lib/libiconv.so /ffp/lib/libexpat.so /ffp/lib/libfreetype.so -lbz2 /ffp/lib/libpng14.so -lz -lm -Wl,-rpath -Wl,/ffp/lib
gcc -DHAVE_CONFIG_H -I.   -I/ffp/include/freetype2 -I/ffp/include   -g -O2 -MT giftogd2.o -MD -MP -MF .deps/giftogd2.Tpo -c -o giftogd2.o giftogd2.c
mv -f .deps/giftogd2.Tpo .deps/giftogd2.Po
/ffp/bin/sh ./libtool --tag=CC   --mode=link gcc  -g -O2  -L/ffp/lib  -L/ffp/lib -L/ffp/lib -Wl,-rpath,/ffp/lib -o giftogd2 giftogd2.o ./libgd.la -liconv -ljpeg -lfontconfig -lfreetype -lpng -lz -lm 
libtool: link: gcc -g -O2 -Wl,-rpath -Wl,/ffp/lib -o .libs/giftogd2 giftogd2.o  -L/ffp/lib ./.libs/libgd.so /ffp/lib/libjpeg.so /ffp/lib/libfontconfig.so /ffp/lib/libiconv.so /ffp/lib/libexpat.so /ffp/lib/libfreetype.so -lbz2 /ffp/lib/libpng14.so -lz -lm -Wl,-rpath -Wl,/ffp/lib
gcc -DHAVE_CONFIG_H -I.   -I/ffp/include/freetype2 -I/ffp/include   -g -O2 -MT fontsizetest.o -MD -MP -MF .deps/fontsizetest.Tpo -c -o fontsizetest.o fontsizetest.c
mv -f .deps/fontsizetest.Tpo .deps/fontsizetest.Po
/ffp/bin/sh ./libtool --tag=CC   --mode=link gcc  -g -O2  -L/ffp/lib  -L/ffp/lib -L/ffp/lib -Wl,-rpath,/ffp/lib -o fontsizetest fontsizetest.o ./libgd.la -liconv -ljpeg -lfontconfig -lfreetype -lpng -lz -lm 
libtool: link: gcc -g -O2 -Wl,-rpath -Wl,/ffp/lib -o .libs/fontsizetest fontsizetest.o  -L/ffp/lib ./.libs/libgd.so /ffp/lib/libjpeg.so /ffp/lib/libfontconfig.so /ffp/lib/libiconv.so /ffp/lib/libexpat.so /ffp/lib/libfreetype.so -lbz2 /ffp/lib/libpng14.so -lz -lm -Wl,-rpath -Wl,/ffp/lib
gcc -DHAVE_CONFIG_H -I.   -I/ffp/include/freetype2 -I/ffp/include   -g -O2 -MT fontwheeltest.o -MD -MP -MF .deps/fontwheeltest.Tpo -c -o fontwheeltest.o fontwheeltest.c
mv -f .deps/fontwheeltest.Tpo .deps/fontwheeltest.Po
/ffp/bin/sh ./libtool --tag=CC   --mode=link gcc  -g -O2  -L/ffp/lib  -L/ffp/lib -L/ffp/lib -Wl,-rpath,/ffp/lib -o fontwheeltest fontwheeltest.o ./libgd.la -liconv -ljpeg -lfontconfig -lfreetype -lpng -lz -lm 
libtool: link: gcc -g -O2 -Wl,-rpath -Wl,/ffp/lib -o .libs/fontwheeltest fontwheeltest.o  -L/ffp/lib ./.libs/libgd.so /ffp/lib/libjpeg.so /ffp/lib/libfontconfig.so /ffp/lib/libiconv.so /ffp/lib/libexpat.so /ffp/lib/libfreetype.so -lbz2 /ffp/lib/libpng14.so -lz -lm -Wl,-rpath -Wl,/ffp/lib
gcc -DHAVE_CONFIG_H -I.   -I/ffp/include/freetype2 -I/ffp/include   -g -O2 -MT gdtest.o -MD -MP -MF .deps/gdtest.Tpo -c -o gdtest.o gdtest.c
mv -f .deps/gdtest.Tpo .deps/gdtest.Po
/ffp/bin/sh ./libtool --tag=CC   --mode=link gcc  -g -O2  -L/ffp/lib  -L/ffp/lib -L/ffp/lib -Wl,-rpath,/ffp/lib -o gdtest gdtest.o ./libgd.la -liconv -ljpeg -lfontconfig -lfreetype -lpng -lz -lm 
libtool: link: gcc -g -O2 -Wl,-rpath -Wl,/ffp/lib -o .libs/gdtest gdtest.o  -L/ffp/lib ./.libs/libgd.so /ffp/lib/libjpeg.so /ffp/lib/libfontconfig.so /ffp/lib/libiconv.so /ffp/lib/libexpat.so /ffp/lib/libfreetype.so -lbz2 /ffp/lib/libpng14.so -lz -lm -Wl,-rpath -Wl,/ffp/lib
gcc -DHAVE_CONFIG_H -I.   -I/ffp/include/freetype2 -I/ffp/include   -g -O2 -MT gddemo.o -MD -MP -MF .deps/gddemo.Tpo -c -o gddemo.o gddemo.c
mv -f .deps/gddemo.Tpo .deps/gddemo.Po
/ffp/bin/sh ./libtool --tag=CC   --mode=link gcc  -g -O2  -L/ffp/lib  -L/ffp/lib -L/ffp/lib -Wl,-rpath,/ffp/lib -o gddemo gddemo.o ./libgd.la -liconv -ljpeg -lfontconfig -lfreetype -lpng -lz -lm 
libtool: link: gcc -g -O2 -Wl,-rpath -Wl,/ffp/lib -o .libs/gddemo gddemo.o  -L/ffp/lib ./.libs/libgd.so /ffp/lib/libjpeg.so /ffp/lib/libfontconfig.so /ffp/lib/libiconv.so /ffp/lib/libexpat.so /ffp/lib/libfreetype.so -lbz2 /ffp/lib/libpng14.so -lz -lm -Wl,-rpath -Wl,/ffp/lib
gcc -DHAVE_CONFIG_H -I.   -I/ffp/include/freetype2 -I/ffp/include   -g -O2 -MT gd2time.o -MD -MP -MF .deps/gd2time.Tpo -c -o gd2time.o gd2time.c
mv -f .deps/gd2time.Tpo .deps/gd2time.Po
/ffp/bin/sh ./libtool --tag=CC   --mode=link gcc  -g -O2  -L/ffp/lib  -L/ffp/lib -L/ffp/lib -Wl,-rpath,/ffp/lib -o gd2time gd2time.o ./libgd.la -liconv -ljpeg -lfontconfig -lfreetype -lpng -lz -lm 
libtool: link: gcc -g -O2 -Wl,-rpath -Wl,/ffp/lib -o .libs/gd2time gd2time.o  -L/ffp/lib ./.libs/libgd.so /ffp/lib/libjpeg.so /ffp/lib/libfontconfig.so /ffp/lib/libiconv.so /ffp/lib/libexpat.so /ffp/lib/libfreetype.so -lbz2 /ffp/lib/libpng14.so -lz -lm -Wl,-rpath -Wl,/ffp/lib
gcc -DHAVE_CONFIG_H -I.   -I/ffp/include/freetype2 -I/ffp/include   -g -O2 -MT gdtestft.o -MD -MP -MF .deps/gdtestft.Tpo -c -o gdtestft.o gdtestft.c
mv -f .deps/gdtestft.Tpo .deps/gdtestft.Po
/ffp/bin/sh ./libtool --tag=CC   --mode=link gcc  -g -O2  -L/ffp/lib  -L/ffp/lib -L/ffp/lib -Wl,-rpath,/ffp/lib -o gdtestft gdtestft.o ./libgd.la -liconv -ljpeg -lfontconfig -lfreetype -lpng -lz -lm 
libtool: link: gcc -g -O2 -Wl,-rpath -Wl,/ffp/lib -o .libs/gdtestft gdtestft.o  -L/ffp/lib ./.libs/libgd.so /ffp/lib/libjpeg.so /ffp/lib/libfontconfig.so /ffp/lib/libiconv.so /ffp/lib/libexpat.so /ffp/lib/libfreetype.so -lbz2 /ffp/lib/libpng14.so -lz -lm -Wl,-rpath -Wl,/ffp/lib
gcc -DHAVE_CONFIG_H -I.   -I/ffp/include/freetype2 -I/ffp/include   -g -O2 -MT testac.o -MD -MP -MF .deps/testac.Tpo -c -o testac.o testac.c
mv -f .deps/testac.Tpo .deps/testac.Po
/ffp/bin/sh ./libtool --tag=CC   --mode=link gcc  -g -O2  -L/ffp/lib  -L/ffp/lib -L/ffp/lib -Wl,-rpath,/ffp/lib -o testac testac.o ./libgd.la -liconv -ljpeg -lfontconfig -lfreetype -lpng -lz -lm 
libtool: link: gcc -g -O2 -Wl,-rpath -Wl,/ffp/lib -o .libs/testac testac.o  -L/ffp/lib ./.libs/libgd.so /ffp/lib/libjpeg.so /ffp/lib/libfontconfig.so /ffp/lib/libiconv.so /ffp/lib/libexpat.so /ffp/lib/libfreetype.so -lbz2 /ffp/lib/libpng14.so -lz -lm -Wl,-rpath -Wl,/ffp/lib
gcc -DHAVE_CONFIG_H -I.   -I/ffp/include/freetype2 -I/ffp/include   -g -O2 -MT circletexttest.o -MD -MP -MF .deps/circletexttest.Tpo -c -o circletexttest.o circletexttest.c
mv -f .deps/circletexttest.Tpo .deps/circletexttest.Po
/ffp/bin/sh ./libtool --tag=CC   --mode=link gcc  -g -O2  -L/ffp/lib  -L/ffp/lib -L/ffp/lib -Wl,-rpath,/ffp/lib -o circletexttest circletexttest.o ./libgd.la -liconv -ljpeg -lfontconfig -lfreetype -lpng -lz -lm 
libtool: link: gcc -g -O2 -Wl,-rpath -Wl,/ffp/lib -o .libs/circletexttest circletexttest.o  -L/ffp/lib ./.libs/libgd.so /ffp/lib/libjpeg.so /ffp/lib/libfontconfig.so /ffp/lib/libiconv.so /ffp/lib/libexpat.so /ffp/lib/libfreetype.so -lbz2 /ffp/lib/libpng14.so -lz -lm -Wl,-rpath -Wl,/ffp/lib
gcc -DHAVE_CONFIG_H -I.   -I/ffp/include/freetype2 -I/ffp/include   -g -O2 -MT testtr.o -MD -MP -MF .deps/testtr.Tpo -c -o testtr.o testtr.c
mv -f .deps/testtr.Tpo .deps/testtr.Po
/ffp/bin/sh ./libtool --tag=CC   --mode=link gcc  -g -O2  -L/ffp/lib  -L/ffp/lib -L/ffp/lib -Wl,-rpath,/ffp/lib -o testtr testtr.o ./libgd.la -liconv -ljpeg -lfontconfig -lfreetype -lpng -lz -lm 
libtool: link: gcc -g -O2 -Wl,-rpath -Wl,/ffp/lib -o .libs/testtr testtr.o  -L/ffp/lib ./.libs/libgd.so /ffp/lib/libjpeg.so /ffp/lib/libfontconfig.so /ffp/lib/libiconv.so /ffp/lib/libexpat.so /ffp/lib/libfreetype.so -lbz2 /ffp/lib/libpng14.so -lz -lm -Wl,-rpath -Wl,/ffp/lib
gcc -DHAVE_CONFIG_H -I.   -I/ffp/include/freetype2 -I/ffp/include   -g -O2 -MT fontconfigtest.o -MD -MP -MF .deps/fontconfigtest.Tpo -c -o fontconfigtest.o fontconfigtest.c
mv -f .deps/fontconfigtest.Tpo .deps/fontconfigtest.Po
/ffp/bin/sh ./libtool --tag=CC   --mode=link gcc  -g -O2  -L/ffp/lib  -L/ffp/lib -L/ffp/lib -Wl,-rpath,/ffp/lib -o fontconfigtest fontconfigtest.o ./libgd.la -liconv -ljpeg -lfontconfig -lfreetype -lpng -lz -lm 
libtool: link: gcc -g -O2 -Wl,-rpath -Wl,/ffp/lib -o .libs/fontconfigtest fontconfigtest.o  -L/ffp/lib ./.libs/libgd.so /ffp/lib/libjpeg.so /ffp/lib/libfontconfig.so /ffp/lib/libiconv.so /ffp/lib/libexpat.so /ffp/lib/libfreetype.so -lbz2 /ffp/lib/libpng14.so -lz -lm -Wl,-rpath -Wl,/ffp/lib
gcc -DHAVE_CONFIG_H -I.   -I/ffp/include/freetype2 -I/ffp/include   -g -O2 -MT gifanimtest.o -MD -MP -MF .deps/gifanimtest.Tpo -c -o gifanimtest.o gifanimtest.c
mv -f .deps/gifanimtest.Tpo .deps/gifanimtest.Po
/ffp/bin/sh ./libtool --tag=CC   --mode=link gcc  -g -O2  -L/ffp/lib  -L/ffp/lib -L/ffp/lib -Wl,-rpath,/ffp/lib -o gifanimtest gifanimtest.o ./libgd.la -liconv -ljpeg -lfontconfig -lfreetype -lpng -lz -lm 
libtool: link: gcc -g -O2 -Wl,-rpath -Wl,/ffp/lib -o .libs/gifanimtest gifanimtest.o  -L/ffp/lib ./.libs/libgd.so /ffp/lib/libjpeg.so /ffp/lib/libfontconfig.so /ffp/lib/libiconv.so /ffp/lib/libexpat.so /ffp/lib/libfreetype.so -lbz2 /ffp/lib/libpng14.so -lz -lm -Wl,-rpath -Wl,/ffp/lib
make[2]: Leaving directory `/tmp/libgd.dRpQTW/pierrejoye-gd-libgd-72a0bd3e3d73/src'
make[1]: Leaving directory `/tmp/libgd.dRpQTW/pierrejoye-gd-libgd-72a0bd3e3d73/src'
+ make DESTDIR=/tmp/libgd.dRpQTW/pkg install
Making install in config
make[1]: Entering directory `/tmp/libgd.dRpQTW/pierrejoye-gd-libgd-72a0bd3e3d73/src/config'
make[2]: Entering directory `/tmp/libgd.dRpQTW/pierrejoye-gd-libgd-72a0bd3e3d73/src/config'
test -z "/ffp/bin" || /ffp/bin/mkdir -p "/tmp/libgd.dRpQTW/pkg/ffp/bin"
 /ffp/bin/install -c gdlib-config '/tmp/libgd.dRpQTW/pkg/ffp/bin'
make[2]: Nothing to be done for `install-data-am'.
make[2]: Leaving directory `/tmp/libgd.dRpQTW/pierrejoye-gd-libgd-72a0bd3e3d73/src/config'
make[1]: Leaving directory `/tmp/libgd.dRpQTW/pierrejoye-gd-libgd-72a0bd3e3d73/src/config'
Making install in test
make[1]: Entering directory `/tmp/libgd.dRpQTW/pierrejoye-gd-libgd-72a0bd3e3d73/src/test'
make[2]: Entering directory `/tmp/libgd.dRpQTW/pierrejoye-gd-libgd-72a0bd3e3d73/src/test'
make[2]: Nothing to be done for `install-exec-am'.
make[2]: Nothing to be done for `install-data-am'.
make[2]: Leaving directory `/tmp/libgd.dRpQTW/pierrejoye-gd-libgd-72a0bd3e3d73/src/test'
make[1]: Leaving directory `/tmp/libgd.dRpQTW/pierrejoye-gd-libgd-72a0bd3e3d73/src/test'
make[1]: Entering directory `/tmp/libgd.dRpQTW/pierrejoye-gd-libgd-72a0bd3e3d73/src'
make[2]: Entering directory `/tmp/libgd.dRpQTW/pierrejoye-gd-libgd-72a0bd3e3d73/src'
test -z "/ffp/lib" || /ffp/bin/mkdir -p "/tmp/libgd.dRpQTW/pkg/ffp/lib"
 /ffp/bin/sh ./libtool   --mode=install /ffp/bin/install -c   libgd.la '/tmp/libgd.dRpQTW/pkg/ffp/lib'
libtool: install: /ffp/bin/install -c .libs/libgd.so.2.0.0 /tmp/libgd.dRpQTW/pkg/ffp/lib/libgd.so.2.0.0
libtool: install: (cd /tmp/libgd.dRpQTW/pkg/ffp/lib && { ln -s -f libgd.so.2.0.0 libgd.so.2 || { rm -f libgd.so.2 && ln -s libgd.so.2.0.0 libgd.so.2; }; })
libtool: install: (cd /tmp/libgd.dRpQTW/pkg/ffp/lib && { ln -s -f libgd.so.2.0.0 libgd.so || { rm -f libgd.so && ln -s libgd.so.2.0.0 libgd.so; }; })
libtool: install: /ffp/bin/install -c .libs/libgd.lai /tmp/libgd.dRpQTW/pkg/ffp/lib/libgd.la
libtool: install: /ffp/bin/install -c .libs/libgd.a /tmp/libgd.dRpQTW/pkg/ffp/lib/libgd.a
libtool: install: chmod 644 /tmp/libgd.dRpQTW/pkg/ffp/lib/libgd.a
libtool: install: ranlib /tmp/libgd.dRpQTW/pkg/ffp/lib/libgd.a
libtool: install: warning: remember to run `libtool --finish /ffp/lib'
test -z "/ffp/bin" || /ffp/bin/mkdir -p "/tmp/libgd.dRpQTW/pkg/ffp/bin"
  /ffp/bin/sh ./libtool   --mode=install /ffp/bin/install -c annotate gdparttopng gdtopng gd2copypal gd2topng pngtogd pngtogd2 webpng gd2togif gdcmpgif giftogd2 '/tmp/libgd.dRpQTW/pkg/ffp/bin'
libtool: install: warning: `./libgd.la' has not been installed in `/ffp/lib'
libtool: install: /ffp/bin/install -c .libs/annotate /tmp/libgd.dRpQTW/pkg/ffp/bin/annotate
libtool: install: warning: `./libgd.la' has not been installed in `/ffp/lib'
libtool: install: /ffp/bin/install -c .libs/gdparttopng /tmp/libgd.dRpQTW/pkg/ffp/bin/gdparttopng
libtool: install: warning: `./libgd.la' has not been installed in `/ffp/lib'
libtool: install: /ffp/bin/install -c .libs/gdtopng /tmp/libgd.dRpQTW/pkg/ffp/bin/gdtopng
libtool: install: warning: `./libgd.la' has not been installed in `/ffp/lib'
libtool: install: /ffp/bin/install -c .libs/gd2copypal /tmp/libgd.dRpQTW/pkg/ffp/bin/gd2copypal
libtool: install: warning: `./libgd.la' has not been installed in `/ffp/lib'
libtool: install: /ffp/bin/install -c .libs/gd2topng /tmp/libgd.dRpQTW/pkg/ffp/bin/gd2topng
libtool: install: warning: `./libgd.la' has not been installed in `/ffp/lib'
libtool: install: /ffp/bin/install -c .libs/pngtogd /tmp/libgd.dRpQTW/pkg/ffp/bin/pngtogd
libtool: install: warning: `./libgd.la' has not been installed in `/ffp/lib'
libtool: install: /ffp/bin/install -c .libs/pngtogd2 /tmp/libgd.dRpQTW/pkg/ffp/bin/pngtogd2
libtool: install: warning: `./libgd.la' has not been installed in `/ffp/lib'
libtool: install: /ffp/bin/install -c .libs/webpng /tmp/libgd.dRpQTW/pkg/ffp/bin/webpng
libtool: install: warning: `./libgd.la' has not been installed in `/ffp/lib'
libtool: install: /ffp/bin/install -c .libs/gd2togif /tmp/libgd.dRpQTW/pkg/ffp/bin/gd2togif
libtool: install: warning: `./libgd.la' has not been installed in `/ffp/lib'
libtool: install: /ffp/bin/install -c .libs/gdcmpgif /tmp/libgd.dRpQTW/pkg/ffp/bin/gdcmpgif
libtool: install: warning: `./libgd.la' has not been installed in `/ffp/lib'
libtool: install: /ffp/bin/install -c .libs/giftogd2 /tmp/libgd.dRpQTW/pkg/ffp/bin/giftogd2
test -z "/ffp/bin" || /ffp/bin/mkdir -p "/tmp/libgd.dRpQTW/pkg/ffp/bin"
 /ffp/bin/install -c bdftogd config/gdlib-config '/tmp/libgd.dRpQTW/pkg/ffp/bin'
test -z "/ffp/include" || /ffp/bin/mkdir -p "/tmp/libgd.dRpQTW/pkg/ffp/include"
 /ffp/bin/install -c -m 644 gd.h gdfx.h gd_io.h gdcache.h gdfontg.h gdfontl.h gdfontmb.h gdfonts.h gdfontt.h entities.h '/tmp/libgd.dRpQTW/pkg/ffp/include'
make[2]: Leaving directory `/tmp/libgd.dRpQTW/pierrejoye-gd-libgd-72a0bd3e3d73/src'
make[1]: Leaving directory `/tmp/libgd.dRpQTW/pierrejoye-gd-libgd-72a0bd3e3d73/src'
+ mkdir -p /tmp/libgd.dRpQTW/pkg/install
+ cp /ffp/home/root/src/libgd/DESCR /ffp/home/root/src/libgd/HOMEPAGE /tmp/libgd.dRpQTW/pkg/install/
+ cd /tmp/libgd.dRpQTW/pkg
+ makepkg libgd 2.0.33 1
Creating /tmp/libgd-2.0.33-arm-1.tar ...
