++ basename ./gnupg.funpkg .funpkg
+ PN=gnupg
+ PR=1
+ . ./config.ffp
++ GNU_HOST=
++ GNU_TARGET=
++ FFP_CFLAGS='-I/ffp/include -O2'
++ FFP_LDFLAGS='-L/ffp/lib -Wl,-rpath,/ffp/lib'
++ '[' '!' -d '' ']'
++ TMPDIR=/tmp
++ export TMPDIR
++ mandir=/ffp/share/man
++ infodir=/ffp/share/info
++ docdir=/ffp/share/doc
++ pwd
+ X=/ffp/home/root/src/gnupg
++ mktemp -t -d gnupg.XXXXXX
+ W=/tmp/gnupg.Om7VRf
+ D=/tmp/gnupg.Om7VRf/pkg
+ cd /tmp/gnupg.Om7VRf
+ cat /ffp/home/root/src/gnupg/SRC_URI
+ xargs wget
--2012-03-14 12:00:30--  ftp://ftp.gnupg.org/gcrypt/gnupg/gnupg-1.4.8.tar.bz2
           => `gnupg-1.4.8.tar.bz2'
Resolving ftp.gnupg.org... 217.69.76.55
Connecting to ftp.gnupg.org|217.69.76.55|:21... connected.
Logging in as anonymous ... Logged in!
==> SYST ... done.    ==> PWD ... done.
==> TYPE I ... done.  ==> CWD (1) /gcrypt/gnupg ... done.
==> SIZE gnupg-1.4.8.tar.bz2 ... 3320100
==> PASV ... done.    ==> RETR gnupg-1.4.8.tar.bz2 ... done.

     0K .......... .......... .......... .......... ..........  268K
    50K .......... .......... .......... .......... ..........  925K
   100K .......... .......... .......... .......... .......... 1.04M
   150K .......... .......... .......... .......... .......... 1.09M
   200K .......... .......... .......... .......... .......... 1.82M
   250K .......... .......... .......... .......... .......... 1.54M
   300K .......... .......... .......... .......... .......... 1.81M
   350K .......... .......... .......... .......... ..........  842K
   400K .......... .......... .......... .......... .......... 1.18M
   450K .......... .......... .......... .......... .......... 4.85M
   500K .......... .......... .......... .......... .......... 1.42M
   550K .......... .......... .......... .......... .......... 1.75M
   600K .......... .......... .......... .......... .......... 1.62M
   650K .......... .......... .......... .......... .......... 1.31M
   700K .......... .......... .......... .......... .......... 1.24M
   750K .......... .......... .......... .......... .......... 1.57M
   800K .......... .......... .......... .......... .......... 1.41M
   850K .......... .......... .......... .......... .......... 1.56M
   900K .......... .......... .......... .......... .......... 1.42M
   950K .......... .......... .......... .......... .......... 1.33M
  1000K .......... .......... .......... .......... .......... 1.27M
  1050K .......... .......... .......... .......... .......... 1.81M
  1100K .......... .......... .......... .......... .......... 1.30M
  1150K .......... .......... .......... .......... .......... 1.81M
  1200K .......... .......... .......... .......... .......... 1.36M
  1250K .......... .......... .......... .......... .......... 1.49M
  1300K .......... .......... .......... .......... .......... 1.40M
  1350K .......... .......... .......... .......... .......... 1.55M
  1400K .......... .......... .......... .......... .......... 1.54M
  1450K .......... .......... .......... .......... .......... 1.48M
  1500K .......... .......... .......... .......... .......... 1.59M
  1550K .......... .......... .......... .......... .......... 1.40M
  1600K .......... .......... .......... .......... .......... 1.82M
  1650K .......... .......... .......... .......... .......... 1.34M
  1700K .......... .......... .......... .......... .......... 1.64M
  1750K .......... .......... .......... .......... .......... 1.62M
  1800K .......... .......... .......... .......... .......... 1.54M
  1850K .......... .......... .......... .......... .......... 1.62M
  1900K .......... .......... .......... .......... .......... 1.51M
  1950K .......... .......... .......... .......... .......... 1.73M
  2000K .......... .......... .......... .......... .......... 1.56M
  2050K .......... .......... .......... .......... .......... 1.52M
  2100K .......... .......... .......... .......... .......... 1.72M
  2150K .......... .......... .......... .......... .......... 1.57M
  2200K .......... .......... .......... .......... .......... 1.74M
  2250K .......... .......... .......... .......... .......... 1.57M
  2300K .......... .......... .......... .......... .......... 1.70M
  2350K .......... .......... .......... .......... .......... 1.36M
  2400K .......... .......... .......... .......... .......... 1.79M
  2450K .......... .......... .......... .......... .......... 1.60M
  2500K .......... .......... .......... .......... .......... 1.70M
  2550K .......... .......... .......... .......... .......... 1.54M
  2600K .......... .......... .......... .......... .......... 1.76M
  2650K .......... .......... .......... .......... .......... 1.81M
  2700K .......... .......... .......... .......... .......... 1.52M
  2750K .......... .......... .......... .......... .......... 1.73M
  2800K .......... .......... .......... .......... .......... 1.44M
  2850K .......... .......... .......... .......... .......... 1.77M
  2900K .......... .......... .......... .......... .......... 1.62M
  2950K .......... .......... .......... .......... .......... 1.79M
  3000K .......... .......... .......... .......... .......... 1.64M
  3050K .......... .......... .......... .......... .......... 1.58M
  3100K .......... .......... .......... .......... .......... 1.59M
  3150K .......... .......... .......... .......... .......... 1.79M
  3200K .......... .......... .......... .......... ..         1.76M=2.2s

2012-03-14 12:00:33 (1.41 MB/s) - `gnupg-1.4.8.tar.bz2' saved [3320100]

++ ls gnupg-1.4.8.tar.bz2
++ egrep -o '[0-9][0-9.]*[0-9]'
+ PV=1.4.8
+ tar xf gnupg-1.4.8.tar.bz2
+ cd gnupg-1.4.8 gnupg-1.4.8.tar.bz2
+ LDFLAGS='-L/ffp/lib -Wl,-rpath,/ffp/lib'
+ ./configure --prefix=/ffp --build= --host= --mandir=/ffp/share/man --infodir=/ffp/share/info
checking build system type... armv5tejl-unknown-linux-gnu
checking host system type... armv5tejl-unknown-linux-gnu
checking for a BSD-compatible install... /ffp/bin/install -c
checking whether build environment is sane... yes
checking for a thread-safe mkdir -p... /ffp/bin/mkdir -p
checking for gawk... gawk
checking whether make sets $(MAKE)... yes
configure: autobuild project... gnupg
configure: autobuild revision... 1.4.8
configure: autobuild hostname... dlink-FFC9E9
configure: autobuild timestamp... 20120314-120046
checking which random module to use... default
checking whether use of /dev/random is requested... yes
checking whether assembler modules are requested... yes
checking whether SELinux support is requested... no
checking whether the new iconv based code is requested... yes
checking whether OpenPGP card support is requested... yes
checking whether gpg-agent support is requested... yes
checking whether to enable the RSA public key algorithm... yes
checking whether to enable the IDEA cipher... yes
checking for idea cipher module... no
checking whether to enable the CAST5 cipher... yes
checking whether to enable the BLOWFISH cipher... yes
checking whether to enable the AES ciphers... yes
checking whether to enable the TWOFISH cipher... yes
checking whether to enable the CAMELLIA cipher... no
checking whether to enable the SHA-224 and SHA-256 digests... yes
checking whether to enable the SHA-384 and SHA-512 digests... yes
checking whether to enable the BZIP2 compression algorithm... yes
checking whether to enable external program execution... yes
checking whether to enable photo ID viewing... yes
checking whether to use a fixed photo ID viewer... no
checking whether to enable external keyserver helpers... yes
checking whether LDAP keyserver support is requested... yes
checking whether HKP keyserver support is requested... yes
checking whether finger key fetching support is requested... yes
checking whether generic object key fetching support is requested... yes
checking whether email keyserver support is requested... no
checking whether keyserver exec-path is enabled... yes
checking whether the included zlib is requested... no
checking for the size of the key and uid cache... 4096
checking whether use of capabilities is requested... no
checking whether to enable maintainer-specific portions of Makefiles... no
checking whether make sets $(MAKE)... (cached) yes
checking whether build environment is sane... yes
checking for gcc... gcc
checking for C compiler default output file name... a.out
checking whether the C compiler works... yes
checking whether we are cross compiling... no
checking for suffix of executables... 
checking for suffix of object files... o
checking whether we are using the GNU C compiler... yes
checking whether gcc accepts -g... yes
checking for gcc option to accept ISO C89... none needed
checking for style of include used by make... GNU
checking dependency style of gcc... gcc3
checking whether gcc and cc understand -c and -o together... yes
checking how to run the C preprocessor... gcc -E
checking for ranlib... ranlib
checking for ar... ar
checking for perl... /ffp/bin/perl
checking for strerror in -lcposix... no
checking for special C compiler options needed for large files... no
checking for _FILE_OFFSET_BITS value needed for large files... 64
checking for a BSD-compatible install... /ffp/bin/install -c
checking for gawk... (cached) gawk
checking for docbook-to-man... no
checking for faqprog.pl... no
checking for docbook2texi... no
checking for sgml to texi tools... no
checking for tar... /ffp/bin/tar
checking whether /ffp/bin/tar speaks USTAR... yes
checking for cc for build... gcc
checking for BSD-compatible nm... /ffp/bin/nm -B
checking command to parse /ffp/bin/nm -B output... yes
checking for _ prefix in compiled symbols... no
checking for gethostbyname... yes
checking for setsockopt... yes
checking for library containing res_query... no
checking for library containing __res_query... none required
checking for library containing dn_expand... no
checking for library containing __dn_expand... none required
checking for library containing dn_skipname... no
checking for library containing __dn_skipname... none required
checking whether the resolver is usable... yes
checking whether LDAP via "-lldap" is present and sane... no
checking whether I can make LDAP be sane with lber.h... no
checking whether LDAP via "-lldap -llber" is present and sane... no
checking whether I can make LDAP be sane with lber.h... no
checking whether LDAP via "-lldap -llber -lresolv" is present and sane... no
checking whether I can make LDAP be sane with lber.h... no
checking whether LDAP via "-lwldap32" is present and sane... no
checking whether I can make LDAP be sane with lber.h... no
checking for gawk... (cached) gawk
checking for curl-config... /ffp/bin/curl-config
checking for the version of libcurl... 7.21.4
checking whether libcurl is usable... yes
checking for curl_free... yes
checking for curl_easy_escape... yes
checking for curl_easy_unescape... yes
checking whether NLS is requested... yes
checking for msgfmt... /ffp/bin/msgfmt
checking for gmsgfmt... /ffp/bin/msgfmt
checking for xgettext... /ffp/bin/xgettext
checking for msgmerge... /ffp/bin/msgmerge
checking for grep that handles long lines and -e... /ffp/bin/grep
checking for egrep... /ffp/bin/grep -E
checking whether we are using the GNU C Library 2 or newer... yes
checking for simple visibility declarations... yes
checking for inline... inline
checking for ANSI C header files... yes
checking for sys/types.h... yes
checking for sys/stat.h... yes
checking for stdlib.h... yes
checking for string.h... yes
checking for memory.h... yes
checking for strings.h... yes
checking for inttypes.h... yes
checking for stdint.h... yes
checking for unistd.h... yes
checking for size_t... yes
checking for stdint.h... yes
checking for working alloca.h... yes
checking for alloca... yes
checking for stdlib.h... (cached) yes
checking for unistd.h... (cached) yes
checking for getpagesize... yes
checking for working mmap... yes
checking whether integer division by zero raises SIGFPE... yes
checking for inttypes.h... yes
checking for unsigned long long int... yes
checking for inttypes.h... (cached) yes
checking whether the inttypes.h PRIxNN macros are broken... no
checking for ld used by GCC... /ffp/bin/ld
checking if the linker (/ffp/bin/ld) is GNU ld... yes
checking for shared library run path origin... done
checking whether imported symbols can be declared weak... yes
checking pthread.h usability... yes
checking pthread.h presence... yes
checking for pthread.h... yes
checking for pthread_kill in -lpthread... yes
checking for pthread_rwlock_t... yes
checking for multithread API to use... posix
checking argz.h usability... no
checking argz.h presence... no
checking for argz.h... no
checking for inttypes.h... (cached) yes
checking limits.h usability... yes
checking limits.h presence... yes
checking for limits.h... yes
checking for unistd.h... (cached) yes
checking sys/param.h usability... yes
checking sys/param.h presence... yes
checking for sys/param.h... yes
checking for getcwd... yes
checking for getegid... yes
checking for geteuid... yes
checking for getgid... yes
checking for getuid... yes
checking for mempcpy... yes
checking for munmap... yes
checking for stpcpy... yes
checking for strcasecmp... yes
checking for strdup... yes
checking for strtoul... yes
checking for tsearch... yes
checking for argz_count... no
checking for argz_stringify... no
checking for argz_next... no
checking for __fsetlocking... yes
checking whether feof_unlocked is declared... yes
checking whether fgets_unlocked is declared... yes
checking for iconv... yes
checking how to link with libiconv... /ffp/lib/libiconv.so -Wl,-rpath -Wl,/ffp/lib
checking for iconv declaration... 
         extern size_t iconv (iconv_t cd, char * *inbuf, size_t *inbytesleft, char * *outbuf, size_t *outbytesleft);
checking for NL_LOCALE_NAME macro... yes
checking for bison... no
checking for long long int... yes
checking for long double... yes
checking for wchar_t... yes
checking for wint_t... yes
checking for intmax_t... yes
checking whether printf() supports POSIX/XSI format strings... yes
checking whether we are using the GNU C Library 2.1 or newer... yes
checking for stdint.h... (cached) yes
checking for SIZE_MAX... yes
checking for stdint.h... (cached) yes
checking for CFPreferencesCopyAppValue... no
checking for CFLocaleCopyCurrent... no
checking for ptrdiff_t... yes
checking stddef.h usability... yes
checking stddef.h presence... yes
checking for stddef.h... yes
checking for stdlib.h... (cached) yes
checking for string.h... (cached) yes
checking for asprintf... yes
checking for fwprintf... yes
checking for putenv... yes
checking for setenv... yes
checking for setlocale... yes
checking for snprintf... yes
checking for wcslen... yes
checking whether _snprintf is declared... no
checking whether _snwprintf is declared... no
checking whether getc_unlocked is declared... yes
checking for nl_langinfo and CODESET... yes
checking for LC_MESSAGES... yes
checking for CFPreferencesCopyAppValue... (cached) no
checking for CFLocaleCopyCurrent... (cached) no
checking whether included gettext is requested... no
checking for GNU gettext in libc... no
checking for GNU gettext in libintl... yes
checking whether to use NLS... yes
checking where the gettext function comes from... external libintl
checking how to link with libintl... /ffp/lib/libintl.so /ffp/lib/libiconv.so /ffp/lib/libc.so -Wl,-rpath -Wl,/ffp/lib
checking for strchr... yes
checking for library containing dlopen... -ldl
checking for ANSI C header files... (cached) yes
checking for unistd.h... (cached) yes
checking langinfo.h usability... yes
checking langinfo.h presence... yes
checking for langinfo.h... yes
checking termio.h usability... yes
checking termio.h presence... yes
checking for termio.h... yes
checking locale.h usability... yes
checking locale.h presence... yes
checking for locale.h... yes
checking getopt.h usability... yes
checking getopt.h presence... yes
checking for getopt.h... yes
checking pwd.h usability... yes
checking pwd.h presence... yes
checking for pwd.h... yes
checking for an ANSI C-conforming const... yes
checking for inline... (cached) inline
checking for working volatile... yes
checking for size_t... (cached) yes
checking for mode_t... yes
checking return type of signal handlers... void
checking whether sys_siglist is declared... no
checking endianess... little
checking for byte typedef... no
checking for ushort typedef... yes
checking for ulong typedef... yes
checking for u16 typedef... no
checking for u32 typedef... no
checking for unsigned short... yes
checking size of unsigned short... 2
checking for unsigned int... yes
checking size of unsigned int... 4
checking for unsigned long... yes
checking size of unsigned long... 4
checking for unsigned long long... (cached) yes
checking size of unsigned long long... 8
checking for inttypes.h... (cached) yes
checking for UINT64_C... yes
checking for uint64_t... yes
checking size of uint64_t... 8
checking whether getpagesize is declared... yes
checking for _LARGEFILE_SOURCE value needed for large files... no
checking for vprintf... yes
checking for _doprnt... no
checking for pid_t... yes
checking vfork.h usability... no
checking vfork.h presence... no
checking for vfork.h... no
checking for fork... yes
checking for vfork... yes
checking for working fork... yes
checking for working vfork... (cached) yes
checking for strerror... yes
checking for stpcpy... (cached) yes
checking for strlwr... no
checking for tcgetattr... yes
checking for strtoul... (cached) yes
checking for mmap... yes
checking for sysconf... yes
checking for strcasecmp... (cached) yes
checking for strncasecmp... yes
checking for ctermid... yes
checking for times... yes
checking for unsetenv... yes
checking for getpwnam... yes
checking for getpwuid... yes
checking for memmove... yes
checking for gettimeofday... yes
checking for getrusage... yes
checking for setrlimit... yes
checking for clock_gettime... yes
checking for atexit... yes
checking for raise... yes
checking for getpagesize... (cached) yes
checking for strftime... yes
checking for nl_langinfo... yes
checking for setlocale... (cached) yes
checking for waitpid... yes
checking for wait4... yes
checking for sigaction... yes
checking for sigprocmask... yes
checking for rand... yes
checking for pipe... yes
checking for stat... yes
checking for getaddrinfo... yes
checking for fcntl... yes
checking for ftruncate... yes
checking for mkdtemp... yes
checking for timegm... yes
checking for isascii... yes
checking for memrchr... yes
checking for strsep... yes
checking for struct sigaction... yes
checking for sigset_t... yes
checking for getopt... yes
checking for gethrtime... no
checking for mlock... yes
checking for sysconf... (cached) yes
checking for getpagesize... (cached) yes
checking whether mlock is broken... no
checking for sys/stat.h... (cached) yes
checking for unistd.h... (cached) yes
checking direct.h usability... no
checking direct.h presence... no
checking for direct.h... no
checking if mkdir takes one argument... no
checking sys/ipc.h usability... yes
checking sys/ipc.h presence... yes
checking for sys/ipc.h... yes
checking sys/shm.h usability... yes
checking sys/shm.h presence... yes
checking for sys/shm.h... yes
checking whether IPC_RMID allowes subsequent attaches... yes
checking whether SHM_LOCK is available... yes
checking for random device... yes
checking for mpi assembler functions... done
checking whether regular expression support is requested... yes
checking whether the included regex lib is requested... no
checking for regcomp... yes
checking whether your system's regexp library is broken... no
checking zlib.h usability... yes
checking zlib.h presence... yes
checking for zlib.h... yes
checking for deflateInit2_ in -lz... yes
checking for bzlib.h... yes
checking for BZ2_bzCompressInit in -lbz2... yes
checking for libusb-config... no
checking whether libusb is present and sane... no
checking whether readline via "-lreadline" is present and sane... no
checking whether readline via "-lreadline -ltermcap" is present and sane... no
checking whether readline via "-lreadline -lcurses" is present and sane... yes
checking if gcc supports -Wno-pointer-sign... yes
checking dependency style of gcc... gcc3
checking whether non excutable stack support is requested... no
checking whether assembler supports --noexecstack option... yes
configure: creating ./config.status
config.status: creating Makefile
config.status: creating m4/Makefile
config.status: creating intl/Makefile
config.status: creating po/Makefile.in
config.status: creating util/Makefile
config.status: creating mpi/Makefile
config.status: creating cipher/Makefile
config.status: creating g10/Makefile
config.status: creating keyserver/Makefile
config.status: creating keyserver/gpgkeys_mailto
config.status: creating keyserver/gpgkeys_test
config.status: creating doc/Makefile
config.status: creating tools/Makefile
config.status: creating tools/gpg-zip
config.status: creating zlib/Makefile
config.status: creating checks/Makefile
config.status: creating config.h
config.status: linking ./mpi/generic/mpih-add1.c to mpi/mpih-add1.c
config.status: linking ./mpi/generic/mpih-mul1.c to mpi/mpih-mul1.c
config.status: linking ./mpi/generic/mpih-mul2.c to mpi/mpih-mul2.c
config.status: linking ./mpi/generic/mpih-mul3.c to mpi/mpih-mul3.c
config.status: linking ./mpi/generic/mpih-lshift.c to mpi/mpih-lshift.c
config.status: linking ./mpi/generic/mpih-rshift.c to mpi/mpih-rshift.c
config.status: linking ./mpi/generic/mpih-sub1.c to mpi/mpih-sub1.c
config.status: linking ./mpi/generic/mpi-asm-defs.h to mpi/mpi-asm-defs.h
config.status: executing depfiles commands
config.status: executing po-directories commands
config.status: creating po/POTFILES
config.status: creating po/Makefile

                Version info:   gnupg 1.4.8
                Configured for: GNU/Linux (armv5tejl-unknown-linux-gnu)

+ patch ./keyserver/gpgkeys_curl.c /ffp/home/root/src/gnupg/gpgkeys_curl.patch
patching file ./keyserver/gpgkeys_curl.c
Hunk #1 succeeded at 301 (offset 1 line).
+ make
make  all-recursive
make[1]: Entering directory `/tmp/gnupg.Om7VRf/gnupg-1.4.8'
Making all in m4
make[2]: Entering directory `/tmp/gnupg.Om7VRf/gnupg-1.4.8/m4'
make[2]: Nothing to be done for `all'.
make[2]: Leaving directory `/tmp/gnupg.Om7VRf/gnupg-1.4.8/m4'
Making all in intl
make[2]: Entering directory `/tmp/gnupg.Om7VRf/gnupg-1.4.8/intl'
make[2]: Nothing to be done for `all'.
make[2]: Leaving directory `/tmp/gnupg.Om7VRf/gnupg-1.4.8/intl'
Making all in zlib
make[2]: Entering directory `/tmp/gnupg.Om7VRf/gnupg-1.4.8/zlib'
make[2]: Nothing to be done for `all'.
make[2]: Leaving directory `/tmp/gnupg.Om7VRf/gnupg-1.4.8/zlib'
Making all in util
make[2]: Entering directory `/tmp/gnupg.Om7VRf/gnupg-1.4.8/util'
gcc -DHAVE_CONFIG_H -I. -I.. -I.. -I../include -I../intl  -I/ffp/include  -g -O2 -Wall -Wno-pointer-sign -MT logger.o -MD -MP -MF .deps/logger.Tpo -c -o logger.o logger.c
mv -f .deps/logger.Tpo .deps/logger.Po
gcc -DHAVE_CONFIG_H -I. -I.. -I.. -I../include -I../intl  -I/ffp/include  -g -O2 -Wall -Wno-pointer-sign -MT fileutil.o -MD -MP -MF .deps/fileutil.Tpo -c -o fileutil.o fileutil.c
mv -f .deps/fileutil.Tpo .deps/fileutil.Po
gcc -DHAVE_CONFIG_H -I. -I.. -I.. -I../include -I../intl  -I/ffp/include  -g -O2 -Wall -Wno-pointer-sign -MT miscutil.o -MD -MP -MF .deps/miscutil.Tpo -c -o miscutil.o miscutil.c
mv -f .deps/miscutil.Tpo .deps/miscutil.Po
gcc -DHAVE_CONFIG_H -I. -I.. -I.. -I../include -I../intl  -I/ffp/include  -g -O2 -Wall -Wno-pointer-sign -MT strgutil.o -MD -MP -MF .deps/strgutil.Tpo -c -o strgutil.o strgutil.c
mv -f .deps/strgutil.Tpo .deps/strgutil.Po
gcc -DHAVE_CONFIG_H -I. -I.. -I.. -I../include -I../intl  -I/ffp/include  -g -O2 -Wall -Wno-pointer-sign -MT ttyio.o -MD -MP -MF .deps/ttyio.Tpo -c -o ttyio.o ttyio.c
mv -f .deps/ttyio.Tpo .deps/ttyio.Po
gcc -DHAVE_CONFIG_H -I. -I.. -I.. -I../include -I../intl  -I/ffp/include  -g -O2 -Wall -Wno-pointer-sign -MT argparse.o -MD -MP -MF .deps/argparse.Tpo -c -o argparse.o argparse.c
mv -f .deps/argparse.Tpo .deps/argparse.Po
gcc -DHAVE_CONFIG_H -I. -I.. -I.. -I../include -I../intl  -I/ffp/include  -g -O2 -Wall -Wno-pointer-sign -MT memory.o -MD -MP -MF .deps/memory.Tpo -c -o memory.o memory.c
mv -f .deps/memory.Tpo .deps/memory.Po
gcc -DHAVE_CONFIG_H -I. -I.. -I.. -I../include -I../intl  -I/ffp/include  -g -O2 -Wall -Wno-pointer-sign -MT secmem.o -MD -MP -MF .deps/secmem.Tpo -c -o secmem.o secmem.c
mv -f .deps/secmem.Tpo .deps/secmem.Po
gcc -DHAVE_CONFIG_H -I. -I.. -I.. -I../include -I../intl  -I/ffp/include  -g -O2 -Wall -Wno-pointer-sign -MT errors.o -MD -MP -MF .deps/errors.Tpo -c -o errors.o errors.c
mv -f .deps/errors.Tpo .deps/errors.Po
gcc -DHAVE_CONFIG_H -I. -I.. -I.. -I../include -I../intl  -I/ffp/include  -g -O2 -Wall -Wno-pointer-sign -MT iobuf.o -MD -MP -MF .deps/iobuf.Tpo -c -o iobuf.o iobuf.c
mv -f .deps/iobuf.Tpo .deps/iobuf.Po
gcc -DHAVE_CONFIG_H -I. -I.. -I.. -I../include -I../intl  -I/ffp/include  -g -O2 -Wall -Wno-pointer-sign -MT dotlock.o -MD -MP -MF .deps/dotlock.Tpo -c -o dotlock.o dotlock.c
mv -f .deps/dotlock.Tpo .deps/dotlock.Po
gcc -DHAVE_CONFIG_H -I. -I.. -I.. -I../include -I../intl  -I/ffp/include  -g -O2 -Wall -Wno-pointer-sign -MT http.o -MD -MP -MF .deps/http.Tpo -c -o http.o http.c
mv -f .deps/http.Tpo .deps/http.Po
gcc -DHAVE_CONFIG_H -I. -I.. -I.. -I../include -I../intl  -I/ffp/include  -g -O2 -Wall -Wno-pointer-sign -MT pka.o -MD -MP -MF .deps/pka.Tpo -c -o pka.o pka.c
pka.c: In function 'get_pka_info':
pka.c:133:3: warning: dereferencing type-punned pointer will break strict-aliasing rules [-Wstrict-aliasing]
pka.c:141:3: warning: dereferencing type-punned pointer will break strict-aliasing rules [-Wstrict-aliasing]
pka.c:142:3: warning: dereferencing type-punned pointer will break strict-aliasing rules [-Wstrict-aliasing]
pka.c:143:3: warning: dereferencing type-punned pointer will break strict-aliasing rules [-Wstrict-aliasing]
pka.c:144:3: warning: dereferencing type-punned pointer will break strict-aliasing rules [-Wstrict-aliasing]
pka.c:114:34: warning: variable 'arcount' set but not used [-Wunused-but-set-variable]
pka.c:114:25: warning: variable 'nscount' set but not used [-Wunused-but-set-variable]
mv -f .deps/pka.Tpo .deps/pka.Po
gcc -DHAVE_CONFIG_H -I. -I.. -I.. -I../include -I../intl  -I/ffp/include  -g -O2 -Wall -Wno-pointer-sign -MT membuf.o -MD -MP -MF .deps/membuf.Tpo -c -o membuf.o membuf.c
mv -f .deps/membuf.Tpo .deps/membuf.Po
gcc -DHAVE_CONFIG_H -I. -I.. -I.. -I../include -I../intl  -I/ffp/include  -g -O2 -Wall -Wno-pointer-sign -MT cert.o -MD -MP -MF .deps/cert.Tpo -c -o cert.o cert.c
mv -f .deps/cert.Tpo .deps/cert.Po
gcc -DHAVE_CONFIG_H -I. -I.. -I.. -I../include -I../intl  -I/ffp/include  -g -O2 -Wall -Wno-pointer-sign -MT compat.o -MD -MP -MF .deps/compat.Tpo -c -o compat.o compat.c
mv -f .deps/compat.Tpo .deps/compat.Po
gcc -DHAVE_CONFIG_H -I. -I.. -I.. -I../include -I../intl  -I/ffp/include  -g -O2 -Wall -Wno-pointer-sign -MT assuan-buffer.o -MD -MP -MF .deps/assuan-buffer.Tpo -c -o assuan-buffer.o assuan-buffer.c
mv -f .deps/assuan-buffer.Tpo .deps/assuan-buffer.Po
gcc -DHAVE_CONFIG_H -I. -I.. -I.. -I../include -I../intl  -I/ffp/include  -g -O2 -Wall -Wno-pointer-sign -MT assuan-client.o -MD -MP -MF .deps/assuan-client.Tpo -c -o assuan-client.o assuan-client.c
mv -f .deps/assuan-client.Tpo .deps/assuan-client.Po
gcc -DHAVE_CONFIG_H -I. -I.. -I.. -I../include -I../intl  -I/ffp/include  -g -O2 -Wall -Wno-pointer-sign -MT assuan-errors.o -MD -MP -MF .deps/assuan-errors.Tpo -c -o assuan-errors.o assuan-errors.c
mv -f .deps/assuan-errors.Tpo .deps/assuan-errors.Po
gcc -DHAVE_CONFIG_H -I. -I.. -I.. -I../include -I../intl  -I/ffp/include  -g -O2 -Wall -Wno-pointer-sign -MT assuan-logging.o -MD -MP -MF .deps/assuan-logging.Tpo -c -o assuan-logging.o assuan-logging.c
mv -f .deps/assuan-logging.Tpo .deps/assuan-logging.Po
gcc -DHAVE_CONFIG_H -I. -I.. -I.. -I../include -I../intl  -I/ffp/include  -g -O2 -Wall -Wno-pointer-sign -MT assuan-socket-connect.o -MD -MP -MF .deps/assuan-socket-connect.Tpo -c -o assuan-socket-connect.o assuan-socket-connect.c
mv -f .deps/assuan-socket-connect.Tpo .deps/assuan-socket-connect.Po
gcc -DHAVE_CONFIG_H -I. -I.. -I.. -I../include -I../intl  -I/ffp/include  -g -O2 -Wall -Wno-pointer-sign -MT assuan-connect.o -MD -MP -MF .deps/assuan-connect.Tpo -c -o assuan-connect.o assuan-connect.c
mv -f .deps/assuan-connect.Tpo .deps/assuan-connect.Po
gcc -DHAVE_CONFIG_H -I. -I.. -I.. -I../include -I../intl  -I/ffp/include  -g -O2 -Wall -Wno-pointer-sign -MT assuan-socket.o -MD -MP -MF .deps/assuan-socket.Tpo -c -o assuan-socket.o assuan-socket.c
mv -f .deps/assuan-socket.Tpo .deps/assuan-socket.Po
gcc -DHAVE_CONFIG_H -I. -I.. -I.. -I../include -I../intl  -I/ffp/include  -g -O2 -Wall -Wno-pointer-sign -MT assuan-util.o -MD -MP -MF .deps/assuan-util.Tpo -c -o assuan-util.o assuan-util.c
mv -f .deps/assuan-util.Tpo .deps/assuan-util.Po
gcc -DHAVE_CONFIG_H -I. -I.. -I.. -I../include -I../intl  -I/ffp/include  -g -O2 -Wall -Wno-pointer-sign -MT srv.o -MD -MP -MF .deps/srv.Tpo -c -o srv.o srv.c
srv.c: In function 'getsrv':
srv.c:70:3: warning: dereferencing type-punned pointer will break strict-aliasing rules [-Wstrict-aliasing]
srv.c:71:6: warning: dereferencing type-punned pointer will break strict-aliasing rules [-Wstrict-aliasing]
mv -f .deps/srv.Tpo .deps/srv.Po
rm -f libutil.a
ar cru libutil.a logger.o fileutil.o miscutil.o strgutil.o ttyio.o argparse.o memory.o secmem.o errors.o iobuf.o dotlock.o http.o pka.o membuf.o cert.o compat.o   assuan-buffer.o assuan-client.o assuan-errors.o assuan-logging.o assuan-socket-connect.o assuan-connect.o assuan-socket.o assuan-util.o  srv.o 
ranlib libutil.a
rm -f libcompat.a
ar cru libcompat.a compat.o 
ranlib libcompat.a
make[2]: Leaving directory `/tmp/gnupg.Om7VRf/gnupg-1.4.8/util'
Making all in mpi
make[2]: Entering directory `/tmp/gnupg.Om7VRf/gnupg-1.4.8/mpi'
gcc -DHAVE_CONFIG_H -I. -I.. -I.. -I../include  -I/ffp/include  -g -O2 -Wall -Wno-pointer-sign -MT mpi-add.o -MD -MP -MF .deps/mpi-add.Tpo -c -o mpi-add.o mpi-add.c
mv -f .deps/mpi-add.Tpo .deps/mpi-add.Po
gcc -DHAVE_CONFIG_H -I. -I.. -I.. -I../include  -I/ffp/include  -g -O2 -Wall -Wno-pointer-sign -MT mpi-bit.o -MD -MP -MF .deps/mpi-bit.Tpo -c -o mpi-bit.o mpi-bit.c
mv -f .deps/mpi-bit.Tpo .deps/mpi-bit.Po
gcc -DHAVE_CONFIG_H -I. -I.. -I.. -I../include  -I/ffp/include  -g -O2 -Wall -Wno-pointer-sign -MT mpi-cmp.o -MD -MP -MF .deps/mpi-cmp.Tpo -c -o mpi-cmp.o mpi-cmp.c
mv -f .deps/mpi-cmp.Tpo .deps/mpi-cmp.Po
gcc -DHAVE_CONFIG_H -I. -I.. -I.. -I../include  -I/ffp/include  -g -O2 -Wall -Wno-pointer-sign -MT mpi-div.o -MD -MP -MF .deps/mpi-div.Tpo -c -o mpi-div.o mpi-div.c
mv -f .deps/mpi-div.Tpo .deps/mpi-div.Po
gcc -DHAVE_CONFIG_H -I. -I.. -I.. -I../include  -I/ffp/include  -g -O2 -Wall -Wno-pointer-sign -MT mpi-gcd.o -MD -MP -MF .deps/mpi-gcd.Tpo -c -o mpi-gcd.o mpi-gcd.c
mv -f .deps/mpi-gcd.Tpo .deps/mpi-gcd.Po
gcc -DHAVE_CONFIG_H -I. -I.. -I.. -I../include  -I/ffp/include  -g -O2 -Wall -Wno-pointer-sign -MT mpi-inline.o -MD -MP -MF .deps/mpi-inline.Tpo -c -o mpi-inline.o mpi-inline.c
mv -f .deps/mpi-inline.Tpo .deps/mpi-inline.Po
gcc -DHAVE_CONFIG_H -I. -I.. -I.. -I../include  -I/ffp/include  -g -O2 -Wall -Wno-pointer-sign -MT mpi-inv.o -MD -MP -MF .deps/mpi-inv.Tpo -c -o mpi-inv.o mpi-inv.c
mv -f .deps/mpi-inv.Tpo .deps/mpi-inv.Po
gcc -DHAVE_CONFIG_H -I. -I.. -I.. -I../include  -I/ffp/include  -g -O2 -Wall -Wno-pointer-sign -MT mpi-mul.o -MD -MP -MF .deps/mpi-mul.Tpo -c -o mpi-mul.o mpi-mul.c
mv -f .deps/mpi-mul.Tpo .deps/mpi-mul.Po
gcc -DHAVE_CONFIG_H -I. -I.. -I.. -I../include  -I/ffp/include  -g -O2 -Wall -Wno-pointer-sign -MT mpi-pow.o -MD -MP -MF .deps/mpi-pow.Tpo -c -o mpi-pow.o mpi-pow.c
mpi-pow.c: In function 'mpi_powm':
mpi-pow.c:45:16: warning: variable 'esign' set but not used [-Wunused-but-set-variable]
mv -f .deps/mpi-pow.Tpo .deps/mpi-pow.Po
gcc -DHAVE_CONFIG_H -I. -I.. -I.. -I../include  -I/ffp/include  -g -O2 -Wall -Wno-pointer-sign -MT mpi-mpow.o -MD -MP -MF .deps/mpi-mpow.Tpo -c -o mpi-mpow.o mpi-mpow.c
mv -f .deps/mpi-mpow.Tpo .deps/mpi-mpow.Po
gcc -DHAVE_CONFIG_H -I. -I.. -I.. -I../include  -I/ffp/include  -g -O2 -Wall -Wno-pointer-sign -MT mpi-scan.o -MD -MP -MF .deps/mpi-scan.Tpo -c -o mpi-scan.o mpi-scan.c
mv -f .deps/mpi-scan.Tpo .deps/mpi-scan.Po
gcc -DHAVE_CONFIG_H -I. -I.. -I.. -I../include  -I/ffp/include  -g -O2 -Wall -Wno-pointer-sign -MT mpicoder.o -MD -MP -MF .deps/mpicoder.Tpo -c -o mpicoder.o mpicoder.c
mpicoder.c: In function 'mpi_fromstr':
mpicoder.c:203:9: warning: variable 'hexmode' set but not used [-Wunused-but-set-variable]
mv -f .deps/mpicoder.Tpo .deps/mpicoder.Po
gcc -DHAVE_CONFIG_H -I. -I.. -I.. -I../include  -I/ffp/include  -g -O2 -Wall -Wno-pointer-sign -MT mpih-cmp.o -MD -MP -MF .deps/mpih-cmp.Tpo -c -o mpih-cmp.o mpih-cmp.c
mv -f .deps/mpih-cmp.Tpo .deps/mpih-cmp.Po
gcc -DHAVE_CONFIG_H -I. -I.. -I.. -I../include  -I/ffp/include  -g -O2 -Wall -Wno-pointer-sign -MT mpih-div.o -MD -MP -MF .deps/mpih-div.Tpo -c -o mpih-div.o mpih-div.c
mpih-div.c: In function 'mpihelp_mod_1':
mpih-div.c:52:9: warning: variable 'dummy' set but not used [-Wunused-but-set-variable]
mpih-div.c: In function 'mpihelp_divmod_1':
mpih-div.c:401:9: warning: variable 'dummy' set but not used [-Wunused-but-set-variable]
/tmp/ccNVd5tY.s: Assembler messages:
/tmp/ccNVd5tY.s:204: rdhi, rdlo and rm must all be different
/tmp/ccNVd5tY.s:269: rdhi, rdlo and rm must all be different
/tmp/ccNVd5tY.s:655: rdhi, rdlo and rm must all be different
mv -f .deps/mpih-div.Tpo .deps/mpih-div.Po
gcc -DHAVE_CONFIG_H -I. -I.. -I.. -I../include  -I/ffp/include  -g -O2 -Wall -Wno-pointer-sign -MT mpih-mul.o -MD -MP -MF .deps/mpih-mul.Tpo -c -o mpih-mul.o mpih-mul.c
mv -f .deps/mpih-mul.Tpo .deps/mpih-mul.Po
gcc -DHAVE_CONFIG_H -I. -I.. -I.. -I../include  -I/ffp/include  -g -O2 -Wall -Wno-pointer-sign -MT mpiutil.o -MD -MP -MF .deps/mpiutil.Tpo -c -o mpiutil.o mpiutil.c
mv -f .deps/mpiutil.Tpo .deps/mpiutil.Po
gcc -DHAVE_CONFIG_H -I. -I.. -I.. -I../include  -I/ffp/include  -g -O2 -Wall -Wno-pointer-sign -MT mpih-mul1.o -MD -MP -MF .deps/mpih-mul1.Tpo -c -o mpih-mul1.o mpih-mul1.c
/tmp/ccsQ2A6R.s: Assembler messages:
/tmp/ccsQ2A6R.s:60: rdhi, rdlo and rm must all be different
mv -f .deps/mpih-mul1.Tpo .deps/mpih-mul1.Po
gcc -DHAVE_CONFIG_H -I. -I.. -I.. -I../include  -I/ffp/include  -g -O2 -Wall -Wno-pointer-sign -MT mpih-mul2.o -MD -MP -MF .deps/mpih-mul2.Tpo -c -o mpih-mul2.o mpih-mul2.c
/tmp/ccxlM6hl.s: Assembler messages:
/tmp/ccxlM6hl.s:53: rdhi, rdlo and rm must all be different
mv -f .deps/mpih-mul2.Tpo .deps/mpih-mul2.Po
gcc -DHAVE_CONFIG_H -I. -I.. -I.. -I../include  -I/ffp/include  -g -O2 -Wall -Wno-pointer-sign -MT mpih-mul3.o -MD -MP -MF .deps/mpih-mul3.Tpo -c -o mpih-mul3.o mpih-mul3.c
/tmp/ccDYtP0V.s: Assembler messages:
/tmp/ccDYtP0V.s:53: rdhi, rdlo and rm must all be different
mv -f .deps/mpih-mul3.Tpo .deps/mpih-mul3.Po
gcc -DHAVE_CONFIG_H -I. -I.. -I.. -I../include  -I/ffp/include  -g -O2 -Wall -Wno-pointer-sign -MT mpih-add1.o -MD -MP -MF .deps/mpih-add1.Tpo -c -o mpih-add1.o mpih-add1.c
mv -f .deps/mpih-add1.Tpo .deps/mpih-add1.Po
gcc -DHAVE_CONFIG_H -I. -I.. -I.. -I../include  -I/ffp/include  -g -O2 -Wall -Wno-pointer-sign -MT mpih-sub1.o -MD -MP -MF .deps/mpih-sub1.Tpo -c -o mpih-sub1.o mpih-sub1.c
mv -f .deps/mpih-sub1.Tpo .deps/mpih-sub1.Po
gcc -DHAVE_CONFIG_H -I. -I.. -I.. -I../include  -I/ffp/include  -g -O2 -Wall -Wno-pointer-sign -MT mpih-lshift.o -MD -MP -MF .deps/mpih-lshift.Tpo -c -o mpih-lshift.o mpih-lshift.c
mv -f .deps/mpih-lshift.Tpo .deps/mpih-lshift.Po
gcc -DHAVE_CONFIG_H -I. -I.. -I.. -I../include  -I/ffp/include  -g -O2 -Wall -Wno-pointer-sign -MT mpih-rshift.o -MD -MP -MF .deps/mpih-rshift.Tpo -c -o mpih-rshift.o mpih-rshift.c
mv -f .deps/mpih-rshift.Tpo .deps/mpih-rshift.Po
rm -f libmpi.a
ar cru libmpi.a mpi-add.o mpi-bit.o mpi-cmp.o mpi-div.o mpi-gcd.o mpi-inline.o mpi-inv.o mpi-mul.o mpi-pow.o mpi-mpow.o mpi-scan.o mpicoder.o mpih-cmp.o mpih-div.o mpih-mul.o mpiutil.o mpih-mul1.o mpih-mul2.o mpih-mul3.o mpih-add1.o mpih-sub1.o mpih-lshift.o mpih-rshift.o 
ranlib libmpi.a
make[2]: Leaving directory `/tmp/gnupg.Om7VRf/gnupg-1.4.8/mpi'
Making all in cipher
make[2]: Entering directory `/tmp/gnupg.Om7VRf/gnupg-1.4.8/cipher'
gcc -DHAVE_CONFIG_H -I. -I..  -I.. -I../include -I../intl -DGNUPG_LIBDIR="\"/ffp/lib/gnupg\"" -I/ffp/include  -g -O2 -Wall -Wno-pointer-sign -MT cipher.o -MD -MP -MF .deps/cipher.Tpo -c -o cipher.o cipher.c
mv -f .deps/cipher.Tpo .deps/cipher.Po
gcc -DHAVE_CONFIG_H -I. -I..  -I.. -I../include -I../intl -DGNUPG_LIBDIR="\"/ffp/lib/gnupg\"" -I/ffp/include  -g -O2 -Wall -Wno-pointer-sign -MT pubkey.o -MD -MP -MF .deps/pubkey.Tpo -c -o pubkey.o pubkey.c
mv -f .deps/pubkey.Tpo .deps/pubkey.Po
gcc -DHAVE_CONFIG_H -I. -I..  -I.. -I../include -I../intl -DGNUPG_LIBDIR="\"/ffp/lib/gnupg\"" -I/ffp/include  -g -O2 -Wall -Wno-pointer-sign -MT md.o -MD -MP -MF .deps/md.Tpo -c -o md.o md.c
md.c: In function 'md_stop_debug':
md.c:524:21: warning: variable 'c' set but not used [-Wunused-but-set-variable]
mv -f .deps/md.Tpo .deps/md.Po
gcc -DHAVE_CONFIG_H -I. -I..  -I.. -I../include -I../intl -DGNUPG_LIBDIR="\"/ffp/lib/gnupg\"" -I/ffp/include  -g -O2 -Wall -Wno-pointer-sign -MT dynload.o -MD -MP -MF .deps/dynload.Tpo -c -o dynload.o dynload.c
dynload.c: In function 'register_cipher_extension':
dynload.c:56:20: warning: variable 'intex' set but not used [-Wunused-but-set-variable]
mv -f .deps/dynload.Tpo .deps/dynload.Po
gcc -DHAVE_CONFIG_H -I. -I..  -I.. -I../include -I../intl -DGNUPG_LIBDIR="\"/ffp/lib/gnupg\"" -I/ffp/include  -g -O2 -Wall -Wno-pointer-sign -MT des.o -MD -MP -MF .deps/des.Tpo -c -o des.o des.c
mv -f .deps/des.Tpo .deps/des.Po
gcc -DHAVE_CONFIG_H -I. -I..  -I.. -I../include -I../intl -DGNUPG_LIBDIR="\"/ffp/lib/gnupg\"" -I/ffp/include  -g -O2 -Wall -Wno-pointer-sign -MT twofish.o -MD -MP -MF .deps/twofish.Tpo -c -o twofish.o twofish.c
mv -f .deps/twofish.Tpo .deps/twofish.Po
gcc -DHAVE_CONFIG_H -I. -I..  -I.. -I../include -I../intl -DGNUPG_LIBDIR="\"/ffp/lib/gnupg\"" -I/ffp/include  -g -O2 -Wall -Wno-pointer-sign -MT blowfish.o -MD -MP -MF .deps/blowfish.Tpo -c -o blowfish.o blowfish.c
mv -f .deps/blowfish.Tpo .deps/blowfish.Po
gcc -DHAVE_CONFIG_H -I. -I..  -I.. -I../include -I../intl -DGNUPG_LIBDIR="\"/ffp/lib/gnupg\"" -I/ffp/include  -g -O2 -Wall -Wno-pointer-sign -MT cast5.o -MD -MP -MF .deps/cast5.Tpo -c -o cast5.o cast5.c
mv -f .deps/cast5.Tpo .deps/cast5.Po
gcc -DHAVE_CONFIG_H -I. -I..  -I.. -I../include -I../intl -DGNUPG_LIBDIR="\"/ffp/lib/gnupg\"" -I/ffp/include  -g -O2 -Wall -Wno-pointer-sign -MT rijndael.o -MD -MP -MF .deps/rijndael.Tpo -c -o rijndael.o rijndael.c
rijndael.c: In function 'do_encrypt':
rijndael.c:1878:5: warning: dereferencing type-punned pointer will break strict-aliasing rules [-Wstrict-aliasing]
rijndael.c:1878:5: warning: dereferencing type-punned pointer will break strict-aliasing rules [-Wstrict-aliasing]
rijndael.c:1899:9: warning: dereferencing type-punned pointer will break strict-aliasing rules [-Wstrict-aliasing]
rijndael.c:1922:5: warning: dereferencing type-punned pointer will break strict-aliasing rules [-Wstrict-aliasing]
rijndael.c: In function 'do_decrypt':
rijndael.c:2023:5: warning: dereferencing type-punned pointer will break strict-aliasing rules [-Wstrict-aliasing]
rijndael.c:2045:3: warning: dereferencing type-punned pointer will break strict-aliasing rules [-Wstrict-aliasing]
rijndael.c:2067:2: warning: dereferencing type-punned pointer will break strict-aliasing rules [-Wstrict-aliasing]
rijndael.c:2087:2: warning: dereferencing type-punned pointer will break strict-aliasing rules [-Wstrict-aliasing]
mv -f .deps/rijndael.Tpo .deps/rijndael.Po
gcc -DHAVE_CONFIG_H -I. -I..  -I.. -I../include -I../intl -DGNUPG_LIBDIR="\"/ffp/lib/gnupg\"" -I/ffp/include  -g -O2 -Wall -Wno-pointer-sign -MT camellia.o -MD -MP -MF .deps/camellia.Tpo -c -o camellia.o camellia.c
mv -f .deps/camellia.Tpo .deps/camellia.Po
gcc -DHAVE_CONFIG_H -I. -I..  -I.. -I../include -I../intl -DGNUPG_LIBDIR="\"/ffp/lib/gnupg\"" -I/ffp/include  -g -O2 -Wall -Wno-pointer-sign -MT camellia-glue.o -MD -MP -MF .deps/camellia-glue.Tpo -c -o camellia-glue.o camellia-glue.c
mv -f .deps/camellia-glue.Tpo .deps/camellia-glue.Po
gcc -DHAVE_CONFIG_H -I. -I..  -I.. -I../include -I../intl -DGNUPG_LIBDIR="\"/ffp/lib/gnupg\"" -I/ffp/include  -g -O2 -Wall -Wno-pointer-sign -MT elgamal.o -MD -MP -MF .deps/elgamal.Tpo -c -o elgamal.o elgamal.c
mv -f .deps/elgamal.Tpo .deps/elgamal.Po
gcc -DHAVE_CONFIG_H -I. -I..  -I.. -I../include -I../intl -DGNUPG_LIBDIR="\"/ffp/lib/gnupg\"" -I/ffp/include  -g -O2 -Wall -Wno-pointer-sign -MT rsa.o -MD -MP -MF .deps/rsa.Tpo -c -o rsa.o rsa.c
mv -f .deps/rsa.Tpo .deps/rsa.Po
gcc -DHAVE_CONFIG_H -I. -I..  -I.. -I../include -I../intl -DGNUPG_LIBDIR="\"/ffp/lib/gnupg\"" -I/ffp/include  -g -O2 -Wall -Wno-pointer-sign -MT primegen.o -MD -MP -MF .deps/primegen.Tpo -c -o primegen.o primegen.c
mv -f .deps/primegen.Tpo .deps/primegen.Po
gcc -DHAVE_CONFIG_H -I. -I..  -I.. -I../include -I../intl -DGNUPG_LIBDIR="\"/ffp/lib/gnupg\"" -I/ffp/include  -g -O2 -Wall -Wno-pointer-sign -MT random.o -MD -MP -MF .deps/random.Tpo -c -o random.o random.c
mv -f .deps/random.Tpo .deps/random.Po
gcc -DHAVE_CONFIG_H -I. -I..  -I.. -I../include -I../intl -DGNUPG_LIBDIR="\"/ffp/lib/gnupg\"" -I/ffp/include  -g -O2 -Wall -Wno-pointer-sign -MT dsa.o -MD -MP -MF .deps/dsa.Tpo -c -o dsa.o dsa.c
mv -f .deps/dsa.Tpo .deps/dsa.Po
gcc -DHAVE_CONFIG_H -I. -I..  -I.. -I../include -I../intl -DGNUPG_LIBDIR="\"/ffp/lib/gnupg\"" -I/ffp/include  -g -O2 -Wall -Wno-pointer-sign -MT smallprime.o -MD -MP -MF .deps/smallprime.Tpo -c -o smallprime.o smallprime.c
mv -f .deps/smallprime.Tpo .deps/smallprime.Po
gcc -DHAVE_CONFIG_H -I. -I..  -I.. -I../include -I../intl -DGNUPG_LIBDIR="\"/ffp/lib/gnupg\"" -I/ffp/include  -g -O2 -Wall -Wno-pointer-sign -MT md5.o -MD -MP -MF .deps/md5.Tpo -c -o md5.o md5.c
mv -f .deps/md5.Tpo .deps/md5.Po
gcc -DHAVE_CONFIG_H -I. -I..  -I.. -I../include -I../intl -DGNUPG_LIBDIR="\"/ffp/lib/gnupg\"" -I/ffp/include  -g -O2 -Wall -Wno-pointer-sign -MT rmd160.o -MD -MP -MF .deps/rmd160.Tpo -c -o rmd160.o rmd160.c
mv -f .deps/rmd160.Tpo .deps/rmd160.Po
gcc -DHAVE_CONFIG_H -I. -I..  -I.. -I../include -I../intl -DGNUPG_LIBDIR="\"/ffp/lib/gnupg\"" -I/ffp/include  -g -O2 -Wall -Wno-pointer-sign -MT sha1.o -MD -MP -MF .deps/sha1.Tpo -c -o sha1.o sha1.c
mv -f .deps/sha1.Tpo .deps/sha1.Po
gcc -DHAVE_CONFIG_H -I. -I..  -I.. -I../include -I../intl -DGNUPG_LIBDIR="\"/ffp/lib/gnupg\"" -I/ffp/include  -g -O2 -Wall -Wno-pointer-sign -MT sha256.o -MD -MP -MF .deps/sha256.Tpo -c -o sha256.o sha256.c
mv -f .deps/sha256.Tpo .deps/sha256.Po
gcc -DHAVE_CONFIG_H -I. -I..  -I.. -I../include -I../intl -DGNUPG_LIBDIR="\"/ffp/lib/gnupg\"" -I/ffp/include  -g -O2 -Wall -Wno-pointer-sign -MT rndlinux.o -MD -MP -MF .deps/rndlinux.Tpo -c -o rndlinux.o rndlinux.c
mv -f .deps/rndlinux.Tpo .deps/rndlinux.Po
gcc -DHAVE_CONFIG_H -I. -I..  -I.. -I../include -I../intl -DGNUPG_LIBDIR="\"/ffp/lib/gnupg\"" -I/ffp/include  -g -O2 -Wall -Wno-pointer-sign -MT sha512.o -MD -MP -MF .deps/sha512.Tpo -c -o sha512.o sha512.c
mv -f .deps/sha512.Tpo .deps/sha512.Po
gcc -DHAVE_CONFIG_H -I. -I..  -I.. -I../include -I../intl -DGNUPG_LIBDIR="\"/ffp/lib/gnupg\"" -I/ffp/include  -g -O2 -Wall -Wno-pointer-sign -MT idea-stub.o -MD -MP -MF .deps/idea-stub.Tpo -c -o idea-stub.o idea-stub.c
mv -f .deps/idea-stub.Tpo .deps/idea-stub.Po
rm -f libcipher.a
ar cru libcipher.a cipher.o pubkey.o md.o dynload.o des.o twofish.o blowfish.o cast5.o rijndael.o camellia.o camellia-glue.o elgamal.o rsa.o primegen.o random.o dsa.o smallprime.o md5.o rmd160.o sha1.o sha256.o rndlinux.o    sha512.o idea-stub.o
ranlib libcipher.a
make[2]: Leaving directory `/tmp/gnupg.Om7VRf/gnupg-1.4.8/cipher'
Making all in tools
make[2]: Entering directory `/tmp/gnupg.Om7VRf/gnupg-1.4.8/tools'
gcc -DHAVE_CONFIG_H -I. -I..  -I../include -I../intl -DLOCALEDIR="\"/ffp/share/locale\"" -I/ffp/include  -g -O2 -Wall -Wno-pointer-sign -MT gpgsplit.o -MD -MP -MF .deps/gpgsplit.Tpo -c -o gpgsplit.o gpgsplit.c
mv -f .deps/gpgsplit.Tpo .deps/gpgsplit.Po
gcc  -g -O2 -Wall -Wno-pointer-sign  -L/ffp/lib -Wl,-rpath,/ffp/lib -o gpgsplit gpgsplit.o ../cipher/libcipher.a ../mpi/libmpi.a ../util/libutil.a  /ffp/lib/libiconv.so -Wl,-rpath -Wl,/ffp/lib /ffp/lib/libintl.so /ffp/lib/libiconv.so /ffp/lib/libc.so -Wl,-rpath -Wl,/ffp/lib  -lz -lbz2 
gcc -DHAVE_CONFIG_H -I. -I..  -I../include -I../intl -DLOCALEDIR="\"/ffp/share/locale\"" -I/ffp/include  -g -O2 -Wall -Wno-pointer-sign -MT mpicalc.o -MD -MP -MF .deps/mpicalc.Tpo -c -o mpicalc.o mpicalc.c
mv -f .deps/mpicalc.Tpo .deps/mpicalc.Po
gcc  -g -O2 -Wall -Wno-pointer-sign  -L/ffp/lib -Wl,-rpath,/ffp/lib -o mpicalc mpicalc.o ../cipher/libcipher.a ../mpi/libmpi.a ../util/libutil.a  /ffp/lib/libiconv.so -Wl,-rpath -Wl,/ffp/lib /ffp/lib/libintl.so /ffp/lib/libiconv.so /ffp/lib/libc.so -Wl,-rpath -Wl,/ffp/lib   
gcc -DHAVE_CONFIG_H -I. -I..  -I../include -I../intl -DLOCALEDIR="\"/ffp/share/locale\"" -I/ffp/include  -g -O2 -Wall -Wno-pointer-sign -MT bftest.o -MD -MP -MF .deps/bftest.Tpo -c -o bftest.o bftest.c
mv -f .deps/bftest.Tpo .deps/bftest.Po
gcc  -g -O2 -Wall -Wno-pointer-sign  -L/ffp/lib -Wl,-rpath,/ffp/lib -o bftest bftest.o ../cipher/libcipher.a ../mpi/libmpi.a ../util/libutil.a  /ffp/lib/libiconv.so -Wl,-rpath -Wl,/ffp/lib /ffp/lib/libintl.so /ffp/lib/libiconv.so /ffp/lib/libc.so -Wl,-rpath -Wl,/ffp/lib   -ldl   -lreadline -lcurses 
gcc -DHAVE_CONFIG_H -I. -I..  -I../include -I../intl -DLOCALEDIR="\"/ffp/share/locale\"" -I/ffp/include  -g -O2 -Wall -Wno-pointer-sign -MT clean-sat.o -MD -MP -MF .deps/clean-sat.Tpo -c -o clean-sat.o clean-sat.c
mv -f .deps/clean-sat.Tpo .deps/clean-sat.Po
gcc  -g -O2 -Wall -Wno-pointer-sign  -L/ffp/lib -Wl,-rpath,/ffp/lib -o clean-sat clean-sat.o  
gcc -DHAVE_CONFIG_H -I. -I..  -I../include -I../intl -DLOCALEDIR="\"/ffp/share/locale\"" -I/ffp/include  -g -O2 -Wall -Wno-pointer-sign -MT mk-tdata.o -MD -MP -MF .deps/mk-tdata.Tpo -c -o mk-tdata.o mk-tdata.c
mv -f .deps/mk-tdata.Tpo .deps/mk-tdata.Po
gcc  -g -O2 -Wall -Wno-pointer-sign  -L/ffp/lib -Wl,-rpath,/ffp/lib -o mk-tdata mk-tdata.o  
gcc -DHAVE_CONFIG_H -I. -I..  -I../include -I../intl -DLOCALEDIR="\"/ffp/share/locale\"" -I/ffp/include  -g -O2 -Wall -Wno-pointer-sign -MT shmtest.o -MD -MP -MF .deps/shmtest.Tpo -c -o shmtest.o shmtest.c
mv -f .deps/shmtest.Tpo .deps/shmtest.Po
gcc  -g -O2 -Wall -Wno-pointer-sign  -L/ffp/lib -Wl,-rpath,/ffp/lib -o shmtest shmtest.o ../cipher/libcipher.a ../mpi/libmpi.a ../util/libutil.a  /ffp/lib/libiconv.so -Wl,-rpath -Wl,/ffp/lib /ffp/lib/libintl.so /ffp/lib/libiconv.so /ffp/lib/libc.so -Wl,-rpath -Wl,/ffp/lib  -lreadline -lcurses 
gcc -DHAVE_CONFIG_H -I. -I..  -I../include -I../intl -DLOCALEDIR="\"/ffp/share/locale\"" -I/ffp/include  -g -O2 -Wall -Wno-pointer-sign -MT make-dns-cert.o -MD -MP -MF .deps/make-dns-cert.Tpo -c -o make-dns-cert.o make-dns-cert.c
mv -f .deps/make-dns-cert.Tpo .deps/make-dns-cert.Po
gcc  -g -O2 -Wall -Wno-pointer-sign  -L/ffp/lib -Wl,-rpath,/ffp/lib -o make-dns-cert make-dns-cert.o  
make[2]: Leaving directory `/tmp/gnupg.Om7VRf/gnupg-1.4.8/tools'
Making all in g10
make[2]: Entering directory `/tmp/gnupg.Om7VRf/gnupg-1.4.8/g10'
gcc -DHAVE_CONFIG_H -I. -I..  -I../include -I../intl -DLOCALEDIR="\"/ffp/share/locale\"" -DGNUPG_LIBEXECDIR="\"/ffp/libexec/gnupg\"" -DGNUPG_DATADIR="\"/ffp/share/gnupg\"" -DGNUPG_LIBDIR="\"/ffp/lib/gnupg\"" -I/ffp/include  -g -O2 -Wall -Wno-pointer-sign -MT gpg.o -MD -MP -MF .deps/gpg.Tpo -c -o gpg.o gpg.c
mv -f .deps/gpg.Tpo .deps/gpg.Po
gcc -DHAVE_CONFIG_H -I. -I..  -I../include -I../intl -DLOCALEDIR="\"/ffp/share/locale\"" -DGNUPG_LIBEXECDIR="\"/ffp/libexec/gnupg\"" -DGNUPG_DATADIR="\"/ffp/share/gnupg\"" -DGNUPG_LIBDIR="\"/ffp/lib/gnupg\"" -I/ffp/include  -g -O2 -Wall -Wno-pointer-sign -MT build-packet.o -MD -MP -MF .deps/build-packet.Tpo -c -o build-packet.o build-packet.c
mv -f .deps/build-packet.Tpo .deps/build-packet.Po
gcc -DHAVE_CONFIG_H -I. -I..  -I../include -I../intl -DLOCALEDIR="\"/ffp/share/locale\"" -DGNUPG_LIBEXECDIR="\"/ffp/libexec/gnupg\"" -DGNUPG_DATADIR="\"/ffp/share/gnupg\"" -DGNUPG_LIBDIR="\"/ffp/lib/gnupg\"" -I/ffp/include  -g -O2 -Wall -Wno-pointer-sign -MT compress.o -MD -MP -MF .deps/compress.Tpo -c -o compress.o compress.c
mv -f .deps/compress.Tpo .deps/compress.Po
gcc -DHAVE_CONFIG_H -I. -I..  -I../include -I../intl -DLOCALEDIR="\"/ffp/share/locale\"" -DGNUPG_LIBEXECDIR="\"/ffp/libexec/gnupg\"" -DGNUPG_DATADIR="\"/ffp/share/gnupg\"" -DGNUPG_LIBDIR="\"/ffp/lib/gnupg\"" -I/ffp/include  -g -O2 -Wall -Wno-pointer-sign -MT compress-bz2.o -MD -MP -MF .deps/compress-bz2.Tpo -c -o compress-bz2.o compress-bz2.c
mv -f .deps/compress-bz2.Tpo .deps/compress-bz2.Po
gcc -DHAVE_CONFIG_H -I. -I..  -I../include -I../intl -DLOCALEDIR="\"/ffp/share/locale\"" -DGNUPG_LIBEXECDIR="\"/ffp/libexec/gnupg\"" -DGNUPG_DATADIR="\"/ffp/share/gnupg\"" -DGNUPG_LIBDIR="\"/ffp/lib/gnupg\"" -I/ffp/include  -g -O2 -Wall -Wno-pointer-sign -MT free-packet.o -MD -MP -MF .deps/free-packet.Tpo -c -o free-packet.o free-packet.c
mv -f .deps/free-packet.Tpo .deps/free-packet.Po
gcc -DHAVE_CONFIG_H -I. -I..  -I../include -I../intl -DLOCALEDIR="\"/ffp/share/locale\"" -DGNUPG_LIBEXECDIR="\"/ffp/libexec/gnupg\"" -DGNUPG_DATADIR="\"/ffp/share/gnupg\"" -DGNUPG_LIBDIR="\"/ffp/lib/gnupg\"" -I/ffp/include  -g -O2 -Wall -Wno-pointer-sign -MT getkey.o -MD -MP -MF .deps/getkey.Tpo -c -o getkey.o getkey.c
mv -f .deps/getkey.Tpo .deps/getkey.Po
gcc -DHAVE_CONFIG_H -I. -I..  -I../include -I../intl -DLOCALEDIR="\"/ffp/share/locale\"" -DGNUPG_LIBEXECDIR="\"/ffp/libexec/gnupg\"" -DGNUPG_DATADIR="\"/ffp/share/gnupg\"" -DGNUPG_LIBDIR="\"/ffp/lib/gnupg\"" -I/ffp/include  -g -O2 -Wall -Wno-pointer-sign -MT keydb.o -MD -MP -MF .deps/keydb.Tpo -c -o keydb.o keydb.c
mv -f .deps/keydb.Tpo .deps/keydb.Po
gcc -DHAVE_CONFIG_H -I. -I..  -I../include -I../intl -DLOCALEDIR="\"/ffp/share/locale\"" -DGNUPG_LIBEXECDIR="\"/ffp/libexec/gnupg\"" -DGNUPG_DATADIR="\"/ffp/share/gnupg\"" -DGNUPG_LIBDIR="\"/ffp/lib/gnupg\"" -I/ffp/include  -g -O2 -Wall -Wno-pointer-sign -MT keyring.o -MD -MP -MF .deps/keyring.Tpo -c -o keyring.o keyring.c
mv -f .deps/keyring.Tpo .deps/keyring.Po
gcc -DHAVE_CONFIG_H -I. -I..  -I../include -I../intl -DLOCALEDIR="\"/ffp/share/locale\"" -DGNUPG_LIBEXECDIR="\"/ffp/libexec/gnupg\"" -DGNUPG_DATADIR="\"/ffp/share/gnupg\"" -DGNUPG_LIBDIR="\"/ffp/lib/gnupg\"" -I/ffp/include  -g -O2 -Wall -Wno-pointer-sign -MT seskey.o -MD -MP -MF .deps/seskey.Tpo -c -o seskey.o seskey.c
mv -f .deps/seskey.Tpo .deps/seskey.Po
gcc -DHAVE_CONFIG_H -I. -I..  -I../include -I../intl -DLOCALEDIR="\"/ffp/share/locale\"" -DGNUPG_LIBEXECDIR="\"/ffp/libexec/gnupg\"" -DGNUPG_DATADIR="\"/ffp/share/gnupg\"" -DGNUPG_LIBDIR="\"/ffp/lib/gnupg\"" -I/ffp/include  -g -O2 -Wall -Wno-pointer-sign -MT kbnode.o -MD -MP -MF .deps/kbnode.Tpo -c -o kbnode.o kbnode.c
mv -f .deps/kbnode.Tpo .deps/kbnode.Po
gcc -DHAVE_CONFIG_H -I. -I..  -I../include -I../intl -DLOCALEDIR="\"/ffp/share/locale\"" -DGNUPG_LIBEXECDIR="\"/ffp/libexec/gnupg\"" -DGNUPG_DATADIR="\"/ffp/share/gnupg\"" -DGNUPG_LIBDIR="\"/ffp/lib/gnupg\"" -I/ffp/include  -g -O2 -Wall -Wno-pointer-sign -MT mainproc.o -MD -MP -MF .deps/mainproc.Tpo -c -o mainproc.o mainproc.c
mv -f .deps/mainproc.Tpo .deps/mainproc.Po
gcc -DHAVE_CONFIG_H -I. -I..  -I../include -I../intl -DLOCALEDIR="\"/ffp/share/locale\"" -DGNUPG_LIBEXECDIR="\"/ffp/libexec/gnupg\"" -DGNUPG_DATADIR="\"/ffp/share/gnupg\"" -DGNUPG_LIBDIR="\"/ffp/lib/gnupg\"" -I/ffp/include  -g -O2 -Wall -Wno-pointer-sign -MT armor.o -MD -MP -MF .deps/armor.Tpo -c -o armor.o armor.c
mv -f .deps/armor.Tpo .deps/armor.Po
gcc -DHAVE_CONFIG_H -I. -I..  -I../include -I../intl -DLOCALEDIR="\"/ffp/share/locale\"" -DGNUPG_LIBEXECDIR="\"/ffp/libexec/gnupg\"" -DGNUPG_DATADIR="\"/ffp/share/gnupg\"" -DGNUPG_LIBDIR="\"/ffp/lib/gnupg\"" -I/ffp/include  -g -O2 -Wall -Wno-pointer-sign -MT mdfilter.o -MD -MP -MF .deps/mdfilter.Tpo -c -o mdfilter.o mdfilter.c
mv -f .deps/mdfilter.Tpo .deps/mdfilter.Po
gcc -DHAVE_CONFIG_H -I. -I..  -I../include -I../intl -DLOCALEDIR="\"/ffp/share/locale\"" -DGNUPG_LIBEXECDIR="\"/ffp/libexec/gnupg\"" -DGNUPG_DATADIR="\"/ffp/share/gnupg\"" -DGNUPG_LIBDIR="\"/ffp/lib/gnupg\"" -I/ffp/include  -g -O2 -Wall -Wno-pointer-sign -MT textfilter.o -MD -MP -MF .deps/textfilter.Tpo -c -o textfilter.o textfilter.c
mv -f .deps/textfilter.Tpo .deps/textfilter.Po
gcc -DHAVE_CONFIG_H -I. -I..  -I../include -I../intl -DLOCALEDIR="\"/ffp/share/locale\"" -DGNUPG_LIBEXECDIR="\"/ffp/libexec/gnupg\"" -DGNUPG_DATADIR="\"/ffp/share/gnupg\"" -DGNUPG_LIBDIR="\"/ffp/lib/gnupg\"" -I/ffp/include  -g -O2 -Wall -Wno-pointer-sign -MT progress.o -MD -MP -MF .deps/progress.Tpo -c -o progress.o progress.c
mv -f .deps/progress.Tpo .deps/progress.Po
gcc -DHAVE_CONFIG_H -I. -I..  -I../include -I../intl -DLOCALEDIR="\"/ffp/share/locale\"" -DGNUPG_LIBEXECDIR="\"/ffp/libexec/gnupg\"" -DGNUPG_DATADIR="\"/ffp/share/gnupg\"" -DGNUPG_LIBDIR="\"/ffp/lib/gnupg\"" -I/ffp/include  -g -O2 -Wall -Wno-pointer-sign -MT misc.o -MD -MP -MF .deps/misc.Tpo -c -o misc.o misc.c
mv -f .deps/misc.Tpo .deps/misc.Po
gcc -DHAVE_CONFIG_H -I. -I..  -I../include -I../intl -DLOCALEDIR="\"/ffp/share/locale\"" -DGNUPG_LIBEXECDIR="\"/ffp/libexec/gnupg\"" -DGNUPG_DATADIR="\"/ffp/share/gnupg\"" -DGNUPG_LIBDIR="\"/ffp/lib/gnupg\"" -I/ffp/include  -g -O2 -Wall -Wno-pointer-sign -MT openfile.o -MD -MP -MF .deps/openfile.Tpo -c -o openfile.o openfile.c
mv -f .deps/openfile.Tpo .deps/openfile.Po
gcc -DHAVE_CONFIG_H -I. -I..  -I../include -I../intl -DLOCALEDIR="\"/ffp/share/locale\"" -DGNUPG_LIBEXECDIR="\"/ffp/libexec/gnupg\"" -DGNUPG_DATADIR="\"/ffp/share/gnupg\"" -DGNUPG_LIBDIR="\"/ffp/lib/gnupg\"" -I/ffp/include  -g -O2 -Wall -Wno-pointer-sign -MT keyid.o -MD -MP -MF .deps/keyid.Tpo -c -o keyid.o keyid.c
mv -f .deps/keyid.Tpo .deps/keyid.Po
gcc -DHAVE_CONFIG_H -I. -I..  -I../include -I../intl -DLOCALEDIR="\"/ffp/share/locale\"" -DGNUPG_LIBEXECDIR="\"/ffp/libexec/gnupg\"" -DGNUPG_DATADIR="\"/ffp/share/gnupg\"" -DGNUPG_LIBDIR="\"/ffp/lib/gnupg\"" -I/ffp/include  -g -O2 -Wall -Wno-pointer-sign -MT parse-packet.o -MD -MP -MF .deps/parse-packet.Tpo -c -o parse-packet.o parse-packet.c
mv -f .deps/parse-packet.Tpo .deps/parse-packet.Po
gcc -DHAVE_CONFIG_H -I. -I..  -I../include -I../intl -DLOCALEDIR="\"/ffp/share/locale\"" -DGNUPG_LIBEXECDIR="\"/ffp/libexec/gnupg\"" -DGNUPG_DATADIR="\"/ffp/share/gnupg\"" -DGNUPG_LIBDIR="\"/ffp/lib/gnupg\"" -I/ffp/include  -g -O2 -Wall -Wno-pointer-sign -MT status.o -MD -MP -MF .deps/status.Tpo -c -o status.o status.c
mv -f .deps/status.Tpo .deps/status.Po
gcc -DHAVE_CONFIG_H -I. -I..  -I../include -I../intl -DLOCALEDIR="\"/ffp/share/locale\"" -DGNUPG_LIBEXECDIR="\"/ffp/libexec/gnupg\"" -DGNUPG_DATADIR="\"/ffp/share/gnupg\"" -DGNUPG_LIBDIR="\"/ffp/lib/gnupg\"" -I/ffp/include  -g -O2 -Wall -Wno-pointer-sign -MT plaintext.o -MD -MP -MF .deps/plaintext.Tpo -c -o plaintext.o plaintext.c
mv -f .deps/plaintext.Tpo .deps/plaintext.Po
gcc -DHAVE_CONFIG_H -I. -I..  -I../include -I../intl -DLOCALEDIR="\"/ffp/share/locale\"" -DGNUPG_LIBEXECDIR="\"/ffp/libexec/gnupg\"" -DGNUPG_DATADIR="\"/ffp/share/gnupg\"" -DGNUPG_LIBDIR="\"/ffp/lib/gnupg\"" -I/ffp/include  -g -O2 -Wall -Wno-pointer-sign -MT sig-check.o -MD -MP -MF .deps/sig-check.Tpo -c -o sig-check.o sig-check.c
sig-check.c: In function 'do_check':
sig-check.c:226:31: warning: variable 'ctx' set but not used [-Wunused-but-set-variable]
mv -f .deps/sig-check.Tpo .deps/sig-check.Po
gcc -DHAVE_CONFIG_H -I. -I..  -I../include -I../intl -DLOCALEDIR="\"/ffp/share/locale\"" -DGNUPG_LIBEXECDIR="\"/ffp/libexec/gnupg\"" -DGNUPG_DATADIR="\"/ffp/share/gnupg\"" -DGNUPG_LIBDIR="\"/ffp/lib/gnupg\"" -I/ffp/include  -g -O2 -Wall -Wno-pointer-sign -MT keylist.o -MD -MP -MF .deps/keylist.Tpo -c -o keylist.o keylist.c
mv -f .deps/keylist.Tpo .deps/keylist.Po
gcc -DHAVE_CONFIG_H -I. -I..  -I../include -I../intl -DLOCALEDIR="\"/ffp/share/locale\"" -DGNUPG_LIBEXECDIR="\"/ffp/libexec/gnupg\"" -DGNUPG_DATADIR="\"/ffp/share/gnupg\"" -DGNUPG_LIBDIR="\"/ffp/lib/gnupg\"" -I/ffp/include  -g -O2 -Wall -Wno-pointer-sign -MT signal.o -MD -MP -MF .deps/signal.Tpo -c -o signal.o signal.c
mv -f .deps/signal.Tpo .deps/signal.Po
gcc -DHAVE_CONFIG_H -I. -I..  -I../include -I../intl -DLOCALEDIR="\"/ffp/share/locale\"" -DGNUPG_LIBEXECDIR="\"/ffp/libexec/gnupg\"" -DGNUPG_DATADIR="\"/ffp/share/gnupg\"" -DGNUPG_LIBDIR="\"/ffp/lib/gnupg\"" -I/ffp/include  -g -O2 -Wall -Wno-pointer-sign -MT cardglue.o -MD -MP -MF .deps/cardglue.Tpo -c -o cardglue.o cardglue.c
mv -f .deps/cardglue.Tpo .deps/cardglue.Po
gcc -DHAVE_CONFIG_H -I. -I..  -I../include -I../intl -DLOCALEDIR="\"/ffp/share/locale\"" -DGNUPG_LIBEXECDIR="\"/ffp/libexec/gnupg\"" -DGNUPG_DATADIR="\"/ffp/share/gnupg\"" -DGNUPG_LIBDIR="\"/ffp/lib/gnupg\"" -I/ffp/include  -g -O2 -Wall -Wno-pointer-sign -MT tlv.o -MD -MP -MF .deps/tlv.Tpo -c -o tlv.o tlv.c
mv -f .deps/tlv.Tpo .deps/tlv.Po
gcc -DHAVE_CONFIG_H -I. -I..  -I../include -I../intl -DLOCALEDIR="\"/ffp/share/locale\"" -DGNUPG_LIBEXECDIR="\"/ffp/libexec/gnupg\"" -DGNUPG_DATADIR="\"/ffp/share/gnupg\"" -DGNUPG_LIBDIR="\"/ffp/lib/gnupg\"" -I/ffp/include  -g -O2 -Wall -Wno-pointer-sign -MT card-util.o -MD -MP -MF .deps/card-util.Tpo -c -o card-util.o card-util.c
card-util.c: In function 'card_edit':
card-util.c:1396:7: warning: variable 'did_checkpin' set but not used [-Wunused-but-set-variable]
mv -f .deps/card-util.Tpo .deps/card-util.Po
gcc -DHAVE_CONFIG_H -I. -I..  -I../include -I../intl -DLOCALEDIR="\"/ffp/share/locale\"" -DGNUPG_LIBEXECDIR="\"/ffp/libexec/gnupg\"" -DGNUPG_DATADIR="\"/ffp/share/gnupg\"" -DGNUPG_LIBDIR="\"/ffp/lib/gnupg\"" -I/ffp/include  -g -O2 -Wall -Wno-pointer-sign -MT app-openpgp.o -MD -MP -MF .deps/app-openpgp.Tpo -c -o app-openpgp.o app-openpgp.c
mv -f .deps/app-openpgp.Tpo .deps/app-openpgp.Po
gcc -DHAVE_CONFIG_H -I. -I..  -I../include -I../intl -DLOCALEDIR="\"/ffp/share/locale\"" -DGNUPG_LIBEXECDIR="\"/ffp/libexec/gnupg\"" -DGNUPG_DATADIR="\"/ffp/share/gnupg\"" -DGNUPG_LIBDIR="\"/ffp/lib/gnupg\"" -I/ffp/include  -g -O2 -Wall -Wno-pointer-sign -MT iso7816.o -MD -MP -MF .deps/iso7816.Tpo -c -o iso7816.o iso7816.c
mv -f .deps/iso7816.Tpo .deps/iso7816.Po
gcc -DHAVE_CONFIG_H -I. -I..  -I../include -I../intl -DLOCALEDIR="\"/ffp/share/locale\"" -DGNUPG_LIBEXECDIR="\"/ffp/libexec/gnupg\"" -DGNUPG_DATADIR="\"/ffp/share/gnupg\"" -DGNUPG_LIBDIR="\"/ffp/lib/gnupg\"" -I/ffp/include  -g -O2 -Wall -Wno-pointer-sign -MT apdu.o -MD -MP -MF .deps/apdu.Tpo -c -o apdu.o apdu.c
apdu.c: In function 'open_pcsc_reader':
apdu.c:1517:26: warning: variable 'listlen' set but not used [-Wunused-but-set-variable]
mv -f .deps/apdu.Tpo .deps/apdu.Po
gcc -DHAVE_CONFIG_H -I. -I..  -I../include -I../intl -DLOCALEDIR="\"/ffp/share/locale\"" -DGNUPG_LIBEXECDIR="\"/ffp/libexec/gnupg\"" -DGNUPG_DATADIR="\"/ffp/share/gnupg\"" -DGNUPG_LIBDIR="\"/ffp/lib/gnupg\"" -I/ffp/include  -g -O2 -Wall -Wno-pointer-sign -MT ccid-driver.o -MD -MP -MF .deps/ccid-driver.Tpo -c -o ccid-driver.o ccid-driver.c
mv -f .deps/ccid-driver.Tpo .deps/ccid-driver.Po
gcc -DHAVE_CONFIG_H -I. -I..  -I../include -I../intl -DLOCALEDIR="\"/ffp/share/locale\"" -DGNUPG_LIBEXECDIR="\"/ffp/libexec/gnupg\"" -DGNUPG_DATADIR="\"/ffp/share/gnupg\"" -DGNUPG_LIBDIR="\"/ffp/lib/gnupg\"" -I/ffp/include  -g -O2 -Wall -Wno-pointer-sign -MT pkclist.o -MD -MP -MF .deps/pkclist.Tpo -c -o pkclist.o pkclist.c
mv -f .deps/pkclist.Tpo .deps/pkclist.Po
gcc -DHAVE_CONFIG_H -I. -I..  -I../include -I../intl -DLOCALEDIR="\"/ffp/share/locale\"" -DGNUPG_LIBEXECDIR="\"/ffp/libexec/gnupg\"" -DGNUPG_DATADIR="\"/ffp/share/gnupg\"" -DGNUPG_LIBDIR="\"/ffp/lib/gnupg\"" -I/ffp/include  -g -O2 -Wall -Wno-pointer-sign -MT skclist.o -MD -MP -MF .deps/skclist.Tpo -c -o skclist.o skclist.c
mv -f .deps/skclist.Tpo .deps/skclist.Po
gcc -DHAVE_CONFIG_H -I. -I..  -I../include -I../intl -DLOCALEDIR="\"/ffp/share/locale\"" -DGNUPG_LIBEXECDIR="\"/ffp/libexec/gnupg\"" -DGNUPG_DATADIR="\"/ffp/share/gnupg\"" -DGNUPG_LIBDIR="\"/ffp/lib/gnupg\"" -I/ffp/include  -g -O2 -Wall -Wno-pointer-sign -MT pubkey-enc.o -MD -MP -MF .deps/pubkey-enc.Tpo -c -o pubkey-enc.o pubkey-enc.c
mv -f .deps/pubkey-enc.Tpo .deps/pubkey-enc.Po
gcc -DHAVE_CONFIG_H -I. -I..  -I../include -I../intl -DLOCALEDIR="\"/ffp/share/locale\"" -DGNUPG_LIBEXECDIR="\"/ffp/libexec/gnupg\"" -DGNUPG_DATADIR="\"/ffp/share/gnupg\"" -DGNUPG_LIBDIR="\"/ffp/lib/gnupg\"" -I/ffp/include  -g -O2 -Wall -Wno-pointer-sign -MT passphrase.o -MD -MP -MF .deps/passphrase.Tpo -c -o passphrase.o passphrase.c
mv -f .deps/passphrase.Tpo .deps/passphrase.Po
gcc -DHAVE_CONFIG_H -I. -I..  -I../include -I../intl -DLOCALEDIR="\"/ffp/share/locale\"" -DGNUPG_LIBEXECDIR="\"/ffp/libexec/gnupg\"" -DGNUPG_DATADIR="\"/ffp/share/gnupg\"" -DGNUPG_LIBDIR="\"/ffp/lib/gnupg\"" -I/ffp/include  -g -O2 -Wall -Wno-pointer-sign -MT seckey-cert.o -MD -MP -MF .deps/seckey-cert.Tpo -c -o seckey-cert.o seckey-cert.c
mv -f .deps/seckey-cert.Tpo .deps/seckey-cert.Po
gcc -DHAVE_CONFIG_H -I. -I..  -I../include -I../intl -DLOCALEDIR="\"/ffp/share/locale\"" -DGNUPG_LIBEXECDIR="\"/ffp/libexec/gnupg\"" -DGNUPG_DATADIR="\"/ffp/share/gnupg\"" -DGNUPG_LIBDIR="\"/ffp/lib/gnupg\"" -I/ffp/include  -g -O2 -Wall -Wno-pointer-sign -MT encr-data.o -MD -MP -MF .deps/encr-data.Tpo -c -o encr-data.o encr-data.c
mv -f .deps/encr-data.Tpo .deps/encr-data.Po
gcc -DHAVE_CONFIG_H -I. -I..  -I../include -I../intl -DLOCALEDIR="\"/ffp/share/locale\"" -DGNUPG_LIBEXECDIR="\"/ffp/libexec/gnupg\"" -DGNUPG_DATADIR="\"/ffp/share/gnupg\"" -DGNUPG_LIBDIR="\"/ffp/lib/gnupg\"" -I/ffp/include  -g -O2 -Wall -Wno-pointer-sign -MT cipher.o -MD -MP -MF .deps/cipher.Tpo -c -o cipher.o cipher.c
mv -f .deps/cipher.Tpo .deps/cipher.Po
gcc -DHAVE_CONFIG_H -I. -I..  -I../include -I../intl -DLOCALEDIR="\"/ffp/share/locale\"" -DGNUPG_LIBEXECDIR="\"/ffp/libexec/gnupg\"" -DGNUPG_DATADIR="\"/ffp/share/gnupg\"" -DGNUPG_LIBDIR="\"/ffp/lib/gnupg\"" -I/ffp/include  -g -O2 -Wall -Wno-pointer-sign -MT encode.o -MD -MP -MF .deps/encode.Tpo -c -o encode.o encode.c
mv -f .deps/encode.Tpo .deps/encode.Po
gcc -DHAVE_CONFIG_H -I. -I..  -I../include -I../intl -DLOCALEDIR="\"/ffp/share/locale\"" -DGNUPG_LIBEXECDIR="\"/ffp/libexec/gnupg\"" -DGNUPG_DATADIR="\"/ffp/share/gnupg\"" -DGNUPG_LIBDIR="\"/ffp/lib/gnupg\"" -I/ffp/include  -g -O2 -Wall -Wno-pointer-sign -MT sign.o -MD -MP -MF .deps/sign.Tpo -c -o sign.o sign.c
mv -f .deps/sign.Tpo .deps/sign.Po
gcc -DHAVE_CONFIG_H -I. -I..  -I../include -I../intl -DLOCALEDIR="\"/ffp/share/locale\"" -DGNUPG_LIBEXECDIR="\"/ffp/libexec/gnupg\"" -DGNUPG_DATADIR="\"/ffp/share/gnupg\"" -DGNUPG_LIBDIR="\"/ffp/lib/gnupg\"" -I/ffp/include  -g -O2 -Wall -Wno-pointer-sign -MT verify.o -MD -MP -MF .deps/verify.Tpo -c -o verify.o verify.c
mv -f .deps/verify.Tpo .deps/verify.Po
gcc -DHAVE_CONFIG_H -I. -I..  -I../include -I../intl -DLOCALEDIR="\"/ffp/share/locale\"" -DGNUPG_LIBEXECDIR="\"/ffp/libexec/gnupg\"" -DGNUPG_DATADIR="\"/ffp/share/gnupg\"" -DGNUPG_LIBDIR="\"/ffp/lib/gnupg\"" -I/ffp/include  -g -O2 -Wall -Wno-pointer-sign -MT revoke.o -MD -MP -MF .deps/revoke.Tpo -c -o revoke.o revoke.c
mv -f .deps/revoke.Tpo .deps/revoke.Po
gcc -DHAVE_CONFIG_H -I. -I..  -I../include -I../intl -DLOCALEDIR="\"/ffp/share/locale\"" -DGNUPG_LIBEXECDIR="\"/ffp/libexec/gnupg\"" -DGNUPG_DATADIR="\"/ffp/share/gnupg\"" -DGNUPG_LIBDIR="\"/ffp/lib/gnupg\"" -I/ffp/include  -g -O2 -Wall -Wno-pointer-sign -MT decrypt.o -MD -MP -MF .deps/decrypt.Tpo -c -o decrypt.o decrypt.c
mv -f .deps/decrypt.Tpo .deps/decrypt.Po
gcc -DHAVE_CONFIG_H -I. -I..  -I../include -I../intl -DLOCALEDIR="\"/ffp/share/locale\"" -DGNUPG_LIBEXECDIR="\"/ffp/libexec/gnupg\"" -DGNUPG_DATADIR="\"/ffp/share/gnupg\"" -DGNUPG_LIBDIR="\"/ffp/lib/gnupg\"" -I/ffp/include  -g -O2 -Wall -Wno-pointer-sign -MT keyedit.o -MD -MP -MF .deps/keyedit.Tpo -c -o keyedit.o keyedit.c
keyedit.c: In function 'show_key_with_all_names':
keyedit.c:2645:10: warning: variable 'pk_version' set but not used [-Wunused-but-set-variable]
mv -f .deps/keyedit.Tpo .deps/keyedit.Po
gcc -DHAVE_CONFIG_H -I. -I..  -I../include -I../intl -DLOCALEDIR="\"/ffp/share/locale\"" -DGNUPG_LIBEXECDIR="\"/ffp/libexec/gnupg\"" -DGNUPG_DATADIR="\"/ffp/share/gnupg\"" -DGNUPG_LIBDIR="\"/ffp/lib/gnupg\"" -I/ffp/include  -g -O2 -Wall -Wno-pointer-sign -MT dearmor.o -MD -MP -MF .deps/dearmor.Tpo -c -o dearmor.o dearmor.c
mv -f .deps/dearmor.Tpo .deps/dearmor.Po
gcc -DHAVE_CONFIG_H -I. -I..  -I../include -I../intl -DLOCALEDIR="\"/ffp/share/locale\"" -DGNUPG_LIBEXECDIR="\"/ffp/libexec/gnupg\"" -DGNUPG_DATADIR="\"/ffp/share/gnupg\"" -DGNUPG_LIBDIR="\"/ffp/lib/gnupg\"" -I/ffp/include  -g -O2 -Wall -Wno-pointer-sign -MT import.o -MD -MP -MF .deps/import.Tpo -c -o import.o import.c
mv -f .deps/import.Tpo .deps/import.Po
gcc -DHAVE_CONFIG_H -I. -I..  -I../include -I../intl -DLOCALEDIR="\"/ffp/share/locale\"" -DGNUPG_LIBEXECDIR="\"/ffp/libexec/gnupg\"" -DGNUPG_DATADIR="\"/ffp/share/gnupg\"" -DGNUPG_LIBDIR="\"/ffp/lib/gnupg\"" -I/ffp/include  -g -O2 -Wall -Wno-pointer-sign -MT export.o -MD -MP -MF .deps/export.Tpo -c -o export.o export.c
mv -f .deps/export.Tpo .deps/export.Po
gcc -DHAVE_CONFIG_H -I. -I..  -I../include -I../intl -DLOCALEDIR="\"/ffp/share/locale\"" -DGNUPG_LIBEXECDIR="\"/ffp/libexec/gnupg\"" -DGNUPG_DATADIR="\"/ffp/share/gnupg\"" -DGNUPG_LIBDIR="\"/ffp/lib/gnupg\"" -I/ffp/include  -g -O2 -Wall -Wno-pointer-sign -MT trustdb.o -MD -MP -MF .deps/trustdb.Tpo -c -o trustdb.o trustdb.c
mv -f .deps/trustdb.Tpo .deps/trustdb.Po
gcc -DHAVE_CONFIG_H -I. -I..  -I../include -I../intl -DLOCALEDIR="\"/ffp/share/locale\"" -DGNUPG_LIBEXECDIR="\"/ffp/libexec/gnupg\"" -DGNUPG_DATADIR="\"/ffp/share/gnupg\"" -DGNUPG_LIBDIR="\"/ffp/lib/gnupg\"" -I/ffp/include  -g -O2 -Wall -Wno-pointer-sign -MT tdbdump.o -MD -MP -MF .deps/tdbdump.Tpo -c -o tdbdump.o tdbdump.c
mv -f .deps/tdbdump.Tpo .deps/tdbdump.Po
gcc -DHAVE_CONFIG_H -I. -I..  -I../include -I../intl -DLOCALEDIR="\"/ffp/share/locale\"" -DGNUPG_LIBEXECDIR="\"/ffp/libexec/gnupg\"" -DGNUPG_DATADIR="\"/ffp/share/gnupg\"" -DGNUPG_LIBDIR="\"/ffp/lib/gnupg\"" -I/ffp/include  -g -O2 -Wall -Wno-pointer-sign -MT tdbio.o -MD -MP -MF .deps/tdbio.Tpo -c -o tdbio.o tdbio.c
mv -f .deps/tdbio.Tpo .deps/tdbio.Po
gcc -DHAVE_CONFIG_H -I. -I..  -I../include -I../intl -DLOCALEDIR="\"/ffp/share/locale\"" -DGNUPG_LIBEXECDIR="\"/ffp/libexec/gnupg\"" -DGNUPG_DATADIR="\"/ffp/share/gnupg\"" -DGNUPG_LIBDIR="\"/ffp/lib/gnupg\"" -I/ffp/include  -g -O2 -Wall -Wno-pointer-sign -MT delkey.o -MD -MP -MF .deps/delkey.Tpo -c -o delkey.o delkey.c
mv -f .deps/delkey.Tpo .deps/delkey.Po
gcc -DHAVE_CONFIG_H -I. -I..  -I../include -I../intl -DLOCALEDIR="\"/ffp/share/locale\"" -DGNUPG_LIBEXECDIR="\"/ffp/libexec/gnupg\"" -DGNUPG_DATADIR="\"/ffp/share/gnupg\"" -DGNUPG_LIBDIR="\"/ffp/lib/gnupg\"" -I/ffp/include  -g -O2 -Wall -Wno-pointer-sign -MT keygen.o -MD -MP -MF .deps/keygen.Tpo -c -o keygen.o keygen.c
mv -f .deps/keygen.Tpo .deps/keygen.Po
gcc -DHAVE_CONFIG_H -I. -I..  -I../include -I../intl -DLOCALEDIR="\"/ffp/share/locale\"" -DGNUPG_LIBEXECDIR="\"/ffp/libexec/gnupg\"" -DGNUPG_DATADIR="\"/ffp/share/gnupg\"" -DGNUPG_LIBDIR="\"/ffp/lib/gnupg\"" -I/ffp/include  -g -O2 -Wall -Wno-pointer-sign -MT pipemode.o -MD -MP -MF .deps/pipemode.Tpo -c -o pipemode.o pipemode.c
pipemode.c: In function 'run_in_pipemode':
pipemode.c:296:9: warning: variable 'rc' set but not used [-Wunused-but-set-variable]
mv -f .deps/pipemode.Tpo .deps/pipemode.Po
gcc -DHAVE_CONFIG_H -I. -I..  -I../include -I../intl -DLOCALEDIR="\"/ffp/share/locale\"" -DGNUPG_LIBEXECDIR="\"/ffp/libexec/gnupg\"" -DGNUPG_DATADIR="\"/ffp/share/gnupg\"" -DGNUPG_LIBDIR="\"/ffp/lib/gnupg\"" -I/ffp/include  -g -O2 -Wall -Wno-pointer-sign -MT helptext.o -MD -MP -MF .deps/helptext.Tpo -c -o helptext.o helptext.c
mv -f .deps/helptext.Tpo .deps/helptext.Po
gcc -DHAVE_CONFIG_H -I. -I..  -I../include -I../intl -DLOCALEDIR="\"/ffp/share/locale\"" -DGNUPG_LIBEXECDIR="\"/ffp/libexec/gnupg\"" -DGNUPG_DATADIR="\"/ffp/share/gnupg\"" -DGNUPG_LIBDIR="\"/ffp/lib/gnupg\"" -I/ffp/include  -g -O2 -Wall -Wno-pointer-sign -MT keyserver.o -MD -MP -MF .deps/keyserver.Tpo -c -o keyserver.o keyserver.c
mv -f .deps/keyserver.Tpo .deps/keyserver.Po
gcc -DHAVE_CONFIG_H -I. -I..  -I../include -I../intl -DLOCALEDIR="\"/ffp/share/locale\"" -DGNUPG_LIBEXECDIR="\"/ffp/libexec/gnupg\"" -DGNUPG_DATADIR="\"/ffp/share/gnupg\"" -DGNUPG_LIBDIR="\"/ffp/lib/gnupg\"" -I/ffp/include  -g -O2 -Wall -Wno-pointer-sign -MT photoid.o -MD -MP -MF .deps/photoid.Tpo -c -o photoid.o photoid.c
mv -f .deps/photoid.Tpo .deps/photoid.Po
gcc -DHAVE_CONFIG_H -I. -I..  -I../include -I../intl -DLOCALEDIR="\"/ffp/share/locale\"" -DGNUPG_LIBEXECDIR="\"/ffp/libexec/gnupg\"" -DGNUPG_DATADIR="\"/ffp/share/gnupg\"" -DGNUPG_LIBDIR="\"/ffp/lib/gnupg\"" -I/ffp/include  -g -O2 -Wall -Wno-pointer-sign -MT exec.o -MD -MP -MF .deps/exec.Tpo -c -o exec.o exec.c
mv -f .deps/exec.Tpo .deps/exec.Po
gcc  -g -O2 -Wall -Wno-pointer-sign  -L/ffp/lib -Wl,-rpath,/ffp/lib -o gpg gpg.o build-packet.o compress.o compress-bz2.o free-packet.o getkey.o keydb.o keyring.o seskey.o kbnode.o mainproc.o armor.o mdfilter.o textfilter.o progress.o misc.o openfile.o keyid.o parse-packet.o status.o plaintext.o sig-check.o keylist.o signal.o cardglue.o tlv.o card-util.o app-openpgp.o iso7816.o apdu.o ccid-driver.o pkclist.o skclist.o pubkey-enc.o passphrase.o seckey-cert.o encr-data.o cipher.o encode.o sign.o verify.o revoke.o decrypt.o keyedit.o dearmor.o import.o export.o trustdb.o tdbdump.o tdbio.o delkey.o keygen.o pipemode.o helptext.o keyserver.o photoid.o exec.o ../cipher/libcipher.a ../mpi/libmpi.a ../util/libutil.a /ffp/lib/libiconv.so -Wl,-rpath -Wl,/ffp/lib  /ffp/lib/libintl.so /ffp/lib/libiconv.so /ffp/lib/libc.so -Wl,-rpath -Wl,/ffp/lib  -lz -lbz2  -lreadline -lcurses -ldl    
gcc -DHAVE_CONFIG_H -I. -I..  -I../include -I../intl -DLOCALEDIR="\"/ffp/share/locale\"" -DGNUPG_LIBEXECDIR="\"/ffp/libexec/gnupg\"" -DGNUPG_DATADIR="\"/ffp/share/gnupg\"" -DGNUPG_LIBDIR="\"/ffp/lib/gnupg\"" -I/ffp/include  -g -O2 -Wall -Wno-pointer-sign -MT gpgv.o -MD -MP -MF .deps/gpgv.Tpo -c -o gpgv.o gpgv.c
mv -f .deps/gpgv.Tpo .deps/gpgv.Po
gcc  -g -O2 -Wall -Wno-pointer-sign  -L/ffp/lib -Wl,-rpath,/ffp/lib -o gpgv gpgv.o build-packet.o compress.o compress-bz2.o free-packet.o getkey.o keydb.o keyring.o seskey.o kbnode.o mainproc.o armor.o mdfilter.o textfilter.o progress.o misc.o openfile.o keyid.o parse-packet.o status.o plaintext.o sig-check.o keylist.o signal.o verify.o ../cipher/libcipher.a ../mpi/libmpi.a ../util/libutil.a /ffp/lib/libiconv.so -Wl,-rpath -Wl,/ffp/lib  /ffp/lib/libintl.so /ffp/lib/libiconv.so /ffp/lib/libc.so -Wl,-rpath -Wl,/ffp/lib  -lz -lbz2  -lreadline -lcurses 
make[2]: Leaving directory `/tmp/gnupg.Om7VRf/gnupg-1.4.8/g10'
Making all in keyserver
make[2]: Entering directory `/tmp/gnupg.Om7VRf/gnupg-1.4.8/keyserver'
gcc -DHAVE_CONFIG_H -I. -I.. -I../include -I../intl -I/ffp/include -I/ffp/include  -g -O2 -Wall -Wno-pointer-sign -MT gpgkeys_hkp-gpgkeys_hkp.o -MD -MP -MF .deps/gpgkeys_hkp-gpgkeys_hkp.Tpo -c -o gpgkeys_hkp-gpgkeys_hkp.o `test -f 'gpgkeys_hkp.c' || echo './'`gpgkeys_hkp.c
mv -f .deps/gpgkeys_hkp-gpgkeys_hkp.Tpo .deps/gpgkeys_hkp-gpgkeys_hkp.Po
gcc -DHAVE_CONFIG_H -I. -I.. -I../include -I../intl -I/ffp/include -I/ffp/include  -g -O2 -Wall -Wno-pointer-sign -MT gpgkeys_hkp-ksutil.o -MD -MP -MF .deps/gpgkeys_hkp-ksutil.Tpo -c -o gpgkeys_hkp-ksutil.o `test -f 'ksutil.c' || echo './'`ksutil.c
mv -f .deps/gpgkeys_hkp-ksutil.Tpo .deps/gpgkeys_hkp-ksutil.Po
gcc  -g -O2 -Wall -Wno-pointer-sign  -L/ffp/lib -Wl,-rpath,/ffp/lib -o gpgkeys_hkp gpgkeys_hkp-gpgkeys_hkp.o gpgkeys_hkp-ksutil.o  ../util/libcompat.a -L/ffp/lib -lcurl -L/ffp/lib -Wl,-rpath,/ffp/lib -L/ffp/lib  
gcc -DHAVE_CONFIG_H -I. -I.. -I../include -I../intl -I/ffp/include -I/ffp/include  -g -O2 -Wall -Wno-pointer-sign -MT gpgkeys_finger-gpgkeys_finger.o -MD -MP -MF .deps/gpgkeys_finger-gpgkeys_finger.Tpo -c -o gpgkeys_finger-gpgkeys_finger.o `test -f 'gpgkeys_finger.c' || echo './'`gpgkeys_finger.c
mv -f .deps/gpgkeys_finger-gpgkeys_finger.Tpo .deps/gpgkeys_finger-gpgkeys_finger.Po
gcc -DHAVE_CONFIG_H -I. -I.. -I../include -I../intl -I/ffp/include -I/ffp/include  -g -O2 -Wall -Wno-pointer-sign -MT gpgkeys_finger-ksutil.o -MD -MP -MF .deps/gpgkeys_finger-ksutil.Tpo -c -o gpgkeys_finger-ksutil.o `test -f 'ksutil.c' || echo './'`ksutil.c
mv -f .deps/gpgkeys_finger-ksutil.Tpo .deps/gpgkeys_finger-ksutil.Po
gcc  -g -O2 -Wall -Wno-pointer-sign  -L/ffp/lib -Wl,-rpath,/ffp/lib -o gpgkeys_finger gpgkeys_finger-gpgkeys_finger.o gpgkeys_finger-ksutil.o ../util/libutil.a  /ffp/lib/libiconv.so -Wl,-rpath -Wl,/ffp/lib /ffp/lib/libintl.so /ffp/lib/libiconv.so /ffp/lib/libc.so -Wl,-rpath -Wl,/ffp/lib    
gcc -DHAVE_CONFIG_H -I. -I.. -I../include -I../intl -I/ffp/include -I/ffp/include  -g -O2 -Wall -Wno-pointer-sign -MT gpgkeys_curl-gpgkeys_curl.o -MD -MP -MF .deps/gpgkeys_curl-gpgkeys_curl.Tpo -c -o gpgkeys_curl-gpgkeys_curl.o `test -f 'gpgkeys_curl.c' || echo './'`gpgkeys_curl.c
mv -f .deps/gpgkeys_curl-gpgkeys_curl.Tpo .deps/gpgkeys_curl-gpgkeys_curl.Po
gcc -DHAVE_CONFIG_H -I. -I.. -I../include -I../intl -I/ffp/include -I/ffp/include  -g -O2 -Wall -Wno-pointer-sign -MT gpgkeys_curl-ksutil.o -MD -MP -MF .deps/gpgkeys_curl-ksutil.Tpo -c -o gpgkeys_curl-ksutil.o `test -f 'ksutil.c' || echo './'`ksutil.c
mv -f .deps/gpgkeys_curl-ksutil.Tpo .deps/gpgkeys_curl-ksutil.Po
gcc  -g -O2 -Wall -Wno-pointer-sign  -L/ffp/lib -Wl,-rpath,/ffp/lib -o gpgkeys_curl gpgkeys_curl-gpgkeys_curl.o gpgkeys_curl-ksutil.o  ../util/libcompat.a -L/ffp/lib -lcurl -L/ffp/lib -Wl,-rpath,/ffp/lib -L/ffp/lib  
make[2]: Leaving directory `/tmp/gnupg.Om7VRf/gnupg-1.4.8/keyserver'
Making all in po
make[2]: Entering directory `/tmp/gnupg.Om7VRf/gnupg-1.4.8/po'
make[2]: Nothing to be done for `all'.
make[2]: Leaving directory `/tmp/gnupg.Om7VRf/gnupg-1.4.8/po'
Making all in doc
make[2]: Entering directory `/tmp/gnupg.Om7VRf/gnupg-1.4.8/doc'
make  all-am
make[3]: Entering directory `/tmp/gnupg.Om7VRf/gnupg-1.4.8/doc'
gcc -o yat2m ./yat2m.c
for file in gpg.texi gpgv.texi ; do \
              ./yat2m -I . -D gpgone --release "GnuPG 1.4.8" --source "GNU Privacy Guard" --store \
	          `test -f '$file' || echo './'`$file ; done
yat2m: writing `gpg.1'
yat2m: writing `gpgv.1'
make[3]: Leaving directory `/tmp/gnupg.Om7VRf/gnupg-1.4.8/doc'
make[2]: Leaving directory `/tmp/gnupg.Om7VRf/gnupg-1.4.8/doc'
Making all in checks
make[2]: Entering directory `/tmp/gnupg.Om7VRf/gnupg-1.4.8/checks'
echo '#!/bin/sh' >./gpg_dearmor
echo "../g10/gpg --no-options --no-greeting \
             --no-secmem-warning --batch --dearmor" >>./gpg_dearmor
chmod 755 ./gpg_dearmor
./gpg_dearmor > ./pubring.gpg < ./pubring.asc
./gpg_dearmor > ./secring.gpg < ./secring.asc
./gpg_dearmor > ./plain-1 < ./plain-1o.asc
./gpg_dearmor > ./plain-2 < ./plain-2o.asc
./gpg_dearmor > ./plain-3 < ./plain-3o.asc
./gpg_dearmor > ./pubring.pkr < ./pubring.pkr.asc
./gpg_dearmor > ./secring.skr < ./secring.skr.asc
../tools/mk-tdata   500  >data-500
../tools/mk-tdata  9000  >data-9000
../tools/mk-tdata 32000  >data-32000
../tools/mk-tdata 80000  >data-80000
cat ./../doc/HACKING \
	    ./../doc/DETAILS \
	    ./../doc/FAQ	 >plain-large
../g10/gpg --homedir . --quiet --yes --no-permission-warning --import ./pubdemo.asc	 
echo timestamp >./prepared.stamp
make[2]: Leaving directory `/tmp/gnupg.Om7VRf/gnupg-1.4.8/checks'
make[2]: Entering directory `/tmp/gnupg.Om7VRf/gnupg-1.4.8'
make[2]: Nothing to be done for `all-am'.
make[2]: Leaving directory `/tmp/gnupg.Om7VRf/gnupg-1.4.8'
make[1]: Leaving directory `/tmp/gnupg.Om7VRf/gnupg-1.4.8'
+ make DESTDIR=/tmp/gnupg.Om7VRf/pkg install
Making install in m4
make[1]: Entering directory `/tmp/gnupg.Om7VRf/gnupg-1.4.8/m4'
make[2]: Entering directory `/tmp/gnupg.Om7VRf/gnupg-1.4.8/m4'
make[2]: Nothing to be done for `install-exec-am'.
make[2]: Nothing to be done for `install-data-am'.
make[2]: Leaving directory `/tmp/gnupg.Om7VRf/gnupg-1.4.8/m4'
make[1]: Leaving directory `/tmp/gnupg.Om7VRf/gnupg-1.4.8/m4'
Making install in intl
make[1]: Entering directory `/tmp/gnupg.Om7VRf/gnupg-1.4.8/intl'
if { test "gnupg" = "gettext-runtime" || test "gnupg" = "gettext-tools"; } \
	   && test 'no' = yes; then \
	  /ffp/bin/mkdir -p /tmp/gnupg.Om7VRf/pkg/ffp/lib /tmp/gnupg.Om7VRf/pkg/ffp/include; \
	  /ffp/bin/install -c -m 644 libintl.h /tmp/gnupg.Om7VRf/pkg/ffp/include/libintl.h; \
	  @LIBTOOL@ --mode=install \
	    /ffp/bin/install -c -m 644 libintl.a /tmp/gnupg.Om7VRf/pkg/ffp/lib/libintl.a; \
	  if test "@RELOCATABLE@" = yes; then \
	    dependencies=`sed -n -e 's,^dependency_libs=\(.*\),\1,p' < /tmp/gnupg.Om7VRf/pkg/ffp/lib/libintl.la | sed -e "s,^',," -e "s,'\$,,"`; \
	    if test -n "$dependencies"; then \
	      rm -f /tmp/gnupg.Om7VRf/pkg/ffp/lib/libintl.la; \
	    fi; \
	  fi; \
	else \
	  : ; \
	fi
if test "gnupg" = "gettext-tools" \
	   && test 'no' = no \
	   && test yes != no; then \
	  /ffp/bin/mkdir -p /tmp/gnupg.Om7VRf/pkg/ffp/lib; \
	  @LIBTOOL@ --mode=install \
	    /ffp/bin/install -c -m 644 libgnuintl.a /tmp/gnupg.Om7VRf/pkg/ffp/lib/libgnuintl.a; \
	  rm -f /tmp/gnupg.Om7VRf/pkg/ffp/lib/preloadable_libintl.so; \
	  /ffp/bin/install -c -m 644 /tmp/gnupg.Om7VRf/pkg/ffp/lib/libgnuintl.so /tmp/gnupg.Om7VRf/pkg/ffp/lib/preloadable_libintl.so; \
	  @LIBTOOL@ --mode=uninstall \
	    rm -f /tmp/gnupg.Om7VRf/pkg/ffp/lib/libgnuintl.a; \
	else \
	  : ; \
	fi
if test 'no' = yes; then \
	  test yes != no || /ffp/bin/mkdir -p /tmp/gnupg.Om7VRf/pkg/ffp/lib; \
	  temp=/tmp/gnupg.Om7VRf/pkg/ffp/lib/t-charset.alias; \
	  dest=/tmp/gnupg.Om7VRf/pkg/ffp/lib/charset.alias; \
	  if test -f /tmp/gnupg.Om7VRf/pkg/ffp/lib/charset.alias; then \
	    orig=/tmp/gnupg.Om7VRf/pkg/ffp/lib/charset.alias; \
	    sed -f ref-add.sed $orig > $temp; \
	    /ffp/bin/install -c -m 644 $temp $dest; \
	    rm -f $temp; \
	  else \
	    if test yes = no; then \
	      orig=charset.alias; \
	      sed -f ref-add.sed $orig > $temp; \
	      /ffp/bin/install -c -m 644 $temp $dest; \
	      rm -f $temp; \
	    fi; \
	  fi; \
	  /ffp/bin/mkdir -p /tmp/gnupg.Om7VRf/pkg/ffp/share/locale; \
	  test -f /tmp/gnupg.Om7VRf/pkg/ffp/share/locale/locale.alias \
	    && orig=/tmp/gnupg.Om7VRf/pkg/ffp/share/locale/locale.alias \
	    || orig=./locale.alias; \
	  temp=/tmp/gnupg.Om7VRf/pkg/ffp/share/locale/t-locale.alias; \
	  dest=/tmp/gnupg.Om7VRf/pkg/ffp/share/locale/locale.alias; \
	  sed -f ref-add.sed $orig > $temp; \
	  /ffp/bin/install -c -m 644 $temp $dest; \
	  rm -f $temp; \
	else \
	  : ; \
	fi
if test "gnupg" = "gettext-tools"; then \
	  /ffp/bin/mkdir -p /tmp/gnupg.Om7VRf/pkg/ffp/share/gettext/intl; \
	  /ffp/bin/install -c -m 644 VERSION /tmp/gnupg.Om7VRf/pkg/ffp/share/gettext/intl/VERSION; \
	  /ffp/bin/install -c -m 644 ChangeLog.inst /tmp/gnupg.Om7VRf/pkg/ffp/share/gettext/intl/ChangeLog; \
	  dists="COPYING.LIB-2.0 COPYING.LIB-2.1 Makefile.in config.charset locale.alias ref-add.sin ref-del.sin export.h gmo.h gettextP.h hash-string.h loadinfo.h plural-exp.h eval-plural.h localcharset.h lock.h relocatable.h xsize.h printf-args.h printf-args.c printf-parse.h wprintf-parse.h printf-parse.c vasnprintf.h vasnwprintf.h vasnprintf.c os2compat.h libgnuintl.h.in bindtextdom.c dcgettext.c dgettext.c gettext.c finddomain.c hash-string.c loadmsgcat.c localealias.c textdomain.c l10nflist.c explodename.c dcigettext.c dcngettext.c dngettext.c ngettext.c plural.y plural-exp.c localcharset.c lock.c relocatable.c langprefs.c localename.c log.c printf.c version.c osdep.c os2compat.c intl-exports.c intl-compat.c"; \
	  for file in $dists; do \
	    /ffp/bin/install -c -m 644 ./$file \
			    /tmp/gnupg.Om7VRf/pkg/ffp/share/gettext/intl/$file; \
	  done; \
	  chmod a+x /tmp/gnupg.Om7VRf/pkg/ffp/share/gettext/intl/config.charset; \
	  dists="plural.c"; \
	  for file in $dists; do \
	    if test -f $file; then dir=.; else dir=.; fi; \
	    /ffp/bin/install -c -m 644 $dir/$file \
			    /tmp/gnupg.Om7VRf/pkg/ffp/share/gettext/intl/$file; \
	  done; \
	  dists="xopen-msg.sed linux-msg.sed po2tbl.sed.in cat-compat.c COPYING.LIB-2 gettext.h libgettext.h plural-eval.c libgnuintl.h libgnuintl.h_vms Makefile.vms libgnuintl.h.msvc-static libgnuintl.h.msvc-shared Makefile.msvc"; \
	  for file in $dists; do \
	    rm -f /tmp/gnupg.Om7VRf/pkg/ffp/share/gettext/intl/$file; \
	  done; \
	else \
	  : ; \
	fi
make[1]: Leaving directory `/tmp/gnupg.Om7VRf/gnupg-1.4.8/intl'
Making install in zlib
make[1]: Entering directory `/tmp/gnupg.Om7VRf/gnupg-1.4.8/zlib'
make[2]: Entering directory `/tmp/gnupg.Om7VRf/gnupg-1.4.8/zlib'
make[2]: Nothing to be done for `install-exec-am'.
make[2]: Nothing to be done for `install-data-am'.
make[2]: Leaving directory `/tmp/gnupg.Om7VRf/gnupg-1.4.8/zlib'
make[1]: Leaving directory `/tmp/gnupg.Om7VRf/gnupg-1.4.8/zlib'
Making install in util
make[1]: Entering directory `/tmp/gnupg.Om7VRf/gnupg-1.4.8/util'
make[2]: Entering directory `/tmp/gnupg.Om7VRf/gnupg-1.4.8/util'
make[2]: Nothing to be done for `install-exec-am'.
make[2]: Nothing to be done for `install-data-am'.
make[2]: Leaving directory `/tmp/gnupg.Om7VRf/gnupg-1.4.8/util'
make[1]: Leaving directory `/tmp/gnupg.Om7VRf/gnupg-1.4.8/util'
Making install in mpi
make[1]: Entering directory `/tmp/gnupg.Om7VRf/gnupg-1.4.8/mpi'
make[2]: Entering directory `/tmp/gnupg.Om7VRf/gnupg-1.4.8/mpi'
make[2]: Nothing to be done for `install-exec-am'.
make[2]: Nothing to be done for `install-data-am'.
make[2]: Leaving directory `/tmp/gnupg.Om7VRf/gnupg-1.4.8/mpi'
make[1]: Leaving directory `/tmp/gnupg.Om7VRf/gnupg-1.4.8/mpi'
Making install in cipher
make[1]: Entering directory `/tmp/gnupg.Om7VRf/gnupg-1.4.8/cipher'
make[2]: Entering directory `/tmp/gnupg.Om7VRf/gnupg-1.4.8/cipher'
make[2]: Nothing to be done for `install-exec-am'.
make[2]: Nothing to be done for `install-data-am'.
make[2]: Leaving directory `/tmp/gnupg.Om7VRf/gnupg-1.4.8/cipher'
make[1]: Leaving directory `/tmp/gnupg.Om7VRf/gnupg-1.4.8/cipher'
Making install in tools
make[1]: Entering directory `/tmp/gnupg.Om7VRf/gnupg-1.4.8/tools'
make[2]: Entering directory `/tmp/gnupg.Om7VRf/gnupg-1.4.8/tools'
test -z "/ffp/bin" || /ffp/bin/mkdir -p "/tmp/gnupg.Om7VRf/pkg/ffp/bin"
  /ffp/bin/install -c 'gpgsplit' '/tmp/gnupg.Om7VRf/pkg/ffp/bin/gpgsplit'
test -z "/ffp/bin" || /ffp/bin/mkdir -p "/tmp/gnupg.Om7VRf/pkg/ffp/bin"
 /ffp/bin/install -c 'gpg-zip' '/tmp/gnupg.Om7VRf/pkg/ffp/bin/gpg-zip'
make[2]: Nothing to be done for `install-data-am'.
make[2]: Leaving directory `/tmp/gnupg.Om7VRf/gnupg-1.4.8/tools'
make[1]: Leaving directory `/tmp/gnupg.Om7VRf/gnupg-1.4.8/tools'
Making install in g10
make[1]: Entering directory `/tmp/gnupg.Om7VRf/gnupg-1.4.8/g10'
make[2]: Entering directory `/tmp/gnupg.Om7VRf/gnupg-1.4.8/g10'
test -z "/ffp/bin" || /ffp/bin/mkdir -p "/tmp/gnupg.Om7VRf/pkg/ffp/bin"
  /ffp/bin/install -c 'gpg' '/tmp/gnupg.Om7VRf/pkg/ffp/bin/gpg'
  /ffp/bin/install -c 'gpgv' '/tmp/gnupg.Om7VRf/pkg/ffp/bin/gpgv'
make  install-exec-hook
make[3]: Entering directory `/tmp/gnupg.Om7VRf/gnupg-1.4.8/g10'
make[3]: Leaving directory `/tmp/gnupg.Om7VRf/gnupg-1.4.8/g10'
test -z "/ffp/share/gnupg" || /ffp/bin/mkdir -p "/tmp/gnupg.Om7VRf/pkg/ffp/share/gnupg"
 /ffp/bin/install -c -m 644 'options.skel' '/tmp/gnupg.Om7VRf/pkg/ffp/share/gnupg/options.skel'
make[2]: Leaving directory `/tmp/gnupg.Om7VRf/gnupg-1.4.8/g10'
make[1]: Leaving directory `/tmp/gnupg.Om7VRf/gnupg-1.4.8/g10'
Making install in keyserver
make[1]: Entering directory `/tmp/gnupg.Om7VRf/gnupg-1.4.8/keyserver'
make[2]: Entering directory `/tmp/gnupg.Om7VRf/gnupg-1.4.8/keyserver'
test -z "/ffp/libexec/gnupg" || /ffp/bin/mkdir -p "/tmp/gnupg.Om7VRf/pkg/ffp/libexec/gnupg"
  /ffp/bin/install -c 'gpgkeys_hkp' '/tmp/gnupg.Om7VRf/pkg/ffp/libexec/gnupg/gpgkeys_hkp'
  /ffp/bin/install -c 'gpgkeys_finger' '/tmp/gnupg.Om7VRf/pkg/ffp/libexec/gnupg/gpgkeys_finger'
  /ffp/bin/install -c 'gpgkeys_curl' '/tmp/gnupg.Om7VRf/pkg/ffp/libexec/gnupg/gpgkeys_curl'
test -z "/ffp/libexec/gnupg" || /ffp/bin/mkdir -p "/tmp/gnupg.Om7VRf/pkg/ffp/libexec/gnupg"
make[2]: Nothing to be done for `install-data-am'.
make[2]: Leaving directory `/tmp/gnupg.Om7VRf/gnupg-1.4.8/keyserver'
make[1]: Leaving directory `/tmp/gnupg.Om7VRf/gnupg-1.4.8/keyserver'
Making install in po
make[1]: Entering directory `/tmp/gnupg.Om7VRf/gnupg-1.4.8/po'
/ffp/bin/mkdir -p /tmp/gnupg.Om7VRf/pkg/ffp/share
installing en@quot.gmo as /tmp/gnupg.Om7VRf/pkg/ffp/share/locale/en@quot/LC_MESSAGES/gnupg.mo
installing en@boldquot.gmo as /tmp/gnupg.Om7VRf/pkg/ffp/share/locale/en@boldquot/LC_MESSAGES/gnupg.mo
installing be.gmo as /tmp/gnupg.Om7VRf/pkg/ffp/share/locale/be/LC_MESSAGES/gnupg.mo
installing ca.gmo as /tmp/gnupg.Om7VRf/pkg/ffp/share/locale/ca/LC_MESSAGES/gnupg.mo
installing cs.gmo as /tmp/gnupg.Om7VRf/pkg/ffp/share/locale/cs/LC_MESSAGES/gnupg.mo
installing da.gmo as /tmp/gnupg.Om7VRf/pkg/ffp/share/locale/da/LC_MESSAGES/gnupg.mo
installing de.gmo as /tmp/gnupg.Om7VRf/pkg/ffp/share/locale/de/LC_MESSAGES/gnupg.mo
installing eo.gmo as /tmp/gnupg.Om7VRf/pkg/ffp/share/locale/eo/LC_MESSAGES/gnupg.mo
installing el.gmo as /tmp/gnupg.Om7VRf/pkg/ffp/share/locale/el/LC_MESSAGES/gnupg.mo
installing es.gmo as /tmp/gnupg.Om7VRf/pkg/ffp/share/locale/es/LC_MESSAGES/gnupg.mo
installing et.gmo as /tmp/gnupg.Om7VRf/pkg/ffp/share/locale/et/LC_MESSAGES/gnupg.mo
installing fi.gmo as /tmp/gnupg.Om7VRf/pkg/ffp/share/locale/fi/LC_MESSAGES/gnupg.mo
installing fr.gmo as /tmp/gnupg.Om7VRf/pkg/ffp/share/locale/fr/LC_MESSAGES/gnupg.mo
installing gl.gmo as /tmp/gnupg.Om7VRf/pkg/ffp/share/locale/gl/LC_MESSAGES/gnupg.mo
installing hu.gmo as /tmp/gnupg.Om7VRf/pkg/ffp/share/locale/hu/LC_MESSAGES/gnupg.mo
installing id.gmo as /tmp/gnupg.Om7VRf/pkg/ffp/share/locale/id/LC_MESSAGES/gnupg.mo
installing it.gmo as /tmp/gnupg.Om7VRf/pkg/ffp/share/locale/it/LC_MESSAGES/gnupg.mo
installing ja.gmo as /tmp/gnupg.Om7VRf/pkg/ffp/share/locale/ja/LC_MESSAGES/gnupg.mo
installing nb.gmo as /tmp/gnupg.Om7VRf/pkg/ffp/share/locale/nb/LC_MESSAGES/gnupg.mo
installing nl.gmo as /tmp/gnupg.Om7VRf/pkg/ffp/share/locale/nl/LC_MESSAGES/gnupg.mo
installing pl.gmo as /tmp/gnupg.Om7VRf/pkg/ffp/share/locale/pl/LC_MESSAGES/gnupg.mo
installing pt_BR.gmo as /tmp/gnupg.Om7VRf/pkg/ffp/share/locale/pt_BR/LC_MESSAGES/gnupg.mo
installing pt.gmo as /tmp/gnupg.Om7VRf/pkg/ffp/share/locale/pt/LC_MESSAGES/gnupg.mo
installing ro.gmo as /tmp/gnupg.Om7VRf/pkg/ffp/share/locale/ro/LC_MESSAGES/gnupg.mo
installing ru.gmo as /tmp/gnupg.Om7VRf/pkg/ffp/share/locale/ru/LC_MESSAGES/gnupg.mo
installing sk.gmo as /tmp/gnupg.Om7VRf/pkg/ffp/share/locale/sk/LC_MESSAGES/gnupg.mo
installing sv.gmo as /tmp/gnupg.Om7VRf/pkg/ffp/share/locale/sv/LC_MESSAGES/gnupg.mo
installing tr.gmo as /tmp/gnupg.Om7VRf/pkg/ffp/share/locale/tr/LC_MESSAGES/gnupg.mo
installing zh_TW.gmo as /tmp/gnupg.Om7VRf/pkg/ffp/share/locale/zh_TW/LC_MESSAGES/gnupg.mo
installing zh_CN.gmo as /tmp/gnupg.Om7VRf/pkg/ffp/share/locale/zh_CN/LC_MESSAGES/gnupg.mo
if test "gnupg" = "gettext-tools"; then \
	  /ffp/bin/mkdir -p /tmp/gnupg.Om7VRf/pkg/ffp/share/gettext/po; \
	  for file in Makefile.in.in remove-potcdate.sin quot.sed boldquot.sed en@quot.header en@boldquot.header insert-header.sin Rules-quot   Makevars.template; do \
	    /ffp/bin/install -c -m 644 ./$file \
			    /tmp/gnupg.Om7VRf/pkg/ffp/share/gettext/po/$file; \
	  done; \
	  for file in Makevars; do \
	    rm -f /tmp/gnupg.Om7VRf/pkg/ffp/share/gettext/po/$file; \
	  done; \
	else \
	  : ; \
	fi
make[1]: Leaving directory `/tmp/gnupg.Om7VRf/gnupg-1.4.8/po'
Making install in doc
make[1]: Entering directory `/tmp/gnupg.Om7VRf/gnupg-1.4.8/doc'
make  install-am
make[2]: Entering directory `/tmp/gnupg.Om7VRf/gnupg-1.4.8/doc'
make[3]: Entering directory `/tmp/gnupg.Om7VRf/gnupg-1.4.8/doc'
make[3]: Nothing to be done for `install-exec-am'.
test -z "/ffp/share/info" || /ffp/bin/mkdir -p "/tmp/gnupg.Om7VRf/pkg/ffp/share/info"
 /ffp/bin/install -c -m 644 './gnupg1.info' '/tmp/gnupg.Om7VRf/pkg/ffp/share/info/gnupg1.info'
test -z "/ffp/share/man/man1" || /ffp/bin/mkdir -p "/tmp/gnupg.Om7VRf/pkg/ffp/share/man/man1"
 /ffp/bin/install -c -m 644 './gpg.1' '/tmp/gnupg.Om7VRf/pkg/ffp/share/man/man1/gpg.1'
 /ffp/bin/install -c -m 644 './gpgv.1' '/tmp/gnupg.Om7VRf/pkg/ffp/share/man/man1/gpgv.1'
 /ffp/bin/install -c -m 644 './gpg.ru.1' '/tmp/gnupg.Om7VRf/pkg/ffp/share/man/man1/gpg.ru.1'
test -z "/ffp/share/man/man7" || /ffp/bin/mkdir -p "/tmp/gnupg.Om7VRf/pkg/ffp/share/man/man7"
 /ffp/bin/install -c -m 644 './gnupg.7' '/tmp/gnupg.Om7VRf/pkg/ffp/share/man/man7/gnupg.7'
test -z "/ffp/share/gnupg" || /ffp/bin/mkdir -p "/tmp/gnupg.Om7VRf/pkg/ffp/share/gnupg"
 /ffp/bin/install -c -m 644 'FAQ' '/tmp/gnupg.Om7VRf/pkg/ffp/share/gnupg/FAQ'
 /ffp/bin/install -c -m 644 'faq.html' '/tmp/gnupg.Om7VRf/pkg/ffp/share/gnupg/faq.html'
make[3]: Leaving directory `/tmp/gnupg.Om7VRf/gnupg-1.4.8/doc'
make[2]: Leaving directory `/tmp/gnupg.Om7VRf/gnupg-1.4.8/doc'
make[1]: Leaving directory `/tmp/gnupg.Om7VRf/gnupg-1.4.8/doc'
Making install in checks
make[1]: Entering directory `/tmp/gnupg.Om7VRf/gnupg-1.4.8/checks'
make[2]: Entering directory `/tmp/gnupg.Om7VRf/gnupg-1.4.8/checks'
make[2]: Nothing to be done for `install-exec-am'.
make[2]: Nothing to be done for `install-data-am'.
make[2]: Leaving directory `/tmp/gnupg.Om7VRf/gnupg-1.4.8/checks'
make[1]: Leaving directory `/tmp/gnupg.Om7VRf/gnupg-1.4.8/checks'
make[1]: Entering directory `/tmp/gnupg.Om7VRf/gnupg-1.4.8'
make[2]: Entering directory `/tmp/gnupg.Om7VRf/gnupg-1.4.8'
make[2]: Nothing to be done for `install-exec-am'.
make[2]: Nothing to be done for `install-data-am'.
make[2]: Leaving directory `/tmp/gnupg.Om7VRf/gnupg-1.4.8'
make[1]: Leaving directory `/tmp/gnupg.Om7VRf/gnupg-1.4.8'
+ mkdir -p /tmp/gnupg.Om7VRf/pkg/install
+ cp /ffp/home/root/src/gnupg/DESCR /ffp/home/root/src/gnupg/HOMEPAGE /tmp/gnupg.Om7VRf/pkg/install/
+ cd /tmp/gnupg.Om7VRf/pkg
+ makepkg gnupg 1.4.8 1
Creating /tmp/gnupg-1.4.8-arm-1.tar ...
