++ basename ./libgcrypt.funpkg .funpkg
+ PN=libgcrypt
+ PR=1
+ . ./config.ffp
++ GNU_HOST=
++ GNU_TARGET=
++ FFP_CFLAGS='-I/ffp/include -O2'
++ FFP_LDFLAGS='-L/ffp/lib -Wl,-rpath,/ffp/lib'
++ '[' '!' -d '' ']'
++ TMPDIR=/tmp
++ export TMPDIR
++ mandir=/ffp/share/man
++ infodir=/ffp/share/info
++ docdir=/ffp/share/doc
++ pwd
+ X=/ffp/home/root/src/libgcrypt
++ mktemp -t -d libgcrypt.XXXXXX
+ W=/tmp/libgcrypt.EM4XeJ
+ D=/tmp/libgcrypt.EM4XeJ/pkg
+ cd /tmp/libgcrypt.EM4XeJ
+ cat /ffp/home/root/src/libgcrypt/SRC_URI
+ xargs wget
--2012-03-14 11:12:36--  ftp://ftp.gnupg.org/gcrypt/libgcrypt/libgcrypt-1.5.0.tar.bz2
           => `libgcrypt-1.5.0.tar.bz2'
Resolving ftp.gnupg.org... 217.69.76.55
Connecting to ftp.gnupg.org|217.69.76.55|:21... connected.
Logging in as anonymous ... Logged in!
==> SYST ... done.    ==> PWD ... done.
==> TYPE I ... done.  ==> CWD (1) /gcrypt/libgcrypt ... done.
==> SIZE libgcrypt-1.5.0.tar.bz2 ... 1433506
==> PASV ... done.    ==> RETR libgcrypt-1.5.0.tar.bz2 ... done.

     0K .......... .......... .......... .......... ..........  278K
    50K .......... .......... .......... .......... ..........  917K
   100K .......... .......... .......... .......... .......... 1.04M
   150K .......... .......... .......... .......... .......... 1.11M
   200K .......... .......... .......... .......... .......... 1.79M
   250K .......... .......... .......... .......... ..........  669K
   300K .......... .......... .......... .......... .......... 16.8M
   350K .......... .......... .......... .......... .......... 1.07M
   400K .......... .......... .......... .......... ..........  917K
   450K .......... .......... .......... .......... .......... 1.16M
   500K .......... .......... .......... .......... .......... 1.79M
   550K .......... .......... .......... .......... .......... 1.44M
   600K .......... .......... .......... .......... .......... 1.70M
   650K .......... .......... .......... .......... .......... 1.46M
   700K .......... .......... .......... .......... .......... 1.79M
   750K .......... .......... .......... .......... .......... 1.52M
   800K .......... .......... .......... .......... .......... 1.68M
   850K .......... .......... .......... .......... .......... 1.59M
   900K .......... .......... .......... .......... .......... 1.69M
   950K .......... .......... .......... .......... .......... 1.61M
  1000K .......... .......... .......... .......... .......... 1.63M
  1050K .......... .......... .......... .......... .......... 1.70M
  1100K .......... .......... .......... .......... .......... 1.56M
  1150K .......... .......... .......... .......... .......... 1.76M
  1200K .......... .......... .......... .......... .......... 1.69M
  1250K .......... .......... .......... .......... .......... 1.76M
  1300K .......... .......... .......... .......... .......... 1.67M
  1350K .......... .......... .......... .......... .........  1.80M=1.1s

2012-03-14 11:12:38 (1.24 MB/s) - `libgcrypt-1.5.0.tar.bz2' saved [1433506]

++ ls libgcrypt-1.5.0.tar.bz2
++ egrep -o '[0-9][0-9.]*[0-9]'
+ PV=1.5.0
+ tar xf libgcrypt-1.5.0.tar.bz2
+ cd libgcrypt-1.5.0 libgcrypt-1.5.0.tar.bz2
+ LDFLAGS='-L/ffp/lib -Wl,-rpath,/ffp/lib'
+ ./configure --prefix=/ffp --build= --host= --mandir=/ffp/share/man --infodir=/ffp/share/info
checking for a BSD-compatible install... /ffp/bin/install -c
checking whether build environment is sane... yes
checking for a thread-safe mkdir -p... /ffp/bin/mkdir -p
checking for gawk... gawk
checking whether make sets $(MAKE)... yes
checking build system type... armv5tejl-unknown-linux-gnueabi
checking host system type... armv5tejl-unknown-linux-gnueabi
checking whether to enable maintainer-specific portions of Makefiles... no
checking whether make sets $(MAKE)... (cached) yes
checking for gcc... gcc
checking for C compiler default output file name... a.out
checking whether the C compiler works... yes
checking whether we are cross compiling... no
checking for suffix of executables... 
checking for suffix of object files... o
checking whether we are using the GNU C compiler... yes
checking whether gcc accepts -g... yes
checking for gcc option to accept ISO C89... none needed
checking for style of include used by make... GNU
checking dependency style of gcc... gcc3
checking how to run the C preprocessor... gcc -E
checking whether gcc and cc understand -c and -o together... yes
checking dependency style of gcc... gcc3
checking for library containing strerror... none required
checking for gawk... (cached) gawk
checking for grep that handles long lines and -e... /ffp/bin/grep
checking for egrep... /ffp/bin/grep -E
checking for ANSI C header files... yes
checking for sys/types.h... yes
checking for sys/stat.h... yes
checking for stdlib.h... yes
checking for string.h... yes
checking for memory.h... yes
checking for strings.h... yes
checking for inttypes.h... yes
checking for stdint.h... yes
checking for unistd.h... yes
checking minix/config.h usability... no
checking minix/config.h presence... no
checking for minix/config.h... no
checking whether it is safe to define __EXTENSIONS__... yes
checking for a sed that does not truncate output... /ffp/bin/sed
checking for fgrep... /ffp/bin/grep -F
checking for ld used by gcc... /ffp/bin/ld
checking if the linker (/ffp/bin/ld) is GNU ld... yes
checking for BSD- or MS-compatible name lister (nm)... /ffp/bin/nm -B
checking the name lister (/ffp/bin/nm -B) interface... BSD nm
checking whether ln -s works... yes
checking the maximum length of command line arguments... 1572864
checking whether the shell understands some XSI constructs... yes
checking whether the shell understands "+="... yes
checking for /ffp/bin/ld option to reload object files... -r
checking for objdump... objdump
checking how to recognize dependent libraries... pass_all
checking for ar... ar
checking for strip... strip
checking for ranlib... ranlib
checking command to parse /ffp/bin/nm -B output from gcc object... ok
checking for dlfcn.h... yes
checking for objdir... .libs
checking if gcc supports -fno-rtti -fno-exceptions... no
checking for gcc option to produce PIC... -fPIC -DPIC
checking if gcc PIC flag -fPIC -DPIC works... yes
checking if gcc static flag -static works... yes
checking if gcc supports -c -o file.o... yes
checking if gcc supports -c -o file.o... (cached) yes
checking whether the gcc linker (/ffp/bin/ld) supports shared libraries... yes
checking whether -lc should be explicitly linked in... no
checking dynamic linker characteristics... GNU/Linux ld.so
checking how to hardcode library paths into programs... immediate
checking whether stripping libraries is possible... yes
checking if libtool supports shared libraries... yes
checking whether to build shared libraries... yes
checking whether to build static libraries... no
checking for windres... no
checking whether byte ordering is bigendian... no
checking size of unsigned short... 2
checking size of unsigned int... 4
checking size of unsigned long... 4
checking size of unsigned long long... 8
checking for uintptr_t... yes
checking which symmetric ciphers to include... arcfour blowfish cast5 des aes twofish serpent rfc2268 seed camellia
checking which public-key ciphers to include... dsa elgamal rsa ecc
checking which message digests to include... crc md4 md5 rmd160 sha1 sha256 sha512 tiger whirlpool
checking which random module to use... default
checking whether use of /dev/random is requested... yes
checking whether the experimental random daemon is requested... no
checking whether MPI assembler modules are requested... yes
checking whether memory guard is requested... no
checking whether use of capabilities is requested... no
checking whether a HMAC binary check is requested... no
checking whether padlock support is requested... yes
checking whether AESNI support is requested... yes
checking whether a -O flag munging is requested... yes
checking for gpg-error-config... no
checking for GPG Error - version >= 1.8... no
configure: error: libgpg-error is needed.
                See ftp://ftp.gnupg.org/gcrypt/libgpg-error/ .
++ basename ./libgpg-error.funpkg .funpkg
+ PN=libgpg-error
+ PR=1
+ . ./config.ffp
++ GNU_HOST=
++ GNU_TARGET=
++ FFP_CFLAGS='-I/ffp/include -O2'
++ FFP_LDFLAGS='-L/ffp/lib -Wl,-rpath,/ffp/lib'
++ '[' '!' -d '' ']'
++ TMPDIR=/tmp
++ export TMPDIR
++ mandir=/ffp/share/man
++ infodir=/ffp/share/info
++ docdir=/ffp/share/doc
++ pwd
+ X=/ffp/home/root/src/libgpg-error
++ mktemp -t -d libgpg-error.XXXXXX
+ W=/tmp/libgpg-error.Vlvb3V
+ D=/tmp/libgpg-error.Vlvb3V/pkg
+ cd /tmp/libgpg-error.Vlvb3V
+ cat /ffp/home/root/src/libgpg-error/SRC_URI
+ xargs wget
--2012-03-14 11:17:41--  ftp://ftp.gnupg.org/gcrypt/libgpg-error/libgpg-error-1.10.tar.bz2
           => `libgpg-error-1.10.tar.bz2'
Resolving ftp.gnupg.org... 217.69.76.55
Connecting to ftp.gnupg.org|217.69.76.55|:21... connected.
Logging in as anonymous ... Logged in!
==> SYST ... done.    ==> PWD ... done.
==> TYPE I ... done.  ==> CWD (1) /gcrypt/libgpg-error ... done.
==> SIZE libgpg-error-1.10.tar.bz2 ... 439213
==> PASV ... done.    ==> RETR libgpg-error-1.10.tar.bz2 ... done.

     0K .......... .......... .......... .......... ..........  268K
    50K .......... .......... .......... .......... ..........  880K
   100K .......... .......... .......... .......... .......... 1012K
   150K .......... .......... .......... .......... .......... 1.11M
   200K .......... .......... .......... .......... .......... 1.81M
   250K .......... .......... .......... .......... .......... 1.61M
   300K .......... .......... .......... .......... .......... 1.77M
   350K .......... .......... .......... .......... .......... 1.68M
   400K .......... .......... ........                          291K=0.6s

2012-03-14 11:17:42 (780 KB/s) - `libgpg-error-1.10.tar.bz2' saved [439213]

++ ls libgpg-error-1.10.tar.bz2
++ egrep -o '[0-9][0-9.]*[0-9]'
+ PV=1.10
+ tar xf libgpg-error-1.10.tar.bz2
+ cd libgpg-error-1.10 libgpg-error-1.10.tar.bz2
+ LDFLAGS='-L/ffp/lib -Wl,-rpath,/ffp/lib'
+ ./configure --prefix=/ffp --build= --host= --mandir=/ffp/share/man --infodir=/ffp/share/info
checking for a BSD-compatible install... /ffp/bin/install -c
checking whether build environment is sane... yes
checking for a thread-safe mkdir -p... /ffp/bin/mkdir -p
checking for gawk... gawk
checking whether make sets $(MAKE)... yes
checking whether to enable maintainer-specific portions of Makefiles... no
checking build system type... armv5tejl-unknown-linux-gnueabi
checking host system type... armv5tejl-unknown-linux-gnueabi
configure: autobuild project... libgpg-error
configure: autobuild revision... 1.10
configure: autobuild hostname... dlink-FFC9E9
configure: autobuild timestamp... 20120314-111746
checking for gcc... gcc
checking for C compiler default output file name... a.out
checking whether the C compiler works... yes
checking whether we are cross compiling... no
checking for suffix of executables... 
checking for suffix of object files... o
checking whether we are using the GNU C compiler... yes
checking whether gcc accepts -g... yes
checking for gcc option to accept ISO C89... none needed
checking for style of include used by make... GNU
checking dependency style of gcc... gcc3
checking whether gcc and cc understand -c and -o together... yes
checking how to run the C preprocessor... gcc -E
checking for gawk... (cached) gawk
checking for ar... ar
checking for grep that handles long lines and -e... /ffp/bin/grep
checking for egrep... /ffp/bin/grep -E
checking for ANSI C header files... yes
checking for sys/types.h... yes
checking for sys/stat.h... yes
checking for stdlib.h... yes
checking for string.h... yes
checking for memory.h... yes
checking for strings.h... yes
checking for inttypes.h... yes
checking for stdint.h... yes
checking for unistd.h... yes
checking minix/config.h usability... no
checking minix/config.h presence... no
checking for minix/config.h... no
checking whether it is safe to define __EXTENSIONS__... yes
checking for a sed that does not truncate output... /ffp/bin/sed
checking for fgrep... /ffp/bin/grep -F
checking for ld used by gcc... /ffp/bin/ld
checking if the linker (/ffp/bin/ld) is GNU ld... yes
checking for BSD- or MS-compatible name lister (nm)... /ffp/bin/nm -B
checking the name lister (/ffp/bin/nm -B) interface... BSD nm
checking whether ln -s works... yes
checking the maximum length of command line arguments... 1572864
checking whether the shell understands some XSI constructs... yes
checking whether the shell understands "+="... yes
checking for /ffp/bin/ld option to reload object files... -r
checking for objdump... objdump
checking how to recognize dependent libraries... pass_all
checking for ar... (cached) ar
checking for strip... strip
checking for ranlib... ranlib
checking command to parse /ffp/bin/nm -B output from gcc object... ok
checking for dlfcn.h... yes
checking for objdir... .libs
checking if gcc supports -fno-rtti -fno-exceptions... no
checking for gcc option to produce PIC... -fPIC -DPIC
checking if gcc PIC flag -fPIC -DPIC works... yes
checking if gcc static flag -static works... yes
checking if gcc supports -c -o file.o... yes
checking if gcc supports -c -o file.o... (cached) yes
checking whether the gcc linker (/ffp/bin/ld) supports shared libraries... yes
checking whether -lc should be explicitly linked in... no
checking dynamic linker characteristics... GNU/Linux ld.so
checking how to hardcode library paths into programs... immediate
checking whether stripping libraries is possible... yes
checking if libtool supports shared libraries... yes
checking whether to build shared libraries... yes
checking whether to build static libraries... no
checking for windres... no
checking for cc for build... gcc
checking whether NLS is requested... yes
checking for msgfmt... /ffp/bin/msgfmt
checking for gmsgfmt... /ffp/bin/msgfmt
checking for xgettext... /ffp/bin/xgettext
checking for msgmerge... /ffp/bin/msgmerge
checking for ld used by GCC... /ffp/bin/ld
checking if the linker (/ffp/bin/ld) is GNU ld... yes
checking for shared library run path origin... done
checking for CFPreferencesCopyAppValue... no
checking for CFLocaleCopyCurrent... no
checking for GNU gettext in libc... no
checking for iconv... yes
checking for working iconv... yes
checking how to link with libiconv... /ffp/lib/libiconv.so -Wl,-rpath -Wl,/ffp/lib
checking for GNU gettext in libintl... yes
checking whether to use NLS... yes
checking where the gettext function comes from... external libintl
checking how to link with libintl... /ffp/lib/libintl.so /ffp/lib/libiconv.so /ffp/lib/libc.so -Wl,-rpath -Wl,/ffp/lib
checking for ANSI C header files... (cached) yes
checking for stdlib.h... (cached) yes
checking locale.h usability... yes
checking locale.h presence... yes
checking for locale.h... yes
checking whether strerror_r is declared... yes
checking for strerror_r... yes
checking whether strerror_r returns char *... yes
checking for strerror_r... (cached) yes
checking for an ANSI C-conforming const... yes
configure: creating ./config.status
config.status: creating src/gpg-error-config
config.status: creating Makefile
config.status: creating po/Makefile.in
config.status: creating m4/Makefile
config.status: creating src/Makefile
config.status: creating tests/Makefile
config.status: creating lang/Makefile
config.status: creating lang/cl/Makefile
config.status: creating lang/cl/gpg-error.asd
config.status: creating src/versioninfo.rc
config.status: creating config.h
config.status: executing depfiles commands
config.status: executing libtool commands
config.status: executing po-directories commands
config.status: creating po/POTFILES
config.status: creating po/Makefile

        Libgpg-error v1.10 has been configured as follows:

        Platform:  armv5tejl-unknown-linux-gnueabi


+ make
make  all-recursive
make[1]: Entering directory `/tmp/libgpg-error.Vlvb3V/libgpg-error-1.10'
Making all in m4
make[2]: Entering directory `/tmp/libgpg-error.Vlvb3V/libgpg-error-1.10/m4'
make[2]: Nothing to be done for `all'.
make[2]: Leaving directory `/tmp/libgpg-error.Vlvb3V/libgpg-error-1.10/m4'
Making all in src
make[2]: Entering directory `/tmp/libgpg-error.Vlvb3V/libgpg-error-1.10/src'
gawk -f ./mkerrnos.awk ./errnos.in >code-to-errno.h
gawk -f ./mkerrcodes1.awk ./errnos.in >_mkerrcodes.h
gcc -E  _mkerrcodes.h | grep GPG_ERR_ | \
               gawk -f ./mkerrcodes.awk >mkerrcodes.h
rm _mkerrcodes.h
gcc -I. -I. -o mkerrcodes ./mkerrcodes.c
./mkerrcodes | gawk -f ./mkerrcodes2.awk >code-from-errno.h
gawk -f ./mkstrtable.awk -v textidx=2 -v nogettext=1 \
		./err-sources.h.in >err-sources-sym.h
gawk -f ./mkstrtable.awk -v textidx=2 -v nogettext=1 \
		./err-codes.h.in >err-codes-sym.h
gawk -f ./mkstrtable.awk -v textidx=2 -v nogettext=1 \
		-v prefix=GPG_ERR_ -v namespace=errnos_ \
		./errnos.in >errnos-sym.h
rm extra-h.in
rm: cannot remove `extra-h.in': No such file or directory
make[2]: [extra-h.in] Error 1 (ignored)
echo EOF >>extra-h.in
gawk -f ./mkheader.awk \
		./err-sources.h.in \
		./err-codes.h.in \
		./errnos.in \
		extra-h.in \
		./gpg-error.h.in > gpg-error.h
cat ./gpg-error.def.in >_gpg-error.def.h
gcc -E -I. -I..   _gpg-error.def.h | \
	  grep -v '^#' >gpg-error.def
rm _gpg-error.def.h
echo "/*dummy*/" > mkw32errmap.map.c
make  all-am
make[3]: Entering directory `/tmp/libgpg-error.Vlvb3V/libgpg-error-1.10/src'
/ffp/bin/sh ../libtool --tag=CC   --mode=compile gcc -DHAVE_CONFIG_H -I. -I..  -DLOCALEDIR=\"/ffp/share/locale\"  -I/ffp/include  -g -O2 -MT libgpg_error_la-init.lo -MD -MP -MF .deps/libgpg_error_la-init.Tpo -c -o libgpg_error_la-init.lo `test -f 'init.c' || echo './'`init.c
libtool: compile:  gcc -DHAVE_CONFIG_H -I. -I.. -DLOCALEDIR=\"/ffp/share/locale\" -I/ffp/include -g -O2 -MT libgpg_error_la-init.lo -MD -MP -MF .deps/libgpg_error_la-init.Tpo -c init.c  -fPIC -DPIC -o .libs/libgpg_error_la-init.o
mv -f .deps/libgpg_error_la-init.Tpo .deps/libgpg_error_la-init.Plo
/ffp/bin/sh ../libtool --tag=CC   --mode=compile gcc -DHAVE_CONFIG_H -I. -I..  -DLOCALEDIR=\"/ffp/share/locale\"  -I/ffp/include  -g -O2 -MT libgpg_error_la-strsource.lo -MD -MP -MF .deps/libgpg_error_la-strsource.Tpo -c -o libgpg_error_la-strsource.lo `test -f 'strsource.c' || echo './'`strsource.c
libtool: compile:  gcc -DHAVE_CONFIG_H -I. -I.. -DLOCALEDIR=\"/ffp/share/locale\" -I/ffp/include -g -O2 -MT libgpg_error_la-strsource.lo -MD -MP -MF .deps/libgpg_error_la-strsource.Tpo -c strsource.c  -fPIC -DPIC -o .libs/libgpg_error_la-strsource.o
mv -f .deps/libgpg_error_la-strsource.Tpo .deps/libgpg_error_la-strsource.Plo
/ffp/bin/sh ../libtool --tag=CC   --mode=compile gcc -DHAVE_CONFIG_H -I. -I..  -DLOCALEDIR=\"/ffp/share/locale\"  -I/ffp/include  -g -O2 -MT libgpg_error_la-strerror.lo -MD -MP -MF .deps/libgpg_error_la-strerror.Tpo -c -o libgpg_error_la-strerror.lo `test -f 'strerror.c' || echo './'`strerror.c
libtool: compile:  gcc -DHAVE_CONFIG_H -I. -I.. -DLOCALEDIR=\"/ffp/share/locale\" -I/ffp/include -g -O2 -MT libgpg_error_la-strerror.lo -MD -MP -MF .deps/libgpg_error_la-strerror.Tpo -c strerror.c  -fPIC -DPIC -o .libs/libgpg_error_la-strerror.o
mv -f .deps/libgpg_error_la-strerror.Tpo .deps/libgpg_error_la-strerror.Plo
/ffp/bin/sh ../libtool --tag=CC   --mode=compile gcc -DHAVE_CONFIG_H -I. -I..  -DLOCALEDIR=\"/ffp/share/locale\"  -I/ffp/include  -g -O2 -MT libgpg_error_la-code-to-errno.lo -MD -MP -MF .deps/libgpg_error_la-code-to-errno.Tpo -c -o libgpg_error_la-code-to-errno.lo `test -f 'code-to-errno.c' || echo './'`code-to-errno.c
libtool: compile:  gcc -DHAVE_CONFIG_H -I. -I.. -DLOCALEDIR=\"/ffp/share/locale\" -I/ffp/include -g -O2 -MT libgpg_error_la-code-to-errno.lo -MD -MP -MF .deps/libgpg_error_la-code-to-errno.Tpo -c code-to-errno.c  -fPIC -DPIC -o .libs/libgpg_error_la-code-to-errno.o
mv -f .deps/libgpg_error_la-code-to-errno.Tpo .deps/libgpg_error_la-code-to-errno.Plo
/ffp/bin/sh ../libtool --tag=CC   --mode=compile gcc -DHAVE_CONFIG_H -I. -I..  -DLOCALEDIR=\"/ffp/share/locale\"  -I/ffp/include  -g -O2 -MT libgpg_error_la-code-from-errno.lo -MD -MP -MF .deps/libgpg_error_la-code-from-errno.Tpo -c -o libgpg_error_la-code-from-errno.lo `test -f 'code-from-errno.c' || echo './'`code-from-errno.c
libtool: compile:  gcc -DHAVE_CONFIG_H -I. -I.. -DLOCALEDIR=\"/ffp/share/locale\" -I/ffp/include -g -O2 -MT libgpg_error_la-code-from-errno.lo -MD -MP -MF .deps/libgpg_error_la-code-from-errno.Tpo -c code-from-errno.c  -fPIC -DPIC -o .libs/libgpg_error_la-code-from-errno.o
mv -f .deps/libgpg_error_la-code-from-errno.Tpo .deps/libgpg_error_la-code-from-errno.Plo
/ffp/bin/sh ../libtool --tag=CC   --mode=link gcc  -g -O2 -version-info 8:0:8   -L/ffp/lib -Wl,-rpath,/ffp/lib -o libgpg-error.la -rpath /ffp/lib  libgpg_error_la-init.lo libgpg_error_la-strsource.lo libgpg_error_la-strerror.lo libgpg_error_la-code-to-errno.lo libgpg_error_la-code-from-errno.lo  -L/ffp/lib -lintl -L/ffp/lib -liconv -L/ffp/lib -lc -R/ffp/lib 
libtool: link: gcc -shared  .libs/libgpg_error_la-init.o .libs/libgpg_error_la-strsource.o .libs/libgpg_error_la-strerror.o .libs/libgpg_error_la-code-to-errno.o .libs/libgpg_error_la-code-from-errno.o   -Wl,-rpath -Wl,/ffp/lib -Wl,-rpath -Wl,/ffp/lib -L/ffp/lib /ffp/lib/libintl.so /ffp/lib/libiconv.so -lc  -Wl,-rpath -Wl,/ffp/lib   -Wl,-soname -Wl,libgpg-error.so.0 -o .libs/libgpg-error.so.0.8.0
libtool: link: (cd ".libs" && rm -f "libgpg-error.so.0" && ln -s "libgpg-error.so.0.8.0" "libgpg-error.so.0")
libtool: link: (cd ".libs" && rm -f "libgpg-error.so" && ln -s "libgpg-error.so.0.8.0" "libgpg-error.so")
libtool: link: ( cd ".libs" && rm -f "libgpg-error.la" && ln -s "../libgpg-error.la" "libgpg-error.la" )
gcc -DHAVE_CONFIG_H -I. -I..  -DLOCALEDIR=\"/ffp/share/locale\"  -I/ffp/include  -g -O2 -MT gpg_error-strsource-sym.o -MD -MP -MF .deps/gpg_error-strsource-sym.Tpo -c -o gpg_error-strsource-sym.o `test -f 'strsource-sym.c' || echo './'`strsource-sym.c
mv -f .deps/gpg_error-strsource-sym.Tpo .deps/gpg_error-strsource-sym.Po
gcc -DHAVE_CONFIG_H -I. -I..  -DLOCALEDIR=\"/ffp/share/locale\"  -I/ffp/include  -g -O2 -MT gpg_error-strerror-sym.o -MD -MP -MF .deps/gpg_error-strerror-sym.Tpo -c -o gpg_error-strerror-sym.o `test -f 'strerror-sym.c' || echo './'`strerror-sym.c
mv -f .deps/gpg_error-strerror-sym.Tpo .deps/gpg_error-strerror-sym.Po
gcc -DHAVE_CONFIG_H -I. -I..  -DLOCALEDIR=\"/ffp/share/locale\"  -I/ffp/include  -g -O2 -MT gpg_error-gpg-error.o -MD -MP -MF .deps/gpg_error-gpg-error.Tpo -c -o gpg_error-gpg-error.o `test -f 'gpg-error.c' || echo './'`gpg-error.c
mv -f .deps/gpg_error-gpg-error.Tpo .deps/gpg_error-gpg-error.Po
/ffp/bin/sh ../libtool --tag=CC   --mode=link gcc  -g -O2  -L/ffp/lib -Wl,-rpath,/ffp/lib -o gpg-error gpg_error-strsource-sym.o gpg_error-strerror-sym.o gpg_error-gpg-error.o ./libgpg-error.la -L/ffp/lib -lintl -L/ffp/lib -liconv -L/ffp/lib -lc -R/ffp/lib 
libtool: link: gcc -g -O2 -Wl,-rpath -Wl,/ffp/lib -o .libs/gpg-error gpg_error-strsource-sym.o gpg_error-strerror-sym.o gpg_error-gpg-error.o  -L/ffp/lib ./.libs/libgpg-error.so /ffp/lib/libintl.so /ffp/lib/libiconv.so -lc -Wl,-rpath -Wl,/ffp/lib
make[3]: Leaving directory `/tmp/libgpg-error.Vlvb3V/libgpg-error-1.10/src'
make[2]: Leaving directory `/tmp/libgpg-error.Vlvb3V/libgpg-error-1.10/src'
Making all in tests
make[2]: Entering directory `/tmp/libgpg-error.Vlvb3V/libgpg-error-1.10/tests'
gcc -DHAVE_CONFIG_H -I. -I.. -I../src   -I/ffp/include  -g -O2 -MT t-strerror.o -MD -MP -MF .deps/t-strerror.Tpo -c -o t-strerror.o t-strerror.c
mv -f .deps/t-strerror.Tpo .deps/t-strerror.Po
/ffp/bin/sh ../libtool --tag=CC   --mode=link gcc  -g -O2  -L/ffp/lib -Wl,-rpath,/ffp/lib -o t-strerror t-strerror.o ../src/libgpg-error.la 
libtool: link: gcc -g -O2 -Wl,-rpath -Wl,/ffp/lib -o .libs/t-strerror t-strerror.o  -L/ffp/lib ../src/.libs/libgpg-error.so /ffp/lib/libintl.so /ffp/lib/libiconv.so -lc -Wl,-rpath -Wl,/ffp/lib
gcc -DHAVE_CONFIG_H -I. -I.. -I../src   -I/ffp/include  -g -O2 -MT t-syserror.o -MD -MP -MF .deps/t-syserror.Tpo -c -o t-syserror.o t-syserror.c
mv -f .deps/t-syserror.Tpo .deps/t-syserror.Po
/ffp/bin/sh ../libtool --tag=CC   --mode=link gcc  -g -O2  -L/ffp/lib -Wl,-rpath,/ffp/lib -o t-syserror t-syserror.o ../src/libgpg-error.la 
libtool: link: gcc -g -O2 -Wl,-rpath -Wl,/ffp/lib -o .libs/t-syserror t-syserror.o  -L/ffp/lib ../src/.libs/libgpg-error.so /ffp/lib/libintl.so /ffp/lib/libiconv.so -lc -Wl,-rpath -Wl,/ffp/lib
make[2]: Leaving directory `/tmp/libgpg-error.Vlvb3V/libgpg-error-1.10/tests'
Making all in po
make[2]: Entering directory `/tmp/libgpg-error.Vlvb3V/libgpg-error-1.10/po'
make[2]: Leaving directory `/tmp/libgpg-error.Vlvb3V/libgpg-error-1.10/po'
Making all in lang
make[2]: Entering directory `/tmp/libgpg-error.Vlvb3V/libgpg-error-1.10/lang'
Making all in cl
make[3]: Entering directory `/tmp/libgpg-error.Vlvb3V/libgpg-error-1.10/lang/cl'
echo '@errnos@' | cat ../../src/err-codes.h.in - ../../src/errnos.in \
	| gawk -f ./mkerrcodes.awk >gpg-error-codes.lisp
make[3]: Leaving directory `/tmp/libgpg-error.Vlvb3V/libgpg-error-1.10/lang/cl'
make[3]: Entering directory `/tmp/libgpg-error.Vlvb3V/libgpg-error-1.10/lang'
make[3]: Nothing to be done for `all-am'.
make[3]: Leaving directory `/tmp/libgpg-error.Vlvb3V/libgpg-error-1.10/lang'
make[2]: Leaving directory `/tmp/libgpg-error.Vlvb3V/libgpg-error-1.10/lang'
make[2]: Entering directory `/tmp/libgpg-error.Vlvb3V/libgpg-error-1.10'
make[2]: Nothing to be done for `all-am'.
make[2]: Leaving directory `/tmp/libgpg-error.Vlvb3V/libgpg-error-1.10'
make[1]: Leaving directory `/tmp/libgpg-error.Vlvb3V/libgpg-error-1.10'
+ make DESTDIR=/tmp/libgpg-error.Vlvb3V/pkg install
Making install in m4
make[1]: Entering directory `/tmp/libgpg-error.Vlvb3V/libgpg-error-1.10/m4'
make[2]: Entering directory `/tmp/libgpg-error.Vlvb3V/libgpg-error-1.10/m4'
make[2]: Nothing to be done for `install-exec-am'.
make[2]: Nothing to be done for `install-data-am'.
make[2]: Leaving directory `/tmp/libgpg-error.Vlvb3V/libgpg-error-1.10/m4'
make[1]: Leaving directory `/tmp/libgpg-error.Vlvb3V/libgpg-error-1.10/m4'
Making install in src
make[1]: Entering directory `/tmp/libgpg-error.Vlvb3V/libgpg-error-1.10/src'
make  install-am
make[2]: Entering directory `/tmp/libgpg-error.Vlvb3V/libgpg-error-1.10/src'
make[3]: Entering directory `/tmp/libgpg-error.Vlvb3V/libgpg-error-1.10/src'
test -z "/ffp/lib" || /ffp/bin/mkdir -p "/tmp/libgpg-error.Vlvb3V/pkg/ffp/lib"
 /ffp/bin/sh ../libtool   --mode=install /ffp/bin/install -c  'libgpg-error.la' '/tmp/libgpg-error.Vlvb3V/pkg/ffp/lib/libgpg-error.la'
libtool: install: /ffp/bin/install -c .libs/libgpg-error.so.0.8.0 /tmp/libgpg-error.Vlvb3V/pkg/ffp/lib/libgpg-error.so.0.8.0
libtool: install: (cd /tmp/libgpg-error.Vlvb3V/pkg/ffp/lib && { ln -s -f libgpg-error.so.0.8.0 libgpg-error.so.0 || { rm -f libgpg-error.so.0 && ln -s libgpg-error.so.0.8.0 libgpg-error.so.0; }; })
libtool: install: (cd /tmp/libgpg-error.Vlvb3V/pkg/ffp/lib && { ln -s -f libgpg-error.so.0.8.0 libgpg-error.so || { rm -f libgpg-error.so && ln -s libgpg-error.so.0.8.0 libgpg-error.so; }; })
libtool: install: /ffp/bin/install -c .libs/libgpg-error.lai /tmp/libgpg-error.Vlvb3V/pkg/ffp/lib/libgpg-error.la
libtool: install: warning: remember to run `libtool --finish /ffp/lib'
test -z "/ffp/bin" || /ffp/bin/mkdir -p "/tmp/libgpg-error.Vlvb3V/pkg/ffp/bin"
  /ffp/bin/sh ../libtool   --mode=install /ffp/bin/install -c 'gpg-error' '/tmp/libgpg-error.Vlvb3V/pkg/ffp/bin/gpg-error'
libtool: install: warning: `./libgpg-error.la' has not been installed in `/ffp/lib'
libtool: install: /ffp/bin/install -c .libs/gpg-error /tmp/libgpg-error.Vlvb3V/pkg/ffp/bin/gpg-error
test -z "/ffp/bin" || /ffp/bin/mkdir -p "/tmp/libgpg-error.Vlvb3V/pkg/ffp/bin"
 /ffp/bin/install -c 'gpg-error-config' '/tmp/libgpg-error.Vlvb3V/pkg/ffp/bin/gpg-error-config'
test -z "/ffp/include" || /ffp/bin/mkdir -p "/tmp/libgpg-error.Vlvb3V/pkg/ffp/include"
 /ffp/bin/install -c -m 644 'gpg-error.h' '/tmp/libgpg-error.Vlvb3V/pkg/ffp/include/gpg-error.h'
test -z "/ffp/share/aclocal" || /ffp/bin/mkdir -p "/tmp/libgpg-error.Vlvb3V/pkg/ffp/share/aclocal"
 /ffp/bin/install -c -m 644 'gpg-error.m4' '/tmp/libgpg-error.Vlvb3V/pkg/ffp/share/aclocal/gpg-error.m4'
make[3]: Leaving directory `/tmp/libgpg-error.Vlvb3V/libgpg-error-1.10/src'
make[2]: Leaving directory `/tmp/libgpg-error.Vlvb3V/libgpg-error-1.10/src'
make[1]: Leaving directory `/tmp/libgpg-error.Vlvb3V/libgpg-error-1.10/src'
Making install in tests
make[1]: Entering directory `/tmp/libgpg-error.Vlvb3V/libgpg-error-1.10/tests'
make[2]: Entering directory `/tmp/libgpg-error.Vlvb3V/libgpg-error-1.10/tests'
make[2]: Nothing to be done for `install-exec-am'.
make[2]: Nothing to be done for `install-data-am'.
make[2]: Leaving directory `/tmp/libgpg-error.Vlvb3V/libgpg-error-1.10/tests'
make[1]: Leaving directory `/tmp/libgpg-error.Vlvb3V/libgpg-error-1.10/tests'
Making install in po
make[1]: Entering directory `/tmp/libgpg-error.Vlvb3V/libgpg-error-1.10/po'
/ffp/bin/mkdir -p /tmp/libgpg-error.Vlvb3V/pkg/ffp/share
installing cs.gmo as /tmp/libgpg-error.Vlvb3V/pkg/ffp/share/locale/cs/LC_MESSAGES/libgpg-error.mo
installing de.gmo as /tmp/libgpg-error.Vlvb3V/pkg/ffp/share/locale/de/LC_MESSAGES/libgpg-error.mo
installing fr.gmo as /tmp/libgpg-error.Vlvb3V/pkg/ffp/share/locale/fr/LC_MESSAGES/libgpg-error.mo
installing it.gmo as /tmp/libgpg-error.Vlvb3V/pkg/ffp/share/locale/it/LC_MESSAGES/libgpg-error.mo
installing nl.gmo as /tmp/libgpg-error.Vlvb3V/pkg/ffp/share/locale/nl/LC_MESSAGES/libgpg-error.mo
installing pl.gmo as /tmp/libgpg-error.Vlvb3V/pkg/ffp/share/locale/pl/LC_MESSAGES/libgpg-error.mo
installing ro.gmo as /tmp/libgpg-error.Vlvb3V/pkg/ffp/share/locale/ro/LC_MESSAGES/libgpg-error.mo
installing sv.gmo as /tmp/libgpg-error.Vlvb3V/pkg/ffp/share/locale/sv/LC_MESSAGES/libgpg-error.mo
installing vi.gmo as /tmp/libgpg-error.Vlvb3V/pkg/ffp/share/locale/vi/LC_MESSAGES/libgpg-error.mo
installing zh_CN.gmo as /tmp/libgpg-error.Vlvb3V/pkg/ffp/share/locale/zh_CN/LC_MESSAGES/libgpg-error.mo
if test "libgpg-error" = "gettext-tools"; then \
	  /ffp/bin/mkdir -p /tmp/libgpg-error.Vlvb3V/pkg/ffp/share/gettext/po; \
	  for file in Makefile.in.in remove-potcdate.sin quot.sed boldquot.sed en@quot.header en@boldquot.header insert-header.sin Rules-quot   Makevars.template; do \
	    /ffp/bin/install -c -m 644 ./$file \
			    /tmp/libgpg-error.Vlvb3V/pkg/ffp/share/gettext/po/$file; \
	  done; \
	  for file in Makevars; do \
	    rm -f /tmp/libgpg-error.Vlvb3V/pkg/ffp/share/gettext/po/$file; \
	  done; \
	else \
	  : ; \
	fi
make[1]: Leaving directory `/tmp/libgpg-error.Vlvb3V/libgpg-error-1.10/po'
Making install in lang
make[1]: Entering directory `/tmp/libgpg-error.Vlvb3V/libgpg-error-1.10/lang'
Making install in cl
make[2]: Entering directory `/tmp/libgpg-error.Vlvb3V/libgpg-error-1.10/lang/cl'
make[3]: Entering directory `/tmp/libgpg-error.Vlvb3V/libgpg-error-1.10/lang/cl'
make[3]: Nothing to be done for `install-exec-am'.
test -z "/ffp/share/common-lisp/source/gpg-error" || /ffp/bin/mkdir -p "/tmp/libgpg-error.Vlvb3V/pkg/ffp/share/common-lisp/source/gpg-error"
 /ffp/bin/install -c -m 644 'gpg-error.asd' '/tmp/libgpg-error.Vlvb3V/pkg/ffp/share/common-lisp/source/gpg-error/gpg-error.asd'
 /ffp/bin/install -c -m 644 'gpg-error-package.lisp' '/tmp/libgpg-error.Vlvb3V/pkg/ffp/share/common-lisp/source/gpg-error/gpg-error-package.lisp'
 /ffp/bin/install -c -m 644 'gpg-error.lisp' '/tmp/libgpg-error.Vlvb3V/pkg/ffp/share/common-lisp/source/gpg-error/gpg-error.lisp'
test -z "/ffp/share/common-lisp/source/gpg-error" || /ffp/bin/mkdir -p "/tmp/libgpg-error.Vlvb3V/pkg/ffp/share/common-lisp/source/gpg-error"
 /ffp/bin/install -c -m 644 'gpg-error-codes.lisp' '/tmp/libgpg-error.Vlvb3V/pkg/ffp/share/common-lisp/source/gpg-error/gpg-error-codes.lisp'
make[3]: Leaving directory `/tmp/libgpg-error.Vlvb3V/libgpg-error-1.10/lang/cl'
make[2]: Leaving directory `/tmp/libgpg-error.Vlvb3V/libgpg-error-1.10/lang/cl'
make[2]: Entering directory `/tmp/libgpg-error.Vlvb3V/libgpg-error-1.10/lang'
make[3]: Entering directory `/tmp/libgpg-error.Vlvb3V/libgpg-error-1.10/lang'
make[3]: Nothing to be done for `install-exec-am'.
make[3]: Nothing to be done for `install-data-am'.
make[3]: Leaving directory `/tmp/libgpg-error.Vlvb3V/libgpg-error-1.10/lang'
make[2]: Leaving directory `/tmp/libgpg-error.Vlvb3V/libgpg-error-1.10/lang'
make[1]: Leaving directory `/tmp/libgpg-error.Vlvb3V/libgpg-error-1.10/lang'
make[1]: Entering directory `/tmp/libgpg-error.Vlvb3V/libgpg-error-1.10'
make[2]: Entering directory `/tmp/libgpg-error.Vlvb3V/libgpg-error-1.10'
make[2]: Nothing to be done for `install-exec-am'.
make  install-data-hook
make[3]: Entering directory `/tmp/libgpg-error.Vlvb3V/libgpg-error-1.10'
make[3]: Nothing to be done for `install-data-hook'.
make[3]: Leaving directory `/tmp/libgpg-error.Vlvb3V/libgpg-error-1.10'
make[2]: Leaving directory `/tmp/libgpg-error.Vlvb3V/libgpg-error-1.10'
make[1]: Leaving directory `/tmp/libgpg-error.Vlvb3V/libgpg-error-1.10'
+ mkdir -p /tmp/libgpg-error.Vlvb3V/pkg/install
+ cp /ffp/home/root/src/libgpg-error/DESCR /ffp/home/root/src/libgpg-error/HOMEPAGE /tmp/libgpg-error.Vlvb3V/pkg/install/
+ cd /tmp/libgpg-error.Vlvb3V/pkg
+ makepkg libgpg-error 1.10 1
Creating /tmp/libgpg-error-1.10-arm-1.tar ...
