++ basename ./p7zip.funpkg .funpkg
+ PN=p7zip
+ PV=9.20.1
+ PR=1
+ . ./config.ffp
++ GNU_HOST=
++ GNU_TARGET=
++ FFP_CFLAGS='-I/ffp/include -O2'
++ FFP_LDFLAGS='-L/ffp/lib -Wl,-rpath,/ffp/lib'
++ '[' '!' -d '' ']'
++ TMPDIR=/tmp
++ export TMPDIR
++ mandir=/ffp/share/man
++ infodir=/ffp/share/info
++ docdir=/ffp/share/doc
++ pwd
+ X=/ffp/home/root/src/p7zip
++ mktemp -t -d p7zip.XXXXXX
+ W=/tmp/p7zip.Bm9022
+ D=/tmp/p7zip.Bm9022/pkg
+ cd /tmp/p7zip.Bm9022
+ cat /ffp/home/root/src/p7zip/SRC_URI
+ xargs wget
--2012-03-05 10:12:14--  http://downloads.sourceforge.net/project/p7zip/p7zip/9.20.1/p7zip_9.20.1_src_all.tar.bz2?r=&ts=1330935728&use_mirror=switch
Resolving downloads.sourceforge.net... 216.34.181.59
Connecting to downloads.sourceforge.net|216.34.181.59|:80... connected.
HTTP request sent, awaiting response... 302 Found
Location: http://switch.dl.sourceforge.net/project/p7zip/p7zip/9.20.1/p7zip_9.20.1_src_all.tar.bz2 [following]
--2012-03-05 10:12:15--  http://switch.dl.sourceforge.net/project/p7zip/p7zip/9.20.1/p7zip_9.20.1_src_all.tar.bz2
Resolving switch.dl.sourceforge.net... 2001:620:0:1b::21, 130.59.138.21
Connecting to switch.dl.sourceforge.net|2001:620:0:1b::21|:80... failed: Address family not supported by protocol.
Connecting to switch.dl.sourceforge.net|130.59.138.21|:80... connected.
HTTP request sent, awaiting response... 200 OK
Length: 3835235 (3.7M) [application/x-bzip2]
Saving to: `p7zip_9.20.1_src_all.tar.bz2'

     0K .......... .......... .......... .......... ..........  1%  208K 18s
    50K .......... .......... .......... .......... ..........  2%  236K 17s
   100K .......... .......... .......... .......... ..........  4%  378K 14s
   150K .......... .......... .......... .......... ..........  5%  312K 13s
   200K .......... .......... .......... .......... ..........  6%  337K 12s
   250K .......... .......... .......... .......... ..........  8%  393K 12s
   300K .......... .......... .......... .......... ..........  9%  312K 11s
   350K .......... .......... .......... .......... .......... 10%  367K 11s
   400K .......... .......... .......... .......... .......... 12%  392K 11s
   450K .......... .......... .......... .......... .......... 13%  420K 10s
   500K .......... .......... .......... .......... .......... 14%  322K 10s
   550K .......... .......... .......... .......... .......... 16%  411K 10s
   600K .......... .......... .......... .......... .......... 17%  430K 9s
   650K .......... .......... .......... .......... .......... 18%  236K 9s
   700K .......... .......... .......... .......... .......... 20%  782K 9s
   750K .......... .......... .......... .......... .......... 21%  387K 9s
   800K .......... .......... .......... .......... .......... 22%  338K 9s
   850K .......... .......... .......... .......... .......... 24%  342K 8s
   900K .......... .......... .......... .......... .......... 25%  386K 8s
   950K .......... .......... .......... .......... .......... 26%  385K 8s
  1000K .......... .......... .......... .......... .......... 28%  431K 8s
  1050K .......... .......... .......... .......... .......... 29%  308K 8s
  1100K .......... .......... .......... .......... .......... 30%  649K 7s
  1150K .......... .......... .......... .......... .......... 32%  404K 7s
  1200K .......... .......... .......... .......... .......... 33%  394K 7s
  1250K .......... .......... .......... .......... .......... 34%  419K 7s
  1300K .......... .......... .......... .......... .......... 36%  496K 7s
  1350K .......... .......... .......... .......... .......... 37%  406K 6s
  1400K .......... .......... .......... .......... .......... 38%  406K 6s
  1450K .......... .......... .......... .......... .......... 40%  470K 6s
  1500K .......... .......... .......... .......... .......... 41%  419K 6s
  1550K .......... .......... .......... .......... .......... 42%  544K 6s
  1600K .......... .......... .......... .......... .......... 44%  427K 6s
  1650K .......... .......... .......... .......... .......... 45%  446K 5s
  1700K .......... .......... .......... .......... .......... 46%  432K 5s
  1750K .......... .......... .......... .......... .......... 48%  439K 5s
  1800K .......... .......... .......... .......... .......... 49%  407K 5s
  1850K .......... .......... .......... .......... .......... 50%  484K 5s
  1900K .......... .......... .......... .......... .......... 52%  559K 5s
  1950K .......... .......... .......... .......... .......... 53%  432K 5s
  2000K .......... .......... .......... .......... .......... 54%  519K 4s
  2050K .......... .......... .......... .......... .......... 56%  594K 4s
  2100K .......... .......... .......... .......... .......... 57%  496K 4s
  2150K .......... .......... .......... .......... .......... 58%  478K 4s
  2200K .......... .......... .......... .......... .......... 60%  672K 4s
  2250K .......... .......... .......... .......... .......... 61%  413K 4s
  2300K .......... .......... .......... .......... .......... 62%  726K 3s
  2350K .......... .......... .......... .......... .......... 64%  455K 3s
  2400K .......... .......... .......... .......... .......... 65%  716K 3s
  2450K .......... .......... .......... .......... .......... 66%  473K 3s
  2500K .......... .......... .......... .......... .......... 68%  668K 3s
  2550K .......... .......... .......... .......... .......... 69%  686K 3s
  2600K .......... .......... .......... .......... .......... 70%  474K 3s
  2650K .......... .......... .......... .......... .......... 72%  688K 3s
  2700K .......... .......... .......... .......... .......... 73%  700K 2s
  2750K .......... .......... .......... .......... .......... 74%  475K 2s
  2800K .......... .......... .......... .......... .......... 76%  437K 2s
  2850K .......... .......... .......... .......... .......... 77%  365K 2s
  2900K .......... .......... .......... .......... .......... 78%  614K 2s
  2950K .......... .......... .......... .......... .......... 80%  405K 2s
  3000K .......... .......... .......... .......... .......... 81%  489K 2s
  3050K .......... .......... .......... .......... .......... 82%  544K 2s
  3100K .......... .......... .......... .......... .......... 84%  451K 1s
  3150K .......... .......... .......... .......... .......... 85%  580K 1s
  3200K .......... .......... .......... .......... .......... 86%  422K 1s
  3250K .......... .......... .......... .......... .......... 88%  425K 1s
  3300K .......... .......... .......... .......... .......... 89%  647K 1s
  3350K .......... .......... .......... .......... .......... 90%  434K 1s
  3400K .......... .......... .......... .......... .......... 92%  477K 1s
  3450K .......... .......... .......... .......... .......... 93%  611K 1s
  3500K .......... .......... .......... .......... .......... 94%  470K 0s
  3550K .......... .......... .......... .......... .......... 96%  493K 0s
  3600K .......... .......... .......... .......... .......... 97%  623K 0s
  3650K .......... .......... .......... .......... .......... 98%  478K 0s
  3700K .......... .......... .......... .......... .....     100%  591K=8.6s

2012-03-05 10:12:23 (437 KB/s) - `p7zip_9.20.1_src_all.tar.bz2' saved [3835235/3835235]

+ tar xf p7zip_9.20.1_src_all.tar.bz2
+ cd p7zip_9.20.1
+ patch makefile /ffp/home/root/src/p7zip/makefile.patch
patching file makefile
+ LDFLAGS='-L/ffp/lib -Wl,-rpath,/ffp/lib'
+ make
mkdir -p bin
make -C CPP/7zip/Bundles/Alone all
make[1]: Entering directory `/tmp/p7zip.Bm9022/p7zip_9.20.1/CPP/7zip/Bundles/Alone'
g++ -O -pipe -s -D_FILE_OFFSET_BITS=64 -D_LARGEFILE_SOURCE -DNDEBUG -D_REENTRANT -DENV_UNIX -D_7ZIP_LARGE_PAGES -DBREAK_HANDLER -DUNICODE -D_UNICODE -c -I. -I../../../myWindows -I../../../ -I../../../include_windows ../../../myWindows/myGetTickCount.cpp
g++ -O -pipe -s -D_FILE_OFFSET_BITS=64 -D_LARGEFILE_SOURCE -DNDEBUG -D_REENTRANT -DENV_UNIX -D_7ZIP_LARGE_PAGES -DBREAK_HANDLER -DUNICODE -D_UNICODE -c -I. -I../../../myWindows -I../../../ -I../../../include_windows ../../../myWindows/wine_date_and_time.cpp
g++ -O -pipe -s -D_FILE_OFFSET_BITS=64 -D_LARGEFILE_SOURCE -DNDEBUG -D_REENTRANT -DENV_UNIX -D_7ZIP_LARGE_PAGES -DBREAK_HANDLER -DUNICODE -D_UNICODE -c -I. -I../../../myWindows -I../../../ -I../../../include_windows ../../../myWindows/myAddExeFlag.cpp 
g++ -O -pipe -s -D_FILE_OFFSET_BITS=64 -D_LARGEFILE_SOURCE -DNDEBUG -D_REENTRANT -DENV_UNIX -D_7ZIP_LARGE_PAGES -DBREAK_HANDLER -DUNICODE -D_UNICODE -c -I. -I../../../myWindows -I../../../ -I../../../include_windows ../../../myWindows/mySplitCommandLine.cpp
g++ -O -pipe -s -D_FILE_OFFSET_BITS=64 -D_LARGEFILE_SOURCE -DNDEBUG -D_REENTRANT -DENV_UNIX -D_7ZIP_LARGE_PAGES -DBREAK_HANDLER -DUNICODE -D_UNICODE -c -I. -I../../../myWindows -I../../../ -I../../../include_windows ../../UI/Console/BenchCon.cpp
g++ -O -pipe -s -D_FILE_OFFSET_BITS=64 -D_LARGEFILE_SOURCE -DNDEBUG -D_REENTRANT -DENV_UNIX -D_7ZIP_LARGE_PAGES -DBREAK_HANDLER -DUNICODE -D_UNICODE -c -I. -I../../../myWindows -I../../../ -I../../../include_windows ../../UI/Console/ConsoleClose.cpp
g++ -O -pipe -s -D_FILE_OFFSET_BITS=64 -D_LARGEFILE_SOURCE -DNDEBUG -D_REENTRANT -DENV_UNIX -D_7ZIP_LARGE_PAGES -DBREAK_HANDLER -DUNICODE -D_UNICODE -c -I. -I../../../myWindows -I../../../ -I../../../include_windows ../../UI/Console/ExtractCallbackConsole.cpp
g++ -O -pipe -s -D_FILE_OFFSET_BITS=64 -D_LARGEFILE_SOURCE -DNDEBUG -D_REENTRANT -DENV_UNIX -D_7ZIP_LARGE_PAGES -DBREAK_HANDLER -DUNICODE -D_UNICODE -c -I. -I../../../myWindows -I../../../ -I../../../include_windows ../../UI/Console/List.cpp
g++ -O -pipe -s -D_FILE_OFFSET_BITS=64 -D_LARGEFILE_SOURCE -DNDEBUG -D_REENTRANT -DENV_UNIX -D_7ZIP_LARGE_PAGES -DBREAK_HANDLER -DUNICODE -D_UNICODE -c -I. -I../../../myWindows -I../../../ -I../../../include_windows ../../UI/Console/Main.cpp
g++ -O -pipe -s -D_FILE_OFFSET_BITS=64 -D_LARGEFILE_SOURCE -DNDEBUG -D_REENTRANT -DENV_UNIX -D_7ZIP_LARGE_PAGES -DBREAK_HANDLER -DUNICODE -D_UNICODE -c -I. -I../../../myWindows -I../../../ -I../../../include_windows ../../UI/Console/MainAr.cpp
g++ -O -pipe -s -D_FILE_OFFSET_BITS=64 -D_LARGEFILE_SOURCE -DNDEBUG -D_REENTRANT -DENV_UNIX -D_7ZIP_LARGE_PAGES -DBREAK_HANDLER -DUNICODE -D_UNICODE -c -I. -I../../../myWindows -I../../../ -I../../../include_windows ../../UI/Console/OpenCallbackConsole.cpp
g++ -O -pipe -s -D_FILE_OFFSET_BITS=64 -D_LARGEFILE_SOURCE -DNDEBUG -D_REENTRANT -DENV_UNIX -D_7ZIP_LARGE_PAGES -DBREAK_HANDLER -DUNICODE -D_UNICODE -c -I. -I../../../myWindows -I../../../ -I../../../include_windows ../../UI/Console/PercentPrinter.cpp
g++ -O -pipe -s -D_FILE_OFFSET_BITS=64 -D_LARGEFILE_SOURCE -DNDEBUG -D_REENTRANT -DENV_UNIX -D_7ZIP_LARGE_PAGES -DBREAK_HANDLER -DUNICODE -D_UNICODE -c -I. -I../../../myWindows -I../../../ -I../../../include_windows ../../UI/Console/UpdateCallbackConsole.cpp
g++ -O -pipe -s -D_FILE_OFFSET_BITS=64 -D_LARGEFILE_SOURCE -DNDEBUG -D_REENTRANT -DENV_UNIX -D_7ZIP_LARGE_PAGES -DBREAK_HANDLER -DUNICODE -D_UNICODE -c -I. -I../../../myWindows -I../../../ -I../../../include_windows ../../UI/Console/UserInputUtils.cpp
g++ -O -pipe -s -D_FILE_OFFSET_BITS=64 -D_LARGEFILE_SOURCE -DNDEBUG -D_REENTRANT -DENV_UNIX -D_7ZIP_LARGE_PAGES -DBREAK_HANDLER -DUNICODE -D_UNICODE -c -I. -I../../../myWindows -I../../../ -I../../../include_windows ../../../Common/CommandLineParser.cpp
g++ -O -pipe -s -D_FILE_OFFSET_BITS=64 -D_LARGEFILE_SOURCE -DNDEBUG -D_REENTRANT -DENV_UNIX -D_7ZIP_LARGE_PAGES -DBREAK_HANDLER -DUNICODE -D_UNICODE -c -I. -I../../../myWindows -I../../../ -I../../../include_windows ../../../Common/CRC.cpp
g++ -O -pipe -s -D_FILE_OFFSET_BITS=64 -D_LARGEFILE_SOURCE -DNDEBUG -D_REENTRANT -DENV_UNIX -D_7ZIP_LARGE_PAGES -DBREAK_HANDLER -DUNICODE -D_UNICODE -c -I. -I../../../myWindows -I../../../ -I../../../include_windows ../../../Common/IntToString.cpp
g++ -O -pipe -s -D_FILE_OFFSET_BITS=64 -D_LARGEFILE_SOURCE -DNDEBUG -D_REENTRANT -DENV_UNIX -D_7ZIP_LARGE_PAGES -DBREAK_HANDLER -DUNICODE -D_UNICODE -c -I. -I../../../myWindows -I../../../ -I../../../include_windows ../../../Common/ListFileUtils.cpp
g++ -O -pipe -s -D_FILE_OFFSET_BITS=64 -D_LARGEFILE_SOURCE -DNDEBUG -D_REENTRANT -DENV_UNIX -D_7ZIP_LARGE_PAGES -DBREAK_HANDLER -DUNICODE -D_UNICODE -c -I. -I../../../myWindows -I../../../ -I../../../include_windows ../../../Common/StdInStream.cpp
g++ -O -pipe -s -D_FILE_OFFSET_BITS=64 -D_LARGEFILE_SOURCE -DNDEBUG -D_REENTRANT -DENV_UNIX -D_7ZIP_LARGE_PAGES -DBREAK_HANDLER -DUNICODE -D_UNICODE -c -I. -I../../../myWindows -I../../../ -I../../../include_windows ../../../Common/StdOutStream.cpp
g++ -O -pipe -s -D_FILE_OFFSET_BITS=64 -D_LARGEFILE_SOURCE -DNDEBUG -D_REENTRANT -DENV_UNIX -D_7ZIP_LARGE_PAGES -DBREAK_HANDLER -DUNICODE -D_UNICODE -c -I. -I../../../myWindows -I../../../ -I../../../include_windows ../../../Common/MyString.cpp
g++ -O -pipe -s -D_FILE_OFFSET_BITS=64 -D_LARGEFILE_SOURCE -DNDEBUG -D_REENTRANT -DENV_UNIX -D_7ZIP_LARGE_PAGES -DBREAK_HANDLER -DUNICODE -D_UNICODE -c -I. -I../../../myWindows -I../../../ -I../../../include_windows ../../../Common/StringConvert.cpp
g++ -O -pipe -s -D_FILE_OFFSET_BITS=64 -D_LARGEFILE_SOURCE -DNDEBUG -D_REENTRANT -DENV_UNIX -D_7ZIP_LARGE_PAGES -DBREAK_HANDLER -DUNICODE -D_UNICODE -c -I. -I../../../myWindows -I../../../ -I../../../include_windows ../../../Common/StringToInt.cpp
g++ -O -pipe -s -D_FILE_OFFSET_BITS=64 -D_LARGEFILE_SOURCE -DNDEBUG -D_REENTRANT -DENV_UNIX -D_7ZIP_LARGE_PAGES -DBREAK_HANDLER -DUNICODE -D_UNICODE -c -I. -I../../../myWindows -I../../../ -I../../../include_windows ../../../Common/UTFConvert.cpp
g++ -O -pipe -s -D_FILE_OFFSET_BITS=64 -D_LARGEFILE_SOURCE -DNDEBUG -D_REENTRANT -DENV_UNIX -D_7ZIP_LARGE_PAGES -DBREAK_HANDLER -DUNICODE -D_UNICODE -c -I. -I../../../myWindows -I../../../ -I../../../include_windows ../../../Common/MyWindows.cpp
g++ -O -pipe -s -D_FILE_OFFSET_BITS=64 -D_LARGEFILE_SOURCE -DNDEBUG -D_REENTRANT -DENV_UNIX -D_7ZIP_LARGE_PAGES -DBREAK_HANDLER -DUNICODE -D_UNICODE -c -I. -I../../../myWindows -I../../../ -I../../../include_windows ../../../Common/MyVector.cpp
g++ -O -pipe -s -D_FILE_OFFSET_BITS=64 -D_LARGEFILE_SOURCE -DNDEBUG -D_REENTRANT -DENV_UNIX -D_7ZIP_LARGE_PAGES -DBREAK_HANDLER -DUNICODE -D_UNICODE -c -I. -I../../../myWindows -I../../../ -I../../../include_windows ../../../Common/Wildcard.cpp
g++ -O -pipe -s -D_FILE_OFFSET_BITS=64 -D_LARGEFILE_SOURCE -DNDEBUG -D_REENTRANT -DENV_UNIX -D_7ZIP_LARGE_PAGES -DBREAK_HANDLER -DUNICODE -D_UNICODE -c -I. -I../../../myWindows -I../../../ -I../../../include_windows ../../../Windows/Error.cpp
g++ -O -pipe -s -D_FILE_OFFSET_BITS=64 -D_LARGEFILE_SOURCE -DNDEBUG -D_REENTRANT -DENV_UNIX -D_7ZIP_LARGE_PAGES -DBREAK_HANDLER -DUNICODE -D_UNICODE -c -I. -I../../../myWindows -I../../../ -I../../../include_windows ../../../Windows/FileDir.cpp
g++ -O -pipe -s -D_FILE_OFFSET_BITS=64 -D_LARGEFILE_SOURCE -DNDEBUG -D_REENTRANT -DENV_UNIX -D_7ZIP_LARGE_PAGES -DBREAK_HANDLER -DUNICODE -D_UNICODE -c -I. -I../../../myWindows -I../../../ -I../../../include_windows ../../../Windows/FileFind.cpp
g++ -O -pipe -s -D_FILE_OFFSET_BITS=64 -D_LARGEFILE_SOURCE -DNDEBUG -D_REENTRANT -DENV_UNIX -D_7ZIP_LARGE_PAGES -DBREAK_HANDLER -DUNICODE -D_UNICODE -c -I. -I../../../myWindows -I../../../ -I../../../include_windows ../../../Windows/FileIO.cpp
g++ -O -pipe -s -D_FILE_OFFSET_BITS=64 -D_LARGEFILE_SOURCE -DNDEBUG -D_REENTRANT -DENV_UNIX -D_7ZIP_LARGE_PAGES -DBREAK_HANDLER -DUNICODE -D_UNICODE -c -I. -I../../../myWindows -I../../../ -I../../../include_windows ../../../Windows/FileName.cpp
g++ -O -pipe -s -D_FILE_OFFSET_BITS=64 -D_LARGEFILE_SOURCE -DNDEBUG -D_REENTRANT -DENV_UNIX -D_7ZIP_LARGE_PAGES -DBREAK_HANDLER -DUNICODE -D_UNICODE -c -I. -I../../../myWindows -I../../../ -I../../../include_windows ../../../Windows/PropVariant.cpp
g++ -O -pipe -s -D_FILE_OFFSET_BITS=64 -D_LARGEFILE_SOURCE -DNDEBUG -D_REENTRANT -DENV_UNIX -D_7ZIP_LARGE_PAGES -DBREAK_HANDLER -DUNICODE -D_UNICODE -c -I. -I../../../myWindows -I../../../ -I../../../include_windows ../../../Windows/PropVariantConversions.cpp
g++ -O -pipe -s -D_FILE_OFFSET_BITS=64 -D_LARGEFILE_SOURCE -DNDEBUG -D_REENTRANT -DENV_UNIX -D_7ZIP_LARGE_PAGES -DBREAK_HANDLER -DUNICODE -D_UNICODE -c -I. -I../../../myWindows -I../../../ -I../../../include_windows ../../../Windows/Synchronization.cpp
g++ -O -pipe -s -D_FILE_OFFSET_BITS=64 -D_LARGEFILE_SOURCE -DNDEBUG -D_REENTRANT -DENV_UNIX -D_7ZIP_LARGE_PAGES -DBREAK_HANDLER -DUNICODE -D_UNICODE -c -I. -I../../../myWindows -I../../../ -I../../../include_windows ../../../Windows/System.cpp
g++ -O -pipe -s -D_FILE_OFFSET_BITS=64 -D_LARGEFILE_SOURCE -DNDEBUG -D_REENTRANT -DENV_UNIX -D_7ZIP_LARGE_PAGES -DBREAK_HANDLER -DUNICODE -D_UNICODE -c -I. -I../../../myWindows -I../../../ -I../../../include_windows ../../../Windows/Time.cpp
g++ -O -pipe -s -D_FILE_OFFSET_BITS=64 -D_LARGEFILE_SOURCE -DNDEBUG -D_REENTRANT -DENV_UNIX -D_7ZIP_LARGE_PAGES -DBREAK_HANDLER -DUNICODE -D_UNICODE -c -I. -I../../../myWindows -I../../../ -I../../../include_windows ../../Common/CreateCoder.cpp
g++ -O -pipe -s -D_FILE_OFFSET_BITS=64 -D_LARGEFILE_SOURCE -DNDEBUG -D_REENTRANT -DENV_UNIX -D_7ZIP_LARGE_PAGES -DBREAK_HANDLER -DUNICODE -D_UNICODE -c -I. -I../../../myWindows -I../../../ -I../../../include_windows ../../Common/CWrappers.cpp
g++ -O -pipe -s -D_FILE_OFFSET_BITS=64 -D_LARGEFILE_SOURCE -DNDEBUG -D_REENTRANT -DENV_UNIX -D_7ZIP_LARGE_PAGES -DBREAK_HANDLER -DUNICODE -D_UNICODE -c -I. -I../../../myWindows -I../../../ -I../../../include_windows ../../Common/FilePathAutoRename.cpp
g++ -O -pipe -s -D_FILE_OFFSET_BITS=64 -D_LARGEFILE_SOURCE -DNDEBUG -D_REENTRANT -DENV_UNIX -D_7ZIP_LARGE_PAGES -DBREAK_HANDLER -DUNICODE -D_UNICODE -c -I. -I../../../myWindows -I../../../ -I../../../include_windows ../../Common/FileStreams.cpp
g++ -O -pipe -s -D_FILE_OFFSET_BITS=64 -D_LARGEFILE_SOURCE -DNDEBUG -D_REENTRANT -DENV_UNIX -D_7ZIP_LARGE_PAGES -DBREAK_HANDLER -DUNICODE -D_UNICODE -c -I. -I../../../myWindows -I../../../ -I../../../include_windows ../../Common/FilterCoder.cpp
g++ -O -pipe -s -D_FILE_OFFSET_BITS=64 -D_LARGEFILE_SOURCE -DNDEBUG -D_REENTRANT -DENV_UNIX -D_7ZIP_LARGE_PAGES -DBREAK_HANDLER -DUNICODE -D_UNICODE -c -I. -I../../../myWindows -I../../../ -I../../../include_windows ../../Common/InBuffer.cpp
g++ -O -pipe -s -D_FILE_OFFSET_BITS=64 -D_LARGEFILE_SOURCE -DNDEBUG -D_REENTRANT -DENV_UNIX -D_7ZIP_LARGE_PAGES -DBREAK_HANDLER -DUNICODE -D_UNICODE -c -I. -I../../../myWindows -I../../../ -I../../../include_windows ../../Common/InOutTempBuffer.cpp
g++ -O -pipe -s -D_FILE_OFFSET_BITS=64 -D_LARGEFILE_SOURCE -DNDEBUG -D_REENTRANT -DENV_UNIX -D_7ZIP_LARGE_PAGES -DBREAK_HANDLER -DUNICODE -D_UNICODE -c -I. -I../../../myWindows -I../../../ -I../../../include_windows ../../Common/LimitedStreams.cpp
g++ -O -pipe -s -D_FILE_OFFSET_BITS=64 -D_LARGEFILE_SOURCE -DNDEBUG -D_REENTRANT -DENV_UNIX -D_7ZIP_LARGE_PAGES -DBREAK_HANDLER -DUNICODE -D_UNICODE -c -I. -I../../../myWindows -I../../../ -I../../../include_windows ../../Common/LockedStream.cpp
g++ -O -pipe -s -D_FILE_OFFSET_BITS=64 -D_LARGEFILE_SOURCE -DNDEBUG -D_REENTRANT -DENV_UNIX -D_7ZIP_LARGE_PAGES -DBREAK_HANDLER -DUNICODE -D_UNICODE -c -I. -I../../../myWindows -I../../../ -I../../../include_windows ../../Common/MemBlocks.cpp
g++ -O -pipe -s -D_FILE_OFFSET_BITS=64 -D_LARGEFILE_SOURCE -DNDEBUG -D_REENTRANT -DENV_UNIX -D_7ZIP_LARGE_PAGES -DBREAK_HANDLER -DUNICODE -D_UNICODE -c -I. -I../../../myWindows -I../../../ -I../../../include_windows ../../Common/MethodId.cpp
g++ -O -pipe -s -D_FILE_OFFSET_BITS=64 -D_LARGEFILE_SOURCE -DNDEBUG -D_REENTRANT -DENV_UNIX -D_7ZIP_LARGE_PAGES -DBREAK_HANDLER -DUNICODE -D_UNICODE -c -I. -I../../../myWindows -I../../../ -I../../../include_windows ../../Common/MethodProps.cpp
g++ -O -pipe -s -D_FILE_OFFSET_BITS=64 -D_LARGEFILE_SOURCE -DNDEBUG -D_REENTRANT -DENV_UNIX -D_7ZIP_LARGE_PAGES -DBREAK_HANDLER -DUNICODE -D_UNICODE -c -I. -I../../../myWindows -I../../../ -I../../../include_windows ../../Common/OffsetStream.cpp
g++ -O -pipe -s -D_FILE_OFFSET_BITS=64 -D_LARGEFILE_SOURCE -DNDEBUG -D_REENTRANT -DENV_UNIX -D_7ZIP_LARGE_PAGES -DBREAK_HANDLER -DUNICODE -D_UNICODE -c -I. -I../../../myWindows -I../../../ -I../../../include_windows ../../Common/OutBuffer.cpp
g++ -O -pipe -s -D_FILE_OFFSET_BITS=64 -D_LARGEFILE_SOURCE -DNDEBUG -D_REENTRANT -DENV_UNIX -D_7ZIP_LARGE_PAGES -DBREAK_HANDLER -DUNICODE -D_UNICODE -c -I. -I../../../myWindows -I../../../ -I../../../include_windows ../../Common/OutMemStream.cpp
g++ -O -pipe -s -D_FILE_OFFSET_BITS=64 -D_LARGEFILE_SOURCE -DNDEBUG -D_REENTRANT -DENV_UNIX -D_7ZIP_LARGE_PAGES -DBREAK_HANDLER -DUNICODE -D_UNICODE -c -I. -I../../../myWindows -I../../../ -I../../../include_windows ../../Common/ProgressMt.cpp
g++ -O -pipe -s -D_FILE_OFFSET_BITS=64 -D_LARGEFILE_SOURCE -DNDEBUG -D_REENTRANT -DENV_UNIX -D_7ZIP_LARGE_PAGES -DBREAK_HANDLER -DUNICODE -D_UNICODE -c -I. -I../../../myWindows -I../../../ -I../../../include_windows ../../Common/ProgressUtils.cpp
g++ -O -pipe -s -D_FILE_OFFSET_BITS=64 -D_LARGEFILE_SOURCE -DNDEBUG -D_REENTRANT -DENV_UNIX -D_7ZIP_LARGE_PAGES -DBREAK_HANDLER -DUNICODE -D_UNICODE -c -I. -I../../../myWindows -I../../../ -I../../../include_windows ../../Common/StreamBinder.cpp
g++ -O -pipe -s -D_FILE_OFFSET_BITS=64 -D_LARGEFILE_SOURCE -DNDEBUG -D_REENTRANT -DENV_UNIX -D_7ZIP_LARGE_PAGES -DBREAK_HANDLER -DUNICODE -D_UNICODE -c -I. -I../../../myWindows -I../../../ -I../../../include_windows ../../Common/StreamObjects.cpp
g++ -O -pipe -s -D_FILE_OFFSET_BITS=64 -D_LARGEFILE_SOURCE -DNDEBUG -D_REENTRANT -DENV_UNIX -D_7ZIP_LARGE_PAGES -DBREAK_HANDLER -DUNICODE -D_UNICODE -c -I. -I../../../myWindows -I../../../ -I../../../include_windows ../../Common/StreamUtils.cpp
g++ -O -pipe -s -D_FILE_OFFSET_BITS=64 -D_LARGEFILE_SOURCE -DNDEBUG -D_REENTRANT -DENV_UNIX -D_7ZIP_LARGE_PAGES -DBREAK_HANDLER -DUNICODE -D_UNICODE -c -I. -I../../../myWindows -I../../../ -I../../../include_windows ../../Common/VirtThread.cpp
g++ -O -pipe -s -D_FILE_OFFSET_BITS=64 -D_LARGEFILE_SOURCE -DNDEBUG -D_REENTRANT -DENV_UNIX -D_7ZIP_LARGE_PAGES -DBREAK_HANDLER -DUNICODE -D_UNICODE -c -I. -I../../../myWindows -I../../../ -I../../../include_windows ../../UI/Common/ArchiveCommandLine.cpp
g++ -O -pipe -s -D_FILE_OFFSET_BITS=64 -D_LARGEFILE_SOURCE -DNDEBUG -D_REENTRANT -DENV_UNIX -D_7ZIP_LARGE_PAGES -DBREAK_HANDLER -DUNICODE -D_UNICODE -c -I. -I../../../myWindows -I../../../ -I../../../include_windows ../../UI/Common/ArchiveExtractCallback.cpp
g++ -O -pipe -s -D_FILE_OFFSET_BITS=64 -D_LARGEFILE_SOURCE -DNDEBUG -D_REENTRANT -DENV_UNIX -D_7ZIP_LARGE_PAGES -DBREAK_HANDLER -DUNICODE -D_UNICODE -c -I. -I../../../myWindows -I../../../ -I../../../include_windows ../../UI/Common/ArchiveOpenCallback.cpp
g++ -O -pipe -s -D_FILE_OFFSET_BITS=64 -D_LARGEFILE_SOURCE -DNDEBUG -D_REENTRANT -DENV_UNIX -D_7ZIP_LARGE_PAGES -DBREAK_HANDLER -DUNICODE -D_UNICODE -c -I. -I../../../myWindows -I../../../ -I../../../include_windows ../../UI/Common/Bench.cpp
g++ -O -pipe -s -D_FILE_OFFSET_BITS=64 -D_LARGEFILE_SOURCE -DNDEBUG -D_REENTRANT -DENV_UNIX -D_7ZIP_LARGE_PAGES -DBREAK_HANDLER -DUNICODE -D_UNICODE -c -I. -I../../../myWindows -I../../../ -I../../../include_windows ../../UI/Common/DefaultName.cpp
g++ -O -pipe -s -D_FILE_OFFSET_BITS=64 -D_LARGEFILE_SOURCE -DNDEBUG -D_REENTRANT -DENV_UNIX -D_7ZIP_LARGE_PAGES -DBREAK_HANDLER -DUNICODE -D_UNICODE -c -I. -I../../../myWindows -I../../../ -I../../../include_windows ../../UI/Common/EnumDirItems.cpp
g++ -O -pipe -s -D_FILE_OFFSET_BITS=64 -D_LARGEFILE_SOURCE -DNDEBUG -D_REENTRANT -DENV_UNIX -D_7ZIP_LARGE_PAGES -DBREAK_HANDLER -DUNICODE -D_UNICODE -c -I. -I../../../myWindows -I../../../ -I../../../include_windows ../../UI/Common/Extract.cpp
g++ -O -pipe -s -D_FILE_OFFSET_BITS=64 -D_LARGEFILE_SOURCE -DNDEBUG -D_REENTRANT -DENV_UNIX -D_7ZIP_LARGE_PAGES -DBREAK_HANDLER -DUNICODE -D_UNICODE -c -I. -I../../../myWindows -I../../../ -I../../../include_windows ../../UI/Common/ExtractingFilePath.cpp
g++ -O -pipe -s -D_FILE_OFFSET_BITS=64 -D_LARGEFILE_SOURCE -DNDEBUG -D_REENTRANT -DENV_UNIX -D_7ZIP_LARGE_PAGES -DBREAK_HANDLER -DUNICODE -D_UNICODE -c -I. -I../../../myWindows -I../../../ -I../../../include_windows ../../UI/Common/LoadCodecs.cpp
g++ -O -pipe -s -D_FILE_OFFSET_BITS=64 -D_LARGEFILE_SOURCE -DNDEBUG -D_REENTRANT -DENV_UNIX -D_7ZIP_LARGE_PAGES -DBREAK_HANDLER -DUNICODE -D_UNICODE -c -I. -I../../../myWindows -I../../../ -I../../../include_windows ../../UI/Common/OpenArchive.cpp
g++ -O -pipe -s -D_FILE_OFFSET_BITS=64 -D_LARGEFILE_SOURCE -DNDEBUG -D_REENTRANT -DENV_UNIX -D_7ZIP_LARGE_PAGES -DBREAK_HANDLER -DUNICODE -D_UNICODE -c -I. -I../../../myWindows -I../../../ -I../../../include_windows ../../UI/Common/PropIDUtils.cpp
g++ -O -pipe -s -D_FILE_OFFSET_BITS=64 -D_LARGEFILE_SOURCE -DNDEBUG -D_REENTRANT -DENV_UNIX -D_7ZIP_LARGE_PAGES -DBREAK_HANDLER -DUNICODE -D_UNICODE -c -I. -I../../../myWindows -I../../../ -I../../../include_windows ../../UI/Common/SetProperties.cpp
g++ -O -pipe -s -D_FILE_OFFSET_BITS=64 -D_LARGEFILE_SOURCE -DNDEBUG -D_REENTRANT -DENV_UNIX -D_7ZIP_LARGE_PAGES -DBREAK_HANDLER -DUNICODE -D_UNICODE -c -I. -I../../../myWindows -I../../../ -I../../../include_windows ../../UI/Common/SortUtils.cpp
g++ -O -pipe -s -D_FILE_OFFSET_BITS=64 -D_LARGEFILE_SOURCE -DNDEBUG -D_REENTRANT -DENV_UNIX -D_7ZIP_LARGE_PAGES -DBREAK_HANDLER -DUNICODE -D_UNICODE -c -I. -I../../../myWindows -I../../../ -I../../../include_windows ../../UI/Common/TempFiles.cpp
g++ -O -pipe -s -D_FILE_OFFSET_BITS=64 -D_LARGEFILE_SOURCE -DNDEBUG -D_REENTRANT -DENV_UNIX -D_7ZIP_LARGE_PAGES -DBREAK_HANDLER -DUNICODE -D_UNICODE -c -I. -I../../../myWindows -I../../../ -I../../../include_windows ../../UI/Common/Update.cpp
g++ -O -pipe -s -D_FILE_OFFSET_BITS=64 -D_LARGEFILE_SOURCE -DNDEBUG -D_REENTRANT -DENV_UNIX -D_7ZIP_LARGE_PAGES -DBREAK_HANDLER -DUNICODE -D_UNICODE -c -I. -I../../../myWindows -I../../../ -I../../../include_windows ../../UI/Common/UpdateAction.cpp
g++ -O -pipe -s -D_FILE_OFFSET_BITS=64 -D_LARGEFILE_SOURCE -DNDEBUG -D_REENTRANT -DENV_UNIX -D_7ZIP_LARGE_PAGES -DBREAK_HANDLER -DUNICODE -D_UNICODE -c -I. -I../../../myWindows -I../../../ -I../../../include_windows ../../UI/Common/UpdateCallback.cpp
g++ -O -pipe -s -D_FILE_OFFSET_BITS=64 -D_LARGEFILE_SOURCE -DNDEBUG -D_REENTRANT -DENV_UNIX -D_7ZIP_LARGE_PAGES -DBREAK_HANDLER -DUNICODE -D_UNICODE -c -I. -I../../../myWindows -I../../../ -I../../../include_windows ../../UI/Common/UpdatePair.cpp
g++ -O -pipe -s -D_FILE_OFFSET_BITS=64 -D_LARGEFILE_SOURCE -DNDEBUG -D_REENTRANT -DENV_UNIX -D_7ZIP_LARGE_PAGES -DBREAK_HANDLER -DUNICODE -D_UNICODE -c -I. -I../../../myWindows -I../../../ -I../../../include_windows ../../UI/Common/UpdateProduce.cpp
g++ -O -pipe -s -D_FILE_OFFSET_BITS=64 -D_LARGEFILE_SOURCE -DNDEBUG -D_REENTRANT -DENV_UNIX -D_7ZIP_LARGE_PAGES -DBREAK_HANDLER -DUNICODE -D_UNICODE -c -I. -I../../../myWindows -I../../../ -I../../../include_windows ../../Archive/Bz2Handler.cpp
g++ -O -pipe -s -D_FILE_OFFSET_BITS=64 -D_LARGEFILE_SOURCE -DNDEBUG -D_REENTRANT -DENV_UNIX -D_7ZIP_LARGE_PAGES -DBREAK_HANDLER -DUNICODE -D_UNICODE -c -I. -I../../../myWindows -I../../../ -I../../../include_windows ../../Archive/DeflateProps.cpp
g++ -O -pipe -s -D_FILE_OFFSET_BITS=64 -D_LARGEFILE_SOURCE -DNDEBUG -D_REENTRANT -DENV_UNIX -D_7ZIP_LARGE_PAGES -DBREAK_HANDLER -DUNICODE -D_UNICODE -c -I. -I../../../myWindows -I../../../ -I../../../include_windows ../../Archive/GzHandler.cpp
g++ -O -pipe -s -D_FILE_OFFSET_BITS=64 -D_LARGEFILE_SOURCE -DNDEBUG -D_REENTRANT -DENV_UNIX -D_7ZIP_LARGE_PAGES -DBREAK_HANDLER -DUNICODE -D_UNICODE -c -I. -I../../../myWindows -I../../../ -I../../../include_windows ../../Archive/LzmaHandler.cpp
g++ -O -pipe -s -D_FILE_OFFSET_BITS=64 -D_LARGEFILE_SOURCE -DNDEBUG -D_REENTRANT -DENV_UNIX -D_7ZIP_LARGE_PAGES -DBREAK_HANDLER -DUNICODE -D_UNICODE -c -I. -I../../../myWindows -I../../../ -I../../../include_windows ../../Archive/PpmdHandler.cpp
g++ -O -pipe -s -D_FILE_OFFSET_BITS=64 -D_LARGEFILE_SOURCE -DNDEBUG -D_REENTRANT -DENV_UNIX -D_7ZIP_LARGE_PAGES -DBREAK_HANDLER -DUNICODE -D_UNICODE -c -I. -I../../../myWindows -I../../../ -I../../../include_windows ../../Archive/SplitHandler.cpp
g++ -O -pipe -s -D_FILE_OFFSET_BITS=64 -D_LARGEFILE_SOURCE -DNDEBUG -D_REENTRANT -DENV_UNIX -D_7ZIP_LARGE_PAGES -DBREAK_HANDLER -DUNICODE -D_UNICODE -c -I. -I../../../myWindows -I../../../ -I../../../include_windows ../../Archive/XzHandler.cpp
g++ -O -pipe -s -D_FILE_OFFSET_BITS=64 -D_LARGEFILE_SOURCE -DNDEBUG -D_REENTRANT -DENV_UNIX -D_7ZIP_LARGE_PAGES -DBREAK_HANDLER -DUNICODE -D_UNICODE -c -I. -I../../../myWindows -I../../../ -I../../../include_windows ../../Archive/ZHandler.cpp
g++ -O -pipe -s -D_FILE_OFFSET_BITS=64 -D_LARGEFILE_SOURCE -DNDEBUG -D_REENTRANT -DENV_UNIX -D_7ZIP_LARGE_PAGES -DBREAK_HANDLER -DUNICODE -D_UNICODE -c -I. -I../../../myWindows -I../../../ -I../../../include_windows ../../Archive/Common/CoderMixer2.cpp
g++ -O -pipe -s -D_FILE_OFFSET_BITS=64 -D_LARGEFILE_SOURCE -DNDEBUG -D_REENTRANT -DENV_UNIX -D_7ZIP_LARGE_PAGES -DBREAK_HANDLER -DUNICODE -D_UNICODE -c -I. -I../../../myWindows -I../../../ -I../../../include_windows ../../Archive/Common/CoderMixer2MT.cpp
g++ -O -pipe -s -D_FILE_OFFSET_BITS=64 -D_LARGEFILE_SOURCE -DNDEBUG -D_REENTRANT -DENV_UNIX -D_7ZIP_LARGE_PAGES -DBREAK_HANDLER -DUNICODE -D_UNICODE -c -I. -I../../../myWindows -I../../../ -I../../../include_windows ../../Archive/Common/CrossThreadProgress.cpp
g++ -O -pipe -s -D_FILE_OFFSET_BITS=64 -D_LARGEFILE_SOURCE -DNDEBUG -D_REENTRANT -DENV_UNIX -D_7ZIP_LARGE_PAGES -DBREAK_HANDLER -DUNICODE -D_UNICODE -c -I. -I../../../myWindows -I../../../ -I../../../include_windows ../../Archive/Common/DummyOutStream.cpp
g++ -O -pipe -s -D_FILE_OFFSET_BITS=64 -D_LARGEFILE_SOURCE -DNDEBUG -D_REENTRANT -DENV_UNIX -D_7ZIP_LARGE_PAGES -DBREAK_HANDLER -DUNICODE -D_UNICODE -c -I. -I../../../myWindows -I../../../ -I../../../include_windows ../../Archive/Common/FindSignature.cpp
g++ -O -pipe -s -D_FILE_OFFSET_BITS=64 -D_LARGEFILE_SOURCE -DNDEBUG -D_REENTRANT -DENV_UNIX -D_7ZIP_LARGE_PAGES -DBREAK_HANDLER -DUNICODE -D_UNICODE -c -I. -I../../../myWindows -I../../../ -I../../../include_windows ../../Archive/Common/HandlerOut.cpp
g++ -O -pipe -s -D_FILE_OFFSET_BITS=64 -D_LARGEFILE_SOURCE -DNDEBUG -D_REENTRANT -DENV_UNIX -D_7ZIP_LARGE_PAGES -DBREAK_HANDLER -DUNICODE -D_UNICODE -c -I. -I../../../myWindows -I../../../ -I../../../include_windows ../../Archive/Common/InStreamWithCRC.cpp
g++ -O -pipe -s -D_FILE_OFFSET_BITS=64 -D_LARGEFILE_SOURCE -DNDEBUG -D_REENTRANT -DENV_UNIX -D_7ZIP_LARGE_PAGES -DBREAK_HANDLER -DUNICODE -D_UNICODE -c -I. -I../../../myWindows -I../../../ -I../../../include_windows ../../Archive/Common/ItemNameUtils.cpp
g++ -O -pipe -s -D_FILE_OFFSET_BITS=64 -D_LARGEFILE_SOURCE -DNDEBUG -D_REENTRANT -DENV_UNIX -D_7ZIP_LARGE_PAGES -DBREAK_HANDLER -DUNICODE -D_UNICODE -c -I. -I../../../myWindows -I../../../ -I../../../include_windows ../../Archive/Common/MultiStream.cpp
g++ -O -pipe -s -D_FILE_OFFSET_BITS=64 -D_LARGEFILE_SOURCE -DNDEBUG -D_REENTRANT -DENV_UNIX -D_7ZIP_LARGE_PAGES -DBREAK_HANDLER -DUNICODE -D_UNICODE -c -I. -I../../../myWindows -I../../../ -I../../../include_windows ../../Archive/Common/OutStreamWithCRC.cpp
g++ -O -pipe -s -D_FILE_OFFSET_BITS=64 -D_LARGEFILE_SOURCE -DNDEBUG -D_REENTRANT -DENV_UNIX -D_7ZIP_LARGE_PAGES -DBREAK_HANDLER -DUNICODE -D_UNICODE -c -I. -I../../../myWindows -I../../../ -I../../../include_windows ../../Archive/Common/ParseProperties.cpp
g++ -O -pipe -s -D_FILE_OFFSET_BITS=64 -D_LARGEFILE_SOURCE -DNDEBUG -D_REENTRANT -DENV_UNIX -D_7ZIP_LARGE_PAGES -DBREAK_HANDLER -DUNICODE -D_UNICODE -c -I. -I../../../myWindows -I../../../ -I../../../include_windows ../../Archive/7z/7zCompressionMode.cpp
g++ -O -pipe -s -D_FILE_OFFSET_BITS=64 -D_LARGEFILE_SOURCE -DNDEBUG -D_REENTRANT -DENV_UNIX -D_7ZIP_LARGE_PAGES -DBREAK_HANDLER -DUNICODE -D_UNICODE -c -I. -I../../../myWindows -I../../../ -I../../../include_windows ../../Archive/7z/7zDecode.cpp
g++ -O -pipe -s -D_FILE_OFFSET_BITS=64 -D_LARGEFILE_SOURCE -DNDEBUG -D_REENTRANT -DENV_UNIX -D_7ZIP_LARGE_PAGES -DBREAK_HANDLER -DUNICODE -D_UNICODE -c -I. -I../../../myWindows -I../../../ -I../../../include_windows ../../Archive/7z/7zEncode.cpp
g++ -O -pipe -s -D_FILE_OFFSET_BITS=64 -D_LARGEFILE_SOURCE -DNDEBUG -D_REENTRANT -DENV_UNIX -D_7ZIP_LARGE_PAGES -DBREAK_HANDLER -DUNICODE -D_UNICODE -c -I. -I../../../myWindows -I../../../ -I../../../include_windows ../../Archive/7z/7zExtract.cpp
g++ -O -pipe -s -D_FILE_OFFSET_BITS=64 -D_LARGEFILE_SOURCE -DNDEBUG -D_REENTRANT -DENV_UNIX -D_7ZIP_LARGE_PAGES -DBREAK_HANDLER -DUNICODE -D_UNICODE -c -I. -I../../../myWindows -I../../../ -I../../../include_windows ../../Archive/7z/7zFolderInStream.cpp
g++ -O -pipe -s -D_FILE_OFFSET_BITS=64 -D_LARGEFILE_SOURCE -DNDEBUG -D_REENTRANT -DENV_UNIX -D_7ZIP_LARGE_PAGES -DBREAK_HANDLER -DUNICODE -D_UNICODE -c -I. -I../../../myWindows -I../../../ -I../../../include_windows ../../Archive/7z/7zFolderOutStream.cpp
g++ -O -pipe -s -D_FILE_OFFSET_BITS=64 -D_LARGEFILE_SOURCE -DNDEBUG -D_REENTRANT -DENV_UNIX -D_7ZIP_LARGE_PAGES -DBREAK_HANDLER -DUNICODE -D_UNICODE -c -I. -I../../../myWindows -I../../../ -I../../../include_windows ../../Archive/7z/7zHandler.cpp
g++ -O -pipe -s -D_FILE_OFFSET_BITS=64 -D_LARGEFILE_SOURCE -DNDEBUG -D_REENTRANT -DENV_UNIX -D_7ZIP_LARGE_PAGES -DBREAK_HANDLER -DUNICODE -D_UNICODE -c -I. -I../../../myWindows -I../../../ -I../../../include_windows ../../Archive/7z/7zHandlerOut.cpp
g++ -O -pipe -s -D_FILE_OFFSET_BITS=64 -D_LARGEFILE_SOURCE -DNDEBUG -D_REENTRANT -DENV_UNIX -D_7ZIP_LARGE_PAGES -DBREAK_HANDLER -DUNICODE -D_UNICODE -c -I. -I../../../myWindows -I../../../ -I../../../include_windows ../../Archive/7z/7zHeader.cpp
g++ -O -pipe -s -D_FILE_OFFSET_BITS=64 -D_LARGEFILE_SOURCE -DNDEBUG -D_REENTRANT -DENV_UNIX -D_7ZIP_LARGE_PAGES -DBREAK_HANDLER -DUNICODE -D_UNICODE -c -I. -I../../../myWindows -I../../../ -I../../../include_windows ../../Archive/7z/7zIn.cpp
g++ -O -pipe -s -D_FILE_OFFSET_BITS=64 -D_LARGEFILE_SOURCE -DNDEBUG -D_REENTRANT -DENV_UNIX -D_7ZIP_LARGE_PAGES -DBREAK_HANDLER -DUNICODE -D_UNICODE -c -I. -I../../../myWindows -I../../../ -I../../../include_windows ../../Archive/7z/7zOut.cpp
g++ -O -pipe -s -D_FILE_OFFSET_BITS=64 -D_LARGEFILE_SOURCE -DNDEBUG -D_REENTRANT -DENV_UNIX -D_7ZIP_LARGE_PAGES -DBREAK_HANDLER -DUNICODE -D_UNICODE -c -I. -I../../../myWindows -I../../../ -I../../../include_windows ../../Archive/7z/7zProperties.cpp
g++ -O -pipe -s -D_FILE_OFFSET_BITS=64 -D_LARGEFILE_SOURCE -DNDEBUG -D_REENTRANT -DENV_UNIX -D_7ZIP_LARGE_PAGES -DBREAK_HANDLER -DUNICODE -D_UNICODE -c -I. -I../../../myWindows -I../../../ -I../../../include_windows ../../Archive/7z/7zSpecStream.cpp
g++ -O -pipe -s -D_FILE_OFFSET_BITS=64 -D_LARGEFILE_SOURCE -DNDEBUG -D_REENTRANT -DENV_UNIX -D_7ZIP_LARGE_PAGES -DBREAK_HANDLER -DUNICODE -D_UNICODE -c -I. -I../../../myWindows -I../../../ -I../../../include_windows ../../Archive/7z/7zUpdate.cpp
g++ -O -pipe -s -D_FILE_OFFSET_BITS=64 -D_LARGEFILE_SOURCE -DNDEBUG -D_REENTRANT -DENV_UNIX -D_7ZIP_LARGE_PAGES -DBREAK_HANDLER -DUNICODE -D_UNICODE -c -I. -I../../../myWindows -I../../../ -I../../../include_windows ../../Archive/7z/7zRegister.cpp
g++ -O -pipe -s -D_FILE_OFFSET_BITS=64 -D_LARGEFILE_SOURCE -DNDEBUG -D_REENTRANT -DENV_UNIX -D_7ZIP_LARGE_PAGES -DBREAK_HANDLER -DUNICODE -D_UNICODE -c -I. -I../../../myWindows -I../../../ -I../../../include_windows ../../Archive/Cab/CabBlockInStream.cpp
g++ -O -pipe -s -D_FILE_OFFSET_BITS=64 -D_LARGEFILE_SOURCE -DNDEBUG -D_REENTRANT -DENV_UNIX -D_7ZIP_LARGE_PAGES -DBREAK_HANDLER -DUNICODE -D_UNICODE -c -I. -I../../../myWindows -I../../../ -I../../../include_windows ../../Archive/Cab/CabHandler.cpp
g++ -O -pipe -s -D_FILE_OFFSET_BITS=64 -D_LARGEFILE_SOURCE -DNDEBUG -D_REENTRANT -DENV_UNIX -D_7ZIP_LARGE_PAGES -DBREAK_HANDLER -DUNICODE -D_UNICODE -c -I. -I../../../myWindows -I../../../ -I../../../include_windows ../../Archive/Cab/CabHeader.cpp
g++ -O -pipe -s -D_FILE_OFFSET_BITS=64 -D_LARGEFILE_SOURCE -DNDEBUG -D_REENTRANT -DENV_UNIX -D_7ZIP_LARGE_PAGES -DBREAK_HANDLER -DUNICODE -D_UNICODE -c -I. -I../../../myWindows -I../../../ -I../../../include_windows ../../Archive/Cab/CabIn.cpp
g++ -O -pipe -s -D_FILE_OFFSET_BITS=64 -D_LARGEFILE_SOURCE -DNDEBUG -D_REENTRANT -DENV_UNIX -D_7ZIP_LARGE_PAGES -DBREAK_HANDLER -DUNICODE -D_UNICODE -c -I. -I../../../myWindows -I../../../ -I../../../include_windows ../../Archive/Cab/CabRegister.cpp
g++ -O -pipe -s -D_FILE_OFFSET_BITS=64 -D_LARGEFILE_SOURCE -DNDEBUG -D_REENTRANT -DENV_UNIX -D_7ZIP_LARGE_PAGES -DBREAK_HANDLER -DUNICODE -D_UNICODE -c -I. -I../../../myWindows -I../../../ -I../../../include_windows ../../Archive/Tar/TarHandler.cpp
g++ -O -pipe -s -D_FILE_OFFSET_BITS=64 -D_LARGEFILE_SOURCE -DNDEBUG -D_REENTRANT -DENV_UNIX -D_7ZIP_LARGE_PAGES -DBREAK_HANDLER -DUNICODE -D_UNICODE -c -I. -I../../../myWindows -I../../../ -I../../../include_windows ../../Archive/Tar/TarHandlerOut.cpp
g++ -O -pipe -s -D_FILE_OFFSET_BITS=64 -D_LARGEFILE_SOURCE -DNDEBUG -D_REENTRANT -DENV_UNIX -D_7ZIP_LARGE_PAGES -DBREAK_HANDLER -DUNICODE -D_UNICODE -c -I. -I../../../myWindows -I../../../ -I../../../include_windows ../../Archive/Tar/TarHeader.cpp
g++ -O -pipe -s -D_FILE_OFFSET_BITS=64 -D_LARGEFILE_SOURCE -DNDEBUG -D_REENTRANT -DENV_UNIX -D_7ZIP_LARGE_PAGES -DBREAK_HANDLER -DUNICODE -D_UNICODE -c -I. -I../../../myWindows -I../../../ -I../../../include_windows ../../Archive/Tar/TarIn.cpp
g++ -O -pipe -s -D_FILE_OFFSET_BITS=64 -D_LARGEFILE_SOURCE -DNDEBUG -D_REENTRANT -DENV_UNIX -D_7ZIP_LARGE_PAGES -DBREAK_HANDLER -DUNICODE -D_UNICODE -c -I. -I../../../myWindows -I../../../ -I../../../include_windows ../../Archive/Tar/TarOut.cpp
g++ -O -pipe -s -D_FILE_OFFSET_BITS=64 -D_LARGEFILE_SOURCE -DNDEBUG -D_REENTRANT -DENV_UNIX -D_7ZIP_LARGE_PAGES -DBREAK_HANDLER -DUNICODE -D_UNICODE -c -I. -I../../../myWindows -I../../../ -I../../../include_windows ../../Archive/Tar/TarUpdate.cpp
g++ -O -pipe -s -D_FILE_OFFSET_BITS=64 -D_LARGEFILE_SOURCE -DNDEBUG -D_REENTRANT -DENV_UNIX -D_7ZIP_LARGE_PAGES -DBREAK_HANDLER -DUNICODE -D_UNICODE -c -I. -I../../../myWindows -I../../../ -I../../../include_windows ../../Archive/Tar/TarRegister.cpp
g++ -O -pipe -s -D_FILE_OFFSET_BITS=64 -D_LARGEFILE_SOURCE -DNDEBUG -D_REENTRANT -DENV_UNIX -D_7ZIP_LARGE_PAGES -DBREAK_HANDLER -DUNICODE -D_UNICODE -c -I. -I../../../myWindows -I../../../ -I../../../include_windows ../../Archive/Zip/ZipAddCommon.cpp
g++ -O -pipe -s -D_FILE_OFFSET_BITS=64 -D_LARGEFILE_SOURCE -DNDEBUG -D_REENTRANT -DENV_UNIX -D_7ZIP_LARGE_PAGES -DBREAK_HANDLER -DUNICODE -D_UNICODE -c -I. -I../../../myWindows -I../../../ -I../../../include_windows ../../Archive/Zip/ZipHandler.cpp
g++ -O -pipe -s -D_FILE_OFFSET_BITS=64 -D_LARGEFILE_SOURCE -DNDEBUG -D_REENTRANT -DENV_UNIX -D_7ZIP_LARGE_PAGES -DBREAK_HANDLER -DUNICODE -D_UNICODE -c -I. -I../../../myWindows -I../../../ -I../../../include_windows ../../Archive/Zip/ZipHandlerOut.cpp
g++ -O -pipe -s -D_FILE_OFFSET_BITS=64 -D_LARGEFILE_SOURCE -DNDEBUG -D_REENTRANT -DENV_UNIX -D_7ZIP_LARGE_PAGES -DBREAK_HANDLER -DUNICODE -D_UNICODE -c -I. -I../../../myWindows -I../../../ -I../../../include_windows ../../Archive/Zip/ZipHeader.cpp
g++ -O -pipe -s -D_FILE_OFFSET_BITS=64 -D_LARGEFILE_SOURCE -DNDEBUG -D_REENTRANT -DENV_UNIX -D_7ZIP_LARGE_PAGES -DBREAK_HANDLER -DUNICODE -D_UNICODE -c -I. -I../../../myWindows -I../../../ -I../../../include_windows ../../Archive/Zip/ZipIn.cpp
g++ -O -pipe -s -D_FILE_OFFSET_BITS=64 -D_LARGEFILE_SOURCE -DNDEBUG -D_REENTRANT -DENV_UNIX -D_7ZIP_LARGE_PAGES -DBREAK_HANDLER -DUNICODE -D_UNICODE -c -I. -I../../../myWindows -I../../../ -I../../../include_windows ../../Archive/Zip/ZipItem.cpp
g++ -O -pipe -s -D_FILE_OFFSET_BITS=64 -D_LARGEFILE_SOURCE -DNDEBUG -D_REENTRANT -DENV_UNIX -D_7ZIP_LARGE_PAGES -DBREAK_HANDLER -DUNICODE -D_UNICODE -c -I. -I../../../myWindows -I../../../ -I../../../include_windows ../../Archive/Zip/ZipOut.cpp
g++ -O -pipe -s -D_FILE_OFFSET_BITS=64 -D_LARGEFILE_SOURCE -DNDEBUG -D_REENTRANT -DENV_UNIX -D_7ZIP_LARGE_PAGES -DBREAK_HANDLER -DUNICODE -D_UNICODE -c -I. -I../../../myWindows -I../../../ -I../../../include_windows ../../Archive/Zip/ZipUpdate.cpp
g++ -O -pipe -s -D_FILE_OFFSET_BITS=64 -D_LARGEFILE_SOURCE -DNDEBUG -D_REENTRANT -DENV_UNIX -D_7ZIP_LARGE_PAGES -DBREAK_HANDLER -DUNICODE -D_UNICODE -c -I. -I../../../myWindows -I../../../ -I../../../include_windows ../../Archive/Zip/ZipRegister.cpp
g++ -O -pipe -s -D_FILE_OFFSET_BITS=64 -D_LARGEFILE_SOURCE -DNDEBUG -D_REENTRANT -DENV_UNIX -D_7ZIP_LARGE_PAGES -DBREAK_HANDLER -DUNICODE -D_UNICODE -c -I. -I../../../myWindows -I../../../ -I../../../include_windows ../../Compress/Bcj2Coder.cpp
g++ -O -pipe -s -D_FILE_OFFSET_BITS=64 -D_LARGEFILE_SOURCE -DNDEBUG -D_REENTRANT -DENV_UNIX -D_7ZIP_LARGE_PAGES -DBREAK_HANDLER -DUNICODE -D_UNICODE -c -I. -I../../../myWindows -I../../../ -I../../../include_windows ../../Compress/Bcj2Register.cpp
g++ -O -pipe -s -D_FILE_OFFSET_BITS=64 -D_LARGEFILE_SOURCE -DNDEBUG -D_REENTRANT -DENV_UNIX -D_7ZIP_LARGE_PAGES -DBREAK_HANDLER -DUNICODE -D_UNICODE -c -I. -I../../../myWindows -I../../../ -I../../../include_windows ../../Compress/BcjCoder.cpp
g++ -O -pipe -s -D_FILE_OFFSET_BITS=64 -D_LARGEFILE_SOURCE -DNDEBUG -D_REENTRANT -DENV_UNIX -D_7ZIP_LARGE_PAGES -DBREAK_HANDLER -DUNICODE -D_UNICODE -c -I. -I../../../myWindows -I../../../ -I../../../include_windows ../../Compress/BcjRegister.cpp
g++ -O -pipe -s -D_FILE_OFFSET_BITS=64 -D_LARGEFILE_SOURCE -DNDEBUG -D_REENTRANT -DENV_UNIX -D_7ZIP_LARGE_PAGES -DBREAK_HANDLER -DUNICODE -D_UNICODE -c -I. -I../../../myWindows -I../../../ -I../../../include_windows ../../Compress/BitlDecoder.cpp
g++ -O -pipe -s -D_FILE_OFFSET_BITS=64 -D_LARGEFILE_SOURCE -DNDEBUG -D_REENTRANT -DENV_UNIX -D_7ZIP_LARGE_PAGES -DBREAK_HANDLER -DUNICODE -D_UNICODE -c -I. -I../../../myWindows -I../../../ -I../../../include_windows ../../Compress/BranchCoder.cpp
g++ -O -pipe -s -D_FILE_OFFSET_BITS=64 -D_LARGEFILE_SOURCE -DNDEBUG -D_REENTRANT -DENV_UNIX -D_7ZIP_LARGE_PAGES -DBREAK_HANDLER -DUNICODE -D_UNICODE -c -I. -I../../../myWindows -I../../../ -I../../../include_windows ../../Compress/BranchMisc.cpp
g++ -O -pipe -s -D_FILE_OFFSET_BITS=64 -D_LARGEFILE_SOURCE -DNDEBUG -D_REENTRANT -DENV_UNIX -D_7ZIP_LARGE_PAGES -DBREAK_HANDLER -DUNICODE -D_UNICODE -c -I. -I../../../myWindows -I../../../ -I../../../include_windows ../../Compress/BranchRegister.cpp
g++ -O -pipe -s -D_FILE_OFFSET_BITS=64 -D_LARGEFILE_SOURCE -DNDEBUG -D_REENTRANT -DENV_UNIX -D_7ZIP_LARGE_PAGES -DBREAK_HANDLER -DUNICODE -D_UNICODE -c -I. -I../../../myWindows -I../../../ -I../../../include_windows ../../Compress/ByteSwap.cpp
g++ -O -pipe -s -D_FILE_OFFSET_BITS=64 -D_LARGEFILE_SOURCE -DNDEBUG -D_REENTRANT -DENV_UNIX -D_7ZIP_LARGE_PAGES -DBREAK_HANDLER -DUNICODE -D_UNICODE -c -I. -I../../../myWindows -I../../../ -I../../../include_windows ../../Compress/BZip2Crc.cpp
g++ -O -pipe -s -D_FILE_OFFSET_BITS=64 -D_LARGEFILE_SOURCE -DNDEBUG -D_REENTRANT -DENV_UNIX -D_7ZIP_LARGE_PAGES -DBREAK_HANDLER -DUNICODE -D_UNICODE -c -I. -I../../../myWindows -I../../../ -I../../../include_windows ../../Compress/BZip2Decoder.cpp
g++ -O -pipe -s -D_FILE_OFFSET_BITS=64 -D_LARGEFILE_SOURCE -DNDEBUG -D_REENTRANT -DENV_UNIX -D_7ZIP_LARGE_PAGES -DBREAK_HANDLER -DUNICODE -D_UNICODE -c -I. -I../../../myWindows -I../../../ -I../../../include_windows ../../Compress/BZip2Encoder.cpp
g++ -O -pipe -s -D_FILE_OFFSET_BITS=64 -D_LARGEFILE_SOURCE -DNDEBUG -D_REENTRANT -DENV_UNIX -D_7ZIP_LARGE_PAGES -DBREAK_HANDLER -DUNICODE -D_UNICODE -c -I. -I../../../myWindows -I../../../ -I../../../include_windows ../../Compress/BZip2Register.cpp
g++ -O -pipe -s -D_FILE_OFFSET_BITS=64 -D_LARGEFILE_SOURCE -DNDEBUG -D_REENTRANT -DENV_UNIX -D_7ZIP_LARGE_PAGES -DBREAK_HANDLER -DUNICODE -D_UNICODE -c -I. -I../../../myWindows -I../../../ -I../../../include_windows ../../Compress/CopyCoder.cpp
g++ -O -pipe -s -D_FILE_OFFSET_BITS=64 -D_LARGEFILE_SOURCE -DNDEBUG -D_REENTRANT -DENV_UNIX -D_7ZIP_LARGE_PAGES -DBREAK_HANDLER -DUNICODE -D_UNICODE -c -I. -I../../../myWindows -I../../../ -I../../../include_windows ../../Compress/CopyRegister.cpp
g++ -O -pipe -s -D_FILE_OFFSET_BITS=64 -D_LARGEFILE_SOURCE -DNDEBUG -D_REENTRANT -DENV_UNIX -D_7ZIP_LARGE_PAGES -DBREAK_HANDLER -DUNICODE -D_UNICODE -c -I. -I../../../myWindows -I../../../ -I../../../include_windows ../../Compress/Deflate64Register.cpp
g++ -O -pipe -s -D_FILE_OFFSET_BITS=64 -D_LARGEFILE_SOURCE -DNDEBUG -D_REENTRANT -DENV_UNIX -D_7ZIP_LARGE_PAGES -DBREAK_HANDLER -DUNICODE -D_UNICODE -c -I. -I../../../myWindows -I../../../ -I../../../include_windows ../../Compress/DeflateDecoder.cpp
g++ -O -pipe -s -D_FILE_OFFSET_BITS=64 -D_LARGEFILE_SOURCE -DNDEBUG -D_REENTRANT -DENV_UNIX -D_7ZIP_LARGE_PAGES -DBREAK_HANDLER -DUNICODE -D_UNICODE -c -I. -I../../../myWindows -I../../../ -I../../../include_windows ../../Compress/DeflateEncoder.cpp
g++ -O -pipe -s -D_FILE_OFFSET_BITS=64 -D_LARGEFILE_SOURCE -DNDEBUG -D_REENTRANT -DENV_UNIX -D_7ZIP_LARGE_PAGES -DBREAK_HANDLER -DUNICODE -D_UNICODE -c -I. -I../../../myWindows -I../../../ -I../../../include_windows ../../Compress/DeflateRegister.cpp
g++ -O -pipe -s -D_FILE_OFFSET_BITS=64 -D_LARGEFILE_SOURCE -DNDEBUG -D_REENTRANT -DENV_UNIX -D_7ZIP_LARGE_PAGES -DBREAK_HANDLER -DUNICODE -D_UNICODE -c -I. -I../../../myWindows -I../../../ -I../../../include_windows ../../Compress/DeltaFilter.cpp
g++ -O -pipe -s -D_FILE_OFFSET_BITS=64 -D_LARGEFILE_SOURCE -DNDEBUG -D_REENTRANT -DENV_UNIX -D_7ZIP_LARGE_PAGES -DBREAK_HANDLER -DUNICODE -D_UNICODE -c -I. -I../../../myWindows -I../../../ -I../../../include_windows ../../Compress/ImplodeDecoder.cpp
g++ -O -pipe -s -D_FILE_OFFSET_BITS=64 -D_LARGEFILE_SOURCE -DNDEBUG -D_REENTRANT -DENV_UNIX -D_7ZIP_LARGE_PAGES -DBREAK_HANDLER -DUNICODE -D_UNICODE -c -I. -I../../../myWindows -I../../../ -I../../../include_windows ../../Compress/ImplodeHuffmanDecoder.cpp
g++ -O -pipe -s -D_FILE_OFFSET_BITS=64 -D_LARGEFILE_SOURCE -DNDEBUG -D_REENTRANT -DENV_UNIX -D_7ZIP_LARGE_PAGES -DBREAK_HANDLER -DUNICODE -D_UNICODE -c -I. -I../../../myWindows -I../../../ -I../../../include_windows ../../Compress/Lzma2Decoder.cpp
g++ -O -pipe -s -D_FILE_OFFSET_BITS=64 -D_LARGEFILE_SOURCE -DNDEBUG -D_REENTRANT -DENV_UNIX -D_7ZIP_LARGE_PAGES -DBREAK_HANDLER -DUNICODE -D_UNICODE -c -I. -I../../../myWindows -I../../../ -I../../../include_windows ../../Compress/Lzma2Encoder.cpp
g++ -O -pipe -s -D_FILE_OFFSET_BITS=64 -D_LARGEFILE_SOURCE -DNDEBUG -D_REENTRANT -DENV_UNIX -D_7ZIP_LARGE_PAGES -DBREAK_HANDLER -DUNICODE -D_UNICODE -c -I. -I../../../myWindows -I../../../ -I../../../include_windows ../../Compress/Lzma2Register.cpp
g++ -O -pipe -s -D_FILE_OFFSET_BITS=64 -D_LARGEFILE_SOURCE -DNDEBUG -D_REENTRANT -DENV_UNIX -D_7ZIP_LARGE_PAGES -DBREAK_HANDLER -DUNICODE -D_UNICODE -c -I. -I../../../myWindows -I../../../ -I../../../include_windows ../../Compress/LzmaDecoder.cpp
g++ -O -pipe -s -D_FILE_OFFSET_BITS=64 -D_LARGEFILE_SOURCE -DNDEBUG -D_REENTRANT -DENV_UNIX -D_7ZIP_LARGE_PAGES -DBREAK_HANDLER -DUNICODE -D_UNICODE -c -I. -I../../../myWindows -I../../../ -I../../../include_windows ../../Compress/LzmaEncoder.cpp
g++ -O -pipe -s -D_FILE_OFFSET_BITS=64 -D_LARGEFILE_SOURCE -DNDEBUG -D_REENTRANT -DENV_UNIX -D_7ZIP_LARGE_PAGES -DBREAK_HANDLER -DUNICODE -D_UNICODE -c -I. -I../../../myWindows -I../../../ -I../../../include_windows ../../Compress/LzmaRegister.cpp
g++ -O -pipe -s -D_FILE_OFFSET_BITS=64 -D_LARGEFILE_SOURCE -DNDEBUG -D_REENTRANT -DENV_UNIX -D_7ZIP_LARGE_PAGES -DBREAK_HANDLER -DUNICODE -D_UNICODE -c -I. -I../../../myWindows -I../../../ -I../../../include_windows ../../Compress/LzOutWindow.cpp
g++ -O -pipe -s -D_FILE_OFFSET_BITS=64 -D_LARGEFILE_SOURCE -DNDEBUG -D_REENTRANT -DENV_UNIX -D_7ZIP_LARGE_PAGES -DBREAK_HANDLER -DUNICODE -D_UNICODE -c -I. -I../../../myWindows -I../../../ -I../../../include_windows ../../Compress/Lzx86Converter.cpp
g++ -O -pipe -s -D_FILE_OFFSET_BITS=64 -D_LARGEFILE_SOURCE -DNDEBUG -D_REENTRANT -DENV_UNIX -D_7ZIP_LARGE_PAGES -DBREAK_HANDLER -DUNICODE -D_UNICODE -c -I. -I../../../myWindows -I../../../ -I../../../include_windows ../../Compress/LzxDecoder.cpp
g++ -O -pipe -s -D_FILE_OFFSET_BITS=64 -D_LARGEFILE_SOURCE -DNDEBUG -D_REENTRANT -DENV_UNIX -D_7ZIP_LARGE_PAGES -DBREAK_HANDLER -DUNICODE -D_UNICODE -c -I. -I../../../myWindows -I../../../ -I../../../include_windows ../../Compress/PpmdDecoder.cpp
g++ -O -pipe -s -D_FILE_OFFSET_BITS=64 -D_LARGEFILE_SOURCE -DNDEBUG -D_REENTRANT -DENV_UNIX -D_7ZIP_LARGE_PAGES -DBREAK_HANDLER -DUNICODE -D_UNICODE -c -I. -I../../../myWindows -I../../../ -I../../../include_windows ../../Compress/PpmdEncoder.cpp
g++ -O -pipe -s -D_FILE_OFFSET_BITS=64 -D_LARGEFILE_SOURCE -DNDEBUG -D_REENTRANT -DENV_UNIX -D_7ZIP_LARGE_PAGES -DBREAK_HANDLER -DUNICODE -D_UNICODE -c -I. -I../../../myWindows -I../../../ -I../../../include_windows ../../Compress/PpmdRegister.cpp
g++ -O -pipe -s -D_FILE_OFFSET_BITS=64 -D_LARGEFILE_SOURCE -DNDEBUG -D_REENTRANT -DENV_UNIX -D_7ZIP_LARGE_PAGES -DBREAK_HANDLER -DUNICODE -D_UNICODE -c -I. -I../../../myWindows -I../../../ -I../../../include_windows ../../Compress/PpmdZip.cpp
g++ -O -pipe -s -D_FILE_OFFSET_BITS=64 -D_LARGEFILE_SOURCE -DNDEBUG -D_REENTRANT -DENV_UNIX -D_7ZIP_LARGE_PAGES -DBREAK_HANDLER -DUNICODE -D_UNICODE -c -I. -I../../../myWindows -I../../../ -I../../../include_windows ../../Compress/QuantumDecoder.cpp
g++ -O -pipe -s -D_FILE_OFFSET_BITS=64 -D_LARGEFILE_SOURCE -DNDEBUG -D_REENTRANT -DENV_UNIX -D_7ZIP_LARGE_PAGES -DBREAK_HANDLER -DUNICODE -D_UNICODE -c -I. -I../../../myWindows -I../../../ -I../../../include_windows ../../Compress/ShrinkDecoder.cpp
g++ -O -pipe -s -D_FILE_OFFSET_BITS=64 -D_LARGEFILE_SOURCE -DNDEBUG -D_REENTRANT -DENV_UNIX -D_7ZIP_LARGE_PAGES -DBREAK_HANDLER -DUNICODE -D_UNICODE -c -I. -I../../../myWindows -I../../../ -I../../../include_windows ../../Compress/ZDecoder.cpp
g++ -O -pipe -s -D_FILE_OFFSET_BITS=64 -D_LARGEFILE_SOURCE -DNDEBUG -D_REENTRANT -DENV_UNIX -D_7ZIP_LARGE_PAGES -DBREAK_HANDLER -DUNICODE -D_UNICODE -c -I. -I../../../myWindows -I../../../ -I../../../include_windows ../../Crypto/7zAes.cpp
g++ -O -pipe -s -D_FILE_OFFSET_BITS=64 -D_LARGEFILE_SOURCE -DNDEBUG -D_REENTRANT -DENV_UNIX -D_7ZIP_LARGE_PAGES -DBREAK_HANDLER -DUNICODE -D_UNICODE -c -I. -I../../../myWindows -I../../../ -I../../../include_windows ../../Crypto/7zAesRegister.cpp
g++ -O -pipe -s -D_FILE_OFFSET_BITS=64 -D_LARGEFILE_SOURCE -DNDEBUG -D_REENTRANT -DENV_UNIX -D_7ZIP_LARGE_PAGES -DBREAK_HANDLER -DUNICODE -D_UNICODE -c -I. -I../../../myWindows -I../../../ -I../../../include_windows ../../Crypto/HmacSha1.cpp
g++ -O -pipe -s -D_FILE_OFFSET_BITS=64 -D_LARGEFILE_SOURCE -DNDEBUG -D_REENTRANT -DENV_UNIX -D_7ZIP_LARGE_PAGES -DBREAK_HANDLER -DUNICODE -D_UNICODE -c -I. -I../../../myWindows -I../../../ -I../../../include_windows ../../Crypto/MyAes.cpp
g++ -O -pipe -s -D_FILE_OFFSET_BITS=64 -D_LARGEFILE_SOURCE -DNDEBUG -D_REENTRANT -DENV_UNIX -D_7ZIP_LARGE_PAGES -DBREAK_HANDLER -DUNICODE -D_UNICODE -c -I. -I../../../myWindows -I../../../ -I../../../include_windows ../../Crypto/Pbkdf2HmacSha1.cpp
g++ -O -pipe -s -D_FILE_OFFSET_BITS=64 -D_LARGEFILE_SOURCE -DNDEBUG -D_REENTRANT -DENV_UNIX -D_7ZIP_LARGE_PAGES -DBREAK_HANDLER -DUNICODE -D_UNICODE -c -I. -I../../../myWindows -I../../../ -I../../../include_windows ../../Crypto/RandGen.cpp
g++ -O -pipe -s -D_FILE_OFFSET_BITS=64 -D_LARGEFILE_SOURCE -DNDEBUG -D_REENTRANT -DENV_UNIX -D_7ZIP_LARGE_PAGES -DBREAK_HANDLER -DUNICODE -D_UNICODE -c -I. -I../../../myWindows -I../../../ -I../../../include_windows ../../Crypto/Sha1.cpp
g++ -O -pipe -s -D_FILE_OFFSET_BITS=64 -D_LARGEFILE_SOURCE -DNDEBUG -D_REENTRANT -DENV_UNIX -D_7ZIP_LARGE_PAGES -DBREAK_HANDLER -DUNICODE -D_UNICODE -c -I. -I../../../myWindows -I../../../ -I../../../include_windows ../../Crypto/WzAes.cpp
g++ -O -pipe -s -D_FILE_OFFSET_BITS=64 -D_LARGEFILE_SOURCE -DNDEBUG -D_REENTRANT -DENV_UNIX -D_7ZIP_LARGE_PAGES -DBREAK_HANDLER -DUNICODE -D_UNICODE -c -I. -I../../../myWindows -I../../../ -I../../../include_windows ../../Crypto/ZipCrypto.cpp
g++ -O -pipe -s -D_FILE_OFFSET_BITS=64 -D_LARGEFILE_SOURCE -DNDEBUG -D_REENTRANT -DENV_UNIX -D_7ZIP_LARGE_PAGES -DBREAK_HANDLER -DUNICODE -D_UNICODE -c -I. -I../../../myWindows -I../../../ -I../../../include_windows ../../Crypto/ZipStrong.cpp
gcc -O -pipe -s -D_FILE_OFFSET_BITS=64 -D_LARGEFILE_SOURCE -DNDEBUG -D_REENTRANT -DENV_UNIX -D_7ZIP_LARGE_PAGES -DBREAK_HANDLER -DUNICODE -D_UNICODE -c -I. -I../../../../C -I../../../myWindows -I../../../include_windows -I../../.. ../../../../C/7zStream.c
gcc -O -pipe -s -D_FILE_OFFSET_BITS=64 -D_LARGEFILE_SOURCE -DNDEBUG -D_REENTRANT -DENV_UNIX -D_7ZIP_LARGE_PAGES -DBREAK_HANDLER -DUNICODE -D_UNICODE -c -I. -I../../../../C -I../../../myWindows -I../../../include_windows -I../../.. ../../../../C/Aes.c
gcc -O -pipe -s -D_FILE_OFFSET_BITS=64 -D_LARGEFILE_SOURCE -DNDEBUG -D_REENTRANT -DENV_UNIX -D_7ZIP_LARGE_PAGES -DBREAK_HANDLER -DUNICODE -D_UNICODE -c -I. -I../../../../C -I../../../myWindows -I../../../include_windows -I../../.. ../../../../C/Alloc.c
gcc -O -pipe -s -D_FILE_OFFSET_BITS=64 -D_LARGEFILE_SOURCE -DNDEBUG -D_REENTRANT -DENV_UNIX -D_7ZIP_LARGE_PAGES -DBREAK_HANDLER -DUNICODE -D_UNICODE -c -I. -I../../../../C -I../../../myWindows -I../../../include_windows -I../../.. ../../../../C/Bra.c
gcc -O -pipe -s -D_FILE_OFFSET_BITS=64 -D_LARGEFILE_SOURCE -DNDEBUG -D_REENTRANT -DENV_UNIX -D_7ZIP_LARGE_PAGES -DBREAK_HANDLER -DUNICODE -D_UNICODE -c -I. -I../../../../C -I../../../myWindows -I../../../include_windows -I../../.. ../../../../C/Bra86.c
gcc -O -pipe -s -D_FILE_OFFSET_BITS=64 -D_LARGEFILE_SOURCE -DNDEBUG -D_REENTRANT -DENV_UNIX -D_7ZIP_LARGE_PAGES -DBREAK_HANDLER -DUNICODE -D_UNICODE -c -I. -I../../../../C -I../../../myWindows -I../../../include_windows -I../../.. ../../../../C/BraIA64.c
gcc -O -pipe -s -D_FILE_OFFSET_BITS=64 -D_LARGEFILE_SOURCE -DNDEBUG -D_REENTRANT -DENV_UNIX -D_7ZIP_LARGE_PAGES -DBREAK_HANDLER -DUNICODE -D_UNICODE -c -I. -I../../../../C -I../../../myWindows -I../../../include_windows -I../../.. ../../../../C/BwtSort.c
gcc -O -pipe -s -D_FILE_OFFSET_BITS=64 -D_LARGEFILE_SOURCE -DNDEBUG -D_REENTRANT -DENV_UNIX -D_7ZIP_LARGE_PAGES -DBREAK_HANDLER -DUNICODE -D_UNICODE -c -I. -I../../../../C -I../../../myWindows -I../../../include_windows -I../../.. ../../../../C/Delta.c
gcc -O -pipe -s -D_FILE_OFFSET_BITS=64 -D_LARGEFILE_SOURCE -DNDEBUG -D_REENTRANT -DENV_UNIX -D_7ZIP_LARGE_PAGES -DBREAK_HANDLER -DUNICODE -D_UNICODE -c -I. -I../../../../C -I../../../myWindows -I../../../include_windows -I../../.. ../../../../C/HuffEnc.c
gcc -O -pipe -s -D_FILE_OFFSET_BITS=64 -D_LARGEFILE_SOURCE -DNDEBUG -D_REENTRANT -DENV_UNIX -D_7ZIP_LARGE_PAGES -DBREAK_HANDLER -DUNICODE -D_UNICODE -c -I. -I../../../../C -I../../../myWindows -I../../../include_windows -I../../.. ../../../../C/LzFind.c
gcc -O -pipe -s -D_FILE_OFFSET_BITS=64 -D_LARGEFILE_SOURCE -DNDEBUG -D_REENTRANT -DENV_UNIX -D_7ZIP_LARGE_PAGES -DBREAK_HANDLER -DUNICODE -D_UNICODE -c -I. -I../../../../C -I../../../myWindows -I../../../include_windows -I../../.. ../../../../C/LzFindMt.c
gcc -O -pipe -s -D_FILE_OFFSET_BITS=64 -D_LARGEFILE_SOURCE -DNDEBUG -D_REENTRANT -DENV_UNIX -D_7ZIP_LARGE_PAGES -DBREAK_HANDLER -DUNICODE -D_UNICODE -c -I. -I../../../../C -I../../../myWindows -I../../../include_windows -I../../.. ../../../../C/Lzma2Dec.c
gcc -O -pipe -s -D_FILE_OFFSET_BITS=64 -D_LARGEFILE_SOURCE -DNDEBUG -D_REENTRANT -DENV_UNIX -D_7ZIP_LARGE_PAGES -DBREAK_HANDLER -DUNICODE -D_UNICODE -c -I. -I../../../../C -I../../../myWindows -I../../../include_windows -I../../.. ../../../../C/Lzma2Enc.c
gcc -O -pipe -s -D_FILE_OFFSET_BITS=64 -D_LARGEFILE_SOURCE -DNDEBUG -D_REENTRANT -DENV_UNIX -D_7ZIP_LARGE_PAGES -DBREAK_HANDLER -DUNICODE -D_UNICODE -c -I. -I../../../../C -I../../../myWindows -I../../../include_windows -I../../.. ../../../../C/LzmaDec.c
gcc -O -pipe -s -D_FILE_OFFSET_BITS=64 -D_LARGEFILE_SOURCE -DNDEBUG -D_REENTRANT -DENV_UNIX -D_7ZIP_LARGE_PAGES -DBREAK_HANDLER -DUNICODE -D_UNICODE -c -I. -I../../../../C -I../../../myWindows -I../../../include_windows -I../../.. ../../../../C/LzmaEnc.c
gcc -O -pipe -s -D_FILE_OFFSET_BITS=64 -D_LARGEFILE_SOURCE -DNDEBUG -D_REENTRANT -DENV_UNIX -D_7ZIP_LARGE_PAGES -DBREAK_HANDLER -DUNICODE -D_UNICODE -c -I. -I../../../../C -I../../../myWindows -I../../../include_windows -I../../.. ../../../../C/MtCoder.c
gcc -O -pipe -s -D_FILE_OFFSET_BITS=64 -D_LARGEFILE_SOURCE -DNDEBUG -D_REENTRANT -DENV_UNIX -D_7ZIP_LARGE_PAGES -DBREAK_HANDLER -DUNICODE -D_UNICODE -c -I. -I../../../../C -I../../../myWindows -I../../../include_windows -I../../.. ../../../../C/Ppmd7.c
gcc -O -pipe -s -D_FILE_OFFSET_BITS=64 -D_LARGEFILE_SOURCE -DNDEBUG -D_REENTRANT -DENV_UNIX -D_7ZIP_LARGE_PAGES -DBREAK_HANDLER -DUNICODE -D_UNICODE -c -I. -I../../../../C -I../../../myWindows -I../../../include_windows -I../../.. ../../../../C/Ppmd7Dec.c
gcc -O -pipe -s -D_FILE_OFFSET_BITS=64 -D_LARGEFILE_SOURCE -DNDEBUG -D_REENTRANT -DENV_UNIX -D_7ZIP_LARGE_PAGES -DBREAK_HANDLER -DUNICODE -D_UNICODE -c -I. -I../../../../C -I../../../myWindows -I../../../include_windows -I../../.. ../../../../C/Ppmd7Enc.c
gcc -O -pipe -s -D_FILE_OFFSET_BITS=64 -D_LARGEFILE_SOURCE -DNDEBUG -D_REENTRANT -DENV_UNIX -D_7ZIP_LARGE_PAGES -DBREAK_HANDLER -DUNICODE -D_UNICODE -c -I. -I../../../../C -I../../../myWindows -I../../../include_windows -I../../.. ../../../../C/Ppmd8.c
gcc -O -pipe -s -D_FILE_OFFSET_BITS=64 -D_LARGEFILE_SOURCE -DNDEBUG -D_REENTRANT -DENV_UNIX -D_7ZIP_LARGE_PAGES -DBREAK_HANDLER -DUNICODE -D_UNICODE -c -I. -I../../../../C -I../../../myWindows -I../../../include_windows -I../../.. ../../../../C/Ppmd8Dec.c
gcc -O -pipe -s -D_FILE_OFFSET_BITS=64 -D_LARGEFILE_SOURCE -DNDEBUG -D_REENTRANT -DENV_UNIX -D_7ZIP_LARGE_PAGES -DBREAK_HANDLER -DUNICODE -D_UNICODE -c -I. -I../../../../C -I../../../myWindows -I../../../include_windows -I../../.. ../../../../C/Ppmd8Enc.c
gcc -O -pipe -s -D_FILE_OFFSET_BITS=64 -D_LARGEFILE_SOURCE -DNDEBUG -D_REENTRANT -DENV_UNIX -D_7ZIP_LARGE_PAGES -DBREAK_HANDLER -DUNICODE -D_UNICODE -c -I. -I../../../../C -I../../../myWindows -I../../../include_windows -I../../.. ../../../../C/Sha256.c
gcc -O -pipe -s -D_FILE_OFFSET_BITS=64 -D_LARGEFILE_SOURCE -DNDEBUG -D_REENTRANT -DENV_UNIX -D_7ZIP_LARGE_PAGES -DBREAK_HANDLER -DUNICODE -D_UNICODE -c -I. -I../../../../C -I../../../myWindows -I../../../include_windows -I../../.. ../../../../C/Sort.c
gcc -O -pipe -s -D_FILE_OFFSET_BITS=64 -D_LARGEFILE_SOURCE -DNDEBUG -D_REENTRANT -DENV_UNIX -D_7ZIP_LARGE_PAGES -DBREAK_HANDLER -DUNICODE -D_UNICODE -c -I. -I../../../../C -I../../../myWindows -I../../../include_windows -I../../.. ../../../../C/Threads.c
gcc -O -pipe -s -D_FILE_OFFSET_BITS=64 -D_LARGEFILE_SOURCE -DNDEBUG -D_REENTRANT -DENV_UNIX -D_7ZIP_LARGE_PAGES -DBREAK_HANDLER -DUNICODE -D_UNICODE -c -I. -I../../../../C -I../../../myWindows -I../../../include_windows -I../../.. ../../../../C/Xz.c
gcc -O -pipe -s -D_FILE_OFFSET_BITS=64 -D_LARGEFILE_SOURCE -DNDEBUG -D_REENTRANT -DENV_UNIX -D_7ZIP_LARGE_PAGES -DBREAK_HANDLER -DUNICODE -D_UNICODE -c -I. -I../../../../C -I../../../myWindows -I../../../include_windows -I../../.. ../../../../C/XzCrc64.c
gcc -O -pipe -s -D_FILE_OFFSET_BITS=64 -D_LARGEFILE_SOURCE -DNDEBUG -D_REENTRANT -DENV_UNIX -D_7ZIP_LARGE_PAGES -DBREAK_HANDLER -DUNICODE -D_UNICODE -c -I. -I../../../../C -I../../../myWindows -I../../../include_windows -I../../.. ../../../../C/XzDec.c
gcc -O -pipe -s -D_FILE_OFFSET_BITS=64 -D_LARGEFILE_SOURCE -DNDEBUG -D_REENTRANT -DENV_UNIX -D_7ZIP_LARGE_PAGES -DBREAK_HANDLER -DUNICODE -D_UNICODE -c -I. -I../../../../C -I../../../myWindows -I../../../include_windows -I../../.. ../../../../C/XzEnc.c
gcc -O -pipe -s -D_FILE_OFFSET_BITS=64 -D_LARGEFILE_SOURCE -DNDEBUG -D_REENTRANT -DENV_UNIX -D_7ZIP_LARGE_PAGES -DBREAK_HANDLER -DUNICODE -D_UNICODE -c -I. -I../../../../C -I../../../myWindows -I../../../include_windows -I../../.. ../../../../C/XzIn.c
gcc -O -pipe -s -D_FILE_OFFSET_BITS=64 -D_LARGEFILE_SOURCE -DNDEBUG -D_REENTRANT -DENV_UNIX -D_7ZIP_LARGE_PAGES -DBREAK_HANDLER -DUNICODE -D_UNICODE -c -I. -I../../../../C -I../../../myWindows -I../../../include_windows -I../../.. ../../../../C/7zCrc.c
gcc -O -pipe -s -D_FILE_OFFSET_BITS=64 -D_LARGEFILE_SOURCE -DNDEBUG -D_REENTRANT -DENV_UNIX -D_7ZIP_LARGE_PAGES -DBREAK_HANDLER -DUNICODE -D_UNICODE -c -I. -I../../../../C -I../../../myWindows -I../../../include_windows -I../../.. ../../../../C/7zCrcOpt.c
g++ -O -pipe -s -D_FILE_OFFSET_BITS=64 -D_LARGEFILE_SOURCE -DNDEBUG -D_REENTRANT -DENV_UNIX -D_7ZIP_LARGE_PAGES -DBREAK_HANDLER -DUNICODE -D_UNICODE  -o ../../../../bin/7za -L/ffp/lib -Wl,-rpath,/ffp/lib myGetTickCount.o wine_date_and_time.o myAddExeFlag.o mySplitCommandLine.o BenchCon.o ConsoleClose.o ExtractCallbackConsole.o List.o Main.o MainAr.o OpenCallbackConsole.o PercentPrinter.o UpdateCallbackConsole.o UserInputUtils.o CommandLineParser.o CRC.o IntToString.o ListFileUtils.o StdInStream.o StdOutStream.o MyString.o StringConvert.o StringToInt.o UTFConvert.o MyWindows.o MyVector.o Wildcard.o Error.o FileDir.o FileFind.o FileIO.o FileName.o PropVariant.o PropVariantConversions.o Synchronization.o System.o Time.o CreateCoder.o CWrappers.o FilePathAutoRename.o FileStreams.o FilterCoder.o InBuffer.o InOutTempBuffer.o LimitedStreams.o LockedStream.o MemBlocks.o MethodId.o MethodProps.o OffsetStream.o OutBuffer.o OutMemStream.o ProgressMt.o ProgressUtils.o StreamBinder.o StreamObjects.o StreamUtils.o VirtThread.o ArchiveCommandLine.o ArchiveExtractCallback.o ArchiveOpenCallback.o Bench.o DefaultName.o EnumDirItems.o Extract.o ExtractingFilePath.o LoadCodecs.o OpenArchive.o PropIDUtils.o SetProperties.o SortUtils.o TempFiles.o Update.o UpdateAction.o UpdateCallback.o UpdatePair.o UpdateProduce.o  Bz2Handler.o DeflateProps.o GzHandler.o LzmaHandler.o PpmdHandler.o SplitHandler.o XzHandler.o ZHandler.o  CoderMixer2.o CoderMixer2MT.o CrossThreadProgress.o DummyOutStream.o FindSignature.o HandlerOut.o InStreamWithCRC.o ItemNameUtils.o MultiStream.o OutStreamWithCRC.o ParseProperties.o 7zCompressionMode.o 7zDecode.o 7zEncode.o 7zExtract.o 7zFolderInStream.o 7zFolderOutStream.o 7zHandler.o 7zHandlerOut.o 7zHeader.o 7zIn.o 7zOut.o 7zProperties.o 7zSpecStream.o 7zUpdate.o 7zRegister.o CabBlockInStream.o CabHandler.o CabHeader.o CabIn.o CabRegister.o  TarHandler.o TarHandlerOut.o TarHeader.o TarIn.o TarOut.o TarUpdate.o TarRegister.o ZipAddCommon.o ZipHandler.o ZipHandlerOut.o ZipHeader.o ZipIn.o ZipItem.o ZipOut.o ZipUpdate.o ZipRegister.o Bcj2Coder.o Bcj2Register.o BcjCoder.o BcjRegister.o BitlDecoder.o BranchCoder.o BranchMisc.o BranchRegister.o ByteSwap.o BZip2Crc.o BZip2Decoder.o BZip2Encoder.o BZip2Register.o CopyCoder.o CopyRegister.o Deflate64Register.o DeflateDecoder.o DeflateEncoder.o DeflateRegister.o DeltaFilter.o ImplodeDecoder.o ImplodeHuffmanDecoder.o Lzma2Decoder.o Lzma2Encoder.o Lzma2Register.o LzmaDecoder.o LzmaEncoder.o LzmaRegister.o LzOutWindow.o Lzx86Converter.o LzxDecoder.o PpmdDecoder.o PpmdEncoder.o PpmdRegister.o PpmdZip.o QuantumDecoder.o ShrinkDecoder.o ZDecoder.o  7zAes.o 7zAesRegister.o HmacSha1.o MyAes.o Pbkdf2HmacSha1.o RandGen.o Sha1.o WzAes.o ZipCrypto.o ZipStrong.o  7zStream.o Aes.o Alloc.o Bra.o Bra86.o BraIA64.o BwtSort.o Delta.o HuffEnc.o LzFind.o LzFindMt.o Lzma2Dec.o Lzma2Enc.o LzmaDec.o LzmaEnc.o MtCoder.o Ppmd7.o Ppmd7Dec.o Ppmd7Enc.o Ppmd8.o Ppmd8Dec.o Ppmd8Enc.o Sha256.o Sort.o Threads.o Xz.o XzCrc64.o XzDec.o XzEnc.o XzIn.o 7zCrc.o 7zCrcOpt.o -lpthread
make[1]: Leaving directory `/tmp/p7zip.Bm9022/p7zip_9.20.1/CPP/7zip/Bundles/Alone'
make -C check/my_86_filter  all
make[1]: Entering directory `/tmp/p7zip.Bm9022/p7zip_9.20.1/check/my_86_filter'
g++ -O -pipe -s -D_FILE_OFFSET_BITS=64 -D_LARGEFILE_SOURCE -DNDEBUG -D_REENTRANT -DENV_UNIX -D_7ZIP_LARGE_PAGES -I../../C -c -I. -I../../../myWindows -I../../../ -I../../../include_windows my_86_filter.cpp
g++ -O -pipe -s -D_FILE_OFFSET_BITS=64 -D_LARGEFILE_SOURCE -DNDEBUG -D_REENTRANT -DENV_UNIX -D_7ZIP_LARGE_PAGES -I../../C  -o my_86_filter -L/ffp/lib -Wl,-rpath,/ffp/lib my_86_filter.o -lpthread
make[1]: Leaving directory `/tmp/p7zip.Bm9022/p7zip_9.20.1/check/my_86_filter'
+ make DESTDIR=/tmp/p7zip.Bm9022/pkg install
./install.sh /ffp/bin /ffp/lib/p7zip /ffp/man /ffp/share/doc/p7zip 
- installing /ffp/bin/7za
- installing /ffp/man/man1/7z.1
- installing /ffp/man/man1/7za.1
- installing /ffp/man/man1/7zr.1
- installing /ffp/share/doc/p7zip/README
- installing /ffp/share/doc/p7zip/ChangeLog
- installing HTML help in /ffp/share/doc/p7zip/DOCS
+ mkdir -p /tmp/p7zip.Bm9022/pkg/install
+ cp /ffp/home/root/src/p7zip/DESCR /ffp/home/root/src/p7zip/HOMEPAGE /tmp/p7zip.Bm9022/pkg/install/
+ cd /tmp/p7zip.Bm9022/pkg
+ makepkg p7zip 9.20.1 1
Creating /tmp/p7zip-9.20.1-arm-1.tar ...
