++ basename ./openvpn.funpkg .funpkg
+ PN=openvpn
+ PR=1
+ . ./config.ffp
++ GNU_HOST=
++ GNU_TARGET=
++ FFP_CFLAGS='-I/ffp/include -O2'
++ FFP_LDFLAGS='-L/ffp/lib -Wl,-rpath,/ffp/lib'
++ '[' '!' -d '' ']'
++ TMPDIR=/tmp
++ export TMPDIR
++ mandir=/ffp/share/man
++ infodir=/ffp/share/info
++ docdir=/ffp/share/doc
++ pwd
+ X=/ffp/home/root/fun_plug/src/openvpn
++ mktemp -t -d openvpn.XXXXXX
+ W=/tmp/openvpn.m6e9ms
+ D=/tmp/openvpn.m6e9ms/pkg
+ cd /tmp/openvpn.m6e9ms
+ cat /ffp/home/root/fun_plug/src/openvpn/SRC_URI
+ xargs wget
--2012-08-31 14:42:46--  http://swupdate.openvpn.org/community/releases/openvpn-2.2.2.tar.gz
Resolving swupdate.openvpn.org... 173.192.224.174
Connecting to swupdate.openvpn.org|173.192.224.174|:80... connected.
HTTP request sent, awaiting response... 200 OK
Length: 911158 (890K) [application/octet-stream]
Saving to: `openvpn-2.2.2.tar.gz'

     0K .......... .......... .......... .......... ..........  5%  100K 8s
    50K .......... .......... .......... .......... .......... 11%  409K 5s
   100K .......... .......... .......... .......... .......... 16%  498K 4s
   150K .......... .......... .......... .......... .......... 22%  716K 3s
   200K .......... .......... .......... .......... .......... 28%  879K 2s
   250K .......... .......... .......... .......... .......... 33%  325K 2s
   300K .......... .......... .......... .......... .......... 39% 15.9M 2s
   350K .......... .......... .......... .......... .......... 44%  481K 1s
   400K .......... .......... .......... .......... .......... 50%  209K 1s
   450K .......... .......... .......... .......... .......... 56%  416K 1s
   500K .......... .......... .......... .......... .......... 61%  454K 1s
   550K .......... .......... .......... .......... .......... 67%  502K 1s
   600K .......... .......... .......... .......... .......... 73% 1.47M 1s
   650K .......... .......... .......... .......... .......... 78%  312K 1s
   700K .......... .......... .......... .......... .......... 84% 20.9M 0s
   750K .......... .......... .......... .......... .......... 89% 20.9M 0s
   800K .......... .......... .......... .......... .......... 95%  603K 0s
   850K .......... .......... .......... .........            100%  523K=2.0s

2012-08-31 14:42:48 (437 KB/s) - `openvpn-2.2.2.tar.gz' saved [911158/911158]

++ ls openvpn-2.2.2.tar.gz
++ egrep -o '[0-9][0-9.]*[0-9]'
+ PV=2.2.2
+ tar xf openvpn-2.2.2.tar.gz
+ cd openvpn-2.2.2 openvpn-2.2.2.tar.gz
+ LDFLAGS='-L/ffp/lib -Wl,-rpath,/ffp/lib'
+ ./configure --prefix=/ffp --build= --host= --mandir=/ffp/share/man --infodir=/ffp/share/info
checking build system type... armv5tejl-unknown-linux-gnueabi
checking host system type... armv5tejl-unknown-linux-gnueabi
checking for a BSD-compatible install... /ffp/bin/install -c
checking whether build environment is sane... yes
checking for a thread-safe mkdir -p... /ffp/bin/mkdir -p
checking for gawk... gawk
checking whether make sets $(MAKE)... yes
checking for ifconfig... /ffp/sbin/ifconfig
checking for ip... ip
checking for route... /ffp/sbin/route
checking for netstat... /ffp/bin/netstat
checking for gcc... gcc
checking whether the C compiler works... yes
checking for C compiler default output file name... a.out
checking for suffix of executables... 
checking whether we are cross compiling... no
checking for suffix of object files... o
checking whether we are using the GNU C compiler... yes
checking whether gcc accepts -g... yes
checking for gcc option to accept ISO C89... none needed
checking for style of include used by make... GNU
checking dependency style of gcc... gcc3
checking how to run the C preprocessor... gcc -E
checking for grep that handles long lines and -e... /ffp/bin/grep
checking for egrep... /ffp/bin/grep -E
checking whether gcc needs -traditional... no
checking for ANSI C header files... yes
checking for sys/types.h... yes
checking for sys/stat.h... yes
checking for stdlib.h... yes
checking for string.h... yes
checking for memory.h... yes
checking for strings.h... yes
checking for inttypes.h... yes
checking for stdint.h... yes
checking for unistd.h... yes
checking minix/config.h usability... no
checking minix/config.h presence... no
checking for minix/config.h... no
checking whether it is safe to define __EXTENSIONS__... yes
checking for ANSI C header files... (cached) yes
checking for an ANSI C-conforming const... yes
checking for inline... inline
checking for working volatile... yes
checking for off_t... yes
checking for pid_t... yes
checking for size_t... yes
checking for uid_t in sys/types.h... yes
checking for socklen_t... yes
checking whether time.h and sys/time.h may both be included... yes
checking for ISO C 1999 vararg macro support... yes
checking for GNU GCC vararg macro support... yes
checking for C compiler empty array support
checking fcntl.h usability... yes
checking fcntl.h presence... yes
checking for fcntl.h... yes
checking for stdlib.h... (cached) yes
checking stdarg.h usability... yes
checking stdarg.h presence... yes
checking for stdarg.h... yes
checking stdio.h usability... yes
checking stdio.h presence... yes
checking for stdio.h... yes
checking for string.h... (cached) yes
checking for strings.h... (cached) yes
checking ctype.h usability... yes
checking ctype.h presence... yes
checking for ctype.h... yes
checking errno.h usability... yes
checking errno.h presence... yes
checking for errno.h... yes
checking for sys/wait.h that is POSIX.1 compatible... yes
checking sys/time.h usability... yes
checking sys/time.h presence... yes
checking for sys/time.h... yes
checking sys/socket.h usability... yes
checking sys/socket.h presence... yes
checking for sys/socket.h... yes
checking sys/un.h usability... yes
checking sys/un.h presence... yes
checking for sys/un.h... yes
checking sys/ioctl.h usability... yes
checking sys/ioctl.h presence... yes
checking for sys/ioctl.h... yes
checking for sys/stat.h... (cached) yes
checking sys/mman.h usability... yes
checking sys/mman.h presence... yes
checking for sys/mman.h... yes
checking for fcntl.h... (cached) yes
checking sys/file.h usability... yes
checking sys/file.h presence... yes
checking for sys/file.h... yes
checking for stdlib.h... (cached) yes
checking for stdint.h... (cached) yes
checking for stdarg.h... (cached) yes
checking for unistd.h... (cached) yes
checking signal.h usability... yes
checking signal.h presence... yes
checking for signal.h... yes
checking for stdio.h... (cached) yes
checking for string.h... (cached) yes
checking for strings.h... (cached) yes
checking for ctype.h... (cached) yes
checking for errno.h... (cached) yes
checking syslog.h usability... yes
checking syslog.h presence... yes
checking for syslog.h... yes
checking pwd.h usability... yes
checking pwd.h presence... yes
checking for pwd.h... yes
checking grp.h usability... yes
checking grp.h presence... yes
checking for grp.h... yes
checking net/if_tun.h usability... no
checking net/if_tun.h presence... no
checking for net/if_tun.h... no
checking net/tun/if_tun.h usability... no
checking net/tun/if_tun.h presence... no
checking for net/tun/if_tun.h... no
checking stropts.h usability... no
checking stropts.h presence... no
checking for stropts.h... no
checking sys/sockio.h usability... no
checking sys/sockio.h presence... no
checking for sys/sockio.h... no
checking netinet/in.h usability... yes
checking netinet/in.h presence... yes
checking for netinet/in.h... yes
checking netinet/in_systm.h usability... yes
checking netinet/in_systm.h presence... yes
checking for netinet/in_systm.h... yes
checking netinet/tcp.h usability... yes
checking netinet/tcp.h presence... yes
checking for netinet/tcp.h... yes
checking arpa/inet.h usability... yes
checking arpa/inet.h presence... yes
checking for arpa/inet.h... yes
checking netdb.h usability... yes
checking netdb.h presence... yes
checking for netdb.h... yes
checking sys/uio.h usability... yes
checking sys/uio.h presence... yes
checking for sys/uio.h... yes
checking linux/if_tun.h usability... yes
checking linux/if_tun.h presence... yes
checking for linux/if_tun.h... yes
checking linux/sockios.h usability... yes
checking linux/sockios.h presence... yes
checking for linux/sockios.h... yes
checking linux/types.h usability... yes
checking linux/types.h presence... yes
checking for linux/types.h... yes
checking sys/poll.h usability... yes
checking sys/poll.h presence... yes
checking for sys/poll.h... yes
checking sys/epoll.h usability... yes
checking sys/epoll.h presence... yes
checking for sys/epoll.h... yes
checking err.h usability... yes
checking err.h presence... yes
checking for err.h... yes
checking for net/if.h... yes
checking for netinet/ip.h... yes
checking for netinet/if_ether.h... yes
checking for resolv.h... yes
checking for linux/errqueue.h... yes
checking for in_addr_t... yes
checking for uint8_t... yes
checking for uint16_t... yes
checking for uint32_t... yes
checking for struct tun_pi... yes
checking for struct iphdr... yes
checking for struct iovec... yes
checking for struct sock_extended_err... yes
checking for struct msghdr... yes
checking for struct cmsghdr... yes
checking for struct in_pktinfo... yes
checking size of unsigned int... 4
checking size of unsigned long... 4
checking for ctime... yes
checking for memset... yes
checking for vsnprintf... yes
checking for strdup... yes
checking for daemon... yes
checking for chroot... yes
checking for getpwnam... yes
checking for setuid... yes
checking for nice... yes
checking for system... yes
checking for getpid... yes
checking for dup... yes
checking for dup2... yes
checking for getpass... yes
checking for strerror... yes
checking for syslog... yes
checking for openlog... yes
checking for mlockall... yes
checking for getgrnam... yes
checking for setgid... yes
checking for setgroups... yes
checking for stat... yes
checking for flock... yes
checking for readv... yes
checking for writev... yes
checking for time... yes
checking for setsid... yes
checking for chdir... yes
checking for putenv... yes
checking for getpeername... yes
checking for unlink... yes
checking for chsize... no
checking for ftruncate... yes
checking for execve... yes
checking for getpeereid... no
checking for umask... yes
checking return type of signal handlers... void
checking for library containing socket... none required
checking for library containing inet_ntoa... none required
checking for library containing gethostbyname... none required
checking vfork.h usability... no
checking vfork.h presence... no
checking for vfork.h... no
checking for fork... yes
checking for vfork... yes
checking for working fork... yes
checking for working vfork... (cached) yes
checking for gettimeofday... yes
checking for socket... yes
checking for recv... yes
checking for recvfrom... yes
checking for send... yes
checking for sendto... yes
checking for listen... yes
checking for accept... yes
checking for connect... yes
checking for bind... yes
checking for select... yes
checking for gethostbyname... yes
checking for inet_ntoa... yes
checking for setsockopt... yes
checking for getsockopt... yes
checking for getsockname... yes
checking for poll... yes
checking for sendmsg... yes
checking for recvmsg... yes
checking for working memcmp... yes
res_init DEFINED
configure: checking for working epoll implementation...
checking for epoll_create... yes
configure: checking for libdl Library and Header files...
checking dlfcn.h usability... yes
checking dlfcn.h presence... yes
checking for dlfcn.h... yes
checking for dlopen... no
checking for dlopen in -ldl... yes
configure: checking for LZO Library and Header files...
checking lzo/lzo1x.h usability... yes
checking lzo/lzo1x.h presence... yes
checking for lzo/lzo1x.h... yes
checking for lzo1x_1_15_compress in -llzo2... yes
configure: checking for OpenSSL Crypto Library and Header files...
checking openssl/evp.h usability... yes
checking openssl/evp.h presence... yes
checking for openssl/evp.h... yes
checking for EVP_CIPHER_CTX_init in -lcrypto... yes
checking for EVP_CIPHER_CTX_init in -leay32... no
checking that OpenSSL Library is at least version 0.9.6... yes
checking for EVP_CIPHER_CTX_set_key_length... yes
checking openssl/engine.h usability... yes
checking openssl/engine.h presence... yes
checking for openssl/engine.h... yes
checking for ENGINE_load_builtin_engines... yes
checking for ENGINE_register_all_complete... yes
checking for ENGINE_cleanup... yes
configure: checking for OpenSSL SSL Library and Header files...
checking openssl/ssl.h usability... yes
checking openssl/ssl.h presence... yes
checking for openssl/ssl.h... yes
checking for SSL_CTX_new in -lssl... yes
checking for SSL_CTX_new in -lssl32... no
configure: checking for pkcs11-helper Library and Header files...
checking pkcs11-helper-1.0/pkcs11h-core.h usability... no
checking pkcs11-helper-1.0/pkcs11h-core.h presence... no
checking for pkcs11-helper-1.0/pkcs11h-core.h... no
pkcs11-helper headers not found.
configure: checking for libselinux Library and Header files...
checking selinux/selinux.h usability... no
checking selinux/selinux.h presence... no
checking for selinux/selinux.h... no
SELinux headers not found.
configure: creating ./config.status
config.status: creating t_client.sh
config.status: creating Makefile
config.status: creating openvpn.spec
config.status: creating images/Makefile
config.status: creating service-win32/Makefile
config.status: creating install-win32/Makefile
config.status: creating install-win32/settings
config.status: creating config.h
config.status: executing depfiles commands
+ make
make  all-recursive
make[1]: Entering directory `/tmp/openvpn.m6e9ms/openvpn-2.2.2'
Making all in images
make[2]: Entering directory `/tmp/openvpn.m6e9ms/openvpn-2.2.2/images'
make[2]: Nothing to be done for `all'.
make[2]: Leaving directory `/tmp/openvpn.m6e9ms/openvpn-2.2.2/images'
Making all in service-win32
make[2]: Entering directory `/tmp/openvpn.m6e9ms/openvpn-2.2.2/service-win32'
make[2]: Nothing to be done for `all'.
make[2]: Leaving directory `/tmp/openvpn.m6e9ms/openvpn-2.2.2/service-win32'
Making all in install-win32
make[2]: Entering directory `/tmp/openvpn.m6e9ms/openvpn-2.2.2/install-win32'
make[2]: Nothing to be done for `all'.
make[2]: Leaving directory `/tmp/openvpn.m6e9ms/openvpn-2.2.2/install-win32'
make[2]: Entering directory `/tmp/openvpn.m6e9ms/openvpn-2.2.2'
gcc -DHAVE_CONFIG_H -I.   -I. -I/ffp/include    -g -O2 -MT base64.o -MD -MP -MF .deps/base64.Tpo -c -o base64.o base64.c
mv -f .deps/base64.Tpo .deps/base64.Po
gcc -DHAVE_CONFIG_H -I.   -I. -I/ffp/include    -g -O2 -MT buffer.o -MD -MP -MF .deps/buffer.Tpo -c -o buffer.o buffer.c
mv -f .deps/buffer.Tpo .deps/buffer.Po
gcc -DHAVE_CONFIG_H -I.   -I. -I/ffp/include    -g -O2 -MT crypto.o -MD -MP -MF .deps/crypto.Tpo -c -o crypto.o crypto.c
mv -f .deps/crypto.Tpo .deps/crypto.Po
gcc -DHAVE_CONFIG_H -I.   -I. -I/ffp/include    -g -O2 -MT dhcp.o -MD -MP -MF .deps/dhcp.Tpo -c -o dhcp.o dhcp.c
mv -f .deps/dhcp.Tpo .deps/dhcp.Po
gcc -DHAVE_CONFIG_H -I.   -I. -I/ffp/include    -g -O2 -MT error.o -MD -MP -MF .deps/error.Tpo -c -o error.o error.c
mv -f .deps/error.Tpo .deps/error.Po
gcc -DHAVE_CONFIG_H -I.   -I. -I/ffp/include    -g -O2 -MT event.o -MD -MP -MF .deps/event.Tpo -c -o event.o event.c
mv -f .deps/event.Tpo .deps/event.Po
gcc -DHAVE_CONFIG_H -I.   -I. -I/ffp/include    -g -O2 -MT fdmisc.o -MD -MP -MF .deps/fdmisc.Tpo -c -o fdmisc.o fdmisc.c
mv -f .deps/fdmisc.Tpo .deps/fdmisc.Po
gcc -DHAVE_CONFIG_H -I.   -I. -I/ffp/include    -g -O2 -MT forward.o -MD -MP -MF .deps/forward.Tpo -c -o forward.o forward.c
mv -f .deps/forward.Tpo .deps/forward.Po
gcc -DHAVE_CONFIG_H -I.   -I. -I/ffp/include    -g -O2 -MT fragment.o -MD -MP -MF .deps/fragment.Tpo -c -o fragment.o fragment.c
mv -f .deps/fragment.Tpo .deps/fragment.Po
gcc -DHAVE_CONFIG_H -I.   -I. -I/ffp/include    -g -O2 -MT gremlin.o -MD -MP -MF .deps/gremlin.Tpo -c -o gremlin.o gremlin.c
mv -f .deps/gremlin.Tpo .deps/gremlin.Po
gcc -DHAVE_CONFIG_H -I.   -I. -I/ffp/include    -g -O2 -MT helper.o -MD -MP -MF .deps/helper.Tpo -c -o helper.o helper.c
mv -f .deps/helper.Tpo .deps/helper.Po
gcc -DHAVE_CONFIG_H -I.   -I. -I/ffp/include    -g -O2 -MT httpdigest.o -MD -MP -MF .deps/httpdigest.Tpo -c -o httpdigest.o httpdigest.c
mv -f .deps/httpdigest.Tpo .deps/httpdigest.Po
gcc -DHAVE_CONFIG_H -I.   -I. -I/ffp/include    -g -O2 -MT lladdr.o -MD -MP -MF .deps/lladdr.Tpo -c -o lladdr.o lladdr.c
mv -f .deps/lladdr.Tpo .deps/lladdr.Po
gcc -DHAVE_CONFIG_H -I.   -I. -I/ffp/include    -g -O2 -MT init.o -MD -MP -MF .deps/init.Tpo -c -o init.o init.c
mv -f .deps/init.Tpo .deps/init.Po
gcc -DHAVE_CONFIG_H -I.   -I. -I/ffp/include    -g -O2 -MT interval.o -MD -MP -MF .deps/interval.Tpo -c -o interval.o interval.c
mv -f .deps/interval.Tpo .deps/interval.Po
gcc -DHAVE_CONFIG_H -I.   -I. -I/ffp/include    -g -O2 -MT list.o -MD -MP -MF .deps/list.Tpo -c -o list.o list.c
mv -f .deps/list.Tpo .deps/list.Po
gcc -DHAVE_CONFIG_H -I.   -I. -I/ffp/include    -g -O2 -MT lzo.o -MD -MP -MF .deps/lzo.Tpo -c -o lzo.o lzo.c
mv -f .deps/lzo.Tpo .deps/lzo.Po
gcc -DHAVE_CONFIG_H -I.   -I. -I/ffp/include    -g -O2 -MT manage.o -MD -MP -MF .deps/manage.Tpo -c -o manage.o manage.c
mv -f .deps/manage.Tpo .deps/manage.Po
gcc -DHAVE_CONFIG_H -I.   -I. -I/ffp/include    -g -O2 -MT mbuf.o -MD -MP -MF .deps/mbuf.Tpo -c -o mbuf.o mbuf.c
mv -f .deps/mbuf.Tpo .deps/mbuf.Po
gcc -DHAVE_CONFIG_H -I.   -I. -I/ffp/include    -g -O2 -MT misc.o -MD -MP -MF .deps/misc.Tpo -c -o misc.o misc.c
mv -f .deps/misc.Tpo .deps/misc.Po
gcc -DHAVE_CONFIG_H -I.   -I. -I/ffp/include    -g -O2 -MT mroute.o -MD -MP -MF .deps/mroute.Tpo -c -o mroute.o mroute.c
mv -f .deps/mroute.Tpo .deps/mroute.Po
gcc -DHAVE_CONFIG_H -I.   -I. -I/ffp/include    -g -O2 -MT mss.o -MD -MP -MF .deps/mss.Tpo -c -o mss.o mss.c
mv -f .deps/mss.Tpo .deps/mss.Po
gcc -DHAVE_CONFIG_H -I.   -I. -I/ffp/include    -g -O2 -MT mtcp.o -MD -MP -MF .deps/mtcp.Tpo -c -o mtcp.o mtcp.c
mv -f .deps/mtcp.Tpo .deps/mtcp.Po
gcc -DHAVE_CONFIG_H -I.   -I. -I/ffp/include    -g -O2 -MT mtu.o -MD -MP -MF .deps/mtu.Tpo -c -o mtu.o mtu.c
mv -f .deps/mtu.Tpo .deps/mtu.Po
gcc -DHAVE_CONFIG_H -I.   -I. -I/ffp/include    -g -O2 -MT mudp.o -MD -MP -MF .deps/mudp.Tpo -c -o mudp.o mudp.c
mv -f .deps/mudp.Tpo .deps/mudp.Po
gcc -DHAVE_CONFIG_H -I.   -I. -I/ffp/include    -g -O2 -MT multi.o -MD -MP -MF .deps/multi.Tpo -c -o multi.o multi.c
mv -f .deps/multi.Tpo .deps/multi.Po
gcc -DHAVE_CONFIG_H -I.   -I. -I/ffp/include    -g -O2 -MT ntlm.o -MD -MP -MF .deps/ntlm.Tpo -c -o ntlm.o ntlm.c
mv -f .deps/ntlm.Tpo .deps/ntlm.Po
gcc -DHAVE_CONFIG_H -I.   -I. -I/ffp/include    -g -O2 -MT occ.o -MD -MP -MF .deps/occ.Tpo -c -o occ.o occ.c
mv -f .deps/occ.Tpo .deps/occ.Po
gcc -DHAVE_CONFIG_H -I.   -I. -I/ffp/include    -g -O2 -MT pkcs11.o -MD -MP -MF .deps/pkcs11.Tpo -c -o pkcs11.o pkcs11.c
mv -f .deps/pkcs11.Tpo .deps/pkcs11.Po
gcc -DHAVE_CONFIG_H -I.   -I. -I/ffp/include    -g -O2 -MT openvpn.o -MD -MP -MF .deps/openvpn.Tpo -c -o openvpn.o openvpn.c
mv -f .deps/openvpn.Tpo .deps/openvpn.Po
awk -f ./configure_h.awk config.h > configure.h
awk -f ./configure_log.awk config.log >> configure.h
gcc -DHAVE_CONFIG_H -I.   -I. -I/ffp/include    -g -O2 -MT options.o -MD -MP -MF .deps/options.Tpo -c -o options.o options.c
mv -f .deps/options.Tpo .deps/options.Po
gcc -DHAVE_CONFIG_H -I.   -I. -I/ffp/include    -g -O2 -MT otime.o -MD -MP -MF .deps/otime.Tpo -c -o otime.o otime.c
mv -f .deps/otime.Tpo .deps/otime.Po
gcc -DHAVE_CONFIG_H -I.   -I. -I/ffp/include    -g -O2 -MT packet_id.o -MD -MP -MF .deps/packet_id.Tpo -c -o packet_id.o packet_id.c
mv -f .deps/packet_id.Tpo .deps/packet_id.Po
gcc -DHAVE_CONFIG_H -I.   -I. -I/ffp/include    -g -O2 -MT perf.o -MD -MP -MF .deps/perf.Tpo -c -o perf.o perf.c
mv -f .deps/perf.Tpo .deps/perf.Po
gcc -DHAVE_CONFIG_H -I.   -I. -I/ffp/include    -g -O2 -MT pf.o -MD -MP -MF .deps/pf.Tpo -c -o pf.o pf.c
mv -f .deps/pf.Tpo .deps/pf.Po
gcc -DHAVE_CONFIG_H -I.   -I. -I/ffp/include    -g -O2 -MT ping.o -MD -MP -MF .deps/ping.Tpo -c -o ping.o ping.c
mv -f .deps/ping.Tpo .deps/ping.Po
gcc -DHAVE_CONFIG_H -I.   -I. -I/ffp/include    -g -O2 -MT plugin.o -MD -MP -MF .deps/plugin.Tpo -c -o plugin.o plugin.c
mv -f .deps/plugin.Tpo .deps/plugin.Po
gcc -DHAVE_CONFIG_H -I.   -I. -I/ffp/include    -g -O2 -MT pool.o -MD -MP -MF .deps/pool.Tpo -c -o pool.o pool.c
mv -f .deps/pool.Tpo .deps/pool.Po
gcc -DHAVE_CONFIG_H -I.   -I. -I/ffp/include    -g -O2 -MT proto.o -MD -MP -MF .deps/proto.Tpo -c -o proto.o proto.c
mv -f .deps/proto.Tpo .deps/proto.Po
gcc -DHAVE_CONFIG_H -I.   -I. -I/ffp/include    -g -O2 -MT proxy.o -MD -MP -MF .deps/proxy.Tpo -c -o proxy.o proxy.c
mv -f .deps/proxy.Tpo .deps/proxy.Po
gcc -DHAVE_CONFIG_H -I.   -I. -I/ffp/include    -g -O2 -MT ieproxy.o -MD -MP -MF .deps/ieproxy.Tpo -c -o ieproxy.o ieproxy.c
mv -f .deps/ieproxy.Tpo .deps/ieproxy.Po
gcc -DHAVE_CONFIG_H -I.   -I. -I/ffp/include    -g -O2 -MT ps.o -MD -MP -MF .deps/ps.Tpo -c -o ps.o ps.c
mv -f .deps/ps.Tpo .deps/ps.Po
gcc -DHAVE_CONFIG_H -I.   -I. -I/ffp/include    -g -O2 -MT push.o -MD -MP -MF .deps/push.Tpo -c -o push.o push.c
mv -f .deps/push.Tpo .deps/push.Po
gcc -DHAVE_CONFIG_H -I.   -I. -I/ffp/include    -g -O2 -MT reliable.o -MD -MP -MF .deps/reliable.Tpo -c -o reliable.o reliable.c
mv -f .deps/reliable.Tpo .deps/reliable.Po
gcc -DHAVE_CONFIG_H -I.   -I. -I/ffp/include    -g -O2 -MT route.o -MD -MP -MF .deps/route.Tpo -c -o route.o route.c
mv -f .deps/route.Tpo .deps/route.Po
gcc -DHAVE_CONFIG_H -I.   -I. -I/ffp/include    -g -O2 -MT schedule.o -MD -MP -MF .deps/schedule.Tpo -c -o schedule.o schedule.c
mv -f .deps/schedule.Tpo .deps/schedule.Po
gcc -DHAVE_CONFIG_H -I.   -I. -I/ffp/include    -g -O2 -MT session_id.o -MD -MP -MF .deps/session_id.Tpo -c -o session_id.o session_id.c
mv -f .deps/session_id.Tpo .deps/session_id.Po
gcc -DHAVE_CONFIG_H -I.   -I. -I/ffp/include    -g -O2 -MT shaper.o -MD -MP -MF .deps/shaper.Tpo -c -o shaper.o shaper.c
mv -f .deps/shaper.Tpo .deps/shaper.Po
gcc -DHAVE_CONFIG_H -I.   -I. -I/ffp/include    -g -O2 -MT sig.o -MD -MP -MF .deps/sig.Tpo -c -o sig.o sig.c
mv -f .deps/sig.Tpo .deps/sig.Po
gcc -DHAVE_CONFIG_H -I.   -I. -I/ffp/include    -g -O2 -MT socket.o -MD -MP -MF .deps/socket.Tpo -c -o socket.o socket.c
mv -f .deps/socket.Tpo .deps/socket.Po
gcc -DHAVE_CONFIG_H -I.   -I. -I/ffp/include    -g -O2 -MT socks.o -MD -MP -MF .deps/socks.Tpo -c -o socks.o socks.c
mv -f .deps/socks.Tpo .deps/socks.Po
gcc -DHAVE_CONFIG_H -I.   -I. -I/ffp/include    -g -O2 -MT ssl.o -MD -MP -MF .deps/ssl.Tpo -c -o ssl.o ssl.c
mv -f .deps/ssl.Tpo .deps/ssl.Po
gcc -DHAVE_CONFIG_H -I.   -I. -I/ffp/include    -g -O2 -MT status.o -MD -MP -MF .deps/status.Tpo -c -o status.o status.c
mv -f .deps/status.Tpo .deps/status.Po
gcc -DHAVE_CONFIG_H -I.   -I. -I/ffp/include    -g -O2 -MT tun.o -MD -MP -MF .deps/tun.Tpo -c -o tun.o tun.c
mv -f .deps/tun.Tpo .deps/tun.Po
gcc -DHAVE_CONFIG_H -I.   -I. -I/ffp/include    -g -O2 -MT win32.o -MD -MP -MF .deps/win32.Tpo -c -o win32.o win32.c
mv -f .deps/win32.Tpo .deps/win32.Po
gcc -DHAVE_CONFIG_H -I.   -I. -I/ffp/include    -g -O2 -MT cryptoapi.o -MD -MP -MF .deps/cryptoapi.Tpo -c -o cryptoapi.o cryptoapi.c
mv -f .deps/cryptoapi.Tpo .deps/cryptoapi.Po
gcc  -g -O2  -L/ffp/lib -Wl,-rpath,/ffp/lib -o openvpn base64.o buffer.o crypto.o dhcp.o error.o event.o fdmisc.o forward.o fragment.o gremlin.o helper.o httpdigest.o lladdr.o init.o interval.o list.o lzo.o manage.o mbuf.o misc.o mroute.o mss.o mtcp.o mtu.o mudp.o multi.o ntlm.o occ.o pkcs11.o openvpn.o options.o otime.o packet_id.o perf.o pf.o ping.o plugin.o pool.o proto.o proxy.o ieproxy.o ps.o push.o reliable.o route.o schedule.o session_id.o shaper.o sig.o socket.o socks.o ssl.o status.o tun.o win32.o cryptoapi.o   -lssl -lcrypto -llzo2 -ldl 
make[2]: Leaving directory `/tmp/openvpn.m6e9ms/openvpn-2.2.2'
make[1]: Leaving directory `/tmp/openvpn.m6e9ms/openvpn-2.2.2'
+ make DESTDIR=/tmp/openvpn.m6e9ms/pkg install
Making install in images
make[1]: Entering directory `/tmp/openvpn.m6e9ms/openvpn-2.2.2/images'
make[2]: Entering directory `/tmp/openvpn.m6e9ms/openvpn-2.2.2/images'
make[2]: Nothing to be done for `install-exec-am'.
test -z "" || /ffp/bin/mkdir -p "/tmp/openvpn.m6e9ms/pkg"
make[2]: Leaving directory `/tmp/openvpn.m6e9ms/openvpn-2.2.2/images'
make[1]: Leaving directory `/tmp/openvpn.m6e9ms/openvpn-2.2.2/images'
Making install in service-win32
make[1]: Entering directory `/tmp/openvpn.m6e9ms/openvpn-2.2.2/service-win32'
make[2]: Entering directory `/tmp/openvpn.m6e9ms/openvpn-2.2.2/service-win32'
test -z "/ffp/sbin" || /ffp/bin/mkdir -p "/tmp/openvpn.m6e9ms/pkg/ffp/sbin"
make[2]: Nothing to be done for `install-data-am'.
make[2]: Leaving directory `/tmp/openvpn.m6e9ms/openvpn-2.2.2/service-win32'
make[1]: Leaving directory `/tmp/openvpn.m6e9ms/openvpn-2.2.2/service-win32'
Making install in install-win32
make[1]: Entering directory `/tmp/openvpn.m6e9ms/openvpn-2.2.2/install-win32'
make[2]: Entering directory `/tmp/openvpn.m6e9ms/openvpn-2.2.2/install-win32'
make[2]: Nothing to be done for `install-exec-am'.
test -z "" || /ffp/bin/mkdir -p "/tmp/openvpn.m6e9ms/pkg"
test -z "" || /ffp/bin/mkdir -p "/tmp/openvpn.m6e9ms/pkg"
test -z "/ffp/share/doc/openvpn" || /ffp/bin/mkdir -p "/tmp/openvpn.m6e9ms/pkg/ffp/share/doc/openvpn"
test -z "" || /ffp/bin/mkdir -p "/tmp/openvpn.m6e9ms/pkg"
test -z "" || /ffp/bin/mkdir -p "/tmp/openvpn.m6e9ms/pkg"
make[2]: Leaving directory `/tmp/openvpn.m6e9ms/openvpn-2.2.2/install-win32'
make[1]: Leaving directory `/tmp/openvpn.m6e9ms/openvpn-2.2.2/install-win32'
make[1]: Entering directory `/tmp/openvpn.m6e9ms/openvpn-2.2.2'
make[2]: Entering directory `/tmp/openvpn.m6e9ms/openvpn-2.2.2'
test -z "/ffp/sbin" || /ffp/bin/mkdir -p "/tmp/openvpn.m6e9ms/pkg/ffp/sbin"
  /ffp/bin/install -c openvpn '/tmp/openvpn.m6e9ms/pkg/ffp/sbin'
test -z "/ffp/share/doc/openvpn" || /ffp/bin/mkdir -p "/tmp/openvpn.m6e9ms/pkg/ffp/share/doc/openvpn"
 /ffp/bin/install -c -m 644 management/management-notes.txt '/tmp/openvpn.m6e9ms/pkg/ffp/share/doc/openvpn'
test -z "/ffp/share/man/man8" || /ffp/bin/mkdir -p "/tmp/openvpn.m6e9ms/pkg/ffp/share/man/man8"
 /ffp/bin/install -c -m 644 openvpn.8 '/tmp/openvpn.m6e9ms/pkg/ffp/share/man/man8'
test -z "/ffp/share/doc/openvpn" || /ffp/bin/mkdir -p "/tmp/openvpn.m6e9ms/pkg/ffp/share/doc/openvpn"
make[2]: Leaving directory `/tmp/openvpn.m6e9ms/openvpn-2.2.2'
make[1]: Leaving directory `/tmp/openvpn.m6e9ms/openvpn-2.2.2'
+ mkdir -p /tmp/openvpn.m6e9ms/pkg/install
+ cp /ffp/home/root/fun_plug/src/openvpn/DESCR /ffp/home/root/fun_plug/src/openvpn/HOMEPAGE /tmp/openvpn.m6e9ms/pkg/install/
+ cd /tmp/openvpn.m6e9ms/pkg
+ makepkg openvpn 2.2.2 1
Creating /tmp/openvpn-2.2.2-arm-1.tar ...
