++ basename ./opencv.funpkg .funpkg
+ PN=opencv
++ ls opencv-2.3.1.tar.bz2
++ egrep -o '[0-9][0-9.]*[0-9]'
+ PV=2.3.1
+ PR=1
+ . ./config.ffp
++ GNU_HOST=
++ GNU_TARGET=
++ FFP_CFLAGS='-I/ffp/include -O2'
++ FFP_LDFLAGS='-L/ffp/lib -Wl,-rpath,/ffp/lib'
++ '[' '!' -d '' ']'
++ TMPDIR=/tmp
++ export TMPDIR
++ mandir=/ffp/share/man
++ infodir=/ffp/share/info
++ docdir=/ffp/share/doc
++ pwd
+ X=/ffp/home/root/src/opencv
++ mktemp -t -d opencv.XXXXXX
+ W=/tmp/opencv.8OzeHZ
+ D=/tmp/opencv.8OzeHZ/pkg
+ cd /tmp/opencv.8OzeHZ
+ tar xf /ffp/home/root/src/opencv/opencv-2.3.1.tar.bz2
+ cd opencv-2.3.1
+ mkdir release
+ cd release
+ cmake -D CMAKE_BUILD_TYPE=RELEASE -D CMAKE_INSTALL_PREFIX=/ffp -D BUILD_TESTS=OFF -D BUILD_PYTHON_SUPPORT=ON ..
-- The C compiler identification is GNU
-- The CXX compiler identification is GNU
-- Check for working C compiler: /ffp/bin/gcc
-- Check for working C compiler: /ffp/bin/gcc -- works
-- Detecting C compiler ABI info
-- Detecting C compiler ABI info - done
-- Check for working CXX compiler: /ffp/bin/c++
-- Check for working CXX compiler: /ffp/bin/c++ -- works
-- Detecting CXX compiler ABI info
-- Detecting CXX compiler ABI info - done
-- Extracting svn version, please wait...
-- SVNVERSION: exported
-- Detected version of GNU GCC: 45 (405)
-- checking for module 'gtk+-2.0'
--   package 'gtk+-2.0' not found
-- checking for module 'gthread-2.0'
--   found gthread-2.0, version 2.30.2
-- checking for module 'gstreamer-base-0.10'
--   package 'gstreamer-base-0.10' not found
-- checking for module 'gstreamer-app-0.10'
--   package 'gstreamer-app-0.10' not found
-- checking for module 'gstreamer-video-0.10'
--   package 'gstreamer-video-0.10' not found
-- checking for module 'libavcodec'
--   found libavcodec, version 53.8.0
-- checking for module 'libavformat'
--   found libavformat, version 53.5.0
-- checking for module 'libavutil'
--   found libavutil, version 51.9.1
-- checking for module 'libswscale'
--   found libswscale, version 2.0.0
-- Looking for libavformat/avformat.h
-- Looking for libavformat/avformat.h - found
-- Looking for ffmpeg/avformat.h
-- Looking for ffmpeg/avformat.h - not found
-- checking for module 'libdc1394-2'
--   package 'libdc1394-2' not found
-- checking for module 'libdc1394'
--   package 'libdc1394' not found
-- Found ZLIB: /mnt/HD/HD_a2/ffp/include (found version "1.2.5")
-- Could NOT find PNG (missing:  PNG_LIBRARY PNG_PNG_INCLUDE_DIR) 
-- Could NOT find TIFF (missing:  TIFF_LIBRARY TIFF_INCLUDE_DIR) 
-- Found JPEG: /mnt/HD/HD_a2/ffp/lib/libjpeg.so 
-- Could NOT find Jasper (missing:  JASPER_LIBRARY JASPER_INCLUDE_DIR) 
-- Looking for alloca.h
-- Looking for alloca.h - found
-- Looking for alloca
-- Looking for alloca - not found
-- Looking for unistd.h
-- Looking for unistd.h - found
-- Looking for pthread.h
-- Looking for pthread.h - found
-- checking for module 'libv4l1'
--   package 'libv4l1' not found
-- Looking for linux/videodev.h
-- Looking for linux/videodev.h - not found
-- Looking for linux/videodev2.h
-- Looking for linux/videodev2.h - not found
-- Found PythonInterp: /ffp/bin/python2.7 
-- Found PythonLibs: /mnt/HD/HD_a2/ffp/lib/libpython2.7.a 
Traceback (most recent call last):
  File "<string>", line 1, in <module>
ImportError: No module named numpy.distutils
Traceback (most recent call last):
  File "<string>", line 1, in <module>
ImportError: No module named sphinx
CUDA_TOOLKIT_ROOT_DIR not found or specified
-- Could NOT find CUDA (missing:  CUDA_TOOLKIT_ROOT_DIR CUDA_NVCC_EXECUTABLE CUDA_INCLUDE_DIRS CUDA_CUDART_LIBRARY) (Required is at least version "4.0")
-- Parsing 'cvconfig.h.cmake'
-- 
-- General configuration for opencv 2.3.1 =====================================
-- 
--     Built as dynamic libs?:     YES
--     Compiler:                   /ffp/bin/c++
--     C++ flags (Release):          -Wall -pthread -ffunction-sections  -O3 -DNDEBUG  -fomit-frame-pointer -DNDEBUG 
--     C++ flags (Debug):            -Wall -pthread -ffunction-sections  -g  -O0 -DDEBUG -D_DEBUG -ggdb3 
--     Linker flags (Release):
--     Linker flags (Debug):
-- 
--   GUI: 
--     GTK+ 2.x:                   NO
--     GThread:                    YES
-- 
--   Media I/O: 
--     ZLib:                       YES
--     JPEG:                       TRUE
--     PNG:                        build
--     TIFF:                       build
--     JPEG 2000:                  build
--     OpenEXR:                    NO
--     OpenNI:                     NO
--     OpenNI PrimeSensor Modules: NO
--     XIMEA:                      NO
-- 
--   Video I/O:
--     DC1394 1.x:                 NO
--     DC1394 2.x:                 NO
--     FFMPEG:                     YES
--       codec:                    YES
--       format:                   YES
--       util:                     YES
--       swscale:                  YES
--       gentoo-style:             YES
--     GStreamer:                  NO
--     UniCap:                     NO
--     PvAPI:                      NO
--     V4L/V4L2:                   /
--     Xine:                       NO
-- 
--   Other third-party libraries:
--     Use IPP:                    NO
--     Use TBB:                    NO
--     Use ThreadingFramework:     NO
--     Use Cuda:                   NO
--     Use Eigen:                  NO
-- 
--   Interfaces:
--     Python:                     YES
--     Python interpreter:         /ffp/bin/python2.7 -B (ver 2.7)
--     Python numpy:               NO (Python wrappers will not be generated)
--     Java:                       NO
-- 
--   Documentation:
--     Sphinx:                     NO
--     PdfLaTeX compiler:          NO
--     Build Documentation:        NO
-- 
--   Tests and samples:
--     Tests:                      NO
--     Examples:                   NO
-- 
--   Install path:                 /ffp
-- 
--   cvconfig.h is in:             /tmp/opencv.8OzeHZ/opencv-2.3.1/release
-- -----------------------------------------------------------------
-- 
-- Configuring done
-- Generating done
CMake Warning: The variable, 'BUILD_PYTHON_SUPPORT', specified manually, was not used during the generation.
-- Build files have been written to: /tmp/opencv.8OzeHZ/opencv-2.3.1/release
+ make
[  0%] Generating opencv_imgproc_pch_dephelp.cxx
Scanning dependencies of target opencv_imgproc_pch_dephelp
[  0%] Building CXX object modules/imgproc/CMakeFiles/opencv_imgproc_pch_dephelp.dir/opencv_imgproc_pch_dephelp.o
Linking CXX static library ../../lib/libopencv_imgproc_pch_dephelp.a
[  0%] Built target opencv_imgproc_pch_dephelp
Scanning dependencies of target pch_Generate_opencv_imgproc
[  0%] Generating precomp.hpp
[  0%] Generating precomp.hpp.gch/opencv_imgproc_RELEASE.gch
[  1%] Built target pch_Generate_opencv_imgproc
[  1%] Generating opencv_core_pch_dephelp.cxx
Scanning dependencies of target opencv_core_pch_dephelp
[  1%] Building CXX object modules/core/CMakeFiles/opencv_core_pch_dephelp.dir/opencv_core_pch_dephelp.o
Linking CXX static library ../../lib/libopencv_core_pch_dephelp.a
[  1%] Built target opencv_core_pch_dephelp
Scanning dependencies of target pch_Generate_opencv_core
[  1%] Generating precomp.hpp
[  1%] Generating precomp.hpp.gch/opencv_core_RELEASE.gch
[  1%] Built target pch_Generate_opencv_core
Scanning dependencies of target opencv_core
[  1%] Building CXX object modules/core/CMakeFiles/opencv_core.dir/src/lapack.o
[  1%] Building CXX object modules/core/CMakeFiles/opencv_core.dir/src/drawing.o
[  2%] Building CXX object modules/core/CMakeFiles/opencv_core.dir/src/out.o
[  2%] Building CXX object modules/core/CMakeFiles/opencv_core.dir/src/matrix.o
[  2%] Building CXX object modules/core/CMakeFiles/opencv_core.dir/src/stat.o
[  2%] Building CXX object modules/core/CMakeFiles/opencv_core.dir/src/array.o
[  2%] Building CXX object modules/core/CMakeFiles/opencv_core.dir/src/arithm.o
[  3%] Building CXX object modules/core/CMakeFiles/opencv_core.dir/src/rand.o
[  3%] Building CXX object modules/core/CMakeFiles/opencv_core.dir/src/cmdparser.o
[  3%] Building CXX object modules/core/CMakeFiles/opencv_core.dir/src/dxt.o
[  3%] Building CXX object modules/core/CMakeFiles/opencv_core.dir/src/persistence.o
[  4%] Building CXX object modules/core/CMakeFiles/opencv_core.dir/src/precomp.o
[  4%] Building CXX object modules/core/CMakeFiles/opencv_core.dir/src/alloc.o
[  4%] Building CXX object modules/core/CMakeFiles/opencv_core.dir/src/convert.o
[  4%] Building CXX object modules/core/CMakeFiles/opencv_core.dir/src/datastructs.o
[  4%] Building CXX object modules/core/CMakeFiles/opencv_core.dir/src/tables.o
[  5%] Building CXX object modules/core/CMakeFiles/opencv_core.dir/src/mathfuncs.o
[  5%] Building CXX object modules/core/CMakeFiles/opencv_core.dir/src/copy.o
[  5%] Building CXX object modules/core/CMakeFiles/opencv_core.dir/src/matmul.o
[  5%] Building CXX object modules/core/CMakeFiles/opencv_core.dir/src/system.o
[  6%] Building CXX object modules/core/CMakeFiles/opencv_core.dir/src/matop.o
Linking CXX shared library ../../lib/libopencv_core.so
[  6%] Built target opencv_core
Scanning dependencies of target opencv_imgproc
[  6%] Building CXX object modules/imgproc/CMakeFiles/opencv_imgproc.dir/src/cornersubpix.o
[  6%] Building CXX object modules/imgproc/CMakeFiles/opencv_imgproc.dir/src/hough.o
[  7%] Building CXX object modules/imgproc/CMakeFiles/opencv_imgproc.dir/src/convhull.o
[  7%] Building CXX object modules/imgproc/CMakeFiles/opencv_imgproc.dir/src/smooth.o
[  7%] Building CXX object modules/imgproc/CMakeFiles/opencv_imgproc.dir/src/undistort.o
[  7%] Building CXX object modules/imgproc/CMakeFiles/opencv_imgproc.dir/src/floodfill.o
[  7%] Building CXX object modules/imgproc/CMakeFiles/opencv_imgproc.dir/src/shapedescr.o
[  8%] Building CXX object modules/imgproc/CMakeFiles/opencv_imgproc.dir/src/color.o
[  8%] Building CXX object modules/imgproc/CMakeFiles/opencv_imgproc.dir/src/distransform.o
[  8%] Building CXX object modules/imgproc/CMakeFiles/opencv_imgproc.dir/src/corner.o
[  8%] Building CXX object modules/imgproc/CMakeFiles/opencv_imgproc.dir/src/linefit.o
[  9%] Building CXX object modules/imgproc/CMakeFiles/opencv_imgproc.dir/src/templmatch.o
[  9%] Building CXX object modules/imgproc/CMakeFiles/opencv_imgproc.dir/src/lsh.o
[  9%] Building CXX object modules/imgproc/CMakeFiles/opencv_imgproc.dir/src/featureselect.o
[  9%] Building CXX object modules/imgproc/CMakeFiles/opencv_imgproc.dir/src/utils.o
[ 10%] Building CXX object modules/imgproc/CMakeFiles/opencv_imgproc.dir/src/moments.o
[ 10%] Building CXX object modules/imgproc/CMakeFiles/opencv_imgproc.dir/src/sumpixels.o
[ 10%] Building CXX object modules/imgproc/CMakeFiles/opencv_imgproc.dir/src/pyrsegmentation.o
[ 10%] Building CXX object modules/imgproc/CMakeFiles/opencv_imgproc.dir/src/morph.o
[ 10%] Building CXX object modules/imgproc/CMakeFiles/opencv_imgproc.dir/src/approx.o
[ 11%] Building CXX object modules/imgproc/CMakeFiles/opencv_imgproc.dir/src/histogram.o
[ 11%] Building CXX object modules/imgproc/CMakeFiles/opencv_imgproc.dir/src/precomp.o
[ 11%] Building CXX object modules/imgproc/CMakeFiles/opencv_imgproc.dir/src/spilltree.o
[ 11%] Building CXX object modules/imgproc/CMakeFiles/opencv_imgproc.dir/src/kdtree.o
[ 12%] Building CXX object modules/imgproc/CMakeFiles/opencv_imgproc.dir/src/filter.o
[ 12%] Building CXX object modules/imgproc/CMakeFiles/opencv_imgproc.dir/src/contours.o
[ 12%] Building CXX object modules/imgproc/CMakeFiles/opencv_imgproc.dir/src/matchcontours.o
[ 12%] Building CXX object modules/imgproc/CMakeFiles/opencv_imgproc.dir/src/thresh.o
[ 12%] Building CXX object modules/imgproc/CMakeFiles/opencv_imgproc.dir/src/grabcut.o
[ 13%] Building CXX object modules/imgproc/CMakeFiles/opencv_imgproc.dir/src/imgwarp.o
[ 13%] Building CXX object modules/imgproc/CMakeFiles/opencv_imgproc.dir/src/samplers.o
[ 13%] Building CXX object modules/imgproc/CMakeFiles/opencv_imgproc.dir/src/canny.o
[ 13%] Building CXX object modules/imgproc/CMakeFiles/opencv_imgproc.dir/src/accum.o
[ 14%] Building CXX object modules/imgproc/CMakeFiles/opencv_imgproc.dir/src/emd.o
[ 14%] Building CXX object modules/imgproc/CMakeFiles/opencv_imgproc.dir/src/tables.o
[ 14%] Building CXX object modules/imgproc/CMakeFiles/opencv_imgproc.dir/src/rotcalipers.o
[ 14%] Building CXX object modules/imgproc/CMakeFiles/opencv_imgproc.dir/src/subdivision2d.o
[ 14%] Building CXX object modules/imgproc/CMakeFiles/opencv_imgproc.dir/src/geometry.o
[ 15%] Building CXX object modules/imgproc/CMakeFiles/opencv_imgproc.dir/src/segmentation.o
[ 15%] Building CXX object modules/imgproc/CMakeFiles/opencv_imgproc.dir/src/deriv.o
[ 15%] Building CXX object modules/imgproc/CMakeFiles/opencv_imgproc.dir/src/featuretree.o
[ 15%] Building CXX object modules/imgproc/CMakeFiles/opencv_imgproc.dir/src/pyramids.o
[ 16%] Building CXX object modules/imgproc/CMakeFiles/opencv_imgproc.dir/src/inpaint.o
Linking CXX shared library ../../lib/libopencv_imgproc.so
[ 16%] Built target opencv_imgproc
[ 17%] Generating opencv_calib3d_pch_dephelp.cxx
Scanning dependencies of target opencv_calib3d_pch_dephelp
[ 17%] Building CXX object modules/calib3d/CMakeFiles/opencv_calib3d_pch_dephelp.dir/opencv_calib3d_pch_dephelp.o
Linking CXX static library ../../lib/libopencv_calib3d_pch_dephelp.a
[ 17%] Built target opencv_calib3d_pch_dephelp
Scanning dependencies of target pch_Generate_opencv_calib3d
[ 17%] Generating precomp.hpp
[ 17%] Generating precomp.hpp.gch/opencv_calib3d_RELEASE.gch
[ 18%] Built target pch_Generate_opencv_calib3d
[ 18%] Generating opencv_features2d_pch_dephelp.cxx
Scanning dependencies of target opencv_features2d_pch_dephelp
[ 18%] Building CXX object modules/features2d/CMakeFiles/opencv_features2d_pch_dephelp.dir/opencv_features2d_pch_dephelp.o
Linking CXX static library ../../lib/libopencv_features2d_pch_dephelp.a
[ 18%] Built target opencv_features2d_pch_dephelp
Scanning dependencies of target pch_Generate_opencv_features2d
[ 18%] Generating precomp.hpp
[ 18%] Generating precomp.hpp.gch/opencv_features2d_RELEASE.gch
[ 19%] Built target pch_Generate_opencv_features2d
[ 19%] Generating opencv_flann_pch_dephelp.cxx
Scanning dependencies of target opencv_flann_pch_dephelp
[ 19%] Building CXX object modules/flann/CMakeFiles/opencv_flann_pch_dephelp.dir/opencv_flann_pch_dephelp.o
In file included from /tmp/opencv.8OzeHZ/opencv-2.3.1/modules/flann/include/opencv2/flann/index_testing.h:41:0,
                 from /tmp/opencv.8OzeHZ/opencv-2.3.1/modules/flann/src/precomp.hpp:10,
                 from /tmp/opencv.8OzeHZ/opencv-2.3.1/release/modules/flann/opencv_flann_pch_dephelp.cxx:1:
/tmp/opencv.8OzeHZ/opencv-2.3.1/modules/flann/include/opencv2/flann/logger.h:73:9: note: the mangling of 'va_list' has changed in GCC 4.4
Linking CXX static library ../../lib/libopencv_flann_pch_dephelp.a
[ 19%] Built target opencv_flann_pch_dephelp
Scanning dependencies of target pch_Generate_opencv_flann
[ 19%] Generating precomp.hpp
[ 19%] Generating precomp.hpp.gch/opencv_flann_RELEASE.gch
In file included from /tmp/opencv.8OzeHZ/opencv-2.3.1/modules/flann/include/opencv2/flann/index_testing.h:41:0,
                 from /tmp/opencv.8OzeHZ/opencv-2.3.1/release/modules/flann/precomp.hpp:10:
/tmp/opencv.8OzeHZ/opencv-2.3.1/modules/flann/include/opencv2/flann/logger.h:73:9: note: the mangling of 'va_list' has changed in GCC 4.4
[ 19%] Built target pch_Generate_opencv_flann
Scanning dependencies of target opencv_flann
[ 20%] Building CXX object modules/flann/CMakeFiles/opencv_flann.dir/src/miniflann.o
[ 20%] Building CXX object modules/flann/CMakeFiles/opencv_flann.dir/src/flann.o
[ 20%] Building CXX object modules/flann/CMakeFiles/opencv_flann.dir/src/precomp.o
Linking CXX shared library ../../lib/libopencv_flann.so
[ 20%] Built target opencv_flann
Scanning dependencies of target libtiff
[ 21%] Building C object 3rdparty/libtiff/CMakeFiles/libtiff.dir/tif_aux.o
[ 21%] Building C object 3rdparty/libtiff/CMakeFiles/libtiff.dir/tif_close.o
[ 21%] Building C object 3rdparty/libtiff/CMakeFiles/libtiff.dir/tif_codec.o
[ 21%] Building C object 3rdparty/libtiff/CMakeFiles/libtiff.dir/tif_color.o
[ 21%] Building C object 3rdparty/libtiff/CMakeFiles/libtiff.dir/tif_compress.o
[ 22%] Building C object 3rdparty/libtiff/CMakeFiles/libtiff.dir/tif_dir.o
[ 22%] Building C object 3rdparty/libtiff/CMakeFiles/libtiff.dir/tif_dirinfo.o
[ 22%] Building C object 3rdparty/libtiff/CMakeFiles/libtiff.dir/tif_dirread.o
[ 22%] Building C object 3rdparty/libtiff/CMakeFiles/libtiff.dir/tif_dirwrite.o
[ 23%] Building C object 3rdparty/libtiff/CMakeFiles/libtiff.dir/tif_dumpmode.o
[ 23%] Building C object 3rdparty/libtiff/CMakeFiles/libtiff.dir/tif_error.o
[ 23%] Building C object 3rdparty/libtiff/CMakeFiles/libtiff.dir/tif_extension.o
[ 23%] Building C object 3rdparty/libtiff/CMakeFiles/libtiff.dir/tif_fax3.o
[ 23%] Building C object 3rdparty/libtiff/CMakeFiles/libtiff.dir/tif_fax3sm.o
[ 24%] Building C object 3rdparty/libtiff/CMakeFiles/libtiff.dir/tif_flush.o
[ 24%] Building C object 3rdparty/libtiff/CMakeFiles/libtiff.dir/tif_getimage.o
[ 24%] Building C object 3rdparty/libtiff/CMakeFiles/libtiff.dir/tif_jbig.o
[ 24%] Building C object 3rdparty/libtiff/CMakeFiles/libtiff.dir/tif_jpeg.o
[ 25%] Building C object 3rdparty/libtiff/CMakeFiles/libtiff.dir/tif_luv.o
[ 25%] Building C object 3rdparty/libtiff/CMakeFiles/libtiff.dir/tif_lzw.o
[ 25%] Building C object 3rdparty/libtiff/CMakeFiles/libtiff.dir/tif_next.o
[ 25%] Building C object 3rdparty/libtiff/CMakeFiles/libtiff.dir/tif_ojpeg.o
[ 26%] Building C object 3rdparty/libtiff/CMakeFiles/libtiff.dir/tif_open.o
[ 26%] Building C object 3rdparty/libtiff/CMakeFiles/libtiff.dir/tif_packbits.o
[ 26%] Building C object 3rdparty/libtiff/CMakeFiles/libtiff.dir/tif_pixarlog.o
[ 26%] Building C object 3rdparty/libtiff/CMakeFiles/libtiff.dir/tif_predict.o
[ 26%] Building C object 3rdparty/libtiff/CMakeFiles/libtiff.dir/tif_print.o
[ 27%] Building C object 3rdparty/libtiff/CMakeFiles/libtiff.dir/tif_read.o
[ 27%] Building CXX object 3rdparty/libtiff/CMakeFiles/libtiff.dir/tif_stream.o
/tmp/opencv.8OzeHZ/opencv-2.3.1/3rdparty/libtiff/tif_stream.cxx: In function 'toff_t _tiffosSeekProc(void*, toff_t, int)':
/tmp/opencv.8OzeHZ/opencv-2.3.1/3rdparty/libtiff/tif_stream.cxx:140:28: warning: comparison between signed and unsigned integer expressions
[ 27%] Building C object 3rdparty/libtiff/CMakeFiles/libtiff.dir/tif_strip.o
[ 27%] Building C object 3rdparty/libtiff/CMakeFiles/libtiff.dir/tif_swab.o
[ 28%] Building C object 3rdparty/libtiff/CMakeFiles/libtiff.dir/tif_thunder.o
[ 28%] Building C object 3rdparty/libtiff/CMakeFiles/libtiff.dir/tif_tile.o
[ 28%] Building C object 3rdparty/libtiff/CMakeFiles/libtiff.dir/tif_version.o
[ 28%] Building C object 3rdparty/libtiff/CMakeFiles/libtiff.dir/tif_warning.o
[ 28%] Building C object 3rdparty/libtiff/CMakeFiles/libtiff.dir/tif_write.o
[ 29%] Building C object 3rdparty/libtiff/CMakeFiles/libtiff.dir/tif_zip.o
[ 29%] Building C object 3rdparty/libtiff/CMakeFiles/libtiff.dir/tif_unix.o
Linking CXX static library ../lib/liblibtiff.a
[ 29%] Built target libtiff
[ 29%] Generating opencv_highgui_pch_dephelp.cxx
Scanning dependencies of target opencv_highgui_pch_dephelp
[ 30%] Building CXX object modules/highgui/CMakeFiles/opencv_highgui_pch_dephelp.dir/opencv_highgui_pch_dephelp.o
Linking CXX static library ../../lib/libopencv_highgui_pch_dephelp.a
[ 30%] Built target opencv_highgui_pch_dephelp
Scanning dependencies of target pch_Generate_opencv_highgui
[ 30%] Generating precomp.hpp
[ 30%] Generating precomp.hpp.gch/opencv_highgui_RELEASE.gch
[ 30%] Built target pch_Generate_opencv_highgui
Scanning dependencies of target libpng
[ 30%] Building C object 3rdparty/libpng/CMakeFiles/libpng.dir/pngerror.o
[ 30%] Building C object 3rdparty/libpng/CMakeFiles/libpng.dir/pngwrite.o
[ 30%] Building C object 3rdparty/libpng/CMakeFiles/libpng.dir/pngtrans.o
[ 31%] Building C object 3rdparty/libpng/CMakeFiles/libpng.dir/pngrtran.o
[ 31%] Building C object 3rdparty/libpng/CMakeFiles/libpng.dir/pngwtran.o
[ 31%] Building C object 3rdparty/libpng/CMakeFiles/libpng.dir/png.o
[ 31%] Building C object 3rdparty/libpng/CMakeFiles/libpng.dir/pngrutil.o
[ 31%] Building C object 3rdparty/libpng/CMakeFiles/libpng.dir/pngmem.o
[ 32%] Building C object 3rdparty/libpng/CMakeFiles/libpng.dir/pngwutil.o
[ 32%] Building C object 3rdparty/libpng/CMakeFiles/libpng.dir/pngtest.o
[ 32%] Building C object 3rdparty/libpng/CMakeFiles/libpng.dir/pngread.o
[ 32%] Building C object 3rdparty/libpng/CMakeFiles/libpng.dir/pngrio.o
[ 33%] Building C object 3rdparty/libpng/CMakeFiles/libpng.dir/pngwio.o
[ 33%] Building C object 3rdparty/libpng/CMakeFiles/libpng.dir/pngget.o
[ 33%] Building C object 3rdparty/libpng/CMakeFiles/libpng.dir/pngset.o
[ 33%] Building C object 3rdparty/libpng/CMakeFiles/libpng.dir/pngpread.o
Linking C static library ../lib/liblibpng.a
[ 33%] Built target libpng
Scanning dependencies of target libjasper
[ 33%] Building C object 3rdparty/libjasper/CMakeFiles/libjasper.dir/jpc_mqcod.o
[ 33%] Building C object 3rdparty/libjasper/CMakeFiles/libjasper.dir/jp2_dec.o
[ 33%] Building C object 3rdparty/libjasper/CMakeFiles/libjasper.dir/jpc_math.o
[ 33%] Building C object 3rdparty/libjasper/CMakeFiles/libjasper.dir/jp2_enc.o
[ 34%] Building C object 3rdparty/libjasper/CMakeFiles/libjasper.dir/jas_icc.o
[ 34%] Building C object 3rdparty/libjasper/CMakeFiles/libjasper.dir/jas_cm.o
[ 34%] Building C object 3rdparty/libjasper/CMakeFiles/libjasper.dir/jpc_t1dec.o
[ 34%] Building C object 3rdparty/libjasper/CMakeFiles/libjasper.dir/jpc_mqenc.o
[ 35%] Building C object 3rdparty/libjasper/CMakeFiles/libjasper.dir/jas_tvp.o
[ 35%] Building C object 3rdparty/libjasper/CMakeFiles/libjasper.dir/jas_string.o
[ 35%] Building C object 3rdparty/libjasper/CMakeFiles/libjasper.dir/jpc_t1cod.o
[ 35%] Building C object 3rdparty/libjasper/CMakeFiles/libjasper.dir/jas_getopt.o
[ 35%] Building C object 3rdparty/libjasper/CMakeFiles/libjasper.dir/jas_debug.o
[ 36%] Building C object 3rdparty/libjasper/CMakeFiles/libjasper.dir/jpc_mqdec.o
[ 36%] Building C object 3rdparty/libjasper/CMakeFiles/libjasper.dir/jpc_tsfb.o
[ 36%] Building C object 3rdparty/libjasper/CMakeFiles/libjasper.dir/jpc_cs.o
[ 36%] Building C object 3rdparty/libjasper/CMakeFiles/libjasper.dir/jpc_t1enc.o
[ 37%] Building C object 3rdparty/libjasper/CMakeFiles/libjasper.dir/jpc_t2cod.o
[ 37%] Building C object 3rdparty/libjasper/CMakeFiles/libjasper.dir/jpc_bs.o
[ 37%] Building C object 3rdparty/libjasper/CMakeFiles/libjasper.dir/jas_iccdata.o
[ 37%] Building C object 3rdparty/libjasper/CMakeFiles/libjasper.dir/jpc_dec.o
[ 37%] Building C object 3rdparty/libjasper/CMakeFiles/libjasper.dir/jpc_t2dec.o
[ 38%] Building C object 3rdparty/libjasper/CMakeFiles/libjasper.dir/jas_tmr.o
[ 38%] Building C object 3rdparty/libjasper/CMakeFiles/libjasper.dir/jas_malloc.o
[ 38%] Building C object 3rdparty/libjasper/CMakeFiles/libjasper.dir/jas_seq.o
[ 38%] Building C object 3rdparty/libjasper/CMakeFiles/libjasper.dir/jpc_mct.o
[ 39%] Building C object 3rdparty/libjasper/CMakeFiles/libjasper.dir/jas_stream.o
[ 39%] Building C object 3rdparty/libjasper/CMakeFiles/libjasper.dir/jpc_t2enc.o
[ 39%] Building C object 3rdparty/libjasper/CMakeFiles/libjasper.dir/jpc_qmfb.o
[ 39%] Building C object 3rdparty/libjasper/CMakeFiles/libjasper.dir/jpc_enc.o
[ 40%] Building C object 3rdparty/libjasper/CMakeFiles/libjasper.dir/jpc_tagtree.o
[ 40%] Building C object 3rdparty/libjasper/CMakeFiles/libjasper.dir/jas_version.o
[ 40%] Building C object 3rdparty/libjasper/CMakeFiles/libjasper.dir/jpc_util.o
[ 40%] Building C object 3rdparty/libjasper/CMakeFiles/libjasper.dir/jas_image.o
[ 40%] Building C object 3rdparty/libjasper/CMakeFiles/libjasper.dir/jp2_cod.o
[ 41%] Building C object 3rdparty/libjasper/CMakeFiles/libjasper.dir/jas_init.o
Linking C static library ../lib/liblibjasper.a
[ 41%] Built target libjasper
Scanning dependencies of target opencv_highgui
[ 42%] Building CXX object modules/highgui/CMakeFiles/opencv_highgui.dir/src/cap.o
[ 42%] Building CXX object modules/highgui/CMakeFiles/opencv_highgui.dir/src/cap_images.o
[ 42%] Building CXX object modules/highgui/CMakeFiles/opencv_highgui.dir/src/cap_ffmpeg.o
In file included from /tmp/opencv.8OzeHZ/opencv-2.3.1/modules/highgui/src/cap_ffmpeg.cpp:45:0:
/tmp/opencv.8OzeHZ/opencv-2.3.1/modules/highgui/src/cap_ffmpeg_impl.hpp: In member function 'bool CvCapture_FFMPEG::reopen()':
/tmp/opencv.8OzeHZ/opencv-2.3.1/modules/highgui/src/cap_ffmpeg_impl.hpp:486:5: warning: 'int av_open_input_file(AVFormatContext**, const char*, AVInputFormat*, int, AVFormatParameters*)' is deprecated (declared at /ffp/include/libavformat/avformat.h:1090)
/tmp/opencv.8OzeHZ/opencv-2.3.1/modules/highgui/src/cap_ffmpeg_impl.hpp:486:52: warning: 'int av_open_input_file(AVFormatContext**, const char*, AVInputFormat*, int, AVFormatParameters*)' is deprecated (declared at /ffp/include/libavformat/avformat.h:1090)
/tmp/opencv.8OzeHZ/opencv-2.3.1/modules/highgui/src/cap_ffmpeg_impl.hpp:494:5: warning: 'int avcodec_thread_init(AVCodecContext*, int)' is deprecated (declared at /ffp/include/libavcodec/avcodec.h:3680)
/tmp/opencv.8OzeHZ/opencv-2.3.1/modules/highgui/src/cap_ffmpeg_impl.hpp:494:50: warning: 'int avcodec_thread_init(AVCodecContext*, int)' is deprecated (declared at /ffp/include/libavcodec/avcodec.h:3680)
/tmp/opencv.8OzeHZ/opencv-2.3.1/modules/highgui/src/cap_ffmpeg_impl.hpp: In member function 'bool CvCapture_FFMPEG::open(const char*)':
/tmp/opencv.8OzeHZ/opencv-2.3.1/modules/highgui/src/cap_ffmpeg_impl.hpp:524:15: warning: 'int av_open_input_file(AVFormatContext**, const char*, AVInputFormat*, int, AVFormatParameters*)' is deprecated (declared at /ffp/include/libavformat/avformat.h:1090)
/tmp/opencv.8OzeHZ/opencv-2.3.1/modules/highgui/src/cap_ffmpeg_impl.hpp:524:63: warning: 'int av_open_input_file(AVFormatContext**, const char*, AVInputFormat*, int, AVFormatParameters*)' is deprecated (declared at /ffp/include/libavformat/avformat.h:1090)
/tmp/opencv.8OzeHZ/opencv-2.3.1/modules/highgui/src/cap_ffmpeg_impl.hpp:541:9: warning: 'int avcodec_thread_init(AVCodecContext*, int)' is deprecated (declared at /ffp/include/libavcodec/avcodec.h:3680)
/tmp/opencv.8OzeHZ/opencv-2.3.1/modules/highgui/src/cap_ffmpeg_impl.hpp:541:54: warning: 'int avcodec_thread_init(AVCodecContext*, int)' is deprecated (declared at /ffp/include/libavcodec/avcodec.h:3680)
In file included from /tmp/opencv.8OzeHZ/opencv-2.3.1/modules/highgui/src/cap_ffmpeg.cpp:45:0:
/tmp/opencv.8OzeHZ/opencv-2.3.1/modules/highgui/src/cap_ffmpeg_impl.hpp: In member function 'void CvVideoWriter_FFMPEG::close()':
/tmp/opencv.8OzeHZ/opencv-2.3.1/modules/highgui/src/cap_ffmpeg_impl.hpp:1298:3: warning: 'int url_fclose(AVIOContext*)' is deprecated (declared at /ffp/include/libavformat/avio.h:280)
/tmp/opencv.8OzeHZ/opencv-2.3.1/modules/highgui/src/cap_ffmpeg_impl.hpp:1298:20: warning: 'int url_fclose(AVIOContext*)' is deprecated (declared at /ffp/include/libavformat/avio.h:280)
/tmp/opencv.8OzeHZ/opencv-2.3.1/modules/highgui/src/cap_ffmpeg_impl.hpp: In member function 'bool CvVideoWriter_FFMPEG::open(const char*, int, double, int, int, bool)':
/tmp/opencv.8OzeHZ/opencv-2.3.1/modules/highgui/src/cap_ffmpeg_impl.hpp:1411:9: warning: 'int av_set_parameters(AVFormatContext*, AVFormatParameters*)' is deprecated (declared at /ffp/include/libavformat/avformat.h:1434)
/tmp/opencv.8OzeHZ/opencv-2.3.1/modules/highgui/src/cap_ffmpeg_impl.hpp:1411:35: warning: 'int av_set_parameters(AVFormatContext*, AVFormatParameters*)' is deprecated (declared at /ffp/include/libavformat/avformat.h:1434)
/tmp/opencv.8OzeHZ/opencv-2.3.1/modules/highgui/src/cap_ffmpeg_impl.hpp:1415:5: warning: 'void dump_format(AVFormatContext*, int, const char*, int)' is deprecated (declared at /ffp/include/libavformat/avformat.h:1559)
/tmp/opencv.8OzeHZ/opencv-2.3.1/modules/highgui/src/cap_ffmpeg_impl.hpp:1415:35: warning: 'void dump_format(AVFormatContext*, int, const char*, int)' is deprecated (declared at /ffp/include/libavformat/avformat.h:1559)
/tmp/opencv.8OzeHZ/opencv-2.3.1/modules/highgui/src/cap_ffmpeg_impl.hpp:1479:13: warning: 'int url_fopen(AVIOContext**, const char*, int)' is deprecated (declared at /ffp/include/libavformat/avio.h:279)
/tmp/opencv.8OzeHZ/opencv-2.3.1/modules/highgui/src/cap_ffmpeg_impl.hpp:1479:52: warning: 'int url_fopen(AVIOContext**, const char*, int)' is deprecated (declared at /ffp/include/libavformat/avio.h:279)
/tmp/opencv.8OzeHZ/opencv-2.3.1/modules/highgui/src/cap_ffmpeg_impl.hpp:1485:5: warning: 'int av_write_header(AVFormatContext*)' is deprecated (declared at /ffp/include/libavformat/avformat.h:1492)
/tmp/opencv.8OzeHZ/opencv-2.3.1/modules/highgui/src/cap_ffmpeg_impl.hpp:1485:25: warning: 'int av_write_header(AVFormatContext*)' is deprecated (declared at /ffp/include/libavformat/avformat.h:1492)
[ 42%] Building CXX object modules/highgui/CMakeFiles/opencv_highgui.dir/src/loadsave.o
[ 42%] Building CXX object modules/highgui/CMakeFiles/opencv_highgui.dir/src/precomp.o
[ 43%] Building CXX object modules/highgui/CMakeFiles/opencv_highgui.dir/src/utils.o
[ 43%] Building CXX object modules/highgui/CMakeFiles/opencv_highgui.dir/src/window.o
[ 43%] Building CXX object modules/highgui/CMakeFiles/opencv_highgui.dir/src/bitstrm.o
[ 43%] Building CXX object modules/highgui/CMakeFiles/opencv_highgui.dir/src/grfmt_base.o
[ 44%] Building CXX object modules/highgui/CMakeFiles/opencv_highgui.dir/src/grfmt_sunras.o
[ 44%] Building CXX object modules/highgui/CMakeFiles/opencv_highgui.dir/src/grfmt_exr.o
[ 44%] Building CXX object modules/highgui/CMakeFiles/opencv_highgui.dir/src/grfmt_pxm.o
[ 44%] Building CXX object modules/highgui/CMakeFiles/opencv_highgui.dir/src/grfmt_jpeg2000.o
[ 45%] Building CXX object modules/highgui/CMakeFiles/opencv_highgui.dir/src/grfmt_jpeg.o
[ 45%] Building CXX object modules/highgui/CMakeFiles/opencv_highgui.dir/src/grfmt_imageio.o
[ 45%] Building CXX object modules/highgui/CMakeFiles/opencv_highgui.dir/src/grfmt_bmp.o
[ 45%] Building CXX object modules/highgui/CMakeFiles/opencv_highgui.dir/src/grfmt_tiff.o
/tmp/opencv.8OzeHZ/opencv-2.3.1/modules/highgui/src/grfmt_tiff.cpp:62:13: note: the mangling of 'va_list' has changed in GCC 4.4
[ 45%] Building CXX object modules/highgui/CMakeFiles/opencv_highgui.dir/src/grfmt_png.o
Linking CXX shared library ../../lib/libopencv_highgui.so
[ 45%] Built target opencv_highgui
Scanning dependencies of target opencv_features2d
[ 46%] Building CXX object modules/features2d/CMakeFiles/opencv_features2d.dir/src/planardetect.o
[ 46%] Building CXX object modules/features2d/CMakeFiles/opencv_features2d.dir/src/brief.o
[ 46%] Building CXX object modules/features2d/CMakeFiles/opencv_features2d.dir/src/calonder.o
[ 46%] Building CXX object modules/features2d/CMakeFiles/opencv_features2d.dir/src/draw.o
[ 46%] Building CXX object modules/features2d/CMakeFiles/opencv_features2d.dir/src/evaluation.o
[ 47%] Building CXX object modules/features2d/CMakeFiles/opencv_features2d.dir/src/mser.o
[ 47%] Building CXX object modules/features2d/CMakeFiles/opencv_features2d.dir/src/oneway.o
[ 47%] Building CXX object modules/features2d/CMakeFiles/opencv_features2d.dir/src/precomp.o
[ 47%] Building CXX object modules/features2d/CMakeFiles/opencv_features2d.dir/src/bagofwords.o
[ 48%] Building CXX object modules/features2d/CMakeFiles/opencv_features2d.dir/src/detectors.o
[ 48%] Building CXX object modules/features2d/CMakeFiles/opencv_features2d.dir/src/sift.o
[ 48%] Building CXX object modules/features2d/CMakeFiles/opencv_features2d.dir/src/blobdetector.o
[ 48%] Building CXX object modules/features2d/CMakeFiles/opencv_features2d.dir/src/surf.o
[ 48%] Building CXX object modules/features2d/CMakeFiles/opencv_features2d.dir/src/descriptors.o
[ 49%] Building CXX object modules/features2d/CMakeFiles/opencv_features2d.dir/src/dynamic.o
[ 49%] Building CXX object modules/features2d/CMakeFiles/opencv_features2d.dir/src/keypoint.o
[ 49%] Building CXX object modules/features2d/CMakeFiles/opencv_features2d.dir/src/stardetector.o
[ 49%] Building CXX object modules/features2d/CMakeFiles/opencv_features2d.dir/src/fast.o
[ 50%] Building CXX object modules/features2d/CMakeFiles/opencv_features2d.dir/src/orb.o
[ 50%] Building CXX object modules/features2d/CMakeFiles/opencv_features2d.dir/src/matchers.o
Linking CXX shared library ../../lib/libopencv_features2d.so
[ 50%] Built target opencv_features2d
Scanning dependencies of target opencv_calib3d
[ 50%] Building CXX object modules/calib3d/CMakeFiles/opencv_calib3d.dir/src/calibinit.o
[ 50%] Building CXX object modules/calib3d/CMakeFiles/opencv_calib3d.dir/src/circlesgrid.o
[ 51%] Building CXX object modules/calib3d/CMakeFiles/opencv_calib3d.dir/src/calibration.o
[ 51%] Building CXX object modules/calib3d/CMakeFiles/opencv_calib3d.dir/src/stereosgbm.o
[ 51%] Building CXX object modules/calib3d/CMakeFiles/opencv_calib3d.dir/src/fundam.o
[ 51%] Building CXX object modules/calib3d/CMakeFiles/opencv_calib3d.dir/src/triangulate.o
[ 51%] Building CXX object modules/calib3d/CMakeFiles/opencv_calib3d.dir/src/precomp.o
[ 52%] Building CXX object modules/calib3d/CMakeFiles/opencv_calib3d.dir/src/quadsubpix.o
[ 52%] Building CXX object modules/calib3d/CMakeFiles/opencv_calib3d.dir/src/stereobm.o
[ 52%] Building CXX object modules/calib3d/CMakeFiles/opencv_calib3d.dir/src/checkchessboard.o
[ 52%] Building CXX object modules/calib3d/CMakeFiles/opencv_calib3d.dir/src/stereogc.o
[ 53%] Building CXX object modules/calib3d/CMakeFiles/opencv_calib3d.dir/src/posit.o
[ 53%] Building CXX object modules/calib3d/CMakeFiles/opencv_calib3d.dir/src/modelest.o
[ 53%] Building CXX object modules/calib3d/CMakeFiles/opencv_calib3d.dir/src/solvepnp.o
Linking CXX shared library ../../lib/libopencv_calib3d.so
[ 53%] Built target opencv_calib3d
[ 53%] Generating opencv_video_pch_dephelp.cxx
Scanning dependencies of target opencv_video_pch_dephelp
[ 53%] Building CXX object modules/video/CMakeFiles/opencv_video_pch_dephelp.dir/opencv_video_pch_dephelp.o
Linking CXX static library ../../lib/libopencv_video_pch_dephelp.a
[ 53%] Built target opencv_video_pch_dephelp
Scanning dependencies of target pch_Generate_opencv_video
[ 53%] Generating precomp.hpp
[ 53%] Generating precomp.hpp.gch/opencv_video_RELEASE.gch
[ 54%] Built target pch_Generate_opencv_video
Scanning dependencies of target opencv_video
[ 55%] Building CXX object modules/video/CMakeFiles/opencv_video.dir/src/bgfg_gaussmix2.o
[ 55%] Building CXX object modules/video/CMakeFiles/opencv_video.dir/src/bgfg_common.o
[ 55%] Building CXX object modules/video/CMakeFiles/opencv_video.dir/src/bgfg_gaussmix.o
[ 55%] Building CXX object modules/video/CMakeFiles/opencv_video.dir/src/camshift.o
[ 56%] Building CXX object modules/video/CMakeFiles/opencv_video.dir/src/optflowgf.o
[ 56%] Building CXX object modules/video/CMakeFiles/opencv_video.dir/src/precomp.o
[ 56%] Building CXX object modules/video/CMakeFiles/opencv_video.dir/src/kalman.o
[ 56%] Building CXX object modules/video/CMakeFiles/opencv_video.dir/src/lkpyramid.o
[ 56%] Building CXX object modules/video/CMakeFiles/opencv_video.dir/src/motempl.o
[ 57%] Building CXX object modules/video/CMakeFiles/opencv_video.dir/src/optflowbm.o
[ 57%] Building CXX object modules/video/CMakeFiles/opencv_video.dir/src/optflowlk.o
[ 57%] Building CXX object modules/video/CMakeFiles/opencv_video.dir/src/bgfg_codebook.o
[ 57%] Building CXX object modules/video/CMakeFiles/opencv_video.dir/src/optflowhs.o
[ 58%] Building CXX object modules/video/CMakeFiles/opencv_video.dir/src/bgfg_acmmm2003.o
Linking CXX shared library ../../lib/libopencv_video.so
[ 58%] Built target opencv_video
[ 58%] Generating opencv_legacy_pch_dephelp.cxx
Scanning dependencies of target opencv_legacy_pch_dephelp
[ 58%] Building CXX object modules/legacy/CMakeFiles/opencv_legacy_pch_dephelp.dir/opencv_legacy_pch_dephelp.o
Linking CXX static library ../../lib/libopencv_legacy_pch_dephelp.a
[ 58%] Built target opencv_legacy_pch_dephelp
Scanning dependencies of target pch_Generate_opencv_legacy
[ 58%] Generating precomp.hpp
[ 58%] Generating precomp.hpp.gch/opencv_legacy_RELEASE.gch
[ 58%] Built target pch_Generate_opencv_legacy
Scanning dependencies of target opencv_legacy
[ 58%] Building CXX object modules/legacy/CMakeFiles/opencv_legacy.dir/src/blobtrackgen1.o
[ 59%] Building CXX object modules/legacy/CMakeFiles/opencv_legacy.dir/src/blobtrackpostproclist.o
[ 59%] Building CXX object modules/legacy/CMakeFiles/opencv_legacy.dir/src/lines.o
[ 59%] Building CXX object modules/legacy/CMakeFiles/opencv_legacy.dir/src/levmartrif.o
[ 59%] Building CXX object modules/legacy/CMakeFiles/opencv_legacy.dir/src/blobtrackingmsfgs.o
[ 59%] Building CXX object modules/legacy/CMakeFiles/opencv_legacy.dir/src/blobtrackanalysisior.o
[ 60%] Building CXX object modules/legacy/CMakeFiles/opencv_legacy.dir/src/decomppoly.o
[ 60%] Building CXX object modules/legacy/CMakeFiles/opencv_legacy.dir/src/findface.o
[ 60%] Building CXX object modules/legacy/CMakeFiles/opencv_legacy.dir/src/3dtracker.o
[ 60%] Building CXX object modules/legacy/CMakeFiles/opencv_legacy.dir/src/eigenobjects.o
[ 61%] Building CXX object modules/legacy/CMakeFiles/opencv_legacy.dir/src/blobtrackpostproclinear.o
[ 61%] Building CXX object modules/legacy/CMakeFiles/opencv_legacy.dir/src/lee.o
[ 61%] Building CXX object modules/legacy/CMakeFiles/opencv_legacy.dir/src/hmmobs.o
[ 61%] Building CXX object modules/legacy/CMakeFiles/opencv_legacy.dir/src/blobtrackanalysishist.o
[ 61%] Building CXX object modules/legacy/CMakeFiles/opencv_legacy.dir/src/dpstereo.o
[ 62%] Building CXX object modules/legacy/CMakeFiles/opencv_legacy.dir/src/pgh.o
[ 62%] Building CXX object modules/legacy/CMakeFiles/opencv_legacy.dir/src/testseq.o
[ 62%] Building CXX object modules/legacy/CMakeFiles/opencv_legacy.dir/src/subdiv2.o
[ 62%] Building CXX object modules/legacy/CMakeFiles/opencv_legacy.dir/src/blobtrackingkalman.o
[ 63%] Building CXX object modules/legacy/CMakeFiles/opencv_legacy.dir/src/facedetection.o
[ 63%] Building CXX object modules/legacy/CMakeFiles/opencv_legacy.dir/src/texture.o
[ 63%] Building CXX object modules/legacy/CMakeFiles/opencv_legacy.dir/src/camshift.o
[ 63%] Building CXX object modules/legacy/CMakeFiles/opencv_legacy.dir/src/snakes.o
[ 64%] Building CXX object modules/legacy/CMakeFiles/opencv_legacy.dir/src/facetemplate.o
[ 64%] Building CXX object modules/legacy/CMakeFiles/opencv_legacy.dir/src/video.o
[ 64%] Building CXX object modules/legacy/CMakeFiles/opencv_legacy.dir/src/condens.o
[ 64%] Building CXX object modules/legacy/CMakeFiles/opencv_legacy.dir/src/blobtrackpostprockalman.o
[ 64%] Building CXX object modules/legacy/CMakeFiles/opencv_legacy.dir/src/auxutils.o
[ 65%] Building CXX object modules/legacy/CMakeFiles/opencv_legacy.dir/src/lcm.o
[ 65%] Building CXX object modules/legacy/CMakeFiles/opencv_legacy.dir/src/vecfacetracking.o
[ 65%] Building CXX object modules/legacy/CMakeFiles/opencv_legacy.dir/src/blobtrack.o
[ 65%] Building CXX object modules/legacy/CMakeFiles/opencv_legacy.dir/src/blobtrackingccwithcr.o
[ 66%] Building CXX object modules/legacy/CMakeFiles/opencv_legacy.dir/src/blobtrackingcc.o
[ 66%] Building CXX object modules/legacy/CMakeFiles/opencv_legacy.dir/src/levmar.o
[ 66%] Building CXX object modules/legacy/CMakeFiles/opencv_legacy.dir/src/image.o
[ 66%] Building CXX object modules/legacy/CMakeFiles/opencv_legacy.dir/src/epilines.o
[ 66%] Building CXX object modules/legacy/CMakeFiles/opencv_legacy.dir/src/contourtree.o
[ 67%] Building CXX object modules/legacy/CMakeFiles/opencv_legacy.dir/src/enteringblobdetectionreal.o
[ 67%] Building CXX object modules/legacy/CMakeFiles/opencv_legacy.dir/src/blobtrackinglist.o
[ 67%] Building CXX object modules/legacy/CMakeFiles/opencv_legacy.dir/src/prewarp.o
[ 67%] Building CXX object modules/legacy/CMakeFiles/opencv_legacy.dir/src/blobtrackingauto.o
[ 68%] Building CXX object modules/legacy/CMakeFiles/opencv_legacy.dir/src/enteringblobdetection.o
[ 68%] Building CXX object modules/legacy/CMakeFiles/opencv_legacy.dir/src/precomp.o
[ 68%] Building CXX object modules/legacy/CMakeFiles/opencv_legacy.dir/src/blobtrackgenyml.o
[ 68%] Building CXX object modules/legacy/CMakeFiles/opencv_legacy.dir/src/morphing.o
[ 69%] Building CXX object modules/legacy/CMakeFiles/opencv_legacy.dir/src/bgfg_estimation.o
[ 69%] Building CXX object modules/legacy/CMakeFiles/opencv_legacy.dir/src/hmm1d.o
[ 69%] Building CXX object modules/legacy/CMakeFiles/opencv_legacy.dir/src/face.o
[ 69%] Building CXX object modules/legacy/CMakeFiles/opencv_legacy.dir/src/trifocal.o
[ 69%] Building CXX object modules/legacy/CMakeFiles/opencv_legacy.dir/src/segment.o
[ 70%] Building CXX object modules/legacy/CMakeFiles/opencv_legacy.dir/src/dominants.o
[ 70%] Building CXX object modules/legacy/CMakeFiles/opencv_legacy.dir/src/lmeds.o
[ 70%] Building CXX object modules/legacy/CMakeFiles/opencv_legacy.dir/src/extendededges.o
[ 70%] Building CXX object modules/legacy/CMakeFiles/opencv_legacy.dir/src/morphcontours.o
[ 71%] Building CXX object modules/legacy/CMakeFiles/opencv_legacy.dir/src/blobtrackanalysistrackdist.o
[ 71%] Building CXX object modules/legacy/CMakeFiles/opencv_legacy.dir/src/scanlines.o
[ 71%] Building CXX object modules/legacy/CMakeFiles/opencv_legacy.dir/src/blobtrackingmsfg.o
[ 71%] Building CXX object modules/legacy/CMakeFiles/opencv_legacy.dir/src/enmin.o
[ 71%] Building CXX object modules/legacy/CMakeFiles/opencv_legacy.dir/src/compat.o
[ 72%] Building CXX object modules/legacy/CMakeFiles/opencv_legacy.dir/src/findhandregion.o
[ 72%] Building CXX object modules/legacy/CMakeFiles/opencv_legacy.dir/src/corrimages.o
[ 72%] Building CXX object modules/legacy/CMakeFiles/opencv_legacy.dir/src/blobtrackanalysis.o
[ 72%] Building CXX object modules/legacy/CMakeFiles/opencv_legacy.dir/src/correspond.o
[ 73%] Building CXX object modules/legacy/CMakeFiles/opencv_legacy.dir/src/createhandmask.o
[ 73%] Building CXX object modules/legacy/CMakeFiles/opencv_legacy.dir/src/clique.o
[ 73%] Building CXX object modules/legacy/CMakeFiles/opencv_legacy.dir/src/hmm.o
[ 73%] Building CXX object modules/legacy/CMakeFiles/opencv_legacy.dir/src/calibfilter.o
[ 74%] Building CXX object modules/legacy/CMakeFiles/opencv_legacy.dir/src/calcimagehomography.o
[ 74%] Building CXX object modules/legacy/CMakeFiles/opencv_legacy.dir/src/levmarprojbandle.o
Linking CXX shared library ../../lib/libopencv_legacy.so
[ 74%] Built target opencv_legacy
[ 74%] Generating opencv_contrib_pch_dephelp.cxx
Scanning dependencies of target opencv_contrib_pch_dephelp
[ 75%] Building CXX object modules/contrib/CMakeFiles/opencv_contrib_pch_dephelp.dir/opencv_contrib_pch_dephelp.o
Linking CXX static library ../../lib/libopencv_contrib_pch_dephelp.a
[ 75%] Built target opencv_contrib_pch_dephelp
Scanning dependencies of target pch_Generate_opencv_contrib
[ 75%] Generating precomp.hpp
[ 75%] Generating precomp.hpp.gch/opencv_contrib_RELEASE.gch
[ 75%] Built target pch_Generate_opencv_contrib
[ 75%] Generating opencv_ml_pch_dephelp.cxx
Scanning dependencies of target opencv_ml_pch_dephelp
[ 75%] Building CXX object modules/ml/CMakeFiles/opencv_ml_pch_dephelp.dir/opencv_ml_pch_dephelp.o
Linking CXX static library ../../lib/libopencv_ml_pch_dephelp.a
[ 75%] Built target opencv_ml_pch_dephelp
Scanning dependencies of target pch_Generate_opencv_ml
[ 75%] Generating precomp.hpp
[ 75%] Generating precomp.hpp.gch/opencv_ml_RELEASE.gch
[ 76%] Built target pch_Generate_opencv_ml
Scanning dependencies of target opencv_ml
[ 76%] Building CXX object modules/ml/CMakeFiles/opencv_ml.dir/src/knearest.o
[ 77%] Building CXX object modules/ml/CMakeFiles/opencv_ml.dir/src/estimate.o
[ 77%] Building CXX object modules/ml/CMakeFiles/opencv_ml.dir/src/cnn.o
[ 77%] Building CXX object modules/ml/CMakeFiles/opencv_ml.dir/src/svm.o
[ 77%] Building CXX object modules/ml/CMakeFiles/opencv_ml.dir/src/em.o
[ 78%] Building CXX object modules/ml/CMakeFiles/opencv_ml.dir/src/data.o
[ 78%] Building CXX object modules/ml/CMakeFiles/opencv_ml.dir/src/precomp.o
[ 78%] Building CXX object modules/ml/CMakeFiles/opencv_ml.dir/src/ertrees.o
[ 78%] Building CXX object modules/ml/CMakeFiles/opencv_ml.dir/src/boost.o
[ 78%] Building CXX object modules/ml/CMakeFiles/opencv_ml.dir/src/nbayes.o
[ 79%] Building CXX object modules/ml/CMakeFiles/opencv_ml.dir/src/ann_mlp.o
[ 79%] Building CXX object modules/ml/CMakeFiles/opencv_ml.dir/src/inner_functions.o
[ 79%] Building CXX object modules/ml/CMakeFiles/opencv_ml.dir/src/rtrees.o
[ 79%] Building CXX object modules/ml/CMakeFiles/opencv_ml.dir/src/testset.o
[ 80%] Building CXX object modules/ml/CMakeFiles/opencv_ml.dir/src/tree.o
[ 80%] Building CXX object modules/ml/CMakeFiles/opencv_ml.dir/src/gbt.o
Linking CXX shared library ../../lib/libopencv_ml.so
[ 80%] Built target opencv_ml
[ 80%] Generating opencv_objdetect_pch_dephelp.cxx
Scanning dependencies of target opencv_objdetect_pch_dephelp
[ 80%] Building CXX object modules/objdetect/CMakeFiles/opencv_objdetect_pch_dephelp.dir/opencv_objdetect_pch_dephelp.o
Linking CXX static library ../../lib/libopencv_objdetect_pch_dephelp.a
[ 80%] Built target opencv_objdetect_pch_dephelp
Scanning dependencies of target pch_Generate_opencv_objdetect
[ 80%] Generating precomp.hpp
[ 80%] Generating precomp.hpp.gch/opencv_objdetect_RELEASE.gch
[ 80%] Built target pch_Generate_opencv_objdetect
Scanning dependencies of target opencv_objdetect
[ 80%] Building CXX object modules/objdetect/CMakeFiles/opencv_objdetect.dir/src/resizeimg.o
[ 81%] Building CXX object modules/objdetect/CMakeFiles/opencv_objdetect.dir/src/planardetect.o
[ 81%] Building CXX object modules/objdetect/CMakeFiles/opencv_objdetect.dir/src/latentsvm.o
[ 81%] Building CXX object modules/objdetect/CMakeFiles/opencv_objdetect.dir/src/hog.o
[ 81%] Building CXX object modules/objdetect/CMakeFiles/opencv_objdetect.dir/src/routine.o
[ 82%] Building CXX object modules/objdetect/CMakeFiles/opencv_objdetect.dir/src/matching.o
[ 82%] Building CXX object modules/objdetect/CMakeFiles/opencv_objdetect.dir/src/latentsvmdetector.o
[ 82%] Building CXX object modules/objdetect/CMakeFiles/opencv_objdetect.dir/src/precomp.o
[ 82%] Building CXX object modules/objdetect/CMakeFiles/opencv_objdetect.dir/src/lsvmparser.o
[ 83%] Building CXX object modules/objdetect/CMakeFiles/opencv_objdetect.dir/src/featurepyramid.o
[ 83%] Building CXX object modules/objdetect/CMakeFiles/opencv_objdetect.dir/src/cascadedetect.o
[ 83%] Building CXX object modules/objdetect/CMakeFiles/opencv_objdetect.dir/src/fft.o
[ 83%] Building CXX object modules/objdetect/CMakeFiles/opencv_objdetect.dir/src/distancetransform.o
[ 83%] Building CXX object modules/objdetect/CMakeFiles/opencv_objdetect.dir/src/datamatrix.o
[ 84%] Building CXX object modules/objdetect/CMakeFiles/opencv_objdetect.dir/src/lsvmtbbversion.o
[ 84%] Building CXX object modules/objdetect/CMakeFiles/opencv_objdetect.dir/src/haar.o
Linking CXX shared library ../../lib/libopencv_objdetect.so
[ 84%] Built target opencv_objdetect
Scanning dependencies of target opencv_contrib
[ 84%] Building CXX object modules/contrib/CMakeFiles/opencv_contrib.dir/src/magnoretinafilter.o
In file included from /tmp/opencv.8OzeHZ/opencv-2.3.1/modules/contrib/src/basicretinafilter.hpp:107:0,
                 from /tmp/opencv.8OzeHZ/opencv-2.3.1/modules/contrib/src/magnoretinafilter.hpp:96,
                 from /tmp/opencv.8OzeHZ/opencv-2.3.1/modules/contrib/src/magnoretinafilter.cpp:69:
/tmp/opencv.8OzeHZ/opencv-2.3.1/modules/contrib/src/templatebuffer.hpp: In member function 'void cv::TemplateBuffer<type>::normalizeGrayOutputCentredSigmoide(type, type, type) [with type = double]':
/tmp/opencv.8OzeHZ/opencv-2.3.1/modules/contrib/src/basicretinafilter.hpp:331:100:   instantiated from here
/tmp/opencv.8OzeHZ/opencv-2.3.1/modules/contrib/src/templatebuffer.hpp:263:154: warning: right-hand operand of comma has no effect
[ 84%] Building CXX object modules/contrib/CMakeFiles/opencv_contrib.dir/src/octree.o
[ 84%] Building CXX object modules/contrib/CMakeFiles/opencv_contrib.dir/src/retinafilter.o
In file included from /tmp/opencv.8OzeHZ/opencv-2.3.1/modules/contrib/src/basicretinafilter.hpp:107:0,
                 from /tmp/opencv.8OzeHZ/opencv-2.3.1/modules/contrib/src/retinafilter.hpp:101,
                 from /tmp/opencv.8OzeHZ/opencv-2.3.1/modules/contrib/src/retinafilter.cpp:67:
/tmp/opencv.8OzeHZ/opencv-2.3.1/modules/contrib/src/templatebuffer.hpp: In member function 'void cv::TemplateBuffer<type>::normalizeGrayOutputCentredSigmoide(type, type, type) [with type = double]':
/tmp/opencv.8OzeHZ/opencv-2.3.1/modules/contrib/src/basicretinafilter.hpp:331:100:   instantiated from here
/tmp/opencv.8OzeHZ/opencv-2.3.1/modules/contrib/src/templatebuffer.hpp:263:154: warning: right-hand operand of comma has no effect
[ 84%] Building CXX object modules/contrib/CMakeFiles/opencv_contrib.dir/src/polyfit.o
[ 85%] Building CXX object modules/contrib/CMakeFiles/opencv_contrib.dir/src/adaptiveskindetector.o
[ 85%] Building CXX object modules/contrib/CMakeFiles/opencv_contrib.dir/src/retina.o
In file included from /tmp/opencv.8OzeHZ/opencv-2.3.1/modules/contrib/src/basicretinafilter.hpp:107:0,
                 from /tmp/opencv.8OzeHZ/opencv-2.3.1/modules/contrib/src/retinafilter.hpp:101,
                 from /tmp/opencv.8OzeHZ/opencv-2.3.1/modules/contrib/src/retina.cpp:72:
/tmp/opencv.8OzeHZ/opencv-2.3.1/modules/contrib/src/templatebuffer.hpp: In member function 'void cv::TemplateBuffer<type>::normalizeGrayOutputCentredSigmoide(type, type, type) [with type = double]':
/tmp/opencv.8OzeHZ/opencv-2.3.1/modules/contrib/src/basicretinafilter.hpp:331:100:   instantiated from here
/tmp/opencv.8OzeHZ/opencv-2.3.1/modules/contrib/src/templatebuffer.hpp:263:154: warning: right-hand operand of comma has no effect
[ 85%] Building CXX object modules/contrib/CMakeFiles/opencv_contrib.dir/src/basicretinafilter.o
In file included from /tmp/opencv.8OzeHZ/opencv-2.3.1/modules/contrib/src/basicretinafilter.hpp:107:0,
                 from /tmp/opencv.8OzeHZ/opencv-2.3.1/modules/contrib/src/basicretinafilter.cpp:69:
/tmp/opencv.8OzeHZ/opencv-2.3.1/modules/contrib/src/templatebuffer.hpp: In member function 'void cv::TemplateBuffer<type>::normalizeGrayOutputCentredSigmoide(type, type, type) [with type = double]':
/tmp/opencv.8OzeHZ/opencv-2.3.1/modules/contrib/src/basicretinafilter.hpp:331:100:   instantiated from here
/tmp/opencv.8OzeHZ/opencv-2.3.1/modules/contrib/src/templatebuffer.hpp:263:154: warning: right-hand operand of comma has no effect
[ 85%] Building CXX object modules/contrib/CMakeFiles/opencv_contrib.dir/src/retinacolor.o
In file included from /tmp/opencv.8OzeHZ/opencv-2.3.1/modules/contrib/src/basicretinafilter.hpp:107:0,
                 from /tmp/opencv.8OzeHZ/opencv-2.3.1/modules/contrib/src/retinacolor.hpp:82,
                 from /tmp/opencv.8OzeHZ/opencv-2.3.1/modules/contrib/src/retinacolor.cpp:67:
/tmp/opencv.8OzeHZ/opencv-2.3.1/modules/contrib/src/templatebuffer.hpp: In member function 'void cv::TemplateBuffer<type>::normalizeGrayOutputCentredSigmoide(type, type, type) [with type = double]':
/tmp/opencv.8OzeHZ/opencv-2.3.1/modules/contrib/src/basicretinafilter.hpp:331:100:   instantiated from here
/tmp/opencv.8OzeHZ/opencv-2.3.1/modules/contrib/src/templatebuffer.hpp:263:154: warning: right-hand operand of comma has no effect
[ 86%] Building CXX object modules/contrib/CMakeFiles/opencv_contrib.dir/src/stereovar.o
/tmp/opencv.8OzeHZ/opencv-2.3.1/modules/contrib/src/stereovar.cpp: In function 'cv::Mat cv::diffX(cv::Mat&)':
/tmp/opencv.8OzeHZ/opencv-2.3.1/modules/contrib/src/stereovar.cpp:70:15: warning: 'x' may be used uninitialized in this function
[ 86%] Building CXX object modules/contrib/CMakeFiles/opencv_contrib.dir/src/precomp.o
[ 86%] Building CXX object modules/contrib/CMakeFiles/opencv_contrib.dir/src/imagelogpolprojection.o
In file included from /tmp/opencv.8OzeHZ/opencv-2.3.1/modules/contrib/src/basicretinafilter.hpp:107:0,
                 from /tmp/opencv.8OzeHZ/opencv-2.3.1/modules/contrib/src/imagelogpolprojection.hpp:101,
                 from /tmp/opencv.8OzeHZ/opencv-2.3.1/modules/contrib/src/imagelogpolprojection.cpp:66:
/tmp/opencv.8OzeHZ/opencv-2.3.1/modules/contrib/src/templatebuffer.hpp: In member function 'void cv::TemplateBuffer<type>::normalizeGrayOutputCentredSigmoide(type, type, type) [with type = double]':
/tmp/opencv.8OzeHZ/opencv-2.3.1/modules/contrib/src/basicretinafilter.hpp:331:100:   instantiated from here
/tmp/opencv.8OzeHZ/opencv-2.3.1/modules/contrib/src/templatebuffer.hpp:263:154: warning: right-hand operand of comma has no effect
[ 86%] Building CXX object modules/contrib/CMakeFiles/opencv_contrib.dir/src/parvoretinafilter.o
In file included from /tmp/opencv.8OzeHZ/opencv-2.3.1/modules/contrib/src/basicretinafilter.hpp:107:0,
                 from /tmp/opencv.8OzeHZ/opencv-2.3.1/modules/contrib/src/parvoretinafilter.hpp:99,
                 from /tmp/opencv.8OzeHZ/opencv-2.3.1/modules/contrib/src/parvoretinafilter.cpp:67:
/tmp/opencv.8OzeHZ/opencv-2.3.1/modules/contrib/src/templatebuffer.hpp: In member function 'void cv::TemplateBuffer<type>::normalizeGrayOutputCentredSigmoide(type, type, type) [with type = double]':
/tmp/opencv.8OzeHZ/opencv-2.3.1/modules/contrib/src/basicretinafilter.hpp:331:100:   instantiated from here
/tmp/opencv.8OzeHZ/opencv-2.3.1/modules/contrib/src/templatebuffer.hpp:263:154: warning: right-hand operand of comma has no effect
[ 86%] Building CXX object modules/contrib/CMakeFiles/opencv_contrib.dir/src/fuzzymeanshifttracker.o
[ 87%] Building CXX object modules/contrib/CMakeFiles/opencv_contrib.dir/src/spinimages.o
[ 87%] Building CXX object modules/contrib/CMakeFiles/opencv_contrib.dir/src/selfsimilarity.o
[ 87%] Building CXX object modules/contrib/CMakeFiles/opencv_contrib.dir/src/ba.o
[ 87%] Building CXX object modules/contrib/CMakeFiles/opencv_contrib.dir/src/chamfermatching.o
Linking CXX shared library ../../lib/libopencv_contrib.so
[ 87%] Built target opencv_contrib
Scanning dependencies of target opencv_haartraining_engine
[ 87%] Building CXX object modules/haartraining/CMakeFiles/opencv_haartraining_engine.dir/cvboost.o
In file included from /tmp/opencv.8OzeHZ/opencv-2.3.1/modules/flann/include/opencv2/flann/kmeans_index.h:50:0,
                 from /tmp/opencv.8OzeHZ/opencv-2.3.1/modules/flann/include/opencv2/flann/all_indices.h:38,
                 from /tmp/opencv.8OzeHZ/opencv-2.3.1/modules/flann/include/opencv2/flann/flann_base.hpp:44,
                 from /tmp/opencv.8OzeHZ/opencv-2.3.1/modules/flann/include/opencv2/flann/flann.hpp:50,
                 from /tmp/opencv.8OzeHZ/opencv-2.3.1/include/opencv/cv.h:69,
                 from /tmp/opencv.8OzeHZ/opencv-2.3.1/modules/haartraining/_cvcommon.h:46,
                 from /tmp/opencv.8OzeHZ/opencv-2.3.1/modules/haartraining/cvboost.cpp:64:
/tmp/opencv.8OzeHZ/opencv-2.3.1/modules/flann/include/opencv2/flann/logger.h:73:9: note: the mangling of 'va_list' has changed in GCC 4.4
[ 88%] Building CXX object modules/haartraining/CMakeFiles/opencv_haartraining_engine.dir/cvcommon.o
In file included from /tmp/opencv.8OzeHZ/opencv-2.3.1/modules/flann/include/opencv2/flann/kmeans_index.h:50:0,
                 from /tmp/opencv.8OzeHZ/opencv-2.3.1/modules/flann/include/opencv2/flann/all_indices.h:38,
                 from /tmp/opencv.8OzeHZ/opencv-2.3.1/modules/flann/include/opencv2/flann/flann_base.hpp:44,
                 from /tmp/opencv.8OzeHZ/opencv-2.3.1/modules/flann/include/opencv2/flann/flann.hpp:50,
                 from /tmp/opencv.8OzeHZ/opencv-2.3.1/include/opencv/cv.h:69,
                 from /tmp/opencv.8OzeHZ/opencv-2.3.1/modules/haartraining/_cvcommon.h:46,
                 from /tmp/opencv.8OzeHZ/opencv-2.3.1/modules/haartraining/cvcommon.cpp:42:
/tmp/opencv.8OzeHZ/opencv-2.3.1/modules/flann/include/opencv2/flann/logger.h:73:9: note: the mangling of 'va_list' has changed in GCC 4.4
[ 88%] Building CXX object modules/haartraining/CMakeFiles/opencv_haartraining_engine.dir/cvhaarclassifier.o
In file included from /tmp/opencv.8OzeHZ/opencv-2.3.1/modules/flann/include/opencv2/flann/kmeans_index.h:50:0,
                 from /tmp/opencv.8OzeHZ/opencv-2.3.1/modules/flann/include/opencv2/flann/all_indices.h:38,
                 from /tmp/opencv.8OzeHZ/opencv-2.3.1/modules/flann/include/opencv2/flann/flann_base.hpp:44,
                 from /tmp/opencv.8OzeHZ/opencv-2.3.1/modules/flann/include/opencv2/flann/flann.hpp:50,
                 from /tmp/opencv.8OzeHZ/opencv-2.3.1/include/opencv/cv.h:69,
                 from /tmp/opencv.8OzeHZ/opencv-2.3.1/modules/haartraining/_cvcommon.h:46,
                 from /tmp/opencv.8OzeHZ/opencv-2.3.1/modules/haartraining/_cvhaartraining.h:51,
                 from /tmp/opencv.8OzeHZ/opencv-2.3.1/modules/haartraining/cvhaarclassifier.cpp:48:
/tmp/opencv.8OzeHZ/opencv-2.3.1/modules/flann/include/opencv2/flann/logger.h:73:9: note: the mangling of 'va_list' has changed in GCC 4.4
[ 88%] Building CXX object modules/haartraining/CMakeFiles/opencv_haartraining_engine.dir/cvhaartraining.o
In file included from /tmp/opencv.8OzeHZ/opencv-2.3.1/modules/flann/include/opencv2/flann/kmeans_index.h:50:0,
                 from /tmp/opencv.8OzeHZ/opencv-2.3.1/modules/flann/include/opencv2/flann/all_indices.h:38,
                 from /tmp/opencv.8OzeHZ/opencv-2.3.1/modules/flann/include/opencv2/flann/flann_base.hpp:44,
                 from /tmp/opencv.8OzeHZ/opencv-2.3.1/modules/flann/include/opencv2/flann/flann.hpp:50,
                 from /tmp/opencv.8OzeHZ/opencv-2.3.1/include/opencv/cv.h:69,
                 from /tmp/opencv.8OzeHZ/opencv-2.3.1/modules/haartraining/_cvcommon.h:46,
                 from /tmp/opencv.8OzeHZ/opencv-2.3.1/modules/haartraining/_cvhaartraining.h:51,
                 from /tmp/opencv.8OzeHZ/opencv-2.3.1/modules/haartraining/cvhaartraining.cpp:49:
/tmp/opencv.8OzeHZ/opencv-2.3.1/modules/flann/include/opencv2/flann/logger.h:73:9: note: the mangling of 'va_list' has changed in GCC 4.4
[ 88%] Building CXX object modules/haartraining/CMakeFiles/opencv_haartraining_engine.dir/cvsamples.o
In file included from /tmp/opencv.8OzeHZ/opencv-2.3.1/modules/flann/include/opencv2/flann/kmeans_index.h:50:0,
                 from /tmp/opencv.8OzeHZ/opencv-2.3.1/modules/flann/include/opencv2/flann/all_indices.h:38,
                 from /tmp/opencv.8OzeHZ/opencv-2.3.1/modules/flann/include/opencv2/flann/flann_base.hpp:44,
                 from /tmp/opencv.8OzeHZ/opencv-2.3.1/modules/flann/include/opencv2/flann/flann.hpp:50,
                 from /tmp/opencv.8OzeHZ/opencv-2.3.1/include/opencv/cv.h:69,
                 from /tmp/opencv.8OzeHZ/opencv-2.3.1/modules/haartraining/_cvcommon.h:46,
                 from /tmp/opencv.8OzeHZ/opencv-2.3.1/modules/haartraining/_cvhaartraining.h:51,
                 from /tmp/opencv.8OzeHZ/opencv-2.3.1/modules/haartraining/cvsamples.cpp:49:
/tmp/opencv.8OzeHZ/opencv-2.3.1/modules/flann/include/opencv2/flann/logger.h:73:9: note: the mangling of 'va_list' has changed in GCC 4.4
Linking CXX static library ../../lib/libopencv_haartraining_engine.a
[ 88%] Built target opencv_haartraining_engine
Scanning dependencies of target opencv_traincascade
[ 88%] Building CXX object modules/traincascade/CMakeFiles/opencv_traincascade.dir/traincascade.o
In file included from /tmp/opencv.8OzeHZ/opencv-2.3.1/modules/flann/include/opencv2/flann/kmeans_index.h:50:0,
                 from /tmp/opencv.8OzeHZ/opencv-2.3.1/modules/flann/include/opencv2/flann/all_indices.h:38,
                 from /tmp/opencv.8OzeHZ/opencv-2.3.1/modules/flann/include/opencv2/flann/flann_base.hpp:44,
                 from /tmp/opencv.8OzeHZ/opencv-2.3.1/modules/flann/include/opencv2/flann/flann.hpp:50,
                 from /tmp/opencv.8OzeHZ/opencv-2.3.1/include/opencv/cv.h:69,
                 from /tmp/opencv.8OzeHZ/opencv-2.3.1/modules/traincascade/traincascade.cpp:1:
/tmp/opencv.8OzeHZ/opencv-2.3.1/modules/flann/include/opencv2/flann/logger.h:73:9: note: the mangling of 'va_list' has changed in GCC 4.4
[ 88%] Building CXX object modules/traincascade/CMakeFiles/opencv_traincascade.dir/cascadeclassifier.o
In file included from /tmp/opencv.8OzeHZ/opencv-2.3.1/modules/flann/include/opencv2/flann/kmeans_index.h:50:0,
                 from /tmp/opencv.8OzeHZ/opencv-2.3.1/modules/flann/include/opencv2/flann/all_indices.h:38,
                 from /tmp/opencv.8OzeHZ/opencv-2.3.1/modules/flann/include/opencv2/flann/flann_base.hpp:44,
                 from /tmp/opencv.8OzeHZ/opencv-2.3.1/modules/flann/include/opencv2/flann/flann.hpp:50,
                 from /tmp/opencv.8OzeHZ/opencv-2.3.1/include/opencv/cv.h:69,
                 from /tmp/opencv.8OzeHZ/opencv-2.3.1/modules/traincascade/traincascade_features.h:6,
                 from /tmp/opencv.8OzeHZ/opencv-2.3.1/modules/traincascade/cascadeclassifier.h:5,
                 from /tmp/opencv.8OzeHZ/opencv-2.3.1/modules/traincascade/cascadeclassifier.cpp:1:
/tmp/opencv.8OzeHZ/opencv-2.3.1/modules/flann/include/opencv2/flann/logger.h:73:9: note: the mangling of 'va_list' has changed in GCC 4.4
[ 89%] Building CXX object modules/traincascade/CMakeFiles/opencv_traincascade.dir/boost.o
In file included from /tmp/opencv.8OzeHZ/opencv-2.3.1/modules/flann/include/opencv2/flann/kmeans_index.h:50:0,
                 from /tmp/opencv.8OzeHZ/opencv-2.3.1/modules/flann/include/opencv2/flann/all_indices.h:38,
                 from /tmp/opencv.8OzeHZ/opencv-2.3.1/modules/flann/include/opencv2/flann/flann_base.hpp:44,
                 from /tmp/opencv.8OzeHZ/opencv-2.3.1/modules/flann/include/opencv2/flann/flann.hpp:50,
                 from /tmp/opencv.8OzeHZ/opencv-2.3.1/include/opencv/cv.h:69,
                 from /tmp/opencv.8OzeHZ/opencv-2.3.1/modules/traincascade/traincascade_features.h:6,
                 from /tmp/opencv.8OzeHZ/opencv-2.3.1/modules/traincascade/boost.h:4,
                 from /tmp/opencv.8OzeHZ/opencv-2.3.1/modules/traincascade/boost.cpp:1:
/tmp/opencv.8OzeHZ/opencv-2.3.1/modules/flann/include/opencv2/flann/logger.h:73:9: note: the mangling of 'va_list' has changed in GCC 4.4
[ 89%] Building CXX object modules/traincascade/CMakeFiles/opencv_traincascade.dir/features.o
In file included from /tmp/opencv.8OzeHZ/opencv-2.3.1/modules/flann/include/opencv2/flann/kmeans_index.h:50:0,
                 from /tmp/opencv.8OzeHZ/opencv-2.3.1/modules/flann/include/opencv2/flann/all_indices.h:38,
                 from /tmp/opencv.8OzeHZ/opencv-2.3.1/modules/flann/include/opencv2/flann/flann_base.hpp:44,
                 from /tmp/opencv.8OzeHZ/opencv-2.3.1/modules/flann/include/opencv2/flann/flann.hpp:50,
                 from /tmp/opencv.8OzeHZ/opencv-2.3.1/include/opencv/cv.h:69,
                 from /tmp/opencv.8OzeHZ/opencv-2.3.1/modules/traincascade/traincascade_features.h:6,
                 from /tmp/opencv.8OzeHZ/opencv-2.3.1/modules/traincascade/features.cpp:1:
/tmp/opencv.8OzeHZ/opencv-2.3.1/modules/flann/include/opencv2/flann/logger.h:73:9: note: the mangling of 'va_list' has changed in GCC 4.4
[ 89%] Building CXX object modules/traincascade/CMakeFiles/opencv_traincascade.dir/haarfeatures.o
In file included from /tmp/opencv.8OzeHZ/opencv-2.3.1/modules/flann/include/opencv2/flann/kmeans_index.h:50:0,
                 from /tmp/opencv.8OzeHZ/opencv-2.3.1/modules/flann/include/opencv2/flann/all_indices.h:38,
                 from /tmp/opencv.8OzeHZ/opencv-2.3.1/modules/flann/include/opencv2/flann/flann_base.hpp:44,
                 from /tmp/opencv.8OzeHZ/opencv-2.3.1/modules/flann/include/opencv2/flann/flann.hpp:50,
                 from /tmp/opencv.8OzeHZ/opencv-2.3.1/include/opencv/cv.h:69,
                 from /tmp/opencv.8OzeHZ/opencv-2.3.1/modules/traincascade/traincascade_features.h:6,
                 from /tmp/opencv.8OzeHZ/opencv-2.3.1/modules/traincascade/haarfeatures.h:4,
                 from /tmp/opencv.8OzeHZ/opencv-2.3.1/modules/traincascade/haarfeatures.cpp:1:
/tmp/opencv.8OzeHZ/opencv-2.3.1/modules/flann/include/opencv2/flann/logger.h:73:9: note: the mangling of 'va_list' has changed in GCC 4.4
[ 89%] Building CXX object modules/traincascade/CMakeFiles/opencv_traincascade.dir/lbpfeatures.o
In file included from /tmp/opencv.8OzeHZ/opencv-2.3.1/modules/flann/include/opencv2/flann/kmeans_index.h:50:0,
                 from /tmp/opencv.8OzeHZ/opencv-2.3.1/modules/flann/include/opencv2/flann/all_indices.h:38,
                 from /tmp/opencv.8OzeHZ/opencv-2.3.1/modules/flann/include/opencv2/flann/flann_base.hpp:44,
                 from /tmp/opencv.8OzeHZ/opencv-2.3.1/modules/flann/include/opencv2/flann/flann.hpp:50,
                 from /tmp/opencv.8OzeHZ/opencv-2.3.1/include/opencv/cv.h:69,
                 from /tmp/opencv.8OzeHZ/opencv-2.3.1/modules/traincascade/traincascade_features.h:6,
                 from /tmp/opencv.8OzeHZ/opencv-2.3.1/modules/traincascade/lbpfeatures.h:4,
                 from /tmp/opencv.8OzeHZ/opencv-2.3.1/modules/traincascade/lbpfeatures.cpp:1:
/tmp/opencv.8OzeHZ/opencv-2.3.1/modules/flann/include/opencv2/flann/logger.h:73:9: note: the mangling of 'va_list' has changed in GCC 4.4
[ 89%] Building CXX object modules/traincascade/CMakeFiles/opencv_traincascade.dir/imagestorage.o
In file included from /tmp/opencv.8OzeHZ/opencv-2.3.1/modules/flann/include/opencv2/flann/kmeans_index.h:50:0,
                 from /tmp/opencv.8OzeHZ/opencv-2.3.1/modules/flann/include/opencv2/flann/all_indices.h:38,
                 from /tmp/opencv.8OzeHZ/opencv-2.3.1/modules/flann/include/opencv2/flann/flann_base.hpp:44,
                 from /tmp/opencv.8OzeHZ/opencv-2.3.1/modules/flann/include/opencv2/flann/flann.hpp:50,
                 from /tmp/opencv.8OzeHZ/opencv-2.3.1/include/opencv/cv.h:69,
                 from /tmp/opencv.8OzeHZ/opencv-2.3.1/modules/traincascade/imagestorage.cpp:1:
/tmp/opencv.8OzeHZ/opencv-2.3.1/modules/flann/include/opencv2/flann/logger.h:73:9: note: the mangling of 'va_list' has changed in GCC 4.4
Linking CXX executable ../../bin/opencv_traincascade
[ 89%] Built target opencv_traincascade
Scanning dependencies of target opencv_createsamples
[ 89%] Building CXX object modules/haartraining/CMakeFiles/opencv_createsamples.dir/createsamples.o
Linking CXX executable ../../bin/opencv_createsamples
[ 89%] Built target opencv_createsamples
Scanning dependencies of target opencv_haartraining
[ 89%] Building CXX object modules/haartraining/CMakeFiles/opencv_haartraining.dir/haartraining.o
Linking CXX executable ../../bin/opencv_haartraining
[ 89%] Built target opencv_haartraining
Scanning dependencies of target opencv_performance
[ 90%] Building CXX object modules/haartraining/CMakeFiles/opencv_performance.dir/performance.o
In file included from /tmp/opencv.8OzeHZ/opencv-2.3.1/modules/flann/include/opencv2/flann/kmeans_index.h:50:0,
                 from /tmp/opencv.8OzeHZ/opencv-2.3.1/modules/flann/include/opencv2/flann/all_indices.h:38,
                 from /tmp/opencv.8OzeHZ/opencv-2.3.1/modules/flann/include/opencv2/flann/flann_base.hpp:44,
                 from /tmp/opencv.8OzeHZ/opencv-2.3.1/modules/flann/include/opencv2/flann/flann.hpp:50,
                 from /tmp/opencv.8OzeHZ/opencv-2.3.1/include/opencv/cv.h:69,
                 from /tmp/opencv.8OzeHZ/opencv-2.3.1/modules/haartraining/performance.cpp:47:
/tmp/opencv.8OzeHZ/opencv-2.3.1/modules/flann/include/opencv2/flann/logger.h:73:9: note: the mangling of 'va_list' has changed in GCC 4.4
Linking CXX executable ../../bin/opencv_performance
[ 90%] Built target opencv_performance
[ 90%] Generating opencv_gpu_pch_dephelp.cxx
Scanning dependencies of target opencv_gpu_pch_dephelp
[ 90%] Building CXX object modules/gpu/CMakeFiles/opencv_gpu_pch_dephelp.dir/opencv_gpu_pch_dephelp.o
Linking CXX static library ../../lib/libopencv_gpu_pch_dephelp.a
[ 90%] Built target opencv_gpu_pch_dephelp
Scanning dependencies of target pch_Generate_opencv_gpu
[ 90%] Generating precomp.hpp
[ 90%] Generating precomp.hpp.gch/opencv_gpu_RELEASE.gch
[ 91%] Built target pch_Generate_opencv_gpu
Scanning dependencies of target opencv_gpu
[ 92%] Building CXX object modules/gpu/CMakeFiles/opencv_gpu.dir/src/element_operations.o
[ 92%] Building CXX object modules/gpu/CMakeFiles/opencv_gpu.dir/src/graphcuts.o
[ 92%] Building CXX object modules/gpu/CMakeFiles/opencv_gpu.dir/src/gpumat.o
[ 92%] Building CXX object modules/gpu/CMakeFiles/opencv_gpu.dir/src/color.o
[ 93%] Building CXX object modules/gpu/CMakeFiles/opencv_gpu.dir/src/cascadeclassifier.o
[ 93%] Building CXX object modules/gpu/CMakeFiles/opencv_gpu.dir/src/filtering.o
[ 93%] Building CXX object modules/gpu/CMakeFiles/opencv_gpu.dir/src/hog.o
[ 93%] Building CXX object modules/gpu/CMakeFiles/opencv_gpu.dir/src/initialization.o
[ 93%] Building CXX object modules/gpu/CMakeFiles/opencv_gpu.dir/src/arithm.o
[ 94%] Building CXX object modules/gpu/CMakeFiles/opencv_gpu.dir/src/error.o
[ 94%] Building CXX object modules/gpu/CMakeFiles/opencv_gpu.dir/src/cudastream.o
[ 94%] Building CXX object modules/gpu/CMakeFiles/opencv_gpu.dir/src/brute_force_matcher.o
[ 94%] Building CXX object modules/gpu/CMakeFiles/opencv_gpu.dir/src/imgproc.o
[ 95%] Building CXX object modules/gpu/CMakeFiles/opencv_gpu.dir/src/matrix_operations.o
[ 95%] Building CXX object modules/gpu/CMakeFiles/opencv_gpu.dir/src/precomp.o
[ 95%] Building CXX object modules/gpu/CMakeFiles/opencv_gpu.dir/src/stereobm.o
[ 95%] Building CXX object modules/gpu/CMakeFiles/opencv_gpu.dir/src/calib3d.o
[ 95%] Building CXX object modules/gpu/CMakeFiles/opencv_gpu.dir/src/blend.o
[ 96%] Building CXX object modules/gpu/CMakeFiles/opencv_gpu.dir/src/surf.o
[ 96%] Building CXX object modules/gpu/CMakeFiles/opencv_gpu.dir/src/mssegmentation.o
[ 96%] Building CXX object modules/gpu/CMakeFiles/opencv_gpu.dir/src/stereobp.o
[ 96%] Building CXX object modules/gpu/CMakeFiles/opencv_gpu.dir/src/stereocsbp.o
[ 97%] Building CXX object modules/gpu/CMakeFiles/opencv_gpu.dir/src/bilateral_filter.o
[ 97%] Building CXX object modules/gpu/CMakeFiles/opencv_gpu.dir/src/speckle_filtering.o
[ 97%] Building CXX object modules/gpu/CMakeFiles/opencv_gpu.dir/src/matrix_reductions.o
[ 97%] Building CXX object modules/gpu/CMakeFiles/opencv_gpu.dir/src/split_merge.o
[ 98%] Building CXX object modules/gpu/CMakeFiles/opencv_gpu.dir/src/match_template.o
Linking CXX shared library ../../lib/libopencv_gpu.so
[ 98%] Built target opencv_gpu
Scanning dependencies of target opencv_stitching
[ 98%] Building CXX object modules/stitching/CMakeFiles/opencv_stitching.dir/autocalib.o
[ 98%] Building CXX object modules/stitching/CMakeFiles/opencv_stitching.dir/exposure_compensate.o
[ 98%] Building CXX object modules/stitching/CMakeFiles/opencv_stitching.dir/motion_estimators.o
[ 98%] Building CXX object modules/stitching/CMakeFiles/opencv_stitching.dir/precomp.o
[ 99%] Building CXX object modules/stitching/CMakeFiles/opencv_stitching.dir/blenders.o
[ 99%] Building CXX object modules/stitching/CMakeFiles/opencv_stitching.dir/util.o
[ 99%] Building CXX object modules/stitching/CMakeFiles/opencv_stitching.dir/main.o
[ 99%] Building CXX object modules/stitching/CMakeFiles/opencv_stitching.dir/warpers.o
[100%] Building CXX object modules/stitching/CMakeFiles/opencv_stitching.dir/seam_finders.o
[100%] Building CXX object modules/stitching/CMakeFiles/opencv_stitching.dir/matchers.o
Linking CXX executable ../../bin/opencv_stitching
[100%] Built target opencv_stitching
+ make DESTDIR=/tmp/opencv.8OzeHZ/pkg install
[  0%] Built target opencv_imgproc_pch_dephelp
[  1%] Built target pch_Generate_opencv_imgproc
[  1%] Built target opencv_core_pch_dephelp
[  1%] Built target pch_Generate_opencv_core
[  6%] Built target opencv_core
[ 16%] Built target opencv_imgproc
[ 17%] Built target opencv_calib3d_pch_dephelp
[ 18%] Built target pch_Generate_opencv_calib3d
[ 18%] Built target opencv_features2d_pch_dephelp
[ 19%] Built target pch_Generate_opencv_features2d
[ 19%] Built target opencv_flann_pch_dephelp
[ 19%] Built target pch_Generate_opencv_flann
[ 20%] Built target opencv_flann
[ 29%] Built target libtiff
[ 30%] Built target opencv_highgui_pch_dephelp
[ 30%] Built target pch_Generate_opencv_highgui
[ 33%] Built target libpng
[ 41%] Built target libjasper
[ 45%] Built target opencv_highgui
[ 50%] Built target opencv_features2d
[ 53%] Built target opencv_calib3d
[ 53%] Built target opencv_video_pch_dephelp
[ 54%] Built target pch_Generate_opencv_video
[ 58%] Built target opencv_video
[ 58%] Built target opencv_legacy_pch_dephelp
[ 58%] Built target pch_Generate_opencv_legacy
[ 74%] Built target opencv_legacy
[ 75%] Built target opencv_contrib_pch_dephelp
[ 75%] Built target pch_Generate_opencv_contrib
[ 75%] Built target opencv_ml_pch_dephelp
[ 76%] Built target pch_Generate_opencv_ml
[ 80%] Built target opencv_ml
[ 80%] Built target opencv_objdetect_pch_dephelp
[ 80%] Built target pch_Generate_opencv_objdetect
[ 84%] Built target opencv_objdetect
[ 87%] Built target opencv_contrib
[ 88%] Built target opencv_haartraining_engine
[ 89%] Built target opencv_traincascade
[ 89%] Built target opencv_createsamples
[ 89%] Built target opencv_haartraining
[ 90%] Built target opencv_performance
[ 90%] Built target opencv_gpu_pch_dephelp
[ 91%] Built target pch_Generate_opencv_gpu
[ 98%] Built target opencv_gpu
[100%] Built target opencv_stitching
Install the project...
-- Install configuration: "RELEASE"
-- Installing: /tmp/opencv.8OzeHZ/pkg/ffp/share/OpenCV/OpenCVConfig.cmake
-- Installing: /tmp/opencv.8OzeHZ/pkg/ffp/share/OpenCV/OpenCVConfig-version.cmake
-- Installing: /tmp/opencv.8OzeHZ/pkg/ffp/lib/pkgconfig/opencv.pc
-- Installing: /tmp/opencv.8OzeHZ/pkg/ffp/include/opencv/cvwimage.h
-- Installing: /tmp/opencv.8OzeHZ/pkg/ffp/include/opencv/cvaux.hpp
-- Installing: /tmp/opencv.8OzeHZ/pkg/ffp/include/opencv/cxcore.hpp
-- Installing: /tmp/opencv.8OzeHZ/pkg/ffp/include/opencv/ml.h
-- Installing: /tmp/opencv.8OzeHZ/pkg/ffp/include/opencv/cvaux.h
-- Installing: /tmp/opencv.8OzeHZ/pkg/ffp/include/opencv/highgui.h
-- Installing: /tmp/opencv.8OzeHZ/pkg/ffp/include/opencv/cxcore.h
-- Installing: /tmp/opencv.8OzeHZ/pkg/ffp/include/opencv/cv.h
-- Installing: /tmp/opencv.8OzeHZ/pkg/ffp/include/opencv/cxeigen.hpp
-- Installing: /tmp/opencv.8OzeHZ/pkg/ffp/include/opencv/cxmisc.h
-- Installing: /tmp/opencv.8OzeHZ/pkg/ffp/include/opencv/cv.hpp
-- Installing: /tmp/opencv.8OzeHZ/pkg/ffp/include/opencv2/opencv.hpp
-- Installing: /tmp/opencv.8OzeHZ/pkg/ffp/lib/libopencv_calib3d.so.2.3.1
-- Installing: /tmp/opencv.8OzeHZ/pkg/ffp/lib/libopencv_calib3d.so.2.3
-- Installing: /tmp/opencv.8OzeHZ/pkg/ffp/lib/libopencv_calib3d.so
-- Set runtime path of "/tmp/opencv.8OzeHZ/pkg/ffp/lib/libopencv_calib3d.so.2.3.1" to "/ffp/lib"
-- Installing: /tmp/opencv.8OzeHZ/pkg/ffp/include/opencv2/calib3d/calib3d.hpp
-- Installing: /tmp/opencv.8OzeHZ/pkg/ffp/lib/libopencv_core.so.2.3.1
-- Installing: /tmp/opencv.8OzeHZ/pkg/ffp/lib/libopencv_core.so.2.3
-- Installing: /tmp/opencv.8OzeHZ/pkg/ffp/lib/libopencv_core.so
-- Set runtime path of "/tmp/opencv.8OzeHZ/pkg/ffp/lib/libopencv_core.so.2.3.1" to "/ffp/lib"
-- Installing: /tmp/opencv.8OzeHZ/pkg/ffp/include/opencv2/core/core_c.h
-- Installing: /tmp/opencv.8OzeHZ/pkg/ffp/include/opencv2/core/internal.hpp
-- Installing: /tmp/opencv.8OzeHZ/pkg/ffp/include/opencv2/core/mat.hpp
-- Installing: /tmp/opencv.8OzeHZ/pkg/ffp/include/opencv2/core/eigen.hpp
-- Installing: /tmp/opencv.8OzeHZ/pkg/ffp/include/opencv2/core/types_c.h
-- Installing: /tmp/opencv.8OzeHZ/pkg/ffp/include/opencv2/core/core.hpp
-- Installing: /tmp/opencv.8OzeHZ/pkg/ffp/include/opencv2/core/version.hpp
-- Installing: /tmp/opencv.8OzeHZ/pkg/ffp/include/opencv2/core/wimage.hpp
-- Installing: /tmp/opencv.8OzeHZ/pkg/ffp/include/opencv2/core/operations.hpp
-- Installing: /tmp/opencv.8OzeHZ/pkg/ffp/lib/libopencv_features2d.so.2.3.1
-- Installing: /tmp/opencv.8OzeHZ/pkg/ffp/lib/libopencv_features2d.so.2.3
-- Installing: /tmp/opencv.8OzeHZ/pkg/ffp/lib/libopencv_features2d.so
-- Set runtime path of "/tmp/opencv.8OzeHZ/pkg/ffp/lib/libopencv_features2d.so.2.3.1" to "/ffp/lib"
-- Installing: /tmp/opencv.8OzeHZ/pkg/ffp/include/opencv2/features2d/features2d.hpp
-- Installing: /tmp/opencv.8OzeHZ/pkg/ffp/lib/libopencv_flann.so.2.3.1
-- Installing: /tmp/opencv.8OzeHZ/pkg/ffp/lib/libopencv_flann.so.2.3
-- Installing: /tmp/opencv.8OzeHZ/pkg/ffp/lib/libopencv_flann.so
-- Set runtime path of "/tmp/opencv.8OzeHZ/pkg/ffp/lib/libopencv_flann.so.2.3.1" to "/ffp/lib"
-- Installing: /tmp/opencv.8OzeHZ/pkg/ffp/include/opencv2/flann/dynamic_bitset.h
-- Installing: /tmp/opencv.8OzeHZ/pkg/ffp/include/opencv2/flann/general.h
-- Installing: /tmp/opencv.8OzeHZ/pkg/ffp/include/opencv2/flann/matrix.h
-- Installing: /tmp/opencv.8OzeHZ/pkg/ffp/include/opencv2/flann/lsh_table.h
-- Installing: /tmp/opencv.8OzeHZ/pkg/ffp/include/opencv2/flann/config.h
-- Installing: /tmp/opencv.8OzeHZ/pkg/ffp/include/opencv2/flann/random.h
-- Installing: /tmp/opencv.8OzeHZ/pkg/ffp/include/opencv2/flann/allocator.h
-- Installing: /tmp/opencv.8OzeHZ/pkg/ffp/include/opencv2/flann/object_factory.h
-- Installing: /tmp/opencv.8OzeHZ/pkg/ffp/include/opencv2/flann/kdtree_single_index.h
-- Installing: /tmp/opencv.8OzeHZ/pkg/ffp/include/opencv2/flann/hdf5.h
-- Installing: /tmp/opencv.8OzeHZ/pkg/ffp/include/opencv2/flann/autotuned_index.h
-- Installing: /tmp/opencv.8OzeHZ/pkg/ffp/include/opencv2/flann/logger.h
-- Installing: /tmp/opencv.8OzeHZ/pkg/ffp/include/opencv2/flann/ground_truth.h
-- Installing: /tmp/opencv.8OzeHZ/pkg/ffp/include/opencv2/flann/heap.h
-- Installing: /tmp/opencv.8OzeHZ/pkg/ffp/include/opencv2/flann/dummy.h
-- Installing: /tmp/opencv.8OzeHZ/pkg/ffp/include/opencv2/flann/defines.h
-- Installing: /tmp/opencv.8OzeHZ/pkg/ffp/include/opencv2/flann/kmeans_index.h
-- Installing: /tmp/opencv.8OzeHZ/pkg/ffp/include/opencv2/flann/all_indices.h
-- Installing: /tmp/opencv.8OzeHZ/pkg/ffp/include/opencv2/flann/index_testing.h
-- Installing: /tmp/opencv.8OzeHZ/pkg/ffp/include/opencv2/flann/lsh_index.h
-- Installing: /tmp/opencv.8OzeHZ/pkg/ffp/include/opencv2/flann/sampling.h
-- Installing: /tmp/opencv.8OzeHZ/pkg/ffp/include/opencv2/flann/linear_index.h
-- Installing: /tmp/opencv.8OzeHZ/pkg/ffp/include/opencv2/flann/timer.h
-- Installing: /tmp/opencv.8OzeHZ/pkg/ffp/include/opencv2/flann/flann_base.hpp
-- Installing: /tmp/opencv.8OzeHZ/pkg/ffp/include/opencv2/flann/saving.h
-- Installing: /tmp/opencv.8OzeHZ/pkg/ffp/include/opencv2/flann/params.h
-- Installing: /tmp/opencv.8OzeHZ/pkg/ffp/include/opencv2/flann/result_set.h
-- Installing: /tmp/opencv.8OzeHZ/pkg/ffp/include/opencv2/flann/any.h
-- Installing: /tmp/opencv.8OzeHZ/pkg/ffp/include/opencv2/flann/miniflann.hpp
-- Installing: /tmp/opencv.8OzeHZ/pkg/ffp/include/opencv2/flann/flann.hpp
-- Installing: /tmp/opencv.8OzeHZ/pkg/ffp/include/opencv2/flann/composite_index.h
-- Installing: /tmp/opencv.8OzeHZ/pkg/ffp/include/opencv2/flann/kdtree_index.h
-- Installing: /tmp/opencv.8OzeHZ/pkg/ffp/include/opencv2/flann/nn_index.h
-- Installing: /tmp/opencv.8OzeHZ/pkg/ffp/include/opencv2/flann/hierarchical_clustering_index.h
-- Installing: /tmp/opencv.8OzeHZ/pkg/ffp/include/opencv2/flann/simplex_downhill.h
-- Installing: /tmp/opencv.8OzeHZ/pkg/ffp/include/opencv2/flann/dist.h
-- Installing: /tmp/opencv.8OzeHZ/pkg/ffp/lib/libopencv_highgui.so.2.3.1
-- Installing: /tmp/opencv.8OzeHZ/pkg/ffp/lib/libopencv_highgui.so.2.3
-- Installing: /tmp/opencv.8OzeHZ/pkg/ffp/lib/libopencv_highgui.so
-- Set runtime path of "/tmp/opencv.8OzeHZ/pkg/ffp/lib/libopencv_highgui.so.2.3.1" to "/ffp/lib"
-- Installing: /tmp/opencv.8OzeHZ/pkg/ffp/include/opencv2/highgui/highgui_c.h
-- Installing: /tmp/opencv.8OzeHZ/pkg/ffp/include/opencv2/highgui/highgui.hpp
-- Installing: /tmp/opencv.8OzeHZ/pkg/ffp/lib/libopencv_imgproc.so.2.3.1
-- Installing: /tmp/opencv.8OzeHZ/pkg/ffp/lib/libopencv_imgproc.so.2.3
-- Installing: /tmp/opencv.8OzeHZ/pkg/ffp/lib/libopencv_imgproc.so
-- Set runtime path of "/tmp/opencv.8OzeHZ/pkg/ffp/lib/libopencv_imgproc.so.2.3.1" to "/ffp/lib"
-- Installing: /tmp/opencv.8OzeHZ/pkg/ffp/include/opencv2/imgproc/imgproc_c.h
-- Installing: /tmp/opencv.8OzeHZ/pkg/ffp/include/opencv2/imgproc/types_c.h
-- Installing: /tmp/opencv.8OzeHZ/pkg/ffp/include/opencv2/imgproc/imgproc.hpp
-- Installing: /tmp/opencv.8OzeHZ/pkg/ffp/lib/libopencv_legacy.so.2.3.1
-- Installing: /tmp/opencv.8OzeHZ/pkg/ffp/lib/libopencv_legacy.so.2.3
-- Installing: /tmp/opencv.8OzeHZ/pkg/ffp/lib/libopencv_legacy.so
-- Set runtime path of "/tmp/opencv.8OzeHZ/pkg/ffp/lib/libopencv_legacy.so.2.3.1" to "/ffp/lib"
-- Installing: /tmp/opencv.8OzeHZ/pkg/ffp/include/opencv2/legacy/blobtrack.hpp
-- Installing: /tmp/opencv.8OzeHZ/pkg/ffp/include/opencv2/legacy/compat.hpp
-- Installing: /tmp/opencv.8OzeHZ/pkg/ffp/include/opencv2/legacy/legacy.hpp
-- Installing: /tmp/opencv.8OzeHZ/pkg/ffp/include/opencv2/legacy/streams.hpp
-- Installing: /tmp/opencv.8OzeHZ/pkg/ffp/lib/libopencv_contrib.so.2.3.1
-- Installing: /tmp/opencv.8OzeHZ/pkg/ffp/lib/libopencv_contrib.so.2.3
-- Installing: /tmp/opencv.8OzeHZ/pkg/ffp/lib/libopencv_contrib.so
-- Set runtime path of "/tmp/opencv.8OzeHZ/pkg/ffp/lib/libopencv_contrib.so.2.3.1" to "/ffp/lib"
-- Installing: /tmp/opencv.8OzeHZ/pkg/ffp/include/opencv2/contrib/retina.hpp
-- Installing: /tmp/opencv.8OzeHZ/pkg/ffp/include/opencv2/contrib/contrib.hpp
-- Installing: /tmp/opencv.8OzeHZ/pkg/ffp/lib/libopencv_ml.so.2.3.1
-- Installing: /tmp/opencv.8OzeHZ/pkg/ffp/lib/libopencv_ml.so.2.3
-- Installing: /tmp/opencv.8OzeHZ/pkg/ffp/lib/libopencv_ml.so
-- Set runtime path of "/tmp/opencv.8OzeHZ/pkg/ffp/lib/libopencv_ml.so.2.3.1" to "/ffp/lib"
-- Installing: /tmp/opencv.8OzeHZ/pkg/ffp/include/opencv2/ml/ml.hpp
-- Installing: /tmp/opencv.8OzeHZ/pkg/ffp/lib/libopencv_objdetect.so.2.3.1
-- Installing: /tmp/opencv.8OzeHZ/pkg/ffp/lib/libopencv_objdetect.so.2.3
-- Installing: /tmp/opencv.8OzeHZ/pkg/ffp/lib/libopencv_objdetect.so
-- Set runtime path of "/tmp/opencv.8OzeHZ/pkg/ffp/lib/libopencv_objdetect.so.2.3.1" to "/ffp/lib"
-- Installing: /tmp/opencv.8OzeHZ/pkg/ffp/include/opencv2/objdetect/objdetect.hpp
-- Installing: /tmp/opencv.8OzeHZ/pkg/ffp/lib/libopencv_video.so.2.3.1
-- Installing: /tmp/opencv.8OzeHZ/pkg/ffp/lib/libopencv_video.so.2.3
-- Installing: /tmp/opencv.8OzeHZ/pkg/ffp/lib/libopencv_video.so
-- Set runtime path of "/tmp/opencv.8OzeHZ/pkg/ffp/lib/libopencv_video.so.2.3.1" to "/ffp/lib"
-- Installing: /tmp/opencv.8OzeHZ/pkg/ffp/include/opencv2/video/tracking.hpp
-- Installing: /tmp/opencv.8OzeHZ/pkg/ffp/include/opencv2/video/background_segm.hpp
-- Installing: /tmp/opencv.8OzeHZ/pkg/ffp/include/opencv2/video/video.hpp
-- Installing: /tmp/opencv.8OzeHZ/pkg/ffp/bin/opencv_traincascade
-- Set runtime path of "/tmp/opencv.8OzeHZ/pkg/ffp/bin/opencv_traincascade" to "/ffp/lib"
-- Installing: /tmp/opencv.8OzeHZ/pkg/ffp/bin/opencv_haartraining
-- Set runtime path of "/tmp/opencv.8OzeHZ/pkg/ffp/bin/opencv_haartraining" to "/ffp/lib"
-- Installing: /tmp/opencv.8OzeHZ/pkg/ffp/bin/opencv_createsamples
-- Set runtime path of "/tmp/opencv.8OzeHZ/pkg/ffp/bin/opencv_createsamples" to "/ffp/lib"
-- Installing: /tmp/opencv.8OzeHZ/pkg/ffp/bin/opencv_performance
-- Set runtime path of "/tmp/opencv.8OzeHZ/pkg/ffp/bin/opencv_performance" to "/ffp/lib"
-- Installing: /tmp/opencv.8OzeHZ/pkg/ffp/lib/libopencv_gpu.so.2.3.1
-- Installing: /tmp/opencv.8OzeHZ/pkg/ffp/lib/libopencv_gpu.so.2.3
-- Installing: /tmp/opencv.8OzeHZ/pkg/ffp/lib/libopencv_gpu.so
-- Set runtime path of "/tmp/opencv.8OzeHZ/pkg/ffp/lib/libopencv_gpu.so.2.3.1" to "/ffp/lib"
-- Installing: /tmp/opencv.8OzeHZ/pkg/ffp/include/opencv2/gpu/gpumat.hpp
-- Installing: /tmp/opencv.8OzeHZ/pkg/ffp/include/opencv2/gpu/gpu.hpp
-- Installing: /tmp/opencv.8OzeHZ/pkg/ffp/include/opencv2/gpu/stream_accessor.hpp
-- Installing: /tmp/opencv.8OzeHZ/pkg/ffp/include/opencv2/gpu/matrix_operations.hpp
-- Installing: /tmp/opencv.8OzeHZ/pkg/ffp/include/opencv2/gpu/devmem2d.hpp
-- Installing: /tmp/opencv.8OzeHZ/pkg/ffp/include/opencv2/gpu/NPP_staging.hpp
-- Installing: /tmp/opencv.8OzeHZ/pkg/ffp/include/opencv2/gpu/NCV.hpp
-- Installing: /tmp/opencv.8OzeHZ/pkg/ffp/bin/opencv_stitching
-- Set runtime path of "/tmp/opencv.8OzeHZ/pkg/ffp/bin/opencv_stitching" to "/ffp/lib"
-- Installing: /tmp/opencv.8OzeHZ/pkg/ffp/share/OpenCV/doc/haartraining.htm
-- Installing: /tmp/opencv.8OzeHZ/pkg/ffp/share/OpenCV/doc/check_docs_whitelist.txt
-- Installing: /tmp/opencv.8OzeHZ/pkg/ffp/share/OpenCV/doc/packaging.txt
-- Installing: /tmp/opencv.8OzeHZ/pkg/ffp/share/OpenCV/doc/CMakeLists.txt
-- Installing: /tmp/opencv.8OzeHZ/pkg/ffp/share/OpenCV/doc/license.txt
-- Installing: /tmp/opencv.8OzeHZ/pkg/ffp/share/OpenCV/doc/opencv.jpg
-- Installing: /tmp/opencv.8OzeHZ/pkg/ffp/share/OpenCV/doc/opencv-logo.png
-- Installing: /tmp/opencv.8OzeHZ/pkg/ffp/share/OpenCV/doc/opencv-logo2.png
-- Installing: /tmp/opencv.8OzeHZ/pkg/ffp/share/OpenCV/doc/pattern.png
-- Installing: /tmp/opencv.8OzeHZ/pkg/ffp/share/OpenCV/doc/acircles_pattern.png
-- Installing: /tmp/opencv.8OzeHZ/pkg/ffp/share/OpenCV/doc/opencv_cheatsheet.pdf
-- Installing: /tmp/opencv.8OzeHZ/pkg/ffp/share/OpenCV/doc/opencv_user.pdf
-- Installing: /tmp/opencv.8OzeHZ/pkg/ffp/share/OpenCV/doc/opencv2refman.pdf
-- Installing: /tmp/opencv.8OzeHZ/pkg/ffp/share/OpenCV/doc/opencv_tutorials.pdf
-- Installing: /tmp/opencv.8OzeHZ/pkg/ffp/share/OpenCV/doc/vidsurv/TestSeq.doc
-- Installing: /tmp/opencv.8OzeHZ/pkg/ffp/share/OpenCV/doc/vidsurv/Blob_Tracking_Modules.doc
-- Installing: /tmp/opencv.8OzeHZ/pkg/ffp/share/OpenCV/doc/vidsurv/Blob_Tracking_Tests.doc
-- Installing: /tmp/opencv.8OzeHZ/pkg/ffp/share/OpenCV/haarcascades/haarcascade_mcs_nose.xml
-- Installing: /tmp/opencv.8OzeHZ/pkg/ffp/share/OpenCV/haarcascades/haarcascade_eye.xml
-- Installing: /tmp/opencv.8OzeHZ/pkg/ffp/share/OpenCV/haarcascades/haarcascade_fullbody.xml
-- Installing: /tmp/opencv.8OzeHZ/pkg/ffp/share/OpenCV/haarcascades/haarcascade_mcs_lefteye.xml
-- Installing: /tmp/opencv.8OzeHZ/pkg/ffp/share/OpenCV/haarcascades/haarcascade_mcs_upperbody.xml
-- Installing: /tmp/opencv.8OzeHZ/pkg/ffp/share/OpenCV/haarcascades/haarcascade_mcs_eyepair_big.xml
-- Installing: /tmp/opencv.8OzeHZ/pkg/ffp/share/OpenCV/haarcascades/haarcascade_mcs_righteye.xml
-- Installing: /tmp/opencv.8OzeHZ/pkg/ffp/share/OpenCV/haarcascades/haarcascade_eye_tree_eyeglasses.xml
-- Installing: /tmp/opencv.8OzeHZ/pkg/ffp/share/OpenCV/haarcascades/haarcascade_mcs_mouth.xml
-- Installing: /tmp/opencv.8OzeHZ/pkg/ffp/share/OpenCV/haarcascades/haarcascade_frontalface_default.xml
-- Installing: /tmp/opencv.8OzeHZ/pkg/ffp/share/OpenCV/haarcascades/haarcascade_frontalface_alt_tree.xml
-- Installing: /tmp/opencv.8OzeHZ/pkg/ffp/share/OpenCV/haarcascades/haarcascade_upperbody.xml
-- Installing: /tmp/opencv.8OzeHZ/pkg/ffp/share/OpenCV/haarcascades/haarcascade_profileface.xml
-- Installing: /tmp/opencv.8OzeHZ/pkg/ffp/share/OpenCV/haarcascades/haarcascade_mcs_eyepair_small.xml
-- Installing: /tmp/opencv.8OzeHZ/pkg/ffp/share/OpenCV/haarcascades/haarcascade_mcs_leftear.xml
-- Installing: /tmp/opencv.8OzeHZ/pkg/ffp/share/OpenCV/haarcascades/haarcascade_frontalface_alt2.xml
-- Installing: /tmp/opencv.8OzeHZ/pkg/ffp/share/OpenCV/haarcascades/haarcascade_frontalface_alt.xml
-- Installing: /tmp/opencv.8OzeHZ/pkg/ffp/share/OpenCV/haarcascades/haarcascade_lowerbody.xml
-- Installing: /tmp/opencv.8OzeHZ/pkg/ffp/share/OpenCV/haarcascades/haarcascade_righteye_2splits.xml
-- Installing: /tmp/opencv.8OzeHZ/pkg/ffp/share/OpenCV/haarcascades/haarcascade_lefteye_2splits.xml
-- Installing: /tmp/opencv.8OzeHZ/pkg/ffp/share/OpenCV/haarcascades/haarcascade_mcs_rightear.xml
-- Installing: /tmp/opencv.8OzeHZ/pkg/ffp/share/OpenCV/lbpcascades/lbpcascade_frontalface.xml
+ mkdir -p /tmp/opencv.8OzeHZ/pkg/install
+ cp /ffp/home/root/src/opencv/DESCR /ffp/home/root/src/opencv/HOMEPAGE /tmp/opencv.8OzeHZ/pkg/install/
+ cd /tmp/opencv.8OzeHZ/pkg
+ makepkg opencv 2.3.1 1
Creating /tmp/opencv-2.3.1-arm-1.txz ...
