++ basename ./sysstat.funpkg .funpkg
+ PN=sysstat
+ PR=1
+ . ./config.ffp
++ GNU_HOST=
++ GNU_TARGET=
++ FFP_CFLAGS='-I/ffp/include -O2'
++ FFP_LDFLAGS='-L/ffp/lib -Wl,-rpath,/ffp/lib'
++ '[' '!' -d '' ']'
++ TMPDIR=/tmp
++ export TMPDIR
++ mandir=/ffp/share/man
++ infodir=/ffp/share/info
++ docdir=/ffp/share/doc
++ pwd
+ X=/ffp/home/root/fun_plug/src/sysstat
++ mktemp -t -d sysstat.XXXXXX
+ W=/tmp/sysstat.h1LSyO
+ D=/tmp/sysstat.h1LSyO/pkg
+ cd /tmp/sysstat.h1LSyO
+ cat /ffp/home/root/fun_plug/src/sysstat/SRC_URI
+ xargs wget
--2012-07-13 11:31:39--  http://pagesperso-orange.fr/sebastien.godard/sysstat-10.0.5.tar.bz2
Resolving pagesperso-orange.fr... 193.252.122.54
Connecting to pagesperso-orange.fr|193.252.122.54|:80... connected.
HTTP request sent, awaiting response... 301 Moved Permanently
Location: http://sebastien.godard.pagesperso-orange.fr/sysstat-10.0.5.tar.bz2 [following]
--2012-07-13 11:31:39--  http://sebastien.godard.pagesperso-orange.fr/sysstat-10.0.5.tar.bz2
Resolving sebastien.godard.pagesperso-orange.fr... 193.252.122.54
Reusing existing connection to pagesperso-orange.fr:80.
HTTP request sent, awaiting response... 200 OK
Length: 282403 (276K) [application/x-bzip2]
Saving to: `sysstat-10.0.5.tar.bz2'

     0K .......... .......... .......... .......... .......... 18%  521K 0s
    50K .......... .......... .......... .......... .......... 36% 1.16M 0s
   100K .......... .......... .......... .......... .......... 54% 1.43M 0s
   150K .......... .......... .......... .......... .......... 72% 1.63M 0s
   200K .......... .......... .......... .......... .......... 90%  948K 0s
   250K .......... .......... .....                           100%  651K=0.3s

2012-07-13 11:31:40 (937 KB/s) - `sysstat-10.0.5.tar.bz2' saved [282403/282403]

++ ls sysstat-10.0.5.tar.bz2
++ egrep -o '[0-9][0-9.]*[0-9]'
+ PV=10.0.5
+ tar xf sysstat-10.0.5.tar.bz2
+ cd sysstat-10.0.5 sysstat-10.0.5.tar.bz2
+ LDFLAGS='-L/ffp/lib -Wl,-rpath,/ffp/lib'
+ CFLAGS=' -lintl'
+ sa_dir=/ffp/var/log/sa
+ conf_dir=/ffp/etc/sysstat
+ ./configure --prefix=/ffp --sysconfdir=/ffp/etc --localstatedir=/ffp/var --enable-collect-all --enable-yesterday --build= --host= --mandir=/ffp/share/man --infodir=/ffp/share/info LIBS=-lintl
.
Check programs:
.
checking for gcc... gcc
checking for C compiler default output file name... a.out
checking whether the C compiler works... yes
checking whether we are cross compiling... no
checking for suffix of executables... 
checking for suffix of object files... o
checking whether we are using the GNU C compiler... yes
checking whether gcc accepts -g... yes
checking for gcc option to accept ISO C89... none needed
checking how to run the C preprocessor... gcc -E
checking for grep that handles long lines and -e... /ffp/bin/grep
checking for egrep... /ffp/bin/grep -E
checking for ANSI C header files... yes
checking for sys/types.h... yes
checking for sys/stat.h... yes
checking for stdlib.h... yes
checking for string.h... yes
checking for memory.h... yes
checking for strings.h... yes
checking for inttypes.h... yes
checking for stdint.h... yes
checking for unistd.h... yes
checking minix/config.h usability... no
checking minix/config.h presence... no
checking for minix/config.h... no
checking whether it is safe to define __EXTENSIONS__... yes
checking whether ln -s works... yes
checking for chmod... chmod
checking for chown... chown
checking for ar... ar
checking for install... install
checking for msgfmt... msgfmt
checking for xgettext... xgettext
checking for msgmerge... msgmerge
checking for bzip2... no
checking for gzip... gzip
checking for cp... /bin/cp
checking for chkconfig... no
.
Check header files:
.
checking for ANSI C header files... (cached) yes
checking for dirent.h that defines DIR... yes
checking for library containing opendir... none required
checking ctype.h usability... yes
checking ctype.h presence... yes
checking for ctype.h... yes
checking errno.h usability... yes
checking errno.h presence... yes
checking for errno.h... yes
checking libintl.h usability... yes
checking libintl.h presence... yes
checking for libintl.h... yes
checking locale.h usability... yes
checking locale.h presence... yes
checking for locale.h... yes
checking net/if.h usability... yes
checking net/if.h presence... yes
checking for net/if.h... yes
checking regex.h usability... yes
checking regex.h presence... yes
checking for regex.h... yes
checking signal.h usability... yes
checking signal.h presence... yes
checking for signal.h... yes
checking stdio.h usability... yes
checking stdio.h presence... yes
checking for stdio.h... yes
checking sys/file.h usability... yes
checking sys/file.h presence... yes
checking for sys/file.h... yes
checking sys/ioctl.h usability... yes
checking sys/ioctl.h presence... yes
checking for sys/ioctl.h... yes
checking for sys/stat.h... (cached) yes
.
Check typedefs, structures and compiler characteristics:
.
checking return type of signal handlers... void
checking for size_t... yes
checking for off_t... yes
.
Check library functions:
.
checking for strchr... yes
checking for strcspn... yes
checking for strspn... yes
checking for strstr... yes
checking for sensors support... yes
checking for sensors_get_detected_chips in -lsensors... no
checking for sensors lib... no
.
Check system services:
.
checking for special C compiler options needed for large files... no
checking for _FILE_OFFSET_BITS value needed for large files... 64
.
Check configuration:
.
checking run-commands directory... /etc/rc.d
checking sadc directory... /ffp/lib/sa
INFO: Directory /ffp/lib/sa will be created during installation stage.
checking system activity directory... /ffp/var/log/sa
INFO: Directory /ffp/var/log/sa will be created during installation stage.
checking sysstat configuration directory... /ffp/etc/sysstat
INFO: Directory /ffp/etc/sysstat will be created during installation stage.
checking National Language Support... yes
checking whether sa2 should process data file of the day before... yes
checking number of daily data files to keep... 7
checking number of days after which data files are compressed... 10
checking group for manual pages... root
checking whether man_group variable should be ignored... no
checking whether manual pages should be compressed... no
checking whether isag script should be installed... no
checking whether system activity directory should be cleaned... no
checking whether cron should start sar automatically... no
checking whether documentation should be installed... yes
checking whether object files should be stripped... yes
.
Now create files:
.
configure: creating ./config.status
config.status: creating sa1
config.status: creating sa2
config.status: creating cron/crontab
config.status: creating sysstat.sysconfig
config.status: creating version.h
config.status: creating sysconfig.h
config.status: creating cron/sysstat.cron.daily
config.status: creating cron/sysstat.cron.hourly
config.status: creating cron/sysstat.crond
config.status: creating cron/sysstat.crond.sample.in
config.status: creating sysstat
config.status: creating man/sa1.8
config.status: creating man/sa2.8
config.status: creating man/sadc.8
config.status: creating man/sadf.1
config.status: creating man/sar.1
config.status: creating man/sysstat.5
config.status: creating man/iostat.1
config.status: creating man/cifsiostat.1
config.status: creating man/nfsiostat.1
config.status: creating contrib/isag/isag
config.status: creating Makefile

   Sysstat version:		10.0.5
   Installation prefix:		/ffp
   rc directory:		/etc/rc.d
   Init directory:		/etc/rc.d/init.d
   Configuration directory:	/ffp/etc/sysstat
   Man pages directory:		/ffp/share/man
   Compiler:			gcc
   Compiler flags:		 -lintl

+ make
gcc -o sadc.o -c -lintl -Wall -Wstrict-prototypes -pipe -O2  -DSA_DIR=\"/ffp/var/log/sa\" -DSADC_PATH=\"/ffp/lib/sa/sadc\"  -DUSE_NLS -DPACKAGE=\"sysstat\" -DLOCALEDIR=\"/ffp/share/locale\" sadc.c
gcc -o act_sadc.o -c -lintl -Wall -Wstrict-prototypes -pipe -O2 -DSOURCE_SADC  -DSA_DIR=\"/ffp/var/log/sa\" -DSADC_PATH=\"/ffp/lib/sa/sadc\"  -DUSE_NLS -DPACKAGE=\"sysstat\" -DLOCALEDIR=\"/ffp/share/locale\" activity.c
gcc -o sa_wrap.o -c -lintl -Wall -Wstrict-prototypes -pipe -O2  -DSA_DIR=\"/ffp/var/log/sa\" -DSADC_PATH=\"/ffp/lib/sa/sadc\"  -DUSE_NLS -DPACKAGE=\"sysstat\" -DLOCALEDIR=\"/ffp/share/locale\" sa_wrap.c
gcc -o sa_common.o -c -lintl -Wall -Wstrict-prototypes -pipe -O2  -DSA_DIR=\"/ffp/var/log/sa\" -DSADC_PATH=\"/ffp/lib/sa/sadc\"  -DUSE_NLS -DPACKAGE=\"sysstat\" -DLOCALEDIR=\"/ffp/share/locale\" sa_common.c
gcc -o rd_stats.o -c -lintl -Wall -Wstrict-prototypes -pipe -O2  -DSA_DIR=\"/ffp/var/log/sa\" -DSADC_PATH=\"/ffp/lib/sa/sadc\"  -DUSE_NLS -DPACKAGE=\"sysstat\" -DLOCALEDIR=\"/ffp/share/locale\" rd_stats.c
ar rv librdstats.a rd_stats.o
ar: creating librdstats.a
a - rd_stats.o
gcc -o rd_sensors.o -c -lintl -Wall -Wstrict-prototypes -pipe -O2  -DSA_DIR=\"/ffp/var/log/sa\" -DSADC_PATH=\"/ffp/lib/sa/sadc\"  -DUSE_NLS -DPACKAGE=\"sysstat\" -DLOCALEDIR=\"/ffp/share/locale\" rd_sensors.c
ar rv librdsensors.a rd_sensors.o
ar: creating librdsensors.a
a - rd_sensors.o
gcc -o common.o -c -lintl -Wall -Wstrict-prototypes -pipe -O2  -DSA_DIR=\"/ffp/var/log/sa\" -DSADC_PATH=\"/ffp/lib/sa/sadc\"  -DUSE_NLS -DPACKAGE=\"sysstat\" -DLOCALEDIR=\"/ffp/share/locale\" common.c
gcc -o ioconf.o -c -lintl -Wall -Wstrict-prototypes -pipe -O2  -DSA_DIR=\"/ffp/var/log/sa\" -DSADC_PATH=\"/ffp/lib/sa/sadc\"  -DUSE_NLS -DPACKAGE=\"sysstat\" -DLOCALEDIR=\"/ffp/share/locale\" ioconf.c
ar rvs libsyscom.a common.o ioconf.o
ar: creating libsyscom.a
a - common.o
a - ioconf.o
gcc -o sadc -lintl -Wall -Wstrict-prototypes -pipe -O2 sadc.o act_sadc.o sa_wrap.o sa_common.o librdstats.a librdsensors.a libsyscom.a -s 
gcc -o sar.o -c -lintl -Wall -Wstrict-prototypes -pipe -O2  -DSA_DIR=\"/ffp/var/log/sa\" -DSADC_PATH=\"/ffp/lib/sa/sadc\"  -DUSE_NLS -DPACKAGE=\"sysstat\" -DLOCALEDIR=\"/ffp/share/locale\" sar.c
gcc -o act_sar.o -c -lintl -Wall -Wstrict-prototypes -pipe -O2 -DSOURCE_SAR  -DSA_DIR=\"/ffp/var/log/sa\" -DSADC_PATH=\"/ffp/lib/sa/sadc\"  -DUSE_NLS -DPACKAGE=\"sysstat\" -DLOCALEDIR=\"/ffp/share/locale\" activity.c
gcc -o pr_stats.o -c -lintl -Wall -Wstrict-prototypes -pipe -O2  -DSA_DIR=\"/ffp/var/log/sa\" -DSADC_PATH=\"/ffp/lib/sa/sadc\"  -DUSE_NLS -DPACKAGE=\"sysstat\" -DLOCALEDIR=\"/ffp/share/locale\" pr_stats.c
gcc -o sar -lintl -Wall -Wstrict-prototypes -pipe -O2 sar.o act_sar.o sa_common.o pr_stats.o libsyscom.a -s
gcc -o sadf.o -c -lintl -Wall -Wstrict-prototypes -pipe -O2  -DSA_DIR=\"/ffp/var/log/sa\" -DSADC_PATH=\"/ffp/lib/sa/sadc\"  -DUSE_NLS -DPACKAGE=\"sysstat\" -DLOCALEDIR=\"/ffp/share/locale\" sadf.c
gcc -o act_sadf.o -c -lintl -Wall -Wstrict-prototypes -pipe -O2 -DSOURCE_SADF  -DSA_DIR=\"/ffp/var/log/sa\" -DSADC_PATH=\"/ffp/lib/sa/sadc\"  -DUSE_NLS -DPACKAGE=\"sysstat\" -DLOCALEDIR=\"/ffp/share/locale\" activity.c
gcc -o format.o -c -lintl -Wall -Wstrict-prototypes -pipe -O2  -DSA_DIR=\"/ffp/var/log/sa\" -DSADC_PATH=\"/ffp/lib/sa/sadc\"  -DUSE_NLS -DPACKAGE=\"sysstat\" -DLOCALEDIR=\"/ffp/share/locale\" format.c
gcc -o sadf_misc.o -c -lintl -Wall -Wstrict-prototypes -pipe -O2  -DSA_DIR=\"/ffp/var/log/sa\" -DSADC_PATH=\"/ffp/lib/sa/sadc\"  -DUSE_NLS -DPACKAGE=\"sysstat\" -DLOCALEDIR=\"/ffp/share/locale\" sadf_misc.c
gcc -o rndr_stats.o -c -lintl -Wall -Wstrict-prototypes -pipe -O2  -DSA_DIR=\"/ffp/var/log/sa\" -DSADC_PATH=\"/ffp/lib/sa/sadc\"  -DUSE_NLS -DPACKAGE=\"sysstat\" -DLOCALEDIR=\"/ffp/share/locale\" rndr_stats.c
gcc -o xml_stats.o -c -lintl -Wall -Wstrict-prototypes -pipe -O2  -DSA_DIR=\"/ffp/var/log/sa\" -DSADC_PATH=\"/ffp/lib/sa/sadc\"  -DUSE_NLS -DPACKAGE=\"sysstat\" -DLOCALEDIR=\"/ffp/share/locale\" xml_stats.c
gcc -o json_stats.o -c -lintl -Wall -Wstrict-prototypes -pipe -O2  -DSA_DIR=\"/ffp/var/log/sa\" -DSADC_PATH=\"/ffp/lib/sa/sadc\"  -DUSE_NLS -DPACKAGE=\"sysstat\" -DLOCALEDIR=\"/ffp/share/locale\" json_stats.c
gcc -o sadf -lintl -Wall -Wstrict-prototypes -pipe -O2 sadf.o act_sadf.o format.o sadf_misc.o rndr_stats.o xml_stats.o json_stats.o sa_common.o libsyscom.a -s
gcc -o iostat.o -c -lintl -Wall -Wstrict-prototypes -pipe -O2  -DSA_DIR=\"/ffp/var/log/sa\" -DSADC_PATH=\"/ffp/lib/sa/sadc\"  -DUSE_NLS -DPACKAGE=\"sysstat\" -DLOCALEDIR=\"/ffp/share/locale\" iostat.c
gcc -o iostat -lintl -Wall -Wstrict-prototypes -pipe -O2 iostat.o librdstats.a libsyscom.a -s
gcc -o mpstat.o -c -lintl -Wall -Wstrict-prototypes -pipe -O2  -DSA_DIR=\"/ffp/var/log/sa\" -DSADC_PATH=\"/ffp/lib/sa/sadc\"  -DUSE_NLS -DPACKAGE=\"sysstat\" -DLOCALEDIR=\"/ffp/share/locale\" mpstat.c
mpstat.c: In function 'write_irqcpu_stats':
mpstat.c:215:26: warning: variable 'scp' set but not used [-Wunused-but-set-variable]
gcc -o mpstat -lintl -Wall -Wstrict-prototypes -pipe -O2 mpstat.o librdstats.a libsyscom.a -s
gcc -o pidstat.o -c -lintl -Wall -Wstrict-prototypes -pipe -O2  -DSA_DIR=\"/ffp/var/log/sa\" -DSADC_PATH=\"/ffp/lib/sa/sadc\"  -DUSE_NLS -DPACKAGE=\"sysstat\" -DLOCALEDIR=\"/ffp/share/locale\" pidstat.c
gcc -o pidstat -lintl -Wall -Wstrict-prototypes -pipe -O2 pidstat.o librdstats.a libsyscom.a -s
gcc -o nfsiostat.o -c -lintl -Wall -Wstrict-prototypes -pipe -O2  -DSA_DIR=\"/ffp/var/log/sa\" -DSADC_PATH=\"/ffp/lib/sa/sadc\"  -DUSE_NLS -DPACKAGE=\"sysstat\" -DLOCALEDIR=\"/ffp/share/locale\" nfsiostat.c
gcc -o nfsiostat -lintl -Wall -Wstrict-prototypes -pipe -O2 nfsiostat.o librdstats.a libsyscom.a -s
gcc -o cifsiostat.o -c -lintl -Wall -Wstrict-prototypes -pipe -O2  -DSA_DIR=\"/ffp/var/log/sa\" -DSADC_PATH=\"/ffp/lib/sa/sadc\"  -DUSE_NLS -DPACKAGE=\"sysstat\" -DLOCALEDIR=\"/ffp/share/locale\" cifsiostat.c
gcc -o cifsiostat -lintl -Wall -Wstrict-prototypes -pipe -O2 cifsiostat.o librdstats.a libsyscom.a -s
msgfmt -o nls/af.gmo nls/af.po
msgfmt -o nls/cs.gmo nls/cs.po
msgfmt -o nls/da.gmo nls/da.po
msgfmt -o nls/de.gmo nls/de.po
msgfmt -o nls/eo.gmo nls/eo.po
msgfmt -o nls/es.gmo nls/es.po
msgfmt -o nls/eu.gmo nls/eu.po
msgfmt -o nls/fi.gmo nls/fi.po
msgfmt -o nls/fr.gmo nls/fr.po
msgfmt -o nls/hr.gmo nls/hr.po
msgfmt -o nls/id.gmo nls/id.po
msgfmt -o nls/it.gmo nls/it.po
msgfmt -o nls/ja.gmo nls/ja.po
msgfmt -o nls/ky.gmo nls/ky.po
msgfmt -o nls/lv.gmo nls/lv.po
msgfmt -o nls/mt.gmo nls/mt.po
msgfmt -o nls/nb.gmo nls/nb.po
msgfmt -o nls/nl.gmo nls/nl.po
msgfmt -o nls/nn.gmo nls/nn.po
msgfmt -o nls/pl.gmo nls/pl.po
msgfmt -o nls/pt.gmo nls/pt.po
msgfmt -o nls/pt_BR.gmo nls/pt_BR.po
msgfmt -o nls/ro.gmo nls/ro.po
msgfmt -o nls/ru.gmo nls/ru.po
msgfmt -o nls/sk.gmo nls/sk.po
msgfmt -o nls/sr.gmo nls/sr.po
msgfmt -o nls/sv.gmo nls/sv.po
msgfmt -o nls/uk.gmo nls/uk.po
msgfmt -o nls/vi.gmo nls/vi.po
msgfmt -o nls/zh_CN.gmo nls/zh_CN.po
msgfmt -o nls/zh_TW.gmo nls/zh_TW.po
+ make DESTDIR=/tmp/sysstat.h1LSyO/pkg install
mkdir -p /tmp/sysstat.h1LSyO/pkg/ffp/share/man/man1
mkdir -p /tmp/sysstat.h1LSyO/pkg/ffp/share/man/man5
mkdir -p /tmp/sysstat.h1LSyO/pkg/ffp/share/man/man8
rm -f /tmp/sysstat.h1LSyO/pkg/ffp/share/man/man8/sa1.8*
install -m 644 -g root man/sa1.8 /tmp/sysstat.h1LSyO/pkg/ffp/share/man/man8
rm -f /tmp/sysstat.h1LSyO/pkg/ffp/share/man/man8/sa2.8*
install -m 644 -g root man/sa2.8 /tmp/sysstat.h1LSyO/pkg/ffp/share/man/man8
rm -f /tmp/sysstat.h1LSyO/pkg/ffp/share/man/man8/sadc.8*
install -m 644 -g root man/sadc.8 /tmp/sysstat.h1LSyO/pkg/ffp/share/man/man8
rm -f /tmp/sysstat.h1LSyO/pkg/ffp/share/man/man1/sar.1*
install -m 644 -g root man/sar.1 /tmp/sysstat.h1LSyO/pkg/ffp/share/man/man1
rm -f /tmp/sysstat.h1LSyO/pkg/ffp/share/man/man1/sadf.1*
install -m 644 -g root man/sadf.1 /tmp/sysstat.h1LSyO/pkg/ffp/share/man/man1
rm -f /tmp/sysstat.h1LSyO/pkg/ffp/share/man/man5/sysstat.5*
install -m 644 -g root man/sysstat.5 /tmp/sysstat.h1LSyO/pkg/ffp/share/man/man5
rm -f /tmp/sysstat.h1LSyO/pkg/ffp/share/man/man1/iostat.1*
install -m 644 -g root man/iostat.1 /tmp/sysstat.h1LSyO/pkg/ffp/share/man/man1
rm -f /tmp/sysstat.h1LSyO/pkg/ffp/share/man/man1/mpstat.1*
install -m 644 -g root man/mpstat.1 /tmp/sysstat.h1LSyO/pkg/ffp/share/man/man1
rm -f /tmp/sysstat.h1LSyO/pkg/ffp/share/man/man1/pidstat.1*
install -m 644 -g root man/pidstat.1 /tmp/sysstat.h1LSyO/pkg/ffp/share/man/man1
rm -f /tmp/sysstat.h1LSyO/pkg/ffp/share/man/man1/nfsiostat.1*
install -m 644 -g root man/nfsiostat.1 /tmp/sysstat.h1LSyO/pkg/ffp/share/man/man1
rm -f /tmp/sysstat.h1LSyO/pkg/ffp/share/man/man1/cifsiostat.1*
install -m 644 -g root man/cifsiostat.1 /tmp/sysstat.h1LSyO/pkg/ffp/share/man/man1
catalogs='nls/af.gmo nls/cs.gmo nls/da.gmo nls/de.gmo nls/eo.gmo nls/es.gmo nls/eu.gmo nls/fi.gmo nls/fr.gmo nls/hr.gmo nls/id.gmo nls/it.gmo nls/ja.gmo nls/ky.gmo nls/lv.gmo nls/mt.gmo nls/nb.gmo nls/nl.gmo nls/nn.gmo nls/pl.gmo nls/pt.gmo nls/pt_BR.gmo nls/ro.gmo nls/ru.gmo nls/sk.gmo nls/sr.gmo nls/sv.gmo nls/uk.gmo nls/vi.gmo nls/zh_CN.gmo nls/zh_TW.gmo'; \
	for c in $catalogs; do \
		c=`basename $c`; \
		c=`echo $c | sed 's/\.gmo$//'`; \
		mkdir -p /tmp/sysstat.h1LSyO/pkg/ffp/share/locale/$c/LC_MESSAGES; \
		echo "NLS: Installing $c file..." ; \
		install -m 644 nls/$c.gmo /tmp/sysstat.h1LSyO/pkg/ffp/share/locale/$c/LC_MESSAGES/sysstat.mo; \
	done
NLS: Installing af file...
NLS: Installing cs file...
NLS: Installing da file...
NLS: Installing de file...
NLS: Installing eo file...
NLS: Installing es file...
NLS: Installing eu file...
NLS: Installing fi file...
NLS: Installing fr file...
NLS: Installing hr file...
NLS: Installing id file...
NLS: Installing it file...
NLS: Installing ja file...
NLS: Installing ky file...
NLS: Installing lv file...
NLS: Installing mt file...
NLS: Installing nb file...
NLS: Installing nl file...
NLS: Installing nn file...
NLS: Installing pl file...
NLS: Installing pt file...
NLS: Installing pt_BR file...
NLS: Installing ro file...
NLS: Installing ru file...
NLS: Installing sk file...
NLS: Installing sr file...
NLS: Installing sv file...
NLS: Installing uk file...
NLS: Installing vi file...
NLS: Installing zh_CN file...
NLS: Installing zh_TW file...
mkdir -p /tmp/sysstat.h1LSyO/pkg/ffp/lib/sa
mkdir -p /tmp/sysstat.h1LSyO/pkg/ffp/var/log/sa
mkdir -p /tmp/sysstat.h1LSyO/pkg/ffp/bin
mkdir -p /tmp/sysstat.h1LSyO/pkg/ffp/share/doc/sysstat-10.0.5
mkdir -p /tmp/sysstat.h1LSyO/pkg/ffp/etc/sysstat
install -m 755 sa1 /tmp/sysstat.h1LSyO/pkg/ffp/lib/sa
install -m 755 sa2 /tmp/sysstat.h1LSyO/pkg/ffp/lib/sa
install -m 755 sadc /tmp/sysstat.h1LSyO/pkg/ffp/lib/sa
install -m 755 sar /tmp/sysstat.h1LSyO/pkg/ffp/bin
install -m 755 sadf /tmp/sysstat.h1LSyO/pkg/ffp/bin
install -m 755 iostat /tmp/sysstat.h1LSyO/pkg/ffp/bin
install -m 755 mpstat /tmp/sysstat.h1LSyO/pkg/ffp/bin
install -m 755 pidstat /tmp/sysstat.h1LSyO/pkg/ffp/bin
install -m 755 nfsiostat /tmp/sysstat.h1LSyO/pkg/ffp/bin
install -m 755 cifsiostat /tmp/sysstat.h1LSyO/pkg/ffp/bin
install -m 644 sysstat.ioconf /tmp/sysstat.h1LSyO/pkg/ffp/etc/sysstat
install -m 644 sysstat.sysconfig /tmp/sysstat.h1LSyO/pkg/ffp/etc/sysstat/sysstat
install -m 644 CHANGES /tmp/sysstat.h1LSyO/pkg/ffp/share/doc/sysstat-10.0.5
install -m 644 COPYING /tmp/sysstat.h1LSyO/pkg/ffp/share/doc/sysstat-10.0.5
install -m 644 CREDITS /tmp/sysstat.h1LSyO/pkg/ffp/share/doc/sysstat-10.0.5
install -m 644 README /tmp/sysstat.h1LSyO/pkg/ffp/share/doc/sysstat-10.0.5
install -m 644 FAQ /tmp/sysstat.h1LSyO/pkg/ffp/share/doc/sysstat-10.0.5
install -m 644 *.lsm /tmp/sysstat.h1LSyO/pkg/ffp/share/doc/sysstat-10.0.5
+ mkdir -p /tmp/sysstat.h1LSyO/pkg/install
+ cp /ffp/home/root/fun_plug/src/sysstat/DESCR /ffp/home/root/fun_plug/src/sysstat/HOMEPAGE /tmp/sysstat.h1LSyO/pkg/install/
+ cd /tmp/sysstat.h1LSyO/pkg
+ makepkg sysstat 10.0.5 1
Creating /tmp/sysstat-10.0.5-arm-1.tar ...
