+ PN=x264
+ PR=1
+ . ./config.ffp
++ GNU_HOST=
++ GNU_TARGET=
++ FFP_CFLAGS='-I/ffp/include -O2'
++ FFP_LDFLAGS='-L/ffp/lib -Wl,-rpath,/ffp/lib'
++ '[' '!' -d '' ']'
++ TMPDIR=/tmp
++ export TMPDIR
++ mandir=/ffp/share/man
++ infodir=/ffp/share/info
++ docdir=/ffp/share/doc
++ pwd
+ X=/ffp/home/root/fun_plug/src/x264
++ mktemp -t -d x264.XXXXXX
+ W=/tmp/x264.AIbbm9
+ D=/tmp/x264.AIbbm9/pkg
+ cd /tmp/x264.AIbbm9
+ cat /ffp/home/root/fun_plug/src/x264/SRC_URI
+ xargs wget
--2012-10-23 16:47:19--  http://ftp.videolan.org/pub/x264/snapshots/last_x264.tar.bz2
Resolving ftp.videolan.org... 2a01:e0d:1:3:58bf:fa02:0:1, 88.191.250.2
Connecting to ftp.videolan.org|2a01:e0d:1:3:58bf:fa02:0:1|:80... failed: Address family not supported by protocol.
Connecting to ftp.videolan.org|88.191.250.2|:80... connected.
HTTP request sent, awaiting response... 301 Moved Permanently
Location: http://www.videolan.org/pub/x264/snapshots/last_x264.tar.bz2 [following]
--2012-10-23 16:47:19--  http://www.videolan.org/pub/x264/snapshots/last_x264.tar.bz2
Resolving www.videolan.org... 2a01:e0d:1:3:58bf:fa02:0:1, 88.191.250.2
Reusing existing connection to ftp.videolan.org:80.
HTTP request sent, awaiting response... 301 Moved Permanently
Location: http://download.videolan.org/pub/x264/snapshots/last_x264.tar.bz2 [following]
--2012-10-23 16:47:19--  http://download.videolan.org/pub/x264/snapshots/last_x264.tar.bz2
Resolving download.videolan.org... 2a01:e0d:1:3:58bf:fa02:0:2, 88.191.250.9
Connecting to download.videolan.org|2a01:e0d:1:3:58bf:fa02:0:2|:80... failed: Address family not supported by protocol.
Connecting to download.videolan.org|88.191.250.9|:80... connected.
HTTP request sent, awaiting response... 200 OK
Length: 555806 (543K) [text/plain]
Saving to: `last_x264.tar.bz2'

     0K .......... .......... .......... .......... ..........  9%  476K 1s
    50K .......... .......... .......... .......... .......... 18%  988K 1s
   100K .......... .......... .......... .......... .......... 27% 1.08M 1s
   150K .......... .......... .......... .......... .......... 36%  917K 0s
   200K .......... .......... .......... .......... .......... 46% 1.15M 0s
   250K .......... .......... .......... .......... .......... 55% 1.14M 0s
   300K .......... .......... .......... .......... .......... 64% 1.18M 0s
   350K .......... .......... .......... .......... .......... 73% 1.22M 0s
   400K .......... .......... .......... .......... .......... 82% 1.06M 0s
   450K .......... .......... .......... .......... .......... 92% 1.17M 0s
   500K .......... .......... .......... .......... ..        100% 1.17M=0.5s

2012-10-23 16:47:20 (995 KB/s) - `last_x264.tar.bz2' saved [555806/555806]

+ tar xf last_x264.tar.bz2
++ ls -d x264-snapshot-20121022-2245
++ sed -e s/x264-snapshot-//g
+ PV=20121022-2245
+ cd x264-snapshot-20121022-2245
++ ls /ffp/home/root/fun_plug/src/x264/patches/001-configure.patch /ffp/home/root/fun_plug/src/x264/patches/002-version.sh.patch
+ for file in '`ls $X/patches/*.patch`'
+ patch -p0 -i /ffp/home/root/fun_plug/src/x264/patches/001-configure.patch
patching file configure
+ for file in '`ls $X/patches/*.patch`'
+ patch -p0 -i /ffp/home/root/fun_plug/src/x264/patches/002-version.sh.patch
patching file version.sh
+ LDFLAGS='-L/ffp/lib -Wl,-rpath,/ffp/lib'
+ ./configure --prefix=/ffp --enable-static --enable-shared --disable-asm
fatal: Not a git repository (or any parent up to mount parent )
Stopping at filesystem boundary (GIT_DISCOVERY_ACROSS_FILESYSTEM not set).
platform:      ARM
system:        LINUX
cli:           yes
libx264:       internal
shared:        yes
static:        yes
asm:           no
interlaced:    yes
avs:           no
lavf:          yes
ffms:          no
gpac:          no
gpl:           yes
thread:        posix
filters:       resize crop select_every 
debug:         no
gprof:         no
strip:         no
PIC:           yes
visualize:     no
bit depth:     8
chroma format: all

You can run 'make' or 'make fprofiled' now.
+ make
gcc -Wshadow -O3 -fno-fast-math  -Wall -I. -I. -std=gnu99  -I/ffp/include    -I/ffp/include   -fPIC -fomit-frame-pointer -fno-tree-vectorize   -c -o x264.o x264.c
gcc -Wshadow -O3 -fno-fast-math  -Wall -I. -I. -std=gnu99  -I/ffp/include    -I/ffp/include   -fPIC -fomit-frame-pointer -fno-tree-vectorize   -c -o input/input.o input/input.c
gcc -Wshadow -O3 -fno-fast-math  -Wall -I. -I. -std=gnu99  -I/ffp/include    -I/ffp/include   -fPIC -fomit-frame-pointer -fno-tree-vectorize   -c -o input/timecode.o input/timecode.c
gcc -Wshadow -O3 -fno-fast-math  -Wall -I. -I. -std=gnu99  -I/ffp/include    -I/ffp/include   -fPIC -fomit-frame-pointer -fno-tree-vectorize   -c -o input/raw.o input/raw.c
gcc -Wshadow -O3 -fno-fast-math  -Wall -I. -I. -std=gnu99  -I/ffp/include    -I/ffp/include   -fPIC -fomit-frame-pointer -fno-tree-vectorize   -c -o input/y4m.o input/y4m.c
gcc -Wshadow -O3 -fno-fast-math  -Wall -I. -I. -std=gnu99  -I/ffp/include    -I/ffp/include   -fPIC -fomit-frame-pointer -fno-tree-vectorize   -c -o output/raw.o output/raw.c
gcc -Wshadow -O3 -fno-fast-math  -Wall -I. -I. -std=gnu99  -I/ffp/include    -I/ffp/include   -fPIC -fomit-frame-pointer -fno-tree-vectorize   -c -o output/matroska.o output/matroska.c
gcc -Wshadow -O3 -fno-fast-math  -Wall -I. -I. -std=gnu99  -I/ffp/include    -I/ffp/include   -fPIC -fomit-frame-pointer -fno-tree-vectorize   -c -o output/matroska_ebml.o output/matroska_ebml.c
gcc -Wshadow -O3 -fno-fast-math  -Wall -I. -I. -std=gnu99  -I/ffp/include    -I/ffp/include   -fPIC -fomit-frame-pointer -fno-tree-vectorize   -c -o output/flv.o output/flv.c
gcc -Wshadow -O3 -fno-fast-math  -Wall -I. -I. -std=gnu99  -I/ffp/include    -I/ffp/include   -fPIC -fomit-frame-pointer -fno-tree-vectorize   -c -o output/flv_bytestream.o output/flv_bytestream.c
gcc -Wshadow -O3 -fno-fast-math  -Wall -I. -I. -std=gnu99  -I/ffp/include    -I/ffp/include   -fPIC -fomit-frame-pointer -fno-tree-vectorize   -c -o filters/filters.o filters/filters.c
gcc -Wshadow -O3 -fno-fast-math  -Wall -I. -I. -std=gnu99  -I/ffp/include    -I/ffp/include   -fPIC -fomit-frame-pointer -fno-tree-vectorize   -c -o filters/video/video.o filters/video/video.c
gcc -Wshadow -O3 -fno-fast-math  -Wall -I. -I. -std=gnu99  -I/ffp/include    -I/ffp/include   -fPIC -fomit-frame-pointer -fno-tree-vectorize   -c -o filters/video/source.o filters/video/source.c
gcc -Wshadow -O3 -fno-fast-math  -Wall -I. -I. -std=gnu99  -I/ffp/include    -I/ffp/include   -fPIC -fomit-frame-pointer -fno-tree-vectorize   -c -o filters/video/internal.o filters/video/internal.c
gcc -Wshadow -O3 -fno-fast-math  -Wall -I. -I. -std=gnu99  -I/ffp/include    -I/ffp/include   -fPIC -fomit-frame-pointer -fno-tree-vectorize   -c -o filters/video/resize.o filters/video/resize.c
gcc -Wshadow -O3 -fno-fast-math  -Wall -I. -I. -std=gnu99  -I/ffp/include    -I/ffp/include   -fPIC -fomit-frame-pointer -fno-tree-vectorize   -c -o filters/video/cache.o filters/video/cache.c
gcc -Wshadow -O3 -fno-fast-math  -Wall -I. -I. -std=gnu99  -I/ffp/include    -I/ffp/include   -fPIC -fomit-frame-pointer -fno-tree-vectorize   -c -o filters/video/fix_vfr_pts.o filters/video/fix_vfr_pts.c
gcc -Wshadow -O3 -fno-fast-math  -Wall -I. -I. -std=gnu99  -I/ffp/include    -I/ffp/include   -fPIC -fomit-frame-pointer -fno-tree-vectorize   -c -o filters/video/select_every.o filters/video/select_every.c
gcc -Wshadow -O3 -fno-fast-math  -Wall -I. -I. -std=gnu99  -I/ffp/include    -I/ffp/include   -fPIC -fomit-frame-pointer -fno-tree-vectorize   -c -o filters/video/crop.o filters/video/crop.c
gcc -Wshadow -O3 -fno-fast-math  -Wall -I. -I. -std=gnu99  -I/ffp/include    -I/ffp/include   -fPIC -fomit-frame-pointer -fno-tree-vectorize   -c -o filters/video/depth.o filters/video/depth.c
gcc -Wshadow -O3 -fno-fast-math  -Wall -I. -I. -std=gnu99  -I/ffp/include    -I/ffp/include   -fPIC -fomit-frame-pointer -fno-tree-vectorize   -c -o input/thread.o input/thread.c
gcc -Wshadow -O3 -fno-fast-math  -Wall -I. -I. -std=gnu99  -I/ffp/include    -I/ffp/include   -fPIC -fomit-frame-pointer -fno-tree-vectorize   -c -o input/lavf.o input/lavf.c
input/lavf.c: In function 'close_file':
input/lavf.c:248:5: warning: 'av_close_input_file' is deprecated (declared at /ffp/include/libavformat/avformat.h:1622) [-Wdeprecated-declarations]
gcc -Wshadow -O3 -fno-fast-math  -Wall -I. -I. -std=gnu99  -I/ffp/include    -I/ffp/include   -fPIC -fomit-frame-pointer -fno-tree-vectorize   -c -o common/mc.o common/mc.c
gcc -Wshadow -O3 -fno-fast-math  -Wall -I. -I. -std=gnu99  -I/ffp/include    -I/ffp/include   -fPIC -fomit-frame-pointer -fno-tree-vectorize   -c -o common/predict.o common/predict.c
gcc -Wshadow -O3 -fno-fast-math  -Wall -I. -I. -std=gnu99  -I/ffp/include    -I/ffp/include   -fPIC -fomit-frame-pointer -fno-tree-vectorize   -c -o common/pixel.o common/pixel.c
gcc -Wshadow -O3 -fno-fast-math  -Wall -I. -I. -std=gnu99  -I/ffp/include    -I/ffp/include   -fPIC -fomit-frame-pointer -fno-tree-vectorize   -c -o common/macroblock.o common/macroblock.c
gcc -Wshadow -O3 -fno-fast-math  -Wall -I. -I. -std=gnu99  -I/ffp/include    -I/ffp/include   -fPIC -fomit-frame-pointer -fno-tree-vectorize   -c -o common/frame.o common/frame.c
gcc -Wshadow -O3 -fno-fast-math  -Wall -I. -I. -std=gnu99  -I/ffp/include    -I/ffp/include   -fPIC -fomit-frame-pointer -fno-tree-vectorize   -c -o common/dct.o common/dct.c
gcc -Wshadow -O3 -fno-fast-math  -Wall -I. -I. -std=gnu99  -I/ffp/include    -I/ffp/include   -fPIC -fomit-frame-pointer -fno-tree-vectorize   -c -o common/cpu.o common/cpu.c
common/cpu.c:95:13: warning: 'sigill_handler' defined but not used [-Wunused-function]
gcc -Wshadow -O3 -fno-fast-math  -Wall -I. -I. -std=gnu99  -I/ffp/include    -I/ffp/include   -fPIC -fomit-frame-pointer -fno-tree-vectorize   -c -o common/cabac.o common/cabac.c
gcc -Wshadow -O3 -fno-fast-math  -Wall -I. -I. -std=gnu99  -I/ffp/include    -I/ffp/include   -fPIC -fomit-frame-pointer -fno-tree-vectorize   -c -o common/common.o common/common.c
gcc -Wshadow -O3 -fno-fast-math  -Wall -I. -I. -std=gnu99  -I/ffp/include    -I/ffp/include   -fPIC -fomit-frame-pointer -fno-tree-vectorize   -c -o common/osdep.o common/osdep.c
gcc -Wshadow -O3 -fno-fast-math  -Wall -I. -I. -std=gnu99  -I/ffp/include    -I/ffp/include   -fPIC -fomit-frame-pointer -fno-tree-vectorize   -c -o common/rectangle.o common/rectangle.c
gcc -Wshadow -O3 -fno-fast-math  -Wall -I. -I. -std=gnu99  -I/ffp/include    -I/ffp/include   -fPIC -fomit-frame-pointer -fno-tree-vectorize   -c -o common/set.o common/set.c
gcc -Wshadow -O3 -fno-fast-math  -Wall -I. -I. -std=gnu99  -I/ffp/include    -I/ffp/include   -fPIC -fomit-frame-pointer -fno-tree-vectorize   -c -o common/quant.o common/quant.c
gcc -Wshadow -O3 -fno-fast-math  -Wall -I. -I. -std=gnu99  -I/ffp/include    -I/ffp/include   -fPIC -fomit-frame-pointer -fno-tree-vectorize   -c -o common/deblock.o common/deblock.c
gcc -Wshadow -O3 -fno-fast-math  -Wall -I. -I. -std=gnu99  -I/ffp/include    -I/ffp/include   -fPIC -fomit-frame-pointer -fno-tree-vectorize   -c -o common/vlc.o common/vlc.c
gcc -Wshadow -O3 -fno-fast-math  -Wall -I. -I. -std=gnu99  -I/ffp/include    -I/ffp/include   -fPIC -fomit-frame-pointer -fno-tree-vectorize   -c -o common/mvpred.o common/mvpred.c
gcc -Wshadow -O3 -fno-fast-math  -Wall -I. -I. -std=gnu99  -I/ffp/include    -I/ffp/include   -fPIC -fomit-frame-pointer -fno-tree-vectorize   -c -o common/bitstream.o common/bitstream.c
gcc -Wshadow -O3 -fno-fast-math  -Wall -I. -I. -std=gnu99  -I/ffp/include    -I/ffp/include   -fPIC -fomit-frame-pointer -fno-tree-vectorize   -c -o encoder/analyse.o encoder/analyse.c
In file included from encoder/analyse.c:35:0:
encoder/rdo.c: In function 'x264_rd_cost_mb':
encoder/cabac.c:1058:17: warning: '*((void *)&nnzbak+20).i' may be used uninitialized in this function [-Wuninitialized]
encoder/cabac.c:1014:17: note: '*((void *)&nnzbak+20).i' was declared here
encoder/cabac.c:1058:17: warning: '*((void *)&nnzbak+12).i' may be used uninitialized in this function [-Wuninitialized]
encoder/cabac.c:1014:17: note: '*((void *)&nnzbak+12).i' was declared here
encoder/cabac.c:1058:17: warning: '*((void *)&nnzbak+4).i' may be used uninitialized in this function [-Wuninitialized]
encoder/cabac.c:1014:17: note: '*((void *)&nnzbak+4).i' was declared here
encoder/cabac.c:1058:17: warning: 'nnzbak[2][1]' may be used uninitialized in this function [-Wuninitialized]
encoder/cabac.c:1014:17: note: 'nnzbak[2][1]' was declared here
encoder/cabac.c:1058:17: warning: 'nnzbak[2][0]' may be used uninitialized in this function [-Wuninitialized]
encoder/cabac.c:1014:17: note: 'nnzbak[2][0]' was declared here
encoder/cabac.c:1058:17: warning: 'nnzbak[1][1]' may be used uninitialized in this function [-Wuninitialized]
encoder/cabac.c:1014:17: note: 'nnzbak[1][1]' was declared here
encoder/cabac.c:1058:17: warning: 'nnzbak[1][0]' may be used uninitialized in this function [-Wuninitialized]
encoder/cabac.c:1014:17: note: 'nnzbak[1][0]' was declared here
encoder/cabac.c:1058:17: warning: 'nnzbak[0][1]' may be used uninitialized in this function [-Wuninitialized]
encoder/cabac.c:1014:17: note: 'nnzbak[0][1]' was declared here
encoder/cabac.c:1058:17: warning: 'nnzbak[0][0]' may be used uninitialized in this function [-Wuninitialized]
encoder/cabac.c:1014:17: note: 'nnzbak[0][0]' was declared here
encoder/cabac.c:1058:17: warning: 'nnzbak[2][3]' may be used uninitialized in this function [-Wuninitialized]
encoder/cabac.c:1014:17: note: 'nnzbak[2][3]' was declared here
encoder/cabac.c:1058:17: warning: 'nnzbak[2][2]' may be used uninitialized in this function [-Wuninitialized]
encoder/cabac.c:1014:17: note: 'nnzbak[2][2]' was declared here
encoder/cabac.c:1058:17: warning: 'nnzbak[1][3]' may be used uninitialized in this function [-Wuninitialized]
encoder/cabac.c:1014:17: note: 'nnzbak[1][3]' was declared here
encoder/cabac.c:1058:17: warning: 'nnzbak[1][2]' may be used uninitialized in this function [-Wuninitialized]
encoder/cabac.c:1014:17: note: 'nnzbak[1][2]' was declared here
encoder/cabac.c:1058:17: warning: 'nnzbak[0][3]' may be used uninitialized in this function [-Wuninitialized]
encoder/cabac.c:1014:17: note: 'nnzbak[0][3]' was declared here
encoder/cabac.c:1058:17: warning: 'nnzbak[0][2]' may be used uninitialized in this function [-Wuninitialized]
encoder/cabac.c:1014:17: note: 'nnzbak[0][2]' was declared here
gcc -Wshadow -O3 -fno-fast-math  -Wall -I. -I. -std=gnu99  -I/ffp/include    -I/ffp/include   -fPIC -fomit-frame-pointer -fno-tree-vectorize   -c -o encoder/me.o encoder/me.c
gcc -Wshadow -O3 -fno-fast-math  -Wall -I. -I. -std=gnu99  -I/ffp/include    -I/ffp/include   -fPIC -fomit-frame-pointer -fno-tree-vectorize   -c -o encoder/ratecontrol.o encoder/ratecontrol.c
gcc -Wshadow -O3 -fno-fast-math  -Wall -I. -I. -std=gnu99  -I/ffp/include    -I/ffp/include   -fPIC -fomit-frame-pointer -fno-tree-vectorize   -c -o encoder/set.o encoder/set.c
gcc -Wshadow -O3 -fno-fast-math  -Wall -I. -I. -std=gnu99  -I/ffp/include    -I/ffp/include   -fPIC -fomit-frame-pointer -fno-tree-vectorize   -c -o encoder/macroblock.o encoder/macroblock.c
gcc -Wshadow -O3 -fno-fast-math  -Wall -I. -I. -std=gnu99  -I/ffp/include    -I/ffp/include   -fPIC -fomit-frame-pointer -fno-tree-vectorize   -c -o encoder/cabac.o encoder/cabac.c
encoder/cabac.c: In function 'x264_macroblock_write_cabac':
encoder/cabac.c:1058:17: warning: '*((void *)&nnzbak+20).i' may be used uninitialized in this function [-Wuninitialized]
encoder/cabac.c:1014:17: note: '*((void *)&nnzbak+20).i' was declared here
encoder/cabac.c:1058:17: warning: '*((void *)&nnzbak+12).i' may be used uninitialized in this function [-Wuninitialized]
encoder/cabac.c:1014:17: note: '*((void *)&nnzbak+12).i' was declared here
encoder/cabac.c:1058:17: warning: '*((void *)&nnzbak+4).i' may be used uninitialized in this function [-Wuninitialized]
encoder/cabac.c:1014:17: note: '*((void *)&nnzbak+4).i' was declared here
encoder/cabac.c:1058:17: warning: 'nnzbak[2][1]' may be used uninitialized in this function [-Wuninitialized]
encoder/cabac.c:1014:17: note: 'nnzbak[2][1]' was declared here
encoder/cabac.c:1058:17: warning: 'nnzbak[2][0]' may be used uninitialized in this function [-Wuninitialized]
encoder/cabac.c:1014:17: note: 'nnzbak[2][0]' was declared here
encoder/cabac.c:1058:17: warning: 'nnzbak[1][1]' may be used uninitialized in this function [-Wuninitialized]
encoder/cabac.c:1014:17: note: 'nnzbak[1][1]' was declared here
encoder/cabac.c:1058:17: warning: 'nnzbak[1][0]' may be used uninitialized in this function [-Wuninitialized]
encoder/cabac.c:1014:17: note: 'nnzbak[1][0]' was declared here
encoder/cabac.c:1058:17: warning: 'nnzbak[0][1]' may be used uninitialized in this function [-Wuninitialized]
encoder/cabac.c:1014:17: note: 'nnzbak[0][1]' was declared here
encoder/cabac.c:1058:17: warning: 'nnzbak[0][0]' may be used uninitialized in this function [-Wuninitialized]
encoder/cabac.c:1014:17: note: 'nnzbak[0][0]' was declared here
encoder/cabac.c:1058:17: warning: 'nnzbak[2][3]' may be used uninitialized in this function [-Wuninitialized]
encoder/cabac.c:1014:17: note: 'nnzbak[2][3]' was declared here
encoder/cabac.c:1058:17: warning: 'nnzbak[2][2]' may be used uninitialized in this function [-Wuninitialized]
encoder/cabac.c:1014:17: note: 'nnzbak[2][2]' was declared here
encoder/cabac.c:1058:17: warning: 'nnzbak[1][3]' may be used uninitialized in this function [-Wuninitialized]
encoder/cabac.c:1014:17: note: 'nnzbak[1][3]' was declared here
encoder/cabac.c:1058:17: warning: 'nnzbak[1][2]' may be used uninitialized in this function [-Wuninitialized]
encoder/cabac.c:1014:17: note: 'nnzbak[1][2]' was declared here
encoder/cabac.c:1058:17: warning: 'nnzbak[0][3]' may be used uninitialized in this function [-Wuninitialized]
encoder/cabac.c:1014:17: note: 'nnzbak[0][3]' was declared here
encoder/cabac.c:1058:17: warning: 'nnzbak[0][2]' may be used uninitialized in this function [-Wuninitialized]
encoder/cabac.c:1014:17: note: 'nnzbak[0][2]' was declared here
gcc -Wshadow -O3 -fno-fast-math  -Wall -I. -I. -std=gnu99  -I/ffp/include    -I/ffp/include   -fPIC -fomit-frame-pointer -fno-tree-vectorize   -c -o encoder/cavlc.o encoder/cavlc.c
gcc -Wshadow -O3 -fno-fast-math  -Wall -I. -I. -std=gnu99  -I/ffp/include    -I/ffp/include   -fPIC -fomit-frame-pointer -fno-tree-vectorize   -c -o encoder/encoder.o encoder/encoder.c
gcc -Wshadow -O3 -fno-fast-math  -Wall -I. -I. -std=gnu99  -I/ffp/include    -I/ffp/include   -fPIC -fomit-frame-pointer -fno-tree-vectorize   -c -o encoder/lookahead.o encoder/lookahead.c
gcc -Wshadow -O3 -fno-fast-math  -Wall -I. -I. -std=gnu99  -I/ffp/include    -I/ffp/include   -fPIC -fomit-frame-pointer -fno-tree-vectorize   -c -o common/threadpool.o common/threadpool.c
rm -f libx264.a
ar rc libx264.a  common/mc.o common/predict.o common/pixel.o common/macroblock.o common/frame.o common/dct.o common/cpu.o common/cabac.o common/common.o common/osdep.o common/rectangle.o common/set.o common/quant.o common/deblock.o common/vlc.o common/mvpred.o common/bitstream.o encoder/analyse.o encoder/me.o encoder/ratecontrol.o encoder/set.o encoder/macroblock.o encoder/cabac.o encoder/cavlc.o encoder/encoder.o encoder/lookahead.o common/threadpool.o 
ranlib libx264.a
gcc -o x264  x264.o input/input.o input/timecode.o input/raw.o input/y4m.o output/raw.o output/matroska.o output/matroska_ebml.o output/flv.o output/flv_bytestream.o filters/filters.o filters/video/video.o filters/video/source.o filters/video/internal.o filters/video/resize.o filters/video/cache.o filters/video/fix_vfr_pts.o filters/video/select_every.o filters/video/crop.o filters/video/depth.o input/thread.o input/lavf.o libx264.a -L.  -L/ffp/lib -lavformat -lavcodec -lavutil -lswscale    -L/ffp/lib -lswscale -lavutil    -L/ffp/lib -Wl,-rpath,/ffp/lib -lm -lpthread
gcc -o libx264.so.128  common/mc.o common/predict.o common/pixel.o common/macroblock.o common/frame.o common/dct.o common/cpu.o common/cabac.o common/common.o common/osdep.o common/rectangle.o common/set.o common/quant.o common/deblock.o common/vlc.o common/mvpred.o common/bitstream.o encoder/analyse.o encoder/me.o encoder/ratecontrol.o encoder/set.o encoder/macroblock.o encoder/cabac.o encoder/cavlc.o encoder/encoder.o encoder/lookahead.o common/threadpool.o    -shared -Wl,-soname,libx264.so.128  -Wl,-Bsymbolic -L/ffp/lib -Wl,-rpath,/ffp/lib -lm -lpthread
+ make DESTDIR=/tmp/x264.AIbbm9/pkg install
install -d /tmp/x264.AIbbm9/pkg/ffp/bin
install x264 /tmp/x264.AIbbm9/pkg/ffp/bin
install -d /tmp/x264.AIbbm9/pkg/ffp/include
install -d /tmp/x264.AIbbm9/pkg/ffp/lib
install -d /tmp/x264.AIbbm9/pkg/ffp/lib/pkgconfig
install -m 644 ./x264.h /tmp/x264.AIbbm9/pkg/ffp/include
install -m 644 x264_config.h /tmp/x264.AIbbm9/pkg/ffp/include
install -m 644 x264.pc /tmp/x264.AIbbm9/pkg/ffp/lib/pkgconfig
ln -f -s libx264.so.128 /tmp/x264.AIbbm9/pkg/ffp/lib/libx264.so
install -m 755 libx264.so.128 /tmp/x264.AIbbm9/pkg/ffp/lib
install -m 644 libx264.a /tmp/x264.AIbbm9/pkg/ffp/lib
ranlib /tmp/x264.AIbbm9/pkg/ffp/lib/libx264.a
+ mkdir -p /tmp/x264.AIbbm9/pkg/install
+ cp /ffp/home/root/fun_plug/src/x264/DESCR /ffp/home/root/fun_plug/src/x264/HOMEPAGE /tmp/x264.AIbbm9/pkg/install/
+ cd /tmp/x264.AIbbm9/pkg
+ makepkg x264 20121022-2245 1
Creating /tmp/x264-20121022-2245-arm-1.tar ...
