++ basename ./libmicrohttpd.funpkg .funpkg
+ PN=libmicrohttpd
+ PR=1
+ . ./config.ffp
++ GNU_HOST=
++ GNU_TARGET=
++ FFP_CFLAGS='-I/ffp/include -O2'
++ FFP_LDFLAGS='-L/ffp/lib -Wl,-rpath,/ffp/lib'
++ '[' '!' -d '' ']'
++ TMPDIR=/tmp
++ export TMPDIR
++ mandir=/ffp/share/man
++ infodir=/ffp/share/info
++ docdir=/ffp/share/doc
++ pwd
+ X=/ffp/home/root/src/libmicrohttpd
++ mktemp -t -d libmicrohttpd.XXXXXX
+ W=/tmp/libmicrohttpd.f47OMw
+ D=/tmp/libmicrohttpd.f47OMw/pkg
+ cd /tmp/libmicrohttpd.f47OMw
+ cat /ffp/home/root/src/libmicrohttpd/SRC_URI
+ xargs wget
--2012-03-14 13:05:10--  http://ftp.igh.cnrs.fr/pub/gnu/libmicrohttpd/libmicrohttpd-0.9.19.tar.gz
Resolving ftp.igh.cnrs.fr... 193.50.6.138
Connecting to ftp.igh.cnrs.fr|193.50.6.138|:80... connected.
HTTP request sent, awaiting response... 200 OK
Length: 800143 (781K) [application/octet-stream]
Saving to: `libmicrohttpd-0.9.19.tar.gz'

     0K .......... .......... .......... .......... ..........  6%  253K 3s
    50K .......... .......... .......... .......... .......... 12% 2.34M 1s
   100K .......... .......... .......... .......... .......... 19%  518K 1s
   150K .......... .......... .......... .......... .......... 25%  710K 1s
   200K .......... .......... .......... .......... .......... 31%  588K 1s
   250K .......... .......... .......... .......... .......... 38%  662K 1s
   300K .......... .......... .......... .......... .......... 44%  623K 1s
   350K .......... .......... .......... .......... .......... 51%  666K 1s
   400K .......... .......... .......... .......... .......... 57%  681K 1s
   450K .......... .......... .......... .......... .......... 63%  586K 0s
   500K .......... .......... .......... .......... .......... 70%  866K 0s
   550K .......... .......... .......... .......... .......... 76%  638K 0s
   600K .......... .......... .......... .......... .......... 83%  778K 0s
   650K .......... .......... .......... .......... .......... 89%  651K 0s
   700K .......... .......... .......... .......... .......... 95%  831K 0s
   750K .......... .......... .......... .                    100%  757K=1.2s

2012-03-14 13:05:12 (631 KB/s) - `libmicrohttpd-0.9.19.tar.gz' saved [800143/800143]

++ ls libmicrohttpd-0.9.19.tar.gz
++ egrep -o '[0-9][0-9.]*[0-9]'
+ PV=0.9.19
+ tar xf libmicrohttpd-0.9.19.tar.gz
+ cd libmicrohttpd-0.9.19 libmicrohttpd-0.9.19.tar.gz
+ LDFLAGS='-L/ffp/lib -Wl,-rpath,/ffp/lib'
+ ./configure --prefix=/ffp --build= --host= --mandir=/ffp/share/man --infodir=/ffp/share/info
checking for a BSD-compatible install... /ffp/bin/install -c
checking whether build environment is sane... yes
checking for a thread-safe mkdir -p... /ffp/bin/mkdir -p
checking for gawk... gawk
checking whether make sets $(MAKE)... yes
checking for gawk... (cached) gawk
checking whether ln -s works... yes
checking whether make sets $(MAKE)... (cached) yes
checking build system type... armv5tejl-unknown-linux-gnueabi
checking host system type... armv5tejl-unknown-linux-gnueabi
checking for style of include used by make... GNU
checking for gcc... gcc
checking whether the C compiler works... yes
checking for C compiler default output file name... a.out
checking for suffix of executables... 
checking whether we are cross compiling... no
checking for suffix of object files... o
checking whether we are using the GNU C compiler... yes
checking whether gcc accepts -g... yes
checking for gcc option to accept ISO C89... none needed
checking dependency style of gcc... gcc3
checking whether gcc and cc understand -c and -o together... yes
checking for a sed that does not truncate output... /ffp/bin/sed
checking for grep that handles long lines and -e... /ffp/bin/grep
checking for egrep... /ffp/bin/grep -E
checking for fgrep... /ffp/bin/grep -F
checking for ld used by gcc... /ffp/bin/ld
checking if the linker (/ffp/bin/ld) is GNU ld... yes
checking for BSD- or MS-compatible name lister (nm)... /ffp/bin/nm -B
checking the name lister (/ffp/bin/nm -B) interface... BSD nm
checking the maximum length of command line arguments... 1572864
checking whether the shell understands some XSI constructs... yes
checking whether the shell understands "+="... yes
checking for /ffp/bin/ld option to reload object files... -r
checking for objdump... objdump
checking how to recognize dependent libraries... pass_all
checking for ar... ar
checking for strip... strip
checking for ranlib... ranlib
checking command to parse /ffp/bin/nm -B output from gcc object... ok
checking how to run the C preprocessor... gcc -E
checking for ANSI C header files... yes
checking for sys/types.h... yes
checking for sys/stat.h... yes
checking for stdlib.h... yes
checking for string.h... yes
checking for memory.h... yes
checking for strings.h... yes
checking for inttypes.h... yes
checking for stdint.h... yes
checking for unistd.h... yes
checking for dlfcn.h... yes
checking for objdir... .libs
checking if gcc supports -fno-rtti -fno-exceptions... no
checking for gcc option to produce PIC... -fPIC -DPIC
checking if gcc PIC flag -fPIC -DPIC works... yes
checking if gcc static flag -static works... yes
checking if gcc supports -c -o file.o... yes
checking if gcc supports -c -o file.o... (cached) yes
checking whether the gcc linker (/ffp/bin/ld) supports shared libraries... yes
checking whether -lc should be explicitly linked in... no
checking dynamic linker characteristics... GNU/Linux ld.so
checking how to hardcode library paths into programs... immediate
checking whether stripping libraries is possible... yes
checking if libtool supports shared libraries... yes
checking whether to build shared libraries... yes
checking whether to build static libraries... yes
checking whether byte ordering is bigendian... no
checking for struct sockaddr_in.sin_len... no
checking for curl... true
checking for pthread_create in -lpthread... yes
checking fcntl.h usability... yes
checking fcntl.h presence... yes
checking for fcntl.h... yes
checking math.h usability... yes
checking math.h presence... yes
checking for math.h... yes
checking errno.h usability... yes
checking errno.h presence... yes
checking for errno.h... yes
checking limits.h usability... yes
checking limits.h presence... yes
checking for limits.h... yes
checking stdio.h usability... yes
checking stdio.h presence... yes
checking for stdio.h... yes
checking locale.h usability... yes
checking locale.h presence... yes
checking for locale.h... yes
checking for sys/stat.h... (cached) yes
checking for sys/types.h... (cached) yes
checking pthread.h usability... yes
checking pthread.h presence... yes
checking for pthread.h... yes
checking for sys/types.h... (cached) yes
checking sys/time.h usability... yes
checking sys/time.h presence... yes
checking for sys/time.h... yes
checking sys/msg.h usability... yes
checking sys/msg.h presence... yes
checking for sys/msg.h... yes
checking netdb.h usability... yes
checking netdb.h presence... yes
checking for netdb.h... yes
checking netinet/in.h usability... yes
checking netinet/in.h presence... yes
checking for netinet/in.h... yes
checking netinet/tcp.h usability... yes
checking netinet/tcp.h presence... yes
checking for netinet/tcp.h... yes
checking time.h usability... yes
checking time.h presence... yes
checking for time.h... yes
checking sys/socket.h usability... yes
checking sys/socket.h presence... yes
checking for sys/socket.h... yes
checking sys/mman.h usability... yes
checking sys/mman.h presence... yes
checking for sys/mman.h... yes
checking arpa/inet.h usability... yes
checking arpa/inet.h presence... yes
checking for arpa/inet.h... yes
checking sys/select.h usability... yes
checking sys/select.h presence... yes
checking for sys/select.h... yes
checking poll.h usability... yes
checking poll.h presence... yes
checking for poll.h... yes
checking winsock2.h usability... no
checking winsock2.h presence... no
checking for winsock2.h... no
checking ws2tcpip.h usability... no
checking ws2tcpip.h presence... no
checking for ws2tcpip.h... no
checking plibc.h usability... no
checking plibc.h presence... no
checking for plibc.h... no
checking for memmem... yes
checking for IPv6... yes
checking whether TCP_CORK is declared... yes
checking whether TCP_NOPUSH is declared... no
checking whether to use libcurl for testing... yes
checking for gawk... (cached) gawk
checking for curl-config... /ffp/bin/curl-config
checking for the version of libcurl... 7.21.4
checking whether libcurl is usable... yes
checking for curl_free... yes
checking for special C compiler options needed for large files... no
checking for _FILE_OFFSET_BITS value needed for large files... 64
checking for _LARGEFILE_SOURCE value needed for large files... no
checking whether to generate error messages... yes
checking whether to enable postprocessor... 
checking for zzuf... 0
checking for socat... 0
checking for libgcrypt-config... /ffp/bin/libgcrypt-config
checking for LIBGCRYPT - version >= 1.2.2... yes (1.5.0)
checking for gnutls... --with-gnutls not specified
checking gnutls/gnutls.h usability... no
checking gnutls/gnutls.h presence... no
checking for gnutls/gnutls.h... no
checking whether to support HTTPS... no (lacking libgcrypt or libgnutls)
checking whether to support HTTP basic and digest authentication... yes
checking whether -export-symbols-regex works... yes
checking whether to compile with support for code coverage analysis... no
configure: creating ./config.status
config.status: creating libmicrohttpd.pc
config.status: creating Makefile
config.status: creating contrib/Makefile
config.status: creating doc/Makefile
config.status: creating m4/Makefile
config.status: creating src/Makefile
config.status: creating src/include/Makefile
config.status: creating src/include/plibc/Makefile
config.status: creating src/daemon/Makefile
config.status: creating src/examples/Makefile
config.status: creating src/testcurl/Makefile
config.status: creating src/testcurl/https/Makefile
config.status: creating src/testzzuf/Makefile
config.status: creating MHD_config.h
config.status: executing depfiles commands
config.status: executing libtool commands
configure: Configuration Summary:
  Operating System:  linux-gnueabi
  libgcrypt:         yes
  libcurl (testing): yes
  Target directory:  /ffp
  Messages:          yes
  HTTP Authentic.:   yes
  Postproc:          yes
  HTTPS support:     no (lacking libgcrypt or libgnutls)

configure:
  License         :  LGPL or eCos

+ make
make  all-recursive
make[1]: Entering directory `/tmp/libmicrohttpd.f47OMw/libmicrohttpd-0.9.19'
Making all in contrib
make[2]: Entering directory `/tmp/libmicrohttpd.f47OMw/libmicrohttpd-0.9.19/contrib'
make[2]: Nothing to be done for `all'.
make[2]: Leaving directory `/tmp/libmicrohttpd.f47OMw/libmicrohttpd-0.9.19/contrib'
Making all in src
make[2]: Entering directory `/tmp/libmicrohttpd.f47OMw/libmicrohttpd-0.9.19/src'
Making all in include
make[3]: Entering directory `/tmp/libmicrohttpd.f47OMw/libmicrohttpd-0.9.19/src/include'
Making all in plibc
make[4]: Entering directory `/tmp/libmicrohttpd.f47OMw/libmicrohttpd-0.9.19/src/include/plibc'
Making all in .
make[5]: Entering directory `/tmp/libmicrohttpd.f47OMw/libmicrohttpd-0.9.19/src/include/plibc'
make[5]: Nothing to be done for `all-am'.
make[5]: Leaving directory `/tmp/libmicrohttpd.f47OMw/libmicrohttpd-0.9.19/src/include/plibc'
make[4]: Leaving directory `/tmp/libmicrohttpd.f47OMw/libmicrohttpd-0.9.19/src/include/plibc'
Making all in .
make[4]: Entering directory `/tmp/libmicrohttpd.f47OMw/libmicrohttpd-0.9.19/src/include'
make[4]: Nothing to be done for `all-am'.
make[4]: Leaving directory `/tmp/libmicrohttpd.f47OMw/libmicrohttpd-0.9.19/src/include'
make[3]: Leaving directory `/tmp/libmicrohttpd.f47OMw/libmicrohttpd-0.9.19/src/include'
Making all in daemon
make[3]: Entering directory `/tmp/libmicrohttpd.f47OMw/libmicrohttpd-0.9.19/src/daemon'
/ffp/bin/sh ../../libtool --tag=CC   --mode=compile gcc -DHAVE_CONFIG_H -I. -I../..  -I../../src/include/plibc -I../../src/include -I../../src/daemon -I/ffp/include    -fno-strict-aliasing -g -O2 -MT connection.lo -MD -MP -MF .deps/connection.Tpo -c -o connection.lo connection.c
libtool: compile:  gcc -DHAVE_CONFIG_H -I. -I../.. -I../../src/include/plibc -I../../src/include -I../../src/daemon -I/ffp/include -fno-strict-aliasing -g -O2 -MT connection.lo -MD -MP -MF .deps/connection.Tpo -c connection.c  -fPIC -DPIC -o .libs/connection.o
libtool: compile:  gcc -DHAVE_CONFIG_H -I. -I../.. -I../../src/include/plibc -I../../src/include -I../../src/daemon -I/ffp/include -fno-strict-aliasing -g -O2 -MT connection.lo -MD -MP -MF .deps/connection.Tpo -c connection.c -o connection.o >/dev/null 2>&1
mv -f .deps/connection.Tpo .deps/connection.Plo
/ffp/bin/sh ../../libtool --tag=CC   --mode=compile gcc -DHAVE_CONFIG_H -I. -I../..  -I../../src/include/plibc -I../../src/include -I../../src/daemon -I/ffp/include    -fno-strict-aliasing -g -O2 -MT reason_phrase.lo -MD -MP -MF .deps/reason_phrase.Tpo -c -o reason_phrase.lo reason_phrase.c
libtool: compile:  gcc -DHAVE_CONFIG_H -I. -I../.. -I../../src/include/plibc -I../../src/include -I../../src/daemon -I/ffp/include -fno-strict-aliasing -g -O2 -MT reason_phrase.lo -MD -MP -MF .deps/reason_phrase.Tpo -c reason_phrase.c  -fPIC -DPIC -o .libs/reason_phrase.o
libtool: compile:  gcc -DHAVE_CONFIG_H -I. -I../.. -I../../src/include/plibc -I../../src/include -I../../src/daemon -I/ffp/include -fno-strict-aliasing -g -O2 -MT reason_phrase.lo -MD -MP -MF .deps/reason_phrase.Tpo -c reason_phrase.c -o reason_phrase.o >/dev/null 2>&1
mv -f .deps/reason_phrase.Tpo .deps/reason_phrase.Plo
/ffp/bin/sh ../../libtool --tag=CC   --mode=compile gcc -DHAVE_CONFIG_H -I. -I../..  -I../../src/include/plibc -I../../src/include -I../../src/daemon -I/ffp/include    -fno-strict-aliasing -g -O2 -MT daemon.lo -MD -MP -MF .deps/daemon.Tpo -c -o daemon.lo daemon.c
libtool: compile:  gcc -DHAVE_CONFIG_H -I. -I../.. -I../../src/include/plibc -I../../src/include -I../../src/daemon -I/ffp/include -fno-strict-aliasing -g -O2 -MT daemon.lo -MD -MP -MF .deps/daemon.Tpo -c daemon.c  -fPIC -DPIC -o .libs/daemon.o
libtool: compile:  gcc -DHAVE_CONFIG_H -I. -I../.. -I../../src/include/plibc -I../../src/include -I../../src/daemon -I/ffp/include -fno-strict-aliasing -g -O2 -MT daemon.lo -MD -MP -MF .deps/daemon.Tpo -c daemon.c -o daemon.o >/dev/null 2>&1
mv -f .deps/daemon.Tpo .deps/daemon.Plo
/ffp/bin/sh ../../libtool --tag=CC   --mode=compile gcc -DHAVE_CONFIG_H -I. -I../..  -I../../src/include/plibc -I../../src/include -I../../src/daemon -I/ffp/include    -fno-strict-aliasing -g -O2 -MT internal.lo -MD -MP -MF .deps/internal.Tpo -c -o internal.lo internal.c
libtool: compile:  gcc -DHAVE_CONFIG_H -I. -I../.. -I../../src/include/plibc -I../../src/include -I../../src/daemon -I/ffp/include -fno-strict-aliasing -g -O2 -MT internal.lo -MD -MP -MF .deps/internal.Tpo -c internal.c  -fPIC -DPIC -o .libs/internal.o
libtool: compile:  gcc -DHAVE_CONFIG_H -I. -I../.. -I../../src/include/plibc -I../../src/include -I../../src/daemon -I/ffp/include -fno-strict-aliasing -g -O2 -MT internal.lo -MD -MP -MF .deps/internal.Tpo -c internal.c -o internal.o >/dev/null 2>&1
mv -f .deps/internal.Tpo .deps/internal.Plo
/ffp/bin/sh ../../libtool --tag=CC   --mode=compile gcc -DHAVE_CONFIG_H -I. -I../..  -I../../src/include/plibc -I../../src/include -I../../src/daemon -I/ffp/include    -fno-strict-aliasing -g -O2 -MT memorypool.lo -MD -MP -MF .deps/memorypool.Tpo -c -o memorypool.lo memorypool.c
libtool: compile:  gcc -DHAVE_CONFIG_H -I. -I../.. -I../../src/include/plibc -I../../src/include -I../../src/daemon -I/ffp/include -fno-strict-aliasing -g -O2 -MT memorypool.lo -MD -MP -MF .deps/memorypool.Tpo -c memorypool.c  -fPIC -DPIC -o .libs/memorypool.o
libtool: compile:  gcc -DHAVE_CONFIG_H -I. -I../.. -I../../src/include/plibc -I../../src/include -I../../src/daemon -I/ffp/include -fno-strict-aliasing -g -O2 -MT memorypool.lo -MD -MP -MF .deps/memorypool.Tpo -c memorypool.c -o memorypool.o >/dev/null 2>&1
mv -f .deps/memorypool.Tpo .deps/memorypool.Plo
/ffp/bin/sh ../../libtool --tag=CC   --mode=compile gcc -DHAVE_CONFIG_H -I. -I../..  -I../../src/include/plibc -I../../src/include -I../../src/daemon -I/ffp/include    -fno-strict-aliasing -g -O2 -MT response.lo -MD -MP -MF .deps/response.Tpo -c -o response.lo response.c
libtool: compile:  gcc -DHAVE_CONFIG_H -I. -I../.. -I../../src/include/plibc -I../../src/include -I../../src/daemon -I/ffp/include -fno-strict-aliasing -g -O2 -MT response.lo -MD -MP -MF .deps/response.Tpo -c response.c  -fPIC -DPIC -o .libs/response.o
libtool: compile:  gcc -DHAVE_CONFIG_H -I. -I../.. -I../../src/include/plibc -I../../src/include -I../../src/daemon -I/ffp/include -fno-strict-aliasing -g -O2 -MT response.lo -MD -MP -MF .deps/response.Tpo -c response.c -o response.o >/dev/null 2>&1
mv -f .deps/response.Tpo .deps/response.Plo
/ffp/bin/sh ../../libtool --tag=CC   --mode=compile gcc -DHAVE_CONFIG_H -I. -I../..  -I../../src/include/plibc -I../../src/include -I../../src/daemon -I/ffp/include    -fno-strict-aliasing -g -O2 -MT postprocessor.lo -MD -MP -MF .deps/postprocessor.Tpo -c -o postprocessor.lo postprocessor.c
libtool: compile:  gcc -DHAVE_CONFIG_H -I. -I../.. -I../../src/include/plibc -I../../src/include -I../../src/daemon -I/ffp/include -fno-strict-aliasing -g -O2 -MT postprocessor.lo -MD -MP -MF .deps/postprocessor.Tpo -c postprocessor.c  -fPIC -DPIC -o .libs/postprocessor.o
libtool: compile:  gcc -DHAVE_CONFIG_H -I. -I../.. -I../../src/include/plibc -I../../src/include -I../../src/daemon -I/ffp/include -fno-strict-aliasing -g -O2 -MT postprocessor.lo -MD -MP -MF .deps/postprocessor.Tpo -c postprocessor.c -o postprocessor.o >/dev/null 2>&1
mv -f .deps/postprocessor.Tpo .deps/postprocessor.Plo
/ffp/bin/sh ../../libtool --tag=CC   --mode=compile gcc -DHAVE_CONFIG_H -I. -I../..  -I../../src/include/plibc -I../../src/include -I../../src/daemon -I/ffp/include    -fno-strict-aliasing -g -O2 -MT digestauth.lo -MD -MP -MF .deps/digestauth.Tpo -c -o digestauth.lo digestauth.c
libtool: compile:  gcc -DHAVE_CONFIG_H -I. -I../.. -I../../src/include/plibc -I../../src/include -I../../src/daemon -I/ffp/include -fno-strict-aliasing -g -O2 -MT digestauth.lo -MD -MP -MF .deps/digestauth.Tpo -c digestauth.c  -fPIC -DPIC -o .libs/digestauth.o
libtool: compile:  gcc -DHAVE_CONFIG_H -I. -I../.. -I../../src/include/plibc -I../../src/include -I../../src/daemon -I/ffp/include -fno-strict-aliasing -g -O2 -MT digestauth.lo -MD -MP -MF .deps/digestauth.Tpo -c digestauth.c -o digestauth.o >/dev/null 2>&1
mv -f .deps/digestauth.Tpo .deps/digestauth.Plo
/ffp/bin/sh ../../libtool --tag=CC   --mode=compile gcc -DHAVE_CONFIG_H -I. -I../..  -I../../src/include/plibc -I../../src/include -I../../src/daemon -I/ffp/include    -fno-strict-aliasing -g -O2 -MT md5.lo -MD -MP -MF .deps/md5.Tpo -c -o md5.lo md5.c
libtool: compile:  gcc -DHAVE_CONFIG_H -I. -I../.. -I../../src/include/plibc -I../../src/include -I../../src/daemon -I/ffp/include -fno-strict-aliasing -g -O2 -MT md5.lo -MD -MP -MF .deps/md5.Tpo -c md5.c  -fPIC -DPIC -o .libs/md5.o
libtool: compile:  gcc -DHAVE_CONFIG_H -I. -I../.. -I../../src/include/plibc -I../../src/include -I../../src/daemon -I/ffp/include -fno-strict-aliasing -g -O2 -MT md5.lo -MD -MP -MF .deps/md5.Tpo -c md5.c -o md5.o >/dev/null 2>&1
mv -f .deps/md5.Tpo .deps/md5.Plo
/ffp/bin/sh ../../libtool --tag=CC   --mode=compile gcc -DHAVE_CONFIG_H -I. -I../..  -I../../src/include/plibc -I../../src/include -I../../src/daemon -I/ffp/include    -fno-strict-aliasing -g -O2 -MT base64.lo -MD -MP -MF .deps/base64.Tpo -c -o base64.lo base64.c
libtool: compile:  gcc -DHAVE_CONFIG_H -I. -I../.. -I../../src/include/plibc -I../../src/include -I../../src/daemon -I/ffp/include -fno-strict-aliasing -g -O2 -MT base64.lo -MD -MP -MF .deps/base64.Tpo -c base64.c  -fPIC -DPIC -o .libs/base64.o
libtool: compile:  gcc -DHAVE_CONFIG_H -I. -I../.. -I../../src/include/plibc -I../../src/include -I../../src/daemon -I/ffp/include -fno-strict-aliasing -g -O2 -MT base64.lo -MD -MP -MF .deps/base64.Tpo -c base64.c -o base64.o >/dev/null 2>&1
mv -f .deps/base64.Tpo .deps/base64.Plo
/ffp/bin/sh ../../libtool --tag=CC   --mode=link gcc  -fno-strict-aliasing -g -O2 -export-dynamic -no-undefined -version-info 24:0:14 -L/ffp/lib -Wl,-rpath,/ffp/lib -o libmicrohttpd.la -rpath /ffp/lib connection.lo reason_phrase.lo daemon.lo internal.lo memorypool.lo response.lo postprocessor.lo digestauth.lo md5.lo base64.lo   -lpthread 
libtool: link: gcc -shared  .libs/connection.o .libs/reason_phrase.o .libs/daemon.o .libs/internal.o .libs/memorypool.o .libs/response.o .libs/postprocessor.o .libs/digestauth.o .libs/md5.o .libs/base64.o   -L/ffp/lib -lpthread  -Wl,-rpath -Wl,/ffp/lib   -Wl,-soname -Wl,libmicrohttpd.so.10 -o .libs/libmicrohttpd.so.10.14.0
libtool: link: (cd ".libs" && rm -f "libmicrohttpd.so.10" && ln -s "libmicrohttpd.so.10.14.0" "libmicrohttpd.so.10")
libtool: link: (cd ".libs" && rm -f "libmicrohttpd.so" && ln -s "libmicrohttpd.so.10.14.0" "libmicrohttpd.so")
libtool: link: ar cru .libs/libmicrohttpd.a  connection.o reason_phrase.o daemon.o internal.o memorypool.o response.o postprocessor.o digestauth.o md5.o base64.o
libtool: link: ranlib .libs/libmicrohttpd.a
libtool: link: ( cd ".libs" && rm -f "libmicrohttpd.la" && ln -s "../libmicrohttpd.la" "libmicrohttpd.la" )
make[3]: Leaving directory `/tmp/libmicrohttpd.f47OMw/libmicrohttpd-0.9.19/src/daemon'
Making all in examples
make[3]: Entering directory `/tmp/libmicrohttpd.f47OMw/libmicrohttpd-0.9.19/src/examples'
Making all in .
make[4]: Entering directory `/tmp/libmicrohttpd.f47OMw/libmicrohttpd-0.9.19/src/examples'
gcc -DHAVE_CONFIG_H -I. -I../..  -I../../src/include/plibc -I../../src/include -I/ffp/include   -fno-strict-aliasing -g -O2 -MT authorization_example.o -MD -MP -MF .deps/authorization_example.Tpo -c -o authorization_example.o authorization_example.c
mv -f .deps/authorization_example.Tpo .deps/authorization_example.Po
/ffp/bin/sh ../../libtool --tag=CC   --mode=link gcc  -fno-strict-aliasing -g -O2  -L/ffp/lib -Wl,-rpath,/ffp/lib -o authorization_example authorization_example.o ../../src/daemon/libmicrohttpd.la  -lpthread 
libtool: link: gcc -fno-strict-aliasing -g -O2 -Wl,-rpath -Wl,/ffp/lib -o .libs/authorization_example authorization_example.o  -L/ffp/lib ../../src/daemon/.libs/libmicrohttpd.so -lpthread -Wl,-rpath -Wl,/ffp/lib
gcc -DHAVE_CONFIG_H -I. -I../..  -I../../src/include/plibc -I../../src/include -I/ffp/include   -fno-strict-aliasing -g -O2 -MT minimal_example.o -MD -MP -MF .deps/minimal_example.Tpo -c -o minimal_example.o minimal_example.c
mv -f .deps/minimal_example.Tpo .deps/minimal_example.Po
/ffp/bin/sh ../../libtool --tag=CC   --mode=link gcc  -fno-strict-aliasing -g -O2  -L/ffp/lib -Wl,-rpath,/ffp/lib -o minimal_example minimal_example.o ../../src/daemon/libmicrohttpd.la  -lpthread 
libtool: link: gcc -fno-strict-aliasing -g -O2 -Wl,-rpath -Wl,/ffp/lib -o .libs/minimal_example minimal_example.o  -L/ffp/lib ../../src/daemon/.libs/libmicrohttpd.so -lpthread -Wl,-rpath -Wl,/ffp/lib
gcc -DHAVE_CONFIG_H -I. -I../..  -I../../src/include/plibc -I../../src/include -I/ffp/include   -fno-strict-aliasing -g -O2 -MT dual_stack_example.o -MD -MP -MF .deps/dual_stack_example.Tpo -c -o dual_stack_example.o dual_stack_example.c
mv -f .deps/dual_stack_example.Tpo .deps/dual_stack_example.Po
/ffp/bin/sh ../../libtool --tag=CC   --mode=link gcc  -fno-strict-aliasing -g -O2  -L/ffp/lib -Wl,-rpath,/ffp/lib -o dual_stack_example dual_stack_example.o ../../src/daemon/libmicrohttpd.la  -lpthread 
libtool: link: gcc -fno-strict-aliasing -g -O2 -Wl,-rpath -Wl,/ffp/lib -o .libs/dual_stack_example dual_stack_example.o  -L/ffp/lib ../../src/daemon/.libs/libmicrohttpd.so -lpthread -Wl,-rpath -Wl,/ffp/lib
gcc -DHAVE_CONFIG_H -I. -I../..  -I../../src/include/plibc -I../../src/include -I/ffp/include   -fno-strict-aliasing -g -O2 -MT minimal_example_comet.o -MD -MP -MF .deps/minimal_example_comet.Tpo -c -o minimal_example_comet.o minimal_example_comet.c
mv -f .deps/minimal_example_comet.Tpo .deps/minimal_example_comet.Po
/ffp/bin/sh ../../libtool --tag=CC   --mode=link gcc  -fno-strict-aliasing -g -O2  -L/ffp/lib -Wl,-rpath,/ffp/lib -o minimal_example_comet minimal_example_comet.o ../../src/daemon/libmicrohttpd.la  -lpthread 
libtool: link: gcc -fno-strict-aliasing -g -O2 -Wl,-rpath -Wl,/ffp/lib -o .libs/minimal_example_comet minimal_example_comet.o  -L/ffp/lib ../../src/daemon/.libs/libmicrohttpd.so -lpthread -Wl,-rpath -Wl,/ffp/lib
gcc -DHAVE_CONFIG_H -I. -I../..  -I../../src/include/plibc -I../../src/include -I/ffp/include   -fno-strict-aliasing -g -O2 -MT post_example.o -MD -MP -MF .deps/post_example.Tpo -c -o post_example.o post_example.c
mv -f .deps/post_example.Tpo .deps/post_example.Po
/ffp/bin/sh ../../libtool --tag=CC   --mode=link gcc  -fno-strict-aliasing -g -O2  -L/ffp/lib -Wl,-rpath,/ffp/lib -o post_example post_example.o ../../src/daemon/libmicrohttpd.la  -lpthread 
libtool: link: gcc -fno-strict-aliasing -g -O2 -Wl,-rpath -Wl,/ffp/lib -o .libs/post_example post_example.o  -L/ffp/lib ../../src/daemon/.libs/libmicrohttpd.so -lpthread -Wl,-rpath -Wl,/ffp/lib
gcc -DHAVE_CONFIG_H -I. -I../..  -I../../src/include/plibc -I../../src/include -I/ffp/include   -fno-strict-aliasing -g -O2 -MT querystring_example.o -MD -MP -MF .deps/querystring_example.Tpo -c -o querystring_example.o querystring_example.c
mv -f .deps/querystring_example.Tpo .deps/querystring_example.Po
/ffp/bin/sh ../../libtool --tag=CC   --mode=link gcc  -fno-strict-aliasing -g -O2  -L/ffp/lib -Wl,-rpath,/ffp/lib -o querystring_example querystring_example.o ../../src/daemon/libmicrohttpd.la  -lpthread 
libtool: link: gcc -fno-strict-aliasing -g -O2 -Wl,-rpath -Wl,/ffp/lib -o .libs/querystring_example querystring_example.o  -L/ffp/lib ../../src/daemon/.libs/libmicrohttpd.so -lpthread -Wl,-rpath -Wl,/ffp/lib
gcc -DHAVE_CONFIG_H -I. -I../..  -I../../src/include/plibc -I../../src/include -I/ffp/include   -fno-strict-aliasing -g -O2 -MT fileserver_example.o -MD -MP -MF .deps/fileserver_example.Tpo -c -o fileserver_example.o fileserver_example.c
mv -f .deps/fileserver_example.Tpo .deps/fileserver_example.Po
/ffp/bin/sh ../../libtool --tag=CC   --mode=link gcc  -fno-strict-aliasing -g -O2  -L/ffp/lib -Wl,-rpath,/ffp/lib -o fileserver_example fileserver_example.o ../../src/daemon/libmicrohttpd.la  -lpthread 
libtool: link: gcc -fno-strict-aliasing -g -O2 -Wl,-rpath -Wl,/ffp/lib -o .libs/fileserver_example fileserver_example.o  -L/ffp/lib ../../src/daemon/.libs/libmicrohttpd.so -lpthread -Wl,-rpath -Wl,/ffp/lib
gcc -DHAVE_CONFIG_H -I. -I../..  -I../../src/include/plibc -I../../src/include -I/ffp/include   -fno-strict-aliasing -g -O2 -MT fileserver_example_dirs.o -MD -MP -MF .deps/fileserver_example_dirs.Tpo -c -o fileserver_example_dirs.o fileserver_example_dirs.c
mv -f .deps/fileserver_example_dirs.Tpo .deps/fileserver_example_dirs.Po
/ffp/bin/sh ../../libtool --tag=CC   --mode=link gcc  -fno-strict-aliasing -g -O2  -L/ffp/lib -Wl,-rpath,/ffp/lib -o fileserver_example_dirs fileserver_example_dirs.o ../../src/daemon/libmicrohttpd.la  -lpthread 
libtool: link: gcc -fno-strict-aliasing -g -O2 -Wl,-rpath -Wl,/ffp/lib -o .libs/fileserver_example_dirs fileserver_example_dirs.o  -L/ffp/lib ../../src/daemon/.libs/libmicrohttpd.so -lpthread -Wl,-rpath -Wl,/ffp/lib
gcc -DHAVE_CONFIG_H -I. -I../..  -I../../src/include/plibc -I../../src/include -I/ffp/include   -fno-strict-aliasing -g -O2 -MT fileserver_example_external_select.o -MD -MP -MF .deps/fileserver_example_external_select.Tpo -c -o fileserver_example_external_select.o fileserver_example_external_select.c
mv -f .deps/fileserver_example_external_select.Tpo .deps/fileserver_example_external_select.Po
/ffp/bin/sh ../../libtool --tag=CC   --mode=link gcc  -fno-strict-aliasing -g -O2  -L/ffp/lib -Wl,-rpath,/ffp/lib -o fileserver_example_external_select fileserver_example_external_select.o ../../src/daemon/libmicrohttpd.la  -lpthread 
libtool: link: gcc -fno-strict-aliasing -g -O2 -Wl,-rpath -Wl,/ffp/lib -o .libs/fileserver_example_external_select fileserver_example_external_select.o  -L/ffp/lib ../../src/daemon/.libs/libmicrohttpd.so -lpthread -Wl,-rpath -Wl,/ffp/lib
gcc -DHAVE_CONFIG_H -I. -I../..  -I../../src/include/plibc -I../../src/include -I/ffp/include   -fno-strict-aliasing -g -O2 -MT refuse_post_example.o -MD -MP -MF .deps/refuse_post_example.Tpo -c -o refuse_post_example.o refuse_post_example.c
mv -f .deps/refuse_post_example.Tpo .deps/refuse_post_example.Po
/ffp/bin/sh ../../libtool --tag=CC   --mode=link gcc  -fno-strict-aliasing -g -O2  -L/ffp/lib -Wl,-rpath,/ffp/lib -o refuse_post_example refuse_post_example.o ../../src/daemon/libmicrohttpd.la  -lpthread 
libtool: link: gcc -fno-strict-aliasing -g -O2 -Wl,-rpath -Wl,/ffp/lib -o .libs/refuse_post_example refuse_post_example.o  -L/ffp/lib ../../src/daemon/.libs/libmicrohttpd.so -lpthread -Wl,-rpath -Wl,/ffp/lib
gcc -DHAVE_CONFIG_H -I. -I../..  -I../../src/include/plibc -I../../src/include -I/ffp/include   -fno-strict-aliasing -g -O2 -MT digest_auth_example.o -MD -MP -MF .deps/digest_auth_example.Tpo -c -o digest_auth_example.o digest_auth_example.c
mv -f .deps/digest_auth_example.Tpo .deps/digest_auth_example.Po
/ffp/bin/sh ../../libtool --tag=CC   --mode=link gcc  -fno-strict-aliasing -g -O2  -L/ffp/lib -Wl,-rpath,/ffp/lib -o digest_auth_example digest_auth_example.o ../../src/daemon/libmicrohttpd.la  -lpthread 
libtool: link: gcc -fno-strict-aliasing -g -O2 -Wl,-rpath -Wl,/ffp/lib -o .libs/digest_auth_example digest_auth_example.o  -L/ffp/lib ../../src/daemon/.libs/libmicrohttpd.so -lpthread -Wl,-rpath -Wl,/ffp/lib
make[4]: Leaving directory `/tmp/libmicrohttpd.f47OMw/libmicrohttpd-0.9.19/src/examples'
make[3]: Leaving directory `/tmp/libmicrohttpd.f47OMw/libmicrohttpd-0.9.19/src/examples'
Making all in testcurl
make[3]: Entering directory `/tmp/libmicrohttpd.f47OMw/libmicrohttpd-0.9.19/src/testcurl'
Making all in .
make[4]: Entering directory `/tmp/libmicrohttpd.f47OMw/libmicrohttpd-0.9.19/src/testcurl'
gcc -DHAVE_CONFIG_H -I. -I../..  -I../../src/include/plibc -I../.. -I../../src/daemon -I../../src/include -I/ffp/include   -fno-strict-aliasing -g -O2 -MT curl_version_check.o -MD -MP -MF .deps/curl_version_check.Tpo -c -o curl_version_check.o curl_version_check.c
mv -f .deps/curl_version_check.Tpo .deps/curl_version_check.Po
rm -f libcurl_version_check.a
ar cru libcurl_version_check.a curl_version_check.o 
ranlib libcurl_version_check.a
gcc -DHAVE_CONFIG_H -I. -I../..  -I../../src/include/plibc -I../.. -I../../src/daemon -I../../src/include -I/ffp/include   -fno-strict-aliasing -g -O2 -MT daemon_options_test.o -MD -MP -MF .deps/daemon_options_test.Tpo -c -o daemon_options_test.o daemon_options_test.c
mv -f .deps/daemon_options_test.Tpo .deps/daemon_options_test.Po
/ffp/bin/sh ../../libtool --tag=CC   --mode=link gcc  -fno-strict-aliasing -g -O2  -L/ffp/lib -Wl,-rpath,/ffp/lib -o daemon_options_test daemon_options_test.o ../../src/daemon/libmicrohttpd.la -lpthread 
libtool: link: gcc -fno-strict-aliasing -g -O2 -Wl,-rpath -Wl,/ffp/lib -o .libs/daemon_options_test daemon_options_test.o  -L/ffp/lib ../../src/daemon/.libs/libmicrohttpd.so -lpthread -Wl,-rpath -Wl,/ffp/lib
make[4]: Leaving directory `/tmp/libmicrohttpd.f47OMw/libmicrohttpd-0.9.19/src/testcurl'
make[3]: Leaving directory `/tmp/libmicrohttpd.f47OMw/libmicrohttpd-0.9.19/src/testcurl'
Making all in .
make[3]: Entering directory `/tmp/libmicrohttpd.f47OMw/libmicrohttpd-0.9.19/src'
make[3]: Nothing to be done for `all-am'.
make[3]: Leaving directory `/tmp/libmicrohttpd.f47OMw/libmicrohttpd-0.9.19/src'
make[2]: Leaving directory `/tmp/libmicrohttpd.f47OMw/libmicrohttpd-0.9.19/src'
Making all in doc
make[2]: Entering directory `/tmp/libmicrohttpd.f47OMw/libmicrohttpd-0.9.19/doc'
make[2]: Nothing to be done for `all'.
make[2]: Leaving directory `/tmp/libmicrohttpd.f47OMw/libmicrohttpd-0.9.19/doc'
Making all in m4
make[2]: Entering directory `/tmp/libmicrohttpd.f47OMw/libmicrohttpd-0.9.19/m4'
make[2]: Nothing to be done for `all'.
make[2]: Leaving directory `/tmp/libmicrohttpd.f47OMw/libmicrohttpd-0.9.19/m4'
Making all in .
make[2]: Entering directory `/tmp/libmicrohttpd.f47OMw/libmicrohttpd-0.9.19'
make[2]: Nothing to be done for `all-am'.
make[2]: Leaving directory `/tmp/libmicrohttpd.f47OMw/libmicrohttpd-0.9.19'
make[1]: Leaving directory `/tmp/libmicrohttpd.f47OMw/libmicrohttpd-0.9.19'
+ make DESTDIR=/tmp/libmicrohttpd.f47OMw/pkg install
Making install in contrib
make[1]: Entering directory `/tmp/libmicrohttpd.f47OMw/libmicrohttpd-0.9.19/contrib'
make[2]: Entering directory `/tmp/libmicrohttpd.f47OMw/libmicrohttpd-0.9.19/contrib'
make[2]: Nothing to be done for `install-exec-am'.
make[2]: Nothing to be done for `install-data-am'.
make[2]: Leaving directory `/tmp/libmicrohttpd.f47OMw/libmicrohttpd-0.9.19/contrib'
make[1]: Leaving directory `/tmp/libmicrohttpd.f47OMw/libmicrohttpd-0.9.19/contrib'
Making install in src
make[1]: Entering directory `/tmp/libmicrohttpd.f47OMw/libmicrohttpd-0.9.19/src'
Making install in include
make[2]: Entering directory `/tmp/libmicrohttpd.f47OMw/libmicrohttpd-0.9.19/src/include'
Making install in plibc
make[3]: Entering directory `/tmp/libmicrohttpd.f47OMw/libmicrohttpd-0.9.19/src/include/plibc'
Making install in .
make[4]: Entering directory `/tmp/libmicrohttpd.f47OMw/libmicrohttpd-0.9.19/src/include/plibc'
make[5]: Entering directory `/tmp/libmicrohttpd.f47OMw/libmicrohttpd-0.9.19/src/include/plibc'
make[5]: Nothing to be done for `install-exec-am'.
make[5]: Nothing to be done for `install-data-am'.
make[5]: Leaving directory `/tmp/libmicrohttpd.f47OMw/libmicrohttpd-0.9.19/src/include/plibc'
make[4]: Leaving directory `/tmp/libmicrohttpd.f47OMw/libmicrohttpd-0.9.19/src/include/plibc'
make[3]: Leaving directory `/tmp/libmicrohttpd.f47OMw/libmicrohttpd-0.9.19/src/include/plibc'
Making install in .
make[3]: Entering directory `/tmp/libmicrohttpd.f47OMw/libmicrohttpd-0.9.19/src/include'
make[4]: Entering directory `/tmp/libmicrohttpd.f47OMw/libmicrohttpd-0.9.19/src/include'
make[4]: Nothing to be done for `install-exec-am'.
test -z "/ffp/include" || /ffp/bin/mkdir -p "/tmp/libmicrohttpd.f47OMw/pkg/ffp/include"
 /ffp/bin/install -c -m 644 microhttpd.h '/tmp/libmicrohttpd.f47OMw/pkg/ffp/include'
make[4]: Leaving directory `/tmp/libmicrohttpd.f47OMw/libmicrohttpd-0.9.19/src/include'
make[3]: Leaving directory `/tmp/libmicrohttpd.f47OMw/libmicrohttpd-0.9.19/src/include'
make[2]: Leaving directory `/tmp/libmicrohttpd.f47OMw/libmicrohttpd-0.9.19/src/include'
Making install in daemon
make[2]: Entering directory `/tmp/libmicrohttpd.f47OMw/libmicrohttpd-0.9.19/src/daemon'
make[3]: Entering directory `/tmp/libmicrohttpd.f47OMw/libmicrohttpd-0.9.19/src/daemon'
test -z "/ffp/lib" || /ffp/bin/mkdir -p "/tmp/libmicrohttpd.f47OMw/pkg/ffp/lib"
 /ffp/bin/sh ../../libtool   --mode=install /ffp/bin/install -c   libmicrohttpd.la '/tmp/libmicrohttpd.f47OMw/pkg/ffp/lib'
libtool: install: /ffp/bin/install -c .libs/libmicrohttpd.so.10.14.0 /tmp/libmicrohttpd.f47OMw/pkg/ffp/lib/libmicrohttpd.so.10.14.0
libtool: install: (cd /tmp/libmicrohttpd.f47OMw/pkg/ffp/lib && { ln -s -f libmicrohttpd.so.10.14.0 libmicrohttpd.so.10 || { rm -f libmicrohttpd.so.10 && ln -s libmicrohttpd.so.10.14.0 libmicrohttpd.so.10; }; })
libtool: install: (cd /tmp/libmicrohttpd.f47OMw/pkg/ffp/lib && { ln -s -f libmicrohttpd.so.10.14.0 libmicrohttpd.so || { rm -f libmicrohttpd.so && ln -s libmicrohttpd.so.10.14.0 libmicrohttpd.so; }; })
libtool: install: /ffp/bin/install -c .libs/libmicrohttpd.lai /tmp/libmicrohttpd.f47OMw/pkg/ffp/lib/libmicrohttpd.la
libtool: install: /ffp/bin/install -c .libs/libmicrohttpd.a /tmp/libmicrohttpd.f47OMw/pkg/ffp/lib/libmicrohttpd.a
libtool: install: chmod 644 /tmp/libmicrohttpd.f47OMw/pkg/ffp/lib/libmicrohttpd.a
libtool: install: ranlib /tmp/libmicrohttpd.f47OMw/pkg/ffp/lib/libmicrohttpd.a
libtool: install: warning: remember to run `libtool --finish /ffp/lib'
make[3]: Nothing to be done for `install-data-am'.
make[3]: Leaving directory `/tmp/libmicrohttpd.f47OMw/libmicrohttpd-0.9.19/src/daemon'
make[2]: Leaving directory `/tmp/libmicrohttpd.f47OMw/libmicrohttpd-0.9.19/src/daemon'
Making install in examples
make[2]: Entering directory `/tmp/libmicrohttpd.f47OMw/libmicrohttpd-0.9.19/src/examples'
Making install in .
make[3]: Entering directory `/tmp/libmicrohttpd.f47OMw/libmicrohttpd-0.9.19/src/examples'
make[4]: Entering directory `/tmp/libmicrohttpd.f47OMw/libmicrohttpd-0.9.19/src/examples'
make[4]: Nothing to be done for `install-exec-am'.
make[4]: Nothing to be done for `install-data-am'.
make[4]: Leaving directory `/tmp/libmicrohttpd.f47OMw/libmicrohttpd-0.9.19/src/examples'
make[3]: Leaving directory `/tmp/libmicrohttpd.f47OMw/libmicrohttpd-0.9.19/src/examples'
make[2]: Leaving directory `/tmp/libmicrohttpd.f47OMw/libmicrohttpd-0.9.19/src/examples'
Making install in testcurl
make[2]: Entering directory `/tmp/libmicrohttpd.f47OMw/libmicrohttpd-0.9.19/src/testcurl'
Making install in .
make[3]: Entering directory `/tmp/libmicrohttpd.f47OMw/libmicrohttpd-0.9.19/src/testcurl'
make[4]: Entering directory `/tmp/libmicrohttpd.f47OMw/libmicrohttpd-0.9.19/src/testcurl'
make[4]: Nothing to be done for `install-exec-am'.
make[4]: Nothing to be done for `install-data-am'.
make[4]: Leaving directory `/tmp/libmicrohttpd.f47OMw/libmicrohttpd-0.9.19/src/testcurl'
make[3]: Leaving directory `/tmp/libmicrohttpd.f47OMw/libmicrohttpd-0.9.19/src/testcurl'
make[2]: Leaving directory `/tmp/libmicrohttpd.f47OMw/libmicrohttpd-0.9.19/src/testcurl'
Making install in .
make[2]: Entering directory `/tmp/libmicrohttpd.f47OMw/libmicrohttpd-0.9.19/src'
make[3]: Entering directory `/tmp/libmicrohttpd.f47OMw/libmicrohttpd-0.9.19/src'
make[3]: Nothing to be done for `install-exec-am'.
make[3]: Nothing to be done for `install-data-am'.
make[3]: Leaving directory `/tmp/libmicrohttpd.f47OMw/libmicrohttpd-0.9.19/src'
make[2]: Leaving directory `/tmp/libmicrohttpd.f47OMw/libmicrohttpd-0.9.19/src'
make[1]: Leaving directory `/tmp/libmicrohttpd.f47OMw/libmicrohttpd-0.9.19/src'
Making install in doc
make[1]: Entering directory `/tmp/libmicrohttpd.f47OMw/libmicrohttpd-0.9.19/doc'
make[2]: Entering directory `/tmp/libmicrohttpd.f47OMw/libmicrohttpd-0.9.19/doc'
make[2]: Nothing to be done for `install-exec-am'.
test -z "/ffp/share/info" || /ffp/bin/mkdir -p "/tmp/libmicrohttpd.f47OMw/pkg/ffp/share/info"
 /ffp/bin/install -c -m 644 ./microhttpd.info ./microhttpd-tutorial.info '/tmp/libmicrohttpd.f47OMw/pkg/ffp/share/info'
test -z "/ffp/share/man/man3" || /ffp/bin/mkdir -p "/tmp/libmicrohttpd.f47OMw/pkg/ffp/share/man/man3"
 /ffp/bin/install -c -m 644 libmicrohttpd.3 '/tmp/libmicrohttpd.f47OMw/pkg/ffp/share/man/man3'
make[2]: Leaving directory `/tmp/libmicrohttpd.f47OMw/libmicrohttpd-0.9.19/doc'
make[1]: Leaving directory `/tmp/libmicrohttpd.f47OMw/libmicrohttpd-0.9.19/doc'
Making install in m4
make[1]: Entering directory `/tmp/libmicrohttpd.f47OMw/libmicrohttpd-0.9.19/m4'
make[2]: Entering directory `/tmp/libmicrohttpd.f47OMw/libmicrohttpd-0.9.19/m4'
make[2]: Nothing to be done for `install-exec-am'.
make[2]: Nothing to be done for `install-data-am'.
make[2]: Leaving directory `/tmp/libmicrohttpd.f47OMw/libmicrohttpd-0.9.19/m4'
make[1]: Leaving directory `/tmp/libmicrohttpd.f47OMw/libmicrohttpd-0.9.19/m4'
Making install in .
make[1]: Entering directory `/tmp/libmicrohttpd.f47OMw/libmicrohttpd-0.9.19'
make[2]: Entering directory `/tmp/libmicrohttpd.f47OMw/libmicrohttpd-0.9.19'
make[2]: Nothing to be done for `install-exec-am'.
test -z "/ffp/lib/pkgconfig" || /ffp/bin/mkdir -p "/tmp/libmicrohttpd.f47OMw/pkg/ffp/lib/pkgconfig"
 /ffp/bin/install -c -m 644 libmicrohttpd.pc '/tmp/libmicrohttpd.f47OMw/pkg/ffp/lib/pkgconfig'
make[2]: Leaving directory `/tmp/libmicrohttpd.f47OMw/libmicrohttpd-0.9.19'
make[1]: Leaving directory `/tmp/libmicrohttpd.f47OMw/libmicrohttpd-0.9.19'
+ mkdir -p /tmp/libmicrohttpd.f47OMw/pkg/install
+ cp /ffp/home/root/src/libmicrohttpd/DESCR /ffp/home/root/src/libmicrohttpd/HOMEPAGE /tmp/libmicrohttpd.f47OMw/pkg/install/
+ cd /tmp/libmicrohttpd.f47OMw/pkg
+ makepkg libmicrohttpd 0.9.19 1
Creating /tmp/libmicrohttpd-0.9.19-arm-1.tar ...
