++ basename ./jsoncpp.funpkg .funpkg
+ PN=jsoncpp
+ PR=1
+ . ./config.ffp
++ GNU_HOST=
++ GNU_TARGET=
++ FFP_CFLAGS='-I/ffp/include -O2'
++ FFP_LDFLAGS='-L/ffp/lib -Wl,-rpath,/ffp/lib'
++ '[' '!' -d '' ']'
++ TMPDIR=/tmp
++ export TMPDIR
++ mandir=/ffp/share/man
++ infodir=/ffp/share/info
++ docdir=/ffp/share/doc
++ pwd
+ X=/ffp/home/root/fun_plug/src/jsoncpp
++ mktemp -t -d jsoncpp.XXXXXX
+ W=/tmp/jsoncpp.ZYYAMN
+ D=/tmp/jsoncpp.ZYYAMN/pkg
+ cd /tmp/jsoncpp.ZYYAMN
+ cat /ffp/home/root/fun_plug/src/jsoncpp/SRC_URI
+ xargs wget
--2012-10-09 14:03:59--  http://downloads.sourceforge.net/project/jsoncpp/jsoncpp/0.5.0/jsoncpp-src-0.5.0.tar.gz
Resolving downloads.sourceforge.net... 216.34.181.59
Connecting to downloads.sourceforge.net|216.34.181.59|:80... connected.
HTTP request sent, awaiting response... 302 Found
Location: http://freefr.dl.sourceforge.net/project/jsoncpp/jsoncpp/0.5.0/jsoncpp-src-0.5.0.tar.gz [following]
--2012-10-09 14:04:00--  http://freefr.dl.sourceforge.net/project/jsoncpp/jsoncpp/0.5.0/jsoncpp-src-0.5.0.tar.gz
Resolving freefr.dl.sourceforge.net... 158.255.96.7
Connecting to freefr.dl.sourceforge.net|158.255.96.7|:80... connected.
HTTP request sent, awaiting response... 200 OK
Length: 107466 (105K) [application/x-gzip]
Saving to: `jsoncpp-src-0.5.0.tar.gz'

     0K .......... .......... .......... .......... .......... 47%  294K 0s
    50K .......... .......... .......... .......... .......... 95%  801K 0s
   100K ....                                                  100%  568K=0.2s

2012-10-09 14:04:00 (435 KB/s) - `jsoncpp-src-0.5.0.tar.gz' saved [107466/107466]

++ ls jsoncpp-src-0.5.0.tar.gz
++ egrep -o '[0-9][0-9.]*[0-9]'
+ PV=0.5.0
+ tar xf jsoncpp-src-0.5.0.tar.gz
+ cd jsoncpp-src-0.5.0 jsoncpp-src-0.5.0.tar.gz
+ LDFLAGS='-L/ffp/lib -Wl,-rpath,/ffp/lib'
+ scons platform=linux-gcc check
scons: Reading SConscript files ...
Using platform 'linux-gcc-4.6.2'
LD_LIBRARY_PATH = :libs/linux-gcc-4.6.2
Building using PLATFORM = linux-gcc-4.6.2

scons: warning: The build_dir keyword has been deprecated; use the variant_dir keyword instead.
File "/tmp/jsoncpp.ZYYAMN/jsoncpp-src-0.5.0/SConstruct", line 193, in buildProjectInDirectory

scons: warning: The build_dir keyword has been deprecated; use the variant_dir keyword instead.
File "/tmp/jsoncpp.ZYYAMN/jsoncpp-src-0.5.0/SConstruct", line 193, in buildProjectInDirectory

scons: warning: The build_dir keyword has been deprecated; use the variant_dir keyword instead.
File "/tmp/jsoncpp.ZYYAMN/jsoncpp-src-0.5.0/SConstruct", line 193, in buildProjectInDirectory
scons: done reading SConscript files.
scons: Building targets ...
g++ -o buildscons/linux-gcc-4.6.2/src/jsontestrunner/main.o -c -Wall -Iinclude -I. src/jsontestrunner/main.cpp
g++ -o buildscons/linux-gcc-4.6.2/src/lib_json/json_reader.o -c -Wall -Iinclude src/lib_json/json_reader.cpp
g++ -o buildscons/linux-gcc-4.6.2/src/lib_json/json_value.o -c -Wall -Iinclude src/lib_json/json_value.cpp
g++ -o buildscons/linux-gcc-4.6.2/src/lib_json/json_writer.o -c -Wall -Iinclude src/lib_json/json_writer.cpp
ar rc buildscons/linux-gcc-4.6.2/src/lib_json/libjson_linux-gcc-4.6.2_libmt.a buildscons/linux-gcc-4.6.2/src/lib_json/json_reader.o buildscons/linux-gcc-4.6.2/src/lib_json/json_value.o buildscons/linux-gcc-4.6.2/src/lib_json/json_writer.o
ranlib buildscons/linux-gcc-4.6.2/src/lib_json/libjson_linux-gcc-4.6.2_libmt.a
Install file: "buildscons/linux-gcc-4.6.2/src/lib_json/libjson_linux-gcc-4.6.2_libmt.a" as "libs/linux-gcc-4.6.2/libjson_linux-gcc-4.6.2_libmt.a"
g++ -o buildscons/linux-gcc-4.6.2/src/lib_json/json_reader.os -c -Wall -fPIC -Iinclude src/lib_json/json_reader.cpp
g++ -o buildscons/linux-gcc-4.6.2/src/lib_json/json_value.os -c -Wall -fPIC -Iinclude src/lib_json/json_value.cpp
g++ -o buildscons/linux-gcc-4.6.2/src/lib_json/json_writer.os -c -Wall -fPIC -Iinclude src/lib_json/json_writer.cpp
g++ -o buildscons/linux-gcc-4.6.2/src/lib_json/libjson_linux-gcc-4.6.2_libmt.so -shared buildscons/linux-gcc-4.6.2/src/lib_json/json_reader.os buildscons/linux-gcc-4.6.2/src/lib_json/json_value.os buildscons/linux-gcc-4.6.2/src/lib_json/json_writer.os -Llibs/linux-gcc-4.6.2 -lpthread
Install file: "buildscons/linux-gcc-4.6.2/src/lib_json/libjson_linux-gcc-4.6.2_libmt.so" as "libs/linux-gcc-4.6.2/libjson_linux-gcc-4.6.2_libmt.so"
g++ -o buildscons/linux-gcc-4.6.2/src/jsontestrunner/jsontestrunner buildscons/linux-gcc-4.6.2/src/jsontestrunner/main.o -Llibs/linux-gcc-4.6.2 -lpthread -ljson_linux-gcc-4.6.2_libmt
Install file: "buildscons/linux-gcc-4.6.2/src/jsontestrunner/jsontestrunner" as "bin/linux-gcc-4.6.2/jsontestrunner"
g++ -o buildscons/linux-gcc-4.6.2/src/test_lib_json/main.o -c -Wall -Iinclude -I. src/test_lib_json/main.cpp
src/test_lib_json/main.cpp: In constructor 'ValueTest::ValueTest()':
src/test_lib_json/main.cpp:24:16: warning: 'ValueTest::smallUnsignedInteger_' will be initialized after [-Wreorder]
src/test_lib_json/main.cpp:23:16: warning:   'Json::Value ValueTest::unsignedInteger_' [-Wreorder]
src/test_lib_json/main.cpp:34:4: warning:   when initialized here [-Wreorder]
src/test_lib_json/main.cpp: In member function 'virtual void TestValueTestsize::runTestCase()':
src/test_lib_json/main.cpp:78:60: warning: value computed is not used [-Wunused-value]
src/test_lib_json/main.cpp:78:60: warning: statement has no effect [-Wunused-value]
src/test_lib_json/main.cpp:79:61: warning: value computed is not used [-Wunused-value]
src/test_lib_json/main.cpp:79:61: warning: statement has no effect [-Wunused-value]
src/test_lib_json/main.cpp:80:56: warning: value computed is not used [-Wunused-value]
src/test_lib_json/main.cpp:80:56: warning: statement has no effect [-Wunused-value]
src/test_lib_json/main.cpp:81:57: warning: value computed is not used [-Wunused-value]
src/test_lib_json/main.cpp:81:57: warning: statement has no effect [-Wunused-value]
src/test_lib_json/main.cpp:82:54: warning: value computed is not used [-Wunused-value]
src/test_lib_json/main.cpp:82:54: warning: statement has no effect [-Wunused-value]
src/test_lib_json/main.cpp:83:57: warning: value computed is not used [-Wunused-value]
src/test_lib_json/main.cpp:83:57: warning: statement has no effect [-Wunused-value]
src/test_lib_json/main.cpp:84:54: warning: value computed is not used [-Wunused-value]
src/test_lib_json/main.cpp:84:54: warning: statement has no effect [-Wunused-value]
src/test_lib_json/main.cpp:85:61: warning: value computed is not used [-Wunused-value]
src/test_lib_json/main.cpp:85:61: warning: statement has no effect [-Wunused-value]
src/test_lib_json/main.cpp:86:56: warning: value computed is not used [-Wunused-value]
src/test_lib_json/main.cpp:86:56: warning: statement has no effect [-Wunused-value]
src/test_lib_json/main.cpp:87:54: warning: value computed is not used [-Wunused-value]
src/test_lib_json/main.cpp:87:54: warning: statement has no effect [-Wunused-value]
src/test_lib_json/main.cpp: In member function 'virtual void TestValueTestisObject::runTestCase()':
src/test_lib_json/main.cpp:95:59: warning: value computed is not used [-Wunused-value]
src/test_lib_json/main.cpp:95:59: warning: statement has no effect [-Wunused-value]
src/test_lib_json/main.cpp:96:55: warning: value computed is not used [-Wunused-value]
src/test_lib_json/main.cpp:96:55: warning: statement has no effect [-Wunused-value]
src/test_lib_json/main.cpp: In member function 'virtual void TestValueTestisArray::runTestCase()':
src/test_lib_json/main.cpp:104:58: warning: value computed is not used [-Wunused-value]
src/test_lib_json/main.cpp:104:58: warning: statement has no effect [-Wunused-value]
src/test_lib_json/main.cpp:105:54: warning: value computed is not used [-Wunused-value]
src/test_lib_json/main.cpp:105:54: warning: statement has no effect [-Wunused-value]
src/test_lib_json/main.cpp: In member function 'virtual void TestValueTestisNull::runTestCase()':
src/test_lib_json/main.cpp:115:52: warning: value computed is not used [-Wunused-value]
src/test_lib_json/main.cpp:115:52: warning: statement has no effect [-Wunused-value]
src/test_lib_json/main.cpp: In member function 'virtual void TestValueTestisString::runTestCase()':
src/test_lib_json/main.cpp:123:59: warning: value computed is not used [-Wunused-value]
src/test_lib_json/main.cpp:123:59: warning: statement has no effect [-Wunused-value]
src/test_lib_json/main.cpp:124:54: warning: value computed is not used [-Wunused-value]
src/test_lib_json/main.cpp:124:54: warning: statement has no effect [-Wunused-value]
src/test_lib_json/main.cpp:125:55: warning: value computed is not used [-Wunused-value]
src/test_lib_json/main.cpp:125:55: warning: statement has no effect [-Wunused-value]
src/test_lib_json/main.cpp: In member function 'virtual void TestValueTestisBool::runTestCase()':
src/test_lib_json/main.cpp:135:53: warning: value computed is not used [-Wunused-value]
src/test_lib_json/main.cpp:135:53: warning: statement has no effect [-Wunused-value]
src/test_lib_json/main.cpp:136:52: warning: value computed is not used [-Wunused-value]
src/test_lib_json/main.cpp:136:52: warning: statement has no effect [-Wunused-value]
src/test_lib_json/main.cpp: In member function 'virtual void TestValueTestisDouble::runTestCase()':
src/test_lib_json/main.cpp:145:52: warning: value computed is not used [-Wunused-value]
src/test_lib_json/main.cpp:145:52: warning: statement has no effect [-Wunused-value]
src/test_lib_json/main.cpp: In member function 'virtual void TestValueTestisInt::runTestCase()':
src/test_lib_json/main.cpp:155:55: warning: value computed is not used [-Wunused-value]
src/test_lib_json/main.cpp:155:55: warning: statement has no effect [-Wunused-value]
src/test_lib_json/main.cpp: In member function 'virtual void TestValueTestisUInt::runTestCase()':
src/test_lib_json/main.cpp:165:63: warning: value computed is not used [-Wunused-value]
src/test_lib_json/main.cpp:165:63: warning: statement has no effect [-Wunused-value]
src/test_lib_json/main.cpp:166:68: warning: value computed is not used [-Wunused-value]
src/test_lib_json/main.cpp:166:68: warning: statement has no effect [-Wunused-value]
src/test_lib_json/main.cpp: In member function 'void ValueTest::checkMemberCount(Json::Value&, unsigned int)':
src/test_lib_json/main.cpp:195:71: warning: value computed is not used [-Wunused-value]
src/test_lib_json/main.cpp:195:71: warning: statement has no effect [-Wunused-value]
g++ -o buildscons/linux-gcc-4.6.2/src/test_lib_json/jsontest.o -c -Wall -Iinclude -I. src/test_lib_json/jsontest.cpp
g++ -o buildscons/linux-gcc-4.6.2/src/test_lib_json/test_lib_json buildscons/linux-gcc-4.6.2/src/test_lib_json/main.o buildscons/linux-gcc-4.6.2/src/test_lib_json/jsontest.o -Llibs/linux-gcc-4.6.2 -lpthread -ljson_linux-gcc-4.6.2_libmt
Install file: "buildscons/linux-gcc-4.6.2/src/test_lib_json/test_lib_json" as "bin/linux-gcc-4.6.2/test_lib_json"
RunJSONTests("bin/linux-gcc-4.6.2/jsontestrunner")
TESTING: /tmp/jsoncpp.ZYYAMN/jsoncpp-src-0.5.0/test/data/test_string_unicode_01.json OK
TESTING: /tmp/jsoncpp.ZYYAMN/jsoncpp-src-0.5.0/test/data/test_array_03.json OK
TESTING: /tmp/jsoncpp.ZYYAMN/jsoncpp-src-0.5.0/test/data/test_basic_02.json OK
TESTING: /tmp/jsoncpp.ZYYAMN/jsoncpp-src-0.5.0/test/data/test_array_06.json OK
TESTING: /tmp/jsoncpp.ZYYAMN/jsoncpp-src-0.5.0/test/data/test_large_01.json OK
TESTING: /tmp/jsoncpp.ZYYAMN/jsoncpp-src-0.5.0/test/data/test_string_unicode_05.json OK
TESTING: /tmp/jsoncpp.ZYYAMN/jsoncpp-src-0.5.0/test/data/test_basic_09.json OK
TESTING: /tmp/jsoncpp.ZYYAMN/jsoncpp-src-0.5.0/test/data/test_integer_05.json OK
TESTING: /tmp/jsoncpp.ZYYAMN/jsoncpp-src-0.5.0/test/data/test_string_unicode_02.json OK
TESTING: /tmp/jsoncpp.ZYYAMN/jsoncpp-src-0.5.0/test/data/test_integer_04.json OK
TESTING: /tmp/jsoncpp.ZYYAMN/jsoncpp-src-0.5.0/test/data/test_object_02.json OK
TESTING: /tmp/jsoncpp.ZYYAMN/jsoncpp-src-0.5.0/test/data/test_basic_01.json OK
TESTING: /tmp/jsoncpp.ZYYAMN/jsoncpp-src-0.5.0/test/data/test_basic_07.json OK
TESTING: /tmp/jsoncpp.ZYYAMN/jsoncpp-src-0.5.0/test/data/test_string_02.json OK
TESTING: /tmp/jsoncpp.ZYYAMN/jsoncpp-src-0.5.0/test/data/test_object_04.json OK
TESTING: /tmp/jsoncpp.ZYYAMN/jsoncpp-src-0.5.0/test/data/test_real_07.json OK
TESTING: /tmp/jsoncpp.ZYYAMN/jsoncpp-src-0.5.0/test/data/test_integer_01.json OK
TESTING: /tmp/jsoncpp.ZYYAMN/jsoncpp-src-0.5.0/test/data/test_object_01.json OK
TESTING: /tmp/jsoncpp.ZYYAMN/jsoncpp-src-0.5.0/test/data/test_basic_03.json OK
TESTING: /tmp/jsoncpp.ZYYAMN/jsoncpp-src-0.5.0/test/data/test_array_05.json OK
TESTING: /tmp/jsoncpp.ZYYAMN/jsoncpp-src-0.5.0/test/data/test_real_04.json OK
TESTING: /tmp/jsoncpp.ZYYAMN/jsoncpp-src-0.5.0/test/data/test_real_03.json OK
TESTING: /tmp/jsoncpp.ZYYAMN/jsoncpp-src-0.5.0/test/data/test_basic_06.json OK
TESTING: /tmp/jsoncpp.ZYYAMN/jsoncpp-src-0.5.0/test/data/test_real_01.json OK
TESTING: /tmp/jsoncpp.ZYYAMN/jsoncpp-src-0.5.0/test/data/test_string_unicode_04.json OK
TESTING: /tmp/jsoncpp.ZYYAMN/jsoncpp-src-0.5.0/test/data/test_string_01.json OK
TESTING: /tmp/jsoncpp.ZYYAMN/jsoncpp-src-0.5.0/test/data/test_preserve_comment_01.json OK
TESTING: /tmp/jsoncpp.ZYYAMN/jsoncpp-src-0.5.0/test/data/test_real_05.json OK
TESTING: /tmp/jsoncpp.ZYYAMN/jsoncpp-src-0.5.0/test/data/test_array_02.json OK
TESTING: /tmp/jsoncpp.ZYYAMN/jsoncpp-src-0.5.0/test/data/test_basic_04.json OK
TESTING: /tmp/jsoncpp.ZYYAMN/jsoncpp-src-0.5.0/test/data/test_comment_01.json OK
TESTING: /tmp/jsoncpp.ZYYAMN/jsoncpp-src-0.5.0/test/data/test_array_04.json OK
TESTING: /tmp/jsoncpp.ZYYAMN/jsoncpp-src-0.5.0/test/data/test_basic_08.json OK
TESTING: /tmp/jsoncpp.ZYYAMN/jsoncpp-src-0.5.0/test/data/test_real_06.json OK
TESTING: /tmp/jsoncpp.ZYYAMN/jsoncpp-src-0.5.0/test/data/test_string_unicode_03.json OK
TESTING: /tmp/jsoncpp.ZYYAMN/jsoncpp-src-0.5.0/test/data/test_integer_02.json OK
TESTING: /tmp/jsoncpp.ZYYAMN/jsoncpp-src-0.5.0/test/data/test_integer_03.json OK
TESTING: /tmp/jsoncpp.ZYYAMN/jsoncpp-src-0.5.0/test/data/test_object_03.json OK
TESTING: /tmp/jsoncpp.ZYYAMN/jsoncpp-src-0.5.0/test/data/test_array_01.json OK
TESTING: /tmp/jsoncpp.ZYYAMN/jsoncpp-src-0.5.0/test/data/test_complex_01.json OK
TESTING: /tmp/jsoncpp.ZYYAMN/jsoncpp-src-0.5.0/test/data/test_basic_05.json OK
TESTING: /tmp/jsoncpp.ZYYAMN/jsoncpp-src-0.5.0/test/data/test_real_02.json OK
All 42 tests passed.
RunUnitTests("bin/linux-gcc-4.6.2/test_lib_json")
TESTING ValueTest/size: OK
TESTING ValueTest/isObject: OK
TESTING ValueTest/isArray: OK
TESTING ValueTest/isBool: OK
TESTING ValueTest/isInt: OK
TESTING ValueTest/isUInt: OK
TESTING ValueTest/isDouble: OK
TESTING ValueTest/isString: OK
TESTING ValueTest/isNull: OK
All 9 tests passed
scons: done building targets.
+ mkdir -p /tmp/jsoncpp.ZYYAMN/pkg/ffp/lib
+ cp -r libs/linux-gcc-4.6.2/libjson_linux-gcc-4.6.2_libmt.so /tmp/jsoncpp.ZYYAMN/pkg/ffp/lib
+ cp libs/linux-gcc-4.6.2/libjson_linux-gcc-4.6.2_libmt.so /tmp/jsoncpp.ZYYAMN/pkg/ffp/lib/libjson.so
+ mkdir -p /tmp/jsoncpp.ZYYAMN/pkg/ffp/lib/pkgconfig/
+ cp -r /ffp/home/root/fun_plug/src/jsoncpp/jsoncpp.pc /tmp/jsoncpp.ZYYAMN/pkg/ffp/lib/pkgconfig/
+ mkdir -p /tmp/jsoncpp.ZYYAMN/pkg/ffp/include/jsoncpp
+ cp -r include/json /tmp/jsoncpp.ZYYAMN/pkg/ffp/include/jsoncpp/
+ mkdir -p /tmp/jsoncpp.ZYYAMN/pkg/install
+ cp /ffp/home/root/fun_plug/src/jsoncpp/DESCR /ffp/home/root/fun_plug/src/jsoncpp/HOMEPAGE /tmp/jsoncpp.ZYYAMN/pkg/install/
+ cd /tmp/jsoncpp.ZYYAMN/pkg
+ makepkg jsoncpp 0.5.0 1
Creating /tmp/jsoncpp-0.5.0-arm-1.tar ...
