++ basename ./harfbuzz.funpkg .funpkg
+ PN=harfbuzz
+ PR=1
+ . ./config.ffp
++ GNU_HOST=
++ GNU_TARGET=
++ FFP_CFLAGS='-I/ffp/include -O2'
++ FFP_LDFLAGS='-L/ffp/lib -Wl,-rpath,/ffp/lib'
++ '[' '!' -d '' ']'
++ TMPDIR=/tmp
++ export TMPDIR
++ mandir=/ffp/share/man
++ infodir=/ffp/share/info
++ docdir=/ffp/share/doc
++ pwd
+ X=/ffp/home/root/fun_plug/ffp_packages/harfbuzz
++ mktemp -t -d harfbuzz.XXXXXX
+ W=/tmp/harfbuzz.aEgX7B
+ D=/tmp/harfbuzz.aEgX7B/pkg
+ cd /tmp/harfbuzz.aEgX7B
+ cat /ffp/home/root/fun_plug/ffp_packages/harfbuzz/SRC_URI
+ xargs wget
--2012-12-11 11:58:24--  http://www.freedesktop.org/software/harfbuzz/release/harfbuzz-0.9.9.tar.bz2
Resolving www.freedesktop.org... 131.252.210.176
Connecting to www.freedesktop.org|131.252.210.176|:80... connected.
HTTP request sent, awaiting response... 200 OK
Length: 878493 (858K) [application/x-bzip2]
Saving to: `harfbuzz-0.9.9.tar.bz2'

     0K .......... .......... .......... .......... ..........  5% 81.7K 10s
    50K .......... .......... .......... .......... .......... 11%  238K 6s
   100K .......... .......... .......... .......... .......... 17%  251K 5s
   150K .......... .......... .......... .......... .......... 23%  264K 4s
   200K .......... .......... .......... .......... .......... 29% 1.41M 3s
   250K .......... .......... .......... .......... .......... 34%  321K 3s
   300K .......... .......... .......... .......... .......... 40% 1.44M 2s
   350K .......... .......... .......... .......... .......... 46% 1.40M 2s
   400K .......... .......... .......... .......... .......... 52%  332K 1s
   450K .......... .......... .......... .......... .......... 58% 1.45M 1s
   500K .......... .......... .......... .......... .......... 64% 1.41M 1s
   550K .......... .......... .......... .......... .......... 69% 1.44M 1s
   600K .......... .......... .......... .......... .......... 75%  461K 1s
   650K .......... .......... .......... .......... .......... 81% 1.41M 0s
   700K .......... .......... .......... .......... .......... 87% 1.43M 0s
   750K .......... .......... .......... .......... .......... 93%  479K 0s
   800K .......... .......... .......... .......... .......... 99% 1.28M 0s
   850K .......                                               100% 1.57M=2.0s

2012-12-11 11:58:26 (419 KB/s) - `harfbuzz-0.9.9.tar.bz2' saved [878493/878493]

++ ls harfbuzz-0.9.9.tar.bz2
++ egrep -o '[0-9][0-9.]*[0-9]'
+ PV=0.9.9
+ tar xf harfbuzz-0.9.9.tar.bz2
+ cd harfbuzz-0.9.9 harfbuzz-0.9.9.tar.bz2
++ ls '/ffp/home/root/fun_plug/ffp_packages/harfbuzz/patches/*.patch'
ls: cannot access /ffp/home/root/fun_plug/ffp_packages/harfbuzz/patches/*.patch: No such file or directory
+ LDFLAGS='-L/ffp/lib -Wl,-rpath,/ffp/lib'
+ ./configure --prefix=/ffp --build= --host= --mandir=/ffp/share/man --infodir=/ffp/share/info
checking for a BSD-compatible install... /ffp/bin/install -c
checking whether build environment is sane... yes
checking for a thread-safe mkdir -p... /ffp/bin/mkdir -p
checking for gawk... gawk
checking whether make sets $(MAKE)... yes
checking whether make supports nested variables... yes
checking build system type... armv5tejl-unknown-linux-gnueabi
checking host system type... armv5tejl-unknown-linux-gnueabi
checking how to print strings... printf
checking for style of include used by make... GNU
checking for gcc... gcc
checking whether the C compiler works... yes
checking for C compiler default output file name... a.out
checking for suffix of executables... 
checking whether we are cross compiling... no
checking for suffix of object files... o
checking whether we are using the GNU C compiler... yes
checking whether gcc accepts -g... yes
checking for gcc option to accept ISO C89... none needed
checking dependency style of gcc... gcc3
checking for a sed that does not truncate output... /ffp/bin/sed
checking for grep that handles long lines and -e... /ffp/bin/grep
checking for egrep... /ffp/bin/grep -E
checking for fgrep... /ffp/bin/grep -F
checking for ld used by gcc... /ffp/bin/ld
checking if the linker (/ffp/bin/ld) is GNU ld... yes
checking for BSD- or MS-compatible name lister (nm)... /ffp/bin/nm -B
checking the name lister (/ffp/bin/nm -B) interface... BSD nm
checking whether ln -s works... yes
checking the maximum length of command line arguments... 1572864
checking whether the shell understands some XSI constructs... yes
checking whether the shell understands "+="... yes
checking how to convert armv5tejl-unknown-linux-gnueabi file names to armv5tejl-unknown-linux-gnueabi format... func_convert_file_noop
checking how to convert armv5tejl-unknown-linux-gnueabi file names to toolchain format... func_convert_file_noop
checking for /ffp/bin/ld option to reload object files... -r
checking for objdump... objdump
checking how to recognize dependent libraries... pass_all
checking for dlltool... no
checking how to associate runtime and link libraries... printf %s\n
checking for ar... ar
checking for archiver @FILE support... @
checking for strip... strip
checking for ranlib... ranlib
checking command to parse /ffp/bin/nm -B output from gcc object... ok
checking for sysroot... no
checking for mt... no
checking if : is a manifest tool... no
checking how to run the C preprocessor... gcc -E
checking for ANSI C header files... yes
checking for sys/types.h... yes
checking for sys/stat.h... yes
checking for stdlib.h... yes
checking for string.h... yes
checking for memory.h... yes
checking for strings.h... yes
checking for inttypes.h... yes
checking for stdint.h... yes
checking for unistd.h... yes
checking for dlfcn.h... yes
checking for objdir... .libs
checking if gcc supports -fno-rtti -fno-exceptions... no
checking for gcc option to produce PIC... -fPIC -DPIC
checking if gcc PIC flag -fPIC -DPIC works... yes
checking if gcc static flag -static works... yes
checking if gcc supports -c -o file.o... yes
checking if gcc supports -c -o file.o... (cached) yes
checking whether the gcc linker (/ffp/bin/ld) supports shared libraries... yes
checking whether -lc should be explicitly linked in... no
checking dynamic linker characteristics... GNU/Linux ld.so
checking how to hardcode library paths into programs... immediate
checking whether stripping libraries is possible... yes
checking if libtool supports shared libraries... yes
checking whether to build shared libraries... yes
checking whether to build static libraries... no
checking for gcc... (cached) gcc
checking whether we are using the GNU C compiler... (cached) yes
checking whether gcc accepts -g... (cached) yes
checking for gcc option to accept ISO C89... (cached) none needed
checking dependency style of gcc... (cached) gcc3
checking whether gcc and cc understand -c and -o together... yes
checking for g++... g++
checking whether we are using the GNU C++ compiler... yes
checking whether g++ accepts -g... yes
checking dependency style of g++... gcc3
checking how to run the C++ preprocessor... g++ -E
checking for ld used by g++... /ffp/bin/ld
checking if the linker (/ffp/bin/ld) is GNU ld... yes
checking whether the g++ linker (/ffp/bin/ld) supports shared libraries... yes
checking for g++ option to produce PIC... -fPIC -DPIC
checking if g++ PIC flag -fPIC -DPIC works... yes
checking if g++ static flag -static works... yes
checking if g++ supports -c -o file.o... yes
checking if g++ supports -c -o file.o... (cached) yes
checking whether the g++ linker (/ffp/bin/ld) supports shared libraries... yes
checking dynamic linker characteristics... (cached) GNU/Linux ld.so
checking how to hardcode library paths into programs... immediate
checking for pkg-config... /ffp/bin/pkg-config
checking pkg-config is at least version 0.20... yes
checking for atexit... yes
checking for mprotect... yes
checking for sysconf... yes
checking for getpagesize... yes
checking for sched_yield... yes
checking for mmap... yes
checking for _setmode... no
checking for isatty... yes
checking for unistd.h... (cached) yes
checking sys/mman.h usability... yes
checking sys/mman.h presence... yes
checking for sys/mman.h... yes
checking sched.h usability... yes
checking sched.h presence... yes
checking for sched.h... yes
checking io.h usability... no
checking io.h presence... no
checking for io.h... no
checking for native Win32... no
checking for the pthreads library -lpthreads... no
checking whether pthreads work without any flags... no
checking whether pthreads work with -Kthread... no
checking whether pthreads work with -kthread... no
checking for the pthreads library -llthread... no
checking whether pthreads work with -pthread... yes
checking for joinable pthread attribute... PTHREAD_CREATE_JOINABLE
checking if more special flags are required for pthreads... no
checking for PTHREAD_PRIO_INHERIT... no
checking for GLIB... yes
checking for GTHREAD... yes
checking for GOBJECT... yes
checking for CAIRO... yes
checking for CAIRO_FT... yes
checking for ICU... no
checking for ICU_LE... no
checking for GRAPHITE2... no
checking for FREETYPE... yes
checking for FT_Face_GetCharVariantIndex... yes
checking usp10.h usability... no
checking usp10.h presence... no
checking for usp10.h... no
checking windows.h usability... no
checking windows.h presence... no
checking for windows.h... no
checking ApplicationServices/ApplicationServices.h usability... no
checking ApplicationServices/ApplicationServices.h presence... no
checking for ApplicationServices/ApplicationServices.h... no
checking for Intel atomic primitives... true
configure: creating ./config.status
config.status: creating Makefile
config.status: creating harfbuzz.pc
config.status: creating src/Makefile
config.status: creating src/hb-version.h
config.status: creating src/hb-icu-le/Makefile
config.status: creating src/hb-old/Makefile
config.status: creating src/hb-ucdn/Makefile
config.status: creating util/Makefile
config.status: creating test/Makefile
config.status: creating test/api/Makefile
config.status: creating test/shaping/Makefile
config.status: creating config.h
config.status: executing depfiles commands
config.status: executing libtool commands
+ make
make  all-recursive
make[1]: Entering directory `/tmp/harfbuzz.aEgX7B/harfbuzz-0.9.9'
Making all in src
make[2]: Entering directory `/tmp/harfbuzz.aEgX7B/harfbuzz-0.9.9/src'
  GEN    hb-gobject-enums.cc
make  all-recursive
make[3]: Entering directory `/tmp/harfbuzz.aEgX7B/harfbuzz-0.9.9/src'
Making all in hb-old
make[4]: Entering directory `/tmp/harfbuzz.aEgX7B/harfbuzz-0.9.9/src/hb-old'
  CC     libhb_old_la-harfbuzz-buffer.lo
  CC     libhb_old_la-harfbuzz-stream.lo
  CC     libhb_old_la-harfbuzz-gdef.lo
  CC     libhb_old_la-harfbuzz-gpos.lo
  CC     libhb_old_la-harfbuzz-gsub.lo
  CC     libhb_old_la-harfbuzz-impl.lo
  CC     libhb_old_la-harfbuzz-open.lo
  CXX    libhb_old_la-harfbuzz-shaper.lo
  CC     libhb_old_la-harfbuzz-greek.lo
  CC     libhb_old_la-harfbuzz-tibetan.lo
  CC     libhb_old_la-harfbuzz-khmer.lo
  CXX    libhb_old_la-harfbuzz-indic.lo
  CC     libhb_old_la-harfbuzz-hebrew.lo
  CC     libhb_old_la-harfbuzz-arabic.lo
  CC     libhb_old_la-harfbuzz-hangul.lo
  CC     libhb_old_la-harfbuzz-myanmar.lo
  CXXLD  libhb-old.la
make[4]: Leaving directory `/tmp/harfbuzz.aEgX7B/harfbuzz-0.9.9/src/hb-old'
Making all in hb-ucdn
make[4]: Entering directory `/tmp/harfbuzz.aEgX7B/harfbuzz-0.9.9/src/hb-ucdn'
  CC     ucdn.lo
  CCLD   libhb-ucdn.la
make[4]: Leaving directory `/tmp/harfbuzz.aEgX7B/harfbuzz-0.9.9/src/hb-ucdn'
make[4]: Entering directory `/tmp/harfbuzz.aEgX7B/harfbuzz-0.9.9/src'
  CXX    libharfbuzz_la-hb-blob.lo
  CXX    libharfbuzz_la-hb-buffer.lo
  CXX    libharfbuzz_la-hb-common.lo
  CXX    libharfbuzz_la-hb-fallback-shape.lo
  CXX    libharfbuzz_la-hb-font.lo
  CXX    libharfbuzz_la-hb-ot-tag.lo
  CXX    libharfbuzz_la-hb-set.lo
  CXX    libharfbuzz_la-hb-shape.lo
  CXX    libharfbuzz_la-hb-shape-plan.lo
  CXX    libharfbuzz_la-hb-shaper.lo
  CXX    libharfbuzz_la-hb-tt-font.lo
  CXX    libharfbuzz_la-hb-unicode.lo
  CXX    libharfbuzz_la-hb-warning.lo
  CXX    libharfbuzz_la-hb-ot-layout.lo
  CXX    libharfbuzz_la-hb-ot-map.lo
  CXX    libharfbuzz_la-hb-ot-shape.lo
  CXX    libharfbuzz_la-hb-ot-shape-complex-arabic.lo
  CXX    libharfbuzz_la-hb-ot-shape-complex-default.lo
  CXX    libharfbuzz_la-hb-ot-shape-complex-indic.lo
  CXX    libharfbuzz_la-hb-ot-shape-complex-thai.lo
  CXX    libharfbuzz_la-hb-ot-shape-normalize.lo
  CXX    libharfbuzz_la-hb-ot-shape-fallback.lo
  CXX    libharfbuzz_la-hb-glib.lo
  CXX    libharfbuzz_la-hb-gobject-structs.lo
  CXX    libharfbuzz_la-hb-ft.lo
  CXX    libharfbuzz_la-hb-old.lo
In file included from ./hb-old/harfbuzz.h:36:0,
                 from hb-old.cc:32:
./hb-old/harfbuzz-shaper.h:177:28: warning: 'HB_FaceRec_' declared with greater visibility than the type of its field 'HB_FaceRec_::gdef'
./hb-old/harfbuzz-shaper.h:177:28: warning: 'HB_FaceRec_' declared with greater visibility than the type of its field 'HB_FaceRec_::buffer'
hb-old.cc: In function 'hb_bool_t _hb_old_shape(hb_shape_plan_t*, hb_font_t*, hb_buffer_t*, const hb_feature_t*, unsigned int)':
hb-old.cc:290:39: warning: cast from 'char*' to 'HB_UChar16*' increases required alignment of target type
hb-old.cc:314:3: warning: cast from 'char*' to 'const HB_UChar16*' increases required alignment of target type
hb-old.cc:315:3: warning: cast from 'char*' to 'short unsigned int*' increases required alignment of target type
hb-old.cc:336:3: warning: cast from 'char*' to 'HB_Glyph*' increases required alignment of target type
hb-old.cc:338:3: warning: cast from 'char*' to 'HB_Fixed*' increases required alignment of target type
hb-old.cc:339:3: warning: cast from 'char*' to 'HB_FixedPoint*' increases required alignment of target type
hb-old.cc:344:3: warning: cast from 'char*' to 'uint32_t*' increases required alignment of target type
  CXX    libharfbuzz_la-hb-ucdn.lo
  CXX    libharfbuzz_la-hb-gobject-enums.lo
  GEN    libharfbuzz.la
  CXX    main-main.o
  CXXLD  main
  CXX    test-test.o
  CXXLD  test
  CXX    test_would_substitute-test-would-substitute.o
  CXXLD  test-would-substitute
  CXX    test_size_params-test-size-params.o
  CXXLD  test-size-params
make[4]: Leaving directory `/tmp/harfbuzz.aEgX7B/harfbuzz-0.9.9/src'
make[3]: Leaving directory `/tmp/harfbuzz.aEgX7B/harfbuzz-0.9.9/src'
make[2]: Leaving directory `/tmp/harfbuzz.aEgX7B/harfbuzz-0.9.9/src'
Making all in util
make[2]: Entering directory `/tmp/harfbuzz.aEgX7B/harfbuzz-0.9.9/util'
  CXX    hb-view.o
  CXX    options.o
  CXX    ansi-print.o
  CXX    helper-cairo.o
  CXX    helper-cairo-ansi.o
helper-cairo-ansi.cc: In function 'cairo_status_t helper_cairo_surface_write_to_ansi_stream(cairo_surface_t*, cairo_status_t (*)(void*, const unsigned char*, unsigned int), void*)':
helper-cairo-ansi.cc:60:76: warning: cast from 'unsigned char*' to 'uint32_t*' increases required alignment of target type
  CXX    view-cairo.o
  CXXLD  hb-view
  CXX    hb-shape.o
  CXXLD  hb-shape
  CXX    hb-ot-shape-closure.o
  CXXLD  hb-ot-shape-closure
make[2]: Leaving directory `/tmp/harfbuzz.aEgX7B/harfbuzz-0.9.9/util'
Making all in test
make[2]: Entering directory `/tmp/harfbuzz.aEgX7B/harfbuzz-0.9.9/test'
Making all in api
make[3]: Entering directory `/tmp/harfbuzz.aEgX7B/harfbuzz-0.9.9/test/api'
  CC     test-blob.o
  CCLD   test-blob
  CC     test-buffer.o
  CCLD   test-buffer
  CC     test-common.o
  CCLD   test-common
  CC     test-font.o
  CCLD   test-font
  CC     test-object.o
  CCLD   test-object
  CC     test-shape.o
  CCLD   test-shape
  CC     test_unicode-test-unicode.o
  CCLD   test-unicode
  CC     test-version.o
  CCLD   test-version
  CC     test-ot-tag.o
  CCLD   test-ot-tag
  CC     test_c-test-c.o
  CCLD   test-c
  CXX    test_cplusplus-test-cplusplus.o
  CXXLD  test-cplusplus
make[3]: Leaving directory `/tmp/harfbuzz.aEgX7B/harfbuzz-0.9.9/test/api'
Making all in shaping
make[3]: Entering directory `/tmp/harfbuzz.aEgX7B/harfbuzz-0.9.9/test/shaping'
make[3]: Nothing to be done for `all'.
make[3]: Leaving directory `/tmp/harfbuzz.aEgX7B/harfbuzz-0.9.9/test/shaping'
make[3]: Entering directory `/tmp/harfbuzz.aEgX7B/harfbuzz-0.9.9/test'
make[3]: Nothing to be done for `all-am'.
make[3]: Leaving directory `/tmp/harfbuzz.aEgX7B/harfbuzz-0.9.9/test'
make[2]: Leaving directory `/tmp/harfbuzz.aEgX7B/harfbuzz-0.9.9/test'
make[2]: Entering directory `/tmp/harfbuzz.aEgX7B/harfbuzz-0.9.9'
make[2]: Nothing to be done for `all-am'.
make[2]: Leaving directory `/tmp/harfbuzz.aEgX7B/harfbuzz-0.9.9'
make[1]: Leaving directory `/tmp/harfbuzz.aEgX7B/harfbuzz-0.9.9'
+ make DESTDIR=/tmp/harfbuzz.aEgX7B/pkg install
Making install in src
make[1]: Entering directory `/tmp/harfbuzz.aEgX7B/harfbuzz-0.9.9/src'
make  install-recursive
make[2]: Entering directory `/tmp/harfbuzz.aEgX7B/harfbuzz-0.9.9/src'
Making install in hb-old
make[3]: Entering directory `/tmp/harfbuzz.aEgX7B/harfbuzz-0.9.9/src/hb-old'
make[4]: Entering directory `/tmp/harfbuzz.aEgX7B/harfbuzz-0.9.9/src/hb-old'
make[4]: Nothing to be done for `install-exec-am'.
make[4]: Nothing to be done for `install-data-am'.
make[4]: Leaving directory `/tmp/harfbuzz.aEgX7B/harfbuzz-0.9.9/src/hb-old'
make[3]: Leaving directory `/tmp/harfbuzz.aEgX7B/harfbuzz-0.9.9/src/hb-old'
Making install in hb-ucdn
make[3]: Entering directory `/tmp/harfbuzz.aEgX7B/harfbuzz-0.9.9/src/hb-ucdn'
make[4]: Entering directory `/tmp/harfbuzz.aEgX7B/harfbuzz-0.9.9/src/hb-ucdn'
make[4]: Nothing to be done for `install-exec-am'.
make[4]: Nothing to be done for `install-data-am'.
make[4]: Leaving directory `/tmp/harfbuzz.aEgX7B/harfbuzz-0.9.9/src/hb-ucdn'
make[3]: Leaving directory `/tmp/harfbuzz.aEgX7B/harfbuzz-0.9.9/src/hb-ucdn'
make[3]: Entering directory `/tmp/harfbuzz.aEgX7B/harfbuzz-0.9.9/src'
make[4]: Entering directory `/tmp/harfbuzz.aEgX7B/harfbuzz-0.9.9/src'
test -z "/ffp/lib" || /ffp/bin/mkdir -p "/tmp/harfbuzz.aEgX7B/pkg/ffp/lib"
 /ffp/bin/sh ../libtool   --mode=install /ffp/bin/install -c   libharfbuzz.la '/tmp/harfbuzz.aEgX7B/pkg/ffp/lib'
libtool: install: /ffp/bin/install -c .libs/libharfbuzz.so.0.909.0 /tmp/harfbuzz.aEgX7B/pkg/ffp/lib/libharfbuzz.so.0.909.0
libtool: install: (cd /tmp/harfbuzz.aEgX7B/pkg/ffp/lib && { ln -s -f libharfbuzz.so.0.909.0 libharfbuzz.so.0 || { rm -f libharfbuzz.so.0 && ln -s libharfbuzz.so.0.909.0 libharfbuzz.so.0; }; })
libtool: install: (cd /tmp/harfbuzz.aEgX7B/pkg/ffp/lib && { ln -s -f libharfbuzz.so.0.909.0 libharfbuzz.so || { rm -f libharfbuzz.so && ln -s libharfbuzz.so.0.909.0 libharfbuzz.so; }; })
libtool: install: /ffp/bin/install -c .libs/libharfbuzz.lai /tmp/harfbuzz.aEgX7B/pkg/ffp/lib/libharfbuzz.la
libtool: install: warning: remember to run `libtool --finish /ffp/lib'
test -z "/ffp/bin" || /ffp/bin/mkdir -p "/tmp/harfbuzz.aEgX7B/pkg/ffp/bin"
test -z "/ffp/include/harfbuzz" || /ffp/bin/mkdir -p "/tmp/harfbuzz.aEgX7B/pkg/ffp/include/harfbuzz"
 /ffp/bin/install -c -m 644 hb-version.h '/tmp/harfbuzz.aEgX7B/pkg/ffp/include/harfbuzz'
test -z "/ffp/include/harfbuzz" || /ffp/bin/mkdir -p "/tmp/harfbuzz.aEgX7B/pkg/ffp/include/harfbuzz"
 /ffp/bin/install -c -m 644 hb.h hb-blob.h hb-buffer.h hb-common.h hb-font.h hb-set.h hb-shape.h hb-shape-plan.h hb-unicode.h hb-version.h hb-ot.h hb-ot-layout.h hb-ot-tag.h hb-glib.h hb-gobject.h hb-ft.h '/tmp/harfbuzz.aEgX7B/pkg/ffp/include/harfbuzz'
make[4]: Leaving directory `/tmp/harfbuzz.aEgX7B/harfbuzz-0.9.9/src'
make[3]: Leaving directory `/tmp/harfbuzz.aEgX7B/harfbuzz-0.9.9/src'
make[2]: Leaving directory `/tmp/harfbuzz.aEgX7B/harfbuzz-0.9.9/src'
make[1]: Leaving directory `/tmp/harfbuzz.aEgX7B/harfbuzz-0.9.9/src'
Making install in util
make[1]: Entering directory `/tmp/harfbuzz.aEgX7B/harfbuzz-0.9.9/util'
make[2]: Entering directory `/tmp/harfbuzz.aEgX7B/harfbuzz-0.9.9/util'
test -z "/ffp/bin" || /ffp/bin/mkdir -p "/tmp/harfbuzz.aEgX7B/pkg/ffp/bin"
  /ffp/bin/sh ../libtool   --mode=install /ffp/bin/install -c hb-view hb-shape hb-ot-shape-closure '/tmp/harfbuzz.aEgX7B/pkg/ffp/bin'
libtool: install: warning: `../src/libharfbuzz.la' has not been installed in `/ffp/lib'
libtool: install: /ffp/bin/install -c .libs/hb-view /tmp/harfbuzz.aEgX7B/pkg/ffp/bin/hb-view
libtool: install: warning: `../src/libharfbuzz.la' has not been installed in `/ffp/lib'
libtool: install: /ffp/bin/install -c .libs/hb-shape /tmp/harfbuzz.aEgX7B/pkg/ffp/bin/hb-shape
libtool: install: warning: `../src/libharfbuzz.la' has not been installed in `/ffp/lib'
libtool: install: /ffp/bin/install -c .libs/hb-ot-shape-closure /tmp/harfbuzz.aEgX7B/pkg/ffp/bin/hb-ot-shape-closure
make[2]: Nothing to be done for `install-data-am'.
make[2]: Leaving directory `/tmp/harfbuzz.aEgX7B/harfbuzz-0.9.9/util'
make[1]: Leaving directory `/tmp/harfbuzz.aEgX7B/harfbuzz-0.9.9/util'
Making install in test
make[1]: Entering directory `/tmp/harfbuzz.aEgX7B/harfbuzz-0.9.9/test'
Making install in api
make[2]: Entering directory `/tmp/harfbuzz.aEgX7B/harfbuzz-0.9.9/test/api'
make[3]: Entering directory `/tmp/harfbuzz.aEgX7B/harfbuzz-0.9.9/test/api'
make[3]: Nothing to be done for `install-exec-am'.
make[3]: Nothing to be done for `install-data-am'.
make[3]: Leaving directory `/tmp/harfbuzz.aEgX7B/harfbuzz-0.9.9/test/api'
make[2]: Leaving directory `/tmp/harfbuzz.aEgX7B/harfbuzz-0.9.9/test/api'
Making install in shaping
make[2]: Entering directory `/tmp/harfbuzz.aEgX7B/harfbuzz-0.9.9/test/shaping'
make[3]: Entering directory `/tmp/harfbuzz.aEgX7B/harfbuzz-0.9.9/test/shaping'
make[3]: Nothing to be done for `install-exec-am'.
make[3]: Nothing to be done for `install-data-am'.
make[3]: Leaving directory `/tmp/harfbuzz.aEgX7B/harfbuzz-0.9.9/test/shaping'
make[2]: Leaving directory `/tmp/harfbuzz.aEgX7B/harfbuzz-0.9.9/test/shaping'
make[2]: Entering directory `/tmp/harfbuzz.aEgX7B/harfbuzz-0.9.9/test'
make[3]: Entering directory `/tmp/harfbuzz.aEgX7B/harfbuzz-0.9.9/test'
make[3]: Nothing to be done for `install-exec-am'.
make[3]: Nothing to be done for `install-data-am'.
make[3]: Leaving directory `/tmp/harfbuzz.aEgX7B/harfbuzz-0.9.9/test'
make[2]: Leaving directory `/tmp/harfbuzz.aEgX7B/harfbuzz-0.9.9/test'
make[1]: Leaving directory `/tmp/harfbuzz.aEgX7B/harfbuzz-0.9.9/test'
make[1]: Entering directory `/tmp/harfbuzz.aEgX7B/harfbuzz-0.9.9'
make[2]: Entering directory `/tmp/harfbuzz.aEgX7B/harfbuzz-0.9.9'
make[2]: Nothing to be done for `install-exec-am'.
test -z "/ffp/lib/pkgconfig" || /ffp/bin/mkdir -p "/tmp/harfbuzz.aEgX7B/pkg/ffp/lib/pkgconfig"
 /ffp/bin/install -c -m 644 harfbuzz.pc '/tmp/harfbuzz.aEgX7B/pkg/ffp/lib/pkgconfig'
make[2]: Leaving directory `/tmp/harfbuzz.aEgX7B/harfbuzz-0.9.9'
make[1]: Leaving directory `/tmp/harfbuzz.aEgX7B/harfbuzz-0.9.9'
+ mkdir -p /tmp/harfbuzz.aEgX7B/pkg/install
+ cp /ffp/home/root/fun_plug/ffp_packages/harfbuzz/DESCR /ffp/home/root/fun_plug/ffp_packages/harfbuzz/HOMEPAGE /tmp/harfbuzz.aEgX7B/pkg/install/
+ cd /tmp/harfbuzz.aEgX7B/pkg
+ makepkg harfbuzz 0.9.9 1
Creating /tmp/harfbuzz-0.9.9-arm-1.tar ...
