++ basename ./pixman.funpkg .funpkg
+ PN=pixman
+ PR=1
+ . ./config.ffp
++ GNU_HOST=
++ GNU_TARGET=
++ FFP_CFLAGS='-I/ffp/include -O2'
++ FFP_LDFLAGS='-L/ffp/lib -Wl,-rpath,/ffp/lib'
++ '[' '!' -d '' ']'
++ TMPDIR=/tmp
++ export TMPDIR
++ mandir=/ffp/share/man
++ infodir=/ffp/share/info
++ docdir=/ffp/share/doc
++ pwd
+ X=/ffp/home/root/fun_plug/ffp_packages/pixman
++ mktemp -t -d pixman.XXXXXX
+ W=/tmp/pixman.MSldFV
+ D=/tmp/pixman.MSldFV/pkg
+ cd /tmp/pixman.MSldFV
+ cat /ffp/home/root/fun_plug/ffp_packages/pixman/SRC_URI
+ xargs wget
--2012-11-27 12:19:32--  http://cairographics.org/releases/pixman-0.28.0.tar.gz
Resolving cairographics.org... 131.252.210.176
Connecting to cairographics.org|131.252.210.176|:80... connected.
HTTP request sent, awaiting response... 200 OK
Length: 751552 (734K) [application/x-gzip]
Saving to: `pixman-0.28.0.tar.gz'

     0K .......... .......... .......... .......... ..........  6% 82.6K 8s
    50K .......... .......... .......... .......... .......... 13%  241K 5s
   100K .......... .......... .......... .......... .......... 20%  252K 4s
   150K .......... .......... .......... .......... .......... 27%  264K 3s
   200K .......... .......... .......... .......... .......... 34% 1.64M 2s
   250K .......... .......... .......... .......... .......... 40%  311K 2s
   300K .......... .......... .......... .......... .......... 47% 1.66M 2s
   350K .......... .......... .......... .......... .......... 54% 1.64M 1s
   400K .......... .......... .......... .......... .......... 61%  334K 1s
   450K .......... .......... .......... .......... .......... 68% 1.70M 1s
   500K .......... .......... .......... .......... .......... 74% 1.65M 1s
   550K .......... .......... .......... .......... .......... 81% 1.70M 0s
   600K .......... .......... .......... .......... .......... 88%  421K 0s
   650K .......... .......... .......... .......... .......... 95% 1.60M 0s
   700K .......... .......... .......... ...                  100% 1.72M=1.9s

2012-11-27 12:19:35 (395 KB/s) - `pixman-0.28.0.tar.gz' saved [751552/751552]

++ ls pixman-0.28.0.tar.gz
++ egrep -o '[0-9][0-9.]*[0-9]'
+ PV=0.28.0
+ tar xf pixman-0.28.0.tar.gz
+ cd pixman-0.28.0 pixman-0.28.0.tar.gz
+ LDFLAGS='-L/ffp/lib -Wl,-rpath,/ffp/lib'
+ ./configure --prefix=/ffp --build= --host= --mandir=/ffp/share/man --infodir=/ffp/share/info
checking for a BSD-compatible install... /ffp/bin/install -c
checking whether build environment is sane... yes
checking for a thread-safe mkdir -p... /ffp/bin/mkdir -p
checking for gawk... gawk
checking whether make sets $(MAKE)... yes
checking whether make supports nested variables... yes
checking build system type... armv5tejl-unknown-linux-gnueabi
checking host system type... armv5tejl-unknown-linux-gnueabi
checking for gcc... gcc
checking whether the C compiler works... yes
checking for C compiler default output file name... a.out
checking for suffix of executables... 
checking whether we are cross compiling... no
checking for suffix of object files... o
checking whether we are using the GNU C compiler... yes
checking whether gcc accepts -g... yes
checking for gcc option to accept ISO C89... none needed
checking for style of include used by make... GNU
checking dependency style of gcc... gcc3
checking dependency style of gcc... gcc3
checking how to print strings... printf
checking for a sed that does not truncate output... /ffp/bin/sed
checking for grep that handles long lines and -e... /ffp/bin/grep
checking for egrep... /ffp/bin/grep -E
checking for fgrep... /ffp/bin/grep -F
checking for ld used by gcc... /ffp/bin/ld
checking if the linker (/ffp/bin/ld) is GNU ld... yes
checking for BSD- or MS-compatible name lister (nm)... /ffp/bin/nm -B
checking the name lister (/ffp/bin/nm -B) interface... BSD nm
checking whether ln -s works... yes
checking the maximum length of command line arguments... 1572864
checking whether the shell understands some XSI constructs... yes
checking whether the shell understands "+="... yes
checking how to convert armv5tejl-unknown-linux-gnueabi file names to armv5tejl-unknown-linux-gnueabi format... func_convert_file_noop
checking how to convert armv5tejl-unknown-linux-gnueabi file names to toolchain format... func_convert_file_noop
checking for /ffp/bin/ld option to reload object files... -r
checking for objdump... objdump
checking how to recognize dependent libraries... pass_all
checking for dlltool... no
checking how to associate runtime and link libraries... printf %s\n
checking for ar... ar
checking for archiver @FILE support... @
checking for strip... strip
checking for ranlib... ranlib
checking command to parse /ffp/bin/nm -B output from gcc object... ok
checking for sysroot... no
checking for mt... no
checking if : is a manifest tool... no
checking how to run the C preprocessor... gcc -E
checking for ANSI C header files... yes
checking for sys/types.h... yes
checking for sys/stat.h... yes
checking for stdlib.h... yes
checking for string.h... yes
checking for memory.h... yes
checking for strings.h... yes
checking for inttypes.h... yes
checking for stdint.h... yes
checking for unistd.h... yes
checking for dlfcn.h... yes
checking for objdir... .libs
checking if gcc supports -fno-rtti -fno-exceptions... no
checking for gcc option to produce PIC... -fPIC -DPIC
checking if gcc PIC flag -fPIC -DPIC works... yes
checking if gcc static flag -static works... yes
checking if gcc supports -c -o file.o... yes
checking if gcc supports -c -o file.o... (cached) yes
checking whether the gcc linker (/ffp/bin/ld) supports shared libraries... yes
checking whether -lc should be explicitly linked in... no
checking dynamic linker characteristics... GNU/Linux ld.so
checking how to hardcode library paths into programs... immediate
checking whether stripping libraries is possible... yes
checking if libtool supports shared libraries... yes
checking whether to build shared libraries... yes
checking whether to build static libraries... yes
checking for getisax... no
checking whether byte ordering is bigendian... no
checking for inline... inline
checking whether the compiler supports -Werror... yes
checking size of long... 4
checking whether __SUNPRO_C is declared... no
checking whether __amd64 is declared... no
checking whether the compiler supports -Wall... yes
checking whether the compiler supports -fno-strict-aliasing... yes
checking for gcc option to support OpenMP... -fopenmp
checking whether the compiler supports -fvisibility=hidden... yes
checking whether the compiler supports -xldscope=hidden... no
checking whether to use Loongson MMI assembler... no
checking whether to use MMX intrinsics... no
checking whether to use SSE2 intrinsics... no
checking whether to use VMX/Altivec intrinsics... no
checking whether to use ARM SIMD assembler... yes
checking whether to use ARM NEON assembler... yes
checking whether to use ARM IWMMXT intrinsics... no
checking whether to use MIPS DSPr2 assembler... no
checking whether to use GNU-style inline assembler... yes
checking for pkg-config... /ffp/bin/pkg-config
checking pkg-config is at least version 0.9.0... yes
checking for pixman_version_string in -lpixman-1... no
checking for posix_memalign... yes
checking for sigaction... yes
checking for alarm... yes
checking sys/mman.h usability... yes
checking sys/mman.h presence... yes
checking for sys/mman.h... yes
checking for mmap... yes
checking for mprotect... yes
checking for getpagesize... yes
checking fenv.h usability... yes
checking fenv.h presence... yes
checking for fenv.h... yes
checking for feenableexcept in -lm... no
checking for gettimeofday... yes
checking sys/time.h usability... yes
checking sys/time.h presence... yes
checking for sys/time.h... yes
checking for thread local storage (TLS) support... __thread
checking for __attribute__((constructor))... yes
checking for PNG... yes
configure: creating ./config.status
config.status: creating pixman-1.pc
config.status: creating pixman-1-uninstalled.pc
config.status: creating Makefile
config.status: creating pixman/Makefile
config.status: creating pixman/pixman-version.h
config.status: creating demos/Makefile
config.status: creating test/Makefile
config.status: creating config.h
config.status: executing depfiles commands
config.status: executing libtool commands
+ make
make  all-recursive
make[1]: Entering directory `/tmp/pixman.MSldFV/pixman-0.28.0'
Making all in pixman
make[2]: Entering directory `/tmp/pixman.MSldFV/pixman-0.28.0/pixman'
  CC     pixman.lo
  CC     pixman-access.lo
  CC     pixman-access-accessors.lo
  CC     pixman-bits-image.lo
  CC     pixman-combine32.lo
  CC     pixman-combine-float.lo
  CC     pixman-conical-gradient.lo
  CC     pixman-x86.lo
  CC     pixman-mips.lo
  CC     pixman-arm.lo
  CC     pixman-ppc.lo
  CC     pixman-edge.lo
  CC     pixman-edge-accessors.lo
  CC     pixman-fast-path.lo
  CC     pixman-glyph.lo
  CC     pixman-general.lo
  CC     pixman-gradient-walker.lo
  CC     pixman-image.lo
  CC     pixman-implementation.lo
  CC     pixman-linear-gradient.lo
  CC     pixman-matrix.lo
  CC     pixman-noop.lo
  CC     pixman-radial-gradient.lo
  CC     pixman-region16.lo
  CC     pixman-region32.lo
  CC     pixman-solid-fill.lo
  CC     pixman-timer.lo
  CC     pixman-trap.lo
  CC     pixman-utils.lo
  CC     pixman-arm-simd.lo
  CPPAS  pixman-arm-simd-asm.lo
  CCLD   libpixman-arm-simd.la
  CC     pixman-arm-neon.lo
  CPPAS  pixman-arm-neon-asm.lo
  CPPAS  pixman-arm-neon-asm-bilinear.lo
  CCLD   libpixman-arm-neon.la
  CCLD   libpixman-1.la
make[2]: Leaving directory `/tmp/pixman.MSldFV/pixman-0.28.0/pixman'
Making all in demos
make[2]: Entering directory `/tmp/pixman.MSldFV/pixman-0.28.0/demos'
make[2]: Nothing to be done for `all'.
make[2]: Leaving directory `/tmp/pixman.MSldFV/pixman-0.28.0/demos'
Making all in test
make[2]: Entering directory `/tmp/pixman.MSldFV/pixman-0.28.0/test'
  CC     utils.lo
  CCLD   libutils.la
  CC     a1-trap-test.o
  CCLD   a1-trap-test
  CC     pdf-op-test.o
  CCLD   pdf-op-test
  CC     region-test.o
  CCLD   region-test
  CC     region-translate-test.o
  CCLD   region-translate-test
  CC     combiner-test.o
  CCLD   combiner-test
  CC     fetch-test.o
  CCLD   fetch-test
  CC     rotate-test.o
  CCLD   rotate-test
  CC     oob-test.o
  CCLD   oob-test
  CC     infinite-loop.o
  CCLD   infinite-loop
  CC     trap-crasher.o
  CCLD   trap-crasher
  CC     alpha-loop.o
  CCLD   alpha-loop
  CC     scaling-crash-test.o
  CCLD   scaling-crash-test
  CC     scaling-helpers-test.o
  CCLD   scaling-helpers-test
  CC     gradient-crash-test.o
  CCLD   gradient-crash-test
  CC     region-contains-test.o
  CCLD   region-contains-test
  CC     alphamap.o
  CCLD   alphamap
  CC     stress-test.o
  CCLD   stress-test
  CC     composite-traps-test.o
  CCLD   composite-traps-test
  CC     blitters-test.o
  CCLD   blitters-test
  CC     glyph-test.o
  CCLD   glyph-test
  CC     scaling-test.o
  CCLD   scaling-test
  CC     affine-test.o
  CCLD   affine-test
  CC     composite.o
  CCLD   composite
  CC     lowlevel-blt-bench.o
  CCLD   lowlevel-blt-bench
make[2]: Leaving directory `/tmp/pixman.MSldFV/pixman-0.28.0/test'
make[2]: Entering directory `/tmp/pixman.MSldFV/pixman-0.28.0'
make[2]: Nothing to be done for `all-am'.
make[2]: Leaving directory `/tmp/pixman.MSldFV/pixman-0.28.0'
make[1]: Leaving directory `/tmp/pixman.MSldFV/pixman-0.28.0'
+ make DESTDIR=/tmp/pixman.MSldFV/pkg install
Making install in pixman
make[1]: Entering directory `/tmp/pixman.MSldFV/pixman-0.28.0/pixman'
make[2]: Entering directory `/tmp/pixman.MSldFV/pixman-0.28.0/pixman'
 /ffp/bin/mkdir -p '/tmp/pixman.MSldFV/pkg/ffp/lib'
 /ffp/bin/sh ../libtool   --mode=install /ffp/bin/install -c   libpixman-1.la '/tmp/pixman.MSldFV/pkg/ffp/lib'
libtool: install: /ffp/bin/install -c .libs/libpixman-1.so.0.28.0 /tmp/pixman.MSldFV/pkg/ffp/lib/libpixman-1.so.0.28.0
libtool: install: (cd /tmp/pixman.MSldFV/pkg/ffp/lib && { ln -s -f libpixman-1.so.0.28.0 libpixman-1.so.0 || { rm -f libpixman-1.so.0 && ln -s libpixman-1.so.0.28.0 libpixman-1.so.0; }; })
libtool: install: (cd /tmp/pixman.MSldFV/pkg/ffp/lib && { ln -s -f libpixman-1.so.0.28.0 libpixman-1.so || { rm -f libpixman-1.so && ln -s libpixman-1.so.0.28.0 libpixman-1.so; }; })
libtool: install: /ffp/bin/install -c .libs/libpixman-1.lai /tmp/pixman.MSldFV/pkg/ffp/lib/libpixman-1.la
libtool: install: /ffp/bin/install -c .libs/libpixman-1.a /tmp/pixman.MSldFV/pkg/ffp/lib/libpixman-1.a
libtool: install: chmod 644 /tmp/pixman.MSldFV/pkg/ffp/lib/libpixman-1.a
libtool: install: ranlib /tmp/pixman.MSldFV/pkg/ffp/lib/libpixman-1.a
libtool: install: warning: remember to run `libtool --finish /ffp/lib'
 /ffp/bin/mkdir -p '/tmp/pixman.MSldFV/pkg/ffp/include/pixman-1'
 /ffp/bin/install -c -m 644 pixman.h pixman-version.h '/tmp/pixman.MSldFV/pkg/ffp/include/pixman-1'
make[2]: Leaving directory `/tmp/pixman.MSldFV/pixman-0.28.0/pixman'
make[1]: Leaving directory `/tmp/pixman.MSldFV/pixman-0.28.0/pixman'
Making install in demos
make[1]: Entering directory `/tmp/pixman.MSldFV/pixman-0.28.0/demos'
make[2]: Entering directory `/tmp/pixman.MSldFV/pixman-0.28.0/demos'
make[2]: Nothing to be done for `install-exec-am'.
make[2]: Nothing to be done for `install-data-am'.
make[2]: Leaving directory `/tmp/pixman.MSldFV/pixman-0.28.0/demos'
make[1]: Leaving directory `/tmp/pixman.MSldFV/pixman-0.28.0/demos'
Making install in test
make[1]: Entering directory `/tmp/pixman.MSldFV/pixman-0.28.0/test'
make[2]: Entering directory `/tmp/pixman.MSldFV/pixman-0.28.0/test'
make[2]: Nothing to be done for `install-exec-am'.
make[2]: Nothing to be done for `install-data-am'.
make[2]: Leaving directory `/tmp/pixman.MSldFV/pixman-0.28.0/test'
make[1]: Leaving directory `/tmp/pixman.MSldFV/pixman-0.28.0/test'
make[1]: Entering directory `/tmp/pixman.MSldFV/pixman-0.28.0'
make[2]: Entering directory `/tmp/pixman.MSldFV/pixman-0.28.0'
make[2]: Nothing to be done for `install-exec-am'.
 /ffp/bin/mkdir -p '/tmp/pixman.MSldFV/pkg/ffp/lib/pkgconfig'
 /ffp/bin/install -c -m 644 pixman-1.pc '/tmp/pixman.MSldFV/pkg/ffp/lib/pkgconfig'
make[2]: Leaving directory `/tmp/pixman.MSldFV/pixman-0.28.0'
make[1]: Leaving directory `/tmp/pixman.MSldFV/pixman-0.28.0'
+ mkdir -p /tmp/pixman.MSldFV/pkg/install
+ cp /ffp/home/root/fun_plug/ffp_packages/pixman/DESCR /ffp/home/root/fun_plug/ffp_packages/pixman/HOMEPAGE /tmp/pixman.MSldFV/pkg/install/
+ cd /tmp/pixman.MSldFV/pkg
+ makepkg pixman 0.28.0 1
Creating /tmp/pixman-0.28.0-arm-1.tar ...
