++ basename ./most.funpkg .funpkg
+ PN=most
+ PR=1
+ . ./config.ffp
++ GNU_HOST=
++ GNU_TARGET=
++ FFP_CFLAGS='-I/ffp/include -O2'
++ FFP_LDFLAGS='-L/ffp/lib -Wl,-rpath,/ffp/lib'
++ '[' '!' -d '' ']'
++ TMPDIR=/tmp
++ export TMPDIR
++ mandir=/ffp/share/man
++ infodir=/ffp/share/info
++ docdir=/ffp/share/doc
++ pwd
+ X=/ffp/home/root/fun_plug/src/most
++ mktemp -t -d most.XXXXXX
+ W=/tmp/most.0dVf4o
+ D=/tmp/most.0dVf4o/pkg
+ cd /tmp/most.0dVf4o
+ cat /ffp/home/root/fun_plug/src/most/SRC_URI
+ xargs wget
--2012-11-08 11:19:09--  http://www.jedsoft.org/snapshots/most-pre5.1-14.tar.gz
Resolving www.jedsoft.org... 207.106.84.131
Connecting to www.jedsoft.org|207.106.84.131|:80... connected.
HTTP request sent, awaiting response... 200 OK
Length: 158989 (155K) [application/x-tar]
Saving to: `most-pre5.1-14.tar.gz'

     0K .......... .......... .......... .......... .......... 32% 16.1K 7s
    50K .......... .......... .......... .......... .......... 64% 34.7K 3s
   100K .......... .......... .......... .......... .......... 96% 38.0K 0s
   150K .....                                                 100% 48.3K=6.0s

2012-11-08 11:19:15 (26.0 KB/s) - `most-pre5.1-14.tar.gz' saved [158989/158989]

++ ls most-pre5.1-14.tar.gz
++ egrep -o 'pre[0-9][0-9.]*-[0-9]*'
+ PV=pre5.1-14
+ tar xf most-pre5.1-14.tar.gz
+ cd most-pre5.1-14 most-pre5.1-14.tar.gz
+ LDFLAGS='-L/ffp/lib -Wl,-rpath,/ffp/lib'
+ ./configure --prefix=/ffp --build= --host= --mandir=/ffp/share/man --infodir=/ffp/share/info
checking for gcc... gcc
checking whether the C compiler works... yes
checking for C compiler default output file name... a.out
checking for suffix of executables... 
checking whether we are cross compiling... no
checking for suffix of object files... o
checking whether we are using the GNU C compiler... yes
checking whether gcc accepts -g... yes
checking for gcc option to accept ISO C89... none needed
checking how to run the C preprocessor... gcc -E
checking for grep that handles long lines and -e... /ffp/bin/grep
checking for egrep... /ffp/bin/grep -E
checking for ANSI C header files... yes
checking for sys/types.h... yes
checking for sys/stat.h... yes
checking for stdlib.h... yes
checking for string.h... yes
checking for memory.h... yes
checking for strings.h... yes
checking for inttypes.h... yes
checking for stdint.h... yes
checking for unistd.h... yes
checking minix/config.h usability... no
checking minix/config.h presence... no
checking for minix/config.h... no
checking whether it is safe to define __EXTENSIONS__... yes
checking whether gcc needs -traditional... no
checking for library containing strerror... none required
checking C compiler that understands ANSI prototypes... gcc looks ok.  Good.
checking whether make sets $(MAKE)... yes
checking for a BSD-compatible install... /ffp/bin/install -c
checking build system type... armv5tejl-unknown-linux-gnueabi
checking host system type... armv5tejl-unknown-linux-gnueabi
checking dlfcn.h usability... yes
checking dlfcn.h presence... yes
checking for dlfcn.h... yes
checking for dlopen in -ldl... yes
checking for X... no
checking if you want to use mmap if available... yes
checking for stdlib.h... (cached) yes
checking for unistd.h... (cached) yes
checking for memory.h... (cached) yes
checking malloc.h usability... yes
checking malloc.h presence... yes
checking for malloc.h... yes
checking termios.h usability... yes
checking termios.h presence... yes
checking for termios.h... yes
checking sys/mman.h usability... yes
checking sys/mman.h presence... yes
checking for sys/mman.h... yes
checking for dirent.h that defines DIR... yes
checking for library containing opendir... none required
checking for mode_t... yes
checking for pid_t... yes
checking for uid_t in sys/types.h... yes
checking for size_t... yes
checking size of short... 2
checking size of int... 4
checking size of long... 4
checking size of float... 4
checking size of double... 8
checking for long long... yes
checking size of long long... 8
checking for special C compiler options needed for large files... no
checking for _FILE_OFFSET_BITS value needed for large files... 64
checking for _LARGEFILE_SOURCE value needed for large files... no
checking for off_t... yes
checking size of off_t... 8
checking for memset... yes
checking for memcpy... yes
checking for putenv... yes
checking for getcwd... yes
checking for mmap... yes
checking for snprintf... yes
checking for getpgrp... yes
checking for tcgetpgrp... yes
checking for ncurses5-config... /ffp/bin/ncurses5-config
checking for terminfo... yes
checking for the slang library and header files ... yes: /ffp/lib and /ffp/include
configure: creating ./config.status
config.status: creating Makefile
config.status: creating src/Makefile
config.status: creating src/sysconf.h
+ make
cd src; make all
make[1]: Entering directory `/tmp/most.0dVf4o/most-pre5.1-14/src'
mkdir /tmp/most.0dVf4o/most-pre5.1-14/src/objs
/bin/cp /tmp/most.0dVf4o/most-pre5.1-14/src/sysconf.h config.h
cd /tmp/most.0dVf4o/most-pre5.1-14/src/objs; gcc -c -g -O2  -Dunix -I/ffp/include -DMOST_SYSTEM_INITFILE='"/ffp/etc/most.conf"'  /tmp/most.0dVf4o/most-pre5.1-14/src/chkslang.c
gcc /tmp/most.0dVf4o/most-pre5.1-14/src/objs/chkslang.o -o /tmp/most.0dVf4o/most-pre5.1-14/src/objs/chkslang
/tmp/most.0dVf4o/most-pre5.1-14/src/objs/chkslang most 20000
cd /tmp/most.0dVf4o/most-pre5.1-14/src/objs; gcc -c -g -O2  -Dunix -I/ffp/include -DMOST_SYSTEM_INITFILE='"/ffp/etc/most.conf"'  /tmp/most.0dVf4o/most-pre5.1-14/src/buffer.c
cd /tmp/most.0dVf4o/most-pre5.1-14/src/objs; gcc -c -g -O2  -Dunix -I/ffp/include -DMOST_SYSTEM_INITFILE='"/ffp/etc/most.conf"'  /tmp/most.0dVf4o/most-pre5.1-14/src/cmd.c
cd /tmp/most.0dVf4o/most-pre5.1-14/src/objs; gcc -c -g -O2  -Dunix -I/ffp/include -DMOST_SYSTEM_INITFILE='"/ffp/etc/most.conf"'  /tmp/most.0dVf4o/most-pre5.1-14/src/display.c
cd /tmp/most.0dVf4o/most-pre5.1-14/src/objs; gcc -c -g -O2  -Dunix -I/ffp/include -DMOST_SYSTEM_INITFILE='"/ffp/etc/most.conf"'  /tmp/most.0dVf4o/most-pre5.1-14/src/edit.c
cd /tmp/most.0dVf4o/most-pre5.1-14/src/objs; gcc -c -g -O2  -Dunix -I/ffp/include -DMOST_SYSTEM_INITFILE='"/ffp/etc/most.conf"'  /tmp/most.0dVf4o/most-pre5.1-14/src/file.c
cd /tmp/most.0dVf4o/most-pre5.1-14/src/objs; gcc -c -g -O2  -Dunix -I/ffp/include -DMOST_SYSTEM_INITFILE='"/ffp/etc/most.conf"'  /tmp/most.0dVf4o/most-pre5.1-14/src/help.c
cd /tmp/most.0dVf4o/most-pre5.1-14/src/objs; gcc -c -g -O2  -Dunix -I/ffp/include -DMOST_SYSTEM_INITFILE='"/ffp/etc/most.conf"'  /tmp/most.0dVf4o/most-pre5.1-14/src/keym.c
cd /tmp/most.0dVf4o/most-pre5.1-14/src/objs; gcc -c -g -O2  -Dunix -I/ffp/include -DMOST_SYSTEM_INITFILE='"/ffp/etc/most.conf"'  /tmp/most.0dVf4o/most-pre5.1-14/src/keyparse.c
cd /tmp/most.0dVf4o/most-pre5.1-14/src/objs; gcc -c -g -O2  -Dunix -I/ffp/include -DMOST_SYSTEM_INITFILE='"/ffp/etc/most.conf"'  /tmp/most.0dVf4o/most-pre5.1-14/src/line.c
cd /tmp/most.0dVf4o/most-pre5.1-14/src/objs; gcc -c -g -O2  -Dunix -I/ffp/include -DMOST_SYSTEM_INITFILE='"/ffp/etc/most.conf"'  /tmp/most.0dVf4o/most-pre5.1-14/src/main.c
cd /tmp/most.0dVf4o/most-pre5.1-14/src/objs; gcc -c -g -O2  -Dunix -I/ffp/include -DMOST_SYSTEM_INITFILE='"/ffp/etc/most.conf"'  /tmp/most.0dVf4o/most-pre5.1-14/src/most.c
cd /tmp/most.0dVf4o/most-pre5.1-14/src/objs; gcc -c -g -O2  -Dunix -I/ffp/include -DMOST_SYSTEM_INITFILE='"/ffp/etc/most.conf"'  /tmp/most.0dVf4o/most-pre5.1-14/src/search.c
cd /tmp/most.0dVf4o/most-pre5.1-14/src/objs; gcc -c -g -O2  -Dunix -I/ffp/include -DMOST_SYSTEM_INITFILE='"/ffp/etc/most.conf"'  /tmp/most.0dVf4o/most-pre5.1-14/src/sysdep.c
cd /tmp/most.0dVf4o/most-pre5.1-14/src/objs; gcc -c -g -O2  -Dunix -I/ffp/include -DMOST_SYSTEM_INITFILE='"/ffp/etc/most.conf"'  /tmp/most.0dVf4o/most-pre5.1-14/src/window.c
cd /tmp/most.0dVf4o/most-pre5.1-14/src/objs; gcc buffer.o cmd.o display.o edit.o file.o help.o keym.o keyparse.o line.o main.o most.o search.o sysdep.o window.o -o most -L/ffp/lib -Wl,-rpath,/ffp/lib -Wl,-R/ffp/lib -L/ffp/lib -lslang  -lm
most created in /tmp/most.0dVf4o/most-pre5.1-14/src/objs
make[1]: Leaving directory `/tmp/most.0dVf4o/most-pre5.1-14/src'
+ make DESTDIR=/tmp/most.0dVf4o/pkg install
cd src; make all
make[1]: Entering directory `/tmp/most.0dVf4o/most-pre5.1-14/src'
/tmp/most.0dVf4o/most-pre5.1-14/src/objs/chkslang most 20000
most created in /tmp/most.0dVf4o/most-pre5.1-14/src/objs
make[1]: Leaving directory `/tmp/most.0dVf4o/most-pre5.1-14/src'
cd src; make install
make[1]: Entering directory `/tmp/most.0dVf4o/most-pre5.1-14/src'
/tmp/most.0dVf4o/most-pre5.1-14/src/objs/chkslang most 20000
most created in /tmp/most.0dVf4o/most-pre5.1-14/src/objs
../autoconf/mkinsdir.sh /tmp/most.0dVf4o/pkg/ffp/share/doc/most
mkdir /tmp/most.0dVf4o/pkg
mkdir /tmp/most.0dVf4o/pkg/ffp
mkdir /tmp/most.0dVf4o/pkg/ffp/share
mkdir /tmp/most.0dVf4o/pkg/ffp/share/doc
mkdir /tmp/most.0dVf4o/pkg/ffp/share/doc/most
../autoconf/mkinsdir.sh /tmp/most.0dVf4o/pkg/ffp/share/man/man1
mkdir /tmp/most.0dVf4o/pkg/ffp/share/man
mkdir /tmp/most.0dVf4o/pkg/ffp/share/man/man1
../autoconf/mkinsdir.sh /tmp/most.0dVf4o/pkg/ffp/bin
mkdir /tmp/most.0dVf4o/pkg/ffp/bin
/ffp/bin/install -c -s /tmp/most.0dVf4o/most-pre5.1-14/src/objs/most /tmp/most.0dVf4o/pkg/ffp/bin
/ffp/bin/install -c -m 644 ../most.1 /tmp/most.0dVf4o/pkg/ffp/share/man/man1
/ffp/bin/install -c -m 644 ../most.doc /tmp/most.0dVf4o/pkg/ffp/share/doc/most
/ffp/bin/install -c -m 644 ../README /tmp/most.0dVf4o/pkg/ffp/share/doc/most
/ffp/bin/install -c -m 644 ../most-fun.txt /tmp/most.0dVf4o/pkg/ffp/share/doc/most
/ffp/bin/install -c -m 644 ../lesskeys.rc /tmp/most.0dVf4o/pkg/ffp/share/doc/most
/ffp/bin/install -c -m 644 ../most.rc /tmp/most.0dVf4o/pkg/ffp/share/doc/most
/ffp/bin/install -c -m 644 ../changes.txt /tmp/most.0dVf4o/pkg/ffp/share/doc/most
make[1]: Leaving directory `/tmp/most.0dVf4o/most-pre5.1-14/src'
+ mkdir -p /tmp/most.0dVf4o/pkg/install
+ cp /ffp/home/root/fun_plug/src/most/DESCR /ffp/home/root/fun_plug/src/most/HOMEPAGE /tmp/most.0dVf4o/pkg/install/
+ cd /tmp/most.0dVf4o/pkg
+ makepkg most pre5.1-14 1
Creating /tmp/most-pre5.1-14-arm-1.tar ...
