++ basename ./ffmpeg.funpkg .funpkg
+ PN=ffmpeg
+ PR=2
+ . ./config.ffp
++ case "$FFP_ARCH" in
++ GNU_BUILD=arm-ffp-linux-uclibcgnueabi
++ GNU_HOST=arm-ffp-linux-uclibcgnueabi
++ GNU_TARGET=arm-ffp-linux-uclibcgnueabi
++ FFP_CFLAGS='-I/ffp/include -O2'
++ FFP_LDFLAGS='-L/ffp/lib -Wl,-rpath,/ffp/lib'
++ '[' '!' -d '' ']'
++ TMPDIR=/tmp
++ export TMPDIR
++ mandir=/ffp/share/man
++ infodir=/ffp/share/info
++ docdir=/ffp/share/doc
++ pwd
+ X=/ffp/home/root/fun_plug/src/ffmpeg
++ mktemp -t -d ffmpeg.XXXXXX
+ W=/tmp/ffmpeg.mvexvJ
+ D=/tmp/ffmpeg.mvexvJ/pkg
+ cd /tmp/ffmpeg.mvexvJ
+ PV=20121025
++ uname -m
+ CPU=armv5tejl
+ git clone --depth 1 git://source.ffmpeg.org/ffmpeg
Cloning into 'ffmpeg'...
+ cd ffmpeg
+ LDFLAGS='-L/ffp/lib -Wl,-rpath,/ffp/lib'
+ ./configure --prefix=/ffp --arch=arm --disable-armv6 --disable-armv6t2 --disable-armvfp --disable-pthreads --enable-runtime-cpudetect --enable-pic --enable-zlib --enable-swscale --enable-gpl --enable-libxvid --enable-libx264 --enable-shared --enable-decoder=h264 --enable-decoder=mpeg1video --enable-decoder=mpeg2video --enable-decoder=mpeg4 --enable-decoder=msmpeg4v1 --enable-decoder=msmpeg4v2 --enable-decoder=msmpeg4v3 --enable-decoder=vp6f --enable-decoder=vp8 --enable-decoder=wmv1 --enable-decoder=wmv2 --enable-decoder=wmv3 --enable-decoder=rawvideo --enable-decoder=mjpeg --enable-decoder=mjpegb --enable-decoder=vc1 --enable-decoder=aac --enable-decoder=ac3 --enable-decoder=dca --enable-decoder=mp3 --enable-decoder=mp2 --enable-decoder=vorbis --enable-decoder=wmapro --enable-decoder=wmav1 --enable-decoder=flv --enable-decoder=wmav2 --enable-decoder=wmavoice --enable-decoder=pcm_dvd --enable-decoder=pcm_s16be --enable-decoder=pcm_s16le --enable-decoder=pcm_s24be --enable-decoder=pcm_s24le --enable-decoder=ass --enable-decoder=dvbsub --enable-decoder=dvdsub --enable-decoder=pgssub --enable-decoder=xsub --enable-parser=aac --enable-parser=ac3 --enable-parser=dca --enable-parser=h264 --enable-parser=mjpeg --enable-parser=mpeg4video --enable-parser=mpegaudio --enable-parser=mpegvideo --enable-parser=vc1 --enable-demuxer=asf --enable-demuxer=avi --enable-demuxer=flv --enable-demuxer=h264 --enable-demuxer=matroska --enable-demuxer=mov --enable-demuxer=mpegps --enable-demuxer=mpegts --enable-demuxer=mpegvideo --enable-protocol=file
install prefix            /ffp
source path               .
C compiler                gcc
ARCH                      arm (generic)
big-endian                no
runtime cpu detection     yes
ARMv5TE enabled           no
ARMv6 enabled             no
ARMv6T2 enabled           no
ARM VFP enabled           no
NEON enabled              no
debug symbols             yes
strip symbols             yes
optimize for size         no
optimizations             yes
static                    yes
shared                    yes
postprocessing support    yes
new filter support        yes
network support           yes
threading support         no
safe bitstream reader     yes
SDL support               no
libdxva2 enabled          no
libva enabled             no
libvdpau enabled          no
AVISynth enabled          no
frei0r enabled            no
gnutls enabled            no
libaacplus enabled        no
libass enabled            no
libcaca enabled           no
libcdio support           no
libcelt enabled           no
libdc1394 support         no
libfaac enabled           no
libfdk-aac enabled        no
libgsm enabled            no
libiec61883 support       no
libilbc enabled           no
libmodplug enabled        no
libmp3lame enabled        no
libnut enabled            no
libopencore-amrnb support no
libopencore-amrwb support no
libopencv support         no
libopenjpeg enabled       no
libopus enabled           no
libpulse enabled          no
librtmp enabled           no
libschroedinger enabled   no
libspeex enabled          no
libstagefright-h264 enabled    no
libtheora enabled         no
libtwolame enabled        no
libutvideo enabled        no
libv4l2 enabled           no
libvo-aacenc support      no
libvo-amrwbenc support    no
libvorbis enabled         no
libvpx enabled            no
libx264 enabled           yes
libxavs enabled           no
libxvid enabled           yes
openal enabled            no
openssl enabled           no
zlib enabled              yes
bzlib enabled             yes
texi2html enabled         no
perl enabled              yes
pod2man enabled           yes
makeinfo enabled          no

Enabled decoders:
aac			cdxl			jacosub
aac_latm		cinepak			jpeg2000
aasc			cljr			jpegls
ac3			cllc			jv
adpcm_4xm		cook			kgv1
adpcm_adx		cpia			kmvc
adpcm_ct		cscd			lagarith
adpcm_ea		cyuv			loco
adpcm_ea_maxis_xa	dca			mace3
adpcm_ea_r1		dfa			mace6
adpcm_ea_r2		dirac			mdec
adpcm_ea_r3		dnxhd			microdvd
adpcm_ea_xas		dpx			mimic
adpcm_g722		dsicinaudio		mjpeg
adpcm_g726		dsicinvideo		mjpegb
adpcm_ima_amv		dvbsub			mlp
adpcm_ima_apc		dvdsub			mmvideo
adpcm_ima_dk3		dvvideo			motionpixels
adpcm_ima_dk4		dxa			movtext
adpcm_ima_ea_eacs	dxtory			mp1
adpcm_ima_ea_sead	eac3			mp1float
adpcm_ima_iss		eacmv			mp2
adpcm_ima_qt		eamad			mp2float
adpcm_ima_smjpeg	eatgq			mp3
adpcm_ima_wav		eatgv			mp3adu
adpcm_ima_ws		eatqi			mp3adufloat
adpcm_ms		eightbps		mp3float
adpcm_sbpro_2		eightsvx_exp		mp3on4
adpcm_sbpro_3		eightsvx_fib		mp3on4float
adpcm_sbpro_4		escape124		mpc7
adpcm_swf		escape130		mpc8
adpcm_thp		exr			mpeg1video
adpcm_xa		ffv1			mpeg2video
adpcm_yamaha		ffvhuff			mpeg4
alac			ffwavesynth		mpegvideo
als			flac			msa1
amrnb			flashsv			msmpeg4v1
amrwb			flashsv2		msmpeg4v2
amv			flic			msmpeg4v3
anm			flv			msrle
ansi			fourxm			mss1
ape			fraps			mss2
ass			frwu			msvideo1
asv1			g723_1			mszh
asv2			g729			mts2
atrac1			gif			mxpeg
atrac3			gsm			nellymoser
aura			gsm_ms			nuv
aura2			h261			paf_audio
avrn			h263			paf_video
avrp			h263i			pam
avs			h263p			pbm
avui			h264			pcm_alaw
ayuv			huffyuv			pcm_bluray
bethsoftvid		iac			pcm_dvd
bfi			idcin			pcm_f32be
bink			idf			pcm_f32le
binkaudio_dct		iff_byterun1		pcm_f64be
binkaudio_rdft		iff_ilbm		pcm_f64le
bintext			imc			pcm_lxf
bmp			indeo2			pcm_mulaw
bmv_audio		indeo3			pcm_s16be
bmv_video		indeo4			pcm_s16le
c93			indeo5			pcm_s16le_planar
cavs			interplay_dpcm		pcm_s24be
cdgraphics		interplay_video		pcm_s24daud
pcm_s24le		sami			vble
pcm_s32be		sanm			vc1
pcm_s32le		sgi			vc1image
pcm_s8			shorten			vcr1
pcm_s8_planar		sipr			vima
pcm_u16be		smackaud		vmdaudio
pcm_u16le		smacker			vmdvideo
pcm_u24be		smc			vmnc
pcm_u24le		snow			vorbis
pcm_u32be		sol_dpcm		vp3
pcm_u32le		sonic			vp5
pcm_u8			sp5x			vp6
pcm_zork		srt			vp6a
pcx			subrip			vp6f
pgm			subviewer		vp8
pgmyuv			sunrast			vqa
pgssub			svq1			wavpack
pictor			svq3			webvtt
png			tak			wmalossless
ppm			targa			wmapro
prores			targa_y216		wmav1
prores_lgpl		text			wmav2
ptx			theora			wmavoice
qcelp			thp			wmv1
qdm2			tiertexseqvideo		wmv2
qdraw			tiff			wmv3
qpeg			tmv			wmv3image
qtrle			truehd			wnv1
r10k			truemotion1		ws_snd1
r210			truemotion2		xan_dpcm
ra_144			truespeech		xan_wc3
ra_288			tscc			xan_wc4
ralf			tscc2			xbin
rawvideo		tta			xbm
realtext		twinvq			xface
rl2			txd			xl
roq			ulti			xsub
roq_dpcm		utvideo			xwd
rpza			v210			y41p
rv10			v210x			yop
rv20			v308			yuv4
rv30			v408			zerocodec
rv40			v410			zlib
s302m			vb			zmbv

Enabled encoders:
a64multi		jpeg2000		png
a64multi5		jpegls			ppm
aac			libx264			prores
ac3			libx264rgb		prores_anatoliy
ac3_fixed		libxvid			prores_kostya
adpcm_adx		ljpeg			qtrle
adpcm_g722		mjpeg			r10k
adpcm_g726		movtext			r210
adpcm_ima_qt		mp2			ra_144
adpcm_ima_wav		mpeg1video		rawvideo
adpcm_ms		mpeg2video		roq
adpcm_swf		mpeg4			roq_dpcm
adpcm_yamaha		msmpeg4v2		rv10
alac			msmpeg4v3		rv20
amv			msvideo1		sgi
ass			nellymoser		snow
asv1			pam			sonic
asv2			pbm			sonic_ls
avrp			pcm_alaw		srt
avui			pcm_f32be		subrip
ayuv			pcm_f32le		sunrast
bmp			pcm_f64be		svq1
cljr			pcm_f64le		targa
dca			pcm_mulaw		tiff
dnxhd			pcm_s16be		utvideo
dpx			pcm_s16le		v210
dvbsub			pcm_s24be		v308
dvdsub			pcm_s24daud		v408
dvvideo			pcm_s24le		v410
eac3			pcm_s32be		vorbis
ffv1			pcm_s32le		wmav1
ffvhuff			pcm_s8			wmav2
flac			pcm_u16be		wmv1
flashsv			pcm_u16le		wmv2
flashsv2		pcm_u24be		xbm
flv			pcm_u24le		xface
g723_1			pcm_u32be		xsub
gif			pcm_u32le		xwd
h261			pcm_u8			y41p
h263			pcx			yuv4
h263p			pgm			zlib
huffyuv			pgmyuv			zmbv

Enabled hwaccels:

Enabled parsers:
aac			dvdsub			mpegvideo
aac_latm		flac			png
ac3			gsm			pnm
adx			h261			rv30
bmp			h263			rv40
cavsvideo		h264			tak
cook			mjpeg			vc1
dca			mlp			vorbis
dirac			mpeg4video		vp3
dnxhd			mpegaudio		vp8
dvbsub

Enabled demuxers:
aac			image2			pcm_u32le
ac3			image2pipe		pcm_u8
act			ingenient		pmp
adf			ipmovie			pva
adx			iss			qcp
aea			iv8			r3d
aiff			ivf			rawvideo
amr			jacosub			realtext
anm			jv			rl2
apc			latm			rm
ape			lmlm4			roq
asf			loas			rpl
ass			lvf			rso
au			lxf			rtp
avi			m4v			rtsp
avs			matroska		sami
bethsoftvid		mgsts			sap
bfi			microdvd		sbg
bink			mjpeg			sdp
bintext			mlp			segafilm
bit			mm			shorten
bmv			mmf			siff
c93			mov			smacker
caf			mp3			smjpeg
cavsvideo		mpc			smush
cdg			mpc8			sol
cdxl			mpegps			sox
daud			mpegts			spdif
dfa			mpegtsraw		srt
dirac			mpegvideo		str
dnxhd			msnwc_tcp		subviewer
dsicin			mtv			swf
dts			mvi			tak
dtshd			mxf			thp
dv			mxg			tiertexseq
dxa			nc			tmv
ea			nsv			truehd
ea_cdata		nut			tta
eac3			nuv			tty
ffm			ogg			txd
ffmetadata		oma			vc1
filmstrip		paf			vc1t
flac			pcm_alaw		vmd
flic			pcm_f32be		voc
flv			pcm_f32le		vqf
fourxm			pcm_f64be		w64
g722			pcm_f64le		wav
g723_1			pcm_mulaw		wc3
g729			pcm_s16be		webvtt
gsm			pcm_s16le		wsaud
gxf			pcm_s24be		wsvqa
h261			pcm_s24le		wtv
h263			pcm_s32be		wv
h264			pcm_s32le		xa
hls			pcm_s8			xbin
ico			pcm_u16be		xmv
idcin			pcm_u16le		xwma
idf			pcm_u24be		yop
iff			pcm_u24le		yuv4mpegpipe
ilbc			pcm_u32be

Enabled muxers:
a64			image2pipe		pcm_s16be
ac3			ipod			pcm_s16le
adts			ismv			pcm_s24be
adx			ivf			pcm_s24le
aiff			jacosub			pcm_s32be
amr			latm			pcm_s32le
asf			m4v			pcm_s8
asf_stream		matroska		pcm_u16be
ass			matroska_audio		pcm_u16le
au			md5			pcm_u24be
avi			microdvd		pcm_u24le
avm2			mjpeg			pcm_u32be
bit			mkvtimestamp_v2		pcm_u32le
caf			mlp			pcm_u8
cavsvideo		mmf			psp
crc			mov			rawvideo
daud			mp2			rm
dirac			mp3			roq
dnxhd			mp4			rso
dts			mpeg1system		rtp
dv			mpeg1vcd		rtsp
eac3			mpeg1video		sap
f4v			mpeg2dvd		segment
ffm			mpeg2svcd		smjpeg
ffmetadata		mpeg2video		smoothstreaming
filmstrip		mpeg2vob		sox
flac			mpegts			spdif
flv			mpjpeg			srt
framecrc		mxf			stream_segment
framemd5		mxf_d10			swf
g722			null			tg2
g723_1			nut			tgp
gif			ogg			truehd
gxf			oma			vc1t
h261			pcm_alaw		voc
h263			pcm_f32be		wav
h264			pcm_f32le		webm
ico			pcm_f64be		wtv
ilbc			pcm_f64le		wv
image2			pcm_mulaw		yuv4mpegpipe

Enabled protocols:
applehttp		hls			pipe
cache			http			rtmp
concat			httpproxy		rtmpt
crypto			md5			rtp
ffrtmphttp		mmsh			tcp
file			mmst			udp
gopher

Enabled filters:
aconvert		cropdetect		pan
aevalsrc		decimate		pixdesctest
afifo			delogo			removelogo
aformat			deshake			rgbtestsrc
alphaextract		drawbox			scale
alphamerge		earwax			select
amerge			ebur128			sendcmd
amix			edgedetect		setdar
amovie			fade			setfield
anull			fieldorder		setpts
anullsink		fifo			setsar
anullsrc		format			settb
aresample		fps			showinfo
asendcmd		framestep		showspectrum
asetnsamples		gradfun			showwaves
asetpts			hflip			silencedetect
asettb			hqdn3d			slicify
ashowinfo		hue			smartblur
asink			idet			smptebars
asink			join			split
asplit			life			super2xsai
astreamsync		lut			swapuv
atempo			lutrgb			testsrc
bbox			lutyuv			thumbnail
blackdetect		mandelbrot		tile
blackframe		movie			tinterlace
boxblur			mp			transpose
cellauto		mptestsrc		unsharp
channelmap		negate			vflip
channelsplit		noformat		volume
color			null			volumedetect
colormatrix		nullsink		vsink
concat			nullsrc			vsink
copy			overlay			yadif
crop			pad

Enabled bsfs:
aac_adtstoasc		mjpeg2jpeg		mp3_header_decompress
chomp			mjpega_dump_header	noise
dump_extradata		mov2textsub		remove_extradata
h264_mp4toannexb	mp3_header_compress	text2movsub
imx_dump_header

Enabled indevs:
dv1394			lavfi			v4l2
fbdev			oss

Enabled outdevs:
oss

License: GPL version 2 or later
Creating config.mak and config.h...
+ make
CC	libavdevice/alldevices.o
CC	libavdevice/avdevice.o
CC	libavdevice/dv1394.o
CC	libavdevice/fbdev.o
CC	libavdevice/lavfi.o
CC	libavdevice/oss_audio.o
CC	libavdevice/timefilter.o
CC	libavdevice/v4l2.o
AR	libavdevice/libavdevice.a
CC	libavfilter/af_aconvert.o
CC	libavfilter/af_aformat.o
CC	libavfilter/af_amerge.o
CC	libavfilter/af_amix.o
CC	libavfilter/af_anull.o
CC	libavfilter/af_aresample.o
CC	libavfilter/af_asetnsamples.o
CC	libavfilter/af_ashowinfo.o
CC	libavfilter/af_astreamsync.o
CC	libavfilter/af_atempo.o
CC	libavfilter/af_channelmap.o
CC	libavfilter/af_channelsplit.o
CC	libavfilter/af_earwax.o
CC	libavfilter/af_join.o
CC	libavfilter/af_pan.o
CC	libavfilter/af_silencedetect.o
CC	libavfilter/af_volume.o
CC	libavfilter/af_volumedetect.o
CC	libavfilter/allfilters.o
CC	libavfilter/asink_anullsink.o
CC	libavfilter/asrc_aevalsrc.o
CC	libavfilter/asrc_anullsrc.o
CC	libavfilter/audio.o
CC	libavfilter/avcodec.o
CC	libavfilter/avf_concat.o
libavfilter/avf_concat.c: In function 'query_formats':
libavfilter/avf_concat.c:76:32: warning: 'rates' may be used uninitialized in this function
libavfilter/avf_concat.c:77:29: warning: 'layouts' may be used uninitialized in this function
CC	libavfilter/avf_showspectrum.o
CC	libavfilter/avf_showwaves.o
CC	libavfilter/avfilter.o
CC	libavfilter/avfiltergraph.o
libavfilter/avfiltergraph.c: In function 'query_formats':
libavfilter/avfiltergraph.c:267:22: warning: unused variable 'samplerates'
libavfilter/avfiltergraph.c:266:29: warning: unused variable 'chlayouts'
libavfilter/avfiltergraph.c:265:22: warning: unused variable 'formats'
libavfilter/avfiltergraph.c:264:10: warning: unused variable 'filt_args'
libavfilter/avfiltergraph.c: At top level:
libavfilter/avfiltergraph.c:208:12: warning: 'insert_conv_filter' defined but not used
CC	libavfilter/bbox.o
CC	libavfilter/buffer.o
CC	libavfilter/buffersink.o
CC	libavfilter/buffersrc.o
CC	libavfilter/drawutils.o
CC	libavfilter/f_ebur128.o
CC	libavfilter/f_sendcmd.o
CC	libavfilter/f_setpts.o
CC	libavfilter/f_settb.o
CC	libavfilter/fifo.o
CC	libavfilter/formats.o
CC	libavfilter/graphdump.o
CC	libavfilter/graphparser.o
CC	libavfilter/lavfutils.o
CC	libavfilter/libmpcodecs/img_format.o
CC	libavfilter/libmpcodecs/mp_image.o
CC	libavfilter/libmpcodecs/pullup.o
CC	libavfilter/libmpcodecs/vf_denoise3d.o
CC	libavfilter/libmpcodecs/vf_detc.o
CC	libavfilter/libmpcodecs/vf_dint.o
CC	libavfilter/libmpcodecs/vf_divtc.o
CC	libavfilter/libmpcodecs/vf_down3dright.o
CC	libavfilter/libmpcodecs/vf_dsize.o
CC	libavfilter/libmpcodecs/vf_eq.o
libavfilter/libmpcodecs/vf_eq.c:38:1: warning: useless storage class specifier in empty declaration
CC	libavfilter/libmpcodecs/vf_eq2.o
CC	libavfilter/libmpcodecs/vf_field.o
CC	libavfilter/libmpcodecs/vf_fil.o
CC	libavfilter/libmpcodecs/vf_fixpts.o
CC	libavfilter/libmpcodecs/vf_fspp.o
CC	libavfilter/libmpcodecs/vf_geq.o
CC	libavfilter/libmpcodecs/vf_harddup.o
CC	libavfilter/libmpcodecs/vf_hqdn3d.o
CC	libavfilter/libmpcodecs/vf_il.o
CC	libavfilter/libmpcodecs/vf_ilpack.o
CC	libavfilter/libmpcodecs/vf_ivtc.o
CC	libavfilter/libmpcodecs/vf_kerndeint.o
CC	libavfilter/libmpcodecs/vf_mcdeint.o
libavfilter/libmpcodecs/vf_mcdeint.c: In function 'filter':
libavfilter/libmpcodecs/vf_mcdeint.c:104:5: warning: 'avcodec_encode_video' is deprecated (declared at ./libavcodec/avcodec.h:4313)
libavfilter/libmpcodecs/vf_mcdeint.c: In function 'config':
libavfilter/libmpcodecs/vf_mcdeint.c:199:13: warning: 'avcodec_alloc_context' is deprecated (declared at ./libavcodec/avcodec.h:3464)
libavfilter/libmpcodecs/vf_mcdeint.c:227:13: warning: 'avcodec_open' is deprecated (declared at ./libavcodec/avcodec.h:3610)
CC	libavfilter/libmpcodecs/vf_noise.o
CC	libavfilter/libmpcodecs/vf_ow.o
CC	libavfilter/libmpcodecs/vf_palette.o
CC	libavfilter/libmpcodecs/vf_perspective.o
CC	libavfilter/libmpcodecs/vf_phase.o
CC	libavfilter/libmpcodecs/vf_pp.o
libavfilter/libmpcodecs/vf_pp.c: In function 'put_image':
libavfilter/libmpcodecs/vf_pp.c:150:21: warning: passing argument 1 of 'pp_postprocess' from incompatible pointer type
./libpostproc/postprocess.h:64:7: note: expected 'const uint8_t **' but argument is of type 'unsigned char **'
libavfilter/libmpcodecs/vf_pp.c: In function 'vf_open':
libavfilter/libmpcodecs/vf_pp.c:196:13: warning: assignment discards qualifiers from pointer target type
CC	libavfilter/libmpcodecs/vf_pp7.o
CC	libavfilter/libmpcodecs/vf_pullup.o
CC	libavfilter/libmpcodecs/vf_qp.o
CC	libavfilter/libmpcodecs/vf_rectangle.o
CC	libavfilter/libmpcodecs/vf_sab.o
CC	libavfilter/libmpcodecs/vf_softpulldown.o
CC	libavfilter/libmpcodecs/vf_softskip.o
CC	libavfilter/libmpcodecs/vf_spp.o
libavfilter/libmpcodecs/vf_spp.c: In function 'vf_open':
libavfilter/libmpcodecs/vf_spp.c:581:5: warning: 'avcodec_alloc_context' is deprecated (declared at ./libavcodec/avcodec.h:3464)
libavfilter/libmpcodecs/vf_spp.c:582:5: warning: 'dsputil_init' is deprecated (declared at ./libavcodec/dsputil.h:540)
CC	libavfilter/libmpcodecs/vf_stereo3d.o
libavfilter/libmpcodecs/vf_stereo3d.c: In function 'vf_open':
libavfilter/libmpcodecs/vf_stereo3d.c:389:5: warning: format '%d' expects type 'int *', but argument 3 has type 'enum stereo_code *'
libavfilter/libmpcodecs/vf_stereo3d.c:389:5: warning: format '%d' expects type 'int *', but argument 4 has type 'enum stereo_code *'
libavfilter/libmpcodecs/vf_stereo3d.c:389:5: warning: format '%d' expects type 'int *', but argument 3 has type 'enum stereo_code *'
libavfilter/libmpcodecs/vf_stereo3d.c:389:5: warning: format '%d' expects type 'int *', but argument 4 has type 'enum stereo_code *'
CC	libavfilter/libmpcodecs/vf_telecine.o
CC	libavfilter/libmpcodecs/vf_tile.o
libavfilter/libmpcodecs/vf_tile.c: In function 'vf_open':
libavfilter/libmpcodecs/vf_tile.c:289:14: warning: assignment discards qualifiers from pointer target type
CC	libavfilter/libmpcodecs/vf_tinterlace.o
CC	libavfilter/libmpcodecs/vf_unsharp.o
CC	libavfilter/libmpcodecs/vf_uspp.o
libavfilter/libmpcodecs/vf_uspp.c: In function 'filter':
libavfilter/libmpcodecs/vf_uspp.c:183:9: warning: 'avcodec_encode_video' is deprecated (declared at ./libavcodec/avcodec.h:4313)
libavfilter/libmpcodecs/vf_uspp.c: In function 'config':
libavfilter/libmpcodecs/vf_uspp.c:227:13: warning: 'avcodec_alloc_context' is deprecated (declared at ./libavcodec/avcodec.h:3464)
libavfilter/libmpcodecs/vf_uspp.c:237:13: warning: 'avcodec_open' is deprecated (declared at ./libavcodec/avcodec.h:3610)
CC	libavfilter/libmpcodecs/vf_yuvcsp.o
CC	libavfilter/libmpcodecs/vf_yvu9.o
CC	libavfilter/lswsutils.o
CC	libavfilter/sink_buffer.o
CC	libavfilter/split.o
CC	libavfilter/src_buffer.o
libavfilter/src_buffer.c: In function 'av_asrc_buffer_add_samples':
libavfilter/src_buffer.c:95:5: warning: 'av_asrc_buffer_add_audio_buffer_ref' is deprecated (declared at libavfilter/src_buffer.c:69)
libavfilter/src_buffer.c: In function 'av_asrc_buffer_add_buffer':
libavfilter/src_buffer.c:114:5: warning: 'av_asrc_buffer_add_samples' is deprecated (declared at libavfilter/src_buffer.c:76)
CC	libavfilter/src_movie.o
CC	libavfilter/transform.o
CC	libavfilter/vf_alphaextract.o
CC	libavfilter/vf_alphamerge.o
CC	libavfilter/vf_aspect.o
CC	libavfilter/vf_bbox.o
CC	libavfilter/vf_blackdetect.o
CC	libavfilter/vf_blackframe.o
CC	libavfilter/vf_boxblur.o
CC	libavfilter/vf_colormatrix.o
CC	libavfilter/vf_copy.o
CC	libavfilter/vf_crop.o
CC	libavfilter/vf_cropdetect.o
CC	libavfilter/vf_decimate.o
libavfilter/vf_decimate.c: In function 'init':
libavfilter/vf_decimate.c:149:5: warning: 'dsputil_init' is deprecated (declared at ./libavcodec/dsputil.h:540)
CC	libavfilter/vf_delogo.o
CC	libavfilter/vf_deshake.o
libavfilter/vf_deshake.c: In function 'config_props':
libavfilter/vf_deshake.c:411:5: warning: 'dsputil_init' is deprecated (declared at ./libavcodec/dsputil.h:540)
CC	libavfilter/vf_drawbox.o
CC	libavfilter/vf_edgedetect.o
CC	libavfilter/vf_fade.o
CC	libavfilter/vf_fieldorder.o
CC	libavfilter/vf_format.o
CC	libavfilter/vf_fps.o
CC	libavfilter/vf_framestep.o
CC	libavfilter/vf_gradfun.o
CC	libavfilter/vf_hflip.o
CC	libavfilter/vf_hqdn3d.o
CC	libavfilter/vf_hue.o
CC	libavfilter/vf_idet.o
CC	libavfilter/vf_lut.o
CC	libavfilter/vf_mp.o
libavfilter/vf_mp.c: In function 'init':
libavfilter/vf_mp.c:747:5: warning: passing argument 2 of 'm->vf.info->vf_open' discards qualifiers from pointer target type
libavfilter/vf_mp.c:747:5: note: expected 'char *' but argument is of type 'const char *'
CC	libavfilter/vf_null.o
CC	libavfilter/vf_overlay.o
CC	libavfilter/vf_pad.o
CC	libavfilter/vf_pixdesctest.o
CC	libavfilter/vf_removelogo.o
CC	libavfilter/vf_scale.o
CC	libavfilter/vf_select.o
libavfilter/vf_select.c: In function 'config_input':
libavfilter/vf_select.c:191:9: warning: 'dsputil_init' is deprecated (declared at ./libavcodec/dsputil.h:540)
CC	libavfilter/vf_setfield.o
CC	libavfilter/vf_showinfo.o
CC	libavfilter/vf_slicify.o
CC	libavfilter/vf_smartblur.o
CC	libavfilter/vf_super2xsai.o
CC	libavfilter/vf_swapuv.o
CC	libavfilter/vf_thumbnail.o
CC	libavfilter/vf_tile.o
CC	libavfilter/vf_tinterlace.o
CC	libavfilter/vf_transpose.o
CC	libavfilter/vf_unsharp.o
CC	libavfilter/vf_vflip.o
CC	libavfilter/vf_yadif.o
CC	libavfilter/video.o
CC	libavfilter/vsink_nullsink.o
CC	libavfilter/vsrc_cellauto.o
CC	libavfilter/vsrc_life.o
CC	libavfilter/vsrc_mandelbrot.o
CC	libavfilter/vsrc_mptestsrc.o
CC	libavfilter/vsrc_testsrc.o
CC	libswscale/input.o
CC	libswscale/options.o
CC	libswscale/output.o
CC	libswscale/rgb2rgb.o
CC	libswscale/swscale.o
libswscale/swscale.c: In function 'swScale':
libswscale/swscale.c:589:31: warning: assignment from incompatible pointer type
libswscale/swscale.c:590:31: warning: assignment from incompatible pointer type
libswscale/swscale.c:621:35: warning: assignment from incompatible pointer type
CC	libswscale/swscale_unscaled.o
CC	libswscale/utils.o
CC	libswscale/yuv2rgb.o
CC	libavutil/adler32.o
CC	libavutil/aes.o
CC	libavutil/arm/cpu.o
CC	libavutil/arm/float_dsp_init_arm.o
CC	libavutil/audio_fifo.o
CC	libavutil/audioconvert.o
CC	libavutil/avstring.o
CC	libavutil/base64.o
CC	libavutil/blowfish.o
CC	libavutil/bprint.o
CC	libavutil/cpu.o
CC	libavutil/crc.o
CC	libavutil/des.o
CC	libavutil/dict.o
CC	libavutil/error.o
CC	libavutil/eval.o
libavutil/eval.c: In function 'eval_expr':
libavutil/eval.c:213:21: warning: 'av_reverse' is deprecated (declared at libavutil/common.h:72)
CC	libavutil/fifo.o
CC	libavutil/file.o
CC	libavutil/float_dsp.o
CC	libavutil/imgutils.o
CC	libavutil/intfloat_readwrite.o
CC	libavutil/lfg.o
CC	libavutil/lls.o
CC	libavutil/log.o
CC	libavutil/log2.o
CC	libavutil/log2_tab.o
CC	libavutil/lzo.o
CC	libavutil/mathematics.o
CC	libavutil/md5.o
CC	libavutil/mem.o
CC	libavutil/opt.o
libavutil/opt.c: In function 'av_find_opt':
libavutil/opt.c:45:5: warning: 'av_next_option' is deprecated (declared at libavutil/opt.h:350)
libavutil/opt.c: In function 'av_opt_set_defaults':
libavutil/opt.c:681:5: warning: 'av_opt_set_defaults2' is deprecated (declared at libavutil/opt.h:373)
CC	libavutil/parseutils.o
CC	libavutil/pixdesc.o
CC	libavutil/random_seed.o
libavutil/random_seed.c: In function 'get_generic_seed':
libavutil/random_seed.c:71:5: warning: 'av_sha_size' is deprecated (declared at libavutil/sha.h:36)
CC	libavutil/rational.o
CC	libavutil/rc4.o
CC	libavutil/samplefmt.o
CC	libavutil/sha.o
CC	libavutil/time.o
CC	libavutil/timecode.o
CC	libavutil/tree.o
CC	libavutil/utils.o
CC	libavutil/xga_font_data.o
CC	libavutil/xtea.o
LD	libavutil/libavutil.so.52
LD	libswscale/libswscale.so.2
CC	libswresample/arm/audio_convert_init.o
CC	libswresample/audioconvert.o
CC	libswresample/dither.o
CC	libswresample/log2_tab.o
CC	libswresample/rematrix.o
CC	libswresample/resample.o
CC	libswresample/swresample.o
LD	libswresample/libswresample.so.0
CC	libavformat/4xm.o
CC	libavformat/a64.o
CC	libavformat/aacdec.o
CC	libavformat/ac3dec.o
CC	libavformat/act.o
CC	libavformat/adtsenc.o
CC	libavformat/adxdec.o
CC	libavformat/aea.o
CC	libavformat/aiffdec.o
CC	libavformat/aiffenc.o
CC	libavformat/allformats.o
CC	libavformat/amr.o
CC	libavformat/anm.o
CC	libavformat/apc.o
CC	libavformat/ape.o
CC	libavformat/apetag.o
CC	libavformat/apetagenc.o
CC	libavformat/asf.o
CC	libavformat/asfcrypt.o
CC	libavformat/asfdec.o
CC	libavformat/asfenc.o
CC	libavformat/assdec.o
CC	libavformat/assenc.o
CC	libavformat/au.o
CC	libavformat/audiointerleave.o
CC	libavformat/avc.o
CC	libavformat/avidec.o
CC	libavformat/avienc.o
CC	libavformat/avio.o
CC	libavformat/aviobuf.o
CC	libavformat/avlanguage.o
CC	libavformat/avs.o
CC	libavformat/bethsoftvid.o
CC	libavformat/bfi.o
CC	libavformat/bink.o
CC	libavformat/bintext.o
CC	libavformat/bit.o
CC	libavformat/bmv.o
CC	libavformat/c93.o
CC	libavformat/cache.o
CC	libavformat/caf.o
CC	libavformat/cafdec.o
CC	libavformat/cafenc.o
CC	libavformat/cavsvideodec.o
CC	libavformat/cdg.o
CC	libavformat/cdxl.o
CC	libavformat/concat.o
CC	libavformat/crcenc.o
CC	libavformat/crypto.o
CC	libavformat/cutils.o
CC	libavformat/daud.o
CC	libavformat/dfa.o
CC	libavformat/diracdec.o
CC	libavformat/dnxhddec.o
CC	libavformat/dsicin.o
CC	libavformat/dtsdec.o
CC	libavformat/dtshddec.o
CC	libavformat/dv.o
CC	libavformat/dvenc.o
CC	libavformat/dxa.o
CC	libavformat/eacdata.o
CC	libavformat/electronicarts.o
CC	libavformat/ffmdec.o
CC	libavformat/ffmenc.o
CC	libavformat/ffmetadec.o
CC	libavformat/ffmetaenc.o
CC	libavformat/file.o
CC	libavformat/filmstripdec.o
CC	libavformat/filmstripenc.o
CC	libavformat/flacdec.o
CC	libavformat/flacenc.o
CC	libavformat/flacenc_header.o
CC	libavformat/flic.o
CC	libavformat/flvdec.o
libavformat/flvdec.c:578:12: warning: 'flv_data_packet' defined but not used
CC	libavformat/flvenc.o
CC	libavformat/framecrcenc.o
CC	libavformat/framehash.o
CC	libavformat/g722.o
CC	libavformat/g723_1.o
CC	libavformat/g729dec.o
CC	libavformat/gif.o
CC	libavformat/gopher.o
CC	libavformat/gsmdec.o
CC	libavformat/gxf.o
CC	libavformat/gxfenc.o
CC	libavformat/h261dec.o
CC	libavformat/h263dec.o
CC	libavformat/h264dec.o
CC	libavformat/hls.o
CC	libavformat/hlsproto.o
CC	libavformat/http.o
CC	libavformat/httpauth.o
CC	libavformat/icodec.o
CC	libavformat/icoenc.o
CC	libavformat/id3v1.o
CC	libavformat/id3v2.o
CC	libavformat/id3v2enc.o
CC	libavformat/idcin.o
CC	libavformat/idroqdec.o
CC	libavformat/idroqenc.o
CC	libavformat/iff.o
CC	libavformat/ilbc.o
CC	libavformat/img2.o
CC	libavformat/img2dec.o
CC	libavformat/img2enc.o
CC	libavformat/ingenientdec.o
CC	libavformat/ipmovie.o
CC	libavformat/isom.o
CC	libavformat/iss.o
CC	libavformat/iv8.o
CC	libavformat/ivfdec.o
CC	libavformat/ivfenc.o
CC	libavformat/jacosubdec.o
CC	libavformat/jacosubenc.o
CC	libavformat/jvdec.o
CC	libavformat/latmenc.o
CC	libavformat/lmlm4.o
CC	libavformat/loasdec.o
CC	libavformat/log2_tab.o
CC	libavformat/lvfdec.o
CC	libavformat/lxfdec.o
CC	libavformat/m4vdec.o
CC	libavformat/matroska.o
CC	libavformat/matroskadec.o
CC	libavformat/matroskaenc.o
CC	libavformat/md5enc.o
CC	libavformat/md5proto.o
CC	libavformat/metadata.o
CC	libavformat/mgsts.o
CC	libavformat/microdvddec.o
CC	libavformat/microdvdenc.o
CC	libavformat/mkvtimestamp_v2.o
CC	libavformat/mm.o
CC	libavformat/mmf.o
CC	libavformat/mms.o
CC	libavformat/mmsh.o
CC	libavformat/mmst.o
CC	libavformat/mov.o
libavformat/mov.c:2676:12: warning: 'mov_read_chan2' defined but not used
CC	libavformat/mov_chan.o
CC	libavformat/movenc.o
CC	libavformat/movenchint.o
CC	libavformat/mp3dec.o
libavformat/mp3dec.c: In function 'mp3_seek':
libavformat/mp3dec.c:278:14: warning: unused variable 'header'
CC	libavformat/mp3enc.o
CC	libavformat/mpc.o
CC	libavformat/mpc8.o
CC	libavformat/mpeg.o
libavformat/mpeg.c: In function 'mpegps_read_packet':
libavformat/mpeg.c:376:9: warning: 'lpcm_header_len' may be used uninitialized in this function
CC	libavformat/mpegenc.o
CC	libavformat/mpegts.o
CC	libavformat/mpegtsenc.o
CC	libavformat/mpegvideodec.o
CC	libavformat/mpjpeg.o
CC	libavformat/msnwc_tcp.o
CC	libavformat/mtv.o
CC	libavformat/mux.o
CC	libavformat/mvi.o
CC	libavformat/mxf.o
CC	libavformat/mxfdec.o
CC	libavformat/mxfenc.o
CC	libavformat/mxg.o
CC	libavformat/ncdec.o
CC	libavformat/network.o
CC	libavformat/nsvdec.o
CC	libavformat/nullenc.o
CC	libavformat/nut.o
CC	libavformat/nutdec.o
CC	libavformat/nutenc.o
CC	libavformat/nuv.o
CC	libavformat/oggdec.o
CC	libavformat/oggenc.o
CC	libavformat/oggparsecelt.o
CC	libavformat/oggparsedirac.o
CC	libavformat/oggparseflac.o
CC	libavformat/oggparseogm.o
CC	libavformat/oggparseopus.o
CC	libavformat/oggparseskeleton.o
CC	libavformat/oggparsespeex.o
CC	libavformat/oggparsetheora.o
CC	libavformat/oggparsevorbis.o
CC	libavformat/oma.o
CC	libavformat/omadec.o
CC	libavformat/omaenc.o
CC	libavformat/options.o
CC	libavformat/os_support.o
CC	libavformat/paf.o
CC	libavformat/pcm.o
CC	libavformat/pcmdec.o
CC	libavformat/pcmenc.o
CC	libavformat/pmpdec.o
CC	libavformat/psxstr.o
CC	libavformat/pva.o
CC	libavformat/qcp.o
CC	libavformat/r3d.o
CC	libavformat/rawdec.o
CC	libavformat/rawenc.o
CC	libavformat/rawvideodec.o
CC	libavformat/rdt.o
libavformat/rdt.c: In function 'rdt_parse_packet':
libavformat/rdt.c:304:9: warning: passing argument 2 of 'ffio_init_context' discards qualifiers from pointer target type
libavformat/avio_internal.h:30:5: note: expected 'unsigned char *' but argument is of type 'const uint8_t *'
CC	libavformat/realtextdec.o
CC	libavformat/riff.o
CC	libavformat/rl2.o
CC	libavformat/rm.o
CC	libavformat/rmdec.o
libavformat/rmdec.c: In function 'rm_read_packet':
libavformat/rmdec.c:860:15: warning: 'st' may be used uninitialized in this function
CC	libavformat/rmenc.o
CC	libavformat/rmsipr.o
CC	libavformat/rpl.o
CC	libavformat/rso.o
CC	libavformat/rsodec.o
CC	libavformat/rsoenc.o
CC	libavformat/rtmphttp.o
CC	libavformat/rtmppkt.o
CC	libavformat/rtmpproto.o
libavformat/rtmpproto.c: In function 'get_packet':
libavformat/rtmpproto.c:2008:18: warning: assignment discards qualifiers from pointer target type
CC	libavformat/rtp.o
CC	libavformat/rtpdec.o
CC	libavformat/rtpdec_amr.o
CC	libavformat/rtpdec_asf.o
libavformat/rtpdec_asf.c: In function 'asfrtp_parse_packet':
libavformat/rtpdec_asf.c:188:9: warning: passing argument 2 of 'ffio_init_context' discards qualifiers from pointer target type
libavformat/avio_internal.h:30:5: note: expected 'unsigned char *' but argument is of type 'const uint8_t *'
CC	libavformat/rtpdec_g726.o
CC	libavformat/rtpdec_h263.o
CC	libavformat/rtpdec_h263_rfc2190.o
CC	libavformat/rtpdec_h264.o
CC	libavformat/rtpdec_ilbc.o
CC	libavformat/rtpdec_jpeg.o
CC	libavformat/rtpdec_latm.o
CC	libavformat/rtpdec_mpeg4.o
CC	libavformat/rtpdec_qcelp.o
CC	libavformat/rtpdec_qdm2.o
CC	libavformat/rtpdec_qt.o
libavformat/rtpdec_qt.c: In function 'qt_rtp_parse_packet':
libavformat/rtpdec_qt.c:74:5: warning: passing argument 2 of 'ffio_init_context' discards qualifiers from pointer target type
libavformat/avio_internal.h:30:5: note: expected 'unsigned char *' but argument is of type 'const uint8_t *'
CC	libavformat/rtpdec_svq3.o
CC	libavformat/rtpdec_vp8.o
CC	libavformat/rtpdec_xiph.o
CC	libavformat/rtpenc.o
CC	libavformat/rtpenc_aac.o
CC	libavformat/rtpenc_amr.o
CC	libavformat/rtpenc_chain.o
CC	libavformat/rtpenc_h263.o
CC	libavformat/rtpenc_h263_rfc2190.o
CC	libavformat/rtpenc_h264.o
CC	libavformat/rtpenc_jpeg.o
CC	libavformat/rtpenc_latm.o
CC	libavformat/rtpenc_mpv.o
CC	libavformat/rtpenc_vp8.o
CC	libavformat/rtpenc_xiph.o
CC	libavformat/rtpproto.o
CC	libavformat/rtsp.o
CC	libavformat/rtspdec.o
CC	libavformat/rtspenc.o
CC	libavformat/samidec.o
CC	libavformat/sapdec.o
CC	libavformat/sapenc.o
CC	libavformat/sauce.o
CC	libavformat/sbgdec.o
CC	libavformat/sdp.o
CC	libavformat/seek.o
CC	libavformat/segafilm.o
CC	libavformat/segment.o
CC	libavformat/sierravmd.o
CC	libavformat/siff.o
CC	libavformat/smacker.o
CC	libavformat/smjpeg.o
CC	libavformat/smjpegdec.o
CC	libavformat/smjpegenc.o
CC	libavformat/smoothstreamingenc.o
CC	libavformat/smush.o
libavformat/smush.c: In function 'smush_read_header':
libavformat/smush.c:50:14: warning: 'sample_rate' may be used uninitialized in this function
libavformat/smush.c:50:27: warning: 'channels' may be used uninitialized in this function
CC	libavformat/sol.o
CC	libavformat/soxdec.o
CC	libavformat/soxenc.o
CC	libavformat/spdif.o
CC	libavformat/spdifdec.o
CC	libavformat/spdifenc.o
CC	libavformat/srtdec.o
CC	libavformat/srtenc.o
CC	libavformat/subtitles.o
CC	libavformat/subviewerdec.o
CC	libavformat/swf.o
CC	libavformat/swfdec.o
CC	libavformat/swfenc.o
CC	libavformat/takdec.o
CC	libavformat/tcp.o
CC	libavformat/thp.o
CC	libavformat/tiertexseq.o
CC	libavformat/tmv.o
CC	libavformat/tta.o
CC	libavformat/tty.o
CC	libavformat/txd.o
CC	libavformat/udp.o
libavformat/udp.c: In function 'udp_read':
libavformat/udp.c:734:16: warning: unused variable 'nonblock'
libavformat/udp.c:734:9: warning: unused variable 'avail'
libavformat/udp.c: In function 'udp_close':
libavformat/udp.c:813:9: warning: unused variable 'ret'
CC	libavformat/urldecode.o
CC	libavformat/utils.o
CC	libavformat/vc1test.o
CC	libavformat/vc1testenc.o
CC	libavformat/voc.o
CC	libavformat/vocdec.o
CC	libavformat/vocenc.o
CC	libavformat/vorbiscomment.o
CC	libavformat/vqf.o
CC	libavformat/wavdec.o
CC	libavformat/wavenc.o
CC	libavformat/wc3movie.o
CC	libavformat/webvttdec.o
CC	libavformat/westwood_aud.o
CC	libavformat/westwood_vqa.o
CC	libavformat/wtv.o
CC	libavformat/wtvdec.o
CC	libavformat/wtvenc.o
CC	libavformat/wv.o
CC	libavformat/wvenc.o
CC	libavformat/xa.o
CC	libavformat/xmv.o
CC	libavformat/xwma.o
CC	libavformat/yop.o
CC	libavformat/yuv4mpeg.o
CC	libavcodec/4xm.o
CC	libavcodec/8bps.o
CC	libavcodec/8svx.o
CC	libavcodec/a64multienc.o
CC	libavcodec/aac_ac3_parser.o
CC	libavcodec/aac_adtstoasc_bsf.o
CC	libavcodec/aac_parser.o
CC	libavcodec/aacadtsdec.o
CC	libavcodec/aaccoder.o
libavcodec/aaccoder.c: In function 'search_for_quantizers_faac':
libavcodec/aaccoder.c:962:25: warning: 'b' may be used uninitialized in this function
CC	libavcodec/aacdec.o
libavcodec/aacdec.c: In function 'aac_decode_frame_int':
libavcodec/aacdec.c:2611:26: warning: initialization from incompatible pointer type
CC	libavcodec/aacenc.o
CC	libavcodec/aacps.o
libavcodec/aacps.c: In function 'hybrid_analysis':
libavcodec/aacps.c:352:9: warning: passing argument 4 of 'hybrid4_8_12_cx' from incompatible pointer type
libavcodec/aacps.c:331:13: note: expected 'const float (*)[8][2]' but argument is of type 'float (*)[8][2]'
libavcodec/aacps.c:353:9: warning: passing argument 4 of 'hybrid4_8_12_cx' from incompatible pointer type
libavcodec/aacps.c:331:13: note: expected 'const float (*)[8][2]' but argument is of type 'float (*)[8][2]'
libavcodec/aacps.c:354:9: warning: passing argument 4 of 'hybrid4_8_12_cx' from incompatible pointer type
libavcodec/aacps.c:331:13: note: expected 'const float (*)[8][2]' but argument is of type 'float (*)[8][2]'
libavcodec/aacps.c:355:9: warning: passing argument 4 of 'hybrid4_8_12_cx' from incompatible pointer type
libavcodec/aacps.c:331:13: note: expected 'const float (*)[8][2]' but argument is of type 'float (*)[8][2]'
libavcodec/aacps.c:356:9: warning: passing argument 4 of 'hybrid4_8_12_cx' from incompatible pointer type
libavcodec/aacps.c:331:13: note: expected 'const float (*)[8][2]' but argument is of type 'float (*)[8][2]'
libavcodec/aacps.c:359:9: warning: passing argument 4 of 'hybrid6_cx' from incompatible pointer type
libavcodec/aacps.c:308:13: note: expected 'const float (*)[8][2]' but argument is of type 'float (*)[8][2]'
libavcodec/aacps.c: In function 'stereo_processing':
libavcodec/aacps.c:749:34: warning: initialization from incompatible pointer type
libavcodec/aacps.c: In function 'ff_ps_apply':
libavcodec/aacps.c:899:5: warning: passing argument 3 of 'decorrelation' from incompatible pointer type
libavcodec/aacps.c:608:13: note: expected 'const float (*)[32][2]' but argument is of type 'float (*)[32][2]'
CC	libavcodec/aacpsdsp.o
CC	libavcodec/aacpsy.o
CC	libavcodec/aacsbr.o
libavcodec/aacsbr.c: In function 'ff_sbr_apply':
libavcodec/aacsbr.c:1676:9: warning: passing argument 4 of 'sbr_lf_gen' from incompatible pointer type
libavcodec/aacsbr.c:1311:12: note: expected 'const float (*)[32][32][2]' but argument is of type 'float (*)[32][32][2]'
libavcodec/aacsbr.c:1679:13: warning: passing argument 4 of 'sbr_hf_inverse_filter' from incompatible pointer type
libavcodec/aacsbr.c:1235:13: note: expected 'const float (*)[40][2]' but argument is of type 'float (*)[40][2]'
libavcodec/aacsbr.c:1683:24: warning: passing argument 4 of 'sbr_hf_gen' from incompatible pointer type
libavcodec/aacsbr.c:1334:12: note: expected 'const float (*)[40][2]' but argument is of type 'float (*)[40][2]'
libavcodec/aacsbr.c:1683:24: warning: passing argument 5 of 'sbr_hf_gen' from incompatible pointer type
libavcodec/aacsbr.c:1334:12: note: expected 'const float (*)[2]' but argument is of type 'float (*)[2]'
libavcodec/aacsbr.c:1683:24: warning: passing argument 6 of 'sbr_hf_gen' from incompatible pointer type
libavcodec/aacsbr.c:1334:12: note: expected 'const float (*)[2]' but argument is of type 'float (*)[2]'
libavcodec/aacsbr.c:1692:33: warning: passing argument 2 of 'sbr_hf_assemble' from incompatible pointer type
libavcodec/aacsbr.c:1565:13: note: expected 'const float (*)[40][2]' but argument is of type 'float (*)[40][2]'
libavcodec/aacsbr.c:1700:19: warning: passing argument 3 of 'sbr_x_gen' from incompatible pointer type
libavcodec/aacsbr.c:1369:12: note: expected 'const float (*)[64][2]' but argument is of type 'float (*)[64][2]'
libavcodec/aacsbr.c:1700:19: warning: passing argument 4 of 'sbr_x_gen' from incompatible pointer type
libavcodec/aacsbr.c:1369:12: note: expected 'const float (*)[64][2]' but argument is of type 'float (*)[64][2]'
libavcodec/aacsbr.c:1700:19: warning: passing argument 5 of 'sbr_x_gen' from incompatible pointer type
libavcodec/aacsbr.c:1369:12: note: expected 'const float (*)[40][2]' but argument is of type 'float (*)[40][2]'
CC	libavcodec/aactab.o
CC	libavcodec/aandcttab.o
CC	libavcodec/aasc.o
CC	libavcodec/ac3.o
CC	libavcodec/ac3_parser.o
CC	libavcodec/ac3dec.o
CC	libavcodec/ac3dec_data.o
CC	libavcodec/ac3dsp.o
CC	libavcodec/ac3enc.o
libavcodec/ac3enc.c: In function 'ff_ac3_apply_rematrixing':
libavcodec/ac3enc.c:276:14: warning: 'flags' may be used uninitialized in this function
CC	libavcodec/ac3enc_fixed.o
CC	libavcodec/ac3enc_float.o
CC	libavcodec/ac3tab.o
CC	libavcodec/acelp_filters.o
CC	libavcodec/acelp_pitch_delay.o
CC	libavcodec/acelp_vectors.o
CC	libavcodec/adpcm.o
CC	libavcodec/adpcm_data.o
CC	libavcodec/adpcmenc.o
CC	libavcodec/adx.o
CC	libavcodec/adx_parser.o
CC	libavcodec/adxdec.o
CC	libavcodec/adxenc.o
CC	libavcodec/alac.o
CC	libavcodec/alacenc.o
CC	libavcodec/allcodecs.o
CC	libavcodec/alsdec.o
CC	libavcodec/amrnbdec.o
CC	libavcodec/amrwbdec.o
CC	libavcodec/anm.o
CC	libavcodec/ansi.o
CC	libavcodec/apedec.o
CC	libavcodec/arm/aacpsdsp_init_arm.o
AS	libavcodec/arm/ac3dsp_arm.o
CC	libavcodec/arm/ac3dsp_init_arm.o
CC	libavcodec/arm/dcadsp_init_arm.o
AS	libavcodec/arm/dsputil_arm.o
CC	libavcodec/arm/dsputil_init_arm.o
CC	libavcodec/arm/fft_fixed_init_arm.o
CC	libavcodec/arm/fft_init_arm.o
AS	libavcodec/arm/flacdsp_arm.o
CC	libavcodec/arm/flacdsp_init_arm.o
CC	libavcodec/arm/fmtconvert_init_arm.o
CC	libavcodec/arm/h264dsp_init_arm.o
CC	libavcodec/arm/h264pred_init_arm.o
AS	libavcodec/arm/jrevdct_arm.o
CC	libavcodec/arm/mpegaudiodsp_init_arm.o
CC	libavcodec/arm/mpegvideo_arm.o
CC	libavcodec/arm/rv34dsp_init_arm.o
CC	libavcodec/arm/rv40dsp_init_arm.o
CC	libavcodec/arm/sbrdsp_init_arm.o
AS	libavcodec/arm/simple_idct_arm.o
CC	libavcodec/arm/vp3dsp_init_arm.o
CC	libavcodec/arm/vp56dsp_init_arm.o
CC	libavcodec/arm/vp8dsp_init_arm.o
CC	libavcodec/ass.o
CC	libavcodec/ass_split.o
CC	libavcodec/assdec.o
CC	libavcodec/assenc.o
CC	libavcodec/asv.o
CC	libavcodec/asvdec.o
CC	libavcodec/asvenc.o
CC	libavcodec/atrac.o
CC	libavcodec/atrac1.o
CC	libavcodec/atrac3.o
CC	libavcodec/audio_frame_queue.o
CC	libavcodec/audioconvert.o
CC	libavcodec/aura.o
CC	libavcodec/avfft.o
CC	libavcodec/avpacket.o
CC	libavcodec/avrndec.o
CC	libavcodec/avs.o
libavcodec/avs.c: In function 'avs_decode_frame':
libavcodec/avs.c:60:19: warning: 'change_map.buffer' may be used uninitialized in this function
libavcodec/avs.c:60:19: warning: 'change_map.size_in_bits_plus8' may be used uninitialized in this function
CC	libavcodec/avuidec.o
CC	libavcodec/avuienc.o
CC	libavcodec/bethsoftvideo.o
CC	libavcodec/bfi.o
CC	libavcodec/bgmc.o
CC	libavcodec/bink.o
CC	libavcodec/binkaudio.o
CC	libavcodec/binkdsp.o
CC	libavcodec/bintext.o
CC	libavcodec/bitstream.o
CC	libavcodec/bitstream_filter.o
CC	libavcodec/bmp.o
libavcodec/bmp.c: In function 'bmp_decode_frame':
libavcodec/bmp.c:51:14: warning: 'rgb[0]' may be used uninitialized in this function
libavcodec/bmp.c:51:14: warning: 'rgb[1]' may be used uninitialized in this function
libavcodec/bmp.c:51:14: warning: 'rgb[2]' may be used uninitialized in this function
CC	libavcodec/bmp_parser.o
CC	libavcodec/bmpenc.o
CC	libavcodec/bmv.o
CC	libavcodec/c93.o
CC	libavcodec/cabac.o
CC	libavcodec/cavs.o
CC	libavcodec/cavs_parser.o
CC	libavcodec/cavsdata.o
CC	libavcodec/cavsdec.o
CC	libavcodec/cavsdsp.o
CC	libavcodec/cdgraphics.o
CC	libavcodec/cdxl.o
CC	libavcodec/celp_filters.o
CC	libavcodec/celp_math.o
CC	libavcodec/cga_data.o
CC	libavcodec/chomp_bsf.o
CC	libavcodec/cinepak.o
CC	libavcodec/cljr.o
CC	libavcodec/cllc.o
CC	libavcodec/codec_desc.o
CC	libavcodec/cook.o
CC	libavcodec/cook_parser.o
CC	libavcodec/cpia.o
CC	libavcodec/cscd.o
CC	libavcodec/cyuv.o
CC	libavcodec/dca.o
CC	libavcodec/dca_parser.o
CC	libavcodec/dcadec.o
CC	libavcodec/dcadsp.o
CC	libavcodec/dcaenc.o
CC	libavcodec/dct.o
CC	libavcodec/dct32_fixed.o
CC	libavcodec/dct32_float.o
CC	libavcodec/dfa.o
CC	libavcodec/dirac.o
CC	libavcodec/dirac_arith.o
CC	libavcodec/dirac_parser.o
CC	libavcodec/diracdec.o
CC	libavcodec/diracdsp.o
CC	libavcodec/dnxhd_parser.o
CC	libavcodec/dnxhddata.o
CC	libavcodec/dnxhddec.o
CC	libavcodec/dnxhdenc.o
CC	libavcodec/dpcm.o
CC	libavcodec/dpx.o
CC	libavcodec/dpxenc.o
CC	libavcodec/dsicinav.o
CC	libavcodec/dsputil.o
CC	libavcodec/dump_extradata_bsf.o
CC	libavcodec/dv.o
CC	libavcodec/dv_profile.o
CC	libavcodec/dvbsub.o
CC	libavcodec/dvbsub_parser.o
CC	libavcodec/dvbsubdec.o
CC	libavcodec/dvdata.o
CC	libavcodec/dvdec.o
CC	libavcodec/dvdsub_parser.o
CC	libavcodec/dvdsubdec.o
CC	libavcodec/dvdsubenc.o
CC	libavcodec/dwt.o
CC	libavcodec/dxa.o
CC	libavcodec/dxtory.o
CC	libavcodec/eac3_data.o
CC	libavcodec/eac3dec.o
CC	libavcodec/eac3enc.o
CC	libavcodec/eacmv.o
CC	libavcodec/eaidct.o
CC	libavcodec/eamad.o
CC	libavcodec/eatgq.o
CC	libavcodec/eatgv.o
CC	libavcodec/eatqi.o
CC	libavcodec/elbg.o
CC	libavcodec/error_resilience.o
CC	libavcodec/escape124.o
CC	libavcodec/escape130.o
CC	libavcodec/exr.o
libavcodec/exr.c: In function 'decode_frame':
libavcodec/exr.c:533:21: warning: 'data_size' may be used uninitialized in this function
libavcodec/exr.c:583:48: warning: 'a' may be used uninitialized in this function
CC	libavcodec/faandct.o
CC	libavcodec/faanidct.o
CC	libavcodec/faxcompr.o
CC	libavcodec/fft_fixed.o
CC	libavcodec/fft_float.o
CC	libavcodec/ffv1.o
CC	libavcodec/ffv1dec.o
CC	libavcodec/ffv1enc.o
CC	libavcodec/ffwavesynth.o
CC	libavcodec/flac.o
CC	libavcodec/flac_parser.o
CC	libavcodec/flacdata.o
CC	libavcodec/flacdec.o
CC	libavcodec/flacdsp.o
CC	libavcodec/flacenc.o
CC	libavcodec/flashsv.o
CC	libavcodec/flashsv2enc.o
CC	libavcodec/flashsvenc.o
CC	libavcodec/flicvideo.o
CC	libavcodec/flvdec.o
CC	libavcodec/flvenc.o
libavcodec/flvenc.c:95:5: warning: initialization from incompatible pointer type
CC	libavcodec/fmtconvert.o
CC	libavcodec/fraps.o
CC	libavcodec/frwu.o
CC	libavcodec/g722.o
CC	libavcodec/g722dec.o
CC	libavcodec/g722enc.o
CC	libavcodec/g723_1.o
libavcodec/g723_1.c: In function 'g723_1_encode_frame':
libavcodec/g723_1.c:2354:19: warning: initialization discards qualifiers from pointer target type
CC	libavcodec/g726.o
CC	libavcodec/g729dec.o
CC	libavcodec/g729postfilter.o
CC	libavcodec/gif.o
CC	libavcodec/gifdec.o
CC	libavcodec/golomb.o
CC	libavcodec/gsm_parser.o
CC	libavcodec/gsmdec.o
CC	libavcodec/gsmdec_data.o
CC	libavcodec/h261.o
CC	libavcodec/h261_parser.o
CC	libavcodec/h261data.o
CC	libavcodec/h261dec.o
CC	libavcodec/h261enc.o
libavcodec/h261enc.c:333:5: warning: initialization from incompatible pointer type
CC	libavcodec/h263.o
CC	libavcodec/h263_parser.o
CC	libavcodec/h263dec.o
CC	libavcodec/h264.o
libavcodec/h264.c:1152:12: warning: 'decode_init_thread_copy' defined but not used
libavcodec/h264.c:1168:12: warning: 'decode_update_thread_context' defined but not used
libavcodec/h264.c: In function 'execute_decode_slices':
libavcodec/h264.c:3715:49: warning: array subscript is below array bounds
CC	libavcodec/h264_cabac.o
CC	libavcodec/h264_cavlc.o
CC	libavcodec/h264_direct.o
libavcodec/h264_direct.c: In function 'pred_spatial_direct_motion':
libavcodec/h264_direct.c:293:12: warning: assignment from incompatible pointer type
libavcodec/h264_direct.c:294:12: warning: assignment from incompatible pointer type
libavcodec/h264_direct.c: In function 'pred_temp_direct_motion':
libavcodec/h264_direct.c:484:12: warning: assignment from incompatible pointer type
libavcodec/h264_direct.c:485:12: warning: assignment from incompatible pointer type
CC	libavcodec/h264_loopfilter.o
CC	libavcodec/h264_mp4toannexb_bsf.o
CC	libavcodec/h264_parser.o
CC	libavcodec/h264_ps.o
CC	libavcodec/h264_refs.o
CC	libavcodec/h264_sei.o
CC	libavcodec/h264dsp.o
CC	libavcodec/h264idct.o
CC	libavcodec/h264pred.o
CC	libavcodec/huffman.o
CC	libavcodec/huffyuv.o
libavcodec/huffyuv.c:523:20: warning: 'decode_init_thread_copy' defined but not used
CC	libavcodec/idcinvideo.o
CC	libavcodec/iff.o
CC	libavcodec/iirfilter.o
CC	libavcodec/imc.o
CC	libavcodec/imgconvert.o
CC	libavcodec/imx_dump_header_bsf.o
CC	libavcodec/indeo2.o
CC	libavcodec/indeo3.o
CC	libavcodec/indeo4.o
CC	libavcodec/indeo5.o
CC	libavcodec/intelh263dec.o
CC	libavcodec/interplayvideo.o
CC	libavcodec/intrax8.o
CC	libavcodec/intrax8dsp.o
CC	libavcodec/ituh263dec.o
CC	libavcodec/ituh263enc.o
CC	libavcodec/ivi_common.o
libavcodec/ivi_common.c: In function 'ff_ivi_decode_blocks':
libavcodec/ivi_common.c:344:45: warning: 'mv_x' may be used uninitialized in this function
libavcodec/ivi_common.c:344:51: warning: 'mv_y' may be used uninitialized in this function
libavcodec/ivi_common.c:347:22: warning: 'sym' may be used uninitialized in this function
CC	libavcodec/ivi_dsp.o
CC	libavcodec/j2k.o
CC	libavcodec/j2k_dwt.o
CC	libavcodec/j2kdec.o
CC	libavcodec/j2kenc.o
CC	libavcodec/jacosubdec.o
CC	libavcodec/jfdctfst.o
CC	libavcodec/jfdctint.o
CC	libavcodec/jpegls.o
CC	libavcodec/jpeglsdec.o
CC	libavcodec/jpeglsenc.o
CC	libavcodec/jrevdct.o
CC	libavcodec/jvdec.o
CC	libavcodec/kbdwin.o
CC	libavcodec/kgv1dec.o
CC	libavcodec/kmvc.o
CC	libavcodec/lagarith.o
CC	libavcodec/lagarithrac.o
CC	libavcodec/latm_parser.o
CC	libavcodec/lcldec.o
libavcodec/lcldec.c: In function 'zlib_decomp':
libavcodec/lcldec.c:142:24: warning: assignment discards qualifiers from pointer target type
CC	libavcodec/lclenc.o
CC	libavcodec/libx264.o
libavcodec/libx264.c: In function 'X264_init':
libavcodec/libx264.c:353:17: warning: the address of 'val' will always evaluate as 'true'
CC	libavcodec/libxvid.o
CC	libavcodec/libxvid_rc.o
CC	libavcodec/ljpegenc.o
CC	libavcodec/loco.o
CC	libavcodec/log2_tab.o
CC	libavcodec/lpc.o
CC	libavcodec/lsp.o
CC	libavcodec/lzw.o
CC	libavcodec/lzwenc.o
CC	libavcodec/mace.o
CC	libavcodec/mathtables.o
CC	libavcodec/mdct_fixed.o
CC	libavcodec/mdct_float.o
CC	libavcodec/mdec.o
libavcodec/mdec.c:244:20: warning: 'decode_init_thread_copy' defined but not used
CC	libavcodec/microdvddec.o
CC	libavcodec/mimic.o
libavcodec/mimic.c:130:12: warning: 'mimic_decode_update_thread_context' defined but not used
CC	libavcodec/mjpeg.o
CC	libavcodec/mjpeg2jpeg_bsf.o
CC	libavcodec/mjpeg_parser.o
CC	libavcodec/mjpega_dump_header_bsf.o
CC	libavcodec/mjpegbdec.o
CC	libavcodec/mjpegdec.o
CC	libavcodec/mjpegenc.o
libavcodec/mjpegenc.c:504:5: warning: initialization from incompatible pointer type
CC	libavcodec/mlp.o
CC	libavcodec/mlp_parser.o
CC	libavcodec/mlpdec.o
CC	libavcodec/mlpdsp.o
CC	libavcodec/mmvideo.o
CC	libavcodec/motion_est.o
libavcodec/motion_est.c: In function 'h263_mv4_search':
libavcodec/motion_est.c:565:9: warning: 'P[2][0]' may be used uninitialized in this function
libavcodec/motion_est.c:565:9: warning: 'P[2][1]' may be used uninitialized in this function
libavcodec/motion_est.c:565:9: warning: 'P[3][0]' may be used uninitialized in this function
libavcodec/motion_est.c:565:9: warning: 'P[3][1]' may be used uninitialized in this function
libavcodec/motion_est.c:565:9: warning: 'P[4][0]' may be used uninitialized in this function
libavcodec/motion_est.c:565:9: warning: 'P[4][1]' may be used uninitialized in this function
libavcodec/motion_est.c: In function 'interlaced_search':
libavcodec/motion_est.c:726:9: warning: 'P[2][0]' may be used uninitialized in this function
libavcodec/motion_est.c:726:9: warning: 'P[2][1]' may be used uninitialized in this function
libavcodec/motion_est.c:726:9: warning: 'P[3][0]' may be used uninitialized in this function
libavcodec/motion_est.c:726:9: warning: 'P[3][1]' may be used uninitialized in this function
libavcodec/motion_est.c:726:9: warning: 'P[4][0]' may be used uninitialized in this function
libavcodec/motion_est.c:726:9: warning: 'P[4][1]' may be used uninitialized in this function
CC	libavcodec/motionpixels.o
CC	libavcodec/movsub_bsf.o
CC	libavcodec/movtextdec.o
CC	libavcodec/movtextenc.o
CC	libavcodec/mp3_header_compress_bsf.o
CC	libavcodec/mp3_header_decompress_bsf.o
CC	libavcodec/mpc.o
CC	libavcodec/mpc7.o
CC	libavcodec/mpc8.o
CC	libavcodec/mpeg12.o
libavcodec/mpeg12.c:1161:12: warning: 'mpeg_decode_update_thread_context' defined but not used
CC	libavcodec/mpeg12data.o
CC	libavcodec/mpeg12enc.o
libavcodec/mpeg12enc.c:983:5: warning: initialization from incompatible pointer type
libavcodec/mpeg12enc.c:999:5: warning: initialization from incompatible pointer type
CC	libavcodec/mpeg4audio.o
CC	libavcodec/mpeg4video.o
CC	libavcodec/mpeg4video_parser.o
CC	libavcodec/mpeg4videodec.o
CC	libavcodec/mpeg4videoenc.o
libavcodec/mpeg4videoenc.c:1352:5: warning: initialization from incompatible pointer type
CC	libavcodec/mpegaudio.o
CC	libavcodec/mpegaudio_parser.o
CC	libavcodec/mpegaudiodata.o
CC	libavcodec/mpegaudiodec.o
CC	libavcodec/mpegaudiodec_float.o
CC	libavcodec/mpegaudiodecheader.o
CC	libavcodec/mpegaudiodsp.o
CC	libavcodec/mpegaudiodsp_data.o
CC	libavcodec/mpegaudiodsp_fixed.o
CC	libavcodec/mpegaudiodsp_float.o
CC	libavcodec/mpegaudioenc.o
CC	libavcodec/mpegvideo.o
CC	libavcodec/mpegvideo_enc.o
libavcodec/mpegvideo_enc.c: In function 'ff_MPV_encode_init':
libavcodec/mpegvideo_enc.c:366:5: warning: 'luma_elim_threshold' is deprecated (declared at libavcodec/avcodec.h:1760)
libavcodec/mpegvideo_enc.c:367:9: warning: 'luma_elim_threshold' is deprecated (declared at libavcodec/avcodec.h:1760)
libavcodec/mpegvideo_enc.c:368:5: warning: 'chroma_elim_threshold' is deprecated (declared at libavcodec/avcodec.h:1767)
libavcodec/mpegvideo_enc.c:369:9: warning: 'chroma_elim_threshold' is deprecated (declared at libavcodec/avcodec.h:1767)
libavcodec/mpegvideo_enc.c:709:5: warning: 'quantizer_noise_shaping' is deprecated (declared at libavcodec/avcodec.h:2076)
libavcodec/mpegvideo_enc.c:710:9: warning: 'quantizer_noise_shaping' is deprecated (declared at libavcodec/avcodec.h:2076)
libavcodec/mpegvideo_enc.c: At top level:
libavcodec/mpegvideo_enc.c:4262:5: warning: initialization from incompatible pointer type
libavcodec/mpegvideo_enc.c:4290:5: warning: initialization from incompatible pointer type
libavcodec/mpegvideo_enc.c:4306:5: warning: initialization from incompatible pointer type
libavcodec/mpegvideo_enc.c:4321:5: warning: initialization from incompatible pointer type
libavcodec/mpegvideo_enc.c:4336:5: warning: initialization from incompatible pointer type
libavcodec/mpegvideo_enc.c: In function 'encode_thread':
libavcodec/mpegvideo_enc.c:2809:38: warning: 'dc[0]' may be used uninitialized in this function
libavcodec/mpegvideo_enc.c:2809:38: warning: 'dc[1]' may be used uninitialized in this function
libavcodec/mpegvideo_enc.c:2809:38: warning: 'dc[2]' may be used uninitialized in this function
libavcodec/mpegvideo_enc.c:2809:38: warning: 'dc[3]' may be used uninitialized in this function
libavcodec/mpegvideo_enc.c:2809:38: warning: 'dc[4]' may be used uninitialized in this function
libavcodec/mpegvideo_enc.c:2809:38: warning: 'dc[5]' may be used uninitialized in this function
CC	libavcodec/mpegvideo_motion.o
CC	libavcodec/mpegvideo_parser.o
CC	libavcodec/mqc.o
CC	libavcodec/mqcdec.o
CC	libavcodec/mqcenc.o
CC	libavcodec/msgsmdec.o
CC	libavcodec/msmpeg4.o
CC	libavcodec/msmpeg4data.o
CC	libavcodec/msmpeg4enc.o
CC	libavcodec/msrle.o
CC	libavcodec/msrledec.o
CC	libavcodec/mss1.o
CC	libavcodec/mss12.o
CC	libavcodec/mss2.o
CC	libavcodec/mss2dsp.o
CC	libavcodec/mss3.o
CC	libavcodec/mss34dsp.o
CC	libavcodec/mss4.o
CC	libavcodec/msvideo1.o
CC	libavcodec/msvideo1enc.o
CC	libavcodec/mxpegdec.o
CC	libavcodec/nellymoser.o
CC	libavcodec/nellymoserdec.o
CC	libavcodec/nellymoserenc.o
CC	libavcodec/noise_bsf.o
CC	libavcodec/nuv.o
libavcodec/nuv.c: In function 'copy_frame':
libavcodec/nuv.c:78:5: warning: passing argument 2 of 'avpicture_fill' discards qualifiers from pointer target type
libavcodec/avcodec.h:4492:5: note: expected 'uint8_t *' but argument is of type 'const uint8_t *'
CC	libavcodec/options.o
In file included from libavcodec/options.c:35:0:
libavcodec/options_table.h:86:1: warning: 'sub_id' is deprecated (declared at libavcodec/avcodec.h:1523)
libavcodec/options_table.h:150:1: warning: 'luma_elim_threshold' is deprecated (declared at libavcodec/avcodec.h:1760)
libavcodec/options_table.h:151:1: warning: 'chroma_elim_threshold' is deprecated (declared at libavcodec/avcodec.h:1767)
libavcodec/options_table.h:286:1: warning: 'color_table_id' is deprecated (declared at libavcodec/avcodec.h:2006)
libavcodec/options_table.h:309:1: warning: 'inter_threshold' is deprecated (declared at libavcodec/avcodec.h:2069)
libavcodec/options_table.h:314:1: warning: 'quantizer_noise_shaping' is deprecated (declared at libavcodec/avcodec.h:2076)
libavcodec/options.c: In function 'avcodec_get_context_defaults3':
libavcodec/options.c:111:5: warning: 'av_opt_set_defaults2' is deprecated (declared at ./libavutil/opt.h:373)
libavcodec/options.c: In function 'avcodec_alloc_context2':
libavcodec/options.c:170:5: warning: 'avcodec_get_context_defaults2' is deprecated (declared at libavcodec/options.c:90)
libavcodec/options.c: In function 'avcodec_get_context_defaults':
libavcodec/options.c:176:5: warning: 'avcodec_get_context_defaults2' is deprecated (declared at libavcodec/options.c:90)
libavcodec/options.c: In function 'avcodec_alloc_context':
libavcodec/options.c:180:5: warning: 'avcodec_alloc_context2' is deprecated (declared at libavcodec/options.c:165)
CC	libavcodec/paf.o
CC	libavcodec/pamenc.o
CC	libavcodec/parser.o
CC	libavcodec/pcm-mpeg.o
CC	libavcodec/pcm.o
CC	libavcodec/pcx.o
CC	libavcodec/pcxenc.o
CC	libavcodec/pgssubdec.o
CC	libavcodec/pictordec.o
CC	libavcodec/png.o
CC	libavcodec/png_parser.o
CC	libavcodec/pngdec.o
CC	libavcodec/pngdsp.o
CC	libavcodec/pngenc.o
CC	libavcodec/pnm.o
CC	libavcodec/pnm_parser.o
CC	libavcodec/pnmdec.o
CC	libavcodec/pnmenc.o
CC	libavcodec/proresdata.o
CC	libavcodec/proresdec2.o
CC	libavcodec/proresdec_lgpl.o
CC	libavcodec/proresdsp.o
CC	libavcodec/proresenc_anatoliy.o
CC	libavcodec/proresenc_kostya.o
CC	libavcodec/psymodel.o
CC	libavcodec/ptx.o
CC	libavcodec/qcelpdec.o
CC	libavcodec/qdm2.o
CC	libavcodec/qdrw.o
CC	libavcodec/qpeg.o
CC	libavcodec/qtrle.o
CC	libavcodec/qtrleenc.o
CC	libavcodec/r210dec.o
CC	libavcodec/r210enc.o
CC	libavcodec/ra144.o
CC	libavcodec/ra144dec.o
CC	libavcodec/ra144enc.o
libavcodec/ra144enc.c: In function 'find_best_vect':
libavcodec/ra144enc.c:262:11: warning: 'g' may be used uninitialized in this function
CC	libavcodec/ra288.o
CC	libavcodec/ralf.o
CC	libavcodec/rangecoder.o
CC	libavcodec/ratecontrol.o
CC	libavcodec/raw.o
CC	libavcodec/rawdec.o
libavcodec/rawdec.c: In function 'raw_decode':
libavcodec/rawdec.c:214:31: warning: passing argument 2 of 'avpicture_fill' discards qualifiers from pointer target type
libavcodec/avcodec.h:4492:5: note: expected 'uint8_t *' but argument is of type 'const uint8_t *'
CC	libavcodec/rawenc.o
CC	libavcodec/rdft.o
CC	libavcodec/realtextdec.o
CC	libavcodec/remove_extradata_bsf.o
CC	libavcodec/resample.o
libavcodec/resample.c: In function 'av_audio_resample_init':
libavcodec/resample.c:273:5: warning: 'av_resample_init' is deprecated (declared at libavcodec/avcodec.h:4422)
libavcodec/resample.c: In function 'audio_resample':
libavcodec/resample.c:384:9: warning: 'av_resample' is deprecated (declared at libavcodec/avcodec.h:4434)
libavcodec/resample.c: In function 'audio_resample_close':
libavcodec/resample.c:425:5: warning: 'av_resample_close' is deprecated (declared at libavcodec/avcodec.h:4452)
CC	libavcodec/resample2.o
CC	libavcodec/rl2.o
CC	libavcodec/rle.o
CC	libavcodec/roqaudioenc.o
CC	libavcodec/roqvideo.o
CC	libavcodec/roqvideodec.o
CC	libavcodec/roqvideoenc.o
CC	libavcodec/rpza.o
CC	libavcodec/rtjpeg.o
CC	libavcodec/rv10.o
CC	libavcodec/rv10enc.o
libavcodec/rv10enc.c:67:5: warning: initialization from incompatible pointer type
CC	libavcodec/rv20enc.o
libavcodec/rv20enc.c:68:5: warning: initialization from incompatible pointer type
CC	libavcodec/rv30.o
CC	libavcodec/rv30dsp.o
CC	libavcodec/rv34.o
CC	libavcodec/rv34_parser.o
CC	libavcodec/rv34dsp.o
CC	libavcodec/rv40.o
CC	libavcodec/rv40dsp.o
CC	libavcodec/s302m.o
CC	libavcodec/s3tc.o
CC	libavcodec/samidec.o
CC	libavcodec/sanm.o
CC	libavcodec/sbrdsp.o
CC	libavcodec/sgidec.o
CC	libavcodec/sgienc.o
CC	libavcodec/shorten.o
CC	libavcodec/simple_idct.o
CC	libavcodec/sinewin.o
CC	libavcodec/sipr.o
CC	libavcodec/sipr16k.o
CC	libavcodec/smacker.o
CC	libavcodec/smc.o
CC	libavcodec/snow.o
CC	libavcodec/snowdec.o
CC	libavcodec/snowenc.o
CC	libavcodec/sonic.o
CC	libavcodec/sp5xdec.o
CC	libavcodec/srtdec.o
CC	libavcodec/srtenc.o
CC	libavcodec/subviewerdec.o
CC	libavcodec/sunrast.o
CC	libavcodec/sunrastenc.o
CC	libavcodec/svq1.o
CC	libavcodec/svq13.o
CC	libavcodec/svq1dec.o
CC	libavcodec/svq1enc.o
CC	libavcodec/svq3.o
CC	libavcodec/synth_filter.o
CC	libavcodec/tak.o
CC	libavcodec/tak_parser.o
CC	libavcodec/takdec.o
libavcodec/takdec.c: In function 'decorrelate':
libavcodec/takdec.c:617:18: warning: 'x' may be used uninitialized in this function
libavcodec/takdec.c: In function 'decode_subframe':
libavcodec/takdec.c:428:14: warning: 'x' may be used uninitialized in this function
libavcodec/takdec.c: In function 'tak_decode_frame':
libavcodec/takdec.c:742:23: warning: 'hsize' may be used uninitialized in this function
CC	libavcodec/targa.o
CC	libavcodec/targa_y216dec.o
CC	libavcodec/targaenc.o
CC	libavcodec/textdec.o
CC	libavcodec/tiertexseqv.o
CC	libavcodec/tiff.o
CC	libavcodec/tiff_data.o
CC	libavcodec/tiffenc.o
CC	libavcodec/timecode.o
CC	libavcodec/tmv.o
CC	libavcodec/truemotion1.o
CC	libavcodec/truemotion2.o
CC	libavcodec/truespeech.o
CC	libavcodec/tscc.o
CC	libavcodec/tscc2.o
CC	libavcodec/tta.o
CC	libavcodec/twinvq.o
CC	libavcodec/txd.o
CC	libavcodec/ulti.o
CC	libavcodec/utils.o
libavcodec/utils.c: In function 'avcodec_encode_audio':
libavcodec/utils.c:1337:5: warning: missing braces around initializer
libavcodec/utils.c:1337:5: warning: (near initialization for 'frame0.data')
CC	libavcodec/utvideo.o
CC	libavcodec/utvideodec.o
CC	libavcodec/utvideoenc.o
CC	libavcodec/v210dec.o
CC	libavcodec/v210enc.o
CC	libavcodec/v210x.o
CC	libavcodec/v308dec.o
CC	libavcodec/v308enc.o
CC	libavcodec/v408dec.o
CC	libavcodec/v408enc.o
CC	libavcodec/v410dec.o
CC	libavcodec/v410enc.o
CC	libavcodec/vb.o
CC	libavcodec/vble.o
CC	libavcodec/vc1.o
CC	libavcodec/vc1_parser.o
CC	libavcodec/vc1data.o
CC	libavcodec/vc1dec.o
libavcodec/vc1dec.c: In function 'vc1_pred_mv_intfr.clone.6':
libavcodec/vc1dec.c:1605:9: warning: 'px' may be used uninitialized in this function
libavcodec/vc1dec.c:1605:13: warning: 'py' may be used uninitialized in this function
libavcodec/vc1dec.c: In function 'vc1_mc_4mv_luma':
libavcodec/vc1dec.c:581:13: warning: 'tx' may be used uninitialized in this function
libavcodec/vc1dec.c:581:17: warning: 'ty' may be used uninitialized in this function
libavcodec/vc1dec.c: In function 'vc1_decode_intra_block':
libavcodec/vc1dec.c:2921:14: warning: 'dc_val' may be used uninitialized in this function
libavcodec/vc1dec.c: In function 'vc1_decode_i_blocks_adv':
libavcodec/vc1dec.c:2709:14: warning: 'dc_val' may be used uninitialized in this function
libavcodec/vc1dec.c:2709:14: note: 'dc_val' was declared here
libavcodec/vc1dec.c: In function 'vc1_decode_b_mb_intfi':
libavcodec/vc1dec.c:4175:21: warning: 'interpmvp' may be used uninitialized in this function
CC	libavcodec/vc1dsp.o
libavcodec/vc1dsp.c: In function 'ff_vc1dsp_init':
libavcodec/vc1dsp.c:805:39: warning: assignment from incompatible pointer type
libavcodec/vc1dsp.c:822:39: warning: assignment from incompatible pointer type
CC	libavcodec/vcr1.o
CC	libavcodec/vima.o
CC	libavcodec/vmdav.o
CC	libavcodec/vmnc.o
CC	libavcodec/vorbis.o
CC	libavcodec/vorbis_data.o
CC	libavcodec/vorbis_parser.o
CC	libavcodec/vorbisdec.o
CC	libavcodec/vorbisenc.o
CC	libavcodec/vp3.o
libavcodec/vp3.c:1852:12: warning: 'vp3_update_thread_context' defined but not used
libavcodec/vp3.c:2095:12: warning: 'vp3_init_thread_copy' defined but not used
CC	libavcodec/vp3_parser.o
CC	libavcodec/vp3dsp.o
CC	libavcodec/vp5.o
CC	libavcodec/vp56.o
CC	libavcodec/vp56data.o
CC	libavcodec/vp56dsp.o
CC	libavcodec/vp56rac.o
CC	libavcodec/vp6.o
CC	libavcodec/vp6dsp.o
CC	libavcodec/vp8.o
libavcodec/vp8.c: In function 'vp8_decode_mb_row_sliced':
libavcodec/vp8.c:1837:37: warning: unused variable 'prev_td'
libavcodec/vp8.c:1837:20: warning: unused variable 'next_td'
libavcodec/vp8.c: At top level:
libavcodec/vp8.c:2037:20: warning: 'vp8_decode_init_thread_copy' defined but not used
libavcodec/vp8.c:2049:12: warning: 'vp8_decode_update_thread_context' defined but not used
CC	libavcodec/vp8_parser.o
CC	libavcodec/vp8dsp.o
CC	libavcodec/vqavideo.o
CC	libavcodec/wavpack.o
CC	libavcodec/webvttdec.o
CC	libavcodec/wma.o
CC	libavcodec/wma_common.o
CC	libavcodec/wmadec.o
CC	libavcodec/wmaenc.o
CC	libavcodec/wmalosslessdec.o
CC	libavcodec/wmaprodec.o
CC	libavcodec/wmavoice.o
CC	libavcodec/wmv2.o
CC	libavcodec/wmv2dec.o
CC	libavcodec/wmv2enc.o
libavcodec/wmv2enc.c:220:5: warning: initialization from incompatible pointer type
CC	libavcodec/wnv1.o
CC	libavcodec/ws-snd1.o
CC	libavcodec/xan.o
CC	libavcodec/xbmdec.o
CC	libavcodec/xbmenc.o
CC	libavcodec/xface.o
libavcodec/xface.c: In function 'ff_xface_generate_face':
libavcodec/xface.c:313:27: warning: assuming signed overflow does not occur when assuming that (X - c) > X is always false
libavcodec/xface.c:313:27: warning: assuming signed overflow does not occur when assuming that (X - c) > X is always false
libavcodec/xface.c:313:27: warning: assuming signed overflow does not occur when assuming that (X - c) > X is always false
libavcodec/xface.c:313:27: warning: assuming signed overflow does not occur when assuming that (X + c) >= X is always true
libavcodec/xface.c:313:27: warning: assuming signed overflow does not occur when assuming that (X + c) >= X is always true
libavcodec/xface.c:313:27: warning: assuming signed overflow does not occur when assuming that (X + c) >= X is always true
libavcodec/xface.c:313:27: warning: assuming signed overflow does not occur when assuming that (X + c) >= X is always true
libavcodec/xface.c:313:27: warning: assuming signed overflow does not occur when assuming that (X + c) >= X is always true
libavcodec/xface.c:313:27: warning: assuming signed overflow does not occur when assuming that (X + c) >= X is always true
CC	libavcodec/xfacedec.o
CC	libavcodec/xfaceenc.o
CC	libavcodec/xiph.o
CC	libavcodec/xl.o
CC	libavcodec/xsubdec.o
CC	libavcodec/xsubenc.o
CC	libavcodec/xwddec.o
CC	libavcodec/xwdenc.o
CC	libavcodec/xxan.o
CC	libavcodec/y41pdec.o
CC	libavcodec/y41penc.o
CC	libavcodec/yop.o
CC	libavcodec/yuv4dec.o
CC	libavcodec/yuv4enc.o
CC	libavcodec/zerocodec.o
CC	libavcodec/zmbv.o
CC	libavcodec/zmbvenc.o
LD	libavcodec/libavcodec.so.54
LD	libavformat/libavformat.so.54
CC	libpostproc/postprocess.o
LD	libpostproc/libpostproc.so.52
LD	libavfilter/libavfilter.so.3
LD	libavdevice/libavdevice.so.54
AR	libavfilter/libavfilter.a
AR	libavformat/libavformat.a
AR	libavcodec/libavcodec.a
AR	libpostproc/libpostproc.a
AR	libswresample/libswresample.a
AR	libswscale/libswscale.a
AR	libavutil/libavutil.a
HOSTCC	doc/print_options.o
In file included from doc/print_options.c:104:0:
./libavcodec/options_table.h: In function 'show_codec_opts':
./libavcodec/options_table.h:86:1: warning: 'sub_id' is deprecated (declared at ./libavcodec/avcodec.h:1523)
./libavcodec/options_table.h:150:1: warning: 'luma_elim_threshold' is deprecated (declared at ./libavcodec/avcodec.h:1760)
./libavcodec/options_table.h:151:1: warning: 'chroma_elim_threshold' is deprecated (declared at ./libavcodec/avcodec.h:1767)
./libavcodec/options_table.h:286:1: warning: 'color_table_id' is deprecated (declared at ./libavcodec/avcodec.h:2006)
./libavcodec/options_table.h:309:1: warning: 'inter_threshold' is deprecated (declared at ./libavcodec/avcodec.h:2069)
./libavcodec/options_table.h:314:1: warning: 'quantizer_noise_shaping' is deprecated (declared at ./libavcodec/avcodec.h:2076)
HOSTLD	doc/print_options
GENTEXI	doc/avoptions_format.texi
GENTEXI	doc/avoptions_codec.texi
POD	doc/ffmpeg.pod
POD	doc/ffprobe.pod
POD	doc/ffserver.pod
MAN	doc/ffmpeg.1
MAN	doc/ffprobe.1
MAN	doc/ffserver.1
CC	ffmpeg.o
CC	ffmpeg_opt.o
CC	ffmpeg_filter.o
CC	cmdutils.o
LD	ffmpeg_g
CP	ffmpeg
STRIP	ffmpeg
CC	ffprobe.o
ffprobe.c: In function 'value_string.clone.4.clone.6':
ffprobe.c:160:19: warning: 'vali' may be used uninitialized in this function
LD	ffprobe_g
CP	ffprobe
STRIP	ffprobe
CC	ffserver.o
ffserver.c: In function 'extract_mpeg4_header':
ffserver.c:3613:9: warning: 'av_read_packet' is deprecated (declared at libavformat/avformat.h:1542)
ffserver.c: In function 'parse_ffconfig':
ffserver.c:4552:17: warning: 'luma_elim_threshold' is deprecated (declared at ./libavcodec/avcodec.h:1760)
ffserver.c:4556:17: warning: 'chroma_elim_threshold' is deprecated (declared at ./libavcodec/avcodec.h:1767)
LD	ffserver_g
CP	ffserver
STRIP	ffserver
+ make DESTDIR=/tmp/ffmpeg.mvexvJ/pkg install
INSTALL	libavdevice/libavdevice.a
INSTALL	libavdevice/libavdevice.so
STRIP	install-libavdevice-shared
INSTALL	libavfilter/libavfilter.a
INSTALL	libavfilter/libavfilter.so
STRIP	install-libavfilter-shared
INSTALL	libavformat/libavformat.a
INSTALL	libavformat/libavformat.so
STRIP	install-libavformat-shared
INSTALL	libavcodec/libavcodec.a
INSTALL	libavcodec/libavcodec.so
STRIP	install-libavcodec-shared
INSTALL	libpostproc/libpostproc.a
INSTALL	libpostproc/libpostproc.so
STRIP	install-libpostproc-shared
INSTALL	libswresample/libswresample.a
INSTALL	libswresample/libswresample.so
STRIP	install-libswresample-shared
INSTALL	libswscale/libswscale.a
INSTALL	libswscale/libswscale.so
STRIP	install-libswscale-shared
INSTALL	libavutil/libavutil.a
INSTALL	libavutil/libavutil.so
STRIP	install-libavutil-shared
INSTALL	doc/ffmpeg.1
INSTALL	doc/ffprobe.1
INSTALL	doc/ffserver.1
INSTALL	install-progs-yes
INSTALL	ffmpeg
INSTALL	ffprobe
INSTALL	ffserver
INSTALL	presets/libvpx-1080p.ffpreset
INSTALL	presets/libvpx-1080p50_60.ffpreset
INSTALL	presets/libvpx-360p.ffpreset
INSTALL	presets/libvpx-720p.ffpreset
INSTALL	presets/libvpx-720p50_60.ffpreset
INSTALL	presets/libx264-ipod320.ffpreset
INSTALL	presets/libx264-ipod640.ffpreset
INSTALL	doc/ffprobe.xsd
INSTALL	doc/examples/decoding_encoding.c
INSTALL	doc/examples/demuxing.c
INSTALL	doc/examples/filtering_audio.c
INSTALL	doc/examples/filtering_video.c
INSTALL	doc/examples/metadata.c
INSTALL	doc/examples/muxing.c
INSTALL	doc/examples/scaling_video.c
INSTALL	doc/examples/Makefile
INSTALL	doc/examples/README
INSTALL	presets/libvpx-1080p.ffpreset
INSTALL	presets/libvpx-1080p50_60.ffpreset
INSTALL	presets/libvpx-360p.ffpreset
INSTALL	presets/libvpx-720p.ffpreset
INSTALL	presets/libvpx-720p50_60.ffpreset
INSTALL	presets/libx264-ipod320.ffpreset
INSTALL	presets/libx264-ipod640.ffpreset
INSTALL	doc/ffprobe.xsd
INSTALL	doc/examples/decoding_encoding.c
INSTALL	doc/examples/demuxing.c
INSTALL	doc/examples/filtering_audio.c
INSTALL	doc/examples/filtering_video.c
INSTALL	doc/examples/metadata.c
INSTALL	doc/examples/muxing.c
INSTALL	doc/examples/scaling_video.c
INSTALL	doc/examples/Makefile
INSTALL	doc/examples/README
INSTALL	libavdevice/avdevice.h
INSTALL	libavdevice/version.h
INSTALL	libavdevice/libavdevice.pc
INSTALL	libavfilter/asrc_abuffer.h
INSTALL	libavfilter/avcodec.h
INSTALL	libavfilter/avfilter.h
INSTALL	libavfilter/avfiltergraph.h
INSTALL	libavfilter/buffersink.h
INSTALL	libavfilter/buffersrc.h
INSTALL	libavfilter/version.h
INSTALL	libavfilter/libavfilter.pc
INSTALL	libavformat/avformat.h
INSTALL	libavformat/avio.h
INSTALL	libavformat/version.h
INSTALL	libavformat/libavformat.pc
INSTALL	libavcodec/avcodec.h
INSTALL	libavcodec/avfft.h
INSTALL	libavcodec/dxva2.h
INSTALL	libavcodec/old_codec_ids.h
INSTALL	libavcodec/vaapi.h
INSTALL	libavcodec/vda.h
INSTALL	libavcodec/vdpau.h
INSTALL	libavcodec/version.h
INSTALL	libavcodec/xvmc.h
INSTALL	libavcodec/libavcodec.pc
INSTALL	libpostproc/postprocess.h
INSTALL	libpostproc/version.h
INSTALL	libpostproc/libpostproc.pc
INSTALL	libswresample/swresample.h
INSTALL	libswresample/version.h
INSTALL	libswresample/libswresample.pc
INSTALL	libswscale/swscale.h
INSTALL	libswscale/version.h
INSTALL	libswscale/libswscale.pc
INSTALL	libavutil/adler32.h
INSTALL	libavutil/aes.h
INSTALL	libavutil/attributes.h
INSTALL	libavutil/audio_fifo.h
INSTALL	libavutil/audioconvert.h
INSTALL	libavutil/avassert.h
INSTALL	libavutil/avstring.h
INSTALL	libavutil/avutil.h
INSTALL	libavutil/base64.h
INSTALL	libavutil/blowfish.h
INSTALL	libavutil/bprint.h
INSTALL	libavutil/bswap.h
INSTALL	libavutil/common.h
INSTALL	libavutil/cpu.h
INSTALL	libavutil/crc.h
INSTALL	libavutil/error.h
INSTALL	libavutil/eval.h
INSTALL	libavutil/fifo.h
INSTALL	libavutil/file.h
INSTALL	libavutil/imgutils.h
INSTALL	libavutil/intfloat.h
INSTALL	libavutil/intfloat_readwrite.h
INSTALL	libavutil/intreadwrite.h
INSTALL	libavutil/lfg.h
INSTALL	libavutil/log.h
INSTALL	libavutil/mathematics.h
INSTALL	libavutil/md5.h
INSTALL	libavutil/mem.h
INSTALL	libavutil/dict.h
INSTALL	libavutil/old_pix_fmts.h
INSTALL	libavutil/opt.h
INSTALL	libavutil/parseutils.h
INSTALL	libavutil/pixdesc.h
INSTALL	libavutil/pixfmt.h
INSTALL	libavutil/random_seed.h
INSTALL	libavutil/rational.h
INSTALL	libavutil/samplefmt.h
INSTALL	libavutil/sha.h
INSTALL	libavutil/time.h
INSTALL	libavutil/timecode.h
INSTALL	libavutil/timestamp.h
INSTALL	libavutil/version.h
INSTALL	libavutil/xtea.h
INSTALL	libavutil/lzo.h
INSTALL	libavutil/avconfig.h
INSTALL	libavutil/libavutil.pc
+ mkdir -p /tmp/ffmpeg.mvexvJ/pkg/install
+ cp /ffp/home/root/fun_plug/src/ffmpeg/DESCR /ffp/home/root/fun_plug/src/ffmpeg/HOMEPAGE /tmp/ffmpeg.mvexvJ/pkg/install/
+ cd /tmp/ffmpeg.mvexvJ/pkg
+ makepkg ffmpeg 20121025 2
Creating /tmp/ffmpeg-20121025-arm-2.tar ...
