++ basename ./cksfv.funpkg .funpkg
+ PN=cksfv
+ PR=1
+ . ./config.ffp
++ GNU_HOST=
++ GNU_TARGET=
++ FFP_CFLAGS='-I/ffp/include -O2'
++ FFP_LDFLAGS='-L/ffp/lib -Wl,-rpath,/ffp/lib'
++ '[' '!' -d '' ']'
++ TMPDIR=/tmp
++ export TMPDIR
++ mandir=/ffp/share/man
++ infodir=/ffp/share/info
++ docdir=/ffp/share/doc
++ pwd
+ X=/ffp/home/root/src/cksfv
++ mktemp -t -d cksfv.XXXXXX
+ W=/tmp/cksfv.dDVtVz
+ D=/tmp/cksfv.dDVtVz/pkg
+ cd /tmp/cksfv.dDVtVz
+ cat /ffp/home/root/src/cksfv/SRC_URI
+ xargs wget
--2012-03-05 11:02:06--  http://zakalwe.fi/~shd/foss/cksfv/files/cksfv-1.3.14.tar.gz
Resolving zakalwe.fi... 91.90.49.150
Connecting to zakalwe.fi|91.90.49.150|:80... connected.
HTTP request sent, awaiting response... 200 OK
Length: 28261 (28K) [application/x-gzip]
Saving to: `cksfv-1.3.14.tar.gz'

     0K .......... .......... .......                         100%  175K=0.2s

2012-03-05 11:02:07 (175 KB/s) - `cksfv-1.3.14.tar.gz' saved [28261/28261]

++ ls cksfv-1.3.14.tar.gz
++ egrep -o '[0-9][0-9.]*[0-9]'
+ PV=1.3.14
+ tar xf cksfv-1.3.14.tar.gz
+ cd cksfv-1.3.14 cksfv-1.3.14.tar.gz
+ LDFLAGS='-L/ffp/lib -Wl,-rpath,/ffp/lib'
+ ./configure --prefix=/ffp --build= --host= --mandir=/ffp/share/man --infodir=/ffp/share/info
unknown configure argument: --build= (ignoring)
unknown configure argument: --host= (ignoring)
unknown configure argument: --infodir=/ffp/share/info (ignoring)

  prefix directory:          /ffp
  package prefix:            
  binary directory:          /ffp/bin
  man directory:             /ffp/share/man
  compiler:                  gcc
  has stdint.h:              yes
  has inttypes.h:            no
  nautilus support:          no

configure succesful.
+ make
cd src && make
make[1]: Entering directory `/tmp/cksfv.dDVtVz/cksfv-1.3.14/src'
gcc -Wall -D_FILE_OFFSET_BITS=64 -D_LARGEFILE64_SOURCE -I. -O2 -o cksfv cksfv.c print.c crc32.c readsfv.c newsfv.c  
make[1]: Leaving directory `/tmp/cksfv.dDVtVz/cksfv-1.3.14/src'
+ make DESTDIR=/tmp/cksfv.dDVtVz/pkg install
cd src && make
make[1]: Entering directory `/tmp/cksfv.dDVtVz/cksfv-1.3.14/src'
make[1]: `cksfv' is up to date.
make[1]: Leaving directory `/tmp/cksfv.dDVtVz/cksfv-1.3.14/src'
mkdir -p "/ffp/bin" "/ffp/share/man/man1/"
install src/cksfv "/ffp/bin"
install -m 644 cksfv.1 "/ffp/share/man/man1/"
+ mkdir -p /tmp/cksfv.dDVtVz/pkg/install
+ cp /ffp/home/root/src/cksfv/DESCR /ffp/home/root/src/cksfv/HOMEPAGE /tmp/cksfv.dDVtVz/pkg/install/
+ cd /tmp/cksfv.dDVtVz/pkg
+ makepkg cksfv 1.3.14 1
Creating /tmp/cksfv-1.3.14-arm-1.tar ...
++ basename ./cksfv.funpkg .funpkg
+ PN=cksfv
+ PR=1
+ . ./config.ffp
++ GNU_HOST=
++ GNU_TARGET=
++ FFP_CFLAGS='-I/ffp/include -O2'
++ FFP_LDFLAGS='-L/ffp/lib -Wl,-rpath,/ffp/lib'
++ '[' '!' -d '' ']'
++ TMPDIR=/tmp
++ export TMPDIR
++ mandir=/ffp/share/man
++ infodir=/ffp/share/info
++ docdir=/ffp/share/doc
++ pwd
+ X=/ffp/home/root/src/cksfv
++ mktemp -t -d cksfv.XXXXXX
+ W=/tmp/cksfv.BzbZ8j
+ D=/tmp/cksfv.BzbZ8j/pkg
+ cd /tmp/cksfv.BzbZ8j
+ cat /ffp/home/root/src/cksfv/SRC_URI
+ xargs wget
--2012-03-05 11:04:32--  http://zakalwe.fi/~shd/foss/cksfv/files/cksfv-1.3.14.tar.gz
Resolving zakalwe.fi... 91.90.49.150
Connecting to zakalwe.fi|91.90.49.150|:80... connected.
HTTP request sent, awaiting response... 200 OK
Length: 28261 (28K) [application/x-gzip]
Saving to: `cksfv-1.3.14.tar.gz'

     0K .......... .......... .......                         100%  182K=0.2s

2012-03-05 11:04:32 (182 KB/s) - `cksfv-1.3.14.tar.gz' saved [28261/28261]

++ ls cksfv-1.3.14.tar.gz
++ egrep -o '[0-9][0-9.]*[0-9]'
+ PV=1.3.14
+ tar xf cksfv-1.3.14.tar.gz
+ cd cksfv-1.3.14 cksfv-1.3.14.tar.gz
+ LDFLAGS='-L/ffp/lib -Wl,-rpath,/ffp/lib'
+ ./configure --prefix=/tmp/cksfv.BzbZ8j/pkg/ffp --mandir=/tmp/cksfv.BzbZ8j/pkg//ffp/share/man

  prefix directory:          /tmp/cksfv.BzbZ8j/pkg/ffp
  package prefix:            
  binary directory:          /tmp/cksfv.BzbZ8j/pkg/ffp/bin
  man directory:             /tmp/cksfv.BzbZ8j/pkg//ffp/share/man
  compiler:                  gcc
  has stdint.h:              yes
  has inttypes.h:            no
  nautilus support:          no

configure succesful.
+ make
cd src && make
make[1]: Entering directory `/tmp/cksfv.BzbZ8j/cksfv-1.3.14/src'
gcc -Wall -D_FILE_OFFSET_BITS=64 -D_LARGEFILE64_SOURCE -I. -O2 -o cksfv cksfv.c print.c crc32.c readsfv.c newsfv.c  
make[1]: Leaving directory `/tmp/cksfv.BzbZ8j/cksfv-1.3.14/src'
+ make install
cd src && make
make[1]: Entering directory `/tmp/cksfv.BzbZ8j/cksfv-1.3.14/src'
make[1]: `cksfv' is up to date.
make[1]: Leaving directory `/tmp/cksfv.BzbZ8j/cksfv-1.3.14/src'
mkdir -p "/tmp/cksfv.BzbZ8j/pkg/ffp/bin" "/tmp/cksfv.BzbZ8j/pkg//ffp/share/man/man1/"
install src/cksfv "/tmp/cksfv.BzbZ8j/pkg/ffp/bin"
install -m 644 cksfv.1 "/tmp/cksfv.BzbZ8j/pkg//ffp/share/man/man1/"
+ mkdir -p /tmp/cksfv.BzbZ8j/pkg/install
+ cp /ffp/home/root/src/cksfv/DESCR /ffp/home/root/src/cksfv/HOMEPAGE /tmp/cksfv.BzbZ8j/pkg/install/
+ cd /tmp/cksfv.BzbZ8j/pkg
+ makepkg cksfv 1.3.14 1
Creating /tmp/cksfv-1.3.14-arm-1.tar ...
